<<<<<<< HEAD
[2021-06-06 06:32:28,070] {scheduler_job.py:182} INFO - Started process (PID=2423) to work on /media/PythonProjects/66.Spotify_ETL/venv/lib/python3.8/site-packages/airflow/example_dags/example_bash_operator.py
[2021-06-06 06:32:28,071] {scheduler_job.py:633} INFO - Processing file /media/PythonProjects/66.Spotify_ETL/venv/lib/python3.8/site-packages/airflow/example_dags/example_bash_operator.py for tasks to queue
[2021-06-06 06:32:28,072] {logging_mixin.py:104} INFO - [2021-06-06 06:32:28,072] {dagbag.py:487} INFO - Filling up the DagBag from /media/PythonProjects/66.Spotify_ETL/venv/lib/python3.8/site-packages/airflow/example_dags/example_bash_operator.py
[2021-06-06 06:32:28,093] {scheduler_job.py:643} INFO - DAG(s) dict_keys(['example_bash_operator']) retrieved from /media/PythonProjects/66.Spotify_ETL/venv/lib/python3.8/site-packages/airflow/example_dags/example_bash_operator.py
[2021-06-06 06:32:28,111] {logging_mixin.py:104} INFO - [2021-06-06 06:32:28,111] {dag.py:1832} INFO - Sync 1 DAGs
[2021-06-06 06:32:28,126] {logging_mixin.py:104} INFO - [2021-06-06 06:32:28,126] {dag.py:2305} INFO - Setting next_dagrun for example_bash_operator to 2021-06-04 00:00:00+00:00
[2021-06-06 06:32:28,149] {scheduler_job.py:190} INFO - Processing /media/PythonProjects/66.Spotify_ETL/venv/lib/python3.8/site-packages/airflow/example_dags/example_bash_operator.py took 0.082 seconds
[2021-06-06 06:33:06,314] {scheduler_job.py:182} INFO - Started process (PID=2512) to work on /media/PythonProjects/66.Spotify_ETL/venv/lib/python3.8/site-packages/airflow/example_dags/example_bash_operator.py
[2021-06-06 06:33:06,315] {scheduler_job.py:633} INFO - Processing file /media/PythonProjects/66.Spotify_ETL/venv/lib/python3.8/site-packages/airflow/example_dags/example_bash_operator.py for tasks to queue
[2021-06-06 06:33:06,315] {logging_mixin.py:104} INFO - [2021-06-06 06:33:06,315] {dagbag.py:487} INFO - Filling up the DagBag from /media/PythonProjects/66.Spotify_ETL/venv/lib/python3.8/site-packages/airflow/example_dags/example_bash_operator.py
[2021-06-06 06:33:06,337] {scheduler_job.py:643} INFO - DAG(s) dict_keys(['example_bash_operator']) retrieved from /media/PythonProjects/66.Spotify_ETL/venv/lib/python3.8/site-packages/airflow/example_dags/example_bash_operator.py
[2021-06-06 06:33:06,357] {logging_mixin.py:104} INFO - [2021-06-06 06:33:06,357] {dag.py:1832} INFO - Sync 1 DAGs
[2021-06-06 06:33:06,378] {logging_mixin.py:104} INFO - [2021-06-06 06:33:06,378] {dag.py:2305} INFO - Setting next_dagrun for example_bash_operator to 2021-06-04 00:00:00+00:00
[2021-06-06 06:33:06,397] {scheduler_job.py:190} INFO - Processing /media/PythonProjects/66.Spotify_ETL/venv/lib/python3.8/site-packages/airflow/example_dags/example_bash_operator.py took 0.086 seconds
[2021-06-06 06:33:41,406] {scheduler_job.py:182} INFO - Started process (PID=2571) to work on /media/PythonProjects/66.Spotify_ETL/venv/lib/python3.8/site-packages/airflow/example_dags/example_bash_operator.py
[2021-06-06 06:33:41,408] {scheduler_job.py:633} INFO - Processing file /media/PythonProjects/66.Spotify_ETL/venv/lib/python3.8/site-packages/airflow/example_dags/example_bash_operator.py for tasks to queue
[2021-06-06 06:33:41,410] {logging_mixin.py:104} INFO - [2021-06-06 06:33:41,409] {dagbag.py:487} INFO - Filling up the DagBag from /media/PythonProjects/66.Spotify_ETL/venv/lib/python3.8/site-packages/airflow/example_dags/example_bash_operator.py
[2021-06-06 06:33:41,429] {scheduler_job.py:643} INFO - DAG(s) dict_keys(['example_bash_operator']) retrieved from /media/PythonProjects/66.Spotify_ETL/venv/lib/python3.8/site-packages/airflow/example_dags/example_bash_operator.py
[2021-06-06 06:33:41,442] {logging_mixin.py:104} INFO - [2021-06-06 06:33:41,441] {dag.py:1832} INFO - Sync 1 DAGs
[2021-06-06 06:33:41,456] {logging_mixin.py:104} INFO - [2021-06-06 06:33:41,456] {dag.py:2305} INFO - Setting next_dagrun for example_bash_operator to 2021-06-04 00:00:00+00:00
[2021-06-06 06:33:41,480] {scheduler_job.py:190} INFO - Processing /media/PythonProjects/66.Spotify_ETL/venv/lib/python3.8/site-packages/airflow/example_dags/example_bash_operator.py took 0.080 seconds
[2021-06-06 06:34:21,620] {scheduler_job.py:182} INFO - Started process (PID=2639) to work on /media/PythonProjects/66.Spotify_ETL/venv/lib/python3.8/site-packages/airflow/example_dags/example_bash_operator.py
[2021-06-06 06:34:21,625] {scheduler_job.py:633} INFO - Processing file /media/PythonProjects/66.Spotify_ETL/venv/lib/python3.8/site-packages/airflow/example_dags/example_bash_operator.py for tasks to queue
[2021-06-06 06:34:21,625] {logging_mixin.py:104} INFO - [2021-06-06 06:34:21,625] {dagbag.py:487} INFO - Filling up the DagBag from /media/PythonProjects/66.Spotify_ETL/venv/lib/python3.8/site-packages/airflow/example_dags/example_bash_operator.py
[2021-06-06 06:34:21,639] {scheduler_job.py:643} INFO - DAG(s) dict_keys(['example_bash_operator']) retrieved from /media/PythonProjects/66.Spotify_ETL/venv/lib/python3.8/site-packages/airflow/example_dags/example_bash_operator.py
[2021-06-06 06:34:21,653] {logging_mixin.py:104} INFO - [2021-06-06 06:34:21,653] {dag.py:1832} INFO - Sync 1 DAGs
[2021-06-06 06:34:21,669] {logging_mixin.py:104} INFO - [2021-06-06 06:34:21,669] {dag.py:2305} INFO - Setting next_dagrun for example_bash_operator to 2021-06-04 00:00:00+00:00
[2021-06-06 06:34:21,703] {scheduler_job.py:190} INFO - Processing /media/PythonProjects/66.Spotify_ETL/venv/lib/python3.8/site-packages/airflow/example_dags/example_bash_operator.py took 0.086 seconds
[2021-06-06 06:34:53,834] {scheduler_job.py:182} INFO - Started process (PID=2698) to work on /media/PythonProjects/66.Spotify_ETL/venv/lib/python3.8/site-packages/airflow/example_dags/example_bash_operator.py
[2021-06-06 06:34:53,835] {scheduler_job.py:633} INFO - Processing file /media/PythonProjects/66.Spotify_ETL/venv/lib/python3.8/site-packages/airflow/example_dags/example_bash_operator.py for tasks to queue
[2021-06-06 06:34:53,836] {logging_mixin.py:104} INFO - [2021-06-06 06:34:53,836] {dagbag.py:487} INFO - Filling up the DagBag from /media/PythonProjects/66.Spotify_ETL/venv/lib/python3.8/site-packages/airflow/example_dags/example_bash_operator.py
[2021-06-06 06:34:53,849] {scheduler_job.py:643} INFO - DAG(s) dict_keys(['example_bash_operator']) retrieved from /media/PythonProjects/66.Spotify_ETL/venv/lib/python3.8/site-packages/airflow/example_dags/example_bash_operator.py
[2021-06-06 06:34:53,862] {logging_mixin.py:104} INFO - [2021-06-06 06:34:53,862] {dag.py:1832} INFO - Sync 1 DAGs
[2021-06-06 06:34:53,874] {logging_mixin.py:104} INFO - [2021-06-06 06:34:53,874] {dag.py:2305} INFO - Setting next_dagrun for example_bash_operator to 2021-06-04 00:00:00+00:00
[2021-06-06 06:34:53,896] {scheduler_job.py:190} INFO - Processing /media/PythonProjects/66.Spotify_ETL/venv/lib/python3.8/site-packages/airflow/example_dags/example_bash_operator.py took 0.065 seconds
[2021-06-06 06:35:26,789] {scheduler_job.py:182} INFO - Started process (PID=2760) to work on /media/PythonProjects/66.Spotify_ETL/venv/lib/python3.8/site-packages/airflow/example_dags/example_bash_operator.py
[2021-06-06 06:35:26,790] {scheduler_job.py:633} INFO - Processing file /media/PythonProjects/66.Spotify_ETL/venv/lib/python3.8/site-packages/airflow/example_dags/example_bash_operator.py for tasks to queue
[2021-06-06 06:35:26,791] {logging_mixin.py:104} INFO - [2021-06-06 06:35:26,791] {dagbag.py:487} INFO - Filling up the DagBag from /media/PythonProjects/66.Spotify_ETL/venv/lib/python3.8/site-packages/airflow/example_dags/example_bash_operator.py
[2021-06-06 06:35:26,816] {scheduler_job.py:643} INFO - DAG(s) dict_keys(['example_bash_operator']) retrieved from /media/PythonProjects/66.Spotify_ETL/venv/lib/python3.8/site-packages/airflow/example_dags/example_bash_operator.py
[2021-06-06 06:35:26,845] {logging_mixin.py:104} INFO - [2021-06-06 06:35:26,845] {dag.py:1832} INFO - Sync 1 DAGs
[2021-06-06 06:35:26,872] {logging_mixin.py:104} INFO - [2021-06-06 06:35:26,870] {dag.py:2305} INFO - Setting next_dagrun for example_bash_operator to 2021-06-04 00:00:00+00:00
[2021-06-06 06:35:26,979] {scheduler_job.py:190} INFO - Processing /media/PythonProjects/66.Spotify_ETL/venv/lib/python3.8/site-packages/airflow/example_dags/example_bash_operator.py took 0.194 seconds
[2021-06-06 06:36:02,095] {scheduler_job.py:182} INFO - Started process (PID=2824) to work on /media/PythonProjects/66.Spotify_ETL/venv/lib/python3.8/site-packages/airflow/example_dags/example_bash_operator.py
[2021-06-06 06:36:02,097] {scheduler_job.py:633} INFO - Processing file /media/PythonProjects/66.Spotify_ETL/venv/lib/python3.8/site-packages/airflow/example_dags/example_bash_operator.py for tasks to queue
[2021-06-06 06:36:02,098] {logging_mixin.py:104} INFO - [2021-06-06 06:36:02,097] {dagbag.py:487} INFO - Filling up the DagBag from /media/PythonProjects/66.Spotify_ETL/venv/lib/python3.8/site-packages/airflow/example_dags/example_bash_operator.py
[2021-06-06 06:36:02,114] {scheduler_job.py:643} INFO - DAG(s) dict_keys(['example_bash_operator']) retrieved from /media/PythonProjects/66.Spotify_ETL/venv/lib/python3.8/site-packages/airflow/example_dags/example_bash_operator.py
[2021-06-06 06:36:02,130] {logging_mixin.py:104} INFO - [2021-06-06 06:36:02,130] {dag.py:1832} INFO - Sync 1 DAGs
[2021-06-06 06:36:02,143] {logging_mixin.py:104} INFO - [2021-06-06 06:36:02,143] {dag.py:2305} INFO - Setting next_dagrun for example_bash_operator to 2021-06-04 00:00:00+00:00
[2021-06-06 06:36:02,162] {scheduler_job.py:190} INFO - Processing /media/PythonProjects/66.Spotify_ETL/venv/lib/python3.8/site-packages/airflow/example_dags/example_bash_operator.py took 0.075 seconds
[2021-06-06 06:36:36,859] {scheduler_job.py:182} INFO - Started process (PID=2886) to work on /media/PythonProjects/66.Spotify_ETL/venv/lib/python3.8/site-packages/airflow/example_dags/example_bash_operator.py
[2021-06-06 06:36:36,860] {scheduler_job.py:633} INFO - Processing file /media/PythonProjects/66.Spotify_ETL/venv/lib/python3.8/site-packages/airflow/example_dags/example_bash_operator.py for tasks to queue
[2021-06-06 06:36:36,861] {logging_mixin.py:104} INFO - [2021-06-06 06:36:36,861] {dagbag.py:487} INFO - Filling up the DagBag from /media/PythonProjects/66.Spotify_ETL/venv/lib/python3.8/site-packages/airflow/example_dags/example_bash_operator.py
[2021-06-06 06:36:36,873] {scheduler_job.py:643} INFO - DAG(s) dict_keys(['example_bash_operator']) retrieved from /media/PythonProjects/66.Spotify_ETL/venv/lib/python3.8/site-packages/airflow/example_dags/example_bash_operator.py
[2021-06-06 06:36:36,885] {logging_mixin.py:104} INFO - [2021-06-06 06:36:36,885] {dag.py:1832} INFO - Sync 1 DAGs
[2021-06-06 06:36:36,897] {logging_mixin.py:104} INFO - [2021-06-06 06:36:36,897] {dag.py:2305} INFO - Setting next_dagrun for example_bash_operator to 2021-06-04 00:00:00+00:00
[2021-06-06 06:36:36,915] {scheduler_job.py:190} INFO - Processing /media/PythonProjects/66.Spotify_ETL/venv/lib/python3.8/site-packages/airflow/example_dags/example_bash_operator.py took 0.059 seconds
[2021-06-06 06:37:09,581] {scheduler_job.py:182} INFO - Started process (PID=2946) to work on /media/PythonProjects/66.Spotify_ETL/venv/lib/python3.8/site-packages/airflow/example_dags/example_bash_operator.py
[2021-06-06 06:37:09,583] {scheduler_job.py:633} INFO - Processing file /media/PythonProjects/66.Spotify_ETL/venv/lib/python3.8/site-packages/airflow/example_dags/example_bash_operator.py for tasks to queue
[2021-06-06 06:37:09,584] {logging_mixin.py:104} INFO - [2021-06-06 06:37:09,584] {dagbag.py:487} INFO - Filling up the DagBag from /media/PythonProjects/66.Spotify_ETL/venv/lib/python3.8/site-packages/airflow/example_dags/example_bash_operator.py
[2021-06-06 06:37:09,597] {scheduler_job.py:643} INFO - DAG(s) dict_keys(['example_bash_operator']) retrieved from /media/PythonProjects/66.Spotify_ETL/venv/lib/python3.8/site-packages/airflow/example_dags/example_bash_operator.py
[2021-06-06 06:37:09,609] {logging_mixin.py:104} INFO - [2021-06-06 06:37:09,609] {dag.py:1832} INFO - Sync 1 DAGs
[2021-06-06 06:37:09,621] {logging_mixin.py:104} INFO - [2021-06-06 06:37:09,621] {dag.py:2305} INFO - Setting next_dagrun for example_bash_operator to 2021-06-04 00:00:00+00:00
[2021-06-06 06:37:09,641] {scheduler_job.py:190} INFO - Processing /media/PythonProjects/66.Spotify_ETL/venv/lib/python3.8/site-packages/airflow/example_dags/example_bash_operator.py took 0.063 seconds
[2021-06-06 06:37:45,231] {scheduler_job.py:182} INFO - Started process (PID=3009) to work on /media/PythonProjects/66.Spotify_ETL/venv/lib/python3.8/site-packages/airflow/example_dags/example_bash_operator.py
[2021-06-06 06:37:45,233] {scheduler_job.py:633} INFO - Processing file /media/PythonProjects/66.Spotify_ETL/venv/lib/python3.8/site-packages/airflow/example_dags/example_bash_operator.py for tasks to queue
[2021-06-06 06:37:45,234] {logging_mixin.py:104} INFO - [2021-06-06 06:37:45,234] {dagbag.py:487} INFO - Filling up the DagBag from /media/PythonProjects/66.Spotify_ETL/venv/lib/python3.8/site-packages/airflow/example_dags/example_bash_operator.py
[2021-06-06 06:37:45,250] {scheduler_job.py:643} INFO - DAG(s) dict_keys(['example_bash_operator']) retrieved from /media/PythonProjects/66.Spotify_ETL/venv/lib/python3.8/site-packages/airflow/example_dags/example_bash_operator.py
[2021-06-06 06:37:45,263] {logging_mixin.py:104} INFO - [2021-06-06 06:37:45,263] {dag.py:1832} INFO - Sync 1 DAGs
[2021-06-06 06:37:45,275] {logging_mixin.py:104} INFO - [2021-06-06 06:37:45,275] {dag.py:2305} INFO - Setting next_dagrun for example_bash_operator to 2021-06-04 00:00:00+00:00
[2021-06-06 06:37:45,295] {scheduler_job.py:190} INFO - Processing /media/PythonProjects/66.Spotify_ETL/venv/lib/python3.8/site-packages/airflow/example_dags/example_bash_operator.py took 0.070 seconds
[2021-06-06 06:38:21,144] {scheduler_job.py:182} INFO - Started process (PID=3071) to work on /media/PythonProjects/66.Spotify_ETL/venv/lib/python3.8/site-packages/airflow/example_dags/example_bash_operator.py
[2021-06-06 06:38:21,146] {scheduler_job.py:633} INFO - Processing file /media/PythonProjects/66.Spotify_ETL/venv/lib/python3.8/site-packages/airflow/example_dags/example_bash_operator.py for tasks to queue
[2021-06-06 06:38:21,146] {logging_mixin.py:104} INFO - [2021-06-06 06:38:21,146] {dagbag.py:487} INFO - Filling up the DagBag from /media/PythonProjects/66.Spotify_ETL/venv/lib/python3.8/site-packages/airflow/example_dags/example_bash_operator.py
[2021-06-06 06:38:21,159] {scheduler_job.py:643} INFO - DAG(s) dict_keys(['example_bash_operator']) retrieved from /media/PythonProjects/66.Spotify_ETL/venv/lib/python3.8/site-packages/airflow/example_dags/example_bash_operator.py
[2021-06-06 06:38:21,172] {logging_mixin.py:104} INFO - [2021-06-06 06:38:21,172] {dag.py:1832} INFO - Sync 1 DAGs
[2021-06-06 06:38:21,185] {logging_mixin.py:104} INFO - [2021-06-06 06:38:21,185] {dag.py:2305} INFO - Setting next_dagrun for example_bash_operator to 2021-06-04 00:00:00+00:00
[2021-06-06 06:38:21,215] {scheduler_job.py:190} INFO - Processing /media/PythonProjects/66.Spotify_ETL/venv/lib/python3.8/site-packages/airflow/example_dags/example_bash_operator.py took 0.074 seconds
[2021-06-06 06:38:53,249] {scheduler_job.py:182} INFO - Started process (PID=3128) to work on /media/PythonProjects/66.Spotify_ETL/venv/lib/python3.8/site-packages/airflow/example_dags/example_bash_operator.py
[2021-06-06 06:38:53,251] {scheduler_job.py:633} INFO - Processing file /media/PythonProjects/66.Spotify_ETL/venv/lib/python3.8/site-packages/airflow/example_dags/example_bash_operator.py for tasks to queue
[2021-06-06 06:38:53,252] {logging_mixin.py:104} INFO - [2021-06-06 06:38:53,252] {dagbag.py:487} INFO - Filling up the DagBag from /media/PythonProjects/66.Spotify_ETL/venv/lib/python3.8/site-packages/airflow/example_dags/example_bash_operator.py
[2021-06-06 06:38:53,269] {scheduler_job.py:643} INFO - DAG(s) dict_keys(['example_bash_operator']) retrieved from /media/PythonProjects/66.Spotify_ETL/venv/lib/python3.8/site-packages/airflow/example_dags/example_bash_operator.py
[2021-06-06 06:38:53,282] {logging_mixin.py:104} INFO - [2021-06-06 06:38:53,281] {dag.py:1832} INFO - Sync 1 DAGs
[2021-06-06 06:38:53,294] {logging_mixin.py:104} INFO - [2021-06-06 06:38:53,294] {dag.py:2305} INFO - Setting next_dagrun for example_bash_operator to 2021-06-04 00:00:00+00:00
[2021-06-06 06:38:53,313] {scheduler_job.py:190} INFO - Processing /media/PythonProjects/66.Spotify_ETL/venv/lib/python3.8/site-packages/airflow/example_dags/example_bash_operator.py took 0.071 seconds
[2021-06-06 06:39:26,916] {scheduler_job.py:182} INFO - Started process (PID=3186) to work on /media/PythonProjects/66.Spotify_ETL/venv/lib/python3.8/site-packages/airflow/example_dags/example_bash_operator.py
[2021-06-06 06:39:26,929] {scheduler_job.py:633} INFO - Processing file /media/PythonProjects/66.Spotify_ETL/venv/lib/python3.8/site-packages/airflow/example_dags/example_bash_operator.py for tasks to queue
[2021-06-06 06:39:26,932] {logging_mixin.py:104} INFO - [2021-06-06 06:39:26,932] {dagbag.py:487} INFO - Filling up the DagBag from /media/PythonProjects/66.Spotify_ETL/venv/lib/python3.8/site-packages/airflow/example_dags/example_bash_operator.py
[2021-06-06 06:39:26,962] {scheduler_job.py:643} INFO - DAG(s) dict_keys(['example_bash_operator']) retrieved from /media/PythonProjects/66.Spotify_ETL/venv/lib/python3.8/site-packages/airflow/example_dags/example_bash_operator.py
[2021-06-06 06:39:26,988] {logging_mixin.py:104} INFO - [2021-06-06 06:39:26,988] {dag.py:1832} INFO - Sync 1 DAGs
[2021-06-06 06:39:27,023] {logging_mixin.py:104} INFO - [2021-06-06 06:39:27,023] {dag.py:2305} INFO - Setting next_dagrun for example_bash_operator to 2021-06-04 00:00:00+00:00
[2021-06-06 06:39:27,054] {scheduler_job.py:190} INFO - Processing /media/PythonProjects/66.Spotify_ETL/venv/lib/python3.8/site-packages/airflow/example_dags/example_bash_operator.py took 0.141 seconds
[2021-06-06 06:40:02,321] {scheduler_job.py:182} INFO - Started process (PID=3246) to work on /media/PythonProjects/66.Spotify_ETL/venv/lib/python3.8/site-packages/airflow/example_dags/example_bash_operator.py
[2021-06-06 06:40:02,323] {scheduler_job.py:633} INFO - Processing file /media/PythonProjects/66.Spotify_ETL/venv/lib/python3.8/site-packages/airflow/example_dags/example_bash_operator.py for tasks to queue
[2021-06-06 06:40:02,324] {logging_mixin.py:104} INFO - [2021-06-06 06:40:02,324] {dagbag.py:487} INFO - Filling up the DagBag from /media/PythonProjects/66.Spotify_ETL/venv/lib/python3.8/site-packages/airflow/example_dags/example_bash_operator.py
[2021-06-06 06:40:02,359] {scheduler_job.py:643} INFO - DAG(s) dict_keys(['example_bash_operator']) retrieved from /media/PythonProjects/66.Spotify_ETL/venv/lib/python3.8/site-packages/airflow/example_dags/example_bash_operator.py
[2021-06-06 06:40:02,388] {logging_mixin.py:104} INFO - [2021-06-06 06:40:02,388] {dag.py:1832} INFO - Sync 1 DAGs
[2021-06-06 06:40:02,420] {logging_mixin.py:104} INFO - [2021-06-06 06:40:02,420] {dag.py:2305} INFO - Setting next_dagrun for example_bash_operator to 2021-06-04 00:00:00+00:00
[2021-06-06 06:40:02,459] {scheduler_job.py:190} INFO - Processing /media/PythonProjects/66.Spotify_ETL/venv/lib/python3.8/site-packages/airflow/example_dags/example_bash_operator.py took 0.150 seconds
[2021-06-06 06:40:41,419] {scheduler_job.py:182} INFO - Started process (PID=3310) to work on /media/PythonProjects/66.Spotify_ETL/venv/lib/python3.8/site-packages/airflow/example_dags/example_bash_operator.py
[2021-06-06 06:40:41,421] {scheduler_job.py:633} INFO - Processing file /media/PythonProjects/66.Spotify_ETL/venv/lib/python3.8/site-packages/airflow/example_dags/example_bash_operator.py for tasks to queue
[2021-06-06 06:40:41,422] {logging_mixin.py:104} INFO - [2021-06-06 06:40:41,422] {dagbag.py:487} INFO - Filling up the DagBag from /media/PythonProjects/66.Spotify_ETL/venv/lib/python3.8/site-packages/airflow/example_dags/example_bash_operator.py
[2021-06-06 06:40:41,436] {scheduler_job.py:643} INFO - DAG(s) dict_keys(['example_bash_operator']) retrieved from /media/PythonProjects/66.Spotify_ETL/venv/lib/python3.8/site-packages/airflow/example_dags/example_bash_operator.py
[2021-06-06 06:40:41,452] {logging_mixin.py:104} INFO - [2021-06-06 06:40:41,452] {dag.py:1832} INFO - Sync 1 DAGs
[2021-06-06 06:40:41,465] {logging_mixin.py:104} INFO - [2021-06-06 06:40:41,465] {dag.py:2305} INFO - Setting next_dagrun for example_bash_operator to 2021-06-04 00:00:00+00:00
[2021-06-06 06:40:41,487] {scheduler_job.py:190} INFO - Processing /media/PythonProjects/66.Spotify_ETL/venv/lib/python3.8/site-packages/airflow/example_dags/example_bash_operator.py took 0.074 seconds
[2021-06-06 06:41:13,934] {scheduler_job.py:182} INFO - Started process (PID=3369) to work on /media/PythonProjects/66.Spotify_ETL/venv/lib/python3.8/site-packages/airflow/example_dags/example_bash_operator.py
[2021-06-06 06:41:13,935] {scheduler_job.py:633} INFO - Processing file /media/PythonProjects/66.Spotify_ETL/venv/lib/python3.8/site-packages/airflow/example_dags/example_bash_operator.py for tasks to queue
[2021-06-06 06:41:13,936] {logging_mixin.py:104} INFO - [2021-06-06 06:41:13,936] {dagbag.py:487} INFO - Filling up the DagBag from /media/PythonProjects/66.Spotify_ETL/venv/lib/python3.8/site-packages/airflow/example_dags/example_bash_operator.py
[2021-06-06 06:41:13,950] {scheduler_job.py:643} INFO - DAG(s) dict_keys(['example_bash_operator']) retrieved from /media/PythonProjects/66.Spotify_ETL/venv/lib/python3.8/site-packages/airflow/example_dags/example_bash_operator.py
[2021-06-06 06:41:13,964] {logging_mixin.py:104} INFO - [2021-06-06 06:41:13,964] {dag.py:1832} INFO - Sync 1 DAGs
[2021-06-06 06:41:13,978] {logging_mixin.py:104} INFO - [2021-06-06 06:41:13,978] {dag.py:2305} INFO - Setting next_dagrun for example_bash_operator to 2021-06-04 00:00:00+00:00
[2021-06-06 06:41:13,998] {scheduler_job.py:190} INFO - Processing /media/PythonProjects/66.Spotify_ETL/venv/lib/python3.8/site-packages/airflow/example_dags/example_bash_operator.py took 0.067 seconds
[2021-06-06 06:41:48,452] {scheduler_job.py:182} INFO - Started process (PID=3431) to work on /media/PythonProjects/66.Spotify_ETL/venv/lib/python3.8/site-packages/airflow/example_dags/example_bash_operator.py
[2021-06-06 06:41:48,454] {scheduler_job.py:633} INFO - Processing file /media/PythonProjects/66.Spotify_ETL/venv/lib/python3.8/site-packages/airflow/example_dags/example_bash_operator.py for tasks to queue
[2021-06-06 06:41:48,455] {logging_mixin.py:104} INFO - [2021-06-06 06:41:48,455] {dagbag.py:487} INFO - Filling up the DagBag from /media/PythonProjects/66.Spotify_ETL/venv/lib/python3.8/site-packages/airflow/example_dags/example_bash_operator.py
[2021-06-06 06:41:48,471] {scheduler_job.py:643} INFO - DAG(s) dict_keys(['example_bash_operator']) retrieved from /media/PythonProjects/66.Spotify_ETL/venv/lib/python3.8/site-packages/airflow/example_dags/example_bash_operator.py
[2021-06-06 06:41:48,485] {logging_mixin.py:104} INFO - [2021-06-06 06:41:48,485] {dag.py:1832} INFO - Sync 1 DAGs
[2021-06-06 06:41:48,499] {logging_mixin.py:104} INFO - [2021-06-06 06:41:48,499] {dag.py:2305} INFO - Setting next_dagrun for example_bash_operator to 2021-06-04 00:00:00+00:00
[2021-06-06 06:41:48,520] {scheduler_job.py:190} INFO - Processing /media/PythonProjects/66.Spotify_ETL/venv/lib/python3.8/site-packages/airflow/example_dags/example_bash_operator.py took 0.073 seconds
[2021-06-06 06:42:24,001] {scheduler_job.py:182} INFO - Started process (PID=3493) to work on /media/PythonProjects/66.Spotify_ETL/venv/lib/python3.8/site-packages/airflow/example_dags/example_bash_operator.py
[2021-06-06 06:42:24,003] {scheduler_job.py:633} INFO - Processing file /media/PythonProjects/66.Spotify_ETL/venv/lib/python3.8/site-packages/airflow/example_dags/example_bash_operator.py for tasks to queue
[2021-06-06 06:42:24,004] {logging_mixin.py:104} INFO - [2021-06-06 06:42:24,004] {dagbag.py:487} INFO - Filling up the DagBag from /media/PythonProjects/66.Spotify_ETL/venv/lib/python3.8/site-packages/airflow/example_dags/example_bash_operator.py
[2021-06-06 06:42:24,019] {scheduler_job.py:643} INFO - DAG(s) dict_keys(['example_bash_operator']) retrieved from /media/PythonProjects/66.Spotify_ETL/venv/lib/python3.8/site-packages/airflow/example_dags/example_bash_operator.py
[2021-06-06 06:42:24,032] {logging_mixin.py:104} INFO - [2021-06-06 06:42:24,032] {dag.py:1832} INFO - Sync 1 DAGs
[2021-06-06 06:42:24,044] {logging_mixin.py:104} INFO - [2021-06-06 06:42:24,044] {dag.py:2305} INFO - Setting next_dagrun for example_bash_operator to 2021-06-04 00:00:00+00:00
[2021-06-06 06:42:24,063] {scheduler_job.py:190} INFO - Processing /media/PythonProjects/66.Spotify_ETL/venv/lib/python3.8/site-packages/airflow/example_dags/example_bash_operator.py took 0.069 seconds
[2021-06-06 06:42:58,214] {scheduler_job.py:182} INFO - Started process (PID=3553) to work on /media/PythonProjects/66.Spotify_ETL/venv/lib/python3.8/site-packages/airflow/example_dags/example_bash_operator.py
[2021-06-06 06:42:58,215] {scheduler_job.py:633} INFO - Processing file /media/PythonProjects/66.Spotify_ETL/venv/lib/python3.8/site-packages/airflow/example_dags/example_bash_operator.py for tasks to queue
[2021-06-06 06:42:58,216] {logging_mixin.py:104} INFO - [2021-06-06 06:42:58,216] {dagbag.py:487} INFO - Filling up the DagBag from /media/PythonProjects/66.Spotify_ETL/venv/lib/python3.8/site-packages/airflow/example_dags/example_bash_operator.py
[2021-06-06 06:42:58,231] {scheduler_job.py:643} INFO - DAG(s) dict_keys(['example_bash_operator']) retrieved from /media/PythonProjects/66.Spotify_ETL/venv/lib/python3.8/site-packages/airflow/example_dags/example_bash_operator.py
[2021-06-06 06:42:58,245] {logging_mixin.py:104} INFO - [2021-06-06 06:42:58,245] {dag.py:1832} INFO - Sync 1 DAGs
[2021-06-06 06:42:58,258] {logging_mixin.py:104} INFO - [2021-06-06 06:42:58,258] {dag.py:2305} INFO - Setting next_dagrun for example_bash_operator to 2021-06-04 00:00:00+00:00
[2021-06-06 06:42:58,279] {scheduler_job.py:190} INFO - Processing /media/PythonProjects/66.Spotify_ETL/venv/lib/python3.8/site-packages/airflow/example_dags/example_bash_operator.py took 0.068 seconds
[2021-06-06 06:43:31,409] {scheduler_job.py:182} INFO - Started process (PID=3614) to work on /media/PythonProjects/66.Spotify_ETL/venv/lib/python3.8/site-packages/airflow/example_dags/example_bash_operator.py
[2021-06-06 06:43:31,411] {scheduler_job.py:633} INFO - Processing file /media/PythonProjects/66.Spotify_ETL/venv/lib/python3.8/site-packages/airflow/example_dags/example_bash_operator.py for tasks to queue
[2021-06-06 06:43:31,412] {logging_mixin.py:104} INFO - [2021-06-06 06:43:31,412] {dagbag.py:487} INFO - Filling up the DagBag from /media/PythonProjects/66.Spotify_ETL/venv/lib/python3.8/site-packages/airflow/example_dags/example_bash_operator.py
[2021-06-06 06:43:31,425] {scheduler_job.py:643} INFO - DAG(s) dict_keys(['example_bash_operator']) retrieved from /media/PythonProjects/66.Spotify_ETL/venv/lib/python3.8/site-packages/airflow/example_dags/example_bash_operator.py
[2021-06-06 06:43:31,438] {logging_mixin.py:104} INFO - [2021-06-06 06:43:31,438] {dag.py:1832} INFO - Sync 1 DAGs
[2021-06-06 06:43:31,451] {logging_mixin.py:104} INFO - [2021-06-06 06:43:31,451] {dag.py:2305} INFO - Setting next_dagrun for example_bash_operator to 2021-06-04 00:00:00+00:00
[2021-06-06 06:43:31,474] {scheduler_job.py:190} INFO - Processing /media/PythonProjects/66.Spotify_ETL/venv/lib/python3.8/site-packages/airflow/example_dags/example_bash_operator.py took 0.067 seconds
[2021-06-06 06:44:04,220] {scheduler_job.py:182} INFO - Started process (PID=3672) to work on /media/PythonProjects/66.Spotify_ETL/venv/lib/python3.8/site-packages/airflow/example_dags/example_bash_operator.py
[2021-06-06 06:44:04,223] {scheduler_job.py:633} INFO - Processing file /media/PythonProjects/66.Spotify_ETL/venv/lib/python3.8/site-packages/airflow/example_dags/example_bash_operator.py for tasks to queue
[2021-06-06 06:44:04,224] {logging_mixin.py:104} INFO - [2021-06-06 06:44:04,224] {dagbag.py:487} INFO - Filling up the DagBag from /media/PythonProjects/66.Spotify_ETL/venv/lib/python3.8/site-packages/airflow/example_dags/example_bash_operator.py
[2021-06-06 06:44:04,239] {scheduler_job.py:643} INFO - DAG(s) dict_keys(['example_bash_operator']) retrieved from /media/PythonProjects/66.Spotify_ETL/venv/lib/python3.8/site-packages/airflow/example_dags/example_bash_operator.py
[2021-06-06 06:44:04,252] {logging_mixin.py:104} INFO - [2021-06-06 06:44:04,252] {dag.py:1832} INFO - Sync 1 DAGs
[2021-06-06 06:44:04,265] {logging_mixin.py:104} INFO - [2021-06-06 06:44:04,265] {dag.py:2305} INFO - Setting next_dagrun for example_bash_operator to 2021-06-04 00:00:00+00:00
[2021-06-06 06:44:04,284] {scheduler_job.py:190} INFO - Processing /media/PythonProjects/66.Spotify_ETL/venv/lib/python3.8/site-packages/airflow/example_dags/example_bash_operator.py took 0.068 seconds
[2021-06-06 06:44:40,833] {scheduler_job.py:182} INFO - Started process (PID=3730) to work on /media/PythonProjects/66.Spotify_ETL/venv/lib/python3.8/site-packages/airflow/example_dags/example_bash_operator.py
[2021-06-06 06:44:40,835] {scheduler_job.py:633} INFO - Processing file /media/PythonProjects/66.Spotify_ETL/venv/lib/python3.8/site-packages/airflow/example_dags/example_bash_operator.py for tasks to queue
[2021-06-06 06:44:40,837] {logging_mixin.py:104} INFO - [2021-06-06 06:44:40,836] {dagbag.py:487} INFO - Filling up the DagBag from /media/PythonProjects/66.Spotify_ETL/venv/lib/python3.8/site-packages/airflow/example_dags/example_bash_operator.py
[2021-06-06 06:44:40,851] {scheduler_job.py:643} INFO - DAG(s) dict_keys(['example_bash_operator']) retrieved from /media/PythonProjects/66.Spotify_ETL/venv/lib/python3.8/site-packages/airflow/example_dags/example_bash_operator.py
[2021-06-06 06:44:40,864] {logging_mixin.py:104} INFO - [2021-06-06 06:44:40,864] {dag.py:1832} INFO - Sync 1 DAGs
[2021-06-06 06:44:40,877] {logging_mixin.py:104} INFO - [2021-06-06 06:44:40,877] {dag.py:2305} INFO - Setting next_dagrun for example_bash_operator to 2021-06-04 00:00:00+00:00
[2021-06-06 06:44:40,897] {scheduler_job.py:190} INFO - Processing /media/PythonProjects/66.Spotify_ETL/venv/lib/python3.8/site-packages/airflow/example_dags/example_bash_operator.py took 0.068 seconds
[2021-06-06 06:45:14,942] {scheduler_job.py:182} INFO - Started process (PID=3792) to work on /media/PythonProjects/66.Spotify_ETL/venv/lib/python3.8/site-packages/airflow/example_dags/example_bash_operator.py
[2021-06-06 06:45:14,943] {scheduler_job.py:633} INFO - Processing file /media/PythonProjects/66.Spotify_ETL/venv/lib/python3.8/site-packages/airflow/example_dags/example_bash_operator.py for tasks to queue
[2021-06-06 06:45:14,944] {logging_mixin.py:104} INFO - [2021-06-06 06:45:14,944] {dagbag.py:487} INFO - Filling up the DagBag from /media/PythonProjects/66.Spotify_ETL/venv/lib/python3.8/site-packages/airflow/example_dags/example_bash_operator.py
[2021-06-06 06:45:14,959] {scheduler_job.py:643} INFO - DAG(s) dict_keys(['example_bash_operator']) retrieved from /media/PythonProjects/66.Spotify_ETL/venv/lib/python3.8/site-packages/airflow/example_dags/example_bash_operator.py
[2021-06-06 06:45:14,973] {logging_mixin.py:104} INFO - [2021-06-06 06:45:14,972] {dag.py:1832} INFO - Sync 1 DAGs
[2021-06-06 06:45:14,986] {logging_mixin.py:104} INFO - [2021-06-06 06:45:14,986] {dag.py:2305} INFO - Setting next_dagrun for example_bash_operator to 2021-06-04 00:00:00+00:00
[2021-06-06 06:45:15,007] {scheduler_job.py:190} INFO - Processing /media/PythonProjects/66.Spotify_ETL/venv/lib/python3.8/site-packages/airflow/example_dags/example_bash_operator.py took 0.067 seconds
[2021-06-06 06:45:49,625] {scheduler_job.py:182} INFO - Started process (PID=4062) to work on /media/PythonProjects/66.Spotify_ETL/venv/lib/python3.8/site-packages/airflow/example_dags/example_bash_operator.py
[2021-06-06 06:45:49,630] {scheduler_job.py:633} INFO - Processing file /media/PythonProjects/66.Spotify_ETL/venv/lib/python3.8/site-packages/airflow/example_dags/example_bash_operator.py for tasks to queue
[2021-06-06 06:45:49,631] {logging_mixin.py:104} INFO - [2021-06-06 06:45:49,631] {dagbag.py:487} INFO - Filling up the DagBag from /media/PythonProjects/66.Spotify_ETL/venv/lib/python3.8/site-packages/airflow/example_dags/example_bash_operator.py
[2021-06-06 06:45:49,654] {scheduler_job.py:643} INFO - DAG(s) dict_keys(['example_bash_operator']) retrieved from /media/PythonProjects/66.Spotify_ETL/venv/lib/python3.8/site-packages/airflow/example_dags/example_bash_operator.py
[2021-06-06 06:45:49,679] {logging_mixin.py:104} INFO - [2021-06-06 06:45:49,679] {dag.py:1832} INFO - Sync 1 DAGs
[2021-06-06 06:45:49,719] {logging_mixin.py:104} INFO - [2021-06-06 06:45:49,719] {dag.py:2305} INFO - Setting next_dagrun for example_bash_operator to 2021-06-04 00:00:00+00:00
[2021-06-06 06:45:49,757] {scheduler_job.py:190} INFO - Processing /media/PythonProjects/66.Spotify_ETL/venv/lib/python3.8/site-packages/airflow/example_dags/example_bash_operator.py took 0.137 seconds
=======
[2021-06-06 06:32:28,070] {scheduler_job.py:182} INFO - Started process (PID=2423) to work on /media/PythonProjects/66.Spotify_ETL/venv/lib/python3.8/site-packages/airflow/example_dags/example_bash_operator.py
[2021-06-06 06:32:28,071] {scheduler_job.py:633} INFO - Processing file /media/PythonProjects/66.Spotify_ETL/venv/lib/python3.8/site-packages/airflow/example_dags/example_bash_operator.py for tasks to queue
[2021-06-06 06:32:28,072] {logging_mixin.py:104} INFO - [2021-06-06 06:32:28,072] {dagbag.py:487} INFO - Filling up the DagBag from /media/PythonProjects/66.Spotify_ETL/venv/lib/python3.8/site-packages/airflow/example_dags/example_bash_operator.py
[2021-06-06 06:32:28,093] {scheduler_job.py:643} INFO - DAG(s) dict_keys(['example_bash_operator']) retrieved from /media/PythonProjects/66.Spotify_ETL/venv/lib/python3.8/site-packages/airflow/example_dags/example_bash_operator.py
[2021-06-06 06:32:28,111] {logging_mixin.py:104} INFO - [2021-06-06 06:32:28,111] {dag.py:1832} INFO - Sync 1 DAGs
[2021-06-06 06:32:28,126] {logging_mixin.py:104} INFO - [2021-06-06 06:32:28,126] {dag.py:2305} INFO - Setting next_dagrun for example_bash_operator to 2021-06-04 00:00:00+00:00
[2021-06-06 06:32:28,149] {scheduler_job.py:190} INFO - Processing /media/PythonProjects/66.Spotify_ETL/venv/lib/python3.8/site-packages/airflow/example_dags/example_bash_operator.py took 0.082 seconds
[2021-06-06 06:33:06,314] {scheduler_job.py:182} INFO - Started process (PID=2512) to work on /media/PythonProjects/66.Spotify_ETL/venv/lib/python3.8/site-packages/airflow/example_dags/example_bash_operator.py
[2021-06-06 06:33:06,315] {scheduler_job.py:633} INFO - Processing file /media/PythonProjects/66.Spotify_ETL/venv/lib/python3.8/site-packages/airflow/example_dags/example_bash_operator.py for tasks to queue
[2021-06-06 06:33:06,315] {logging_mixin.py:104} INFO - [2021-06-06 06:33:06,315] {dagbag.py:487} INFO - Filling up the DagBag from /media/PythonProjects/66.Spotify_ETL/venv/lib/python3.8/site-packages/airflow/example_dags/example_bash_operator.py
[2021-06-06 06:33:06,337] {scheduler_job.py:643} INFO - DAG(s) dict_keys(['example_bash_operator']) retrieved from /media/PythonProjects/66.Spotify_ETL/venv/lib/python3.8/site-packages/airflow/example_dags/example_bash_operator.py
[2021-06-06 06:33:06,357] {logging_mixin.py:104} INFO - [2021-06-06 06:33:06,357] {dag.py:1832} INFO - Sync 1 DAGs
[2021-06-06 06:33:06,378] {logging_mixin.py:104} INFO - [2021-06-06 06:33:06,378] {dag.py:2305} INFO - Setting next_dagrun for example_bash_operator to 2021-06-04 00:00:00+00:00
[2021-06-06 06:33:06,397] {scheduler_job.py:190} INFO - Processing /media/PythonProjects/66.Spotify_ETL/venv/lib/python3.8/site-packages/airflow/example_dags/example_bash_operator.py took 0.086 seconds
[2021-06-06 06:33:41,406] {scheduler_job.py:182} INFO - Started process (PID=2571) to work on /media/PythonProjects/66.Spotify_ETL/venv/lib/python3.8/site-packages/airflow/example_dags/example_bash_operator.py
[2021-06-06 06:33:41,408] {scheduler_job.py:633} INFO - Processing file /media/PythonProjects/66.Spotify_ETL/venv/lib/python3.8/site-packages/airflow/example_dags/example_bash_operator.py for tasks to queue
[2021-06-06 06:33:41,410] {logging_mixin.py:104} INFO - [2021-06-06 06:33:41,409] {dagbag.py:487} INFO - Filling up the DagBag from /media/PythonProjects/66.Spotify_ETL/venv/lib/python3.8/site-packages/airflow/example_dags/example_bash_operator.py
[2021-06-06 06:33:41,429] {scheduler_job.py:643} INFO - DAG(s) dict_keys(['example_bash_operator']) retrieved from /media/PythonProjects/66.Spotify_ETL/venv/lib/python3.8/site-packages/airflow/example_dags/example_bash_operator.py
[2021-06-06 06:33:41,442] {logging_mixin.py:104} INFO - [2021-06-06 06:33:41,441] {dag.py:1832} INFO - Sync 1 DAGs
[2021-06-06 06:33:41,456] {logging_mixin.py:104} INFO - [2021-06-06 06:33:41,456] {dag.py:2305} INFO - Setting next_dagrun for example_bash_operator to 2021-06-04 00:00:00+00:00
[2021-06-06 06:33:41,480] {scheduler_job.py:190} INFO - Processing /media/PythonProjects/66.Spotify_ETL/venv/lib/python3.8/site-packages/airflow/example_dags/example_bash_operator.py took 0.080 seconds
[2021-06-06 06:34:21,620] {scheduler_job.py:182} INFO - Started process (PID=2639) to work on /media/PythonProjects/66.Spotify_ETL/venv/lib/python3.8/site-packages/airflow/example_dags/example_bash_operator.py
[2021-06-06 06:34:21,625] {scheduler_job.py:633} INFO - Processing file /media/PythonProjects/66.Spotify_ETL/venv/lib/python3.8/site-packages/airflow/example_dags/example_bash_operator.py for tasks to queue
[2021-06-06 06:34:21,625] {logging_mixin.py:104} INFO - [2021-06-06 06:34:21,625] {dagbag.py:487} INFO - Filling up the DagBag from /media/PythonProjects/66.Spotify_ETL/venv/lib/python3.8/site-packages/airflow/example_dags/example_bash_operator.py
[2021-06-06 06:34:21,639] {scheduler_job.py:643} INFO - DAG(s) dict_keys(['example_bash_operator']) retrieved from /media/PythonProjects/66.Spotify_ETL/venv/lib/python3.8/site-packages/airflow/example_dags/example_bash_operator.py
[2021-06-06 06:34:21,653] {logging_mixin.py:104} INFO - [2021-06-06 06:34:21,653] {dag.py:1832} INFO - Sync 1 DAGs
[2021-06-06 06:34:21,669] {logging_mixin.py:104} INFO - [2021-06-06 06:34:21,669] {dag.py:2305} INFO - Setting next_dagrun for example_bash_operator to 2021-06-04 00:00:00+00:00
[2021-06-06 06:34:21,703] {scheduler_job.py:190} INFO - Processing /media/PythonProjects/66.Spotify_ETL/venv/lib/python3.8/site-packages/airflow/example_dags/example_bash_operator.py took 0.086 seconds
[2021-06-06 06:34:53,834] {scheduler_job.py:182} INFO - Started process (PID=2698) to work on /media/PythonProjects/66.Spotify_ETL/venv/lib/python3.8/site-packages/airflow/example_dags/example_bash_operator.py
[2021-06-06 06:34:53,835] {scheduler_job.py:633} INFO - Processing file /media/PythonProjects/66.Spotify_ETL/venv/lib/python3.8/site-packages/airflow/example_dags/example_bash_operator.py for tasks to queue
[2021-06-06 06:34:53,836] {logging_mixin.py:104} INFO - [2021-06-06 06:34:53,836] {dagbag.py:487} INFO - Filling up the DagBag from /media/PythonProjects/66.Spotify_ETL/venv/lib/python3.8/site-packages/airflow/example_dags/example_bash_operator.py
[2021-06-06 06:34:53,849] {scheduler_job.py:643} INFO - DAG(s) dict_keys(['example_bash_operator']) retrieved from /media/PythonProjects/66.Spotify_ETL/venv/lib/python3.8/site-packages/airflow/example_dags/example_bash_operator.py
[2021-06-06 06:34:53,862] {logging_mixin.py:104} INFO - [2021-06-06 06:34:53,862] {dag.py:1832} INFO - Sync 1 DAGs
[2021-06-06 06:34:53,874] {logging_mixin.py:104} INFO - [2021-06-06 06:34:53,874] {dag.py:2305} INFO - Setting next_dagrun for example_bash_operator to 2021-06-04 00:00:00+00:00
[2021-06-06 06:34:53,896] {scheduler_job.py:190} INFO - Processing /media/PythonProjects/66.Spotify_ETL/venv/lib/python3.8/site-packages/airflow/example_dags/example_bash_operator.py took 0.065 seconds
[2021-06-06 06:35:26,789] {scheduler_job.py:182} INFO - Started process (PID=2760) to work on /media/PythonProjects/66.Spotify_ETL/venv/lib/python3.8/site-packages/airflow/example_dags/example_bash_operator.py
[2021-06-06 06:35:26,790] {scheduler_job.py:633} INFO - Processing file /media/PythonProjects/66.Spotify_ETL/venv/lib/python3.8/site-packages/airflow/example_dags/example_bash_operator.py for tasks to queue
[2021-06-06 06:35:26,791] {logging_mixin.py:104} INFO - [2021-06-06 06:35:26,791] {dagbag.py:487} INFO - Filling up the DagBag from /media/PythonProjects/66.Spotify_ETL/venv/lib/python3.8/site-packages/airflow/example_dags/example_bash_operator.py
[2021-06-06 06:35:26,816] {scheduler_job.py:643} INFO - DAG(s) dict_keys(['example_bash_operator']) retrieved from /media/PythonProjects/66.Spotify_ETL/venv/lib/python3.8/site-packages/airflow/example_dags/example_bash_operator.py
[2021-06-06 06:35:26,845] {logging_mixin.py:104} INFO - [2021-06-06 06:35:26,845] {dag.py:1832} INFO - Sync 1 DAGs
[2021-06-06 06:35:26,872] {logging_mixin.py:104} INFO - [2021-06-06 06:35:26,870] {dag.py:2305} INFO - Setting next_dagrun for example_bash_operator to 2021-06-04 00:00:00+00:00
[2021-06-06 06:35:26,979] {scheduler_job.py:190} INFO - Processing /media/PythonProjects/66.Spotify_ETL/venv/lib/python3.8/site-packages/airflow/example_dags/example_bash_operator.py took 0.194 seconds
[2021-06-06 06:36:02,095] {scheduler_job.py:182} INFO - Started process (PID=2824) to work on /media/PythonProjects/66.Spotify_ETL/venv/lib/python3.8/site-packages/airflow/example_dags/example_bash_operator.py
[2021-06-06 06:36:02,097] {scheduler_job.py:633} INFO - Processing file /media/PythonProjects/66.Spotify_ETL/venv/lib/python3.8/site-packages/airflow/example_dags/example_bash_operator.py for tasks to queue
[2021-06-06 06:36:02,098] {logging_mixin.py:104} INFO - [2021-06-06 06:36:02,097] {dagbag.py:487} INFO - Filling up the DagBag from /media/PythonProjects/66.Spotify_ETL/venv/lib/python3.8/site-packages/airflow/example_dags/example_bash_operator.py
[2021-06-06 06:36:02,114] {scheduler_job.py:643} INFO - DAG(s) dict_keys(['example_bash_operator']) retrieved from /media/PythonProjects/66.Spotify_ETL/venv/lib/python3.8/site-packages/airflow/example_dags/example_bash_operator.py
[2021-06-06 06:36:02,130] {logging_mixin.py:104} INFO - [2021-06-06 06:36:02,130] {dag.py:1832} INFO - Sync 1 DAGs
[2021-06-06 06:36:02,143] {logging_mixin.py:104} INFO - [2021-06-06 06:36:02,143] {dag.py:2305} INFO - Setting next_dagrun for example_bash_operator to 2021-06-04 00:00:00+00:00
[2021-06-06 06:36:02,162] {scheduler_job.py:190} INFO - Processing /media/PythonProjects/66.Spotify_ETL/venv/lib/python3.8/site-packages/airflow/example_dags/example_bash_operator.py took 0.075 seconds
[2021-06-06 06:36:36,859] {scheduler_job.py:182} INFO - Started process (PID=2886) to work on /media/PythonProjects/66.Spotify_ETL/venv/lib/python3.8/site-packages/airflow/example_dags/example_bash_operator.py
[2021-06-06 06:36:36,860] {scheduler_job.py:633} INFO - Processing file /media/PythonProjects/66.Spotify_ETL/venv/lib/python3.8/site-packages/airflow/example_dags/example_bash_operator.py for tasks to queue
[2021-06-06 06:36:36,861] {logging_mixin.py:104} INFO - [2021-06-06 06:36:36,861] {dagbag.py:487} INFO - Filling up the DagBag from /media/PythonProjects/66.Spotify_ETL/venv/lib/python3.8/site-packages/airflow/example_dags/example_bash_operator.py
[2021-06-06 06:36:36,873] {scheduler_job.py:643} INFO - DAG(s) dict_keys(['example_bash_operator']) retrieved from /media/PythonProjects/66.Spotify_ETL/venv/lib/python3.8/site-packages/airflow/example_dags/example_bash_operator.py
[2021-06-06 06:36:36,885] {logging_mixin.py:104} INFO - [2021-06-06 06:36:36,885] {dag.py:1832} INFO - Sync 1 DAGs
[2021-06-06 06:36:36,897] {logging_mixin.py:104} INFO - [2021-06-06 06:36:36,897] {dag.py:2305} INFO - Setting next_dagrun for example_bash_operator to 2021-06-04 00:00:00+00:00
[2021-06-06 06:36:36,915] {scheduler_job.py:190} INFO - Processing /media/PythonProjects/66.Spotify_ETL/venv/lib/python3.8/site-packages/airflow/example_dags/example_bash_operator.py took 0.059 seconds
[2021-06-06 06:37:09,581] {scheduler_job.py:182} INFO - Started process (PID=2946) to work on /media/PythonProjects/66.Spotify_ETL/venv/lib/python3.8/site-packages/airflow/example_dags/example_bash_operator.py
[2021-06-06 06:37:09,583] {scheduler_job.py:633} INFO - Processing file /media/PythonProjects/66.Spotify_ETL/venv/lib/python3.8/site-packages/airflow/example_dags/example_bash_operator.py for tasks to queue
[2021-06-06 06:37:09,584] {logging_mixin.py:104} INFO - [2021-06-06 06:37:09,584] {dagbag.py:487} INFO - Filling up the DagBag from /media/PythonProjects/66.Spotify_ETL/venv/lib/python3.8/site-packages/airflow/example_dags/example_bash_operator.py
[2021-06-06 06:37:09,597] {scheduler_job.py:643} INFO - DAG(s) dict_keys(['example_bash_operator']) retrieved from /media/PythonProjects/66.Spotify_ETL/venv/lib/python3.8/site-packages/airflow/example_dags/example_bash_operator.py
[2021-06-06 06:37:09,609] {logging_mixin.py:104} INFO - [2021-06-06 06:37:09,609] {dag.py:1832} INFO - Sync 1 DAGs
[2021-06-06 06:37:09,621] {logging_mixin.py:104} INFO - [2021-06-06 06:37:09,621] {dag.py:2305} INFO - Setting next_dagrun for example_bash_operator to 2021-06-04 00:00:00+00:00
[2021-06-06 06:37:09,641] {scheduler_job.py:190} INFO - Processing /media/PythonProjects/66.Spotify_ETL/venv/lib/python3.8/site-packages/airflow/example_dags/example_bash_operator.py took 0.063 seconds
[2021-06-06 06:37:45,231] {scheduler_job.py:182} INFO - Started process (PID=3009) to work on /media/PythonProjects/66.Spotify_ETL/venv/lib/python3.8/site-packages/airflow/example_dags/example_bash_operator.py
[2021-06-06 06:37:45,233] {scheduler_job.py:633} INFO - Processing file /media/PythonProjects/66.Spotify_ETL/venv/lib/python3.8/site-packages/airflow/example_dags/example_bash_operator.py for tasks to queue
[2021-06-06 06:37:45,234] {logging_mixin.py:104} INFO - [2021-06-06 06:37:45,234] {dagbag.py:487} INFO - Filling up the DagBag from /media/PythonProjects/66.Spotify_ETL/venv/lib/python3.8/site-packages/airflow/example_dags/example_bash_operator.py
[2021-06-06 06:37:45,250] {scheduler_job.py:643} INFO - DAG(s) dict_keys(['example_bash_operator']) retrieved from /media/PythonProjects/66.Spotify_ETL/venv/lib/python3.8/site-packages/airflow/example_dags/example_bash_operator.py
[2021-06-06 06:37:45,263] {logging_mixin.py:104} INFO - [2021-06-06 06:37:45,263] {dag.py:1832} INFO - Sync 1 DAGs
[2021-06-06 06:37:45,275] {logging_mixin.py:104} INFO - [2021-06-06 06:37:45,275] {dag.py:2305} INFO - Setting next_dagrun for example_bash_operator to 2021-06-04 00:00:00+00:00
[2021-06-06 06:37:45,295] {scheduler_job.py:190} INFO - Processing /media/PythonProjects/66.Spotify_ETL/venv/lib/python3.8/site-packages/airflow/example_dags/example_bash_operator.py took 0.070 seconds
[2021-06-06 06:38:21,144] {scheduler_job.py:182} INFO - Started process (PID=3071) to work on /media/PythonProjects/66.Spotify_ETL/venv/lib/python3.8/site-packages/airflow/example_dags/example_bash_operator.py
[2021-06-06 06:38:21,146] {scheduler_job.py:633} INFO - Processing file /media/PythonProjects/66.Spotify_ETL/venv/lib/python3.8/site-packages/airflow/example_dags/example_bash_operator.py for tasks to queue
[2021-06-06 06:38:21,146] {logging_mixin.py:104} INFO - [2021-06-06 06:38:21,146] {dagbag.py:487} INFO - Filling up the DagBag from /media/PythonProjects/66.Spotify_ETL/venv/lib/python3.8/site-packages/airflow/example_dags/example_bash_operator.py
[2021-06-06 06:38:21,159] {scheduler_job.py:643} INFO - DAG(s) dict_keys(['example_bash_operator']) retrieved from /media/PythonProjects/66.Spotify_ETL/venv/lib/python3.8/site-packages/airflow/example_dags/example_bash_operator.py
[2021-06-06 06:38:21,172] {logging_mixin.py:104} INFO - [2021-06-06 06:38:21,172] {dag.py:1832} INFO - Sync 1 DAGs
[2021-06-06 06:38:21,185] {logging_mixin.py:104} INFO - [2021-06-06 06:38:21,185] {dag.py:2305} INFO - Setting next_dagrun for example_bash_operator to 2021-06-04 00:00:00+00:00
[2021-06-06 06:38:21,215] {scheduler_job.py:190} INFO - Processing /media/PythonProjects/66.Spotify_ETL/venv/lib/python3.8/site-packages/airflow/example_dags/example_bash_operator.py took 0.074 seconds
[2021-06-06 06:38:53,249] {scheduler_job.py:182} INFO - Started process (PID=3128) to work on /media/PythonProjects/66.Spotify_ETL/venv/lib/python3.8/site-packages/airflow/example_dags/example_bash_operator.py
[2021-06-06 06:38:53,251] {scheduler_job.py:633} INFO - Processing file /media/PythonProjects/66.Spotify_ETL/venv/lib/python3.8/site-packages/airflow/example_dags/example_bash_operator.py for tasks to queue
[2021-06-06 06:38:53,252] {logging_mixin.py:104} INFO - [2021-06-06 06:38:53,252] {dagbag.py:487} INFO - Filling up the DagBag from /media/PythonProjects/66.Spotify_ETL/venv/lib/python3.8/site-packages/airflow/example_dags/example_bash_operator.py
[2021-06-06 06:38:53,269] {scheduler_job.py:643} INFO - DAG(s) dict_keys(['example_bash_operator']) retrieved from /media/PythonProjects/66.Spotify_ETL/venv/lib/python3.8/site-packages/airflow/example_dags/example_bash_operator.py
[2021-06-06 06:38:53,282] {logging_mixin.py:104} INFO - [2021-06-06 06:38:53,281] {dag.py:1832} INFO - Sync 1 DAGs
[2021-06-06 06:38:53,294] {logging_mixin.py:104} INFO - [2021-06-06 06:38:53,294] {dag.py:2305} INFO - Setting next_dagrun for example_bash_operator to 2021-06-04 00:00:00+00:00
[2021-06-06 06:38:53,313] {scheduler_job.py:190} INFO - Processing /media/PythonProjects/66.Spotify_ETL/venv/lib/python3.8/site-packages/airflow/example_dags/example_bash_operator.py took 0.071 seconds
[2021-06-06 06:39:26,916] {scheduler_job.py:182} INFO - Started process (PID=3186) to work on /media/PythonProjects/66.Spotify_ETL/venv/lib/python3.8/site-packages/airflow/example_dags/example_bash_operator.py
[2021-06-06 06:39:26,929] {scheduler_job.py:633} INFO - Processing file /media/PythonProjects/66.Spotify_ETL/venv/lib/python3.8/site-packages/airflow/example_dags/example_bash_operator.py for tasks to queue
[2021-06-06 06:39:26,932] {logging_mixin.py:104} INFO - [2021-06-06 06:39:26,932] {dagbag.py:487} INFO - Filling up the DagBag from /media/PythonProjects/66.Spotify_ETL/venv/lib/python3.8/site-packages/airflow/example_dags/example_bash_operator.py
[2021-06-06 06:39:26,962] {scheduler_job.py:643} INFO - DAG(s) dict_keys(['example_bash_operator']) retrieved from /media/PythonProjects/66.Spotify_ETL/venv/lib/python3.8/site-packages/airflow/example_dags/example_bash_operator.py
[2021-06-06 06:39:26,988] {logging_mixin.py:104} INFO - [2021-06-06 06:39:26,988] {dag.py:1832} INFO - Sync 1 DAGs
[2021-06-06 06:39:27,023] {logging_mixin.py:104} INFO - [2021-06-06 06:39:27,023] {dag.py:2305} INFO - Setting next_dagrun for example_bash_operator to 2021-06-04 00:00:00+00:00
[2021-06-06 06:39:27,054] {scheduler_job.py:190} INFO - Processing /media/PythonProjects/66.Spotify_ETL/venv/lib/python3.8/site-packages/airflow/example_dags/example_bash_operator.py took 0.141 seconds
[2021-06-06 06:40:02,321] {scheduler_job.py:182} INFO - Started process (PID=3246) to work on /media/PythonProjects/66.Spotify_ETL/venv/lib/python3.8/site-packages/airflow/example_dags/example_bash_operator.py
[2021-06-06 06:40:02,323] {scheduler_job.py:633} INFO - Processing file /media/PythonProjects/66.Spotify_ETL/venv/lib/python3.8/site-packages/airflow/example_dags/example_bash_operator.py for tasks to queue
[2021-06-06 06:40:02,324] {logging_mixin.py:104} INFO - [2021-06-06 06:40:02,324] {dagbag.py:487} INFO - Filling up the DagBag from /media/PythonProjects/66.Spotify_ETL/venv/lib/python3.8/site-packages/airflow/example_dags/example_bash_operator.py
[2021-06-06 06:40:02,359] {scheduler_job.py:643} INFO - DAG(s) dict_keys(['example_bash_operator']) retrieved from /media/PythonProjects/66.Spotify_ETL/venv/lib/python3.8/site-packages/airflow/example_dags/example_bash_operator.py
[2021-06-06 06:40:02,388] {logging_mixin.py:104} INFO - [2021-06-06 06:40:02,388] {dag.py:1832} INFO - Sync 1 DAGs
[2021-06-06 06:40:02,420] {logging_mixin.py:104} INFO - [2021-06-06 06:40:02,420] {dag.py:2305} INFO - Setting next_dagrun for example_bash_operator to 2021-06-04 00:00:00+00:00
[2021-06-06 06:40:02,459] {scheduler_job.py:190} INFO - Processing /media/PythonProjects/66.Spotify_ETL/venv/lib/python3.8/site-packages/airflow/example_dags/example_bash_operator.py took 0.150 seconds
[2021-06-06 06:40:41,419] {scheduler_job.py:182} INFO - Started process (PID=3310) to work on /media/PythonProjects/66.Spotify_ETL/venv/lib/python3.8/site-packages/airflow/example_dags/example_bash_operator.py
[2021-06-06 06:40:41,421] {scheduler_job.py:633} INFO - Processing file /media/PythonProjects/66.Spotify_ETL/venv/lib/python3.8/site-packages/airflow/example_dags/example_bash_operator.py for tasks to queue
[2021-06-06 06:40:41,422] {logging_mixin.py:104} INFO - [2021-06-06 06:40:41,422] {dagbag.py:487} INFO - Filling up the DagBag from /media/PythonProjects/66.Spotify_ETL/venv/lib/python3.8/site-packages/airflow/example_dags/example_bash_operator.py
[2021-06-06 06:40:41,436] {scheduler_job.py:643} INFO - DAG(s) dict_keys(['example_bash_operator']) retrieved from /media/PythonProjects/66.Spotify_ETL/venv/lib/python3.8/site-packages/airflow/example_dags/example_bash_operator.py
[2021-06-06 06:40:41,452] {logging_mixin.py:104} INFO - [2021-06-06 06:40:41,452] {dag.py:1832} INFO - Sync 1 DAGs
[2021-06-06 06:40:41,465] {logging_mixin.py:104} INFO - [2021-06-06 06:40:41,465] {dag.py:2305} INFO - Setting next_dagrun for example_bash_operator to 2021-06-04 00:00:00+00:00
[2021-06-06 06:40:41,487] {scheduler_job.py:190} INFO - Processing /media/PythonProjects/66.Spotify_ETL/venv/lib/python3.8/site-packages/airflow/example_dags/example_bash_operator.py took 0.074 seconds
[2021-06-06 06:41:13,934] {scheduler_job.py:182} INFO - Started process (PID=3369) to work on /media/PythonProjects/66.Spotify_ETL/venv/lib/python3.8/site-packages/airflow/example_dags/example_bash_operator.py
[2021-06-06 06:41:13,935] {scheduler_job.py:633} INFO - Processing file /media/PythonProjects/66.Spotify_ETL/venv/lib/python3.8/site-packages/airflow/example_dags/example_bash_operator.py for tasks to queue
[2021-06-06 06:41:13,936] {logging_mixin.py:104} INFO - [2021-06-06 06:41:13,936] {dagbag.py:487} INFO - Filling up the DagBag from /media/PythonProjects/66.Spotify_ETL/venv/lib/python3.8/site-packages/airflow/example_dags/example_bash_operator.py
[2021-06-06 06:41:13,950] {scheduler_job.py:643} INFO - DAG(s) dict_keys(['example_bash_operator']) retrieved from /media/PythonProjects/66.Spotify_ETL/venv/lib/python3.8/site-packages/airflow/example_dags/example_bash_operator.py
[2021-06-06 06:41:13,964] {logging_mixin.py:104} INFO - [2021-06-06 06:41:13,964] {dag.py:1832} INFO - Sync 1 DAGs
[2021-06-06 06:41:13,978] {logging_mixin.py:104} INFO - [2021-06-06 06:41:13,978] {dag.py:2305} INFO - Setting next_dagrun for example_bash_operator to 2021-06-04 00:00:00+00:00
[2021-06-06 06:41:13,998] {scheduler_job.py:190} INFO - Processing /media/PythonProjects/66.Spotify_ETL/venv/lib/python3.8/site-packages/airflow/example_dags/example_bash_operator.py took 0.067 seconds
[2021-06-06 06:41:48,452] {scheduler_job.py:182} INFO - Started process (PID=3431) to work on /media/PythonProjects/66.Spotify_ETL/venv/lib/python3.8/site-packages/airflow/example_dags/example_bash_operator.py
[2021-06-06 06:41:48,454] {scheduler_job.py:633} INFO - Processing file /media/PythonProjects/66.Spotify_ETL/venv/lib/python3.8/site-packages/airflow/example_dags/example_bash_operator.py for tasks to queue
[2021-06-06 06:41:48,455] {logging_mixin.py:104} INFO - [2021-06-06 06:41:48,455] {dagbag.py:487} INFO - Filling up the DagBag from /media/PythonProjects/66.Spotify_ETL/venv/lib/python3.8/site-packages/airflow/example_dags/example_bash_operator.py
[2021-06-06 06:41:48,471] {scheduler_job.py:643} INFO - DAG(s) dict_keys(['example_bash_operator']) retrieved from /media/PythonProjects/66.Spotify_ETL/venv/lib/python3.8/site-packages/airflow/example_dags/example_bash_operator.py
[2021-06-06 06:41:48,485] {logging_mixin.py:104} INFO - [2021-06-06 06:41:48,485] {dag.py:1832} INFO - Sync 1 DAGs
[2021-06-06 06:41:48,499] {logging_mixin.py:104} INFO - [2021-06-06 06:41:48,499] {dag.py:2305} INFO - Setting next_dagrun for example_bash_operator to 2021-06-04 00:00:00+00:00
[2021-06-06 06:41:48,520] {scheduler_job.py:190} INFO - Processing /media/PythonProjects/66.Spotify_ETL/venv/lib/python3.8/site-packages/airflow/example_dags/example_bash_operator.py took 0.073 seconds
[2021-06-06 06:42:24,001] {scheduler_job.py:182} INFO - Started process (PID=3493) to work on /media/PythonProjects/66.Spotify_ETL/venv/lib/python3.8/site-packages/airflow/example_dags/example_bash_operator.py
[2021-06-06 06:42:24,003] {scheduler_job.py:633} INFO - Processing file /media/PythonProjects/66.Spotify_ETL/venv/lib/python3.8/site-packages/airflow/example_dags/example_bash_operator.py for tasks to queue
[2021-06-06 06:42:24,004] {logging_mixin.py:104} INFO - [2021-06-06 06:42:24,004] {dagbag.py:487} INFO - Filling up the DagBag from /media/PythonProjects/66.Spotify_ETL/venv/lib/python3.8/site-packages/airflow/example_dags/example_bash_operator.py
[2021-06-06 06:42:24,019] {scheduler_job.py:643} INFO - DAG(s) dict_keys(['example_bash_operator']) retrieved from /media/PythonProjects/66.Spotify_ETL/venv/lib/python3.8/site-packages/airflow/example_dags/example_bash_operator.py
[2021-06-06 06:42:24,032] {logging_mixin.py:104} INFO - [2021-06-06 06:42:24,032] {dag.py:1832} INFO - Sync 1 DAGs
[2021-06-06 06:42:24,044] {logging_mixin.py:104} INFO - [2021-06-06 06:42:24,044] {dag.py:2305} INFO - Setting next_dagrun for example_bash_operator to 2021-06-04 00:00:00+00:00
[2021-06-06 06:42:24,063] {scheduler_job.py:190} INFO - Processing /media/PythonProjects/66.Spotify_ETL/venv/lib/python3.8/site-packages/airflow/example_dags/example_bash_operator.py took 0.069 seconds
[2021-06-06 06:42:58,214] {scheduler_job.py:182} INFO - Started process (PID=3553) to work on /media/PythonProjects/66.Spotify_ETL/venv/lib/python3.8/site-packages/airflow/example_dags/example_bash_operator.py
[2021-06-06 06:42:58,215] {scheduler_job.py:633} INFO - Processing file /media/PythonProjects/66.Spotify_ETL/venv/lib/python3.8/site-packages/airflow/example_dags/example_bash_operator.py for tasks to queue
[2021-06-06 06:42:58,216] {logging_mixin.py:104} INFO - [2021-06-06 06:42:58,216] {dagbag.py:487} INFO - Filling up the DagBag from /media/PythonProjects/66.Spotify_ETL/venv/lib/python3.8/site-packages/airflow/example_dags/example_bash_operator.py
[2021-06-06 06:42:58,231] {scheduler_job.py:643} INFO - DAG(s) dict_keys(['example_bash_operator']) retrieved from /media/PythonProjects/66.Spotify_ETL/venv/lib/python3.8/site-packages/airflow/example_dags/example_bash_operator.py
[2021-06-06 06:42:58,245] {logging_mixin.py:104} INFO - [2021-06-06 06:42:58,245] {dag.py:1832} INFO - Sync 1 DAGs
[2021-06-06 06:42:58,258] {logging_mixin.py:104} INFO - [2021-06-06 06:42:58,258] {dag.py:2305} INFO - Setting next_dagrun for example_bash_operator to 2021-06-04 00:00:00+00:00
[2021-06-06 06:42:58,279] {scheduler_job.py:190} INFO - Processing /media/PythonProjects/66.Spotify_ETL/venv/lib/python3.8/site-packages/airflow/example_dags/example_bash_operator.py took 0.068 seconds
[2021-06-06 06:43:31,409] {scheduler_job.py:182} INFO - Started process (PID=3614) to work on /media/PythonProjects/66.Spotify_ETL/venv/lib/python3.8/site-packages/airflow/example_dags/example_bash_operator.py
[2021-06-06 06:43:31,411] {scheduler_job.py:633} INFO - Processing file /media/PythonProjects/66.Spotify_ETL/venv/lib/python3.8/site-packages/airflow/example_dags/example_bash_operator.py for tasks to queue
[2021-06-06 06:43:31,412] {logging_mixin.py:104} INFO - [2021-06-06 06:43:31,412] {dagbag.py:487} INFO - Filling up the DagBag from /media/PythonProjects/66.Spotify_ETL/venv/lib/python3.8/site-packages/airflow/example_dags/example_bash_operator.py
[2021-06-06 06:43:31,425] {scheduler_job.py:643} INFO - DAG(s) dict_keys(['example_bash_operator']) retrieved from /media/PythonProjects/66.Spotify_ETL/venv/lib/python3.8/site-packages/airflow/example_dags/example_bash_operator.py
[2021-06-06 06:43:31,438] {logging_mixin.py:104} INFO - [2021-06-06 06:43:31,438] {dag.py:1832} INFO - Sync 1 DAGs
[2021-06-06 06:43:31,451] {logging_mixin.py:104} INFO - [2021-06-06 06:43:31,451] {dag.py:2305} INFO - Setting next_dagrun for example_bash_operator to 2021-06-04 00:00:00+00:00
[2021-06-06 06:43:31,474] {scheduler_job.py:190} INFO - Processing /media/PythonProjects/66.Spotify_ETL/venv/lib/python3.8/site-packages/airflow/example_dags/example_bash_operator.py took 0.067 seconds
[2021-06-06 06:44:04,220] {scheduler_job.py:182} INFO - Started process (PID=3672) to work on /media/PythonProjects/66.Spotify_ETL/venv/lib/python3.8/site-packages/airflow/example_dags/example_bash_operator.py
[2021-06-06 06:44:04,223] {scheduler_job.py:633} INFO - Processing file /media/PythonProjects/66.Spotify_ETL/venv/lib/python3.8/site-packages/airflow/example_dags/example_bash_operator.py for tasks to queue
[2021-06-06 06:44:04,224] {logging_mixin.py:104} INFO - [2021-06-06 06:44:04,224] {dagbag.py:487} INFO - Filling up the DagBag from /media/PythonProjects/66.Spotify_ETL/venv/lib/python3.8/site-packages/airflow/example_dags/example_bash_operator.py
[2021-06-06 06:44:04,239] {scheduler_job.py:643} INFO - DAG(s) dict_keys(['example_bash_operator']) retrieved from /media/PythonProjects/66.Spotify_ETL/venv/lib/python3.8/site-packages/airflow/example_dags/example_bash_operator.py
[2021-06-06 06:44:04,252] {logging_mixin.py:104} INFO - [2021-06-06 06:44:04,252] {dag.py:1832} INFO - Sync 1 DAGs
[2021-06-06 06:44:04,265] {logging_mixin.py:104} INFO - [2021-06-06 06:44:04,265] {dag.py:2305} INFO - Setting next_dagrun for example_bash_operator to 2021-06-04 00:00:00+00:00
[2021-06-06 06:44:04,284] {scheduler_job.py:190} INFO - Processing /media/PythonProjects/66.Spotify_ETL/venv/lib/python3.8/site-packages/airflow/example_dags/example_bash_operator.py took 0.068 seconds
[2021-06-06 06:44:40,833] {scheduler_job.py:182} INFO - Started process (PID=3730) to work on /media/PythonProjects/66.Spotify_ETL/venv/lib/python3.8/site-packages/airflow/example_dags/example_bash_operator.py
[2021-06-06 06:44:40,835] {scheduler_job.py:633} INFO - Processing file /media/PythonProjects/66.Spotify_ETL/venv/lib/python3.8/site-packages/airflow/example_dags/example_bash_operator.py for tasks to queue
[2021-06-06 06:44:40,837] {logging_mixin.py:104} INFO - [2021-06-06 06:44:40,836] {dagbag.py:487} INFO - Filling up the DagBag from /media/PythonProjects/66.Spotify_ETL/venv/lib/python3.8/site-packages/airflow/example_dags/example_bash_operator.py
[2021-06-06 06:44:40,851] {scheduler_job.py:643} INFO - DAG(s) dict_keys(['example_bash_operator']) retrieved from /media/PythonProjects/66.Spotify_ETL/venv/lib/python3.8/site-packages/airflow/example_dags/example_bash_operator.py
[2021-06-06 06:44:40,864] {logging_mixin.py:104} INFO - [2021-06-06 06:44:40,864] {dag.py:1832} INFO - Sync 1 DAGs
[2021-06-06 06:44:40,877] {logging_mixin.py:104} INFO - [2021-06-06 06:44:40,877] {dag.py:2305} INFO - Setting next_dagrun for example_bash_operator to 2021-06-04 00:00:00+00:00
[2021-06-06 06:44:40,897] {scheduler_job.py:190} INFO - Processing /media/PythonProjects/66.Spotify_ETL/venv/lib/python3.8/site-packages/airflow/example_dags/example_bash_operator.py took 0.068 seconds
[2021-06-06 06:45:14,942] {scheduler_job.py:182} INFO - Started process (PID=3792) to work on /media/PythonProjects/66.Spotify_ETL/venv/lib/python3.8/site-packages/airflow/example_dags/example_bash_operator.py
[2021-06-06 06:45:14,943] {scheduler_job.py:633} INFO - Processing file /media/PythonProjects/66.Spotify_ETL/venv/lib/python3.8/site-packages/airflow/example_dags/example_bash_operator.py for tasks to queue
[2021-06-06 06:45:14,944] {logging_mixin.py:104} INFO - [2021-06-06 06:45:14,944] {dagbag.py:487} INFO - Filling up the DagBag from /media/PythonProjects/66.Spotify_ETL/venv/lib/python3.8/site-packages/airflow/example_dags/example_bash_operator.py
[2021-06-06 06:45:14,959] {scheduler_job.py:643} INFO - DAG(s) dict_keys(['example_bash_operator']) retrieved from /media/PythonProjects/66.Spotify_ETL/venv/lib/python3.8/site-packages/airflow/example_dags/example_bash_operator.py
[2021-06-06 06:45:14,973] {logging_mixin.py:104} INFO - [2021-06-06 06:45:14,972] {dag.py:1832} INFO - Sync 1 DAGs
[2021-06-06 06:45:14,986] {logging_mixin.py:104} INFO - [2021-06-06 06:45:14,986] {dag.py:2305} INFO - Setting next_dagrun for example_bash_operator to 2021-06-04 00:00:00+00:00
[2021-06-06 06:45:15,007] {scheduler_job.py:190} INFO - Processing /media/PythonProjects/66.Spotify_ETL/venv/lib/python3.8/site-packages/airflow/example_dags/example_bash_operator.py took 0.067 seconds
[2021-06-06 06:45:49,625] {scheduler_job.py:182} INFO - Started process (PID=4062) to work on /media/PythonProjects/66.Spotify_ETL/venv/lib/python3.8/site-packages/airflow/example_dags/example_bash_operator.py
[2021-06-06 06:45:49,630] {scheduler_job.py:633} INFO - Processing file /media/PythonProjects/66.Spotify_ETL/venv/lib/python3.8/site-packages/airflow/example_dags/example_bash_operator.py for tasks to queue
[2021-06-06 06:45:49,631] {logging_mixin.py:104} INFO - [2021-06-06 06:45:49,631] {dagbag.py:487} INFO - Filling up the DagBag from /media/PythonProjects/66.Spotify_ETL/venv/lib/python3.8/site-packages/airflow/example_dags/example_bash_operator.py
[2021-06-06 06:45:49,654] {scheduler_job.py:643} INFO - DAG(s) dict_keys(['example_bash_operator']) retrieved from /media/PythonProjects/66.Spotify_ETL/venv/lib/python3.8/site-packages/airflow/example_dags/example_bash_operator.py
[2021-06-06 06:45:49,679] {logging_mixin.py:104} INFO - [2021-06-06 06:45:49,679] {dag.py:1832} INFO - Sync 1 DAGs
[2021-06-06 06:45:49,719] {logging_mixin.py:104} INFO - [2021-06-06 06:45:49,719] {dag.py:2305} INFO - Setting next_dagrun for example_bash_operator to 2021-06-04 00:00:00+00:00
[2021-06-06 06:45:49,757] {scheduler_job.py:190} INFO - Processing /media/PythonProjects/66.Spotify_ETL/venv/lib/python3.8/site-packages/airflow/example_dags/example_bash_operator.py took 0.137 seconds
>>>>>>> a36d51d4f01a602def4b5ca237d9cd16ee6cc130
