[2021-06-06 06:32:11,305] {scheduler_job.py:182} INFO - Started process (PID=2397) to work on /media/PythonProjects/66.Spotify_ETL/venv/lib/python3.8/site-packages/airflow/example_dags/example_python_operator.py
[2021-06-06 06:32:11,307] {scheduler_job.py:633} INFO - Processing file /media/PythonProjects/66.Spotify_ETL/venv/lib/python3.8/site-packages/airflow/example_dags/example_python_operator.py for tasks to queue
[2021-06-06 06:32:11,308] {logging_mixin.py:104} INFO - [2021-06-06 06:32:11,308] {dagbag.py:487} INFO - Filling up the DagBag from /media/PythonProjects/66.Spotify_ETL/venv/lib/python3.8/site-packages/airflow/example_dags/example_python_operator.py
[2021-06-06 06:32:11,332] {scheduler_job.py:643} INFO - DAG(s) dict_keys(['example_python_operator']) retrieved from /media/PythonProjects/66.Spotify_ETL/venv/lib/python3.8/site-packages/airflow/example_dags/example_python_operator.py
[2021-06-06 06:32:11,347] {logging_mixin.py:104} INFO - [2021-06-06 06:32:11,347] {dag.py:1832} INFO - Sync 1 DAGs
[2021-06-06 06:32:11,360] {logging_mixin.py:104} INFO - [2021-06-06 06:32:11,360] {dag.py:2305} INFO - Setting next_dagrun for example_python_operator to None
[2021-06-06 06:32:11,384] {scheduler_job.py:190} INFO - Processing /media/PythonProjects/66.Spotify_ETL/venv/lib/python3.8/site-packages/airflow/example_dags/example_python_operator.py took 0.087 seconds
[2021-06-06 06:32:48,089] {scheduler_job.py:182} INFO - Started process (PID=2483) to work on /media/PythonProjects/66.Spotify_ETL/venv/lib/python3.8/site-packages/airflow/example_dags/example_python_operator.py
[2021-06-06 06:32:48,094] {scheduler_job.py:633} INFO - Processing file /media/PythonProjects/66.Spotify_ETL/venv/lib/python3.8/site-packages/airflow/example_dags/example_python_operator.py for tasks to queue
[2021-06-06 06:32:48,095] {logging_mixin.py:104} INFO - [2021-06-06 06:32:48,094] {dagbag.py:487} INFO - Filling up the DagBag from /media/PythonProjects/66.Spotify_ETL/venv/lib/python3.8/site-packages/airflow/example_dags/example_python_operator.py
[2021-06-06 06:32:48,121] {scheduler_job.py:643} INFO - DAG(s) dict_keys(['example_python_operator']) retrieved from /media/PythonProjects/66.Spotify_ETL/venv/lib/python3.8/site-packages/airflow/example_dags/example_python_operator.py
[2021-06-06 06:32:48,136] {logging_mixin.py:104} INFO - [2021-06-06 06:32:48,136] {dag.py:1832} INFO - Sync 1 DAGs
[2021-06-06 06:32:48,151] {logging_mixin.py:104} INFO - [2021-06-06 06:32:48,151] {dag.py:2305} INFO - Setting next_dagrun for example_python_operator to None
[2021-06-06 06:32:48,173] {scheduler_job.py:190} INFO - Processing /media/PythonProjects/66.Spotify_ETL/venv/lib/python3.8/site-packages/airflow/example_dags/example_python_operator.py took 0.088 seconds
[2021-06-06 06:33:23,094] {scheduler_job.py:182} INFO - Started process (PID=2541) to work on /media/PythonProjects/66.Spotify_ETL/venv/lib/python3.8/site-packages/airflow/example_dags/example_python_operator.py
[2021-06-06 06:33:23,096] {scheduler_job.py:633} INFO - Processing file /media/PythonProjects/66.Spotify_ETL/venv/lib/python3.8/site-packages/airflow/example_dags/example_python_operator.py for tasks to queue
[2021-06-06 06:33:23,097] {logging_mixin.py:104} INFO - [2021-06-06 06:33:23,097] {dagbag.py:487} INFO - Filling up the DagBag from /media/PythonProjects/66.Spotify_ETL/venv/lib/python3.8/site-packages/airflow/example_dags/example_python_operator.py
[2021-06-06 06:33:23,115] {scheduler_job.py:643} INFO - DAG(s) dict_keys(['example_python_operator']) retrieved from /media/PythonProjects/66.Spotify_ETL/venv/lib/python3.8/site-packages/airflow/example_dags/example_python_operator.py
[2021-06-06 06:33:23,130] {logging_mixin.py:104} INFO - [2021-06-06 06:33:23,130] {dag.py:1832} INFO - Sync 1 DAGs
[2021-06-06 06:33:23,142] {logging_mixin.py:104} INFO - [2021-06-06 06:33:23,142] {dag.py:2305} INFO - Setting next_dagrun for example_python_operator to None
[2021-06-06 06:33:23,163] {scheduler_job.py:190} INFO - Processing /media/PythonProjects/66.Spotify_ETL/venv/lib/python3.8/site-packages/airflow/example_dags/example_python_operator.py took 0.079 seconds
[2021-06-06 06:33:59,212] {scheduler_job.py:182} INFO - Started process (PID=2602) to work on /media/PythonProjects/66.Spotify_ETL/venv/lib/python3.8/site-packages/airflow/example_dags/example_python_operator.py
[2021-06-06 06:33:59,216] {scheduler_job.py:633} INFO - Processing file /media/PythonProjects/66.Spotify_ETL/venv/lib/python3.8/site-packages/airflow/example_dags/example_python_operator.py for tasks to queue
[2021-06-06 06:33:59,226] {logging_mixin.py:104} INFO - [2021-06-06 06:33:59,226] {dagbag.py:487} INFO - Filling up the DagBag from /media/PythonProjects/66.Spotify_ETL/venv/lib/python3.8/site-packages/airflow/example_dags/example_python_operator.py
[2021-06-06 06:33:59,313] {scheduler_job.py:643} INFO - DAG(s) dict_keys(['example_python_operator']) retrieved from /media/PythonProjects/66.Spotify_ETL/venv/lib/python3.8/site-packages/airflow/example_dags/example_python_operator.py
[2021-06-06 06:33:59,367] {logging_mixin.py:104} INFO - [2021-06-06 06:33:59,367] {dag.py:1832} INFO - Sync 1 DAGs
[2021-06-06 06:33:59,397] {logging_mixin.py:104} INFO - [2021-06-06 06:33:59,397] {dag.py:2305} INFO - Setting next_dagrun for example_python_operator to None
[2021-06-06 06:33:59,457] {scheduler_job.py:190} INFO - Processing /media/PythonProjects/66.Spotify_ETL/venv/lib/python3.8/site-packages/airflow/example_dags/example_python_operator.py took 0.249 seconds
[2021-06-06 06:34:34,233] {scheduler_job.py:182} INFO - Started process (PID=2662) to work on /media/PythonProjects/66.Spotify_ETL/venv/lib/python3.8/site-packages/airflow/example_dags/example_python_operator.py
[2021-06-06 06:34:34,235] {scheduler_job.py:633} INFO - Processing file /media/PythonProjects/66.Spotify_ETL/venv/lib/python3.8/site-packages/airflow/example_dags/example_python_operator.py for tasks to queue
[2021-06-06 06:34:34,236] {logging_mixin.py:104} INFO - [2021-06-06 06:34:34,235] {dagbag.py:487} INFO - Filling up the DagBag from /media/PythonProjects/66.Spotify_ETL/venv/lib/python3.8/site-packages/airflow/example_dags/example_python_operator.py
[2021-06-06 06:34:34,248] {scheduler_job.py:643} INFO - DAG(s) dict_keys(['example_python_operator']) retrieved from /media/PythonProjects/66.Spotify_ETL/venv/lib/python3.8/site-packages/airflow/example_dags/example_python_operator.py
[2021-06-06 06:34:34,265] {logging_mixin.py:104} INFO - [2021-06-06 06:34:34,265] {dag.py:1832} INFO - Sync 1 DAGs
[2021-06-06 06:34:34,275] {logging_mixin.py:104} INFO - [2021-06-06 06:34:34,275] {dag.py:2305} INFO - Setting next_dagrun for example_python_operator to None
[2021-06-06 06:34:34,297] {scheduler_job.py:190} INFO - Processing /media/PythonProjects/66.Spotify_ETL/venv/lib/python3.8/site-packages/airflow/example_dags/example_python_operator.py took 0.066 seconds
[2021-06-06 06:35:06,448] {scheduler_job.py:182} INFO - Started process (PID=2722) to work on /media/PythonProjects/66.Spotify_ETL/venv/lib/python3.8/site-packages/airflow/example_dags/example_python_operator.py
[2021-06-06 06:35:06,449] {scheduler_job.py:633} INFO - Processing file /media/PythonProjects/66.Spotify_ETL/venv/lib/python3.8/site-packages/airflow/example_dags/example_python_operator.py for tasks to queue
[2021-06-06 06:35:06,450] {logging_mixin.py:104} INFO - [2021-06-06 06:35:06,450] {dagbag.py:487} INFO - Filling up the DagBag from /media/PythonProjects/66.Spotify_ETL/venv/lib/python3.8/site-packages/airflow/example_dags/example_python_operator.py
[2021-06-06 06:35:06,464] {scheduler_job.py:643} INFO - DAG(s) dict_keys(['example_python_operator']) retrieved from /media/PythonProjects/66.Spotify_ETL/venv/lib/python3.8/site-packages/airflow/example_dags/example_python_operator.py
[2021-06-06 06:35:06,476] {logging_mixin.py:104} INFO - [2021-06-06 06:35:06,476] {dag.py:1832} INFO - Sync 1 DAGs
[2021-06-06 06:35:06,488] {logging_mixin.py:104} INFO - [2021-06-06 06:35:06,488] {dag.py:2305} INFO - Setting next_dagrun for example_python_operator to None
[2021-06-06 06:35:06,511] {scheduler_job.py:190} INFO - Processing /media/PythonProjects/66.Spotify_ETL/venv/lib/python3.8/site-packages/airflow/example_dags/example_python_operator.py took 0.070 seconds
[2021-06-06 06:35:39,072] {scheduler_job.py:182} INFO - Started process (PID=2782) to work on /media/PythonProjects/66.Spotify_ETL/venv/lib/python3.8/site-packages/airflow/example_dags/example_python_operator.py
[2021-06-06 06:35:39,074] {scheduler_job.py:633} INFO - Processing file /media/PythonProjects/66.Spotify_ETL/venv/lib/python3.8/site-packages/airflow/example_dags/example_python_operator.py for tasks to queue
[2021-06-06 06:35:39,075] {logging_mixin.py:104} INFO - [2021-06-06 06:35:39,075] {dagbag.py:487} INFO - Filling up the DagBag from /media/PythonProjects/66.Spotify_ETL/venv/lib/python3.8/site-packages/airflow/example_dags/example_python_operator.py
[2021-06-06 06:35:39,088] {scheduler_job.py:643} INFO - DAG(s) dict_keys(['example_python_operator']) retrieved from /media/PythonProjects/66.Spotify_ETL/venv/lib/python3.8/site-packages/airflow/example_dags/example_python_operator.py
[2021-06-06 06:35:39,101] {logging_mixin.py:104} INFO - [2021-06-06 06:35:39,101] {dag.py:1832} INFO - Sync 1 DAGs
[2021-06-06 06:35:39,112] {logging_mixin.py:104} INFO - [2021-06-06 06:35:39,111] {dag.py:2305} INFO - Setting next_dagrun for example_python_operator to None
[2021-06-06 06:35:39,133] {scheduler_job.py:190} INFO - Processing /media/PythonProjects/66.Spotify_ETL/venv/lib/python3.8/site-packages/airflow/example_dags/example_python_operator.py took 0.066 seconds
[2021-06-06 06:36:12,403] {scheduler_job.py:182} INFO - Started process (PID=2843) to work on /media/PythonProjects/66.Spotify_ETL/venv/lib/python3.8/site-packages/airflow/example_dags/example_python_operator.py
[2021-06-06 06:36:12,404] {scheduler_job.py:633} INFO - Processing file /media/PythonProjects/66.Spotify_ETL/venv/lib/python3.8/site-packages/airflow/example_dags/example_python_operator.py for tasks to queue
[2021-06-06 06:36:12,405] {logging_mixin.py:104} INFO - [2021-06-06 06:36:12,405] {dagbag.py:487} INFO - Filling up the DagBag from /media/PythonProjects/66.Spotify_ETL/venv/lib/python3.8/site-packages/airflow/example_dags/example_python_operator.py
[2021-06-06 06:36:12,416] {scheduler_job.py:643} INFO - DAG(s) dict_keys(['example_python_operator']) retrieved from /media/PythonProjects/66.Spotify_ETL/venv/lib/python3.8/site-packages/airflow/example_dags/example_python_operator.py
[2021-06-06 06:36:12,429] {logging_mixin.py:104} INFO - [2021-06-06 06:36:12,429] {dag.py:1832} INFO - Sync 1 DAGs
[2021-06-06 06:36:12,439] {logging_mixin.py:104} INFO - [2021-06-06 06:36:12,439] {dag.py:2305} INFO - Setting next_dagrun for example_python_operator to None
[2021-06-06 06:36:12,457] {scheduler_job.py:190} INFO - Processing /media/PythonProjects/66.Spotify_ETL/venv/lib/python3.8/site-packages/airflow/example_dags/example_python_operator.py took 0.057 seconds
[2021-06-06 06:36:44,268] {scheduler_job.py:182} INFO - Started process (PID=2901) to work on /media/PythonProjects/66.Spotify_ETL/venv/lib/python3.8/site-packages/airflow/example_dags/example_python_operator.py
[2021-06-06 06:36:44,270] {scheduler_job.py:633} INFO - Processing file /media/PythonProjects/66.Spotify_ETL/venv/lib/python3.8/site-packages/airflow/example_dags/example_python_operator.py for tasks to queue
[2021-06-06 06:36:44,271] {logging_mixin.py:104} INFO - [2021-06-06 06:36:44,271] {dagbag.py:487} INFO - Filling up the DagBag from /media/PythonProjects/66.Spotify_ETL/venv/lib/python3.8/site-packages/airflow/example_dags/example_python_operator.py
[2021-06-06 06:36:44,285] {scheduler_job.py:643} INFO - DAG(s) dict_keys(['example_python_operator']) retrieved from /media/PythonProjects/66.Spotify_ETL/venv/lib/python3.8/site-packages/airflow/example_dags/example_python_operator.py
[2021-06-06 06:36:44,298] {logging_mixin.py:104} INFO - [2021-06-06 06:36:44,297] {dag.py:1832} INFO - Sync 1 DAGs
[2021-06-06 06:36:44,308] {logging_mixin.py:104} INFO - [2021-06-06 06:36:44,308] {dag.py:2305} INFO - Setting next_dagrun for example_python_operator to None
[2021-06-06 06:36:44,331] {scheduler_job.py:190} INFO - Processing /media/PythonProjects/66.Spotify_ETL/venv/lib/python3.8/site-packages/airflow/example_dags/example_python_operator.py took 0.068 seconds
[2021-06-06 06:37:18,166] {scheduler_job.py:182} INFO - Started process (PID=2962) to work on /media/PythonProjects/66.Spotify_ETL/venv/lib/python3.8/site-packages/airflow/example_dags/example_python_operator.py
[2021-06-06 06:37:18,169] {scheduler_job.py:633} INFO - Processing file /media/PythonProjects/66.Spotify_ETL/venv/lib/python3.8/site-packages/airflow/example_dags/example_python_operator.py for tasks to queue
[2021-06-06 06:37:18,170] {logging_mixin.py:104} INFO - [2021-06-06 06:37:18,170] {dagbag.py:487} INFO - Filling up the DagBag from /media/PythonProjects/66.Spotify_ETL/venv/lib/python3.8/site-packages/airflow/example_dags/example_python_operator.py
[2021-06-06 06:37:18,185] {scheduler_job.py:643} INFO - DAG(s) dict_keys(['example_python_operator']) retrieved from /media/PythonProjects/66.Spotify_ETL/venv/lib/python3.8/site-packages/airflow/example_dags/example_python_operator.py
[2021-06-06 06:37:18,199] {logging_mixin.py:104} INFO - [2021-06-06 06:37:18,198] {dag.py:1832} INFO - Sync 1 DAGs
[2021-06-06 06:37:18,209] {logging_mixin.py:104} INFO - [2021-06-06 06:37:18,209] {dag.py:2305} INFO - Setting next_dagrun for example_python_operator to None
[2021-06-06 06:37:18,230] {scheduler_job.py:190} INFO - Processing /media/PythonProjects/66.Spotify_ETL/venv/lib/python3.8/site-packages/airflow/example_dags/example_python_operator.py took 0.071 seconds
[2021-06-06 06:37:52,692] {scheduler_job.py:182} INFO - Started process (PID=3023) to work on /media/PythonProjects/66.Spotify_ETL/venv/lib/python3.8/site-packages/airflow/example_dags/example_python_operator.py
[2021-06-06 06:37:52,694] {scheduler_job.py:633} INFO - Processing file /media/PythonProjects/66.Spotify_ETL/venv/lib/python3.8/site-packages/airflow/example_dags/example_python_operator.py for tasks to queue
[2021-06-06 06:37:52,695] {logging_mixin.py:104} INFO - [2021-06-06 06:37:52,695] {dagbag.py:487} INFO - Filling up the DagBag from /media/PythonProjects/66.Spotify_ETL/venv/lib/python3.8/site-packages/airflow/example_dags/example_python_operator.py
[2021-06-06 06:37:52,709] {scheduler_job.py:643} INFO - DAG(s) dict_keys(['example_python_operator']) retrieved from /media/PythonProjects/66.Spotify_ETL/venv/lib/python3.8/site-packages/airflow/example_dags/example_python_operator.py
[2021-06-06 06:37:52,723] {logging_mixin.py:104} INFO - [2021-06-06 06:37:52,722] {dag.py:1832} INFO - Sync 1 DAGs
[2021-06-06 06:37:52,733] {logging_mixin.py:104} INFO - [2021-06-06 06:37:52,733] {dag.py:2305} INFO - Setting next_dagrun for example_python_operator to None
[2021-06-06 06:37:52,753] {scheduler_job.py:190} INFO - Processing /media/PythonProjects/66.Spotify_ETL/venv/lib/python3.8/site-packages/airflow/example_dags/example_python_operator.py took 0.066 seconds
[2021-06-06 06:38:26,284] {scheduler_job.py:182} INFO - Started process (PID=3081) to work on /media/PythonProjects/66.Spotify_ETL/venv/lib/python3.8/site-packages/airflow/example_dags/example_python_operator.py
[2021-06-06 06:38:26,286] {scheduler_job.py:633} INFO - Processing file /media/PythonProjects/66.Spotify_ETL/venv/lib/python3.8/site-packages/airflow/example_dags/example_python_operator.py for tasks to queue
[2021-06-06 06:38:26,287] {logging_mixin.py:104} INFO - [2021-06-06 06:38:26,287] {dagbag.py:487} INFO - Filling up the DagBag from /media/PythonProjects/66.Spotify_ETL/venv/lib/python3.8/site-packages/airflow/example_dags/example_python_operator.py
[2021-06-06 06:38:26,300] {scheduler_job.py:643} INFO - DAG(s) dict_keys(['example_python_operator']) retrieved from /media/PythonProjects/66.Spotify_ETL/venv/lib/python3.8/site-packages/airflow/example_dags/example_python_operator.py
[2021-06-06 06:38:26,313] {logging_mixin.py:104} INFO - [2021-06-06 06:38:26,313] {dag.py:1832} INFO - Sync 1 DAGs
[2021-06-06 06:38:26,323] {logging_mixin.py:104} INFO - [2021-06-06 06:38:26,323] {dag.py:2305} INFO - Setting next_dagrun for example_python_operator to None
[2021-06-06 06:38:26,340] {scheduler_job.py:190} INFO - Processing /media/PythonProjects/66.Spotify_ETL/venv/lib/python3.8/site-packages/airflow/example_dags/example_python_operator.py took 0.062 seconds
[2021-06-06 06:38:58,390] {scheduler_job.py:182} INFO - Started process (PID=3137) to work on /media/PythonProjects/66.Spotify_ETL/venv/lib/python3.8/site-packages/airflow/example_dags/example_python_operator.py
[2021-06-06 06:38:58,392] {scheduler_job.py:633} INFO - Processing file /media/PythonProjects/66.Spotify_ETL/venv/lib/python3.8/site-packages/airflow/example_dags/example_python_operator.py for tasks to queue
[2021-06-06 06:38:58,398] {logging_mixin.py:104} INFO - [2021-06-06 06:38:58,398] {dagbag.py:487} INFO - Filling up the DagBag from /media/PythonProjects/66.Spotify_ETL/venv/lib/python3.8/site-packages/airflow/example_dags/example_python_operator.py
[2021-06-06 06:38:58,414] {scheduler_job.py:643} INFO - DAG(s) dict_keys(['example_python_operator']) retrieved from /media/PythonProjects/66.Spotify_ETL/venv/lib/python3.8/site-packages/airflow/example_dags/example_python_operator.py
[2021-06-06 06:38:58,431] {logging_mixin.py:104} INFO - [2021-06-06 06:38:58,431] {dag.py:1832} INFO - Sync 1 DAGs
[2021-06-06 06:38:58,452] {logging_mixin.py:104} INFO - [2021-06-06 06:38:58,451] {dag.py:2305} INFO - Setting next_dagrun for example_python_operator to None
[2021-06-06 06:38:58,480] {scheduler_job.py:190} INFO - Processing /media/PythonProjects/66.Spotify_ETL/venv/lib/python3.8/site-packages/airflow/example_dags/example_python_operator.py took 0.094 seconds
[2021-06-06 06:39:31,497] {scheduler_job.py:182} INFO - Started process (PID=3195) to work on /media/PythonProjects/66.Spotify_ETL/venv/lib/python3.8/site-packages/airflow/example_dags/example_python_operator.py
[2021-06-06 06:39:31,500] {scheduler_job.py:633} INFO - Processing file /media/PythonProjects/66.Spotify_ETL/venv/lib/python3.8/site-packages/airflow/example_dags/example_python_operator.py for tasks to queue
[2021-06-06 06:39:31,501] {logging_mixin.py:104} INFO - [2021-06-06 06:39:31,501] {dagbag.py:487} INFO - Filling up the DagBag from /media/PythonProjects/66.Spotify_ETL/venv/lib/python3.8/site-packages/airflow/example_dags/example_python_operator.py
[2021-06-06 06:39:31,515] {scheduler_job.py:643} INFO - DAG(s) dict_keys(['example_python_operator']) retrieved from /media/PythonProjects/66.Spotify_ETL/venv/lib/python3.8/site-packages/airflow/example_dags/example_python_operator.py
[2021-06-06 06:39:31,528] {logging_mixin.py:104} INFO - [2021-06-06 06:39:31,528] {dag.py:1832} INFO - Sync 1 DAGs
[2021-06-06 06:39:31,539] {logging_mixin.py:104} INFO - [2021-06-06 06:39:31,538] {dag.py:2305} INFO - Setting next_dagrun for example_python_operator to None
[2021-06-06 06:39:31,557] {scheduler_job.py:190} INFO - Processing /media/PythonProjects/66.Spotify_ETL/venv/lib/python3.8/site-packages/airflow/example_dags/example_python_operator.py took 0.066 seconds
[2021-06-06 06:40:04,823] {scheduler_job.py:182} INFO - Started process (PID=3250) to work on /media/PythonProjects/66.Spotify_ETL/venv/lib/python3.8/site-packages/airflow/example_dags/example_python_operator.py
[2021-06-06 06:40:04,824] {scheduler_job.py:633} INFO - Processing file /media/PythonProjects/66.Spotify_ETL/venv/lib/python3.8/site-packages/airflow/example_dags/example_python_operator.py for tasks to queue
[2021-06-06 06:40:04,826] {logging_mixin.py:104} INFO - [2021-06-06 06:40:04,825] {dagbag.py:487} INFO - Filling up the DagBag from /media/PythonProjects/66.Spotify_ETL/venv/lib/python3.8/site-packages/airflow/example_dags/example_python_operator.py
[2021-06-06 06:40:04,838] {scheduler_job.py:643} INFO - DAG(s) dict_keys(['example_python_operator']) retrieved from /media/PythonProjects/66.Spotify_ETL/venv/lib/python3.8/site-packages/airflow/example_dags/example_python_operator.py
[2021-06-06 06:40:04,852] {logging_mixin.py:104} INFO - [2021-06-06 06:40:04,852] {dag.py:1832} INFO - Sync 1 DAGs
[2021-06-06 06:40:04,863] {logging_mixin.py:104} INFO - [2021-06-06 06:40:04,863] {dag.py:2305} INFO - Setting next_dagrun for example_python_operator to None
[2021-06-06 06:40:04,883] {scheduler_job.py:190} INFO - Processing /media/PythonProjects/66.Spotify_ETL/venv/lib/python3.8/site-packages/airflow/example_dags/example_python_operator.py took 0.063 seconds
[2021-06-06 06:40:38,937] {scheduler_job.py:182} INFO - Started process (PID=3306) to work on /media/PythonProjects/66.Spotify_ETL/venv/lib/python3.8/site-packages/airflow/example_dags/example_python_operator.py
[2021-06-06 06:40:38,939] {scheduler_job.py:633} INFO - Processing file /media/PythonProjects/66.Spotify_ETL/venv/lib/python3.8/site-packages/airflow/example_dags/example_python_operator.py for tasks to queue
[2021-06-06 06:40:38,940] {logging_mixin.py:104} INFO - [2021-06-06 06:40:38,940] {dagbag.py:487} INFO - Filling up the DagBag from /media/PythonProjects/66.Spotify_ETL/venv/lib/python3.8/site-packages/airflow/example_dags/example_python_operator.py
[2021-06-06 06:40:38,953] {scheduler_job.py:643} INFO - DAG(s) dict_keys(['example_python_operator']) retrieved from /media/PythonProjects/66.Spotify_ETL/venv/lib/python3.8/site-packages/airflow/example_dags/example_python_operator.py
[2021-06-06 06:40:38,966] {logging_mixin.py:104} INFO - [2021-06-06 06:40:38,966] {dag.py:1832} INFO - Sync 1 DAGs
[2021-06-06 06:40:38,976] {logging_mixin.py:104} INFO - [2021-06-06 06:40:38,976] {dag.py:2305} INFO - Setting next_dagrun for example_python_operator to None
[2021-06-06 06:40:38,995] {scheduler_job.py:190} INFO - Processing /media/PythonProjects/66.Spotify_ETL/venv/lib/python3.8/site-packages/airflow/example_dags/example_python_operator.py took 0.063 seconds
[2021-06-06 06:41:12,331] {scheduler_job.py:182} INFO - Started process (PID=3366) to work on /media/PythonProjects/66.Spotify_ETL/venv/lib/python3.8/site-packages/airflow/example_dags/example_python_operator.py
[2021-06-06 06:41:12,333] {scheduler_job.py:633} INFO - Processing file /media/PythonProjects/66.Spotify_ETL/venv/lib/python3.8/site-packages/airflow/example_dags/example_python_operator.py for tasks to queue
[2021-06-06 06:41:12,334] {logging_mixin.py:104} INFO - [2021-06-06 06:41:12,334] {dagbag.py:487} INFO - Filling up the DagBag from /media/PythonProjects/66.Spotify_ETL/venv/lib/python3.8/site-packages/airflow/example_dags/example_python_operator.py
[2021-06-06 06:41:12,348] {scheduler_job.py:643} INFO - DAG(s) dict_keys(['example_python_operator']) retrieved from /media/PythonProjects/66.Spotify_ETL/venv/lib/python3.8/site-packages/airflow/example_dags/example_python_operator.py
[2021-06-06 06:41:12,363] {logging_mixin.py:104} INFO - [2021-06-06 06:41:12,363] {dag.py:1832} INFO - Sync 1 DAGs
[2021-06-06 06:41:12,373] {logging_mixin.py:104} INFO - [2021-06-06 06:41:12,373] {dag.py:2305} INFO - Setting next_dagrun for example_python_operator to None
[2021-06-06 06:41:12,391] {scheduler_job.py:190} INFO - Processing /media/PythonProjects/66.Spotify_ETL/venv/lib/python3.8/site-packages/airflow/example_dags/example_python_operator.py took 0.066 seconds
[2021-06-06 06:41:46,516] {scheduler_job.py:182} INFO - Started process (PID=3427) to work on /media/PythonProjects/66.Spotify_ETL/venv/lib/python3.8/site-packages/airflow/example_dags/example_python_operator.py
[2021-06-06 06:41:46,519] {scheduler_job.py:633} INFO - Processing file /media/PythonProjects/66.Spotify_ETL/venv/lib/python3.8/site-packages/airflow/example_dags/example_python_operator.py for tasks to queue
[2021-06-06 06:41:46,520] {logging_mixin.py:104} INFO - [2021-06-06 06:41:46,520] {dagbag.py:487} INFO - Filling up the DagBag from /media/PythonProjects/66.Spotify_ETL/venv/lib/python3.8/site-packages/airflow/example_dags/example_python_operator.py
[2021-06-06 06:41:46,535] {scheduler_job.py:643} INFO - DAG(s) dict_keys(['example_python_operator']) retrieved from /media/PythonProjects/66.Spotify_ETL/venv/lib/python3.8/site-packages/airflow/example_dags/example_python_operator.py
[2021-06-06 06:41:46,548] {logging_mixin.py:104} INFO - [2021-06-06 06:41:46,548] {dag.py:1832} INFO - Sync 1 DAGs
[2021-06-06 06:41:46,561] {logging_mixin.py:104} INFO - [2021-06-06 06:41:46,561] {dag.py:2305} INFO - Setting next_dagrun for example_python_operator to None
[2021-06-06 06:41:46,579] {scheduler_job.py:190} INFO - Processing /media/PythonProjects/66.Spotify_ETL/venv/lib/python3.8/site-packages/airflow/example_dags/example_python_operator.py took 0.070 seconds
[2021-06-06 06:42:18,728] {scheduler_job.py:182} INFO - Started process (PID=3484) to work on /media/PythonProjects/66.Spotify_ETL/venv/lib/python3.8/site-packages/airflow/example_dags/example_python_operator.py
[2021-06-06 06:42:18,731] {scheduler_job.py:633} INFO - Processing file /media/PythonProjects/66.Spotify_ETL/venv/lib/python3.8/site-packages/airflow/example_dags/example_python_operator.py for tasks to queue
[2021-06-06 06:42:18,732] {logging_mixin.py:104} INFO - [2021-06-06 06:42:18,732] {dagbag.py:487} INFO - Filling up the DagBag from /media/PythonProjects/66.Spotify_ETL/venv/lib/python3.8/site-packages/airflow/example_dags/example_python_operator.py
[2021-06-06 06:42:18,745] {scheduler_job.py:643} INFO - DAG(s) dict_keys(['example_python_operator']) retrieved from /media/PythonProjects/66.Spotify_ETL/venv/lib/python3.8/site-packages/airflow/example_dags/example_python_operator.py
[2021-06-06 06:42:18,758] {logging_mixin.py:104} INFO - [2021-06-06 06:42:18,758] {dag.py:1832} INFO - Sync 1 DAGs
[2021-06-06 06:42:18,768] {logging_mixin.py:104} INFO - [2021-06-06 06:42:18,768] {dag.py:2305} INFO - Setting next_dagrun for example_python_operator to None
[2021-06-06 06:42:18,791] {scheduler_job.py:190} INFO - Processing /media/PythonProjects/66.Spotify_ETL/venv/lib/python3.8/site-packages/airflow/example_dags/example_python_operator.py took 0.068 seconds
[2021-06-06 06:42:51,540] {scheduler_job.py:182} INFO - Started process (PID=3542) to work on /media/PythonProjects/66.Spotify_ETL/venv/lib/python3.8/site-packages/airflow/example_dags/example_python_operator.py
[2021-06-06 06:42:51,543] {scheduler_job.py:633} INFO - Processing file /media/PythonProjects/66.Spotify_ETL/venv/lib/python3.8/site-packages/airflow/example_dags/example_python_operator.py for tasks to queue
[2021-06-06 06:42:51,544] {logging_mixin.py:104} INFO - [2021-06-06 06:42:51,544] {dagbag.py:487} INFO - Filling up the DagBag from /media/PythonProjects/66.Spotify_ETL/venv/lib/python3.8/site-packages/airflow/example_dags/example_python_operator.py
[2021-06-06 06:42:51,557] {scheduler_job.py:643} INFO - DAG(s) dict_keys(['example_python_operator']) retrieved from /media/PythonProjects/66.Spotify_ETL/venv/lib/python3.8/site-packages/airflow/example_dags/example_python_operator.py
[2021-06-06 06:42:51,574] {logging_mixin.py:104} INFO - [2021-06-06 06:42:51,574] {dag.py:1832} INFO - Sync 1 DAGs
[2021-06-06 06:42:51,585] {logging_mixin.py:104} INFO - [2021-06-06 06:42:51,585] {dag.py:2305} INFO - Setting next_dagrun for example_python_operator to None
[2021-06-06 06:42:51,604] {scheduler_job.py:190} INFO - Processing /media/PythonProjects/66.Spotify_ETL/venv/lib/python3.8/site-packages/airflow/example_dags/example_python_operator.py took 0.069 seconds
[2021-06-06 06:43:24,543] {scheduler_job.py:182} INFO - Started process (PID=3602) to work on /media/PythonProjects/66.Spotify_ETL/venv/lib/python3.8/site-packages/airflow/example_dags/example_python_operator.py
[2021-06-06 06:43:24,545] {scheduler_job.py:633} INFO - Processing file /media/PythonProjects/66.Spotify_ETL/venv/lib/python3.8/site-packages/airflow/example_dags/example_python_operator.py for tasks to queue
[2021-06-06 06:43:24,545] {logging_mixin.py:104} INFO - [2021-06-06 06:43:24,545] {dagbag.py:487} INFO - Filling up the DagBag from /media/PythonProjects/66.Spotify_ETL/venv/lib/python3.8/site-packages/airflow/example_dags/example_python_operator.py
[2021-06-06 06:43:24,558] {scheduler_job.py:643} INFO - DAG(s) dict_keys(['example_python_operator']) retrieved from /media/PythonProjects/66.Spotify_ETL/venv/lib/python3.8/site-packages/airflow/example_dags/example_python_operator.py
[2021-06-06 06:43:24,571] {logging_mixin.py:104} INFO - [2021-06-06 06:43:24,571] {dag.py:1832} INFO - Sync 1 DAGs
[2021-06-06 06:43:24,581] {logging_mixin.py:104} INFO - [2021-06-06 06:43:24,581] {dag.py:2305} INFO - Setting next_dagrun for example_python_operator to None
[2021-06-06 06:43:24,606] {scheduler_job.py:190} INFO - Processing /media/PythonProjects/66.Spotify_ETL/venv/lib/python3.8/site-packages/airflow/example_dags/example_python_operator.py took 0.066 seconds
[2021-06-06 06:43:58,401] {scheduler_job.py:182} INFO - Started process (PID=3662) to work on /media/PythonProjects/66.Spotify_ETL/venv/lib/python3.8/site-packages/airflow/example_dags/example_python_operator.py
[2021-06-06 06:43:58,403] {scheduler_job.py:633} INFO - Processing file /media/PythonProjects/66.Spotify_ETL/venv/lib/python3.8/site-packages/airflow/example_dags/example_python_operator.py for tasks to queue
[2021-06-06 06:43:58,404] {logging_mixin.py:104} INFO - [2021-06-06 06:43:58,404] {dagbag.py:487} INFO - Filling up the DagBag from /media/PythonProjects/66.Spotify_ETL/venv/lib/python3.8/site-packages/airflow/example_dags/example_python_operator.py
[2021-06-06 06:43:58,418] {scheduler_job.py:643} INFO - DAG(s) dict_keys(['example_python_operator']) retrieved from /media/PythonProjects/66.Spotify_ETL/venv/lib/python3.8/site-packages/airflow/example_dags/example_python_operator.py
[2021-06-06 06:43:58,431] {logging_mixin.py:104} INFO - [2021-06-06 06:43:58,431] {dag.py:1832} INFO - Sync 1 DAGs
[2021-06-06 06:43:58,441] {logging_mixin.py:104} INFO - [2021-06-06 06:43:58,441] {dag.py:2305} INFO - Setting next_dagrun for example_python_operator to None
[2021-06-06 06:43:58,465] {scheduler_job.py:190} INFO - Processing /media/PythonProjects/66.Spotify_ETL/venv/lib/python3.8/site-packages/airflow/example_dags/example_python_operator.py took 0.069 seconds
[2021-06-06 06:44:31,183] {scheduler_job.py:182} INFO - Started process (PID=3717) to work on /media/PythonProjects/66.Spotify_ETL/venv/lib/python3.8/site-packages/airflow/example_dags/example_python_operator.py
[2021-06-06 06:44:31,185] {scheduler_job.py:633} INFO - Processing file /media/PythonProjects/66.Spotify_ETL/venv/lib/python3.8/site-packages/airflow/example_dags/example_python_operator.py for tasks to queue
[2021-06-06 06:44:31,186] {logging_mixin.py:104} INFO - [2021-06-06 06:44:31,186] {dagbag.py:487} INFO - Filling up the DagBag from /media/PythonProjects/66.Spotify_ETL/venv/lib/python3.8/site-packages/airflow/example_dags/example_python_operator.py
[2021-06-06 06:44:31,203] {scheduler_job.py:643} INFO - DAG(s) dict_keys(['example_python_operator']) retrieved from /media/PythonProjects/66.Spotify_ETL/venv/lib/python3.8/site-packages/airflow/example_dags/example_python_operator.py
[2021-06-06 06:44:31,224] {logging_mixin.py:104} INFO - [2021-06-06 06:44:31,224] {dag.py:1832} INFO - Sync 1 DAGs
[2021-06-06 06:44:31,243] {logging_mixin.py:104} INFO - [2021-06-06 06:44:31,242] {dag.py:2305} INFO - Setting next_dagrun for example_python_operator to None
[2021-06-06 06:44:31,900] {scheduler_job.py:190} INFO - Processing /media/PythonProjects/66.Spotify_ETL/venv/lib/python3.8/site-packages/airflow/example_dags/example_python_operator.py took 0.720 seconds
[2021-06-06 06:45:04,627] {scheduler_job.py:182} INFO - Started process (PID=3773) to work on /media/PythonProjects/66.Spotify_ETL/venv/lib/python3.8/site-packages/airflow/example_dags/example_python_operator.py
[2021-06-06 06:45:04,629] {scheduler_job.py:633} INFO - Processing file /media/PythonProjects/66.Spotify_ETL/venv/lib/python3.8/site-packages/airflow/example_dags/example_python_operator.py for tasks to queue
[2021-06-06 06:45:04,630] {logging_mixin.py:104} INFO - [2021-06-06 06:45:04,630] {dagbag.py:487} INFO - Filling up the DagBag from /media/PythonProjects/66.Spotify_ETL/venv/lib/python3.8/site-packages/airflow/example_dags/example_python_operator.py
[2021-06-06 06:45:04,643] {scheduler_job.py:643} INFO - DAG(s) dict_keys(['example_python_operator']) retrieved from /media/PythonProjects/66.Spotify_ETL/venv/lib/python3.8/site-packages/airflow/example_dags/example_python_operator.py
[2021-06-06 06:45:04,660] {logging_mixin.py:104} INFO - [2021-06-06 06:45:04,660] {dag.py:1832} INFO - Sync 1 DAGs
[2021-06-06 06:45:04,675] {logging_mixin.py:104} INFO - [2021-06-06 06:45:04,675] {dag.py:2305} INFO - Setting next_dagrun for example_python_operator to None
[2021-06-06 06:45:04,702] {scheduler_job.py:190} INFO - Processing /media/PythonProjects/66.Spotify_ETL/venv/lib/python3.8/site-packages/airflow/example_dags/example_python_operator.py took 0.080 seconds
[2021-06-06 06:45:36,827] {scheduler_job.py:182} INFO - Started process (PID=3969) to work on /media/PythonProjects/66.Spotify_ETL/venv/lib/python3.8/site-packages/airflow/example_dags/example_python_operator.py
[2021-06-06 06:45:36,829] {scheduler_job.py:633} INFO - Processing file /media/PythonProjects/66.Spotify_ETL/venv/lib/python3.8/site-packages/airflow/example_dags/example_python_operator.py for tasks to queue
[2021-06-06 06:45:36,830] {logging_mixin.py:104} INFO - [2021-06-06 06:45:36,830] {dagbag.py:487} INFO - Filling up the DagBag from /media/PythonProjects/66.Spotify_ETL/venv/lib/python3.8/site-packages/airflow/example_dags/example_python_operator.py
[2021-06-06 06:45:36,844] {scheduler_job.py:643} INFO - DAG(s) dict_keys(['example_python_operator']) retrieved from /media/PythonProjects/66.Spotify_ETL/venv/lib/python3.8/site-packages/airflow/example_dags/example_python_operator.py
[2021-06-06 06:45:36,857] {logging_mixin.py:104} INFO - [2021-06-06 06:45:36,857] {dag.py:1832} INFO - Sync 1 DAGs
[2021-06-06 06:45:36,867] {logging_mixin.py:104} INFO - [2021-06-06 06:45:36,867] {dag.py:2305} INFO - Setting next_dagrun for example_python_operator to None
[2021-06-06 06:45:36,888] {scheduler_job.py:190} INFO - Processing /media/PythonProjects/66.Spotify_ETL/venv/lib/python3.8/site-packages/airflow/example_dags/example_python_operator.py took 0.066 seconds
[2021-06-06 06:46:09,246] {scheduler_job.py:182} INFO - Started process (PID=4247) to work on /media/PythonProjects/66.Spotify_ETL/venv/lib/python3.8/site-packages/airflow/example_dags/example_python_operator.py
[2021-06-06 06:46:09,247] {scheduler_job.py:633} INFO - Processing file /media/PythonProjects/66.Spotify_ETL/venv/lib/python3.8/site-packages/airflow/example_dags/example_python_operator.py for tasks to queue
[2021-06-06 06:46:09,248] {logging_mixin.py:104} INFO - [2021-06-06 06:46:09,248] {dagbag.py:487} INFO - Filling up the DagBag from /media/PythonProjects/66.Spotify_ETL/venv/lib/python3.8/site-packages/airflow/example_dags/example_python_operator.py
[2021-06-06 06:46:09,263] {scheduler_job.py:643} INFO - DAG(s) dict_keys(['example_python_operator']) retrieved from /media/PythonProjects/66.Spotify_ETL/venv/lib/python3.8/site-packages/airflow/example_dags/example_python_operator.py
[2021-06-06 06:46:09,279] {logging_mixin.py:104} INFO - [2021-06-06 06:46:09,278] {dag.py:1832} INFO - Sync 1 DAGs
[2021-06-06 06:46:09,292] {logging_mixin.py:104} INFO - [2021-06-06 06:46:09,292] {dag.py:2305} INFO - Setting next_dagrun for example_python_operator to None
[2021-06-06 06:46:09,319] {scheduler_job.py:190} INFO - Processing /media/PythonProjects/66.Spotify_ETL/venv/lib/python3.8/site-packages/airflow/example_dags/example_python_operator.py took 0.075 seconds
