[2021-06-06 06:31:55,508] {scheduler_job.py:182} INFO - Started process (PID=2344) to work on /media/PythonProjects/66.Spotify_ETL/venv/lib/python3.8/site-packages/airflow/example_dags/example_short_circuit_operator.py
[2021-06-06 06:31:55,510] {scheduler_job.py:633} INFO - Processing file /media/PythonProjects/66.Spotify_ETL/venv/lib/python3.8/site-packages/airflow/example_dags/example_short_circuit_operator.py for tasks to queue
[2021-06-06 06:31:55,511] {logging_mixin.py:104} INFO - [2021-06-06 06:31:55,510] {dagbag.py:487} INFO - Filling up the DagBag from /media/PythonProjects/66.Spotify_ETL/venv/lib/python3.8/site-packages/airflow/example_dags/example_short_circuit_operator.py
[2021-06-06 06:31:55,540] {scheduler_job.py:643} INFO - DAG(s) dict_keys(['example_short_circuit_operator']) retrieved from /media/PythonProjects/66.Spotify_ETL/venv/lib/python3.8/site-packages/airflow/example_dags/example_short_circuit_operator.py
[2021-06-06 06:31:55,585] {logging_mixin.py:104} INFO - [2021-06-06 06:31:55,585] {dag.py:1832} INFO - Sync 1 DAGs
[2021-06-06 06:31:55,602] {logging_mixin.py:104} INFO - [2021-06-06 06:31:55,602] {dag.py:2305} INFO - Setting next_dagrun for example_short_circuit_operator to 2021-06-04 00:00:00+00:00
[2021-06-06 06:31:55,641] {scheduler_job.py:190} INFO - Processing /media/PythonProjects/66.Spotify_ETL/venv/lib/python3.8/site-packages/airflow/example_dags/example_short_circuit_operator.py took 0.137 seconds
[2021-06-06 06:32:30,940] {scheduler_job.py:182} INFO - Started process (PID=2429) to work on /media/PythonProjects/66.Spotify_ETL/venv/lib/python3.8/site-packages/airflow/example_dags/example_short_circuit_operator.py
[2021-06-06 06:32:30,945] {scheduler_job.py:633} INFO - Processing file /media/PythonProjects/66.Spotify_ETL/venv/lib/python3.8/site-packages/airflow/example_dags/example_short_circuit_operator.py for tasks to queue
[2021-06-06 06:32:30,948] {logging_mixin.py:104} INFO - [2021-06-06 06:32:30,948] {dagbag.py:487} INFO - Filling up the DagBag from /media/PythonProjects/66.Spotify_ETL/venv/lib/python3.8/site-packages/airflow/example_dags/example_short_circuit_operator.py
[2021-06-06 06:32:30,972] {scheduler_job.py:643} INFO - DAG(s) dict_keys(['example_short_circuit_operator']) retrieved from /media/PythonProjects/66.Spotify_ETL/venv/lib/python3.8/site-packages/airflow/example_dags/example_short_circuit_operator.py
[2021-06-06 06:32:30,993] {logging_mixin.py:104} INFO - [2021-06-06 06:32:30,993] {dag.py:1832} INFO - Sync 1 DAGs
[2021-06-06 06:32:31,017] {logging_mixin.py:104} INFO - [2021-06-06 06:32:31,017] {dag.py:2305} INFO - Setting next_dagrun for example_short_circuit_operator to 2021-06-04 00:00:00+00:00
[2021-06-06 06:32:31,045] {scheduler_job.py:190} INFO - Processing /media/PythonProjects/66.Spotify_ETL/venv/lib/python3.8/site-packages/airflow/example_dags/example_short_circuit_operator.py took 0.109 seconds
[2021-06-06 06:33:02,451] {scheduler_job.py:182} INFO - Started process (PID=2506) to work on /media/PythonProjects/66.Spotify_ETL/venv/lib/python3.8/site-packages/airflow/example_dags/example_short_circuit_operator.py
[2021-06-06 06:33:02,454] {scheduler_job.py:633} INFO - Processing file /media/PythonProjects/66.Spotify_ETL/venv/lib/python3.8/site-packages/airflow/example_dags/example_short_circuit_operator.py for tasks to queue
[2021-06-06 06:33:02,458] {logging_mixin.py:104} INFO - [2021-06-06 06:33:02,456] {dagbag.py:487} INFO - Filling up the DagBag from /media/PythonProjects/66.Spotify_ETL/venv/lib/python3.8/site-packages/airflow/example_dags/example_short_circuit_operator.py
[2021-06-06 06:33:02,478] {scheduler_job.py:643} INFO - DAG(s) dict_keys(['example_short_circuit_operator']) retrieved from /media/PythonProjects/66.Spotify_ETL/venv/lib/python3.8/site-packages/airflow/example_dags/example_short_circuit_operator.py
[2021-06-06 06:33:02,503] {logging_mixin.py:104} INFO - [2021-06-06 06:33:02,500] {dag.py:1832} INFO - Sync 1 DAGs
[2021-06-06 06:33:02,547] {logging_mixin.py:104} INFO - [2021-06-06 06:33:02,547] {dag.py:2305} INFO - Setting next_dagrun for example_short_circuit_operator to 2021-06-04 00:00:00+00:00
[2021-06-06 06:33:02,579] {scheduler_job.py:190} INFO - Processing /media/PythonProjects/66.Spotify_ETL/venv/lib/python3.8/site-packages/airflow/example_dags/example_short_circuit_operator.py took 0.137 seconds
[2021-06-06 06:33:36,539] {scheduler_job.py:182} INFO - Started process (PID=2564) to work on /media/PythonProjects/66.Spotify_ETL/venv/lib/python3.8/site-packages/airflow/example_dags/example_short_circuit_operator.py
[2021-06-06 06:33:36,541] {scheduler_job.py:633} INFO - Processing file /media/PythonProjects/66.Spotify_ETL/venv/lib/python3.8/site-packages/airflow/example_dags/example_short_circuit_operator.py for tasks to queue
[2021-06-06 06:33:36,542] {logging_mixin.py:104} INFO - [2021-06-06 06:33:36,542] {dagbag.py:487} INFO - Filling up the DagBag from /media/PythonProjects/66.Spotify_ETL/venv/lib/python3.8/site-packages/airflow/example_dags/example_short_circuit_operator.py
[2021-06-06 06:33:36,558] {scheduler_job.py:643} INFO - DAG(s) dict_keys(['example_short_circuit_operator']) retrieved from /media/PythonProjects/66.Spotify_ETL/venv/lib/python3.8/site-packages/airflow/example_dags/example_short_circuit_operator.py
[2021-06-06 06:33:36,572] {logging_mixin.py:104} INFO - [2021-06-06 06:33:36,571] {dag.py:1832} INFO - Sync 1 DAGs
[2021-06-06 06:33:36,582] {logging_mixin.py:104} INFO - [2021-06-06 06:33:36,582] {dag.py:2305} INFO - Setting next_dagrun for example_short_circuit_operator to 2021-06-04 00:00:00+00:00
[2021-06-06 06:33:36,601] {scheduler_job.py:190} INFO - Processing /media/PythonProjects/66.Spotify_ETL/venv/lib/python3.8/site-packages/airflow/example_dags/example_short_circuit_operator.py took 0.067 seconds
[2021-06-06 06:34:09,732] {scheduler_job.py:182} INFO - Started process (PID=2618) to work on /media/PythonProjects/66.Spotify_ETL/venv/lib/python3.8/site-packages/airflow/example_dags/example_short_circuit_operator.py
[2021-06-06 06:34:09,734] {scheduler_job.py:633} INFO - Processing file /media/PythonProjects/66.Spotify_ETL/venv/lib/python3.8/site-packages/airflow/example_dags/example_short_circuit_operator.py for tasks to queue
[2021-06-06 06:34:09,735] {logging_mixin.py:104} INFO - [2021-06-06 06:34:09,734] {dagbag.py:487} INFO - Filling up the DagBag from /media/PythonProjects/66.Spotify_ETL/venv/lib/python3.8/site-packages/airflow/example_dags/example_short_circuit_operator.py
[2021-06-06 06:34:09,751] {scheduler_job.py:643} INFO - DAG(s) dict_keys(['example_short_circuit_operator']) retrieved from /media/PythonProjects/66.Spotify_ETL/venv/lib/python3.8/site-packages/airflow/example_dags/example_short_circuit_operator.py
[2021-06-06 06:34:09,767] {logging_mixin.py:104} INFO - [2021-06-06 06:34:09,767] {dag.py:1832} INFO - Sync 1 DAGs
[2021-06-06 06:34:09,781] {logging_mixin.py:104} INFO - [2021-06-06 06:34:09,781] {dag.py:2305} INFO - Setting next_dagrun for example_short_circuit_operator to 2021-06-04 00:00:00+00:00
[2021-06-06 06:34:09,808] {scheduler_job.py:190} INFO - Processing /media/PythonProjects/66.Spotify_ETL/venv/lib/python3.8/site-packages/airflow/example_dags/example_short_circuit_operator.py took 0.079 seconds
[2021-06-06 06:34:42,128] {scheduler_job.py:182} INFO - Started process (PID=2677) to work on /media/PythonProjects/66.Spotify_ETL/venv/lib/python3.8/site-packages/airflow/example_dags/example_short_circuit_operator.py
[2021-06-06 06:34:42,129] {scheduler_job.py:633} INFO - Processing file /media/PythonProjects/66.Spotify_ETL/venv/lib/python3.8/site-packages/airflow/example_dags/example_short_circuit_operator.py for tasks to queue
[2021-06-06 06:34:42,131] {logging_mixin.py:104} INFO - [2021-06-06 06:34:42,130] {dagbag.py:487} INFO - Filling up the DagBag from /media/PythonProjects/66.Spotify_ETL/venv/lib/python3.8/site-packages/airflow/example_dags/example_short_circuit_operator.py
[2021-06-06 06:34:42,144] {scheduler_job.py:643} INFO - DAG(s) dict_keys(['example_short_circuit_operator']) retrieved from /media/PythonProjects/66.Spotify_ETL/venv/lib/python3.8/site-packages/airflow/example_dags/example_short_circuit_operator.py
[2021-06-06 06:34:42,162] {logging_mixin.py:104} INFO - [2021-06-06 06:34:42,162] {dag.py:1832} INFO - Sync 1 DAGs
[2021-06-06 06:34:42,177] {logging_mixin.py:104} INFO - [2021-06-06 06:34:42,177] {dag.py:2305} INFO - Setting next_dagrun for example_short_circuit_operator to 2021-06-04 00:00:00+00:00
[2021-06-06 06:34:42,200] {scheduler_job.py:190} INFO - Processing /media/PythonProjects/66.Spotify_ETL/venv/lib/python3.8/site-packages/airflow/example_dags/example_short_circuit_operator.py took 0.075 seconds
[2021-06-06 06:35:12,803] {scheduler_job.py:182} INFO - Started process (PID=2733) to work on /media/PythonProjects/66.Spotify_ETL/venv/lib/python3.8/site-packages/airflow/example_dags/example_short_circuit_operator.py
[2021-06-06 06:35:12,805] {scheduler_job.py:633} INFO - Processing file /media/PythonProjects/66.Spotify_ETL/venv/lib/python3.8/site-packages/airflow/example_dags/example_short_circuit_operator.py for tasks to queue
[2021-06-06 06:35:12,807] {logging_mixin.py:104} INFO - [2021-06-06 06:35:12,807] {dagbag.py:487} INFO - Filling up the DagBag from /media/PythonProjects/66.Spotify_ETL/venv/lib/python3.8/site-packages/airflow/example_dags/example_short_circuit_operator.py
[2021-06-06 06:35:12,822] {scheduler_job.py:643} INFO - DAG(s) dict_keys(['example_short_circuit_operator']) retrieved from /media/PythonProjects/66.Spotify_ETL/venv/lib/python3.8/site-packages/airflow/example_dags/example_short_circuit_operator.py
[2021-06-06 06:35:12,834] {logging_mixin.py:104} INFO - [2021-06-06 06:35:12,834] {dag.py:1832} INFO - Sync 1 DAGs
[2021-06-06 06:35:12,845] {logging_mixin.py:104} INFO - [2021-06-06 06:35:12,845] {dag.py:2305} INFO - Setting next_dagrun for example_short_circuit_operator to 2021-06-04 00:00:00+00:00
[2021-06-06 06:35:12,866] {scheduler_job.py:190} INFO - Processing /media/PythonProjects/66.Spotify_ETL/venv/lib/python3.8/site-packages/airflow/example_dags/example_short_circuit_operator.py took 0.070 seconds
[2021-06-06 06:35:44,468] {scheduler_job.py:182} INFO - Started process (PID=2792) to work on /media/PythonProjects/66.Spotify_ETL/venv/lib/python3.8/site-packages/airflow/example_dags/example_short_circuit_operator.py
[2021-06-06 06:35:44,469] {scheduler_job.py:633} INFO - Processing file /media/PythonProjects/66.Spotify_ETL/venv/lib/python3.8/site-packages/airflow/example_dags/example_short_circuit_operator.py for tasks to queue
[2021-06-06 06:35:44,470] {logging_mixin.py:104} INFO - [2021-06-06 06:35:44,470] {dagbag.py:487} INFO - Filling up the DagBag from /media/PythonProjects/66.Spotify_ETL/venv/lib/python3.8/site-packages/airflow/example_dags/example_short_circuit_operator.py
[2021-06-06 06:35:44,483] {scheduler_job.py:643} INFO - DAG(s) dict_keys(['example_short_circuit_operator']) retrieved from /media/PythonProjects/66.Spotify_ETL/venv/lib/python3.8/site-packages/airflow/example_dags/example_short_circuit_operator.py
[2021-06-06 06:35:44,495] {logging_mixin.py:104} INFO - [2021-06-06 06:35:44,495] {dag.py:1832} INFO - Sync 1 DAGs
[2021-06-06 06:35:44,504] {logging_mixin.py:104} INFO - [2021-06-06 06:35:44,504] {dag.py:2305} INFO - Setting next_dagrun for example_short_circuit_operator to 2021-06-04 00:00:00+00:00
[2021-06-06 06:35:44,522] {scheduler_job.py:190} INFO - Processing /media/PythonProjects/66.Spotify_ETL/venv/lib/python3.8/site-packages/airflow/example_dags/example_short_circuit_operator.py took 0.059 seconds
[2021-06-06 06:36:16,367] {scheduler_job.py:182} INFO - Started process (PID=2851) to work on /media/PythonProjects/66.Spotify_ETL/venv/lib/python3.8/site-packages/airflow/example_dags/example_short_circuit_operator.py
[2021-06-06 06:36:16,369] {scheduler_job.py:633} INFO - Processing file /media/PythonProjects/66.Spotify_ETL/venv/lib/python3.8/site-packages/airflow/example_dags/example_short_circuit_operator.py for tasks to queue
[2021-06-06 06:36:16,370] {logging_mixin.py:104} INFO - [2021-06-06 06:36:16,370] {dagbag.py:487} INFO - Filling up the DagBag from /media/PythonProjects/66.Spotify_ETL/venv/lib/python3.8/site-packages/airflow/example_dags/example_short_circuit_operator.py
[2021-06-06 06:36:16,383] {scheduler_job.py:643} INFO - DAG(s) dict_keys(['example_short_circuit_operator']) retrieved from /media/PythonProjects/66.Spotify_ETL/venv/lib/python3.8/site-packages/airflow/example_dags/example_short_circuit_operator.py
[2021-06-06 06:36:16,396] {logging_mixin.py:104} INFO - [2021-06-06 06:36:16,395] {dag.py:1832} INFO - Sync 1 DAGs
[2021-06-06 06:36:16,405] {logging_mixin.py:104} INFO - [2021-06-06 06:36:16,405] {dag.py:2305} INFO - Setting next_dagrun for example_short_circuit_operator to 2021-06-04 00:00:00+00:00
[2021-06-06 06:36:16,423] {scheduler_job.py:190} INFO - Processing /media/PythonProjects/66.Spotify_ETL/venv/lib/python3.8/site-packages/airflow/example_dags/example_short_circuit_operator.py took 0.060 seconds
[2021-06-06 06:36:48,952] {scheduler_job.py:182} INFO - Started process (PID=2909) to work on /media/PythonProjects/66.Spotify_ETL/venv/lib/python3.8/site-packages/airflow/example_dags/example_short_circuit_operator.py
[2021-06-06 06:36:48,954] {scheduler_job.py:633} INFO - Processing file /media/PythonProjects/66.Spotify_ETL/venv/lib/python3.8/site-packages/airflow/example_dags/example_short_circuit_operator.py for tasks to queue
[2021-06-06 06:36:48,954] {logging_mixin.py:104} INFO - [2021-06-06 06:36:48,954] {dagbag.py:487} INFO - Filling up the DagBag from /media/PythonProjects/66.Spotify_ETL/venv/lib/python3.8/site-packages/airflow/example_dags/example_short_circuit_operator.py
[2021-06-06 06:36:48,967] {scheduler_job.py:643} INFO - DAG(s) dict_keys(['example_short_circuit_operator']) retrieved from /media/PythonProjects/66.Spotify_ETL/venv/lib/python3.8/site-packages/airflow/example_dags/example_short_circuit_operator.py
[2021-06-06 06:36:48,980] {logging_mixin.py:104} INFO - [2021-06-06 06:36:48,980] {dag.py:1832} INFO - Sync 1 DAGs
[2021-06-06 06:36:48,991] {logging_mixin.py:104} INFO - [2021-06-06 06:36:48,991] {dag.py:2305} INFO - Setting next_dagrun for example_short_circuit_operator to 2021-06-04 00:00:00+00:00
[2021-06-06 06:36:49,013] {scheduler_job.py:190} INFO - Processing /media/PythonProjects/66.Spotify_ETL/venv/lib/python3.8/site-packages/airflow/example_dags/example_short_circuit_operator.py took 0.066 seconds
[2021-06-06 06:37:21,381] {scheduler_job.py:182} INFO - Started process (PID=2968) to work on /media/PythonProjects/66.Spotify_ETL/venv/lib/python3.8/site-packages/airflow/example_dags/example_short_circuit_operator.py
[2021-06-06 06:37:21,382] {scheduler_job.py:633} INFO - Processing file /media/PythonProjects/66.Spotify_ETL/venv/lib/python3.8/site-packages/airflow/example_dags/example_short_circuit_operator.py for tasks to queue
[2021-06-06 06:37:21,383] {logging_mixin.py:104} INFO - [2021-06-06 06:37:21,382] {dagbag.py:487} INFO - Filling up the DagBag from /media/PythonProjects/66.Spotify_ETL/venv/lib/python3.8/site-packages/airflow/example_dags/example_short_circuit_operator.py
[2021-06-06 06:37:21,394] {scheduler_job.py:643} INFO - DAG(s) dict_keys(['example_short_circuit_operator']) retrieved from /media/PythonProjects/66.Spotify_ETL/venv/lib/python3.8/site-packages/airflow/example_dags/example_short_circuit_operator.py
[2021-06-06 06:37:21,407] {logging_mixin.py:104} INFO - [2021-06-06 06:37:21,407] {dag.py:1832} INFO - Sync 1 DAGs
[2021-06-06 06:37:21,418] {logging_mixin.py:104} INFO - [2021-06-06 06:37:21,418] {dag.py:2305} INFO - Setting next_dagrun for example_short_circuit_operator to 2021-06-04 00:00:00+00:00
[2021-06-06 06:37:21,443] {scheduler_job.py:190} INFO - Processing /media/PythonProjects/66.Spotify_ETL/venv/lib/python3.8/site-packages/airflow/example_dags/example_short_circuit_operator.py took 0.065 seconds
[2021-06-06 06:37:51,556] {scheduler_job.py:182} INFO - Started process (PID=3021) to work on /media/PythonProjects/66.Spotify_ETL/venv/lib/python3.8/site-packages/airflow/example_dags/example_short_circuit_operator.py
[2021-06-06 06:37:51,558] {scheduler_job.py:633} INFO - Processing file /media/PythonProjects/66.Spotify_ETL/venv/lib/python3.8/site-packages/airflow/example_dags/example_short_circuit_operator.py for tasks to queue
[2021-06-06 06:37:51,559] {logging_mixin.py:104} INFO - [2021-06-06 06:37:51,559] {dagbag.py:487} INFO - Filling up the DagBag from /media/PythonProjects/66.Spotify_ETL/venv/lib/python3.8/site-packages/airflow/example_dags/example_short_circuit_operator.py
[2021-06-06 06:37:51,573] {scheduler_job.py:643} INFO - DAG(s) dict_keys(['example_short_circuit_operator']) retrieved from /media/PythonProjects/66.Spotify_ETL/venv/lib/python3.8/site-packages/airflow/example_dags/example_short_circuit_operator.py
[2021-06-06 06:37:51,586] {logging_mixin.py:104} INFO - [2021-06-06 06:37:51,586] {dag.py:1832} INFO - Sync 1 DAGs
[2021-06-06 06:37:51,596] {logging_mixin.py:104} INFO - [2021-06-06 06:37:51,596] {dag.py:2305} INFO - Setting next_dagrun for example_short_circuit_operator to 2021-06-04 00:00:00+00:00
[2021-06-06 06:37:51,617] {scheduler_job.py:190} INFO - Processing /media/PythonProjects/66.Spotify_ETL/venv/lib/python3.8/site-packages/airflow/example_dags/example_short_circuit_operator.py took 0.066 seconds
[2021-06-06 06:38:22,863] {scheduler_job.py:182} INFO - Started process (PID=3075) to work on /media/PythonProjects/66.Spotify_ETL/venv/lib/python3.8/site-packages/airflow/example_dags/example_short_circuit_operator.py
[2021-06-06 06:38:22,864] {scheduler_job.py:633} INFO - Processing file /media/PythonProjects/66.Spotify_ETL/venv/lib/python3.8/site-packages/airflow/example_dags/example_short_circuit_operator.py for tasks to queue
[2021-06-06 06:38:22,865] {logging_mixin.py:104} INFO - [2021-06-06 06:38:22,865] {dagbag.py:487} INFO - Filling up the DagBag from /media/PythonProjects/66.Spotify_ETL/venv/lib/python3.8/site-packages/airflow/example_dags/example_short_circuit_operator.py
[2021-06-06 06:38:22,879] {scheduler_job.py:643} INFO - DAG(s) dict_keys(['example_short_circuit_operator']) retrieved from /media/PythonProjects/66.Spotify_ETL/venv/lib/python3.8/site-packages/airflow/example_dags/example_short_circuit_operator.py
[2021-06-06 06:38:22,893] {logging_mixin.py:104} INFO - [2021-06-06 06:38:22,893] {dag.py:1832} INFO - Sync 1 DAGs
[2021-06-06 06:38:22,903] {logging_mixin.py:104} INFO - [2021-06-06 06:38:22,903] {dag.py:2305} INFO - Setting next_dagrun for example_short_circuit_operator to 2021-06-04 00:00:00+00:00
[2021-06-06 06:38:22,924] {scheduler_job.py:190} INFO - Processing /media/PythonProjects/66.Spotify_ETL/venv/lib/python3.8/site-packages/airflow/example_dags/example_short_circuit_operator.py took 0.064 seconds
[2021-06-06 06:38:55,644] {scheduler_job.py:182} INFO - Started process (PID=3132) to work on /media/PythonProjects/66.Spotify_ETL/venv/lib/python3.8/site-packages/airflow/example_dags/example_short_circuit_operator.py
[2021-06-06 06:38:55,648] {scheduler_job.py:633} INFO - Processing file /media/PythonProjects/66.Spotify_ETL/venv/lib/python3.8/site-packages/airflow/example_dags/example_short_circuit_operator.py for tasks to queue
[2021-06-06 06:38:55,651] {logging_mixin.py:104} INFO - [2021-06-06 06:38:55,651] {dagbag.py:487} INFO - Filling up the DagBag from /media/PythonProjects/66.Spotify_ETL/venv/lib/python3.8/site-packages/airflow/example_dags/example_short_circuit_operator.py
[2021-06-06 06:38:55,674] {scheduler_job.py:643} INFO - DAG(s) dict_keys(['example_short_circuit_operator']) retrieved from /media/PythonProjects/66.Spotify_ETL/venv/lib/python3.8/site-packages/airflow/example_dags/example_short_circuit_operator.py
[2021-06-06 06:38:55,707] {logging_mixin.py:104} INFO - [2021-06-06 06:38:55,707] {dag.py:1832} INFO - Sync 1 DAGs
[2021-06-06 06:38:55,736] {logging_mixin.py:104} INFO - [2021-06-06 06:38:55,736] {dag.py:2305} INFO - Setting next_dagrun for example_short_circuit_operator to 2021-06-04 00:00:00+00:00
[2021-06-06 06:38:55,818] {scheduler_job.py:190} INFO - Processing /media/PythonProjects/66.Spotify_ETL/venv/lib/python3.8/site-packages/airflow/example_dags/example_short_circuit_operator.py took 0.180 seconds
[2021-06-06 06:39:28,193] {scheduler_job.py:182} INFO - Started process (PID=3188) to work on /media/PythonProjects/66.Spotify_ETL/venv/lib/python3.8/site-packages/airflow/example_dags/example_short_circuit_operator.py
[2021-06-06 06:39:28,194] {scheduler_job.py:633} INFO - Processing file /media/PythonProjects/66.Spotify_ETL/venv/lib/python3.8/site-packages/airflow/example_dags/example_short_circuit_operator.py for tasks to queue
[2021-06-06 06:39:28,195] {logging_mixin.py:104} INFO - [2021-06-06 06:39:28,195] {dagbag.py:487} INFO - Filling up the DagBag from /media/PythonProjects/66.Spotify_ETL/venv/lib/python3.8/site-packages/airflow/example_dags/example_short_circuit_operator.py
[2021-06-06 06:39:28,214] {scheduler_job.py:643} INFO - DAG(s) dict_keys(['example_short_circuit_operator']) retrieved from /media/PythonProjects/66.Spotify_ETL/venv/lib/python3.8/site-packages/airflow/example_dags/example_short_circuit_operator.py
[2021-06-06 06:39:28,233] {logging_mixin.py:104} INFO - [2021-06-06 06:39:28,233] {dag.py:1832} INFO - Sync 1 DAGs
[2021-06-06 06:39:28,248] {logging_mixin.py:104} INFO - [2021-06-06 06:39:28,248] {dag.py:2305} INFO - Setting next_dagrun for example_short_circuit_operator to 2021-06-04 00:00:00+00:00
[2021-06-06 06:39:28,279] {scheduler_job.py:190} INFO - Processing /media/PythonProjects/66.Spotify_ETL/venv/lib/python3.8/site-packages/airflow/example_dags/example_short_circuit_operator.py took 0.094 seconds
[2021-06-06 06:39:59,603] {scheduler_job.py:182} INFO - Started process (PID=3241) to work on /media/PythonProjects/66.Spotify_ETL/venv/lib/python3.8/site-packages/airflow/example_dags/example_short_circuit_operator.py
[2021-06-06 06:39:59,604] {scheduler_job.py:633} INFO - Processing file /media/PythonProjects/66.Spotify_ETL/venv/lib/python3.8/site-packages/airflow/example_dags/example_short_circuit_operator.py for tasks to queue
[2021-06-06 06:39:59,605] {logging_mixin.py:104} INFO - [2021-06-06 06:39:59,605] {dagbag.py:487} INFO - Filling up the DagBag from /media/PythonProjects/66.Spotify_ETL/venv/lib/python3.8/site-packages/airflow/example_dags/example_short_circuit_operator.py
[2021-06-06 06:39:59,618] {scheduler_job.py:643} INFO - DAG(s) dict_keys(['example_short_circuit_operator']) retrieved from /media/PythonProjects/66.Spotify_ETL/venv/lib/python3.8/site-packages/airflow/example_dags/example_short_circuit_operator.py
[2021-06-06 06:39:59,633] {logging_mixin.py:104} INFO - [2021-06-06 06:39:59,633] {dag.py:1832} INFO - Sync 1 DAGs
[2021-06-06 06:39:59,646] {logging_mixin.py:104} INFO - [2021-06-06 06:39:59,645] {dag.py:2305} INFO - Setting next_dagrun for example_short_circuit_operator to 2021-06-04 00:00:00+00:00
[2021-06-06 06:39:59,666] {scheduler_job.py:190} INFO - Processing /media/PythonProjects/66.Spotify_ETL/venv/lib/python3.8/site-packages/airflow/example_dags/example_short_circuit_operator.py took 0.066 seconds
[2021-06-06 06:40:31,169] {scheduler_job.py:182} INFO - Started process (PID=3294) to work on /media/PythonProjects/66.Spotify_ETL/venv/lib/python3.8/site-packages/airflow/example_dags/example_short_circuit_operator.py
[2021-06-06 06:40:31,171] {scheduler_job.py:633} INFO - Processing file /media/PythonProjects/66.Spotify_ETL/venv/lib/python3.8/site-packages/airflow/example_dags/example_short_circuit_operator.py for tasks to queue
[2021-06-06 06:40:31,173] {logging_mixin.py:104} INFO - [2021-06-06 06:40:31,173] {dagbag.py:487} INFO - Filling up the DagBag from /media/PythonProjects/66.Spotify_ETL/venv/lib/python3.8/site-packages/airflow/example_dags/example_short_circuit_operator.py
[2021-06-06 06:40:31,188] {scheduler_job.py:643} INFO - DAG(s) dict_keys(['example_short_circuit_operator']) retrieved from /media/PythonProjects/66.Spotify_ETL/venv/lib/python3.8/site-packages/airflow/example_dags/example_short_circuit_operator.py
[2021-06-06 06:40:31,201] {logging_mixin.py:104} INFO - [2021-06-06 06:40:31,201] {dag.py:1832} INFO - Sync 1 DAGs
[2021-06-06 06:40:31,214] {logging_mixin.py:104} INFO - [2021-06-06 06:40:31,213] {dag.py:2305} INFO - Setting next_dagrun for example_short_circuit_operator to 2021-06-04 00:00:00+00:00
[2021-06-06 06:40:31,233] {scheduler_job.py:190} INFO - Processing /media/PythonProjects/66.Spotify_ETL/venv/lib/python3.8/site-packages/airflow/example_dags/example_short_circuit_operator.py took 0.072 seconds
[2021-06-06 06:41:03,685] {scheduler_job.py:182} INFO - Started process (PID=3353) to work on /media/PythonProjects/66.Spotify_ETL/venv/lib/python3.8/site-packages/airflow/example_dags/example_short_circuit_operator.py
[2021-06-06 06:41:03,687] {scheduler_job.py:633} INFO - Processing file /media/PythonProjects/66.Spotify_ETL/venv/lib/python3.8/site-packages/airflow/example_dags/example_short_circuit_operator.py for tasks to queue
[2021-06-06 06:41:03,688] {logging_mixin.py:104} INFO - [2021-06-06 06:41:03,687] {dagbag.py:487} INFO - Filling up the DagBag from /media/PythonProjects/66.Spotify_ETL/venv/lib/python3.8/site-packages/airflow/example_dags/example_short_circuit_operator.py
[2021-06-06 06:41:03,700] {scheduler_job.py:643} INFO - DAG(s) dict_keys(['example_short_circuit_operator']) retrieved from /media/PythonProjects/66.Spotify_ETL/venv/lib/python3.8/site-packages/airflow/example_dags/example_short_circuit_operator.py
[2021-06-06 06:41:03,715] {logging_mixin.py:104} INFO - [2021-06-06 06:41:03,714] {dag.py:1832} INFO - Sync 1 DAGs
[2021-06-06 06:41:03,726] {logging_mixin.py:104} INFO - [2021-06-06 06:41:03,726] {dag.py:2305} INFO - Setting next_dagrun for example_short_circuit_operator to 2021-06-04 00:00:00+00:00
[2021-06-06 06:41:03,748] {scheduler_job.py:190} INFO - Processing /media/PythonProjects/66.Spotify_ETL/venv/lib/python3.8/site-packages/airflow/example_dags/example_short_circuit_operator.py took 0.066 seconds
[2021-06-06 06:41:37,406] {scheduler_job.py:182} INFO - Started process (PID=3412) to work on /media/PythonProjects/66.Spotify_ETL/venv/lib/python3.8/site-packages/airflow/example_dags/example_short_circuit_operator.py
[2021-06-06 06:41:37,408] {scheduler_job.py:633} INFO - Processing file /media/PythonProjects/66.Spotify_ETL/venv/lib/python3.8/site-packages/airflow/example_dags/example_short_circuit_operator.py for tasks to queue
[2021-06-06 06:41:37,410] {logging_mixin.py:104} INFO - [2021-06-06 06:41:37,410] {dagbag.py:487} INFO - Filling up the DagBag from /media/PythonProjects/66.Spotify_ETL/venv/lib/python3.8/site-packages/airflow/example_dags/example_short_circuit_operator.py
[2021-06-06 06:41:37,426] {scheduler_job.py:643} INFO - DAG(s) dict_keys(['example_short_circuit_operator']) retrieved from /media/PythonProjects/66.Spotify_ETL/venv/lib/python3.8/site-packages/airflow/example_dags/example_short_circuit_operator.py
[2021-06-06 06:41:37,438] {logging_mixin.py:104} INFO - [2021-06-06 06:41:37,438] {dag.py:1832} INFO - Sync 1 DAGs
[2021-06-06 06:41:37,449] {logging_mixin.py:104} INFO - [2021-06-06 06:41:37,449] {dag.py:2305} INFO - Setting next_dagrun for example_short_circuit_operator to 2021-06-04 00:00:00+00:00
[2021-06-06 06:41:37,474] {scheduler_job.py:190} INFO - Processing /media/PythonProjects/66.Spotify_ETL/venv/lib/python3.8/site-packages/airflow/example_dags/example_short_circuit_operator.py took 0.074 seconds
[2021-06-06 06:42:10,769] {scheduler_job.py:182} INFO - Started process (PID=3470) to work on /media/PythonProjects/66.Spotify_ETL/venv/lib/python3.8/site-packages/airflow/example_dags/example_short_circuit_operator.py
[2021-06-06 06:42:10,771] {scheduler_job.py:633} INFO - Processing file /media/PythonProjects/66.Spotify_ETL/venv/lib/python3.8/site-packages/airflow/example_dags/example_short_circuit_operator.py for tasks to queue
[2021-06-06 06:42:10,772] {logging_mixin.py:104} INFO - [2021-06-06 06:42:10,772] {dagbag.py:487} INFO - Filling up the DagBag from /media/PythonProjects/66.Spotify_ETL/venv/lib/python3.8/site-packages/airflow/example_dags/example_short_circuit_operator.py
[2021-06-06 06:42:10,786] {scheduler_job.py:643} INFO - DAG(s) dict_keys(['example_short_circuit_operator']) retrieved from /media/PythonProjects/66.Spotify_ETL/venv/lib/python3.8/site-packages/airflow/example_dags/example_short_circuit_operator.py
[2021-06-06 06:42:10,799] {logging_mixin.py:104} INFO - [2021-06-06 06:42:10,799] {dag.py:1832} INFO - Sync 1 DAGs
[2021-06-06 06:42:10,811] {logging_mixin.py:104} INFO - [2021-06-06 06:42:10,810] {dag.py:2305} INFO - Setting next_dagrun for example_short_circuit_operator to 2021-06-04 00:00:00+00:00
[2021-06-06 06:42:10,829] {scheduler_job.py:190} INFO - Processing /media/PythonProjects/66.Spotify_ETL/venv/lib/python3.8/site-packages/airflow/example_dags/example_short_circuit_operator.py took 0.065 seconds
[2021-06-06 06:42:42,268] {scheduler_job.py:182} INFO - Started process (PID=3526) to work on /media/PythonProjects/66.Spotify_ETL/venv/lib/python3.8/site-packages/airflow/example_dags/example_short_circuit_operator.py
[2021-06-06 06:42:42,270] {scheduler_job.py:633} INFO - Processing file /media/PythonProjects/66.Spotify_ETL/venv/lib/python3.8/site-packages/airflow/example_dags/example_short_circuit_operator.py for tasks to queue
[2021-06-06 06:42:42,271] {logging_mixin.py:104} INFO - [2021-06-06 06:42:42,271] {dagbag.py:487} INFO - Filling up the DagBag from /media/PythonProjects/66.Spotify_ETL/venv/lib/python3.8/site-packages/airflow/example_dags/example_short_circuit_operator.py
[2021-06-06 06:42:42,287] {scheduler_job.py:643} INFO - DAG(s) dict_keys(['example_short_circuit_operator']) retrieved from /media/PythonProjects/66.Spotify_ETL/venv/lib/python3.8/site-packages/airflow/example_dags/example_short_circuit_operator.py
[2021-06-06 06:42:42,302] {logging_mixin.py:104} INFO - [2021-06-06 06:42:42,302] {dag.py:1832} INFO - Sync 1 DAGs
[2021-06-06 06:42:42,313] {logging_mixin.py:104} INFO - [2021-06-06 06:42:42,313] {dag.py:2305} INFO - Setting next_dagrun for example_short_circuit_operator to 2021-06-04 00:00:00+00:00
[2021-06-06 06:42:42,338] {scheduler_job.py:190} INFO - Processing /media/PythonProjects/66.Spotify_ETL/venv/lib/python3.8/site-packages/airflow/example_dags/example_short_circuit_operator.py took 0.072 seconds
[2021-06-06 06:43:14,492] {scheduler_job.py:182} INFO - Started process (PID=3584) to work on /media/PythonProjects/66.Spotify_ETL/venv/lib/python3.8/site-packages/airflow/example_dags/example_short_circuit_operator.py
[2021-06-06 06:43:14,494] {scheduler_job.py:633} INFO - Processing file /media/PythonProjects/66.Spotify_ETL/venv/lib/python3.8/site-packages/airflow/example_dags/example_short_circuit_operator.py for tasks to queue
[2021-06-06 06:43:14,496] {logging_mixin.py:104} INFO - [2021-06-06 06:43:14,495] {dagbag.py:487} INFO - Filling up the DagBag from /media/PythonProjects/66.Spotify_ETL/venv/lib/python3.8/site-packages/airflow/example_dags/example_short_circuit_operator.py
[2021-06-06 06:43:14,510] {scheduler_job.py:643} INFO - DAG(s) dict_keys(['example_short_circuit_operator']) retrieved from /media/PythonProjects/66.Spotify_ETL/venv/lib/python3.8/site-packages/airflow/example_dags/example_short_circuit_operator.py
[2021-06-06 06:43:14,523] {logging_mixin.py:104} INFO - [2021-06-06 06:43:14,523] {dag.py:1832} INFO - Sync 1 DAGs
[2021-06-06 06:43:14,534] {logging_mixin.py:104} INFO - [2021-06-06 06:43:14,534] {dag.py:2305} INFO - Setting next_dagrun for example_short_circuit_operator to 2021-06-04 00:00:00+00:00
[2021-06-06 06:43:14,554] {scheduler_job.py:190} INFO - Processing /media/PythonProjects/66.Spotify_ETL/venv/lib/python3.8/site-packages/airflow/example_dags/example_short_circuit_operator.py took 0.068 seconds
[2021-06-06 06:43:45,046] {scheduler_job.py:182} INFO - Started process (PID=3638) to work on /media/PythonProjects/66.Spotify_ETL/venv/lib/python3.8/site-packages/airflow/example_dags/example_short_circuit_operator.py
[2021-06-06 06:43:45,048] {scheduler_job.py:633} INFO - Processing file /media/PythonProjects/66.Spotify_ETL/venv/lib/python3.8/site-packages/airflow/example_dags/example_short_circuit_operator.py for tasks to queue
[2021-06-06 06:43:45,049] {logging_mixin.py:104} INFO - [2021-06-06 06:43:45,048] {dagbag.py:487} INFO - Filling up the DagBag from /media/PythonProjects/66.Spotify_ETL/venv/lib/python3.8/site-packages/airflow/example_dags/example_short_circuit_operator.py
[2021-06-06 06:43:45,064] {scheduler_job.py:643} INFO - DAG(s) dict_keys(['example_short_circuit_operator']) retrieved from /media/PythonProjects/66.Spotify_ETL/venv/lib/python3.8/site-packages/airflow/example_dags/example_short_circuit_operator.py
[2021-06-06 06:43:45,081] {logging_mixin.py:104} INFO - [2021-06-06 06:43:45,081] {dag.py:1832} INFO - Sync 1 DAGs
[2021-06-06 06:43:45,108] {logging_mixin.py:104} INFO - [2021-06-06 06:43:45,108] {dag.py:2305} INFO - Setting next_dagrun for example_short_circuit_operator to 2021-06-04 00:00:00+00:00
[2021-06-06 06:43:45,161] {scheduler_job.py:190} INFO - Processing /media/PythonProjects/66.Spotify_ETL/venv/lib/python3.8/site-packages/airflow/example_dags/example_short_circuit_operator.py took 0.118 seconds
[2021-06-06 06:44:17,895] {scheduler_job.py:182} INFO - Started process (PID=3696) to work on /media/PythonProjects/66.Spotify_ETL/venv/lib/python3.8/site-packages/airflow/example_dags/example_short_circuit_operator.py
[2021-06-06 06:44:17,899] {scheduler_job.py:633} INFO - Processing file /media/PythonProjects/66.Spotify_ETL/venv/lib/python3.8/site-packages/airflow/example_dags/example_short_circuit_operator.py for tasks to queue
[2021-06-06 06:44:17,900] {logging_mixin.py:104} INFO - [2021-06-06 06:44:17,900] {dagbag.py:487} INFO - Filling up the DagBag from /media/PythonProjects/66.Spotify_ETL/venv/lib/python3.8/site-packages/airflow/example_dags/example_short_circuit_operator.py
[2021-06-06 06:44:17,913] {scheduler_job.py:643} INFO - DAG(s) dict_keys(['example_short_circuit_operator']) retrieved from /media/PythonProjects/66.Spotify_ETL/venv/lib/python3.8/site-packages/airflow/example_dags/example_short_circuit_operator.py
[2021-06-06 06:44:17,927] {logging_mixin.py:104} INFO - [2021-06-06 06:44:17,927] {dag.py:1832} INFO - Sync 1 DAGs
[2021-06-06 06:44:17,938] {logging_mixin.py:104} INFO - [2021-06-06 06:44:17,937] {dag.py:2305} INFO - Setting next_dagrun for example_short_circuit_operator to 2021-06-04 00:00:00+00:00
[2021-06-06 06:44:17,959] {scheduler_job.py:190} INFO - Processing /media/PythonProjects/66.Spotify_ETL/venv/lib/python3.8/site-packages/airflow/example_dags/example_short_circuit_operator.py took 0.070 seconds
[2021-06-06 06:44:49,142] {scheduler_job.py:182} INFO - Started process (PID=3745) to work on /media/PythonProjects/66.Spotify_ETL/venv/lib/python3.8/site-packages/airflow/example_dags/example_short_circuit_operator.py
[2021-06-06 06:44:49,144] {scheduler_job.py:633} INFO - Processing file /media/PythonProjects/66.Spotify_ETL/venv/lib/python3.8/site-packages/airflow/example_dags/example_short_circuit_operator.py for tasks to queue
[2021-06-06 06:44:49,145] {logging_mixin.py:104} INFO - [2021-06-06 06:44:49,144] {dagbag.py:487} INFO - Filling up the DagBag from /media/PythonProjects/66.Spotify_ETL/venv/lib/python3.8/site-packages/airflow/example_dags/example_short_circuit_operator.py
[2021-06-06 06:44:49,164] {scheduler_job.py:643} INFO - DAG(s) dict_keys(['example_short_circuit_operator']) retrieved from /media/PythonProjects/66.Spotify_ETL/venv/lib/python3.8/site-packages/airflow/example_dags/example_short_circuit_operator.py
[2021-06-06 06:44:49,179] {logging_mixin.py:104} INFO - [2021-06-06 06:44:49,179] {dag.py:1832} INFO - Sync 1 DAGs
[2021-06-06 06:44:49,195] {logging_mixin.py:104} INFO - [2021-06-06 06:44:49,195] {dag.py:2305} INFO - Setting next_dagrun for example_short_circuit_operator to 2021-06-04 00:00:00+00:00
[2021-06-06 06:44:49,222] {scheduler_job.py:190} INFO - Processing /media/PythonProjects/66.Spotify_ETL/venv/lib/python3.8/site-packages/airflow/example_dags/example_short_circuit_operator.py took 0.084 seconds
[2021-06-06 06:45:21,796] {scheduler_job.py:182} INFO - Started process (PID=3864) to work on /media/PythonProjects/66.Spotify_ETL/venv/lib/python3.8/site-packages/airflow/example_dags/example_short_circuit_operator.py
[2021-06-06 06:45:21,800] {scheduler_job.py:633} INFO - Processing file /media/PythonProjects/66.Spotify_ETL/venv/lib/python3.8/site-packages/airflow/example_dags/example_short_circuit_operator.py for tasks to queue
[2021-06-06 06:45:21,802] {logging_mixin.py:104} INFO - [2021-06-06 06:45:21,801] {dagbag.py:487} INFO - Filling up the DagBag from /media/PythonProjects/66.Spotify_ETL/venv/lib/python3.8/site-packages/airflow/example_dags/example_short_circuit_operator.py
[2021-06-06 06:45:21,835] {scheduler_job.py:643} INFO - DAG(s) dict_keys(['example_short_circuit_operator']) retrieved from /media/PythonProjects/66.Spotify_ETL/venv/lib/python3.8/site-packages/airflow/example_dags/example_short_circuit_operator.py
[2021-06-06 06:45:21,863] {logging_mixin.py:104} INFO - [2021-06-06 06:45:21,862] {dag.py:1832} INFO - Sync 1 DAGs
[2021-06-06 06:45:21,873] {logging_mixin.py:104} INFO - [2021-06-06 06:45:21,873] {dag.py:2305} INFO - Setting next_dagrun for example_short_circuit_operator to 2021-06-04 00:00:00+00:00
[2021-06-06 06:45:21,898] {scheduler_job.py:190} INFO - Processing /media/PythonProjects/66.Spotify_ETL/venv/lib/python3.8/site-packages/airflow/example_dags/example_short_circuit_operator.py took 0.110 seconds
[2021-06-06 06:45:56,066] {scheduler_job.py:182} INFO - Started process (PID=4105) to work on /media/PythonProjects/66.Spotify_ETL/venv/lib/python3.8/site-packages/airflow/example_dags/example_short_circuit_operator.py
[2021-06-06 06:45:56,078] {scheduler_job.py:633} INFO - Processing file /media/PythonProjects/66.Spotify_ETL/venv/lib/python3.8/site-packages/airflow/example_dags/example_short_circuit_operator.py for tasks to queue
[2021-06-06 06:45:56,079] {logging_mixin.py:104} INFO - [2021-06-06 06:45:56,079] {dagbag.py:487} INFO - Filling up the DagBag from /media/PythonProjects/66.Spotify_ETL/venv/lib/python3.8/site-packages/airflow/example_dags/example_short_circuit_operator.py
[2021-06-06 06:45:56,094] {scheduler_job.py:643} INFO - DAG(s) dict_keys(['example_short_circuit_operator']) retrieved from /media/PythonProjects/66.Spotify_ETL/venv/lib/python3.8/site-packages/airflow/example_dags/example_short_circuit_operator.py
[2021-06-06 06:45:56,138] {logging_mixin.py:104} INFO - [2021-06-06 06:45:56,138] {dag.py:1832} INFO - Sync 1 DAGs
[2021-06-06 06:45:56,158] {logging_mixin.py:104} INFO - [2021-06-06 06:45:56,157] {dag.py:2305} INFO - Setting next_dagrun for example_short_circuit_operator to 2021-06-04 00:00:00+00:00
[2021-06-06 06:45:56,214] {scheduler_job.py:190} INFO - Processing /media/PythonProjects/66.Spotify_ETL/venv/lib/python3.8/site-packages/airflow/example_dags/example_short_circuit_operator.py took 0.152 seconds
