[2021-06-06 06:32:13,879] {scheduler_job.py:182} INFO - Started process (PID=2401) to work on /media/PythonProjects/66.Spotify_ETL/venv/lib/python3.8/site-packages/airflow/example_dags/example_branch_operator.py
[2021-06-06 06:32:13,881] {scheduler_job.py:633} INFO - Processing file /media/PythonProjects/66.Spotify_ETL/venv/lib/python3.8/site-packages/airflow/example_dags/example_branch_operator.py for tasks to queue
[2021-06-06 06:32:13,883] {logging_mixin.py:104} INFO - [2021-06-06 06:32:13,882] {dagbag.py:487} INFO - Filling up the DagBag from /media/PythonProjects/66.Spotify_ETL/venv/lib/python3.8/site-packages/airflow/example_dags/example_branch_operator.py
[2021-06-06 06:32:13,901] {scheduler_job.py:643} INFO - DAG(s) dict_keys(['example_branch_operator']) retrieved from /media/PythonProjects/66.Spotify_ETL/venv/lib/python3.8/site-packages/airflow/example_dags/example_branch_operator.py
[2021-06-06 06:32:13,920] {logging_mixin.py:104} INFO - [2021-06-06 06:32:13,920] {dag.py:1832} INFO - Sync 1 DAGs
[2021-06-06 06:32:13,940] {logging_mixin.py:104} INFO - [2021-06-06 06:32:13,938] {dag.py:2305} INFO - Setting next_dagrun for example_branch_operator to 2021-06-04 00:00:00+00:00
[2021-06-06 06:32:13,961] {scheduler_job.py:190} INFO - Processing /media/PythonProjects/66.Spotify_ETL/venv/lib/python3.8/site-packages/airflow/example_dags/example_branch_operator.py took 0.089 seconds
[2021-06-06 06:32:50,764] {scheduler_job.py:182} INFO - Started process (PID=2487) to work on /media/PythonProjects/66.Spotify_ETL/venv/lib/python3.8/site-packages/airflow/example_dags/example_branch_operator.py
[2021-06-06 06:32:50,771] {scheduler_job.py:633} INFO - Processing file /media/PythonProjects/66.Spotify_ETL/venv/lib/python3.8/site-packages/airflow/example_dags/example_branch_operator.py for tasks to queue
[2021-06-06 06:32:50,773] {logging_mixin.py:104} INFO - [2021-06-06 06:32:50,772] {dagbag.py:487} INFO - Filling up the DagBag from /media/PythonProjects/66.Spotify_ETL/venv/lib/python3.8/site-packages/airflow/example_dags/example_branch_operator.py
[2021-06-06 06:32:50,816] {scheduler_job.py:643} INFO - DAG(s) dict_keys(['example_branch_operator']) retrieved from /media/PythonProjects/66.Spotify_ETL/venv/lib/python3.8/site-packages/airflow/example_dags/example_branch_operator.py
[2021-06-06 06:32:50,844] {logging_mixin.py:104} INFO - [2021-06-06 06:32:50,842] {dag.py:1832} INFO - Sync 1 DAGs
[2021-06-06 06:32:50,870] {logging_mixin.py:104} INFO - [2021-06-06 06:32:50,870] {dag.py:2305} INFO - Setting next_dagrun for example_branch_operator to 2021-06-04 00:00:00+00:00
[2021-06-06 06:32:50,938] {scheduler_job.py:190} INFO - Processing /media/PythonProjects/66.Spotify_ETL/venv/lib/python3.8/site-packages/airflow/example_dags/example_branch_operator.py took 0.179 seconds
[2021-06-06 06:33:24,989] {scheduler_job.py:182} INFO - Started process (PID=2544) to work on /media/PythonProjects/66.Spotify_ETL/venv/lib/python3.8/site-packages/airflow/example_dags/example_branch_operator.py
[2021-06-06 06:33:24,991] {scheduler_job.py:633} INFO - Processing file /media/PythonProjects/66.Spotify_ETL/venv/lib/python3.8/site-packages/airflow/example_dags/example_branch_operator.py for tasks to queue
[2021-06-06 06:33:24,992] {logging_mixin.py:104} INFO - [2021-06-06 06:33:24,992] {dagbag.py:487} INFO - Filling up the DagBag from /media/PythonProjects/66.Spotify_ETL/venv/lib/python3.8/site-packages/airflow/example_dags/example_branch_operator.py
[2021-06-06 06:33:25,019] {scheduler_job.py:643} INFO - DAG(s) dict_keys(['example_branch_operator']) retrieved from /media/PythonProjects/66.Spotify_ETL/venv/lib/python3.8/site-packages/airflow/example_dags/example_branch_operator.py
[2021-06-06 06:33:25,034] {logging_mixin.py:104} INFO - [2021-06-06 06:33:25,034] {dag.py:1832} INFO - Sync 1 DAGs
[2021-06-06 06:33:25,057] {logging_mixin.py:104} INFO - [2021-06-06 06:33:25,057] {dag.py:2305} INFO - Setting next_dagrun for example_branch_operator to 2021-06-04 00:00:00+00:00
[2021-06-06 06:33:25,099] {scheduler_job.py:190} INFO - Processing /media/PythonProjects/66.Spotify_ETL/venv/lib/python3.8/site-packages/airflow/example_dags/example_branch_operator.py took 0.114 seconds
[2021-06-06 06:34:01,946] {scheduler_job.py:182} INFO - Started process (PID=2606) to work on /media/PythonProjects/66.Spotify_ETL/venv/lib/python3.8/site-packages/airflow/example_dags/example_branch_operator.py
[2021-06-06 06:34:01,948] {scheduler_job.py:633} INFO - Processing file /media/PythonProjects/66.Spotify_ETL/venv/lib/python3.8/site-packages/airflow/example_dags/example_branch_operator.py for tasks to queue
[2021-06-06 06:34:01,949] {logging_mixin.py:104} INFO - [2021-06-06 06:34:01,949] {dagbag.py:487} INFO - Filling up the DagBag from /media/PythonProjects/66.Spotify_ETL/venv/lib/python3.8/site-packages/airflow/example_dags/example_branch_operator.py
[2021-06-06 06:34:01,980] {scheduler_job.py:643} INFO - DAG(s) dict_keys(['example_branch_operator']) retrieved from /media/PythonProjects/66.Spotify_ETL/venv/lib/python3.8/site-packages/airflow/example_dags/example_branch_operator.py
[2021-06-06 06:34:01,998] {logging_mixin.py:104} INFO - [2021-06-06 06:34:01,998] {dag.py:1832} INFO - Sync 1 DAGs
[2021-06-06 06:34:02,015] {logging_mixin.py:104} INFO - [2021-06-06 06:34:02,014] {dag.py:2305} INFO - Setting next_dagrun for example_branch_operator to 2021-06-04 00:00:00+00:00
[2021-06-06 06:34:02,036] {scheduler_job.py:190} INFO - Processing /media/PythonProjects/66.Spotify_ETL/venv/lib/python3.8/site-packages/airflow/example_dags/example_branch_operator.py took 0.093 seconds
[2021-06-06 06:34:36,709] {scheduler_job.py:182} INFO - Started process (PID=2666) to work on /media/PythonProjects/66.Spotify_ETL/venv/lib/python3.8/site-packages/airflow/example_dags/example_branch_operator.py
[2021-06-06 06:34:36,712] {scheduler_job.py:633} INFO - Processing file /media/PythonProjects/66.Spotify_ETL/venv/lib/python3.8/site-packages/airflow/example_dags/example_branch_operator.py for tasks to queue
[2021-06-06 06:34:36,713] {logging_mixin.py:104} INFO - [2021-06-06 06:34:36,713] {dagbag.py:487} INFO - Filling up the DagBag from /media/PythonProjects/66.Spotify_ETL/venv/lib/python3.8/site-packages/airflow/example_dags/example_branch_operator.py
[2021-06-06 06:34:36,730] {scheduler_job.py:643} INFO - DAG(s) dict_keys(['example_branch_operator']) retrieved from /media/PythonProjects/66.Spotify_ETL/venv/lib/python3.8/site-packages/airflow/example_dags/example_branch_operator.py
[2021-06-06 06:34:36,742] {logging_mixin.py:104} INFO - [2021-06-06 06:34:36,742] {dag.py:1832} INFO - Sync 1 DAGs
[2021-06-06 06:34:36,754] {logging_mixin.py:104} INFO - [2021-06-06 06:34:36,754] {dag.py:2305} INFO - Setting next_dagrun for example_branch_operator to 2021-06-04 00:00:00+00:00
[2021-06-06 06:34:36,774] {scheduler_job.py:190} INFO - Processing /media/PythonProjects/66.Spotify_ETL/venv/lib/python3.8/site-packages/airflow/example_dags/example_branch_operator.py took 0.072 seconds
[2021-06-06 06:35:08,180] {scheduler_job.py:182} INFO - Started process (PID=2725) to work on /media/PythonProjects/66.Spotify_ETL/venv/lib/python3.8/site-packages/airflow/example_dags/example_branch_operator.py
[2021-06-06 06:35:08,183] {scheduler_job.py:633} INFO - Processing file /media/PythonProjects/66.Spotify_ETL/venv/lib/python3.8/site-packages/airflow/example_dags/example_branch_operator.py for tasks to queue
[2021-06-06 06:35:08,184] {logging_mixin.py:104} INFO - [2021-06-06 06:35:08,184] {dagbag.py:487} INFO - Filling up the DagBag from /media/PythonProjects/66.Spotify_ETL/venv/lib/python3.8/site-packages/airflow/example_dags/example_branch_operator.py
[2021-06-06 06:35:08,200] {scheduler_job.py:643} INFO - DAG(s) dict_keys(['example_branch_operator']) retrieved from /media/PythonProjects/66.Spotify_ETL/venv/lib/python3.8/site-packages/airflow/example_dags/example_branch_operator.py
[2021-06-06 06:35:08,214] {logging_mixin.py:104} INFO - [2021-06-06 06:35:08,214] {dag.py:1832} INFO - Sync 1 DAGs
[2021-06-06 06:35:08,227] {logging_mixin.py:104} INFO - [2021-06-06 06:35:08,227] {dag.py:2305} INFO - Setting next_dagrun for example_branch_operator to 2021-06-04 00:00:00+00:00
[2021-06-06 06:35:08,249] {scheduler_job.py:190} INFO - Processing /media/PythonProjects/66.Spotify_ETL/venv/lib/python3.8/site-packages/airflow/example_dags/example_branch_operator.py took 0.074 seconds
[2021-06-06 06:35:41,105] {scheduler_job.py:182} INFO - Started process (PID=2786) to work on /media/PythonProjects/66.Spotify_ETL/venv/lib/python3.8/site-packages/airflow/example_dags/example_branch_operator.py
[2021-06-06 06:35:41,106] {scheduler_job.py:633} INFO - Processing file /media/PythonProjects/66.Spotify_ETL/venv/lib/python3.8/site-packages/airflow/example_dags/example_branch_operator.py for tasks to queue
[2021-06-06 06:35:41,107] {logging_mixin.py:104} INFO - [2021-06-06 06:35:41,107] {dagbag.py:487} INFO - Filling up the DagBag from /media/PythonProjects/66.Spotify_ETL/venv/lib/python3.8/site-packages/airflow/example_dags/example_branch_operator.py
[2021-06-06 06:35:41,121] {scheduler_job.py:643} INFO - DAG(s) dict_keys(['example_branch_operator']) retrieved from /media/PythonProjects/66.Spotify_ETL/venv/lib/python3.8/site-packages/airflow/example_dags/example_branch_operator.py
[2021-06-06 06:35:41,135] {logging_mixin.py:104} INFO - [2021-06-06 06:35:41,135] {dag.py:1832} INFO - Sync 1 DAGs
[2021-06-06 06:35:41,149] {logging_mixin.py:104} INFO - [2021-06-06 06:35:41,149] {dag.py:2305} INFO - Setting next_dagrun for example_branch_operator to 2021-06-04 00:00:00+00:00
[2021-06-06 06:35:41,170] {scheduler_job.py:190} INFO - Processing /media/PythonProjects/66.Spotify_ETL/venv/lib/python3.8/site-packages/airflow/example_dags/example_branch_operator.py took 0.068 seconds
[2021-06-06 06:36:13,979] {scheduler_job.py:182} INFO - Started process (PID=2847) to work on /media/PythonProjects/66.Spotify_ETL/venv/lib/python3.8/site-packages/airflow/example_dags/example_branch_operator.py
[2021-06-06 06:36:13,981] {scheduler_job.py:633} INFO - Processing file /media/PythonProjects/66.Spotify_ETL/venv/lib/python3.8/site-packages/airflow/example_dags/example_branch_operator.py for tasks to queue
[2021-06-06 06:36:13,982] {logging_mixin.py:104} INFO - [2021-06-06 06:36:13,982] {dagbag.py:487} INFO - Filling up the DagBag from /media/PythonProjects/66.Spotify_ETL/venv/lib/python3.8/site-packages/airflow/example_dags/example_branch_operator.py
[2021-06-06 06:36:13,995] {scheduler_job.py:643} INFO - DAG(s) dict_keys(['example_branch_operator']) retrieved from /media/PythonProjects/66.Spotify_ETL/venv/lib/python3.8/site-packages/airflow/example_dags/example_branch_operator.py
[2021-06-06 06:36:14,010] {logging_mixin.py:104} INFO - [2021-06-06 06:36:14,010] {dag.py:1832} INFO - Sync 1 DAGs
[2021-06-06 06:36:14,023] {logging_mixin.py:104} INFO - [2021-06-06 06:36:14,023] {dag.py:2305} INFO - Setting next_dagrun for example_branch_operator to 2021-06-04 00:00:00+00:00
[2021-06-06 06:36:14,045] {scheduler_job.py:190} INFO - Processing /media/PythonProjects/66.Spotify_ETL/venv/lib/python3.8/site-packages/airflow/example_dags/example_branch_operator.py took 0.068 seconds
[2021-06-06 06:36:47,786] {scheduler_job.py:182} INFO - Started process (PID=2907) to work on /media/PythonProjects/66.Spotify_ETL/venv/lib/python3.8/site-packages/airflow/example_dags/example_branch_operator.py
[2021-06-06 06:36:47,788] {scheduler_job.py:633} INFO - Processing file /media/PythonProjects/66.Spotify_ETL/venv/lib/python3.8/site-packages/airflow/example_dags/example_branch_operator.py for tasks to queue
[2021-06-06 06:36:47,788] {logging_mixin.py:104} INFO - [2021-06-06 06:36:47,788] {dagbag.py:487} INFO - Filling up the DagBag from /media/PythonProjects/66.Spotify_ETL/venv/lib/python3.8/site-packages/airflow/example_dags/example_branch_operator.py
[2021-06-06 06:36:47,800] {scheduler_job.py:643} INFO - DAG(s) dict_keys(['example_branch_operator']) retrieved from /media/PythonProjects/66.Spotify_ETL/venv/lib/python3.8/site-packages/airflow/example_dags/example_branch_operator.py
[2021-06-06 06:36:47,813] {logging_mixin.py:104} INFO - [2021-06-06 06:36:47,813] {dag.py:1832} INFO - Sync 1 DAGs
[2021-06-06 06:36:47,824] {logging_mixin.py:104} INFO - [2021-06-06 06:36:47,824] {dag.py:2305} INFO - Setting next_dagrun for example_branch_operator to 2021-06-04 00:00:00+00:00
[2021-06-06 06:36:47,842] {scheduler_job.py:190} INFO - Processing /media/PythonProjects/66.Spotify_ETL/venv/lib/python3.8/site-packages/airflow/example_dags/example_branch_operator.py took 0.058 seconds
[2021-06-06 06:37:20,231] {scheduler_job.py:182} INFO - Started process (PID=2966) to work on /media/PythonProjects/66.Spotify_ETL/venv/lib/python3.8/site-packages/airflow/example_dags/example_branch_operator.py
[2021-06-06 06:37:20,232] {scheduler_job.py:633} INFO - Processing file /media/PythonProjects/66.Spotify_ETL/venv/lib/python3.8/site-packages/airflow/example_dags/example_branch_operator.py for tasks to queue
[2021-06-06 06:37:20,233] {logging_mixin.py:104} INFO - [2021-06-06 06:37:20,233] {dagbag.py:487} INFO - Filling up the DagBag from /media/PythonProjects/66.Spotify_ETL/venv/lib/python3.8/site-packages/airflow/example_dags/example_branch_operator.py
[2021-06-06 06:37:20,245] {scheduler_job.py:643} INFO - DAG(s) dict_keys(['example_branch_operator']) retrieved from /media/PythonProjects/66.Spotify_ETL/venv/lib/python3.8/site-packages/airflow/example_dags/example_branch_operator.py
[2021-06-06 06:37:20,259] {logging_mixin.py:104} INFO - [2021-06-06 06:37:20,259] {dag.py:1832} INFO - Sync 1 DAGs
[2021-06-06 06:37:20,271] {logging_mixin.py:104} INFO - [2021-06-06 06:37:20,271] {dag.py:2305} INFO - Setting next_dagrun for example_branch_operator to 2021-06-04 00:00:00+00:00
[2021-06-06 06:37:20,310] {scheduler_job.py:190} INFO - Processing /media/PythonProjects/66.Spotify_ETL/venv/lib/python3.8/site-packages/airflow/example_dags/example_branch_operator.py took 0.082 seconds
[2021-06-06 06:37:55,166] {scheduler_job.py:182} INFO - Started process (PID=3027) to work on /media/PythonProjects/66.Spotify_ETL/venv/lib/python3.8/site-packages/airflow/example_dags/example_branch_operator.py
[2021-06-06 06:37:55,168] {scheduler_job.py:633} INFO - Processing file /media/PythonProjects/66.Spotify_ETL/venv/lib/python3.8/site-packages/airflow/example_dags/example_branch_operator.py for tasks to queue
[2021-06-06 06:37:55,169] {logging_mixin.py:104} INFO - [2021-06-06 06:37:55,169] {dagbag.py:487} INFO - Filling up the DagBag from /media/PythonProjects/66.Spotify_ETL/venv/lib/python3.8/site-packages/airflow/example_dags/example_branch_operator.py
[2021-06-06 06:37:55,184] {scheduler_job.py:643} INFO - DAG(s) dict_keys(['example_branch_operator']) retrieved from /media/PythonProjects/66.Spotify_ETL/venv/lib/python3.8/site-packages/airflow/example_dags/example_branch_operator.py
[2021-06-06 06:37:55,198] {logging_mixin.py:104} INFO - [2021-06-06 06:37:55,198] {dag.py:1832} INFO - Sync 1 DAGs
[2021-06-06 06:37:55,212] {logging_mixin.py:104} INFO - [2021-06-06 06:37:55,212] {dag.py:2305} INFO - Setting next_dagrun for example_branch_operator to 2021-06-04 00:00:00+00:00
[2021-06-06 06:37:55,235] {scheduler_job.py:190} INFO - Processing /media/PythonProjects/66.Spotify_ETL/venv/lib/python3.8/site-packages/airflow/example_dags/example_branch_operator.py took 0.076 seconds
[2021-06-06 06:38:28,322] {scheduler_job.py:182} INFO - Started process (PID=3085) to work on /media/PythonProjects/66.Spotify_ETL/venv/lib/python3.8/site-packages/airflow/example_dags/example_branch_operator.py
[2021-06-06 06:38:28,323] {scheduler_job.py:633} INFO - Processing file /media/PythonProjects/66.Spotify_ETL/venv/lib/python3.8/site-packages/airflow/example_dags/example_branch_operator.py for tasks to queue
[2021-06-06 06:38:28,324] {logging_mixin.py:104} INFO - [2021-06-06 06:38:28,324] {dagbag.py:487} INFO - Filling up the DagBag from /media/PythonProjects/66.Spotify_ETL/venv/lib/python3.8/site-packages/airflow/example_dags/example_branch_operator.py
[2021-06-06 06:38:28,337] {scheduler_job.py:643} INFO - DAG(s) dict_keys(['example_branch_operator']) retrieved from /media/PythonProjects/66.Spotify_ETL/venv/lib/python3.8/site-packages/airflow/example_dags/example_branch_operator.py
[2021-06-06 06:38:28,352] {logging_mixin.py:104} INFO - [2021-06-06 06:38:28,351] {dag.py:1832} INFO - Sync 1 DAGs
[2021-06-06 06:38:28,365] {logging_mixin.py:104} INFO - [2021-06-06 06:38:28,364] {dag.py:2305} INFO - Setting next_dagrun for example_branch_operator to 2021-06-04 00:00:00+00:00
[2021-06-06 06:38:28,387] {scheduler_job.py:190} INFO - Processing /media/PythonProjects/66.Spotify_ETL/venv/lib/python3.8/site-packages/airflow/example_dags/example_branch_operator.py took 0.069 seconds
[2021-06-06 06:39:02,246] {scheduler_job.py:182} INFO - Started process (PID=3143) to work on /media/PythonProjects/66.Spotify_ETL/venv/lib/python3.8/site-packages/airflow/example_dags/example_branch_operator.py
[2021-06-06 06:39:02,248] {scheduler_job.py:633} INFO - Processing file /media/PythonProjects/66.Spotify_ETL/venv/lib/python3.8/site-packages/airflow/example_dags/example_branch_operator.py for tasks to queue
[2021-06-06 06:39:02,249] {logging_mixin.py:104} INFO - [2021-06-06 06:39:02,249] {dagbag.py:487} INFO - Filling up the DagBag from /media/PythonProjects/66.Spotify_ETL/venv/lib/python3.8/site-packages/airflow/example_dags/example_branch_operator.py
[2021-06-06 06:39:02,267] {scheduler_job.py:643} INFO - DAG(s) dict_keys(['example_branch_operator']) retrieved from /media/PythonProjects/66.Spotify_ETL/venv/lib/python3.8/site-packages/airflow/example_dags/example_branch_operator.py
[2021-06-06 06:39:02,283] {logging_mixin.py:104} INFO - [2021-06-06 06:39:02,282] {dag.py:1832} INFO - Sync 1 DAGs
[2021-06-06 06:39:02,296] {logging_mixin.py:104} INFO - [2021-06-06 06:39:02,295] {dag.py:2305} INFO - Setting next_dagrun for example_branch_operator to 2021-06-04 00:00:00+00:00
[2021-06-06 06:39:02,317] {scheduler_job.py:190} INFO - Processing /media/PythonProjects/66.Spotify_ETL/venv/lib/python3.8/site-packages/airflow/example_dags/example_branch_operator.py took 0.074 seconds
[2021-06-06 06:39:34,939] {scheduler_job.py:182} INFO - Started process (PID=3201) to work on /media/PythonProjects/66.Spotify_ETL/venv/lib/python3.8/site-packages/airflow/example_dags/example_branch_operator.py
[2021-06-06 06:39:34,941] {scheduler_job.py:633} INFO - Processing file /media/PythonProjects/66.Spotify_ETL/venv/lib/python3.8/site-packages/airflow/example_dags/example_branch_operator.py for tasks to queue
[2021-06-06 06:39:34,942] {logging_mixin.py:104} INFO - [2021-06-06 06:39:34,941] {dagbag.py:487} INFO - Filling up the DagBag from /media/PythonProjects/66.Spotify_ETL/venv/lib/python3.8/site-packages/airflow/example_dags/example_branch_operator.py
[2021-06-06 06:39:34,959] {scheduler_job.py:643} INFO - DAG(s) dict_keys(['example_branch_operator']) retrieved from /media/PythonProjects/66.Spotify_ETL/venv/lib/python3.8/site-packages/airflow/example_dags/example_branch_operator.py
[2021-06-06 06:39:34,983] {logging_mixin.py:104} INFO - [2021-06-06 06:39:34,983] {dag.py:1832} INFO - Sync 1 DAGs
[2021-06-06 06:39:35,003] {logging_mixin.py:104} INFO - [2021-06-06 06:39:35,003] {dag.py:2305} INFO - Setting next_dagrun for example_branch_operator to 2021-06-04 00:00:00+00:00
[2021-06-06 06:39:35,031] {scheduler_job.py:190} INFO - Processing /media/PythonProjects/66.Spotify_ETL/venv/lib/python3.8/site-packages/airflow/example_dags/example_branch_operator.py took 0.094 seconds
[2021-06-06 06:40:09,854] {scheduler_job.py:182} INFO - Started process (PID=3258) to work on /media/PythonProjects/66.Spotify_ETL/venv/lib/python3.8/site-packages/airflow/example_dags/example_branch_operator.py
[2021-06-06 06:40:09,855] {scheduler_job.py:633} INFO - Processing file /media/PythonProjects/66.Spotify_ETL/venv/lib/python3.8/site-packages/airflow/example_dags/example_branch_operator.py for tasks to queue
[2021-06-06 06:40:09,856] {logging_mixin.py:104} INFO - [2021-06-06 06:40:09,856] {dagbag.py:487} INFO - Filling up the DagBag from /media/PythonProjects/66.Spotify_ETL/venv/lib/python3.8/site-packages/airflow/example_dags/example_branch_operator.py
[2021-06-06 06:40:09,872] {scheduler_job.py:643} INFO - DAG(s) dict_keys(['example_branch_operator']) retrieved from /media/PythonProjects/66.Spotify_ETL/venv/lib/python3.8/site-packages/airflow/example_dags/example_branch_operator.py
[2021-06-06 06:40:09,890] {logging_mixin.py:104} INFO - [2021-06-06 06:40:09,890] {dag.py:1832} INFO - Sync 1 DAGs
[2021-06-06 06:40:09,905] {logging_mixin.py:104} INFO - [2021-06-06 06:40:09,905] {dag.py:2305} INFO - Setting next_dagrun for example_branch_operator to 2021-06-04 00:00:00+00:00
[2021-06-06 06:40:09,933] {scheduler_job.py:190} INFO - Processing /media/PythonProjects/66.Spotify_ETL/venv/lib/python3.8/site-packages/airflow/example_dags/example_branch_operator.py took 0.082 seconds
[2021-06-06 06:40:42,935] {scheduler_job.py:182} INFO - Started process (PID=3313) to work on /media/PythonProjects/66.Spotify_ETL/venv/lib/python3.8/site-packages/airflow/example_dags/example_branch_operator.py
[2021-06-06 06:40:42,937] {scheduler_job.py:633} INFO - Processing file /media/PythonProjects/66.Spotify_ETL/venv/lib/python3.8/site-packages/airflow/example_dags/example_branch_operator.py for tasks to queue
[2021-06-06 06:40:42,938] {logging_mixin.py:104} INFO - [2021-06-06 06:40:42,938] {dagbag.py:487} INFO - Filling up the DagBag from /media/PythonProjects/66.Spotify_ETL/venv/lib/python3.8/site-packages/airflow/example_dags/example_branch_operator.py
[2021-06-06 06:40:42,953] {scheduler_job.py:643} INFO - DAG(s) dict_keys(['example_branch_operator']) retrieved from /media/PythonProjects/66.Spotify_ETL/venv/lib/python3.8/site-packages/airflow/example_dags/example_branch_operator.py
[2021-06-06 06:40:42,967] {logging_mixin.py:104} INFO - [2021-06-06 06:40:42,967] {dag.py:1832} INFO - Sync 1 DAGs
[2021-06-06 06:40:42,979] {logging_mixin.py:104} INFO - [2021-06-06 06:40:42,979] {dag.py:2305} INFO - Setting next_dagrun for example_branch_operator to 2021-06-04 00:00:00+00:00
[2021-06-06 06:40:43,005] {scheduler_job.py:190} INFO - Processing /media/PythonProjects/66.Spotify_ETL/venv/lib/python3.8/site-packages/airflow/example_dags/example_branch_operator.py took 0.075 seconds
[2021-06-06 06:41:16,266] {scheduler_job.py:182} INFO - Started process (PID=3373) to work on /media/PythonProjects/66.Spotify_ETL/venv/lib/python3.8/site-packages/airflow/example_dags/example_branch_operator.py
[2021-06-06 06:41:16,268] {scheduler_job.py:633} INFO - Processing file /media/PythonProjects/66.Spotify_ETL/venv/lib/python3.8/site-packages/airflow/example_dags/example_branch_operator.py for tasks to queue
[2021-06-06 06:41:16,269] {logging_mixin.py:104} INFO - [2021-06-06 06:41:16,269] {dagbag.py:487} INFO - Filling up the DagBag from /media/PythonProjects/66.Spotify_ETL/venv/lib/python3.8/site-packages/airflow/example_dags/example_branch_operator.py
[2021-06-06 06:41:16,285] {scheduler_job.py:643} INFO - DAG(s) dict_keys(['example_branch_operator']) retrieved from /media/PythonProjects/66.Spotify_ETL/venv/lib/python3.8/site-packages/airflow/example_dags/example_branch_operator.py
[2021-06-06 06:41:16,299] {logging_mixin.py:104} INFO - [2021-06-06 06:41:16,299] {dag.py:1832} INFO - Sync 1 DAGs
[2021-06-06 06:41:16,312] {logging_mixin.py:104} INFO - [2021-06-06 06:41:16,311] {dag.py:2305} INFO - Setting next_dagrun for example_branch_operator to 2021-06-04 00:00:00+00:00
[2021-06-06 06:41:16,332] {scheduler_job.py:190} INFO - Processing /media/PythonProjects/66.Spotify_ETL/venv/lib/python3.8/site-packages/airflow/example_dags/example_branch_operator.py took 0.071 seconds
[2021-06-06 06:41:50,508] {scheduler_job.py:182} INFO - Started process (PID=3435) to work on /media/PythonProjects/66.Spotify_ETL/venv/lib/python3.8/site-packages/airflow/example_dags/example_branch_operator.py
[2021-06-06 06:41:50,510] {scheduler_job.py:633} INFO - Processing file /media/PythonProjects/66.Spotify_ETL/venv/lib/python3.8/site-packages/airflow/example_dags/example_branch_operator.py for tasks to queue
[2021-06-06 06:41:50,511] {logging_mixin.py:104} INFO - [2021-06-06 06:41:50,511] {dagbag.py:487} INFO - Filling up the DagBag from /media/PythonProjects/66.Spotify_ETL/venv/lib/python3.8/site-packages/airflow/example_dags/example_branch_operator.py
[2021-06-06 06:41:50,527] {scheduler_job.py:643} INFO - DAG(s) dict_keys(['example_branch_operator']) retrieved from /media/PythonProjects/66.Spotify_ETL/venv/lib/python3.8/site-packages/airflow/example_dags/example_branch_operator.py
[2021-06-06 06:41:50,540] {logging_mixin.py:104} INFO - [2021-06-06 06:41:50,540] {dag.py:1832} INFO - Sync 1 DAGs
[2021-06-06 06:41:50,553] {logging_mixin.py:104} INFO - [2021-06-06 06:41:50,553] {dag.py:2305} INFO - Setting next_dagrun for example_branch_operator to 2021-06-04 00:00:00+00:00
[2021-06-06 06:41:50,571] {scheduler_job.py:190} INFO - Processing /media/PythonProjects/66.Spotify_ETL/venv/lib/python3.8/site-packages/airflow/example_dags/example_branch_operator.py took 0.066 seconds
[2021-06-06 06:42:22,854] {scheduler_job.py:182} INFO - Started process (PID=3491) to work on /media/PythonProjects/66.Spotify_ETL/venv/lib/python3.8/site-packages/airflow/example_dags/example_branch_operator.py
[2021-06-06 06:42:22,856] {scheduler_job.py:633} INFO - Processing file /media/PythonProjects/66.Spotify_ETL/venv/lib/python3.8/site-packages/airflow/example_dags/example_branch_operator.py for tasks to queue
[2021-06-06 06:42:22,857] {logging_mixin.py:104} INFO - [2021-06-06 06:42:22,856] {dagbag.py:487} INFO - Filling up the DagBag from /media/PythonProjects/66.Spotify_ETL/venv/lib/python3.8/site-packages/airflow/example_dags/example_branch_operator.py
[2021-06-06 06:42:22,871] {scheduler_job.py:643} INFO - DAG(s) dict_keys(['example_branch_operator']) retrieved from /media/PythonProjects/66.Spotify_ETL/venv/lib/python3.8/site-packages/airflow/example_dags/example_branch_operator.py
[2021-06-06 06:42:22,885] {logging_mixin.py:104} INFO - [2021-06-06 06:42:22,884] {dag.py:1832} INFO - Sync 1 DAGs
[2021-06-06 06:42:22,897] {logging_mixin.py:104} INFO - [2021-06-06 06:42:22,897] {dag.py:2305} INFO - Setting next_dagrun for example_branch_operator to 2021-06-04 00:00:00+00:00
[2021-06-06 06:42:22,917] {scheduler_job.py:190} INFO - Processing /media/PythonProjects/66.Spotify_ETL/venv/lib/python3.8/site-packages/airflow/example_dags/example_branch_operator.py took 0.068 seconds
[2021-06-06 06:42:55,853] {scheduler_job.py:182} INFO - Started process (PID=3549) to work on /media/PythonProjects/66.Spotify_ETL/venv/lib/python3.8/site-packages/airflow/example_dags/example_branch_operator.py
[2021-06-06 06:42:55,855] {scheduler_job.py:633} INFO - Processing file /media/PythonProjects/66.Spotify_ETL/venv/lib/python3.8/site-packages/airflow/example_dags/example_branch_operator.py for tasks to queue
[2021-06-06 06:42:55,856] {logging_mixin.py:104} INFO - [2021-06-06 06:42:55,856] {dagbag.py:487} INFO - Filling up the DagBag from /media/PythonProjects/66.Spotify_ETL/venv/lib/python3.8/site-packages/airflow/example_dags/example_branch_operator.py
[2021-06-06 06:42:55,871] {scheduler_job.py:643} INFO - DAG(s) dict_keys(['example_branch_operator']) retrieved from /media/PythonProjects/66.Spotify_ETL/venv/lib/python3.8/site-packages/airflow/example_dags/example_branch_operator.py
[2021-06-06 06:42:55,887] {logging_mixin.py:104} INFO - [2021-06-06 06:42:55,886] {dag.py:1832} INFO - Sync 1 DAGs
[2021-06-06 06:42:55,900] {logging_mixin.py:104} INFO - [2021-06-06 06:42:55,900] {dag.py:2305} INFO - Setting next_dagrun for example_branch_operator to 2021-06-04 00:00:00+00:00
[2021-06-06 06:42:55,926] {scheduler_job.py:190} INFO - Processing /media/PythonProjects/66.Spotify_ETL/venv/lib/python3.8/site-packages/airflow/example_dags/example_branch_operator.py took 0.079 seconds
[2021-06-06 06:43:27,391] {scheduler_job.py:182} INFO - Started process (PID=3607) to work on /media/PythonProjects/66.Spotify_ETL/venv/lib/python3.8/site-packages/airflow/example_dags/example_branch_operator.py
[2021-06-06 06:43:27,392] {scheduler_job.py:633} INFO - Processing file /media/PythonProjects/66.Spotify_ETL/venv/lib/python3.8/site-packages/airflow/example_dags/example_branch_operator.py for tasks to queue
[2021-06-06 06:43:27,393] {logging_mixin.py:104} INFO - [2021-06-06 06:43:27,393] {dagbag.py:487} INFO - Filling up the DagBag from /media/PythonProjects/66.Spotify_ETL/venv/lib/python3.8/site-packages/airflow/example_dags/example_branch_operator.py
[2021-06-06 06:43:27,407] {scheduler_job.py:643} INFO - DAG(s) dict_keys(['example_branch_operator']) retrieved from /media/PythonProjects/66.Spotify_ETL/venv/lib/python3.8/site-packages/airflow/example_dags/example_branch_operator.py
[2021-06-06 06:43:27,421] {logging_mixin.py:104} INFO - [2021-06-06 06:43:27,421] {dag.py:1832} INFO - Sync 1 DAGs
[2021-06-06 06:43:27,434] {logging_mixin.py:104} INFO - [2021-06-06 06:43:27,434] {dag.py:2305} INFO - Setting next_dagrun for example_branch_operator to 2021-06-04 00:00:00+00:00
[2021-06-06 06:43:27,456] {scheduler_job.py:190} INFO - Processing /media/PythonProjects/66.Spotify_ETL/venv/lib/python3.8/site-packages/airflow/example_dags/example_branch_operator.py took 0.068 seconds
[2021-06-06 06:44:00,974] {scheduler_job.py:182} INFO - Started process (PID=3666) to work on /media/PythonProjects/66.Spotify_ETL/venv/lib/python3.8/site-packages/airflow/example_dags/example_branch_operator.py
[2021-06-06 06:44:00,975] {scheduler_job.py:633} INFO - Processing file /media/PythonProjects/66.Spotify_ETL/venv/lib/python3.8/site-packages/airflow/example_dags/example_branch_operator.py for tasks to queue
[2021-06-06 06:44:00,976] {logging_mixin.py:104} INFO - [2021-06-06 06:44:00,976] {dagbag.py:487} INFO - Filling up the DagBag from /media/PythonProjects/66.Spotify_ETL/venv/lib/python3.8/site-packages/airflow/example_dags/example_branch_operator.py
[2021-06-06 06:44:00,990] {scheduler_job.py:643} INFO - DAG(s) dict_keys(['example_branch_operator']) retrieved from /media/PythonProjects/66.Spotify_ETL/venv/lib/python3.8/site-packages/airflow/example_dags/example_branch_operator.py
[2021-06-06 06:44:01,003] {logging_mixin.py:104} INFO - [2021-06-06 06:44:01,003] {dag.py:1832} INFO - Sync 1 DAGs
[2021-06-06 06:44:01,017] {logging_mixin.py:104} INFO - [2021-06-06 06:44:01,017] {dag.py:2305} INFO - Setting next_dagrun for example_branch_operator to 2021-06-04 00:00:00+00:00
[2021-06-06 06:44:01,036] {scheduler_job.py:190} INFO - Processing /media/PythonProjects/66.Spotify_ETL/venv/lib/python3.8/site-packages/airflow/example_dags/example_branch_operator.py took 0.065 seconds
[2021-06-06 06:44:35,942] {scheduler_job.py:182} INFO - Started process (PID=3723) to work on /media/PythonProjects/66.Spotify_ETL/venv/lib/python3.8/site-packages/airflow/example_dags/example_branch_operator.py
[2021-06-06 06:44:35,943] {scheduler_job.py:633} INFO - Processing file /media/PythonProjects/66.Spotify_ETL/venv/lib/python3.8/site-packages/airflow/example_dags/example_branch_operator.py for tasks to queue
[2021-06-06 06:44:35,944] {logging_mixin.py:104} INFO - [2021-06-06 06:44:35,944] {dagbag.py:487} INFO - Filling up the DagBag from /media/PythonProjects/66.Spotify_ETL/venv/lib/python3.8/site-packages/airflow/example_dags/example_branch_operator.py
[2021-06-06 06:44:35,962] {scheduler_job.py:643} INFO - DAG(s) dict_keys(['example_branch_operator']) retrieved from /media/PythonProjects/66.Spotify_ETL/venv/lib/python3.8/site-packages/airflow/example_dags/example_branch_operator.py
[2021-06-06 06:44:35,980] {logging_mixin.py:104} INFO - [2021-06-06 06:44:35,980] {dag.py:1832} INFO - Sync 1 DAGs
[2021-06-06 06:44:35,999] {logging_mixin.py:104} INFO - [2021-06-06 06:44:35,999] {dag.py:2305} INFO - Setting next_dagrun for example_branch_operator to 2021-06-04 00:00:00+00:00
[2021-06-06 06:44:36,022] {scheduler_job.py:190} INFO - Processing /media/PythonProjects/66.Spotify_ETL/venv/lib/python3.8/site-packages/airflow/example_dags/example_branch_operator.py took 0.084 seconds
[2021-06-06 06:45:07,891] {scheduler_job.py:182} INFO - Started process (PID=3780) to work on /media/PythonProjects/66.Spotify_ETL/venv/lib/python3.8/site-packages/airflow/example_dags/example_branch_operator.py
[2021-06-06 06:45:07,893] {scheduler_job.py:633} INFO - Processing file /media/PythonProjects/66.Spotify_ETL/venv/lib/python3.8/site-packages/airflow/example_dags/example_branch_operator.py for tasks to queue
[2021-06-06 06:45:07,895] {logging_mixin.py:104} INFO - [2021-06-06 06:45:07,894] {dagbag.py:487} INFO - Filling up the DagBag from /media/PythonProjects/66.Spotify_ETL/venv/lib/python3.8/site-packages/airflow/example_dags/example_branch_operator.py
[2021-06-06 06:45:07,912] {scheduler_job.py:643} INFO - DAG(s) dict_keys(['example_branch_operator']) retrieved from /media/PythonProjects/66.Spotify_ETL/venv/lib/python3.8/site-packages/airflow/example_dags/example_branch_operator.py
[2021-06-06 06:45:07,927] {logging_mixin.py:104} INFO - [2021-06-06 06:45:07,927] {dag.py:1832} INFO - Sync 1 DAGs
[2021-06-06 06:45:07,940] {logging_mixin.py:104} INFO - [2021-06-06 06:45:07,940] {dag.py:2305} INFO - Setting next_dagrun for example_branch_operator to 2021-06-04 00:00:00+00:00
[2021-06-06 06:45:07,960] {scheduler_job.py:190} INFO - Processing /media/PythonProjects/66.Spotify_ETL/venv/lib/python3.8/site-packages/airflow/example_dags/example_branch_operator.py took 0.075 seconds
[2021-06-06 06:45:40,666] {scheduler_job.py:182} INFO - Started process (PID=4001) to work on /media/PythonProjects/66.Spotify_ETL/venv/lib/python3.8/site-packages/airflow/example_dags/example_branch_operator.py
[2021-06-06 06:45:40,667] {scheduler_job.py:633} INFO - Processing file /media/PythonProjects/66.Spotify_ETL/venv/lib/python3.8/site-packages/airflow/example_dags/example_branch_operator.py for tasks to queue
[2021-06-06 06:45:40,668] {logging_mixin.py:104} INFO - [2021-06-06 06:45:40,668] {dagbag.py:487} INFO - Filling up the DagBag from /media/PythonProjects/66.Spotify_ETL/venv/lib/python3.8/site-packages/airflow/example_dags/example_branch_operator.py
[2021-06-06 06:45:40,680] {scheduler_job.py:643} INFO - DAG(s) dict_keys(['example_branch_operator']) retrieved from /media/PythonProjects/66.Spotify_ETL/venv/lib/python3.8/site-packages/airflow/example_dags/example_branch_operator.py
[2021-06-06 06:45:40,693] {logging_mixin.py:104} INFO - [2021-06-06 06:45:40,693] {dag.py:1832} INFO - Sync 1 DAGs
[2021-06-06 06:45:40,706] {logging_mixin.py:104} INFO - [2021-06-06 06:45:40,705] {dag.py:2305} INFO - Setting next_dagrun for example_branch_operator to 2021-06-04 00:00:00+00:00
[2021-06-06 06:45:40,723] {scheduler_job.py:190} INFO - Processing /media/PythonProjects/66.Spotify_ETL/venv/lib/python3.8/site-packages/airflow/example_dags/example_branch_operator.py took 0.061 seconds
[2021-06-06 06:46:12,140] {scheduler_job.py:182} INFO - Started process (PID=4278) to work on /media/PythonProjects/66.Spotify_ETL/venv/lib/python3.8/site-packages/airflow/example_dags/example_branch_operator.py
[2021-06-06 06:46:12,143] {scheduler_job.py:633} INFO - Processing file /media/PythonProjects/66.Spotify_ETL/venv/lib/python3.8/site-packages/airflow/example_dags/example_branch_operator.py for tasks to queue
[2021-06-06 06:46:12,144] {logging_mixin.py:104} INFO - [2021-06-06 06:46:12,144] {dagbag.py:487} INFO - Filling up the DagBag from /media/PythonProjects/66.Spotify_ETL/venv/lib/python3.8/site-packages/airflow/example_dags/example_branch_operator.py
[2021-06-06 06:46:12,166] {scheduler_job.py:643} INFO - DAG(s) dict_keys(['example_branch_operator']) retrieved from /media/PythonProjects/66.Spotify_ETL/venv/lib/python3.8/site-packages/airflow/example_dags/example_branch_operator.py
[2021-06-06 06:46:12,188] {logging_mixin.py:104} INFO - [2021-06-06 06:46:12,188] {dag.py:1832} INFO - Sync 1 DAGs
[2021-06-06 06:46:12,214] {logging_mixin.py:104} INFO - [2021-06-06 06:46:12,214] {dag.py:2305} INFO - Setting next_dagrun for example_branch_operator to 2021-06-04 00:00:00+00:00
[2021-06-06 06:46:12,240] {scheduler_job.py:190} INFO - Processing /media/PythonProjects/66.Spotify_ETL/venv/lib/python3.8/site-packages/airflow/example_dags/example_branch_operator.py took 0.109 seconds
