[2021-06-06 06:32:00,854] {scheduler_job.py:182} INFO - Started process (PID=2380) to work on /media/PythonProjects/66.Spotify_ETL/venv/lib/python3.8/site-packages/airflow/example_dags/example_task_group.py
[2021-06-06 06:32:00,855] {scheduler_job.py:633} INFO - Processing file /media/PythonProjects/66.Spotify_ETL/venv/lib/python3.8/site-packages/airflow/example_dags/example_task_group.py for tasks to queue
[2021-06-06 06:32:00,856] {logging_mixin.py:104} INFO - [2021-06-06 06:32:00,856] {dagbag.py:487} INFO - Filling up the DagBag from /media/PythonProjects/66.Spotify_ETL/venv/lib/python3.8/site-packages/airflow/example_dags/example_task_group.py
[2021-06-06 06:32:00,872] {scheduler_job.py:643} INFO - DAG(s) dict_keys(['example_task_group']) retrieved from /media/PythonProjects/66.Spotify_ETL/venv/lib/python3.8/site-packages/airflow/example_dags/example_task_group.py
[2021-06-06 06:32:00,887] {logging_mixin.py:104} INFO - [2021-06-06 06:32:00,887] {dag.py:1832} INFO - Sync 1 DAGs
[2021-06-06 06:32:00,898] {logging_mixin.py:104} INFO - [2021-06-06 06:32:00,898] {dag.py:2305} INFO - Setting next_dagrun for example_task_group to 2021-06-04 00:00:00+00:00
[2021-06-06 06:32:00,915] {scheduler_job.py:190} INFO - Processing /media/PythonProjects/66.Spotify_ETL/venv/lib/python3.8/site-packages/airflow/example_dags/example_task_group.py took 0.068 seconds
[2021-06-06 06:32:36,193] {scheduler_job.py:182} INFO - Started process (PID=2438) to work on /media/PythonProjects/66.Spotify_ETL/venv/lib/python3.8/site-packages/airflow/example_dags/example_task_group.py
[2021-06-06 06:32:36,194] {scheduler_job.py:633} INFO - Processing file /media/PythonProjects/66.Spotify_ETL/venv/lib/python3.8/site-packages/airflow/example_dags/example_task_group.py for tasks to queue
[2021-06-06 06:32:36,196] {logging_mixin.py:104} INFO - [2021-06-06 06:32:36,196] {dagbag.py:487} INFO - Filling up the DagBag from /media/PythonProjects/66.Spotify_ETL/venv/lib/python3.8/site-packages/airflow/example_dags/example_task_group.py
[2021-06-06 06:32:36,210] {scheduler_job.py:643} INFO - DAG(s) dict_keys(['example_task_group']) retrieved from /media/PythonProjects/66.Spotify_ETL/venv/lib/python3.8/site-packages/airflow/example_dags/example_task_group.py
[2021-06-06 06:32:36,226] {logging_mixin.py:104} INFO - [2021-06-06 06:32:36,226] {dag.py:1832} INFO - Sync 1 DAGs
[2021-06-06 06:32:36,237] {logging_mixin.py:104} INFO - [2021-06-06 06:32:36,237] {dag.py:2305} INFO - Setting next_dagrun for example_task_group to 2021-06-04 00:00:00+00:00
[2021-06-06 06:32:36,256] {scheduler_job.py:190} INFO - Processing /media/PythonProjects/66.Spotify_ETL/venv/lib/python3.8/site-packages/airflow/example_dags/example_task_group.py took 0.067 seconds
[2021-06-06 06:33:12,749] {scheduler_job.py:182} INFO - Started process (PID=2523) to work on /media/PythonProjects/66.Spotify_ETL/venv/lib/python3.8/site-packages/airflow/example_dags/example_task_group.py
[2021-06-06 06:33:12,750] {scheduler_job.py:633} INFO - Processing file /media/PythonProjects/66.Spotify_ETL/venv/lib/python3.8/site-packages/airflow/example_dags/example_task_group.py for tasks to queue
[2021-06-06 06:33:12,751] {logging_mixin.py:104} INFO - [2021-06-06 06:33:12,751] {dagbag.py:487} INFO - Filling up the DagBag from /media/PythonProjects/66.Spotify_ETL/venv/lib/python3.8/site-packages/airflow/example_dags/example_task_group.py
[2021-06-06 06:33:12,768] {scheduler_job.py:643} INFO - DAG(s) dict_keys(['example_task_group']) retrieved from /media/PythonProjects/66.Spotify_ETL/venv/lib/python3.8/site-packages/airflow/example_dags/example_task_group.py
[2021-06-06 06:33:12,782] {logging_mixin.py:104} INFO - [2021-06-06 06:33:12,782] {dag.py:1832} INFO - Sync 1 DAGs
[2021-06-06 06:33:12,795] {logging_mixin.py:104} INFO - [2021-06-06 06:33:12,794] {dag.py:2305} INFO - Setting next_dagrun for example_task_group to 2021-06-04 00:00:00+00:00
[2021-06-06 06:33:12,819] {scheduler_job.py:190} INFO - Processing /media/PythonProjects/66.Spotify_ETL/venv/lib/python3.8/site-packages/airflow/example_dags/example_task_group.py took 0.073 seconds
[2021-06-06 06:33:47,064] {scheduler_job.py:182} INFO - Started process (PID=2582) to work on /media/PythonProjects/66.Spotify_ETL/venv/lib/python3.8/site-packages/airflow/example_dags/example_task_group.py
[2021-06-06 06:33:47,069] {scheduler_job.py:633} INFO - Processing file /media/PythonProjects/66.Spotify_ETL/venv/lib/python3.8/site-packages/airflow/example_dags/example_task_group.py for tasks to queue
[2021-06-06 06:33:47,074] {logging_mixin.py:104} INFO - [2021-06-06 06:33:47,074] {dagbag.py:487} INFO - Filling up the DagBag from /media/PythonProjects/66.Spotify_ETL/venv/lib/python3.8/site-packages/airflow/example_dags/example_task_group.py
[2021-06-06 06:33:47,098] {scheduler_job.py:643} INFO - DAG(s) dict_keys(['example_task_group']) retrieved from /media/PythonProjects/66.Spotify_ETL/venv/lib/python3.8/site-packages/airflow/example_dags/example_task_group.py
[2021-06-06 06:33:47,114] {logging_mixin.py:104} INFO - [2021-06-06 06:33:47,114] {dag.py:1832} INFO - Sync 1 DAGs
[2021-06-06 06:33:47,131] {logging_mixin.py:104} INFO - [2021-06-06 06:33:47,131] {dag.py:2305} INFO - Setting next_dagrun for example_task_group to 2021-06-04 00:00:00+00:00
[2021-06-06 06:33:47,161] {scheduler_job.py:190} INFO - Processing /media/PythonProjects/66.Spotify_ETL/venv/lib/python3.8/site-packages/airflow/example_dags/example_task_group.py took 0.102 seconds
[2021-06-06 06:34:24,039] {scheduler_job.py:182} INFO - Started process (PID=2643) to work on /media/PythonProjects/66.Spotify_ETL/venv/lib/python3.8/site-packages/airflow/example_dags/example_task_group.py
[2021-06-06 06:34:24,047] {scheduler_job.py:633} INFO - Processing file /media/PythonProjects/66.Spotify_ETL/venv/lib/python3.8/site-packages/airflow/example_dags/example_task_group.py for tasks to queue
[2021-06-06 06:34:24,047] {logging_mixin.py:104} INFO - [2021-06-06 06:34:24,047] {dagbag.py:487} INFO - Filling up the DagBag from /media/PythonProjects/66.Spotify_ETL/venv/lib/python3.8/site-packages/airflow/example_dags/example_task_group.py
[2021-06-06 06:34:24,060] {scheduler_job.py:643} INFO - DAG(s) dict_keys(['example_task_group']) retrieved from /media/PythonProjects/66.Spotify_ETL/venv/lib/python3.8/site-packages/airflow/example_dags/example_task_group.py
[2021-06-06 06:34:24,073] {logging_mixin.py:104} INFO - [2021-06-06 06:34:24,073] {dag.py:1832} INFO - Sync 1 DAGs
[2021-06-06 06:34:24,083] {logging_mixin.py:104} INFO - [2021-06-06 06:34:24,083] {dag.py:2305} INFO - Setting next_dagrun for example_task_group to 2021-06-04 00:00:00+00:00
[2021-06-06 06:34:24,103] {scheduler_job.py:190} INFO - Processing /media/PythonProjects/66.Spotify_ETL/venv/lib/python3.8/site-packages/airflow/example_dags/example_task_group.py took 0.070 seconds
[2021-06-06 06:34:54,979] {scheduler_job.py:182} INFO - Started process (PID=2700) to work on /media/PythonProjects/66.Spotify_ETL/venv/lib/python3.8/site-packages/airflow/example_dags/example_task_group.py
[2021-06-06 06:34:54,980] {scheduler_job.py:633} INFO - Processing file /media/PythonProjects/66.Spotify_ETL/venv/lib/python3.8/site-packages/airflow/example_dags/example_task_group.py for tasks to queue
[2021-06-06 06:34:54,981] {logging_mixin.py:104} INFO - [2021-06-06 06:34:54,981] {dagbag.py:487} INFO - Filling up the DagBag from /media/PythonProjects/66.Spotify_ETL/venv/lib/python3.8/site-packages/airflow/example_dags/example_task_group.py
[2021-06-06 06:34:54,995] {scheduler_job.py:643} INFO - DAG(s) dict_keys(['example_task_group']) retrieved from /media/PythonProjects/66.Spotify_ETL/venv/lib/python3.8/site-packages/airflow/example_dags/example_task_group.py
[2021-06-06 06:34:55,008] {logging_mixin.py:104} INFO - [2021-06-06 06:34:55,008] {dag.py:1832} INFO - Sync 1 DAGs
[2021-06-06 06:34:55,018] {logging_mixin.py:104} INFO - [2021-06-06 06:34:55,018] {dag.py:2305} INFO - Setting next_dagrun for example_task_group to 2021-06-04 00:00:00+00:00
[2021-06-06 06:34:55,042] {scheduler_job.py:190} INFO - Processing /media/PythonProjects/66.Spotify_ETL/venv/lib/python3.8/site-packages/airflow/example_dags/example_task_group.py took 0.068 seconds
[2021-06-06 06:35:26,185] {scheduler_job.py:182} INFO - Started process (PID=2758) to work on /media/PythonProjects/66.Spotify_ETL/venv/lib/python3.8/site-packages/airflow/example_dags/example_task_group.py
[2021-06-06 06:35:26,187] {scheduler_job.py:633} INFO - Processing file /media/PythonProjects/66.Spotify_ETL/venv/lib/python3.8/site-packages/airflow/example_dags/example_task_group.py for tasks to queue
[2021-06-06 06:35:26,188] {logging_mixin.py:104} INFO - [2021-06-06 06:35:26,188] {dagbag.py:487} INFO - Filling up the DagBag from /media/PythonProjects/66.Spotify_ETL/venv/lib/python3.8/site-packages/airflow/example_dags/example_task_group.py
[2021-06-06 06:35:26,204] {scheduler_job.py:643} INFO - DAG(s) dict_keys(['example_task_group']) retrieved from /media/PythonProjects/66.Spotify_ETL/venv/lib/python3.8/site-packages/airflow/example_dags/example_task_group.py
[2021-06-06 06:35:26,221] {logging_mixin.py:104} INFO - [2021-06-06 06:35:26,221] {dag.py:1832} INFO - Sync 1 DAGs
[2021-06-06 06:35:26,233] {logging_mixin.py:104} INFO - [2021-06-06 06:35:26,233] {dag.py:2305} INFO - Setting next_dagrun for example_task_group to 2021-06-04 00:00:00+00:00
[2021-06-06 06:35:26,261] {scheduler_job.py:190} INFO - Processing /media/PythonProjects/66.Spotify_ETL/venv/lib/python3.8/site-packages/airflow/example_dags/example_task_group.py took 0.081 seconds
[2021-06-06 06:35:58,660] {scheduler_job.py:182} INFO - Started process (PID=2818) to work on /media/PythonProjects/66.Spotify_ETL/venv/lib/python3.8/site-packages/airflow/example_dags/example_task_group.py
[2021-06-06 06:35:58,663] {scheduler_job.py:633} INFO - Processing file /media/PythonProjects/66.Spotify_ETL/venv/lib/python3.8/site-packages/airflow/example_dags/example_task_group.py for tasks to queue
[2021-06-06 06:35:58,664] {logging_mixin.py:104} INFO - [2021-06-06 06:35:58,663] {dagbag.py:487} INFO - Filling up the DagBag from /media/PythonProjects/66.Spotify_ETL/venv/lib/python3.8/site-packages/airflow/example_dags/example_task_group.py
[2021-06-06 06:35:58,679] {scheduler_job.py:643} INFO - DAG(s) dict_keys(['example_task_group']) retrieved from /media/PythonProjects/66.Spotify_ETL/venv/lib/python3.8/site-packages/airflow/example_dags/example_task_group.py
[2021-06-06 06:35:58,691] {logging_mixin.py:104} INFO - [2021-06-06 06:35:58,691] {dag.py:1832} INFO - Sync 1 DAGs
[2021-06-06 06:35:58,701] {logging_mixin.py:104} INFO - [2021-06-06 06:35:58,701] {dag.py:2305} INFO - Setting next_dagrun for example_task_group to 2021-06-04 00:00:00+00:00
[2021-06-06 06:35:58,722] {scheduler_job.py:190} INFO - Processing /media/PythonProjects/66.Spotify_ETL/venv/lib/python3.8/site-packages/airflow/example_dags/example_task_group.py took 0.070 seconds
[2021-06-06 06:36:31,721] {scheduler_job.py:182} INFO - Started process (PID=2878) to work on /media/PythonProjects/66.Spotify_ETL/venv/lib/python3.8/site-packages/airflow/example_dags/example_task_group.py
[2021-06-06 06:36:31,722] {scheduler_job.py:633} INFO - Processing file /media/PythonProjects/66.Spotify_ETL/venv/lib/python3.8/site-packages/airflow/example_dags/example_task_group.py for tasks to queue
[2021-06-06 06:36:31,723] {logging_mixin.py:104} INFO - [2021-06-06 06:36:31,723] {dagbag.py:487} INFO - Filling up the DagBag from /media/PythonProjects/66.Spotify_ETL/venv/lib/python3.8/site-packages/airflow/example_dags/example_task_group.py
[2021-06-06 06:36:31,735] {scheduler_job.py:643} INFO - DAG(s) dict_keys(['example_task_group']) retrieved from /media/PythonProjects/66.Spotify_ETL/venv/lib/python3.8/site-packages/airflow/example_dags/example_task_group.py
[2021-06-06 06:36:31,749] {logging_mixin.py:104} INFO - [2021-06-06 06:36:31,749] {dag.py:1832} INFO - Sync 1 DAGs
[2021-06-06 06:36:31,761] {logging_mixin.py:104} INFO - [2021-06-06 06:36:31,760] {dag.py:2305} INFO - Setting next_dagrun for example_task_group to 2021-06-04 00:00:00+00:00
[2021-06-06 06:36:31,783] {scheduler_job.py:190} INFO - Processing /media/PythonProjects/66.Spotify_ETL/venv/lib/python3.8/site-packages/airflow/example_dags/example_task_group.py took 0.065 seconds
[2021-06-06 06:37:03,252] {scheduler_job.py:182} INFO - Started process (PID=2936) to work on /media/PythonProjects/66.Spotify_ETL/venv/lib/python3.8/site-packages/airflow/example_dags/example_task_group.py
[2021-06-06 06:37:03,253] {scheduler_job.py:633} INFO - Processing file /media/PythonProjects/66.Spotify_ETL/venv/lib/python3.8/site-packages/airflow/example_dags/example_task_group.py for tasks to queue
[2021-06-06 06:37:03,254] {logging_mixin.py:104} INFO - [2021-06-06 06:37:03,254] {dagbag.py:487} INFO - Filling up the DagBag from /media/PythonProjects/66.Spotify_ETL/venv/lib/python3.8/site-packages/airflow/example_dags/example_task_group.py
[2021-06-06 06:37:03,270] {scheduler_job.py:643} INFO - DAG(s) dict_keys(['example_task_group']) retrieved from /media/PythonProjects/66.Spotify_ETL/venv/lib/python3.8/site-packages/airflow/example_dags/example_task_group.py
[2021-06-06 06:37:03,289] {logging_mixin.py:104} INFO - [2021-06-06 06:37:03,289] {dag.py:1832} INFO - Sync 1 DAGs
[2021-06-06 06:37:03,303] {logging_mixin.py:104} INFO - [2021-06-06 06:37:03,303] {dag.py:2305} INFO - Setting next_dagrun for example_task_group to 2021-06-04 00:00:00+00:00
[2021-06-06 06:37:03,330] {scheduler_job.py:190} INFO - Processing /media/PythonProjects/66.Spotify_ETL/venv/lib/python3.8/site-packages/airflow/example_dags/example_task_group.py took 0.082 seconds
[2021-06-06 06:37:36,060] {scheduler_job.py:182} INFO - Started process (PID=2993) to work on /media/PythonProjects/66.Spotify_ETL/venv/lib/python3.8/site-packages/airflow/example_dags/example_task_group.py
[2021-06-06 06:37:36,062] {scheduler_job.py:633} INFO - Processing file /media/PythonProjects/66.Spotify_ETL/venv/lib/python3.8/site-packages/airflow/example_dags/example_task_group.py for tasks to queue
[2021-06-06 06:37:36,063] {logging_mixin.py:104} INFO - [2021-06-06 06:37:36,063] {dagbag.py:487} INFO - Filling up the DagBag from /media/PythonProjects/66.Spotify_ETL/venv/lib/python3.8/site-packages/airflow/example_dags/example_task_group.py
[2021-06-06 06:37:36,077] {scheduler_job.py:643} INFO - DAG(s) dict_keys(['example_task_group']) retrieved from /media/PythonProjects/66.Spotify_ETL/venv/lib/python3.8/site-packages/airflow/example_dags/example_task_group.py
[2021-06-06 06:37:36,090] {logging_mixin.py:104} INFO - [2021-06-06 06:37:36,090] {dag.py:1832} INFO - Sync 1 DAGs
[2021-06-06 06:37:36,101] {logging_mixin.py:104} INFO - [2021-06-06 06:37:36,101] {dag.py:2305} INFO - Setting next_dagrun for example_task_group to 2021-06-04 00:00:00+00:00
[2021-06-06 06:37:36,124] {scheduler_job.py:190} INFO - Processing /media/PythonProjects/66.Spotify_ETL/venv/lib/python3.8/site-packages/airflow/example_dags/example_task_group.py took 0.068 seconds
[2021-06-06 06:38:08,376] {scheduler_job.py:182} INFO - Started process (PID=3051) to work on /media/PythonProjects/66.Spotify_ETL/venv/lib/python3.8/site-packages/airflow/example_dags/example_task_group.py
[2021-06-06 06:38:08,379] {scheduler_job.py:633} INFO - Processing file /media/PythonProjects/66.Spotify_ETL/venv/lib/python3.8/site-packages/airflow/example_dags/example_task_group.py for tasks to queue
[2021-06-06 06:38:08,380] {logging_mixin.py:104} INFO - [2021-06-06 06:38:08,380] {dagbag.py:487} INFO - Filling up the DagBag from /media/PythonProjects/66.Spotify_ETL/venv/lib/python3.8/site-packages/airflow/example_dags/example_task_group.py
[2021-06-06 06:38:08,395] {scheduler_job.py:643} INFO - DAG(s) dict_keys(['example_task_group']) retrieved from /media/PythonProjects/66.Spotify_ETL/venv/lib/python3.8/site-packages/airflow/example_dags/example_task_group.py
[2021-06-06 06:38:08,410] {logging_mixin.py:104} INFO - [2021-06-06 06:38:08,410] {dag.py:1832} INFO - Sync 1 DAGs
[2021-06-06 06:38:08,421] {logging_mixin.py:104} INFO - [2021-06-06 06:38:08,421] {dag.py:2305} INFO - Setting next_dagrun for example_task_group to 2021-06-04 00:00:00+00:00
[2021-06-06 06:38:08,444] {scheduler_job.py:190} INFO - Processing /media/PythonProjects/66.Spotify_ETL/venv/lib/python3.8/site-packages/airflow/example_dags/example_task_group.py took 0.073 seconds
[2021-06-06 06:38:41,551] {scheduler_job.py:182} INFO - Started process (PID=3109) to work on /media/PythonProjects/66.Spotify_ETL/venv/lib/python3.8/site-packages/airflow/example_dags/example_task_group.py
[2021-06-06 06:38:41,553] {scheduler_job.py:633} INFO - Processing file /media/PythonProjects/66.Spotify_ETL/venv/lib/python3.8/site-packages/airflow/example_dags/example_task_group.py for tasks to queue
[2021-06-06 06:38:41,554] {logging_mixin.py:104} INFO - [2021-06-06 06:38:41,554] {dagbag.py:487} INFO - Filling up the DagBag from /media/PythonProjects/66.Spotify_ETL/venv/lib/python3.8/site-packages/airflow/example_dags/example_task_group.py
[2021-06-06 06:38:41,570] {scheduler_job.py:643} INFO - DAG(s) dict_keys(['example_task_group']) retrieved from /media/PythonProjects/66.Spotify_ETL/venv/lib/python3.8/site-packages/airflow/example_dags/example_task_group.py
[2021-06-06 06:38:41,584] {logging_mixin.py:104} INFO - [2021-06-06 06:38:41,584] {dag.py:1832} INFO - Sync 1 DAGs
[2021-06-06 06:38:41,595] {logging_mixin.py:104} INFO - [2021-06-06 06:38:41,594] {dag.py:2305} INFO - Setting next_dagrun for example_task_group to 2021-06-04 00:00:00+00:00
[2021-06-06 06:38:41,614] {scheduler_job.py:190} INFO - Processing /media/PythonProjects/66.Spotify_ETL/venv/lib/python3.8/site-packages/airflow/example_dags/example_task_group.py took 0.071 seconds
[2021-06-06 06:39:14,415] {scheduler_job.py:182} INFO - Started process (PID=3166) to work on /media/PythonProjects/66.Spotify_ETL/venv/lib/python3.8/site-packages/airflow/example_dags/example_task_group.py
[2021-06-06 06:39:14,417] {scheduler_job.py:633} INFO - Processing file /media/PythonProjects/66.Spotify_ETL/venv/lib/python3.8/site-packages/airflow/example_dags/example_task_group.py for tasks to queue
[2021-06-06 06:39:14,419] {logging_mixin.py:104} INFO - [2021-06-06 06:39:14,418] {dagbag.py:487} INFO - Filling up the DagBag from /media/PythonProjects/66.Spotify_ETL/venv/lib/python3.8/site-packages/airflow/example_dags/example_task_group.py
[2021-06-06 06:39:14,442] {scheduler_job.py:643} INFO - DAG(s) dict_keys(['example_task_group']) retrieved from /media/PythonProjects/66.Spotify_ETL/venv/lib/python3.8/site-packages/airflow/example_dags/example_task_group.py
[2021-06-06 06:39:14,458] {logging_mixin.py:104} INFO - [2021-06-06 06:39:14,458] {dag.py:1832} INFO - Sync 1 DAGs
[2021-06-06 06:39:14,468] {logging_mixin.py:104} INFO - [2021-06-06 06:39:14,468] {dag.py:2305} INFO - Setting next_dagrun for example_task_group to 2021-06-04 00:00:00+00:00
[2021-06-06 06:39:14,490] {scheduler_job.py:190} INFO - Processing /media/PythonProjects/66.Spotify_ETL/venv/lib/python3.8/site-packages/airflow/example_dags/example_task_group.py took 0.082 seconds
[2021-06-06 06:39:46,729] {scheduler_job.py:182} INFO - Started process (PID=3222) to work on /media/PythonProjects/66.Spotify_ETL/venv/lib/python3.8/site-packages/airflow/example_dags/example_task_group.py
[2021-06-06 06:39:46,730] {scheduler_job.py:633} INFO - Processing file /media/PythonProjects/66.Spotify_ETL/venv/lib/python3.8/site-packages/airflow/example_dags/example_task_group.py for tasks to queue
[2021-06-06 06:39:46,731] {logging_mixin.py:104} INFO - [2021-06-06 06:39:46,730] {dagbag.py:487} INFO - Filling up the DagBag from /media/PythonProjects/66.Spotify_ETL/venv/lib/python3.8/site-packages/airflow/example_dags/example_task_group.py
[2021-06-06 06:39:46,743] {scheduler_job.py:643} INFO - DAG(s) dict_keys(['example_task_group']) retrieved from /media/PythonProjects/66.Spotify_ETL/venv/lib/python3.8/site-packages/airflow/example_dags/example_task_group.py
[2021-06-06 06:39:46,755] {logging_mixin.py:104} INFO - [2021-06-06 06:39:46,755] {dag.py:1832} INFO - Sync 1 DAGs
[2021-06-06 06:39:46,765] {logging_mixin.py:104} INFO - [2021-06-06 06:39:46,765] {dag.py:2305} INFO - Setting next_dagrun for example_task_group to 2021-06-04 00:00:00+00:00
[2021-06-06 06:39:46,785] {scheduler_job.py:190} INFO - Processing /media/PythonProjects/66.Spotify_ETL/venv/lib/python3.8/site-packages/airflow/example_dags/example_task_group.py took 0.059 seconds
[2021-06-06 06:40:21,096] {scheduler_job.py:182} INFO - Started process (PID=3277) to work on /media/PythonProjects/66.Spotify_ETL/venv/lib/python3.8/site-packages/airflow/example_dags/example_task_group.py
[2021-06-06 06:40:21,098] {scheduler_job.py:633} INFO - Processing file /media/PythonProjects/66.Spotify_ETL/venv/lib/python3.8/site-packages/airflow/example_dags/example_task_group.py for tasks to queue
[2021-06-06 06:40:21,099] {logging_mixin.py:104} INFO - [2021-06-06 06:40:21,099] {dagbag.py:487} INFO - Filling up the DagBag from /media/PythonProjects/66.Spotify_ETL/venv/lib/python3.8/site-packages/airflow/example_dags/example_task_group.py
[2021-06-06 06:40:21,125] {scheduler_job.py:643} INFO - DAG(s) dict_keys(['example_task_group']) retrieved from /media/PythonProjects/66.Spotify_ETL/venv/lib/python3.8/site-packages/airflow/example_dags/example_task_group.py
[2021-06-06 06:40:21,159] {logging_mixin.py:104} INFO - [2021-06-06 06:40:21,158] {dag.py:1832} INFO - Sync 1 DAGs
[2021-06-06 06:40:21,178] {logging_mixin.py:104} INFO - [2021-06-06 06:40:21,178] {dag.py:2305} INFO - Setting next_dagrun for example_task_group to 2021-06-04 00:00:00+00:00
[2021-06-06 06:40:21,222] {scheduler_job.py:190} INFO - Processing /media/PythonProjects/66.Spotify_ETL/venv/lib/python3.8/site-packages/airflow/example_dags/example_task_group.py took 0.131 seconds
[2021-06-06 06:40:54,411] {scheduler_job.py:182} INFO - Started process (PID=3336) to work on /media/PythonProjects/66.Spotify_ETL/venv/lib/python3.8/site-packages/airflow/example_dags/example_task_group.py
[2021-06-06 06:40:54,413] {scheduler_job.py:633} INFO - Processing file /media/PythonProjects/66.Spotify_ETL/venv/lib/python3.8/site-packages/airflow/example_dags/example_task_group.py for tasks to queue
[2021-06-06 06:40:54,413] {logging_mixin.py:104} INFO - [2021-06-06 06:40:54,413] {dagbag.py:487} INFO - Filling up the DagBag from /media/PythonProjects/66.Spotify_ETL/venv/lib/python3.8/site-packages/airflow/example_dags/example_task_group.py
[2021-06-06 06:40:54,430] {scheduler_job.py:643} INFO - DAG(s) dict_keys(['example_task_group']) retrieved from /media/PythonProjects/66.Spotify_ETL/venv/lib/python3.8/site-packages/airflow/example_dags/example_task_group.py
[2021-06-06 06:40:54,443] {logging_mixin.py:104} INFO - [2021-06-06 06:40:54,443] {dag.py:1832} INFO - Sync 1 DAGs
[2021-06-06 06:40:54,453] {logging_mixin.py:104} INFO - [2021-06-06 06:40:54,453] {dag.py:2305} INFO - Setting next_dagrun for example_task_group to 2021-06-04 00:00:00+00:00
[2021-06-06 06:40:54,473] {scheduler_job.py:190} INFO - Processing /media/PythonProjects/66.Spotify_ETL/venv/lib/python3.8/site-packages/airflow/example_dags/example_task_group.py took 0.068 seconds
[2021-06-06 06:41:27,093] {scheduler_job.py:182} INFO - Started process (PID=3393) to work on /media/PythonProjects/66.Spotify_ETL/venv/lib/python3.8/site-packages/airflow/example_dags/example_task_group.py
[2021-06-06 06:41:27,095] {scheduler_job.py:633} INFO - Processing file /media/PythonProjects/66.Spotify_ETL/venv/lib/python3.8/site-packages/airflow/example_dags/example_task_group.py for tasks to queue
[2021-06-06 06:41:27,096] {logging_mixin.py:104} INFO - [2021-06-06 06:41:27,096] {dagbag.py:487} INFO - Filling up the DagBag from /media/PythonProjects/66.Spotify_ETL/venv/lib/python3.8/site-packages/airflow/example_dags/example_task_group.py
[2021-06-06 06:41:27,110] {scheduler_job.py:643} INFO - DAG(s) dict_keys(['example_task_group']) retrieved from /media/PythonProjects/66.Spotify_ETL/venv/lib/python3.8/site-packages/airflow/example_dags/example_task_group.py
[2021-06-06 06:41:27,124] {logging_mixin.py:104} INFO - [2021-06-06 06:41:27,123] {dag.py:1832} INFO - Sync 1 DAGs
[2021-06-06 06:41:27,134] {logging_mixin.py:104} INFO - [2021-06-06 06:41:27,134] {dag.py:2305} INFO - Setting next_dagrun for example_task_group to 2021-06-04 00:00:00+00:00
[2021-06-06 06:41:27,153] {scheduler_job.py:190} INFO - Processing /media/PythonProjects/66.Spotify_ETL/venv/lib/python3.8/site-packages/airflow/example_dags/example_task_group.py took 0.065 seconds
[2021-06-06 06:42:00,559] {scheduler_job.py:182} INFO - Started process (PID=3452) to work on /media/PythonProjects/66.Spotify_ETL/venv/lib/python3.8/site-packages/airflow/example_dags/example_task_group.py
[2021-06-06 06:42:00,560] {scheduler_job.py:633} INFO - Processing file /media/PythonProjects/66.Spotify_ETL/venv/lib/python3.8/site-packages/airflow/example_dags/example_task_group.py for tasks to queue
[2021-06-06 06:42:00,561] {logging_mixin.py:104} INFO - [2021-06-06 06:42:00,561] {dagbag.py:487} INFO - Filling up the DagBag from /media/PythonProjects/66.Spotify_ETL/venv/lib/python3.8/site-packages/airflow/example_dags/example_task_group.py
[2021-06-06 06:42:00,573] {scheduler_job.py:643} INFO - DAG(s) dict_keys(['example_task_group']) retrieved from /media/PythonProjects/66.Spotify_ETL/venv/lib/python3.8/site-packages/airflow/example_dags/example_task_group.py
[2021-06-06 06:42:00,586] {logging_mixin.py:104} INFO - [2021-06-06 06:42:00,585] {dag.py:1832} INFO - Sync 1 DAGs
[2021-06-06 06:42:00,597] {logging_mixin.py:104} INFO - [2021-06-06 06:42:00,597] {dag.py:2305} INFO - Setting next_dagrun for example_task_group to 2021-06-04 00:00:00+00:00
[2021-06-06 06:42:00,615] {scheduler_job.py:190} INFO - Processing /media/PythonProjects/66.Spotify_ETL/venv/lib/python3.8/site-packages/airflow/example_dags/example_task_group.py took 0.059 seconds
[2021-06-06 06:42:32,728] {scheduler_job.py:182} INFO - Started process (PID=3509) to work on /media/PythonProjects/66.Spotify_ETL/venv/lib/python3.8/site-packages/airflow/example_dags/example_task_group.py
[2021-06-06 06:42:32,730] {scheduler_job.py:633} INFO - Processing file /media/PythonProjects/66.Spotify_ETL/venv/lib/python3.8/site-packages/airflow/example_dags/example_task_group.py for tasks to queue
[2021-06-06 06:42:32,732] {logging_mixin.py:104} INFO - [2021-06-06 06:42:32,731] {dagbag.py:487} INFO - Filling up the DagBag from /media/PythonProjects/66.Spotify_ETL/venv/lib/python3.8/site-packages/airflow/example_dags/example_task_group.py
[2021-06-06 06:42:32,747] {scheduler_job.py:643} INFO - DAG(s) dict_keys(['example_task_group']) retrieved from /media/PythonProjects/66.Spotify_ETL/venv/lib/python3.8/site-packages/airflow/example_dags/example_task_group.py
[2021-06-06 06:42:32,761] {logging_mixin.py:104} INFO - [2021-06-06 06:42:32,760] {dag.py:1832} INFO - Sync 1 DAGs
[2021-06-06 06:42:32,771] {logging_mixin.py:104} INFO - [2021-06-06 06:42:32,771] {dag.py:2305} INFO - Setting next_dagrun for example_task_group to 2021-06-04 00:00:00+00:00
[2021-06-06 06:42:32,794] {scheduler_job.py:190} INFO - Processing /media/PythonProjects/66.Spotify_ETL/venv/lib/python3.8/site-packages/airflow/example_dags/example_task_group.py took 0.071 seconds
[2021-06-06 06:43:07,617] {scheduler_job.py:182} INFO - Started process (PID=3571) to work on /media/PythonProjects/66.Spotify_ETL/venv/lib/python3.8/site-packages/airflow/example_dags/example_task_group.py
[2021-06-06 06:43:07,619] {scheduler_job.py:633} INFO - Processing file /media/PythonProjects/66.Spotify_ETL/venv/lib/python3.8/site-packages/airflow/example_dags/example_task_group.py for tasks to queue
[2021-06-06 06:43:07,621] {logging_mixin.py:104} INFO - [2021-06-06 06:43:07,620] {dagbag.py:487} INFO - Filling up the DagBag from /media/PythonProjects/66.Spotify_ETL/venv/lib/python3.8/site-packages/airflow/example_dags/example_task_group.py
[2021-06-06 06:43:07,636] {scheduler_job.py:643} INFO - DAG(s) dict_keys(['example_task_group']) retrieved from /media/PythonProjects/66.Spotify_ETL/venv/lib/python3.8/site-packages/airflow/example_dags/example_task_group.py
[2021-06-06 06:43:07,649] {logging_mixin.py:104} INFO - [2021-06-06 06:43:07,649] {dag.py:1832} INFO - Sync 1 DAGs
[2021-06-06 06:43:07,660] {logging_mixin.py:104} INFO - [2021-06-06 06:43:07,660] {dag.py:2305} INFO - Setting next_dagrun for example_task_group to 2021-06-04 00:00:00+00:00
[2021-06-06 06:43:07,681] {scheduler_job.py:190} INFO - Processing /media/PythonProjects/66.Spotify_ETL/venv/lib/python3.8/site-packages/airflow/example_dags/example_task_group.py took 0.070 seconds
[2021-06-06 06:43:39,872] {scheduler_job.py:182} INFO - Started process (PID=3629) to work on /media/PythonProjects/66.Spotify_ETL/venv/lib/python3.8/site-packages/airflow/example_dags/example_task_group.py
[2021-06-06 06:43:39,874] {scheduler_job.py:633} INFO - Processing file /media/PythonProjects/66.Spotify_ETL/venv/lib/python3.8/site-packages/airflow/example_dags/example_task_group.py for tasks to queue
[2021-06-06 06:43:39,876] {logging_mixin.py:104} INFO - [2021-06-06 06:43:39,875] {dagbag.py:487} INFO - Filling up the DagBag from /media/PythonProjects/66.Spotify_ETL/venv/lib/python3.8/site-packages/airflow/example_dags/example_task_group.py
[2021-06-06 06:43:39,892] {scheduler_job.py:643} INFO - DAG(s) dict_keys(['example_task_group']) retrieved from /media/PythonProjects/66.Spotify_ETL/venv/lib/python3.8/site-packages/airflow/example_dags/example_task_group.py
[2021-06-06 06:43:39,906] {logging_mixin.py:104} INFO - [2021-06-06 06:43:39,906] {dag.py:1832} INFO - Sync 1 DAGs
[2021-06-06 06:43:39,916] {logging_mixin.py:104} INFO - [2021-06-06 06:43:39,916] {dag.py:2305} INFO - Setting next_dagrun for example_task_group to 2021-06-04 00:00:00+00:00
[2021-06-06 06:43:39,936] {scheduler_job.py:190} INFO - Processing /media/PythonProjects/66.Spotify_ETL/venv/lib/python3.8/site-packages/airflow/example_dags/example_task_group.py took 0.070 seconds
[2021-06-06 06:44:11,559] {scheduler_job.py:182} INFO - Started process (PID=3685) to work on /media/PythonProjects/66.Spotify_ETL/venv/lib/python3.8/site-packages/airflow/example_dags/example_task_group.py
[2021-06-06 06:44:11,562] {scheduler_job.py:633} INFO - Processing file /media/PythonProjects/66.Spotify_ETL/venv/lib/python3.8/site-packages/airflow/example_dags/example_task_group.py for tasks to queue
[2021-06-06 06:44:11,562] {logging_mixin.py:104} INFO - [2021-06-06 06:44:11,562] {dagbag.py:487} INFO - Filling up the DagBag from /media/PythonProjects/66.Spotify_ETL/venv/lib/python3.8/site-packages/airflow/example_dags/example_task_group.py
[2021-06-06 06:44:11,574] {scheduler_job.py:643} INFO - DAG(s) dict_keys(['example_task_group']) retrieved from /media/PythonProjects/66.Spotify_ETL/venv/lib/python3.8/site-packages/airflow/example_dags/example_task_group.py
[2021-06-06 06:44:11,587] {logging_mixin.py:104} INFO - [2021-06-06 06:44:11,587] {dag.py:1832} INFO - Sync 1 DAGs
[2021-06-06 06:44:11,598] {logging_mixin.py:104} INFO - [2021-06-06 06:44:11,598] {dag.py:2305} INFO - Setting next_dagrun for example_task_group to 2021-06-04 00:00:00+00:00
[2021-06-06 06:44:11,618] {scheduler_job.py:190} INFO - Processing /media/PythonProjects/66.Spotify_ETL/venv/lib/python3.8/site-packages/airflow/example_dags/example_task_group.py took 0.062 seconds
[2021-06-06 06:44:45,151] {scheduler_job.py:182} INFO - Started process (PID=3738) to work on /media/PythonProjects/66.Spotify_ETL/venv/lib/python3.8/site-packages/airflow/example_dags/example_task_group.py
[2021-06-06 06:44:45,154] {scheduler_job.py:633} INFO - Processing file /media/PythonProjects/66.Spotify_ETL/venv/lib/python3.8/site-packages/airflow/example_dags/example_task_group.py for tasks to queue
[2021-06-06 06:44:45,155] {logging_mixin.py:104} INFO - [2021-06-06 06:44:45,155] {dagbag.py:487} INFO - Filling up the DagBag from /media/PythonProjects/66.Spotify_ETL/venv/lib/python3.8/site-packages/airflow/example_dags/example_task_group.py
[2021-06-06 06:44:45,170] {scheduler_job.py:643} INFO - DAG(s) dict_keys(['example_task_group']) retrieved from /media/PythonProjects/66.Spotify_ETL/venv/lib/python3.8/site-packages/airflow/example_dags/example_task_group.py
[2021-06-06 06:44:45,184] {logging_mixin.py:104} INFO - [2021-06-06 06:44:45,184] {dag.py:1832} INFO - Sync 1 DAGs
[2021-06-06 06:44:45,196] {logging_mixin.py:104} INFO - [2021-06-06 06:44:45,196] {dag.py:2305} INFO - Setting next_dagrun for example_task_group to 2021-06-04 00:00:00+00:00
[2021-06-06 06:44:45,220] {scheduler_job.py:190} INFO - Processing /media/PythonProjects/66.Spotify_ETL/venv/lib/python3.8/site-packages/airflow/example_dags/example_task_group.py took 0.074 seconds
[2021-06-06 06:45:17,874] {scheduler_job.py:182} INFO - Started process (PID=3796) to work on /media/PythonProjects/66.Spotify_ETL/venv/lib/python3.8/site-packages/airflow/example_dags/example_task_group.py
[2021-06-06 06:45:17,876] {scheduler_job.py:633} INFO - Processing file /media/PythonProjects/66.Spotify_ETL/venv/lib/python3.8/site-packages/airflow/example_dags/example_task_group.py for tasks to queue
[2021-06-06 06:45:17,877] {logging_mixin.py:104} INFO - [2021-06-06 06:45:17,877] {dagbag.py:487} INFO - Filling up the DagBag from /media/PythonProjects/66.Spotify_ETL/venv/lib/python3.8/site-packages/airflow/example_dags/example_task_group.py
[2021-06-06 06:45:17,893] {scheduler_job.py:643} INFO - DAG(s) dict_keys(['example_task_group']) retrieved from /media/PythonProjects/66.Spotify_ETL/venv/lib/python3.8/site-packages/airflow/example_dags/example_task_group.py
[2021-06-06 06:45:17,906] {logging_mixin.py:104} INFO - [2021-06-06 06:45:17,906] {dag.py:1832} INFO - Sync 1 DAGs
[2021-06-06 06:45:17,916] {logging_mixin.py:104} INFO - [2021-06-06 06:45:17,916] {dag.py:2305} INFO - Setting next_dagrun for example_task_group to 2021-06-04 00:00:00+00:00
[2021-06-06 06:45:17,935] {scheduler_job.py:190} INFO - Processing /media/PythonProjects/66.Spotify_ETL/venv/lib/python3.8/site-packages/airflow/example_dags/example_task_group.py took 0.068 seconds
[2021-06-06 06:45:51,331] {scheduler_job.py:182} INFO - Started process (PID=4070) to work on /media/PythonProjects/66.Spotify_ETL/venv/lib/python3.8/site-packages/airflow/example_dags/example_task_group.py
[2021-06-06 06:45:51,333] {scheduler_job.py:633} INFO - Processing file /media/PythonProjects/66.Spotify_ETL/venv/lib/python3.8/site-packages/airflow/example_dags/example_task_group.py for tasks to queue
[2021-06-06 06:45:51,334] {logging_mixin.py:104} INFO - [2021-06-06 06:45:51,334] {dagbag.py:487} INFO - Filling up the DagBag from /media/PythonProjects/66.Spotify_ETL/venv/lib/python3.8/site-packages/airflow/example_dags/example_task_group.py
[2021-06-06 06:45:51,352] {scheduler_job.py:643} INFO - DAG(s) dict_keys(['example_task_group']) retrieved from /media/PythonProjects/66.Spotify_ETL/venv/lib/python3.8/site-packages/airflow/example_dags/example_task_group.py
[2021-06-06 06:45:51,372] {logging_mixin.py:104} INFO - [2021-06-06 06:45:51,371] {dag.py:1832} INFO - Sync 1 DAGs
[2021-06-06 06:45:51,390] {logging_mixin.py:104} INFO - [2021-06-06 06:45:51,390] {dag.py:2305} INFO - Setting next_dagrun for example_task_group to 2021-06-04 00:00:00+00:00
[2021-06-06 06:45:51,417] {scheduler_job.py:190} INFO - Processing /media/PythonProjects/66.Spotify_ETL/venv/lib/python3.8/site-packages/airflow/example_dags/example_task_group.py took 0.091 seconds
