[2021-06-06 06:32:09,201] {scheduler_job.py:182} INFO - Started process (PID=2393) to work on /media/PythonProjects/66.Spotify_ETL/venv/lib/python3.8/site-packages/airflow/example_dags/example_branch_day_of_week_operator.py
[2021-06-06 06:32:09,205] {scheduler_job.py:633} INFO - Processing file /media/PythonProjects/66.Spotify_ETL/venv/lib/python3.8/site-packages/airflow/example_dags/example_branch_day_of_week_operator.py for tasks to queue
[2021-06-06 06:32:09,207] {logging_mixin.py:104} INFO - [2021-06-06 06:32:09,206] {dagbag.py:487} INFO - Filling up the DagBag from /media/PythonProjects/66.Spotify_ETL/venv/lib/python3.8/site-packages/airflow/example_dags/example_branch_day_of_week_operator.py
[2021-06-06 06:32:09,226] {scheduler_job.py:643} INFO - DAG(s) dict_keys(['example_weekday_branch_operator']) retrieved from /media/PythonProjects/66.Spotify_ETL/venv/lib/python3.8/site-packages/airflow/example_dags/example_branch_day_of_week_operator.py
[2021-06-06 06:32:09,241] {logging_mixin.py:104} INFO - [2021-06-06 06:32:09,240] {dag.py:1832} INFO - Sync 1 DAGs
[2021-06-06 06:32:09,255] {logging_mixin.py:104} INFO - [2021-06-06 06:32:09,255] {dag.py:2305} INFO - Setting next_dagrun for example_weekday_branch_operator to 2021-06-04 00:00:00+00:00
[2021-06-06 06:32:09,287] {scheduler_job.py:190} INFO - Processing /media/PythonProjects/66.Spotify_ETL/venv/lib/python3.8/site-packages/airflow/example_dags/example_branch_day_of_week_operator.py took 0.101 seconds
[2021-06-06 06:32:45,566] {scheduler_job.py:182} INFO - Started process (PID=2479) to work on /media/PythonProjects/66.Spotify_ETL/venv/lib/python3.8/site-packages/airflow/example_dags/example_branch_day_of_week_operator.py
[2021-06-06 06:32:45,572] {scheduler_job.py:633} INFO - Processing file /media/PythonProjects/66.Spotify_ETL/venv/lib/python3.8/site-packages/airflow/example_dags/example_branch_day_of_week_operator.py for tasks to queue
[2021-06-06 06:32:45,573] {logging_mixin.py:104} INFO - [2021-06-06 06:32:45,573] {dagbag.py:487} INFO - Filling up the DagBag from /media/PythonProjects/66.Spotify_ETL/venv/lib/python3.8/site-packages/airflow/example_dags/example_branch_day_of_week_operator.py
[2021-06-06 06:32:45,597] {scheduler_job.py:643} INFO - DAG(s) dict_keys(['example_weekday_branch_operator']) retrieved from /media/PythonProjects/66.Spotify_ETL/venv/lib/python3.8/site-packages/airflow/example_dags/example_branch_day_of_week_operator.py
[2021-06-06 06:32:45,615] {logging_mixin.py:104} INFO - [2021-06-06 06:32:45,615] {dag.py:1832} INFO - Sync 1 DAGs
[2021-06-06 06:32:45,637] {logging_mixin.py:104} INFO - [2021-06-06 06:32:45,637] {dag.py:2305} INFO - Setting next_dagrun for example_weekday_branch_operator to 2021-06-04 00:00:00+00:00
[2021-06-06 06:32:45,673] {scheduler_job.py:190} INFO - Processing /media/PythonProjects/66.Spotify_ETL/venv/lib/python3.8/site-packages/airflow/example_dags/example_branch_day_of_week_operator.py took 0.117 seconds
[2021-06-06 06:33:21,787] {scheduler_job.py:182} INFO - Started process (PID=2538) to work on /media/PythonProjects/66.Spotify_ETL/venv/lib/python3.8/site-packages/airflow/example_dags/example_branch_day_of_week_operator.py
[2021-06-06 06:33:21,789] {scheduler_job.py:633} INFO - Processing file /media/PythonProjects/66.Spotify_ETL/venv/lib/python3.8/site-packages/airflow/example_dags/example_branch_day_of_week_operator.py for tasks to queue
[2021-06-06 06:33:21,790] {logging_mixin.py:104} INFO - [2021-06-06 06:33:21,790] {dagbag.py:487} INFO - Filling up the DagBag from /media/PythonProjects/66.Spotify_ETL/venv/lib/python3.8/site-packages/airflow/example_dags/example_branch_day_of_week_operator.py
[2021-06-06 06:33:21,808] {scheduler_job.py:643} INFO - DAG(s) dict_keys(['example_weekday_branch_operator']) retrieved from /media/PythonProjects/66.Spotify_ETL/venv/lib/python3.8/site-packages/airflow/example_dags/example_branch_day_of_week_operator.py
[2021-06-06 06:33:21,822] {logging_mixin.py:104} INFO - [2021-06-06 06:33:21,821] {dag.py:1832} INFO - Sync 1 DAGs
[2021-06-06 06:33:21,834] {logging_mixin.py:104} INFO - [2021-06-06 06:33:21,834] {dag.py:2305} INFO - Setting next_dagrun for example_weekday_branch_operator to 2021-06-04 00:00:00+00:00
[2021-06-06 06:33:21,852] {scheduler_job.py:190} INFO - Processing /media/PythonProjects/66.Spotify_ETL/venv/lib/python3.8/site-packages/airflow/example_dags/example_branch_day_of_week_operator.py took 0.072 seconds
[2021-06-06 06:33:56,694] {scheduler_job.py:182} INFO - Started process (PID=2598) to work on /media/PythonProjects/66.Spotify_ETL/venv/lib/python3.8/site-packages/airflow/example_dags/example_branch_day_of_week_operator.py
[2021-06-06 06:33:56,697] {scheduler_job.py:633} INFO - Processing file /media/PythonProjects/66.Spotify_ETL/venv/lib/python3.8/site-packages/airflow/example_dags/example_branch_day_of_week_operator.py for tasks to queue
[2021-06-06 06:33:56,698] {logging_mixin.py:104} INFO - [2021-06-06 06:33:56,698] {dagbag.py:487} INFO - Filling up the DagBag from /media/PythonProjects/66.Spotify_ETL/venv/lib/python3.8/site-packages/airflow/example_dags/example_branch_day_of_week_operator.py
[2021-06-06 06:33:56,723] {scheduler_job.py:643} INFO - DAG(s) dict_keys(['example_weekday_branch_operator']) retrieved from /media/PythonProjects/66.Spotify_ETL/venv/lib/python3.8/site-packages/airflow/example_dags/example_branch_day_of_week_operator.py
[2021-06-06 06:33:56,746] {logging_mixin.py:104} INFO - [2021-06-06 06:33:56,746] {dag.py:1832} INFO - Sync 1 DAGs
[2021-06-06 06:33:56,775] {logging_mixin.py:104} INFO - [2021-06-06 06:33:56,775] {dag.py:2305} INFO - Setting next_dagrun for example_weekday_branch_operator to 2021-06-04 00:00:00+00:00
[2021-06-06 06:33:56,803] {scheduler_job.py:190} INFO - Processing /media/PythonProjects/66.Spotify_ETL/venv/lib/python3.8/site-packages/airflow/example_dags/example_branch_day_of_week_operator.py took 0.115 seconds
[2021-06-06 06:34:31,951] {scheduler_job.py:182} INFO - Started process (PID=2657) to work on /media/PythonProjects/66.Spotify_ETL/venv/lib/python3.8/site-packages/airflow/example_dags/example_branch_day_of_week_operator.py
[2021-06-06 06:34:31,952] {scheduler_job.py:633} INFO - Processing file /media/PythonProjects/66.Spotify_ETL/venv/lib/python3.8/site-packages/airflow/example_dags/example_branch_day_of_week_operator.py for tasks to queue
[2021-06-06 06:34:31,954] {logging_mixin.py:104} INFO - [2021-06-06 06:34:31,953] {dagbag.py:487} INFO - Filling up the DagBag from /media/PythonProjects/66.Spotify_ETL/venv/lib/python3.8/site-packages/airflow/example_dags/example_branch_day_of_week_operator.py
[2021-06-06 06:34:31,968] {scheduler_job.py:643} INFO - DAG(s) dict_keys(['example_weekday_branch_operator']) retrieved from /media/PythonProjects/66.Spotify_ETL/venv/lib/python3.8/site-packages/airflow/example_dags/example_branch_day_of_week_operator.py
[2021-06-06 06:34:31,981] {logging_mixin.py:104} INFO - [2021-06-06 06:34:31,981] {dag.py:1832} INFO - Sync 1 DAGs
[2021-06-06 06:34:31,994] {logging_mixin.py:104} INFO - [2021-06-06 06:34:31,994] {dag.py:2305} INFO - Setting next_dagrun for example_weekday_branch_operator to 2021-06-04 00:00:00+00:00
[2021-06-06 06:34:32,012] {scheduler_job.py:190} INFO - Processing /media/PythonProjects/66.Spotify_ETL/venv/lib/python3.8/site-packages/airflow/example_dags/example_branch_day_of_week_operator.py took 0.069 seconds
[2021-06-06 06:35:04,167] {scheduler_job.py:182} INFO - Started process (PID=2718) to work on /media/PythonProjects/66.Spotify_ETL/venv/lib/python3.8/site-packages/airflow/example_dags/example_branch_day_of_week_operator.py
[2021-06-06 06:35:04,170] {scheduler_job.py:633} INFO - Processing file /media/PythonProjects/66.Spotify_ETL/venv/lib/python3.8/site-packages/airflow/example_dags/example_branch_day_of_week_operator.py for tasks to queue
[2021-06-06 06:35:04,171] {logging_mixin.py:104} INFO - [2021-06-06 06:35:04,171] {dagbag.py:487} INFO - Filling up the DagBag from /media/PythonProjects/66.Spotify_ETL/venv/lib/python3.8/site-packages/airflow/example_dags/example_branch_day_of_week_operator.py
[2021-06-06 06:35:04,185] {scheduler_job.py:643} INFO - DAG(s) dict_keys(['example_weekday_branch_operator']) retrieved from /media/PythonProjects/66.Spotify_ETL/venv/lib/python3.8/site-packages/airflow/example_dags/example_branch_day_of_week_operator.py
[2021-06-06 06:35:04,197] {logging_mixin.py:104} INFO - [2021-06-06 06:35:04,197] {dag.py:1832} INFO - Sync 1 DAGs
[2021-06-06 06:35:04,211] {logging_mixin.py:104} INFO - [2021-06-06 06:35:04,211] {dag.py:2305} INFO - Setting next_dagrun for example_weekday_branch_operator to 2021-06-04 00:00:00+00:00
[2021-06-06 06:35:04,230] {scheduler_job.py:190} INFO - Processing /media/PythonProjects/66.Spotify_ETL/venv/lib/python3.8/site-packages/airflow/example_dags/example_branch_day_of_week_operator.py took 0.066 seconds
[2021-06-06 06:35:36,783] {scheduler_job.py:182} INFO - Started process (PID=2778) to work on /media/PythonProjects/66.Spotify_ETL/venv/lib/python3.8/site-packages/airflow/example_dags/example_branch_day_of_week_operator.py
[2021-06-06 06:35:36,784] {scheduler_job.py:633} INFO - Processing file /media/PythonProjects/66.Spotify_ETL/venv/lib/python3.8/site-packages/airflow/example_dags/example_branch_day_of_week_operator.py for tasks to queue
[2021-06-06 06:35:36,785] {logging_mixin.py:104} INFO - [2021-06-06 06:35:36,785] {dagbag.py:487} INFO - Filling up the DagBag from /media/PythonProjects/66.Spotify_ETL/venv/lib/python3.8/site-packages/airflow/example_dags/example_branch_day_of_week_operator.py
[2021-06-06 06:35:36,796] {scheduler_job.py:643} INFO - DAG(s) dict_keys(['example_weekday_branch_operator']) retrieved from /media/PythonProjects/66.Spotify_ETL/venv/lib/python3.8/site-packages/airflow/example_dags/example_branch_day_of_week_operator.py
[2021-06-06 06:35:36,809] {logging_mixin.py:104} INFO - [2021-06-06 06:35:36,809] {dag.py:1832} INFO - Sync 1 DAGs
[2021-06-06 06:35:36,821] {logging_mixin.py:104} INFO - [2021-06-06 06:35:36,821] {dag.py:2305} INFO - Setting next_dagrun for example_weekday_branch_operator to 2021-06-04 00:00:00+00:00
[2021-06-06 06:35:36,844] {scheduler_job.py:190} INFO - Processing /media/PythonProjects/66.Spotify_ETL/venv/lib/python3.8/site-packages/airflow/example_dags/example_branch_day_of_week_operator.py took 0.064 seconds
[2021-06-06 06:36:10,869] {scheduler_job.py:182} INFO - Started process (PID=2839) to work on /media/PythonProjects/66.Spotify_ETL/venv/lib/python3.8/site-packages/airflow/example_dags/example_branch_day_of_week_operator.py
[2021-06-06 06:36:10,871] {scheduler_job.py:633} INFO - Processing file /media/PythonProjects/66.Spotify_ETL/venv/lib/python3.8/site-packages/airflow/example_dags/example_branch_day_of_week_operator.py for tasks to queue
[2021-06-06 06:36:10,872] {logging_mixin.py:104} INFO - [2021-06-06 06:36:10,872] {dagbag.py:487} INFO - Filling up the DagBag from /media/PythonProjects/66.Spotify_ETL/venv/lib/python3.8/site-packages/airflow/example_dags/example_branch_day_of_week_operator.py
[2021-06-06 06:36:10,885] {scheduler_job.py:643} INFO - DAG(s) dict_keys(['example_weekday_branch_operator']) retrieved from /media/PythonProjects/66.Spotify_ETL/venv/lib/python3.8/site-packages/airflow/example_dags/example_branch_day_of_week_operator.py
[2021-06-06 06:36:10,898] {logging_mixin.py:104} INFO - [2021-06-06 06:36:10,898] {dag.py:1832} INFO - Sync 1 DAGs
[2021-06-06 06:36:10,911] {logging_mixin.py:104} INFO - [2021-06-06 06:36:10,911] {dag.py:2305} INFO - Setting next_dagrun for example_weekday_branch_operator to 2021-06-04 00:00:00+00:00
[2021-06-06 06:36:10,934] {scheduler_job.py:190} INFO - Processing /media/PythonProjects/66.Spotify_ETL/venv/lib/python3.8/site-packages/airflow/example_dags/example_branch_day_of_week_operator.py took 0.071 seconds
[2021-06-06 06:36:42,637] {scheduler_job.py:182} INFO - Started process (PID=2897) to work on /media/PythonProjects/66.Spotify_ETL/venv/lib/python3.8/site-packages/airflow/example_dags/example_branch_day_of_week_operator.py
[2021-06-06 06:36:42,639] {scheduler_job.py:633} INFO - Processing file /media/PythonProjects/66.Spotify_ETL/venv/lib/python3.8/site-packages/airflow/example_dags/example_branch_day_of_week_operator.py for tasks to queue
[2021-06-06 06:36:42,640] {logging_mixin.py:104} INFO - [2021-06-06 06:36:42,640] {dagbag.py:487} INFO - Filling up the DagBag from /media/PythonProjects/66.Spotify_ETL/venv/lib/python3.8/site-packages/airflow/example_dags/example_branch_day_of_week_operator.py
[2021-06-06 06:36:42,654] {scheduler_job.py:643} INFO - DAG(s) dict_keys(['example_weekday_branch_operator']) retrieved from /media/PythonProjects/66.Spotify_ETL/venv/lib/python3.8/site-packages/airflow/example_dags/example_branch_day_of_week_operator.py
[2021-06-06 06:36:42,666] {logging_mixin.py:104} INFO - [2021-06-06 06:36:42,666] {dag.py:1832} INFO - Sync 1 DAGs
[2021-06-06 06:36:42,677] {logging_mixin.py:104} INFO - [2021-06-06 06:36:42,677] {dag.py:2305} INFO - Setting next_dagrun for example_weekday_branch_operator to 2021-06-04 00:00:00+00:00
[2021-06-06 06:36:42,698] {scheduler_job.py:190} INFO - Processing /media/PythonProjects/66.Spotify_ETL/venv/lib/python3.8/site-packages/airflow/example_dags/example_branch_day_of_week_operator.py took 0.066 seconds
[2021-06-06 06:37:14,747] {scheduler_job.py:182} INFO - Started process (PID=2956) to work on /media/PythonProjects/66.Spotify_ETL/venv/lib/python3.8/site-packages/airflow/example_dags/example_branch_day_of_week_operator.py
[2021-06-06 06:37:14,748] {scheduler_job.py:633} INFO - Processing file /media/PythonProjects/66.Spotify_ETL/venv/lib/python3.8/site-packages/airflow/example_dags/example_branch_day_of_week_operator.py for tasks to queue
[2021-06-06 06:37:14,749] {logging_mixin.py:104} INFO - [2021-06-06 06:37:14,749] {dagbag.py:487} INFO - Filling up the DagBag from /media/PythonProjects/66.Spotify_ETL/venv/lib/python3.8/site-packages/airflow/example_dags/example_branch_day_of_week_operator.py
[2021-06-06 06:37:14,770] {scheduler_job.py:643} INFO - DAG(s) dict_keys(['example_weekday_branch_operator']) retrieved from /media/PythonProjects/66.Spotify_ETL/venv/lib/python3.8/site-packages/airflow/example_dags/example_branch_day_of_week_operator.py
[2021-06-06 06:37:14,784] {logging_mixin.py:104} INFO - [2021-06-06 06:37:14,784] {dag.py:1832} INFO - Sync 1 DAGs
[2021-06-06 06:37:14,800] {logging_mixin.py:104} INFO - [2021-06-06 06:37:14,800] {dag.py:2305} INFO - Setting next_dagrun for example_weekday_branch_operator to 2021-06-04 00:00:00+00:00
[2021-06-06 06:37:14,821] {scheduler_job.py:190} INFO - Processing /media/PythonProjects/66.Spotify_ETL/venv/lib/python3.8/site-packages/airflow/example_dags/example_branch_day_of_week_operator.py took 0.078 seconds
[2021-06-06 06:37:49,782] {scheduler_job.py:182} INFO - Started process (PID=3017) to work on /media/PythonProjects/66.Spotify_ETL/venv/lib/python3.8/site-packages/airflow/example_dags/example_branch_day_of_week_operator.py
[2021-06-06 06:37:49,784] {scheduler_job.py:633} INFO - Processing file /media/PythonProjects/66.Spotify_ETL/venv/lib/python3.8/site-packages/airflow/example_dags/example_branch_day_of_week_operator.py for tasks to queue
[2021-06-06 06:37:49,785] {logging_mixin.py:104} INFO - [2021-06-06 06:37:49,785] {dagbag.py:487} INFO - Filling up the DagBag from /media/PythonProjects/66.Spotify_ETL/venv/lib/python3.8/site-packages/airflow/example_dags/example_branch_day_of_week_operator.py
[2021-06-06 06:37:49,802] {scheduler_job.py:643} INFO - DAG(s) dict_keys(['example_weekday_branch_operator']) retrieved from /media/PythonProjects/66.Spotify_ETL/venv/lib/python3.8/site-packages/airflow/example_dags/example_branch_day_of_week_operator.py
[2021-06-06 06:37:49,821] {logging_mixin.py:104} INFO - [2021-06-06 06:37:49,820] {dag.py:1832} INFO - Sync 1 DAGs
[2021-06-06 06:37:49,839] {logging_mixin.py:104} INFO - [2021-06-06 06:37:49,838] {dag.py:2305} INFO - Setting next_dagrun for example_weekday_branch_operator to 2021-06-04 00:00:00+00:00
[2021-06-06 06:37:49,864] {scheduler_job.py:190} INFO - Processing /media/PythonProjects/66.Spotify_ETL/venv/lib/python3.8/site-packages/airflow/example_dags/example_branch_day_of_week_operator.py took 0.085 seconds
[2021-06-06 06:38:24,003] {scheduler_job.py:182} INFO - Started process (PID=3077) to work on /media/PythonProjects/66.Spotify_ETL/venv/lib/python3.8/site-packages/airflow/example_dags/example_branch_day_of_week_operator.py
[2021-06-06 06:38:24,005] {scheduler_job.py:633} INFO - Processing file /media/PythonProjects/66.Spotify_ETL/venv/lib/python3.8/site-packages/airflow/example_dags/example_branch_day_of_week_operator.py for tasks to queue
[2021-06-06 06:38:24,007] {logging_mixin.py:104} INFO - [2021-06-06 06:38:24,006] {dagbag.py:487} INFO - Filling up the DagBag from /media/PythonProjects/66.Spotify_ETL/venv/lib/python3.8/site-packages/airflow/example_dags/example_branch_day_of_week_operator.py
[2021-06-06 06:38:24,020] {scheduler_job.py:643} INFO - DAG(s) dict_keys(['example_weekday_branch_operator']) retrieved from /media/PythonProjects/66.Spotify_ETL/venv/lib/python3.8/site-packages/airflow/example_dags/example_branch_day_of_week_operator.py
[2021-06-06 06:38:24,032] {logging_mixin.py:104} INFO - [2021-06-06 06:38:24,032] {dag.py:1832} INFO - Sync 1 DAGs
[2021-06-06 06:38:24,044] {logging_mixin.py:104} INFO - [2021-06-06 06:38:24,044] {dag.py:2305} INFO - Setting next_dagrun for example_weekday_branch_operator to 2021-06-04 00:00:00+00:00
[2021-06-06 06:38:24,063] {scheduler_job.py:190} INFO - Processing /media/PythonProjects/66.Spotify_ETL/venv/lib/python3.8/site-packages/airflow/example_dags/example_branch_day_of_week_operator.py took 0.065 seconds
[2021-06-06 06:38:56,893] {scheduler_job.py:182} INFO - Started process (PID=3134) to work on /media/PythonProjects/66.Spotify_ETL/venv/lib/python3.8/site-packages/airflow/example_dags/example_branch_day_of_week_operator.py
[2021-06-06 06:38:56,895] {scheduler_job.py:633} INFO - Processing file /media/PythonProjects/66.Spotify_ETL/venv/lib/python3.8/site-packages/airflow/example_dags/example_branch_day_of_week_operator.py for tasks to queue
[2021-06-06 06:38:56,896] {logging_mixin.py:104} INFO - [2021-06-06 06:38:56,896] {dagbag.py:487} INFO - Filling up the DagBag from /media/PythonProjects/66.Spotify_ETL/venv/lib/python3.8/site-packages/airflow/example_dags/example_branch_day_of_week_operator.py
[2021-06-06 06:38:56,917] {scheduler_job.py:643} INFO - DAG(s) dict_keys(['example_weekday_branch_operator']) retrieved from /media/PythonProjects/66.Spotify_ETL/venv/lib/python3.8/site-packages/airflow/example_dags/example_branch_day_of_week_operator.py
[2021-06-06 06:38:56,954] {logging_mixin.py:104} INFO - [2021-06-06 06:38:56,954] {dag.py:1832} INFO - Sync 1 DAGs
[2021-06-06 06:38:56,971] {logging_mixin.py:104} INFO - [2021-06-06 06:38:56,971] {dag.py:2305} INFO - Setting next_dagrun for example_weekday_branch_operator to 2021-06-04 00:00:00+00:00
[2021-06-06 06:38:56,993] {scheduler_job.py:190} INFO - Processing /media/PythonProjects/66.Spotify_ETL/venv/lib/python3.8/site-packages/airflow/example_dags/example_branch_day_of_week_operator.py took 0.115 seconds
[2021-06-06 06:39:29,431] {scheduler_job.py:182} INFO - Started process (PID=3190) to work on /media/PythonProjects/66.Spotify_ETL/venv/lib/python3.8/site-packages/airflow/example_dags/example_branch_day_of_week_operator.py
[2021-06-06 06:39:29,435] {scheduler_job.py:633} INFO - Processing file /media/PythonProjects/66.Spotify_ETL/venv/lib/python3.8/site-packages/airflow/example_dags/example_branch_day_of_week_operator.py for tasks to queue
[2021-06-06 06:39:29,437] {logging_mixin.py:104} INFO - [2021-06-06 06:39:29,437] {dagbag.py:487} INFO - Filling up the DagBag from /media/PythonProjects/66.Spotify_ETL/venv/lib/python3.8/site-packages/airflow/example_dags/example_branch_day_of_week_operator.py
[2021-06-06 06:39:29,453] {scheduler_job.py:643} INFO - DAG(s) dict_keys(['example_weekday_branch_operator']) retrieved from /media/PythonProjects/66.Spotify_ETL/venv/lib/python3.8/site-packages/airflow/example_dags/example_branch_day_of_week_operator.py
[2021-06-06 06:39:29,469] {logging_mixin.py:104} INFO - [2021-06-06 06:39:29,469] {dag.py:1832} INFO - Sync 1 DAGs
[2021-06-06 06:39:29,490] {logging_mixin.py:104} INFO - [2021-06-06 06:39:29,490] {dag.py:2305} INFO - Setting next_dagrun for example_weekday_branch_operator to 2021-06-04 00:00:00+00:00
[2021-06-06 06:39:29,511] {scheduler_job.py:190} INFO - Processing /media/PythonProjects/66.Spotify_ETL/venv/lib/python3.8/site-packages/airflow/example_dags/example_branch_day_of_week_operator.py took 0.085 seconds
[2021-06-06 06:40:01,034] {scheduler_job.py:182} INFO - Started process (PID=3244) to work on /media/PythonProjects/66.Spotify_ETL/venv/lib/python3.8/site-packages/airflow/example_dags/example_branch_day_of_week_operator.py
[2021-06-06 06:40:01,036] {scheduler_job.py:633} INFO - Processing file /media/PythonProjects/66.Spotify_ETL/venv/lib/python3.8/site-packages/airflow/example_dags/example_branch_day_of_week_operator.py for tasks to queue
[2021-06-06 06:40:01,037] {logging_mixin.py:104} INFO - [2021-06-06 06:40:01,037] {dagbag.py:487} INFO - Filling up the DagBag from /media/PythonProjects/66.Spotify_ETL/venv/lib/python3.8/site-packages/airflow/example_dags/example_branch_day_of_week_operator.py
[2021-06-06 06:40:01,056] {scheduler_job.py:643} INFO - DAG(s) dict_keys(['example_weekday_branch_operator']) retrieved from /media/PythonProjects/66.Spotify_ETL/venv/lib/python3.8/site-packages/airflow/example_dags/example_branch_day_of_week_operator.py
[2021-06-06 06:40:01,075] {logging_mixin.py:104} INFO - [2021-06-06 06:40:01,074] {dag.py:1832} INFO - Sync 1 DAGs
[2021-06-06 06:40:01,101] {logging_mixin.py:104} INFO - [2021-06-06 06:40:01,101] {dag.py:2305} INFO - Setting next_dagrun for example_weekday_branch_operator to 2021-06-04 00:00:00+00:00
[2021-06-06 06:40:01,125] {scheduler_job.py:190} INFO - Processing /media/PythonProjects/66.Spotify_ETL/venv/lib/python3.8/site-packages/airflow/example_dags/example_branch_day_of_week_operator.py took 0.094 seconds
[2021-06-06 06:40:37,489] {scheduler_job.py:182} INFO - Started process (PID=3303) to work on /media/PythonProjects/66.Spotify_ETL/venv/lib/python3.8/site-packages/airflow/example_dags/example_branch_day_of_week_operator.py
[2021-06-06 06:40:37,490] {scheduler_job.py:633} INFO - Processing file /media/PythonProjects/66.Spotify_ETL/venv/lib/python3.8/site-packages/airflow/example_dags/example_branch_day_of_week_operator.py for tasks to queue
[2021-06-06 06:40:37,491] {logging_mixin.py:104} INFO - [2021-06-06 06:40:37,491] {dagbag.py:487} INFO - Filling up the DagBag from /media/PythonProjects/66.Spotify_ETL/venv/lib/python3.8/site-packages/airflow/example_dags/example_branch_day_of_week_operator.py
[2021-06-06 06:40:37,503] {scheduler_job.py:643} INFO - DAG(s) dict_keys(['example_weekday_branch_operator']) retrieved from /media/PythonProjects/66.Spotify_ETL/venv/lib/python3.8/site-packages/airflow/example_dags/example_branch_day_of_week_operator.py
[2021-06-06 06:40:37,515] {logging_mixin.py:104} INFO - [2021-06-06 06:40:37,515] {dag.py:1832} INFO - Sync 1 DAGs
[2021-06-06 06:40:37,527] {logging_mixin.py:104} INFO - [2021-06-06 06:40:37,527] {dag.py:2305} INFO - Setting next_dagrun for example_weekday_branch_operator to 2021-06-04 00:00:00+00:00
[2021-06-06 06:40:37,547] {scheduler_job.py:190} INFO - Processing /media/PythonProjects/66.Spotify_ETL/venv/lib/python3.8/site-packages/airflow/example_dags/example_branch_day_of_week_operator.py took 0.061 seconds
[2021-06-06 06:41:09,935] {scheduler_job.py:182} INFO - Started process (PID=3362) to work on /media/PythonProjects/66.Spotify_ETL/venv/lib/python3.8/site-packages/airflow/example_dags/example_branch_day_of_week_operator.py
[2021-06-06 06:41:09,937] {scheduler_job.py:633} INFO - Processing file /media/PythonProjects/66.Spotify_ETL/venv/lib/python3.8/site-packages/airflow/example_dags/example_branch_day_of_week_operator.py for tasks to queue
[2021-06-06 06:41:09,938] {logging_mixin.py:104} INFO - [2021-06-06 06:41:09,937] {dagbag.py:487} INFO - Filling up the DagBag from /media/PythonProjects/66.Spotify_ETL/venv/lib/python3.8/site-packages/airflow/example_dags/example_branch_day_of_week_operator.py
[2021-06-06 06:41:09,951] {scheduler_job.py:643} INFO - DAG(s) dict_keys(['example_weekday_branch_operator']) retrieved from /media/PythonProjects/66.Spotify_ETL/venv/lib/python3.8/site-packages/airflow/example_dags/example_branch_day_of_week_operator.py
[2021-06-06 06:41:09,968] {logging_mixin.py:104} INFO - [2021-06-06 06:41:09,968] {dag.py:1832} INFO - Sync 1 DAGs
[2021-06-06 06:41:09,993] {logging_mixin.py:104} INFO - [2021-06-06 06:41:09,993] {dag.py:2305} INFO - Setting next_dagrun for example_weekday_branch_operator to 2021-06-04 00:00:00+00:00
[2021-06-06 06:41:10,040] {scheduler_job.py:190} INFO - Processing /media/PythonProjects/66.Spotify_ETL/venv/lib/python3.8/site-packages/airflow/example_dags/example_branch_day_of_week_operator.py took 0.108 seconds
[2021-06-06 06:41:42,506] {scheduler_job.py:182} INFO - Started process (PID=3420) to work on /media/PythonProjects/66.Spotify_ETL/venv/lib/python3.8/site-packages/airflow/example_dags/example_branch_day_of_week_operator.py
[2021-06-06 06:41:42,507] {scheduler_job.py:633} INFO - Processing file /media/PythonProjects/66.Spotify_ETL/venv/lib/python3.8/site-packages/airflow/example_dags/example_branch_day_of_week_operator.py for tasks to queue
[2021-06-06 06:41:42,509] {logging_mixin.py:104} INFO - [2021-06-06 06:41:42,508] {dagbag.py:487} INFO - Filling up the DagBag from /media/PythonProjects/66.Spotify_ETL/venv/lib/python3.8/site-packages/airflow/example_dags/example_branch_day_of_week_operator.py
[2021-06-06 06:41:42,522] {scheduler_job.py:643} INFO - DAG(s) dict_keys(['example_weekday_branch_operator']) retrieved from /media/PythonProjects/66.Spotify_ETL/venv/lib/python3.8/site-packages/airflow/example_dags/example_branch_day_of_week_operator.py
[2021-06-06 06:41:42,534] {logging_mixin.py:104} INFO - [2021-06-06 06:41:42,534] {dag.py:1832} INFO - Sync 1 DAGs
[2021-06-06 06:41:42,546] {logging_mixin.py:104} INFO - [2021-06-06 06:41:42,546] {dag.py:2305} INFO - Setting next_dagrun for example_weekday_branch_operator to 2021-06-04 00:00:00+00:00
[2021-06-06 06:41:42,565] {scheduler_job.py:190} INFO - Processing /media/PythonProjects/66.Spotify_ETL/venv/lib/python3.8/site-packages/airflow/example_dags/example_branch_day_of_week_operator.py took 0.065 seconds
[2021-06-06 06:42:15,393] {scheduler_job.py:182} INFO - Started process (PID=3478) to work on /media/PythonProjects/66.Spotify_ETL/venv/lib/python3.8/site-packages/airflow/example_dags/example_branch_day_of_week_operator.py
[2021-06-06 06:42:15,395] {scheduler_job.py:633} INFO - Processing file /media/PythonProjects/66.Spotify_ETL/venv/lib/python3.8/site-packages/airflow/example_dags/example_branch_day_of_week_operator.py for tasks to queue
[2021-06-06 06:42:15,397] {logging_mixin.py:104} INFO - [2021-06-06 06:42:15,396] {dagbag.py:487} INFO - Filling up the DagBag from /media/PythonProjects/66.Spotify_ETL/venv/lib/python3.8/site-packages/airflow/example_dags/example_branch_day_of_week_operator.py
[2021-06-06 06:42:15,413] {scheduler_job.py:643} INFO - DAG(s) dict_keys(['example_weekday_branch_operator']) retrieved from /media/PythonProjects/66.Spotify_ETL/venv/lib/python3.8/site-packages/airflow/example_dags/example_branch_day_of_week_operator.py
[2021-06-06 06:42:15,426] {logging_mixin.py:104} INFO - [2021-06-06 06:42:15,426] {dag.py:1832} INFO - Sync 1 DAGs
[2021-06-06 06:42:15,438] {logging_mixin.py:104} INFO - [2021-06-06 06:42:15,438] {dag.py:2305} INFO - Setting next_dagrun for example_weekday_branch_operator to 2021-06-04 00:00:00+00:00
[2021-06-06 06:42:15,456] {scheduler_job.py:190} INFO - Processing /media/PythonProjects/66.Spotify_ETL/venv/lib/python3.8/site-packages/airflow/example_dags/example_branch_day_of_week_operator.py took 0.070 seconds
[2021-06-06 06:42:46,664] {scheduler_job.py:182} INFO - Started process (PID=3534) to work on /media/PythonProjects/66.Spotify_ETL/venv/lib/python3.8/site-packages/airflow/example_dags/example_branch_day_of_week_operator.py
[2021-06-06 06:42:46,667] {scheduler_job.py:633} INFO - Processing file /media/PythonProjects/66.Spotify_ETL/venv/lib/python3.8/site-packages/airflow/example_dags/example_branch_day_of_week_operator.py for tasks to queue
[2021-06-06 06:42:46,668] {logging_mixin.py:104} INFO - [2021-06-06 06:42:46,667] {dagbag.py:487} INFO - Filling up the DagBag from /media/PythonProjects/66.Spotify_ETL/venv/lib/python3.8/site-packages/airflow/example_dags/example_branch_day_of_week_operator.py
[2021-06-06 06:42:46,682] {scheduler_job.py:643} INFO - DAG(s) dict_keys(['example_weekday_branch_operator']) retrieved from /media/PythonProjects/66.Spotify_ETL/venv/lib/python3.8/site-packages/airflow/example_dags/example_branch_day_of_week_operator.py
[2021-06-06 06:42:46,696] {logging_mixin.py:104} INFO - [2021-06-06 06:42:46,696] {dag.py:1832} INFO - Sync 1 DAGs
[2021-06-06 06:42:46,710] {logging_mixin.py:104} INFO - [2021-06-06 06:42:46,710] {dag.py:2305} INFO - Setting next_dagrun for example_weekday_branch_operator to 2021-06-04 00:00:00+00:00
[2021-06-06 06:42:46,735] {scheduler_job.py:190} INFO - Processing /media/PythonProjects/66.Spotify_ETL/venv/lib/python3.8/site-packages/airflow/example_dags/example_branch_day_of_week_operator.py took 0.077 seconds
[2021-06-06 06:43:19,642] {scheduler_job.py:182} INFO - Started process (PID=3594) to work on /media/PythonProjects/66.Spotify_ETL/venv/lib/python3.8/site-packages/airflow/example_dags/example_branch_day_of_week_operator.py
[2021-06-06 06:43:19,643] {scheduler_job.py:633} INFO - Processing file /media/PythonProjects/66.Spotify_ETL/venv/lib/python3.8/site-packages/airflow/example_dags/example_branch_day_of_week_operator.py for tasks to queue
[2021-06-06 06:43:19,644] {logging_mixin.py:104} INFO - [2021-06-06 06:43:19,644] {dagbag.py:487} INFO - Filling up the DagBag from /media/PythonProjects/66.Spotify_ETL/venv/lib/python3.8/site-packages/airflow/example_dags/example_branch_day_of_week_operator.py
[2021-06-06 06:43:19,656] {scheduler_job.py:643} INFO - DAG(s) dict_keys(['example_weekday_branch_operator']) retrieved from /media/PythonProjects/66.Spotify_ETL/venv/lib/python3.8/site-packages/airflow/example_dags/example_branch_day_of_week_operator.py
[2021-06-06 06:43:19,669] {logging_mixin.py:104} INFO - [2021-06-06 06:43:19,669] {dag.py:1832} INFO - Sync 1 DAGs
[2021-06-06 06:43:19,682] {logging_mixin.py:104} INFO - [2021-06-06 06:43:19,682] {dag.py:2305} INFO - Setting next_dagrun for example_weekday_branch_operator to 2021-06-04 00:00:00+00:00
[2021-06-06 06:43:19,701] {scheduler_job.py:190} INFO - Processing /media/PythonProjects/66.Spotify_ETL/venv/lib/python3.8/site-packages/airflow/example_dags/example_branch_day_of_week_operator.py took 0.062 seconds
[2021-06-06 06:43:50,870] {scheduler_job.py:182} INFO - Started process (PID=3650) to work on /media/PythonProjects/66.Spotify_ETL/venv/lib/python3.8/site-packages/airflow/example_dags/example_branch_day_of_week_operator.py
[2021-06-06 06:43:50,871] {scheduler_job.py:633} INFO - Processing file /media/PythonProjects/66.Spotify_ETL/venv/lib/python3.8/site-packages/airflow/example_dags/example_branch_day_of_week_operator.py for tasks to queue
[2021-06-06 06:43:50,872] {logging_mixin.py:104} INFO - [2021-06-06 06:43:50,872] {dagbag.py:487} INFO - Filling up the DagBag from /media/PythonProjects/66.Spotify_ETL/venv/lib/python3.8/site-packages/airflow/example_dags/example_branch_day_of_week_operator.py
[2021-06-06 06:43:50,888] {scheduler_job.py:643} INFO - DAG(s) dict_keys(['example_weekday_branch_operator']) retrieved from /media/PythonProjects/66.Spotify_ETL/venv/lib/python3.8/site-packages/airflow/example_dags/example_branch_day_of_week_operator.py
[2021-06-06 06:43:50,906] {logging_mixin.py:104} INFO - [2021-06-06 06:43:50,906] {dag.py:1832} INFO - Sync 1 DAGs
[2021-06-06 06:43:50,928] {logging_mixin.py:104} INFO - [2021-06-06 06:43:50,927] {dag.py:2305} INFO - Setting next_dagrun for example_weekday_branch_operator to 2021-06-04 00:00:00+00:00
[2021-06-06 06:43:50,948] {scheduler_job.py:190} INFO - Processing /media/PythonProjects/66.Spotify_ETL/venv/lib/python3.8/site-packages/airflow/example_dags/example_branch_day_of_week_operator.py took 0.082 seconds
[2021-06-06 06:44:25,892] {scheduler_job.py:182} INFO - Started process (PID=3709) to work on /media/PythonProjects/66.Spotify_ETL/venv/lib/python3.8/site-packages/airflow/example_dags/example_branch_day_of_week_operator.py
[2021-06-06 06:44:25,895] {scheduler_job.py:633} INFO - Processing file /media/PythonProjects/66.Spotify_ETL/venv/lib/python3.8/site-packages/airflow/example_dags/example_branch_day_of_week_operator.py for tasks to queue
[2021-06-06 06:44:25,896] {logging_mixin.py:104} INFO - [2021-06-06 06:44:25,896] {dagbag.py:487} INFO - Filling up the DagBag from /media/PythonProjects/66.Spotify_ETL/venv/lib/python3.8/site-packages/airflow/example_dags/example_branch_day_of_week_operator.py
[2021-06-06 06:44:25,939] {scheduler_job.py:643} INFO - DAG(s) dict_keys(['example_weekday_branch_operator']) retrieved from /media/PythonProjects/66.Spotify_ETL/venv/lib/python3.8/site-packages/airflow/example_dags/example_branch_day_of_week_operator.py
[2021-06-06 06:44:25,974] {logging_mixin.py:104} INFO - [2021-06-06 06:44:25,974] {dag.py:1832} INFO - Sync 1 DAGs
[2021-06-06 06:44:26,001] {logging_mixin.py:104} INFO - [2021-06-06 06:44:26,000] {dag.py:2305} INFO - Setting next_dagrun for example_weekday_branch_operator to 2021-06-04 00:00:00+00:00
[2021-06-06 06:44:26,044] {scheduler_job.py:190} INFO - Processing /media/PythonProjects/66.Spotify_ETL/venv/lib/python3.8/site-packages/airflow/example_dags/example_branch_day_of_week_operator.py took 0.156 seconds
[2021-06-06 06:44:59,460] {scheduler_job.py:182} INFO - Started process (PID=3764) to work on /media/PythonProjects/66.Spotify_ETL/venv/lib/python3.8/site-packages/airflow/example_dags/example_branch_day_of_week_operator.py
[2021-06-06 06:44:59,462] {scheduler_job.py:633} INFO - Processing file /media/PythonProjects/66.Spotify_ETL/venv/lib/python3.8/site-packages/airflow/example_dags/example_branch_day_of_week_operator.py for tasks to queue
[2021-06-06 06:44:59,464] {logging_mixin.py:104} INFO - [2021-06-06 06:44:59,463] {dagbag.py:487} INFO - Filling up the DagBag from /media/PythonProjects/66.Spotify_ETL/venv/lib/python3.8/site-packages/airflow/example_dags/example_branch_day_of_week_operator.py
[2021-06-06 06:44:59,480] {scheduler_job.py:643} INFO - DAG(s) dict_keys(['example_weekday_branch_operator']) retrieved from /media/PythonProjects/66.Spotify_ETL/venv/lib/python3.8/site-packages/airflow/example_dags/example_branch_day_of_week_operator.py
[2021-06-06 06:44:59,494] {logging_mixin.py:104} INFO - [2021-06-06 06:44:59,494] {dag.py:1832} INFO - Sync 1 DAGs
[2021-06-06 06:44:59,508] {logging_mixin.py:104} INFO - [2021-06-06 06:44:59,508] {dag.py:2305} INFO - Setting next_dagrun for example_weekday_branch_operator to 2021-06-04 00:00:00+00:00
[2021-06-06 06:44:59,529] {scheduler_job.py:190} INFO - Processing /media/PythonProjects/66.Spotify_ETL/venv/lib/python3.8/site-packages/airflow/example_dags/example_branch_day_of_week_operator.py took 0.075 seconds
[2021-06-06 06:45:32,809] {scheduler_job.py:182} INFO - Started process (PID=3935) to work on /media/PythonProjects/66.Spotify_ETL/venv/lib/python3.8/site-packages/airflow/example_dags/example_branch_day_of_week_operator.py
[2021-06-06 06:45:32,811] {scheduler_job.py:633} INFO - Processing file /media/PythonProjects/66.Spotify_ETL/venv/lib/python3.8/site-packages/airflow/example_dags/example_branch_day_of_week_operator.py for tasks to queue
[2021-06-06 06:45:32,812] {logging_mixin.py:104} INFO - [2021-06-06 06:45:32,812] {dagbag.py:487} INFO - Filling up the DagBag from /media/PythonProjects/66.Spotify_ETL/venv/lib/python3.8/site-packages/airflow/example_dags/example_branch_day_of_week_operator.py
[2021-06-06 06:45:32,828] {scheduler_job.py:643} INFO - DAG(s) dict_keys(['example_weekday_branch_operator']) retrieved from /media/PythonProjects/66.Spotify_ETL/venv/lib/python3.8/site-packages/airflow/example_dags/example_branch_day_of_week_operator.py
[2021-06-06 06:45:32,841] {logging_mixin.py:104} INFO - [2021-06-06 06:45:32,841] {dag.py:1832} INFO - Sync 1 DAGs
[2021-06-06 06:45:32,855] {logging_mixin.py:104} INFO - [2021-06-06 06:45:32,855] {dag.py:2305} INFO - Setting next_dagrun for example_weekday_branch_operator to 2021-06-04 00:00:00+00:00
[2021-06-06 06:45:32,874] {scheduler_job.py:190} INFO - Processing /media/PythonProjects/66.Spotify_ETL/venv/lib/python3.8/site-packages/airflow/example_dags/example_branch_day_of_week_operator.py took 0.071 seconds
[2021-06-06 06:46:05,720] {scheduler_job.py:182} INFO - Started process (PID=4239) to work on /media/PythonProjects/66.Spotify_ETL/venv/lib/python3.8/site-packages/airflow/example_dags/example_branch_day_of_week_operator.py
[2021-06-06 06:46:05,725] {scheduler_job.py:633} INFO - Processing file /media/PythonProjects/66.Spotify_ETL/venv/lib/python3.8/site-packages/airflow/example_dags/example_branch_day_of_week_operator.py for tasks to queue
[2021-06-06 06:46:05,726] {logging_mixin.py:104} INFO - [2021-06-06 06:46:05,726] {dagbag.py:487} INFO - Filling up the DagBag from /media/PythonProjects/66.Spotify_ETL/venv/lib/python3.8/site-packages/airflow/example_dags/example_branch_day_of_week_operator.py
[2021-06-06 06:46:05,752] {scheduler_job.py:643} INFO - DAG(s) dict_keys(['example_weekday_branch_operator']) retrieved from /media/PythonProjects/66.Spotify_ETL/venv/lib/python3.8/site-packages/airflow/example_dags/example_branch_day_of_week_operator.py
[2021-06-06 06:46:05,780] {logging_mixin.py:104} INFO - [2021-06-06 06:46:05,779] {dag.py:1832} INFO - Sync 1 DAGs
[2021-06-06 06:46:05,805] {logging_mixin.py:104} INFO - [2021-06-06 06:46:05,805] {dag.py:2305} INFO - Setting next_dagrun for example_weekday_branch_operator to 2021-06-04 00:00:00+00:00
[2021-06-06 06:46:05,836] {scheduler_job.py:190} INFO - Processing /media/PythonProjects/66.Spotify_ETL/venv/lib/python3.8/site-packages/airflow/example_dags/example_branch_day_of_week_operator.py took 0.122 seconds
