[2021-06-06 06:32:18,099] {scheduler_job.py:182} INFO - Started process (PID=2407) to work on /media/PythonProjects/66.Spotify_ETL/venv/lib/python3.8/site-packages/airflow/example_dags/example_branch_python_dop_operator_3.py
[2021-06-06 06:32:18,101] {scheduler_job.py:633} INFO - Processing file /media/PythonProjects/66.Spotify_ETL/venv/lib/python3.8/site-packages/airflow/example_dags/example_branch_python_dop_operator_3.py for tasks to queue
[2021-06-06 06:32:18,102] {logging_mixin.py:104} INFO - [2021-06-06 06:32:18,102] {dagbag.py:487} INFO - Filling up the DagBag from /media/PythonProjects/66.Spotify_ETL/venv/lib/python3.8/site-packages/airflow/example_dags/example_branch_python_dop_operator_3.py
[2021-06-06 06:32:18,142] {scheduler_job.py:643} INFO - DAG(s) dict_keys(['example_branch_dop_operator_v3']) retrieved from /media/PythonProjects/66.Spotify_ETL/venv/lib/python3.8/site-packages/airflow/example_dags/example_branch_python_dop_operator_3.py
[2021-06-06 06:32:18,185] {logging_mixin.py:104} INFO - [2021-06-06 06:32:18,185] {dag.py:1832} INFO - Sync 1 DAGs
[2021-06-06 06:32:18,234] {logging_mixin.py:104} INFO - [2021-06-06 06:32:18,233] {dag.py:2305} INFO - Setting next_dagrun for example_branch_dop_operator_v3 to 2021-06-04 00:00:00+00:00
[2021-06-06 06:32:18,310] {scheduler_job.py:190} INFO - Processing /media/PythonProjects/66.Spotify_ETL/venv/lib/python3.8/site-packages/airflow/example_dags/example_branch_python_dop_operator_3.py took 0.215 seconds
[2021-06-06 06:32:54,710] {scheduler_job.py:182} INFO - Started process (PID=2493) to work on /media/PythonProjects/66.Spotify_ETL/venv/lib/python3.8/site-packages/airflow/example_dags/example_branch_python_dop_operator_3.py
[2021-06-06 06:32:54,711] {scheduler_job.py:633} INFO - Processing file /media/PythonProjects/66.Spotify_ETL/venv/lib/python3.8/site-packages/airflow/example_dags/example_branch_python_dop_operator_3.py for tasks to queue
[2021-06-06 06:32:54,711] {logging_mixin.py:104} INFO - [2021-06-06 06:32:54,711] {dagbag.py:487} INFO - Filling up the DagBag from /media/PythonProjects/66.Spotify_ETL/venv/lib/python3.8/site-packages/airflow/example_dags/example_branch_python_dop_operator_3.py
[2021-06-06 06:32:54,726] {scheduler_job.py:643} INFO - DAG(s) dict_keys(['example_branch_dop_operator_v3']) retrieved from /media/PythonProjects/66.Spotify_ETL/venv/lib/python3.8/site-packages/airflow/example_dags/example_branch_python_dop_operator_3.py
[2021-06-06 06:32:54,742] {logging_mixin.py:104} INFO - [2021-06-06 06:32:54,742] {dag.py:1832} INFO - Sync 1 DAGs
[2021-06-06 06:32:54,765] {logging_mixin.py:104} INFO - [2021-06-06 06:32:54,765] {dag.py:2305} INFO - Setting next_dagrun for example_branch_dop_operator_v3 to 2021-06-04 00:00:00+00:00
[2021-06-06 06:32:54,788] {scheduler_job.py:190} INFO - Processing /media/PythonProjects/66.Spotify_ETL/venv/lib/python3.8/site-packages/airflow/example_dags/example_branch_python_dop_operator_3.py took 0.081 seconds
[2021-06-06 06:33:28,251] {scheduler_job.py:182} INFO - Started process (PID=2550) to work on /media/PythonProjects/66.Spotify_ETL/venv/lib/python3.8/site-packages/airflow/example_dags/example_branch_python_dop_operator_3.py
[2021-06-06 06:33:28,253] {scheduler_job.py:633} INFO - Processing file /media/PythonProjects/66.Spotify_ETL/venv/lib/python3.8/site-packages/airflow/example_dags/example_branch_python_dop_operator_3.py for tasks to queue
[2021-06-06 06:33:28,254] {logging_mixin.py:104} INFO - [2021-06-06 06:33:28,254] {dagbag.py:487} INFO - Filling up the DagBag from /media/PythonProjects/66.Spotify_ETL/venv/lib/python3.8/site-packages/airflow/example_dags/example_branch_python_dop_operator_3.py
[2021-06-06 06:33:28,272] {scheduler_job.py:643} INFO - DAG(s) dict_keys(['example_branch_dop_operator_v3']) retrieved from /media/PythonProjects/66.Spotify_ETL/venv/lib/python3.8/site-packages/airflow/example_dags/example_branch_python_dop_operator_3.py
[2021-06-06 06:33:28,290] {logging_mixin.py:104} INFO - [2021-06-06 06:33:28,290] {dag.py:1832} INFO - Sync 1 DAGs
[2021-06-06 06:33:28,320] {logging_mixin.py:104} INFO - [2021-06-06 06:33:28,320] {dag.py:2305} INFO - Setting next_dagrun for example_branch_dop_operator_v3 to 2021-06-04 00:00:00+00:00
[2021-06-06 06:33:28,356] {scheduler_job.py:190} INFO - Processing /media/PythonProjects/66.Spotify_ETL/venv/lib/python3.8/site-packages/airflow/example_dags/example_branch_python_dop_operator_3.py took 0.109 seconds
[2021-06-06 06:34:05,965] {scheduler_job.py:182} INFO - Started process (PID=2612) to work on /media/PythonProjects/66.Spotify_ETL/venv/lib/python3.8/site-packages/airflow/example_dags/example_branch_python_dop_operator_3.py
[2021-06-06 06:34:05,966] {scheduler_job.py:633} INFO - Processing file /media/PythonProjects/66.Spotify_ETL/venv/lib/python3.8/site-packages/airflow/example_dags/example_branch_python_dop_operator_3.py for tasks to queue
[2021-06-06 06:34:05,971] {logging_mixin.py:104} INFO - [2021-06-06 06:34:05,971] {dagbag.py:487} INFO - Filling up the DagBag from /media/PythonProjects/66.Spotify_ETL/venv/lib/python3.8/site-packages/airflow/example_dags/example_branch_python_dop_operator_3.py
[2021-06-06 06:34:06,003] {scheduler_job.py:643} INFO - DAG(s) dict_keys(['example_branch_dop_operator_v3']) retrieved from /media/PythonProjects/66.Spotify_ETL/venv/lib/python3.8/site-packages/airflow/example_dags/example_branch_python_dop_operator_3.py
[2021-06-06 06:34:06,031] {logging_mixin.py:104} INFO - [2021-06-06 06:34:06,031] {dag.py:1832} INFO - Sync 1 DAGs
[2021-06-06 06:34:06,051] {logging_mixin.py:104} INFO - [2021-06-06 06:34:06,051] {dag.py:2305} INFO - Setting next_dagrun for example_branch_dop_operator_v3 to 2021-06-04 00:00:00+00:00
[2021-06-06 06:34:06,074] {scheduler_job.py:190} INFO - Processing /media/PythonProjects/66.Spotify_ETL/venv/lib/python3.8/site-packages/airflow/example_dags/example_branch_python_dop_operator_3.py took 0.115 seconds
[2021-06-06 06:34:40,742] {scheduler_job.py:182} INFO - Started process (PID=2674) to work on /media/PythonProjects/66.Spotify_ETL/venv/lib/python3.8/site-packages/airflow/example_dags/example_branch_python_dop_operator_3.py
[2021-06-06 06:34:40,744] {scheduler_job.py:633} INFO - Processing file /media/PythonProjects/66.Spotify_ETL/venv/lib/python3.8/site-packages/airflow/example_dags/example_branch_python_dop_operator_3.py for tasks to queue
[2021-06-06 06:34:40,745] {logging_mixin.py:104} INFO - [2021-06-06 06:34:40,745] {dagbag.py:487} INFO - Filling up the DagBag from /media/PythonProjects/66.Spotify_ETL/venv/lib/python3.8/site-packages/airflow/example_dags/example_branch_python_dop_operator_3.py
[2021-06-06 06:34:40,760] {scheduler_job.py:643} INFO - DAG(s) dict_keys(['example_branch_dop_operator_v3']) retrieved from /media/PythonProjects/66.Spotify_ETL/venv/lib/python3.8/site-packages/airflow/example_dags/example_branch_python_dop_operator_3.py
[2021-06-06 06:34:40,771] {logging_mixin.py:104} INFO - [2021-06-06 06:34:40,771] {dag.py:1832} INFO - Sync 1 DAGs
[2021-06-06 06:34:40,787] {logging_mixin.py:104} INFO - [2021-06-06 06:34:40,786] {dag.py:2305} INFO - Setting next_dagrun for example_branch_dop_operator_v3 to 2021-06-04 00:00:00+00:00
[2021-06-06 06:34:40,806] {scheduler_job.py:190} INFO - Processing /media/PythonProjects/66.Spotify_ETL/venv/lib/python3.8/site-packages/airflow/example_dags/example_branch_python_dop_operator_3.py took 0.070 seconds
[2021-06-06 06:35:13,342] {scheduler_job.py:182} INFO - Started process (PID=2734) to work on /media/PythonProjects/66.Spotify_ETL/venv/lib/python3.8/site-packages/airflow/example_dags/example_branch_python_dop_operator_3.py
[2021-06-06 06:35:13,344] {scheduler_job.py:633} INFO - Processing file /media/PythonProjects/66.Spotify_ETL/venv/lib/python3.8/site-packages/airflow/example_dags/example_branch_python_dop_operator_3.py for tasks to queue
[2021-06-06 06:35:13,345] {logging_mixin.py:104} INFO - [2021-06-06 06:35:13,345] {dagbag.py:487} INFO - Filling up the DagBag from /media/PythonProjects/66.Spotify_ETL/venv/lib/python3.8/site-packages/airflow/example_dags/example_branch_python_dop_operator_3.py
[2021-06-06 06:35:13,359] {scheduler_job.py:643} INFO - DAG(s) dict_keys(['example_branch_dop_operator_v3']) retrieved from /media/PythonProjects/66.Spotify_ETL/venv/lib/python3.8/site-packages/airflow/example_dags/example_branch_python_dop_operator_3.py
[2021-06-06 06:35:13,371] {logging_mixin.py:104} INFO - [2021-06-06 06:35:13,371] {dag.py:1832} INFO - Sync 1 DAGs
[2021-06-06 06:35:13,392] {logging_mixin.py:104} INFO - [2021-06-06 06:35:13,392] {dag.py:2305} INFO - Setting next_dagrun for example_branch_dop_operator_v3 to 2021-06-04 00:00:00+00:00
[2021-06-06 06:35:13,415] {scheduler_job.py:190} INFO - Processing /media/PythonProjects/66.Spotify_ETL/venv/lib/python3.8/site-packages/airflow/example_dags/example_branch_python_dop_operator_3.py took 0.076 seconds
[2021-06-06 06:35:46,577] {scheduler_job.py:182} INFO - Started process (PID=2796) to work on /media/PythonProjects/66.Spotify_ETL/venv/lib/python3.8/site-packages/airflow/example_dags/example_branch_python_dop_operator_3.py
[2021-06-06 06:35:46,579] {scheduler_job.py:633} INFO - Processing file /media/PythonProjects/66.Spotify_ETL/venv/lib/python3.8/site-packages/airflow/example_dags/example_branch_python_dop_operator_3.py for tasks to queue
[2021-06-06 06:35:46,580] {logging_mixin.py:104} INFO - [2021-06-06 06:35:46,579] {dagbag.py:487} INFO - Filling up the DagBag from /media/PythonProjects/66.Spotify_ETL/venv/lib/python3.8/site-packages/airflow/example_dags/example_branch_python_dop_operator_3.py
[2021-06-06 06:35:46,593] {scheduler_job.py:643} INFO - DAG(s) dict_keys(['example_branch_dop_operator_v3']) retrieved from /media/PythonProjects/66.Spotify_ETL/venv/lib/python3.8/site-packages/airflow/example_dags/example_branch_python_dop_operator_3.py
[2021-06-06 06:35:46,604] {logging_mixin.py:104} INFO - [2021-06-06 06:35:46,604] {dag.py:1832} INFO - Sync 1 DAGs
[2021-06-06 06:35:46,621] {logging_mixin.py:104} INFO - [2021-06-06 06:35:46,621] {dag.py:2305} INFO - Setting next_dagrun for example_branch_dop_operator_v3 to 2021-06-04 00:00:00+00:00
[2021-06-06 06:35:46,645] {scheduler_job.py:190} INFO - Processing /media/PythonProjects/66.Spotify_ETL/venv/lib/python3.8/site-packages/airflow/example_dags/example_branch_python_dop_operator_3.py took 0.070 seconds
[2021-06-06 06:36:19,982] {scheduler_job.py:182} INFO - Started process (PID=2857) to work on /media/PythonProjects/66.Spotify_ETL/venv/lib/python3.8/site-packages/airflow/example_dags/example_branch_python_dop_operator_3.py
[2021-06-06 06:36:19,983] {scheduler_job.py:633} INFO - Processing file /media/PythonProjects/66.Spotify_ETL/venv/lib/python3.8/site-packages/airflow/example_dags/example_branch_python_dop_operator_3.py for tasks to queue
[2021-06-06 06:36:19,984] {logging_mixin.py:104} INFO - [2021-06-06 06:36:19,984] {dagbag.py:487} INFO - Filling up the DagBag from /media/PythonProjects/66.Spotify_ETL/venv/lib/python3.8/site-packages/airflow/example_dags/example_branch_python_dop_operator_3.py
[2021-06-06 06:36:19,997] {scheduler_job.py:643} INFO - DAG(s) dict_keys(['example_branch_dop_operator_v3']) retrieved from /media/PythonProjects/66.Spotify_ETL/venv/lib/python3.8/site-packages/airflow/example_dags/example_branch_python_dop_operator_3.py
[2021-06-06 06:36:20,011] {logging_mixin.py:104} INFO - [2021-06-06 06:36:20,011] {dag.py:1832} INFO - Sync 1 DAGs
[2021-06-06 06:36:20,028] {logging_mixin.py:104} INFO - [2021-06-06 06:36:20,027] {dag.py:2305} INFO - Setting next_dagrun for example_branch_dop_operator_v3 to 2021-06-04 00:00:00+00:00
[2021-06-06 06:36:20,047] {scheduler_job.py:190} INFO - Processing /media/PythonProjects/66.Spotify_ETL/venv/lib/python3.8/site-packages/airflow/example_dags/example_branch_python_dop_operator_3.py took 0.068 seconds
[2021-06-06 06:36:52,669] {scheduler_job.py:182} INFO - Started process (PID=2915) to work on /media/PythonProjects/66.Spotify_ETL/venv/lib/python3.8/site-packages/airflow/example_dags/example_branch_python_dop_operator_3.py
[2021-06-06 06:36:52,670] {scheduler_job.py:633} INFO - Processing file /media/PythonProjects/66.Spotify_ETL/venv/lib/python3.8/site-packages/airflow/example_dags/example_branch_python_dop_operator_3.py for tasks to queue
[2021-06-06 06:36:52,671] {logging_mixin.py:104} INFO - [2021-06-06 06:36:52,671] {dagbag.py:487} INFO - Filling up the DagBag from /media/PythonProjects/66.Spotify_ETL/venv/lib/python3.8/site-packages/airflow/example_dags/example_branch_python_dop_operator_3.py
[2021-06-06 06:36:52,682] {scheduler_job.py:643} INFO - DAG(s) dict_keys(['example_branch_dop_operator_v3']) retrieved from /media/PythonProjects/66.Spotify_ETL/venv/lib/python3.8/site-packages/airflow/example_dags/example_branch_python_dop_operator_3.py
[2021-06-06 06:36:52,694] {logging_mixin.py:104} INFO - [2021-06-06 06:36:52,694] {dag.py:1832} INFO - Sync 1 DAGs
[2021-06-06 06:36:52,710] {logging_mixin.py:104} INFO - [2021-06-06 06:36:52,709] {dag.py:2305} INFO - Setting next_dagrun for example_branch_dop_operator_v3 to 2021-06-04 00:00:00+00:00
[2021-06-06 06:36:52,729] {scheduler_job.py:190} INFO - Processing /media/PythonProjects/66.Spotify_ETL/venv/lib/python3.8/site-packages/airflow/example_dags/example_branch_python_dop_operator_3.py took 0.063 seconds
[2021-06-06 06:37:24,245] {scheduler_job.py:182} INFO - Started process (PID=2973) to work on /media/PythonProjects/66.Spotify_ETL/venv/lib/python3.8/site-packages/airflow/example_dags/example_branch_python_dop_operator_3.py
[2021-06-06 06:37:24,247] {scheduler_job.py:633} INFO - Processing file /media/PythonProjects/66.Spotify_ETL/venv/lib/python3.8/site-packages/airflow/example_dags/example_branch_python_dop_operator_3.py for tasks to queue
[2021-06-06 06:37:24,249] {logging_mixin.py:104} INFO - [2021-06-06 06:37:24,249] {dagbag.py:487} INFO - Filling up the DagBag from /media/PythonProjects/66.Spotify_ETL/venv/lib/python3.8/site-packages/airflow/example_dags/example_branch_python_dop_operator_3.py
[2021-06-06 06:37:24,267] {scheduler_job.py:643} INFO - DAG(s) dict_keys(['example_branch_dop_operator_v3']) retrieved from /media/PythonProjects/66.Spotify_ETL/venv/lib/python3.8/site-packages/airflow/example_dags/example_branch_python_dop_operator_3.py
[2021-06-06 06:37:24,284] {logging_mixin.py:104} INFO - [2021-06-06 06:37:24,284] {dag.py:1832} INFO - Sync 1 DAGs
[2021-06-06 06:37:24,308] {logging_mixin.py:104} INFO - [2021-06-06 06:37:24,308] {dag.py:2305} INFO - Setting next_dagrun for example_branch_dop_operator_v3 to 2021-06-04 00:00:00+00:00
[2021-06-06 06:37:24,330] {scheduler_job.py:190} INFO - Processing /media/PythonProjects/66.Spotify_ETL/venv/lib/python3.8/site-packages/airflow/example_dags/example_branch_python_dop_operator_3.py took 0.093 seconds
[2021-06-06 06:37:58,166] {scheduler_job.py:182} INFO - Started process (PID=3033) to work on /media/PythonProjects/66.Spotify_ETL/venv/lib/python3.8/site-packages/airflow/example_dags/example_branch_python_dop_operator_3.py
[2021-06-06 06:37:58,168] {scheduler_job.py:633} INFO - Processing file /media/PythonProjects/66.Spotify_ETL/venv/lib/python3.8/site-packages/airflow/example_dags/example_branch_python_dop_operator_3.py for tasks to queue
[2021-06-06 06:37:58,169] {logging_mixin.py:104} INFO - [2021-06-06 06:37:58,169] {dagbag.py:487} INFO - Filling up the DagBag from /media/PythonProjects/66.Spotify_ETL/venv/lib/python3.8/site-packages/airflow/example_dags/example_branch_python_dop_operator_3.py
[2021-06-06 06:37:58,183] {scheduler_job.py:643} INFO - DAG(s) dict_keys(['example_branch_dop_operator_v3']) retrieved from /media/PythonProjects/66.Spotify_ETL/venv/lib/python3.8/site-packages/airflow/example_dags/example_branch_python_dop_operator_3.py
[2021-06-06 06:37:58,196] {logging_mixin.py:104} INFO - [2021-06-06 06:37:58,196] {dag.py:1832} INFO - Sync 1 DAGs
[2021-06-06 06:37:58,213] {logging_mixin.py:104} INFO - [2021-06-06 06:37:58,213] {dag.py:2305} INFO - Setting next_dagrun for example_branch_dop_operator_v3 to 2021-06-04 00:00:00+00:00
[2021-06-06 06:37:58,233] {scheduler_job.py:190} INFO - Processing /media/PythonProjects/66.Spotify_ETL/venv/lib/python3.8/site-packages/airflow/example_dags/example_branch_python_dop_operator_3.py took 0.072 seconds
[2021-06-06 06:38:32,160] {scheduler_job.py:182} INFO - Started process (PID=3092) to work on /media/PythonProjects/66.Spotify_ETL/venv/lib/python3.8/site-packages/airflow/example_dags/example_branch_python_dop_operator_3.py
[2021-06-06 06:38:32,161] {scheduler_job.py:633} INFO - Processing file /media/PythonProjects/66.Spotify_ETL/venv/lib/python3.8/site-packages/airflow/example_dags/example_branch_python_dop_operator_3.py for tasks to queue
[2021-06-06 06:38:32,161] {logging_mixin.py:104} INFO - [2021-06-06 06:38:32,161] {dagbag.py:487} INFO - Filling up the DagBag from /media/PythonProjects/66.Spotify_ETL/venv/lib/python3.8/site-packages/airflow/example_dags/example_branch_python_dop_operator_3.py
[2021-06-06 06:38:32,174] {scheduler_job.py:643} INFO - DAG(s) dict_keys(['example_branch_dop_operator_v3']) retrieved from /media/PythonProjects/66.Spotify_ETL/venv/lib/python3.8/site-packages/airflow/example_dags/example_branch_python_dop_operator_3.py
[2021-06-06 06:38:32,188] {logging_mixin.py:104} INFO - [2021-06-06 06:38:32,188] {dag.py:1832} INFO - Sync 1 DAGs
[2021-06-06 06:38:32,207] {logging_mixin.py:104} INFO - [2021-06-06 06:38:32,207] {dag.py:2305} INFO - Setting next_dagrun for example_branch_dop_operator_v3 to 2021-06-04 00:00:00+00:00
[2021-06-06 06:38:32,226] {scheduler_job.py:190} INFO - Processing /media/PythonProjects/66.Spotify_ETL/venv/lib/python3.8/site-packages/airflow/example_dags/example_branch_python_dop_operator_3.py took 0.071 seconds
[2021-06-06 06:39:05,244] {scheduler_job.py:182} INFO - Started process (PID=3149) to work on /media/PythonProjects/66.Spotify_ETL/venv/lib/python3.8/site-packages/airflow/example_dags/example_branch_python_dop_operator_3.py
[2021-06-06 06:39:05,248] {scheduler_job.py:633} INFO - Processing file /media/PythonProjects/66.Spotify_ETL/venv/lib/python3.8/site-packages/airflow/example_dags/example_branch_python_dop_operator_3.py for tasks to queue
[2021-06-06 06:39:05,249] {logging_mixin.py:104} INFO - [2021-06-06 06:39:05,249] {dagbag.py:487} INFO - Filling up the DagBag from /media/PythonProjects/66.Spotify_ETL/venv/lib/python3.8/site-packages/airflow/example_dags/example_branch_python_dop_operator_3.py
[2021-06-06 06:39:05,263] {scheduler_job.py:643} INFO - DAG(s) dict_keys(['example_branch_dop_operator_v3']) retrieved from /media/PythonProjects/66.Spotify_ETL/venv/lib/python3.8/site-packages/airflow/example_dags/example_branch_python_dop_operator_3.py
[2021-06-06 06:39:05,276] {logging_mixin.py:104} INFO - [2021-06-06 06:39:05,276] {dag.py:1832} INFO - Sync 1 DAGs
[2021-06-06 06:39:05,293] {logging_mixin.py:104} INFO - [2021-06-06 06:39:05,293] {dag.py:2305} INFO - Setting next_dagrun for example_branch_dop_operator_v3 to 2021-06-04 00:00:00+00:00
[2021-06-06 06:39:05,316] {scheduler_job.py:190} INFO - Processing /media/PythonProjects/66.Spotify_ETL/venv/lib/python3.8/site-packages/airflow/example_dags/example_branch_python_dop_operator_3.py took 0.078 seconds
[2021-06-06 06:39:38,679] {scheduler_job.py:182} INFO - Started process (PID=3207) to work on /media/PythonProjects/66.Spotify_ETL/venv/lib/python3.8/site-packages/airflow/example_dags/example_branch_python_dop_operator_3.py
[2021-06-06 06:39:38,680] {scheduler_job.py:633} INFO - Processing file /media/PythonProjects/66.Spotify_ETL/venv/lib/python3.8/site-packages/airflow/example_dags/example_branch_python_dop_operator_3.py for tasks to queue
[2021-06-06 06:39:38,681] {logging_mixin.py:104} INFO - [2021-06-06 06:39:38,681] {dagbag.py:487} INFO - Filling up the DagBag from /media/PythonProjects/66.Spotify_ETL/venv/lib/python3.8/site-packages/airflow/example_dags/example_branch_python_dop_operator_3.py
[2021-06-06 06:39:38,694] {scheduler_job.py:643} INFO - DAG(s) dict_keys(['example_branch_dop_operator_v3']) retrieved from /media/PythonProjects/66.Spotify_ETL/venv/lib/python3.8/site-packages/airflow/example_dags/example_branch_python_dop_operator_3.py
[2021-06-06 06:39:38,707] {logging_mixin.py:104} INFO - [2021-06-06 06:39:38,707] {dag.py:1832} INFO - Sync 1 DAGs
[2021-06-06 06:39:38,723] {logging_mixin.py:104} INFO - [2021-06-06 06:39:38,723] {dag.py:2305} INFO - Setting next_dagrun for example_branch_dop_operator_v3 to 2021-06-04 00:00:00+00:00
[2021-06-06 06:39:38,743] {scheduler_job.py:190} INFO - Processing /media/PythonProjects/66.Spotify_ETL/venv/lib/python3.8/site-packages/airflow/example_dags/example_branch_python_dop_operator_3.py took 0.067 seconds
[2021-06-06 06:40:14,273] {scheduler_job.py:182} INFO - Started process (PID=3266) to work on /media/PythonProjects/66.Spotify_ETL/venv/lib/python3.8/site-packages/airflow/example_dags/example_branch_python_dop_operator_3.py
[2021-06-06 06:40:14,274] {scheduler_job.py:633} INFO - Processing file /media/PythonProjects/66.Spotify_ETL/venv/lib/python3.8/site-packages/airflow/example_dags/example_branch_python_dop_operator_3.py for tasks to queue
[2021-06-06 06:40:14,276] {logging_mixin.py:104} INFO - [2021-06-06 06:40:14,275] {dagbag.py:487} INFO - Filling up the DagBag from /media/PythonProjects/66.Spotify_ETL/venv/lib/python3.8/site-packages/airflow/example_dags/example_branch_python_dop_operator_3.py
[2021-06-06 06:40:14,293] {scheduler_job.py:643} INFO - DAG(s) dict_keys(['example_branch_dop_operator_v3']) retrieved from /media/PythonProjects/66.Spotify_ETL/venv/lib/python3.8/site-packages/airflow/example_dags/example_branch_python_dop_operator_3.py
[2021-06-06 06:40:14,323] {logging_mixin.py:104} INFO - [2021-06-06 06:40:14,323] {dag.py:1832} INFO - Sync 1 DAGs
[2021-06-06 06:40:14,361] {logging_mixin.py:104} INFO - [2021-06-06 06:40:14,361] {dag.py:2305} INFO - Setting next_dagrun for example_branch_dop_operator_v3 to 2021-06-04 00:00:00+00:00
[2021-06-06 06:40:14,396] {scheduler_job.py:190} INFO - Processing /media/PythonProjects/66.Spotify_ETL/venv/lib/python3.8/site-packages/airflow/example_dags/example_branch_python_dop_operator_3.py took 0.126 seconds
[2021-06-06 06:40:48,094] {scheduler_job.py:182} INFO - Started process (PID=3324) to work on /media/PythonProjects/66.Spotify_ETL/venv/lib/python3.8/site-packages/airflow/example_dags/example_branch_python_dop_operator_3.py
[2021-06-06 06:40:48,096] {scheduler_job.py:633} INFO - Processing file /media/PythonProjects/66.Spotify_ETL/venv/lib/python3.8/site-packages/airflow/example_dags/example_branch_python_dop_operator_3.py for tasks to queue
[2021-06-06 06:40:48,098] {logging_mixin.py:104} INFO - [2021-06-06 06:40:48,097] {dagbag.py:487} INFO - Filling up the DagBag from /media/PythonProjects/66.Spotify_ETL/venv/lib/python3.8/site-packages/airflow/example_dags/example_branch_python_dop_operator_3.py
[2021-06-06 06:40:48,117] {scheduler_job.py:643} INFO - DAG(s) dict_keys(['example_branch_dop_operator_v3']) retrieved from /media/PythonProjects/66.Spotify_ETL/venv/lib/python3.8/site-packages/airflow/example_dags/example_branch_python_dop_operator_3.py
[2021-06-06 06:40:48,137] {logging_mixin.py:104} INFO - [2021-06-06 06:40:48,137] {dag.py:1832} INFO - Sync 1 DAGs
[2021-06-06 06:40:48,163] {logging_mixin.py:104} INFO - [2021-06-06 06:40:48,163] {dag.py:2305} INFO - Setting next_dagrun for example_branch_dop_operator_v3 to 2021-06-04 00:00:00+00:00
[2021-06-06 06:40:48,182] {scheduler_job.py:190} INFO - Processing /media/PythonProjects/66.Spotify_ETL/venv/lib/python3.8/site-packages/airflow/example_dags/example_branch_python_dop_operator_3.py took 0.093 seconds
[2021-06-06 06:41:21,731] {scheduler_job.py:182} INFO - Started process (PID=3383) to work on /media/PythonProjects/66.Spotify_ETL/venv/lib/python3.8/site-packages/airflow/example_dags/example_branch_python_dop_operator_3.py
[2021-06-06 06:41:21,733] {scheduler_job.py:633} INFO - Processing file /media/PythonProjects/66.Spotify_ETL/venv/lib/python3.8/site-packages/airflow/example_dags/example_branch_python_dop_operator_3.py for tasks to queue
[2021-06-06 06:41:21,734] {logging_mixin.py:104} INFO - [2021-06-06 06:41:21,734] {dagbag.py:487} INFO - Filling up the DagBag from /media/PythonProjects/66.Spotify_ETL/venv/lib/python3.8/site-packages/airflow/example_dags/example_branch_python_dop_operator_3.py
[2021-06-06 06:41:21,748] {scheduler_job.py:643} INFO - DAG(s) dict_keys(['example_branch_dop_operator_v3']) retrieved from /media/PythonProjects/66.Spotify_ETL/venv/lib/python3.8/site-packages/airflow/example_dags/example_branch_python_dop_operator_3.py
[2021-06-06 06:41:21,763] {logging_mixin.py:104} INFO - [2021-06-06 06:41:21,763] {dag.py:1832} INFO - Sync 1 DAGs
[2021-06-06 06:41:21,779] {logging_mixin.py:104} INFO - [2021-06-06 06:41:21,779] {dag.py:2305} INFO - Setting next_dagrun for example_branch_dop_operator_v3 to 2021-06-04 00:00:00+00:00
[2021-06-06 06:41:21,801] {scheduler_job.py:190} INFO - Processing /media/PythonProjects/66.Spotify_ETL/venv/lib/python3.8/site-packages/airflow/example_dags/example_branch_python_dop_operator_3.py took 0.077 seconds
[2021-06-06 06:41:54,236] {scheduler_job.py:182} INFO - Started process (PID=3441) to work on /media/PythonProjects/66.Spotify_ETL/venv/lib/python3.8/site-packages/airflow/example_dags/example_branch_python_dop_operator_3.py
[2021-06-06 06:41:54,237] {scheduler_job.py:633} INFO - Processing file /media/PythonProjects/66.Spotify_ETL/venv/lib/python3.8/site-packages/airflow/example_dags/example_branch_python_dop_operator_3.py for tasks to queue
[2021-06-06 06:41:54,238] {logging_mixin.py:104} INFO - [2021-06-06 06:41:54,238] {dagbag.py:487} INFO - Filling up the DagBag from /media/PythonProjects/66.Spotify_ETL/venv/lib/python3.8/site-packages/airflow/example_dags/example_branch_python_dop_operator_3.py
[2021-06-06 06:41:54,253] {scheduler_job.py:643} INFO - DAG(s) dict_keys(['example_branch_dop_operator_v3']) retrieved from /media/PythonProjects/66.Spotify_ETL/venv/lib/python3.8/site-packages/airflow/example_dags/example_branch_python_dop_operator_3.py
[2021-06-06 06:41:54,269] {logging_mixin.py:104} INFO - [2021-06-06 06:41:54,269] {dag.py:1832} INFO - Sync 1 DAGs
[2021-06-06 06:41:54,286] {logging_mixin.py:104} INFO - [2021-06-06 06:41:54,286] {dag.py:2305} INFO - Setting next_dagrun for example_branch_dop_operator_v3 to 2021-06-04 00:00:00+00:00
[2021-06-06 06:41:54,306] {scheduler_job.py:190} INFO - Processing /media/PythonProjects/66.Spotify_ETL/venv/lib/python3.8/site-packages/airflow/example_dags/example_branch_python_dop_operator_3.py took 0.074 seconds
[2021-06-06 06:42:26,852] {scheduler_job.py:182} INFO - Started process (PID=3498) to work on /media/PythonProjects/66.Spotify_ETL/venv/lib/python3.8/site-packages/airflow/example_dags/example_branch_python_dop_operator_3.py
[2021-06-06 06:42:26,855] {scheduler_job.py:633} INFO - Processing file /media/PythonProjects/66.Spotify_ETL/venv/lib/python3.8/site-packages/airflow/example_dags/example_branch_python_dop_operator_3.py for tasks to queue
[2021-06-06 06:42:26,856] {logging_mixin.py:104} INFO - [2021-06-06 06:42:26,855] {dagbag.py:487} INFO - Filling up the DagBag from /media/PythonProjects/66.Spotify_ETL/venv/lib/python3.8/site-packages/airflow/example_dags/example_branch_python_dop_operator_3.py
[2021-06-06 06:42:26,872] {scheduler_job.py:643} INFO - DAG(s) dict_keys(['example_branch_dop_operator_v3']) retrieved from /media/PythonProjects/66.Spotify_ETL/venv/lib/python3.8/site-packages/airflow/example_dags/example_branch_python_dop_operator_3.py
[2021-06-06 06:42:26,886] {logging_mixin.py:104} INFO - [2021-06-06 06:42:26,886] {dag.py:1832} INFO - Sync 1 DAGs
[2021-06-06 06:42:26,903] {logging_mixin.py:104} INFO - [2021-06-06 06:42:26,903] {dag.py:2305} INFO - Setting next_dagrun for example_branch_dop_operator_v3 to 2021-06-04 00:00:00+00:00
[2021-06-06 06:42:26,925] {scheduler_job.py:190} INFO - Processing /media/PythonProjects/66.Spotify_ETL/venv/lib/python3.8/site-packages/airflow/example_dags/example_branch_python_dop_operator_3.py took 0.079 seconds
[2021-06-06 06:43:00,169] {scheduler_job.py:182} INFO - Started process (PID=3557) to work on /media/PythonProjects/66.Spotify_ETL/venv/lib/python3.8/site-packages/airflow/example_dags/example_branch_python_dop_operator_3.py
[2021-06-06 06:43:00,171] {scheduler_job.py:633} INFO - Processing file /media/PythonProjects/66.Spotify_ETL/venv/lib/python3.8/site-packages/airflow/example_dags/example_branch_python_dop_operator_3.py for tasks to queue
[2021-06-06 06:43:00,172] {logging_mixin.py:104} INFO - [2021-06-06 06:43:00,172] {dagbag.py:487} INFO - Filling up the DagBag from /media/PythonProjects/66.Spotify_ETL/venv/lib/python3.8/site-packages/airflow/example_dags/example_branch_python_dop_operator_3.py
[2021-06-06 06:43:00,189] {scheduler_job.py:643} INFO - DAG(s) dict_keys(['example_branch_dop_operator_v3']) retrieved from /media/PythonProjects/66.Spotify_ETL/venv/lib/python3.8/site-packages/airflow/example_dags/example_branch_python_dop_operator_3.py
[2021-06-06 06:43:00,204] {logging_mixin.py:104} INFO - [2021-06-06 06:43:00,204] {dag.py:1832} INFO - Sync 1 DAGs
[2021-06-06 06:43:00,221] {logging_mixin.py:104} INFO - [2021-06-06 06:43:00,220] {dag.py:2305} INFO - Setting next_dagrun for example_branch_dop_operator_v3 to 2021-06-04 00:00:00+00:00
[2021-06-06 06:43:00,243] {scheduler_job.py:190} INFO - Processing /media/PythonProjects/66.Spotify_ETL/venv/lib/python3.8/site-packages/airflow/example_dags/example_branch_python_dop_operator_3.py took 0.079 seconds
[2021-06-06 06:43:33,704] {scheduler_job.py:182} INFO - Started process (PID=3618) to work on /media/PythonProjects/66.Spotify_ETL/venv/lib/python3.8/site-packages/airflow/example_dags/example_branch_python_dop_operator_3.py
[2021-06-06 06:43:33,707] {scheduler_job.py:633} INFO - Processing file /media/PythonProjects/66.Spotify_ETL/venv/lib/python3.8/site-packages/airflow/example_dags/example_branch_python_dop_operator_3.py for tasks to queue
[2021-06-06 06:43:33,709] {logging_mixin.py:104} INFO - [2021-06-06 06:43:33,708] {dagbag.py:487} INFO - Filling up the DagBag from /media/PythonProjects/66.Spotify_ETL/venv/lib/python3.8/site-packages/airflow/example_dags/example_branch_python_dop_operator_3.py
[2021-06-06 06:43:33,723] {scheduler_job.py:643} INFO - DAG(s) dict_keys(['example_branch_dop_operator_v3']) retrieved from /media/PythonProjects/66.Spotify_ETL/venv/lib/python3.8/site-packages/airflow/example_dags/example_branch_python_dop_operator_3.py
[2021-06-06 06:43:33,735] {logging_mixin.py:104} INFO - [2021-06-06 06:43:33,735] {dag.py:1832} INFO - Sync 1 DAGs
[2021-06-06 06:43:33,752] {logging_mixin.py:104} INFO - [2021-06-06 06:43:33,752] {dag.py:2305} INFO - Setting next_dagrun for example_branch_dop_operator_v3 to 2021-06-04 00:00:00+00:00
[2021-06-06 06:43:33,776] {scheduler_job.py:190} INFO - Processing /media/PythonProjects/66.Spotify_ETL/venv/lib/python3.8/site-packages/airflow/example_dags/example_branch_python_dop_operator_3.py took 0.078 seconds
[2021-06-06 06:44:06,409] {scheduler_job.py:182} INFO - Started process (PID=3676) to work on /media/PythonProjects/66.Spotify_ETL/venv/lib/python3.8/site-packages/airflow/example_dags/example_branch_python_dop_operator_3.py
[2021-06-06 06:44:06,411] {scheduler_job.py:633} INFO - Processing file /media/PythonProjects/66.Spotify_ETL/venv/lib/python3.8/site-packages/airflow/example_dags/example_branch_python_dop_operator_3.py for tasks to queue
[2021-06-06 06:44:06,411] {logging_mixin.py:104} INFO - [2021-06-06 06:44:06,411] {dagbag.py:487} INFO - Filling up the DagBag from /media/PythonProjects/66.Spotify_ETL/venv/lib/python3.8/site-packages/airflow/example_dags/example_branch_python_dop_operator_3.py
[2021-06-06 06:44:06,424] {scheduler_job.py:643} INFO - DAG(s) dict_keys(['example_branch_dop_operator_v3']) retrieved from /media/PythonProjects/66.Spotify_ETL/venv/lib/python3.8/site-packages/airflow/example_dags/example_branch_python_dop_operator_3.py
[2021-06-06 06:44:06,436] {logging_mixin.py:104} INFO - [2021-06-06 06:44:06,435] {dag.py:1832} INFO - Sync 1 DAGs
[2021-06-06 06:44:06,455] {logging_mixin.py:104} INFO - [2021-06-06 06:44:06,455] {dag.py:2305} INFO - Setting next_dagrun for example_branch_dop_operator_v3 to 2021-06-04 00:00:00+00:00
[2021-06-06 06:44:06,489] {scheduler_job.py:190} INFO - Processing /media/PythonProjects/66.Spotify_ETL/venv/lib/python3.8/site-packages/airflow/example_dags/example_branch_python_dop_operator_3.py took 0.083 seconds
[2021-06-06 06:44:46,297] {scheduler_job.py:182} INFO - Started process (PID=3740) to work on /media/PythonProjects/66.Spotify_ETL/venv/lib/python3.8/site-packages/airflow/example_dags/example_branch_python_dop_operator_3.py
[2021-06-06 06:44:46,298] {scheduler_job.py:633} INFO - Processing file /media/PythonProjects/66.Spotify_ETL/venv/lib/python3.8/site-packages/airflow/example_dags/example_branch_python_dop_operator_3.py for tasks to queue
[2021-06-06 06:44:46,299] {logging_mixin.py:104} INFO - [2021-06-06 06:44:46,299] {dagbag.py:487} INFO - Filling up the DagBag from /media/PythonProjects/66.Spotify_ETL/venv/lib/python3.8/site-packages/airflow/example_dags/example_branch_python_dop_operator_3.py
[2021-06-06 06:44:46,327] {scheduler_job.py:643} INFO - DAG(s) dict_keys(['example_branch_dop_operator_v3']) retrieved from /media/PythonProjects/66.Spotify_ETL/venv/lib/python3.8/site-packages/airflow/example_dags/example_branch_python_dop_operator_3.py
[2021-06-06 06:44:46,357] {logging_mixin.py:104} INFO - [2021-06-06 06:44:46,357] {dag.py:1832} INFO - Sync 1 DAGs
[2021-06-06 06:44:46,383] {logging_mixin.py:104} INFO - [2021-06-06 06:44:46,383] {dag.py:2305} INFO - Setting next_dagrun for example_branch_dop_operator_v3 to 2021-06-04 00:00:00+00:00
[2021-06-06 06:44:46,408] {scheduler_job.py:190} INFO - Processing /media/PythonProjects/66.Spotify_ETL/venv/lib/python3.8/site-packages/airflow/example_dags/example_branch_python_dop_operator_3.py took 0.116 seconds
[2021-06-06 06:45:18,993] {scheduler_job.py:182} INFO - Started process (PID=3827) to work on /media/PythonProjects/66.Spotify_ETL/venv/lib/python3.8/site-packages/airflow/example_dags/example_branch_python_dop_operator_3.py
[2021-06-06 06:45:18,995] {scheduler_job.py:633} INFO - Processing file /media/PythonProjects/66.Spotify_ETL/venv/lib/python3.8/site-packages/airflow/example_dags/example_branch_python_dop_operator_3.py for tasks to queue
[2021-06-06 06:45:18,996] {logging_mixin.py:104} INFO - [2021-06-06 06:45:18,995] {dagbag.py:487} INFO - Filling up the DagBag from /media/PythonProjects/66.Spotify_ETL/venv/lib/python3.8/site-packages/airflow/example_dags/example_branch_python_dop_operator_3.py
[2021-06-06 06:45:19,011] {scheduler_job.py:643} INFO - DAG(s) dict_keys(['example_branch_dop_operator_v3']) retrieved from /media/PythonProjects/66.Spotify_ETL/venv/lib/python3.8/site-packages/airflow/example_dags/example_branch_python_dop_operator_3.py
[2021-06-06 06:45:19,026] {logging_mixin.py:104} INFO - [2021-06-06 06:45:19,026] {dag.py:1832} INFO - Sync 1 DAGs
[2021-06-06 06:45:19,059] {logging_mixin.py:104} INFO - [2021-06-06 06:45:19,059] {dag.py:2305} INFO - Setting next_dagrun for example_branch_dop_operator_v3 to 2021-06-04 00:00:00+00:00
[2021-06-06 06:45:19,104] {scheduler_job.py:190} INFO - Processing /media/PythonProjects/66.Spotify_ETL/venv/lib/python3.8/site-packages/airflow/example_dags/example_branch_python_dop_operator_3.py took 0.115 seconds
[2021-06-06 06:45:52,528] {scheduler_job.py:182} INFO - Started process (PID=4072) to work on /media/PythonProjects/66.Spotify_ETL/venv/lib/python3.8/site-packages/airflow/example_dags/example_branch_python_dop_operator_3.py
[2021-06-06 06:45:52,531] {scheduler_job.py:633} INFO - Processing file /media/PythonProjects/66.Spotify_ETL/venv/lib/python3.8/site-packages/airflow/example_dags/example_branch_python_dop_operator_3.py for tasks to queue
[2021-06-06 06:45:52,532] {logging_mixin.py:104} INFO - [2021-06-06 06:45:52,532] {dagbag.py:487} INFO - Filling up the DagBag from /media/PythonProjects/66.Spotify_ETL/venv/lib/python3.8/site-packages/airflow/example_dags/example_branch_python_dop_operator_3.py
[2021-06-06 06:45:52,552] {scheduler_job.py:643} INFO - DAG(s) dict_keys(['example_branch_dop_operator_v3']) retrieved from /media/PythonProjects/66.Spotify_ETL/venv/lib/python3.8/site-packages/airflow/example_dags/example_branch_python_dop_operator_3.py
[2021-06-06 06:45:52,568] {logging_mixin.py:104} INFO - [2021-06-06 06:45:52,568] {dag.py:1832} INFO - Sync 1 DAGs
[2021-06-06 06:45:52,590] {logging_mixin.py:104} INFO - [2021-06-06 06:45:52,590] {dag.py:2305} INFO - Setting next_dagrun for example_branch_dop_operator_v3 to 2021-06-04 00:00:00+00:00
[2021-06-06 06:45:52,609] {scheduler_job.py:190} INFO - Processing /media/PythonProjects/66.Spotify_ETL/venv/lib/python3.8/site-packages/airflow/example_dags/example_branch_python_dop_operator_3.py took 0.088 seconds
