<<<<<<< HEAD
[2021-06-06 06:32:19,460] {scheduler_job.py:182} INFO - Started process (PID=2409) to work on /media/PythonProjects/66.Spotify_ETL/venv/lib/python3.8/site-packages/airflow/example_dags/example_trigger_controller_dag.py
[2021-06-06 06:32:19,462] {scheduler_job.py:633} INFO - Processing file /media/PythonProjects/66.Spotify_ETL/venv/lib/python3.8/site-packages/airflow/example_dags/example_trigger_controller_dag.py for tasks to queue
[2021-06-06 06:32:19,463] {logging_mixin.py:104} INFO - [2021-06-06 06:32:19,462] {dagbag.py:487} INFO - Filling up the DagBag from /media/PythonProjects/66.Spotify_ETL/venv/lib/python3.8/site-packages/airflow/example_dags/example_trigger_controller_dag.py
[2021-06-06 06:32:19,499] {scheduler_job.py:643} INFO - DAG(s) dict_keys(['example_trigger_controller_dag']) retrieved from /media/PythonProjects/66.Spotify_ETL/venv/lib/python3.8/site-packages/airflow/example_dags/example_trigger_controller_dag.py
[2021-06-06 06:32:19,547] {logging_mixin.py:104} INFO - [2021-06-06 06:32:19,546] {dag.py:1832} INFO - Sync 1 DAGs
[2021-06-06 06:32:19,597] {logging_mixin.py:104} INFO - [2021-06-06 06:32:19,597] {dag.py:2305} INFO - Setting next_dagrun for example_trigger_controller_dag to 2021-06-04 00:00:00+00:00
[2021-06-06 06:32:19,687] {scheduler_job.py:190} INFO - Processing /media/PythonProjects/66.Spotify_ETL/venv/lib/python3.8/site-packages/airflow/example_dags/example_trigger_controller_dag.py took 0.241 seconds
[2021-06-06 06:32:55,871] {scheduler_job.py:182} INFO - Started process (PID=2495) to work on /media/PythonProjects/66.Spotify_ETL/venv/lib/python3.8/site-packages/airflow/example_dags/example_trigger_controller_dag.py
[2021-06-06 06:32:55,873] {scheduler_job.py:633} INFO - Processing file /media/PythonProjects/66.Spotify_ETL/venv/lib/python3.8/site-packages/airflow/example_dags/example_trigger_controller_dag.py for tasks to queue
[2021-06-06 06:32:55,874] {logging_mixin.py:104} INFO - [2021-06-06 06:32:55,874] {dagbag.py:487} INFO - Filling up the DagBag from /media/PythonProjects/66.Spotify_ETL/venv/lib/python3.8/site-packages/airflow/example_dags/example_trigger_controller_dag.py
[2021-06-06 06:32:55,898] {scheduler_job.py:643} INFO - DAG(s) dict_keys(['example_trigger_controller_dag']) retrieved from /media/PythonProjects/66.Spotify_ETL/venv/lib/python3.8/site-packages/airflow/example_dags/example_trigger_controller_dag.py
[2021-06-06 06:32:55,917] {logging_mixin.py:104} INFO - [2021-06-06 06:32:55,916] {dag.py:1832} INFO - Sync 1 DAGs
[2021-06-06 06:32:55,934] {logging_mixin.py:104} INFO - [2021-06-06 06:32:55,934] {dag.py:2305} INFO - Setting next_dagrun for example_trigger_controller_dag to 2021-06-04 00:00:00+00:00
[2021-06-06 06:32:55,958] {scheduler_job.py:190} INFO - Processing /media/PythonProjects/66.Spotify_ETL/venv/lib/python3.8/site-packages/airflow/example_dags/example_trigger_controller_dag.py took 0.096 seconds
[2021-06-06 06:33:29,533] {scheduler_job.py:182} INFO - Started process (PID=2552) to work on /media/PythonProjects/66.Spotify_ETL/venv/lib/python3.8/site-packages/airflow/example_dags/example_trigger_controller_dag.py
[2021-06-06 06:33:29,536] {scheduler_job.py:633} INFO - Processing file /media/PythonProjects/66.Spotify_ETL/venv/lib/python3.8/site-packages/airflow/example_dags/example_trigger_controller_dag.py for tasks to queue
[2021-06-06 06:33:29,538] {logging_mixin.py:104} INFO - [2021-06-06 06:33:29,537] {dagbag.py:487} INFO - Filling up the DagBag from /media/PythonProjects/66.Spotify_ETL/venv/lib/python3.8/site-packages/airflow/example_dags/example_trigger_controller_dag.py
[2021-06-06 06:33:29,554] {scheduler_job.py:643} INFO - DAG(s) dict_keys(['example_trigger_controller_dag']) retrieved from /media/PythonProjects/66.Spotify_ETL/venv/lib/python3.8/site-packages/airflow/example_dags/example_trigger_controller_dag.py
[2021-06-06 06:33:29,566] {logging_mixin.py:104} INFO - [2021-06-06 06:33:29,566] {dag.py:1832} INFO - Sync 1 DAGs
[2021-06-06 06:33:29,576] {logging_mixin.py:104} INFO - [2021-06-06 06:33:29,576] {dag.py:2305} INFO - Setting next_dagrun for example_trigger_controller_dag to 2021-06-04 00:00:00+00:00
[2021-06-06 06:33:29,596] {scheduler_job.py:190} INFO - Processing /media/PythonProjects/66.Spotify_ETL/venv/lib/python3.8/site-packages/airflow/example_dags/example_trigger_controller_dag.py took 0.069 seconds
[2021-06-06 06:34:07,246] {scheduler_job.py:182} INFO - Started process (PID=2614) to work on /media/PythonProjects/66.Spotify_ETL/venv/lib/python3.8/site-packages/airflow/example_dags/example_trigger_controller_dag.py
[2021-06-06 06:34:07,248] {scheduler_job.py:633} INFO - Processing file /media/PythonProjects/66.Spotify_ETL/venv/lib/python3.8/site-packages/airflow/example_dags/example_trigger_controller_dag.py for tasks to queue
[2021-06-06 06:34:07,249] {logging_mixin.py:104} INFO - [2021-06-06 06:34:07,249] {dagbag.py:487} INFO - Filling up the DagBag from /media/PythonProjects/66.Spotify_ETL/venv/lib/python3.8/site-packages/airflow/example_dags/example_trigger_controller_dag.py
[2021-06-06 06:34:07,272] {scheduler_job.py:643} INFO - DAG(s) dict_keys(['example_trigger_controller_dag']) retrieved from /media/PythonProjects/66.Spotify_ETL/venv/lib/python3.8/site-packages/airflow/example_dags/example_trigger_controller_dag.py
[2021-06-06 06:34:07,295] {logging_mixin.py:104} INFO - [2021-06-06 06:34:07,295] {dag.py:1832} INFO - Sync 1 DAGs
[2021-06-06 06:34:07,322] {logging_mixin.py:104} INFO - [2021-06-06 06:34:07,321] {dag.py:2305} INFO - Setting next_dagrun for example_trigger_controller_dag to 2021-06-04 00:00:00+00:00
[2021-06-06 06:34:07,370] {scheduler_job.py:190} INFO - Processing /media/PythonProjects/66.Spotify_ETL/venv/lib/python3.8/site-packages/airflow/example_dags/example_trigger_controller_dag.py took 0.133 seconds
[2021-06-06 06:34:40,989] {scheduler_job.py:182} INFO - Started process (PID=2675) to work on /media/PythonProjects/66.Spotify_ETL/venv/lib/python3.8/site-packages/airflow/example_dags/example_trigger_controller_dag.py
[2021-06-06 06:34:40,991] {scheduler_job.py:633} INFO - Processing file /media/PythonProjects/66.Spotify_ETL/venv/lib/python3.8/site-packages/airflow/example_dags/example_trigger_controller_dag.py for tasks to queue
[2021-06-06 06:34:40,992] {logging_mixin.py:104} INFO - [2021-06-06 06:34:40,992] {dagbag.py:487} INFO - Filling up the DagBag from /media/PythonProjects/66.Spotify_ETL/venv/lib/python3.8/site-packages/airflow/example_dags/example_trigger_controller_dag.py
[2021-06-06 06:34:41,002] {scheduler_job.py:643} INFO - DAG(s) dict_keys(['example_trigger_controller_dag']) retrieved from /media/PythonProjects/66.Spotify_ETL/venv/lib/python3.8/site-packages/airflow/example_dags/example_trigger_controller_dag.py
[2021-06-06 06:34:41,015] {logging_mixin.py:104} INFO - [2021-06-06 06:34:41,015] {dag.py:1832} INFO - Sync 1 DAGs
[2021-06-06 06:34:41,025] {logging_mixin.py:104} INFO - [2021-06-06 06:34:41,025] {dag.py:2305} INFO - Setting next_dagrun for example_trigger_controller_dag to 2021-06-04 00:00:00+00:00
[2021-06-06 06:34:41,044] {scheduler_job.py:190} INFO - Processing /media/PythonProjects/66.Spotify_ETL/venv/lib/python3.8/site-packages/airflow/example_dags/example_trigger_controller_dag.py took 0.059 seconds
[2021-06-06 06:35:14,505] {scheduler_job.py:182} INFO - Started process (PID=2737) to work on /media/PythonProjects/66.Spotify_ETL/venv/lib/python3.8/site-packages/airflow/example_dags/example_trigger_controller_dag.py
[2021-06-06 06:35:14,506] {scheduler_job.py:633} INFO - Processing file /media/PythonProjects/66.Spotify_ETL/venv/lib/python3.8/site-packages/airflow/example_dags/example_trigger_controller_dag.py for tasks to queue
[2021-06-06 06:35:14,507] {logging_mixin.py:104} INFO - [2021-06-06 06:35:14,507] {dagbag.py:487} INFO - Filling up the DagBag from /media/PythonProjects/66.Spotify_ETL/venv/lib/python3.8/site-packages/airflow/example_dags/example_trigger_controller_dag.py
[2021-06-06 06:35:14,517] {scheduler_job.py:643} INFO - DAG(s) dict_keys(['example_trigger_controller_dag']) retrieved from /media/PythonProjects/66.Spotify_ETL/venv/lib/python3.8/site-packages/airflow/example_dags/example_trigger_controller_dag.py
[2021-06-06 06:35:14,530] {logging_mixin.py:104} INFO - [2021-06-06 06:35:14,530] {dag.py:1832} INFO - Sync 1 DAGs
[2021-06-06 06:35:14,540] {logging_mixin.py:104} INFO - [2021-06-06 06:35:14,540] {dag.py:2305} INFO - Setting next_dagrun for example_trigger_controller_dag to 2021-06-04 00:00:00+00:00
[2021-06-06 06:35:14,564] {scheduler_job.py:190} INFO - Processing /media/PythonProjects/66.Spotify_ETL/venv/lib/python3.8/site-packages/airflow/example_dags/example_trigger_controller_dag.py took 0.061 seconds
[2021-06-06 06:35:47,713] {scheduler_job.py:182} INFO - Started process (PID=2798) to work on /media/PythonProjects/66.Spotify_ETL/venv/lib/python3.8/site-packages/airflow/example_dags/example_trigger_controller_dag.py
[2021-06-06 06:35:47,714] {scheduler_job.py:633} INFO - Processing file /media/PythonProjects/66.Spotify_ETL/venv/lib/python3.8/site-packages/airflow/example_dags/example_trigger_controller_dag.py for tasks to queue
[2021-06-06 06:35:47,714] {logging_mixin.py:104} INFO - [2021-06-06 06:35:47,714] {dagbag.py:487} INFO - Filling up the DagBag from /media/PythonProjects/66.Spotify_ETL/venv/lib/python3.8/site-packages/airflow/example_dags/example_trigger_controller_dag.py
[2021-06-06 06:35:47,723] {scheduler_job.py:643} INFO - DAG(s) dict_keys(['example_trigger_controller_dag']) retrieved from /media/PythonProjects/66.Spotify_ETL/venv/lib/python3.8/site-packages/airflow/example_dags/example_trigger_controller_dag.py
[2021-06-06 06:35:47,735] {logging_mixin.py:104} INFO - [2021-06-06 06:35:47,735] {dag.py:1832} INFO - Sync 1 DAGs
[2021-06-06 06:35:47,745] {logging_mixin.py:104} INFO - [2021-06-06 06:35:47,745] {dag.py:2305} INFO - Setting next_dagrun for example_trigger_controller_dag to 2021-06-04 00:00:00+00:00
[2021-06-06 06:35:47,767] {scheduler_job.py:190} INFO - Processing /media/PythonProjects/66.Spotify_ETL/venv/lib/python3.8/site-packages/airflow/example_dags/example_trigger_controller_dag.py took 0.057 seconds
[2021-06-06 06:36:21,114] {scheduler_job.py:182} INFO - Started process (PID=2859) to work on /media/PythonProjects/66.Spotify_ETL/venv/lib/python3.8/site-packages/airflow/example_dags/example_trigger_controller_dag.py
[2021-06-06 06:36:21,115] {scheduler_job.py:633} INFO - Processing file /media/PythonProjects/66.Spotify_ETL/venv/lib/python3.8/site-packages/airflow/example_dags/example_trigger_controller_dag.py for tasks to queue
[2021-06-06 06:36:21,116] {logging_mixin.py:104} INFO - [2021-06-06 06:36:21,116] {dagbag.py:487} INFO - Filling up the DagBag from /media/PythonProjects/66.Spotify_ETL/venv/lib/python3.8/site-packages/airflow/example_dags/example_trigger_controller_dag.py
[2021-06-06 06:36:21,127] {scheduler_job.py:643} INFO - DAG(s) dict_keys(['example_trigger_controller_dag']) retrieved from /media/PythonProjects/66.Spotify_ETL/venv/lib/python3.8/site-packages/airflow/example_dags/example_trigger_controller_dag.py
[2021-06-06 06:36:21,142] {logging_mixin.py:104} INFO - [2021-06-06 06:36:21,142] {dag.py:1832} INFO - Sync 1 DAGs
[2021-06-06 06:36:21,156] {logging_mixin.py:104} INFO - [2021-06-06 06:36:21,156] {dag.py:2305} INFO - Setting next_dagrun for example_trigger_controller_dag to 2021-06-04 00:00:00+00:00
[2021-06-06 06:36:21,189] {scheduler_job.py:190} INFO - Processing /media/PythonProjects/66.Spotify_ETL/venv/lib/python3.8/site-packages/airflow/example_dags/example_trigger_controller_dag.py took 0.078 seconds
[2021-06-06 06:36:52,935] {scheduler_job.py:182} INFO - Started process (PID=2916) to work on /media/PythonProjects/66.Spotify_ETL/venv/lib/python3.8/site-packages/airflow/example_dags/example_trigger_controller_dag.py
[2021-06-06 06:36:52,936] {scheduler_job.py:633} INFO - Processing file /media/PythonProjects/66.Spotify_ETL/venv/lib/python3.8/site-packages/airflow/example_dags/example_trigger_controller_dag.py for tasks to queue
[2021-06-06 06:36:52,937] {logging_mixin.py:104} INFO - [2021-06-06 06:36:52,937] {dagbag.py:487} INFO - Filling up the DagBag from /media/PythonProjects/66.Spotify_ETL/venv/lib/python3.8/site-packages/airflow/example_dags/example_trigger_controller_dag.py
[2021-06-06 06:36:52,947] {scheduler_job.py:643} INFO - DAG(s) dict_keys(['example_trigger_controller_dag']) retrieved from /media/PythonProjects/66.Spotify_ETL/venv/lib/python3.8/site-packages/airflow/example_dags/example_trigger_controller_dag.py
[2021-06-06 06:36:52,959] {logging_mixin.py:104} INFO - [2021-06-06 06:36:52,959] {dag.py:1832} INFO - Sync 1 DAGs
[2021-06-06 06:36:52,970] {logging_mixin.py:104} INFO - [2021-06-06 06:36:52,970] {dag.py:2305} INFO - Setting next_dagrun for example_trigger_controller_dag to 2021-06-04 00:00:00+00:00
[2021-06-06 06:36:52,995] {scheduler_job.py:190} INFO - Processing /media/PythonProjects/66.Spotify_ETL/venv/lib/python3.8/site-packages/airflow/example_dags/example_trigger_controller_dag.py took 0.063 seconds
[2021-06-06 06:37:25,509] {scheduler_job.py:182} INFO - Started process (PID=2975) to work on /media/PythonProjects/66.Spotify_ETL/venv/lib/python3.8/site-packages/airflow/example_dags/example_trigger_controller_dag.py
[2021-06-06 06:37:25,511] {scheduler_job.py:633} INFO - Processing file /media/PythonProjects/66.Spotify_ETL/venv/lib/python3.8/site-packages/airflow/example_dags/example_trigger_controller_dag.py for tasks to queue
[2021-06-06 06:37:25,512] {logging_mixin.py:104} INFO - [2021-06-06 06:37:25,512] {dagbag.py:487} INFO - Filling up the DagBag from /media/PythonProjects/66.Spotify_ETL/venv/lib/python3.8/site-packages/airflow/example_dags/example_trigger_controller_dag.py
[2021-06-06 06:37:25,526] {scheduler_job.py:643} INFO - DAG(s) dict_keys(['example_trigger_controller_dag']) retrieved from /media/PythonProjects/66.Spotify_ETL/venv/lib/python3.8/site-packages/airflow/example_dags/example_trigger_controller_dag.py
[2021-06-06 06:37:25,545] {logging_mixin.py:104} INFO - [2021-06-06 06:37:25,545] {dag.py:1832} INFO - Sync 1 DAGs
[2021-06-06 06:37:25,573] {logging_mixin.py:104} INFO - [2021-06-06 06:37:25,573] {dag.py:2305} INFO - Setting next_dagrun for example_trigger_controller_dag to 2021-06-04 00:00:00+00:00
[2021-06-06 06:37:25,602] {scheduler_job.py:190} INFO - Processing /media/PythonProjects/66.Spotify_ETL/venv/lib/python3.8/site-packages/airflow/example_dags/example_trigger_controller_dag.py took 0.097 seconds
[2021-06-06 06:38:00,425] {scheduler_job.py:182} INFO - Started process (PID=3037) to work on /media/PythonProjects/66.Spotify_ETL/venv/lib/python3.8/site-packages/airflow/example_dags/example_trigger_controller_dag.py
[2021-06-06 06:38:00,427] {scheduler_job.py:633} INFO - Processing file /media/PythonProjects/66.Spotify_ETL/venv/lib/python3.8/site-packages/airflow/example_dags/example_trigger_controller_dag.py for tasks to queue
[2021-06-06 06:38:00,427] {logging_mixin.py:104} INFO - [2021-06-06 06:38:00,427] {dagbag.py:487} INFO - Filling up the DagBag from /media/PythonProjects/66.Spotify_ETL/venv/lib/python3.8/site-packages/airflow/example_dags/example_trigger_controller_dag.py
[2021-06-06 06:38:00,438] {scheduler_job.py:643} INFO - DAG(s) dict_keys(['example_trigger_controller_dag']) retrieved from /media/PythonProjects/66.Spotify_ETL/venv/lib/python3.8/site-packages/airflow/example_dags/example_trigger_controller_dag.py
[2021-06-06 06:38:00,451] {logging_mixin.py:104} INFO - [2021-06-06 06:38:00,451] {dag.py:1832} INFO - Sync 1 DAGs
[2021-06-06 06:38:00,462] {logging_mixin.py:104} INFO - [2021-06-06 06:38:00,462] {dag.py:2305} INFO - Setting next_dagrun for example_trigger_controller_dag to 2021-06-04 00:00:00+00:00
[2021-06-06 06:38:00,484] {scheduler_job.py:190} INFO - Processing /media/PythonProjects/66.Spotify_ETL/venv/lib/python3.8/site-packages/airflow/example_dags/example_trigger_controller_dag.py took 0.061 seconds
[2021-06-06 06:38:32,317] {scheduler_job.py:182} INFO - Started process (PID=3093) to work on /media/PythonProjects/66.Spotify_ETL/venv/lib/python3.8/site-packages/airflow/example_dags/example_trigger_controller_dag.py
[2021-06-06 06:38:32,318] {scheduler_job.py:633} INFO - Processing file /media/PythonProjects/66.Spotify_ETL/venv/lib/python3.8/site-packages/airflow/example_dags/example_trigger_controller_dag.py for tasks to queue
[2021-06-06 06:38:32,319] {logging_mixin.py:104} INFO - [2021-06-06 06:38:32,319] {dagbag.py:487} INFO - Filling up the DagBag from /media/PythonProjects/66.Spotify_ETL/venv/lib/python3.8/site-packages/airflow/example_dags/example_trigger_controller_dag.py
[2021-06-06 06:38:32,331] {scheduler_job.py:643} INFO - DAG(s) dict_keys(['example_trigger_controller_dag']) retrieved from /media/PythonProjects/66.Spotify_ETL/venv/lib/python3.8/site-packages/airflow/example_dags/example_trigger_controller_dag.py
[2021-06-06 06:38:32,345] {logging_mixin.py:104} INFO - [2021-06-06 06:38:32,345] {dag.py:1832} INFO - Sync 1 DAGs
[2021-06-06 06:38:32,356] {logging_mixin.py:104} INFO - [2021-06-06 06:38:32,356] {dag.py:2305} INFO - Setting next_dagrun for example_trigger_controller_dag to 2021-06-04 00:00:00+00:00
[2021-06-06 06:38:32,376] {scheduler_job.py:190} INFO - Processing /media/PythonProjects/66.Spotify_ETL/venv/lib/python3.8/site-packages/airflow/example_dags/example_trigger_controller_dag.py took 0.062 seconds
[2021-06-06 06:39:06,379] {scheduler_job.py:182} INFO - Started process (PID=3151) to work on /media/PythonProjects/66.Spotify_ETL/venv/lib/python3.8/site-packages/airflow/example_dags/example_trigger_controller_dag.py
[2021-06-06 06:39:06,382] {scheduler_job.py:633} INFO - Processing file /media/PythonProjects/66.Spotify_ETL/venv/lib/python3.8/site-packages/airflow/example_dags/example_trigger_controller_dag.py for tasks to queue
[2021-06-06 06:39:06,383] {logging_mixin.py:104} INFO - [2021-06-06 06:39:06,383] {dagbag.py:487} INFO - Filling up the DagBag from /media/PythonProjects/66.Spotify_ETL/venv/lib/python3.8/site-packages/airflow/example_dags/example_trigger_controller_dag.py
[2021-06-06 06:39:06,394] {scheduler_job.py:643} INFO - DAG(s) dict_keys(['example_trigger_controller_dag']) retrieved from /media/PythonProjects/66.Spotify_ETL/venv/lib/python3.8/site-packages/airflow/example_dags/example_trigger_controller_dag.py
[2021-06-06 06:39:06,407] {logging_mixin.py:104} INFO - [2021-06-06 06:39:06,407] {dag.py:1832} INFO - Sync 1 DAGs
[2021-06-06 06:39:06,419] {logging_mixin.py:104} INFO - [2021-06-06 06:39:06,418] {dag.py:2305} INFO - Setting next_dagrun for example_trigger_controller_dag to 2021-06-04 00:00:00+00:00
[2021-06-06 06:39:06,440] {scheduler_job.py:190} INFO - Processing /media/PythonProjects/66.Spotify_ETL/venv/lib/python3.8/site-packages/airflow/example_dags/example_trigger_controller_dag.py took 0.065 seconds
[2021-06-06 06:39:39,810] {scheduler_job.py:182} INFO - Started process (PID=3209) to work on /media/PythonProjects/66.Spotify_ETL/venv/lib/python3.8/site-packages/airflow/example_dags/example_trigger_controller_dag.py
[2021-06-06 06:39:39,815] {scheduler_job.py:633} INFO - Processing file /media/PythonProjects/66.Spotify_ETL/venv/lib/python3.8/site-packages/airflow/example_dags/example_trigger_controller_dag.py for tasks to queue
[2021-06-06 06:39:39,816] {logging_mixin.py:104} INFO - [2021-06-06 06:39:39,816] {dagbag.py:487} INFO - Filling up the DagBag from /media/PythonProjects/66.Spotify_ETL/venv/lib/python3.8/site-packages/airflow/example_dags/example_trigger_controller_dag.py
[2021-06-06 06:39:39,834] {scheduler_job.py:643} INFO - DAG(s) dict_keys(['example_trigger_controller_dag']) retrieved from /media/PythonProjects/66.Spotify_ETL/venv/lib/python3.8/site-packages/airflow/example_dags/example_trigger_controller_dag.py
[2021-06-06 06:39:39,860] {logging_mixin.py:104} INFO - [2021-06-06 06:39:39,860] {dag.py:1832} INFO - Sync 1 DAGs
[2021-06-06 06:39:39,878] {logging_mixin.py:104} INFO - [2021-06-06 06:39:39,878] {dag.py:2305} INFO - Setting next_dagrun for example_trigger_controller_dag to 2021-06-04 00:00:00+00:00
[2021-06-06 06:39:39,910] {scheduler_job.py:190} INFO - Processing /media/PythonProjects/66.Spotify_ETL/venv/lib/python3.8/site-packages/airflow/example_dags/example_trigger_controller_dag.py took 0.104 seconds
[2021-06-06 06:40:15,521] {scheduler_job.py:182} INFO - Started process (PID=3268) to work on /media/PythonProjects/66.Spotify_ETL/venv/lib/python3.8/site-packages/airflow/example_dags/example_trigger_controller_dag.py
[2021-06-06 06:40:15,522] {scheduler_job.py:633} INFO - Processing file /media/PythonProjects/66.Spotify_ETL/venv/lib/python3.8/site-packages/airflow/example_dags/example_trigger_controller_dag.py for tasks to queue
[2021-06-06 06:40:15,526] {logging_mixin.py:104} INFO - [2021-06-06 06:40:15,523] {dagbag.py:487} INFO - Filling up the DagBag from /media/PythonProjects/66.Spotify_ETL/venv/lib/python3.8/site-packages/airflow/example_dags/example_trigger_controller_dag.py
[2021-06-06 06:40:15,542] {scheduler_job.py:643} INFO - DAG(s) dict_keys(['example_trigger_controller_dag']) retrieved from /media/PythonProjects/66.Spotify_ETL/venv/lib/python3.8/site-packages/airflow/example_dags/example_trigger_controller_dag.py
[2021-06-06 06:40:15,574] {logging_mixin.py:104} INFO - [2021-06-06 06:40:15,573] {dag.py:1832} INFO - Sync 1 DAGs
[2021-06-06 06:40:15,605] {logging_mixin.py:104} INFO - [2021-06-06 06:40:15,605] {dag.py:2305} INFO - Setting next_dagrun for example_trigger_controller_dag to 2021-06-04 00:00:00+00:00
[2021-06-06 06:40:15,642] {scheduler_job.py:190} INFO - Processing /media/PythonProjects/66.Spotify_ETL/venv/lib/python3.8/site-packages/airflow/example_dags/example_trigger_controller_dag.py took 0.128 seconds
[2021-06-06 06:40:49,264] {scheduler_job.py:182} INFO - Started process (PID=3326) to work on /media/PythonProjects/66.Spotify_ETL/venv/lib/python3.8/site-packages/airflow/example_dags/example_trigger_controller_dag.py
[2021-06-06 06:40:49,267] {scheduler_job.py:633} INFO - Processing file /media/PythonProjects/66.Spotify_ETL/venv/lib/python3.8/site-packages/airflow/example_dags/example_trigger_controller_dag.py for tasks to queue
[2021-06-06 06:40:49,270] {logging_mixin.py:104} INFO - [2021-06-06 06:40:49,270] {dagbag.py:487} INFO - Filling up the DagBag from /media/PythonProjects/66.Spotify_ETL/venv/lib/python3.8/site-packages/airflow/example_dags/example_trigger_controller_dag.py
[2021-06-06 06:40:49,299] {scheduler_job.py:643} INFO - DAG(s) dict_keys(['example_trigger_controller_dag']) retrieved from /media/PythonProjects/66.Spotify_ETL/venv/lib/python3.8/site-packages/airflow/example_dags/example_trigger_controller_dag.py
[2021-06-06 06:40:49,315] {logging_mixin.py:104} INFO - [2021-06-06 06:40:49,315] {dag.py:1832} INFO - Sync 1 DAGs
[2021-06-06 06:40:49,330] {logging_mixin.py:104} INFO - [2021-06-06 06:40:49,330] {dag.py:2305} INFO - Setting next_dagrun for example_trigger_controller_dag to 2021-06-04 00:00:00+00:00
[2021-06-06 06:40:49,349] {scheduler_job.py:190} INFO - Processing /media/PythonProjects/66.Spotify_ETL/venv/lib/python3.8/site-packages/airflow/example_dags/example_trigger_controller_dag.py took 0.092 seconds
[2021-06-06 06:41:22,867] {scheduler_job.py:182} INFO - Started process (PID=3385) to work on /media/PythonProjects/66.Spotify_ETL/venv/lib/python3.8/site-packages/airflow/example_dags/example_trigger_controller_dag.py
[2021-06-06 06:41:22,869] {scheduler_job.py:633} INFO - Processing file /media/PythonProjects/66.Spotify_ETL/venv/lib/python3.8/site-packages/airflow/example_dags/example_trigger_controller_dag.py for tasks to queue
[2021-06-06 06:41:22,870] {logging_mixin.py:104} INFO - [2021-06-06 06:41:22,870] {dagbag.py:487} INFO - Filling up the DagBag from /media/PythonProjects/66.Spotify_ETL/venv/lib/python3.8/site-packages/airflow/example_dags/example_trigger_controller_dag.py
[2021-06-06 06:41:22,882] {scheduler_job.py:643} INFO - DAG(s) dict_keys(['example_trigger_controller_dag']) retrieved from /media/PythonProjects/66.Spotify_ETL/venv/lib/python3.8/site-packages/airflow/example_dags/example_trigger_controller_dag.py
[2021-06-06 06:41:22,896] {logging_mixin.py:104} INFO - [2021-06-06 06:41:22,896] {dag.py:1832} INFO - Sync 1 DAGs
[2021-06-06 06:41:22,907] {logging_mixin.py:104} INFO - [2021-06-06 06:41:22,907] {dag.py:2305} INFO - Setting next_dagrun for example_trigger_controller_dag to 2021-06-04 00:00:00+00:00
[2021-06-06 06:41:22,926] {scheduler_job.py:190} INFO - Processing /media/PythonProjects/66.Spotify_ETL/venv/lib/python3.8/site-packages/airflow/example_dags/example_trigger_controller_dag.py took 0.063 seconds
[2021-06-06 06:41:55,406] {scheduler_job.py:182} INFO - Started process (PID=3443) to work on /media/PythonProjects/66.Spotify_ETL/venv/lib/python3.8/site-packages/airflow/example_dags/example_trigger_controller_dag.py
[2021-06-06 06:41:55,407] {scheduler_job.py:633} INFO - Processing file /media/PythonProjects/66.Spotify_ETL/venv/lib/python3.8/site-packages/airflow/example_dags/example_trigger_controller_dag.py for tasks to queue
[2021-06-06 06:41:55,408] {logging_mixin.py:104} INFO - [2021-06-06 06:41:55,408] {dagbag.py:487} INFO - Filling up the DagBag from /media/PythonProjects/66.Spotify_ETL/venv/lib/python3.8/site-packages/airflow/example_dags/example_trigger_controller_dag.py
[2021-06-06 06:41:55,418] {scheduler_job.py:643} INFO - DAG(s) dict_keys(['example_trigger_controller_dag']) retrieved from /media/PythonProjects/66.Spotify_ETL/venv/lib/python3.8/site-packages/airflow/example_dags/example_trigger_controller_dag.py
[2021-06-06 06:41:55,431] {logging_mixin.py:104} INFO - [2021-06-06 06:41:55,431] {dag.py:1832} INFO - Sync 1 DAGs
[2021-06-06 06:41:55,442] {logging_mixin.py:104} INFO - [2021-06-06 06:41:55,442] {dag.py:2305} INFO - Setting next_dagrun for example_trigger_controller_dag to 2021-06-04 00:00:00+00:00
[2021-06-06 06:41:55,463] {scheduler_job.py:190} INFO - Processing /media/PythonProjects/66.Spotify_ETL/venv/lib/python3.8/site-packages/airflow/example_dags/example_trigger_controller_dag.py took 0.059 seconds
[2021-06-06 06:42:28,014] {scheduler_job.py:182} INFO - Started process (PID=3500) to work on /media/PythonProjects/66.Spotify_ETL/venv/lib/python3.8/site-packages/airflow/example_dags/example_trigger_controller_dag.py
[2021-06-06 06:42:28,015] {scheduler_job.py:633} INFO - Processing file /media/PythonProjects/66.Spotify_ETL/venv/lib/python3.8/site-packages/airflow/example_dags/example_trigger_controller_dag.py for tasks to queue
[2021-06-06 06:42:28,017] {logging_mixin.py:104} INFO - [2021-06-06 06:42:28,016] {dagbag.py:487} INFO - Filling up the DagBag from /media/PythonProjects/66.Spotify_ETL/venv/lib/python3.8/site-packages/airflow/example_dags/example_trigger_controller_dag.py
[2021-06-06 06:42:28,028] {scheduler_job.py:643} INFO - DAG(s) dict_keys(['example_trigger_controller_dag']) retrieved from /media/PythonProjects/66.Spotify_ETL/venv/lib/python3.8/site-packages/airflow/example_dags/example_trigger_controller_dag.py
[2021-06-06 06:42:28,042] {logging_mixin.py:104} INFO - [2021-06-06 06:42:28,042] {dag.py:1832} INFO - Sync 1 DAGs
[2021-06-06 06:42:28,052] {logging_mixin.py:104} INFO - [2021-06-06 06:42:28,052] {dag.py:2305} INFO - Setting next_dagrun for example_trigger_controller_dag to 2021-06-04 00:00:00+00:00
[2021-06-06 06:42:28,074] {scheduler_job.py:190} INFO - Processing /media/PythonProjects/66.Spotify_ETL/venv/lib/python3.8/site-packages/airflow/example_dags/example_trigger_controller_dag.py took 0.065 seconds
[2021-06-06 06:43:01,298] {scheduler_job.py:182} INFO - Started process (PID=3559) to work on /media/PythonProjects/66.Spotify_ETL/venv/lib/python3.8/site-packages/airflow/example_dags/example_trigger_controller_dag.py
[2021-06-06 06:43:01,300] {scheduler_job.py:633} INFO - Processing file /media/PythonProjects/66.Spotify_ETL/venv/lib/python3.8/site-packages/airflow/example_dags/example_trigger_controller_dag.py for tasks to queue
[2021-06-06 06:43:01,300] {logging_mixin.py:104} INFO - [2021-06-06 06:43:01,300] {dagbag.py:487} INFO - Filling up the DagBag from /media/PythonProjects/66.Spotify_ETL/venv/lib/python3.8/site-packages/airflow/example_dags/example_trigger_controller_dag.py
[2021-06-06 06:43:01,311] {scheduler_job.py:643} INFO - DAG(s) dict_keys(['example_trigger_controller_dag']) retrieved from /media/PythonProjects/66.Spotify_ETL/venv/lib/python3.8/site-packages/airflow/example_dags/example_trigger_controller_dag.py
[2021-06-06 06:43:01,325] {logging_mixin.py:104} INFO - [2021-06-06 06:43:01,325] {dag.py:1832} INFO - Sync 1 DAGs
[2021-06-06 06:43:01,336] {logging_mixin.py:104} INFO - [2021-06-06 06:43:01,336] {dag.py:2305} INFO - Setting next_dagrun for example_trigger_controller_dag to 2021-06-04 00:00:00+00:00
[2021-06-06 06:43:01,356] {scheduler_job.py:190} INFO - Processing /media/PythonProjects/66.Spotify_ETL/venv/lib/python3.8/site-packages/airflow/example_dags/example_trigger_controller_dag.py took 0.061 seconds
[2021-06-06 06:43:33,832] {scheduler_job.py:182} INFO - Started process (PID=3619) to work on /media/PythonProjects/66.Spotify_ETL/venv/lib/python3.8/site-packages/airflow/example_dags/example_trigger_controller_dag.py
[2021-06-06 06:43:33,834] {scheduler_job.py:633} INFO - Processing file /media/PythonProjects/66.Spotify_ETL/venv/lib/python3.8/site-packages/airflow/example_dags/example_trigger_controller_dag.py for tasks to queue
[2021-06-06 06:43:33,836] {logging_mixin.py:104} INFO - [2021-06-06 06:43:33,835] {dagbag.py:487} INFO - Filling up the DagBag from /media/PythonProjects/66.Spotify_ETL/venv/lib/python3.8/site-packages/airflow/example_dags/example_trigger_controller_dag.py
[2021-06-06 06:43:33,845] {scheduler_job.py:643} INFO - DAG(s) dict_keys(['example_trigger_controller_dag']) retrieved from /media/PythonProjects/66.Spotify_ETL/venv/lib/python3.8/site-packages/airflow/example_dags/example_trigger_controller_dag.py
[2021-06-06 06:43:33,858] {logging_mixin.py:104} INFO - [2021-06-06 06:43:33,858] {dag.py:1832} INFO - Sync 1 DAGs
[2021-06-06 06:43:33,868] {logging_mixin.py:104} INFO - [2021-06-06 06:43:33,868] {dag.py:2305} INFO - Setting next_dagrun for example_trigger_controller_dag to 2021-06-04 00:00:00+00:00
[2021-06-06 06:43:33,887] {scheduler_job.py:190} INFO - Processing /media/PythonProjects/66.Spotify_ETL/venv/lib/python3.8/site-packages/airflow/example_dags/example_trigger_controller_dag.py took 0.059 seconds
[2021-06-06 06:44:07,576] {scheduler_job.py:182} INFO - Started process (PID=3678) to work on /media/PythonProjects/66.Spotify_ETL/venv/lib/python3.8/site-packages/airflow/example_dags/example_trigger_controller_dag.py
[2021-06-06 06:44:07,580] {scheduler_job.py:633} INFO - Processing file /media/PythonProjects/66.Spotify_ETL/venv/lib/python3.8/site-packages/airflow/example_dags/example_trigger_controller_dag.py for tasks to queue
[2021-06-06 06:44:07,581] {logging_mixin.py:104} INFO - [2021-06-06 06:44:07,581] {dagbag.py:487} INFO - Filling up the DagBag from /media/PythonProjects/66.Spotify_ETL/venv/lib/python3.8/site-packages/airflow/example_dags/example_trigger_controller_dag.py
[2021-06-06 06:44:07,592] {scheduler_job.py:643} INFO - DAG(s) dict_keys(['example_trigger_controller_dag']) retrieved from /media/PythonProjects/66.Spotify_ETL/venv/lib/python3.8/site-packages/airflow/example_dags/example_trigger_controller_dag.py
[2021-06-06 06:44:07,605] {logging_mixin.py:104} INFO - [2021-06-06 06:44:07,605] {dag.py:1832} INFO - Sync 1 DAGs
[2021-06-06 06:44:07,616] {logging_mixin.py:104} INFO - [2021-06-06 06:44:07,616] {dag.py:2305} INFO - Setting next_dagrun for example_trigger_controller_dag to 2021-06-04 00:00:00+00:00
[2021-06-06 06:44:07,634] {scheduler_job.py:190} INFO - Processing /media/PythonProjects/66.Spotify_ETL/venv/lib/python3.8/site-packages/airflow/example_dags/example_trigger_controller_dag.py took 0.063 seconds
[2021-06-06 06:44:47,525] {scheduler_job.py:182} INFO - Started process (PID=3742) to work on /media/PythonProjects/66.Spotify_ETL/venv/lib/python3.8/site-packages/airflow/example_dags/example_trigger_controller_dag.py
[2021-06-06 06:44:47,528] {scheduler_job.py:633} INFO - Processing file /media/PythonProjects/66.Spotify_ETL/venv/lib/python3.8/site-packages/airflow/example_dags/example_trigger_controller_dag.py for tasks to queue
[2021-06-06 06:44:47,529] {logging_mixin.py:104} INFO - [2021-06-06 06:44:47,529] {dagbag.py:487} INFO - Filling up the DagBag from /media/PythonProjects/66.Spotify_ETL/venv/lib/python3.8/site-packages/airflow/example_dags/example_trigger_controller_dag.py
[2021-06-06 06:44:47,543] {scheduler_job.py:643} INFO - DAG(s) dict_keys(['example_trigger_controller_dag']) retrieved from /media/PythonProjects/66.Spotify_ETL/venv/lib/python3.8/site-packages/airflow/example_dags/example_trigger_controller_dag.py
[2021-06-06 06:44:47,557] {logging_mixin.py:104} INFO - [2021-06-06 06:44:47,557] {dag.py:1832} INFO - Sync 1 DAGs
[2021-06-06 06:44:47,567] {logging_mixin.py:104} INFO - [2021-06-06 06:44:47,567] {dag.py:2305} INFO - Setting next_dagrun for example_trigger_controller_dag to 2021-06-04 00:00:00+00:00
[2021-06-06 06:44:47,585] {scheduler_job.py:190} INFO - Processing /media/PythonProjects/66.Spotify_ETL/venv/lib/python3.8/site-packages/airflow/example_dags/example_trigger_controller_dag.py took 0.068 seconds
[2021-06-06 06:45:20,109] {scheduler_job.py:182} INFO - Started process (PID=3858) to work on /media/PythonProjects/66.Spotify_ETL/venv/lib/python3.8/site-packages/airflow/example_dags/example_trigger_controller_dag.py
[2021-06-06 06:45:20,110] {scheduler_job.py:633} INFO - Processing file /media/PythonProjects/66.Spotify_ETL/venv/lib/python3.8/site-packages/airflow/example_dags/example_trigger_controller_dag.py for tasks to queue
[2021-06-06 06:45:20,111] {logging_mixin.py:104} INFO - [2021-06-06 06:45:20,111] {dagbag.py:487} INFO - Filling up the DagBag from /media/PythonProjects/66.Spotify_ETL/venv/lib/python3.8/site-packages/airflow/example_dags/example_trigger_controller_dag.py
[2021-06-06 06:45:20,125] {scheduler_job.py:643} INFO - DAG(s) dict_keys(['example_trigger_controller_dag']) retrieved from /media/PythonProjects/66.Spotify_ETL/venv/lib/python3.8/site-packages/airflow/example_dags/example_trigger_controller_dag.py
[2021-06-06 06:45:20,144] {logging_mixin.py:104} INFO - [2021-06-06 06:45:20,143] {dag.py:1832} INFO - Sync 1 DAGs
[2021-06-06 06:45:20,161] {logging_mixin.py:104} INFO - [2021-06-06 06:45:20,161] {dag.py:2305} INFO - Setting next_dagrun for example_trigger_controller_dag to 2021-06-04 00:00:00+00:00
[2021-06-06 06:45:20,194] {scheduler_job.py:190} INFO - Processing /media/PythonProjects/66.Spotify_ETL/venv/lib/python3.8/site-packages/airflow/example_dags/example_trigger_controller_dag.py took 0.090 seconds
[2021-06-06 06:45:53,649] {scheduler_job.py:182} INFO - Started process (PID=4074) to work on /media/PythonProjects/66.Spotify_ETL/venv/lib/python3.8/site-packages/airflow/example_dags/example_trigger_controller_dag.py
[2021-06-06 06:45:53,651] {scheduler_job.py:633} INFO - Processing file /media/PythonProjects/66.Spotify_ETL/venv/lib/python3.8/site-packages/airflow/example_dags/example_trigger_controller_dag.py for tasks to queue
[2021-06-06 06:45:53,652] {logging_mixin.py:104} INFO - [2021-06-06 06:45:53,651] {dagbag.py:487} INFO - Filling up the DagBag from /media/PythonProjects/66.Spotify_ETL/venv/lib/python3.8/site-packages/airflow/example_dags/example_trigger_controller_dag.py
[2021-06-06 06:45:53,671] {scheduler_job.py:643} INFO - DAG(s) dict_keys(['example_trigger_controller_dag']) retrieved from /media/PythonProjects/66.Spotify_ETL/venv/lib/python3.8/site-packages/airflow/example_dags/example_trigger_controller_dag.py
[2021-06-06 06:45:53,692] {logging_mixin.py:104} INFO - [2021-06-06 06:45:53,692] {dag.py:1832} INFO - Sync 1 DAGs
[2021-06-06 06:45:53,709] {logging_mixin.py:104} INFO - [2021-06-06 06:45:53,709] {dag.py:2305} INFO - Setting next_dagrun for example_trigger_controller_dag to 2021-06-04 00:00:00+00:00
[2021-06-06 06:45:53,733] {scheduler_job.py:190} INFO - Processing /media/PythonProjects/66.Spotify_ETL/venv/lib/python3.8/site-packages/airflow/example_dags/example_trigger_controller_dag.py took 0.088 seconds
=======
[2021-06-06 06:32:19,460] {scheduler_job.py:182} INFO - Started process (PID=2409) to work on /media/PythonProjects/66.Spotify_ETL/venv/lib/python3.8/site-packages/airflow/example_dags/example_trigger_controller_dag.py
[2021-06-06 06:32:19,462] {scheduler_job.py:633} INFO - Processing file /media/PythonProjects/66.Spotify_ETL/venv/lib/python3.8/site-packages/airflow/example_dags/example_trigger_controller_dag.py for tasks to queue
[2021-06-06 06:32:19,463] {logging_mixin.py:104} INFO - [2021-06-06 06:32:19,462] {dagbag.py:487} INFO - Filling up the DagBag from /media/PythonProjects/66.Spotify_ETL/venv/lib/python3.8/site-packages/airflow/example_dags/example_trigger_controller_dag.py
[2021-06-06 06:32:19,499] {scheduler_job.py:643} INFO - DAG(s) dict_keys(['example_trigger_controller_dag']) retrieved from /media/PythonProjects/66.Spotify_ETL/venv/lib/python3.8/site-packages/airflow/example_dags/example_trigger_controller_dag.py
[2021-06-06 06:32:19,547] {logging_mixin.py:104} INFO - [2021-06-06 06:32:19,546] {dag.py:1832} INFO - Sync 1 DAGs
[2021-06-06 06:32:19,597] {logging_mixin.py:104} INFO - [2021-06-06 06:32:19,597] {dag.py:2305} INFO - Setting next_dagrun for example_trigger_controller_dag to 2021-06-04 00:00:00+00:00
[2021-06-06 06:32:19,687] {scheduler_job.py:190} INFO - Processing /media/PythonProjects/66.Spotify_ETL/venv/lib/python3.8/site-packages/airflow/example_dags/example_trigger_controller_dag.py took 0.241 seconds
[2021-06-06 06:32:55,871] {scheduler_job.py:182} INFO - Started process (PID=2495) to work on /media/PythonProjects/66.Spotify_ETL/venv/lib/python3.8/site-packages/airflow/example_dags/example_trigger_controller_dag.py
[2021-06-06 06:32:55,873] {scheduler_job.py:633} INFO - Processing file /media/PythonProjects/66.Spotify_ETL/venv/lib/python3.8/site-packages/airflow/example_dags/example_trigger_controller_dag.py for tasks to queue
[2021-06-06 06:32:55,874] {logging_mixin.py:104} INFO - [2021-06-06 06:32:55,874] {dagbag.py:487} INFO - Filling up the DagBag from /media/PythonProjects/66.Spotify_ETL/venv/lib/python3.8/site-packages/airflow/example_dags/example_trigger_controller_dag.py
[2021-06-06 06:32:55,898] {scheduler_job.py:643} INFO - DAG(s) dict_keys(['example_trigger_controller_dag']) retrieved from /media/PythonProjects/66.Spotify_ETL/venv/lib/python3.8/site-packages/airflow/example_dags/example_trigger_controller_dag.py
[2021-06-06 06:32:55,917] {logging_mixin.py:104} INFO - [2021-06-06 06:32:55,916] {dag.py:1832} INFO - Sync 1 DAGs
[2021-06-06 06:32:55,934] {logging_mixin.py:104} INFO - [2021-06-06 06:32:55,934] {dag.py:2305} INFO - Setting next_dagrun for example_trigger_controller_dag to 2021-06-04 00:00:00+00:00
[2021-06-06 06:32:55,958] {scheduler_job.py:190} INFO - Processing /media/PythonProjects/66.Spotify_ETL/venv/lib/python3.8/site-packages/airflow/example_dags/example_trigger_controller_dag.py took 0.096 seconds
[2021-06-06 06:33:29,533] {scheduler_job.py:182} INFO - Started process (PID=2552) to work on /media/PythonProjects/66.Spotify_ETL/venv/lib/python3.8/site-packages/airflow/example_dags/example_trigger_controller_dag.py
[2021-06-06 06:33:29,536] {scheduler_job.py:633} INFO - Processing file /media/PythonProjects/66.Spotify_ETL/venv/lib/python3.8/site-packages/airflow/example_dags/example_trigger_controller_dag.py for tasks to queue
[2021-06-06 06:33:29,538] {logging_mixin.py:104} INFO - [2021-06-06 06:33:29,537] {dagbag.py:487} INFO - Filling up the DagBag from /media/PythonProjects/66.Spotify_ETL/venv/lib/python3.8/site-packages/airflow/example_dags/example_trigger_controller_dag.py
[2021-06-06 06:33:29,554] {scheduler_job.py:643} INFO - DAG(s) dict_keys(['example_trigger_controller_dag']) retrieved from /media/PythonProjects/66.Spotify_ETL/venv/lib/python3.8/site-packages/airflow/example_dags/example_trigger_controller_dag.py
[2021-06-06 06:33:29,566] {logging_mixin.py:104} INFO - [2021-06-06 06:33:29,566] {dag.py:1832} INFO - Sync 1 DAGs
[2021-06-06 06:33:29,576] {logging_mixin.py:104} INFO - [2021-06-06 06:33:29,576] {dag.py:2305} INFO - Setting next_dagrun for example_trigger_controller_dag to 2021-06-04 00:00:00+00:00
[2021-06-06 06:33:29,596] {scheduler_job.py:190} INFO - Processing /media/PythonProjects/66.Spotify_ETL/venv/lib/python3.8/site-packages/airflow/example_dags/example_trigger_controller_dag.py took 0.069 seconds
[2021-06-06 06:34:07,246] {scheduler_job.py:182} INFO - Started process (PID=2614) to work on /media/PythonProjects/66.Spotify_ETL/venv/lib/python3.8/site-packages/airflow/example_dags/example_trigger_controller_dag.py
[2021-06-06 06:34:07,248] {scheduler_job.py:633} INFO - Processing file /media/PythonProjects/66.Spotify_ETL/venv/lib/python3.8/site-packages/airflow/example_dags/example_trigger_controller_dag.py for tasks to queue
[2021-06-06 06:34:07,249] {logging_mixin.py:104} INFO - [2021-06-06 06:34:07,249] {dagbag.py:487} INFO - Filling up the DagBag from /media/PythonProjects/66.Spotify_ETL/venv/lib/python3.8/site-packages/airflow/example_dags/example_trigger_controller_dag.py
[2021-06-06 06:34:07,272] {scheduler_job.py:643} INFO - DAG(s) dict_keys(['example_trigger_controller_dag']) retrieved from /media/PythonProjects/66.Spotify_ETL/venv/lib/python3.8/site-packages/airflow/example_dags/example_trigger_controller_dag.py
[2021-06-06 06:34:07,295] {logging_mixin.py:104} INFO - [2021-06-06 06:34:07,295] {dag.py:1832} INFO - Sync 1 DAGs
[2021-06-06 06:34:07,322] {logging_mixin.py:104} INFO - [2021-06-06 06:34:07,321] {dag.py:2305} INFO - Setting next_dagrun for example_trigger_controller_dag to 2021-06-04 00:00:00+00:00
[2021-06-06 06:34:07,370] {scheduler_job.py:190} INFO - Processing /media/PythonProjects/66.Spotify_ETL/venv/lib/python3.8/site-packages/airflow/example_dags/example_trigger_controller_dag.py took 0.133 seconds
[2021-06-06 06:34:40,989] {scheduler_job.py:182} INFO - Started process (PID=2675) to work on /media/PythonProjects/66.Spotify_ETL/venv/lib/python3.8/site-packages/airflow/example_dags/example_trigger_controller_dag.py
[2021-06-06 06:34:40,991] {scheduler_job.py:633} INFO - Processing file /media/PythonProjects/66.Spotify_ETL/venv/lib/python3.8/site-packages/airflow/example_dags/example_trigger_controller_dag.py for tasks to queue
[2021-06-06 06:34:40,992] {logging_mixin.py:104} INFO - [2021-06-06 06:34:40,992] {dagbag.py:487} INFO - Filling up the DagBag from /media/PythonProjects/66.Spotify_ETL/venv/lib/python3.8/site-packages/airflow/example_dags/example_trigger_controller_dag.py
[2021-06-06 06:34:41,002] {scheduler_job.py:643} INFO - DAG(s) dict_keys(['example_trigger_controller_dag']) retrieved from /media/PythonProjects/66.Spotify_ETL/venv/lib/python3.8/site-packages/airflow/example_dags/example_trigger_controller_dag.py
[2021-06-06 06:34:41,015] {logging_mixin.py:104} INFO - [2021-06-06 06:34:41,015] {dag.py:1832} INFO - Sync 1 DAGs
[2021-06-06 06:34:41,025] {logging_mixin.py:104} INFO - [2021-06-06 06:34:41,025] {dag.py:2305} INFO - Setting next_dagrun for example_trigger_controller_dag to 2021-06-04 00:00:00+00:00
[2021-06-06 06:34:41,044] {scheduler_job.py:190} INFO - Processing /media/PythonProjects/66.Spotify_ETL/venv/lib/python3.8/site-packages/airflow/example_dags/example_trigger_controller_dag.py took 0.059 seconds
[2021-06-06 06:35:14,505] {scheduler_job.py:182} INFO - Started process (PID=2737) to work on /media/PythonProjects/66.Spotify_ETL/venv/lib/python3.8/site-packages/airflow/example_dags/example_trigger_controller_dag.py
[2021-06-06 06:35:14,506] {scheduler_job.py:633} INFO - Processing file /media/PythonProjects/66.Spotify_ETL/venv/lib/python3.8/site-packages/airflow/example_dags/example_trigger_controller_dag.py for tasks to queue
[2021-06-06 06:35:14,507] {logging_mixin.py:104} INFO - [2021-06-06 06:35:14,507] {dagbag.py:487} INFO - Filling up the DagBag from /media/PythonProjects/66.Spotify_ETL/venv/lib/python3.8/site-packages/airflow/example_dags/example_trigger_controller_dag.py
[2021-06-06 06:35:14,517] {scheduler_job.py:643} INFO - DAG(s) dict_keys(['example_trigger_controller_dag']) retrieved from /media/PythonProjects/66.Spotify_ETL/venv/lib/python3.8/site-packages/airflow/example_dags/example_trigger_controller_dag.py
[2021-06-06 06:35:14,530] {logging_mixin.py:104} INFO - [2021-06-06 06:35:14,530] {dag.py:1832} INFO - Sync 1 DAGs
[2021-06-06 06:35:14,540] {logging_mixin.py:104} INFO - [2021-06-06 06:35:14,540] {dag.py:2305} INFO - Setting next_dagrun for example_trigger_controller_dag to 2021-06-04 00:00:00+00:00
[2021-06-06 06:35:14,564] {scheduler_job.py:190} INFO - Processing /media/PythonProjects/66.Spotify_ETL/venv/lib/python3.8/site-packages/airflow/example_dags/example_trigger_controller_dag.py took 0.061 seconds
[2021-06-06 06:35:47,713] {scheduler_job.py:182} INFO - Started process (PID=2798) to work on /media/PythonProjects/66.Spotify_ETL/venv/lib/python3.8/site-packages/airflow/example_dags/example_trigger_controller_dag.py
[2021-06-06 06:35:47,714] {scheduler_job.py:633} INFO - Processing file /media/PythonProjects/66.Spotify_ETL/venv/lib/python3.8/site-packages/airflow/example_dags/example_trigger_controller_dag.py for tasks to queue
[2021-06-06 06:35:47,714] {logging_mixin.py:104} INFO - [2021-06-06 06:35:47,714] {dagbag.py:487} INFO - Filling up the DagBag from /media/PythonProjects/66.Spotify_ETL/venv/lib/python3.8/site-packages/airflow/example_dags/example_trigger_controller_dag.py
[2021-06-06 06:35:47,723] {scheduler_job.py:643} INFO - DAG(s) dict_keys(['example_trigger_controller_dag']) retrieved from /media/PythonProjects/66.Spotify_ETL/venv/lib/python3.8/site-packages/airflow/example_dags/example_trigger_controller_dag.py
[2021-06-06 06:35:47,735] {logging_mixin.py:104} INFO - [2021-06-06 06:35:47,735] {dag.py:1832} INFO - Sync 1 DAGs
[2021-06-06 06:35:47,745] {logging_mixin.py:104} INFO - [2021-06-06 06:35:47,745] {dag.py:2305} INFO - Setting next_dagrun for example_trigger_controller_dag to 2021-06-04 00:00:00+00:00
[2021-06-06 06:35:47,767] {scheduler_job.py:190} INFO - Processing /media/PythonProjects/66.Spotify_ETL/venv/lib/python3.8/site-packages/airflow/example_dags/example_trigger_controller_dag.py took 0.057 seconds
[2021-06-06 06:36:21,114] {scheduler_job.py:182} INFO - Started process (PID=2859) to work on /media/PythonProjects/66.Spotify_ETL/venv/lib/python3.8/site-packages/airflow/example_dags/example_trigger_controller_dag.py
[2021-06-06 06:36:21,115] {scheduler_job.py:633} INFO - Processing file /media/PythonProjects/66.Spotify_ETL/venv/lib/python3.8/site-packages/airflow/example_dags/example_trigger_controller_dag.py for tasks to queue
[2021-06-06 06:36:21,116] {logging_mixin.py:104} INFO - [2021-06-06 06:36:21,116] {dagbag.py:487} INFO - Filling up the DagBag from /media/PythonProjects/66.Spotify_ETL/venv/lib/python3.8/site-packages/airflow/example_dags/example_trigger_controller_dag.py
[2021-06-06 06:36:21,127] {scheduler_job.py:643} INFO - DAG(s) dict_keys(['example_trigger_controller_dag']) retrieved from /media/PythonProjects/66.Spotify_ETL/venv/lib/python3.8/site-packages/airflow/example_dags/example_trigger_controller_dag.py
[2021-06-06 06:36:21,142] {logging_mixin.py:104} INFO - [2021-06-06 06:36:21,142] {dag.py:1832} INFO - Sync 1 DAGs
[2021-06-06 06:36:21,156] {logging_mixin.py:104} INFO - [2021-06-06 06:36:21,156] {dag.py:2305} INFO - Setting next_dagrun for example_trigger_controller_dag to 2021-06-04 00:00:00+00:00
[2021-06-06 06:36:21,189] {scheduler_job.py:190} INFO - Processing /media/PythonProjects/66.Spotify_ETL/venv/lib/python3.8/site-packages/airflow/example_dags/example_trigger_controller_dag.py took 0.078 seconds
[2021-06-06 06:36:52,935] {scheduler_job.py:182} INFO - Started process (PID=2916) to work on /media/PythonProjects/66.Spotify_ETL/venv/lib/python3.8/site-packages/airflow/example_dags/example_trigger_controller_dag.py
[2021-06-06 06:36:52,936] {scheduler_job.py:633} INFO - Processing file /media/PythonProjects/66.Spotify_ETL/venv/lib/python3.8/site-packages/airflow/example_dags/example_trigger_controller_dag.py for tasks to queue
[2021-06-06 06:36:52,937] {logging_mixin.py:104} INFO - [2021-06-06 06:36:52,937] {dagbag.py:487} INFO - Filling up the DagBag from /media/PythonProjects/66.Spotify_ETL/venv/lib/python3.8/site-packages/airflow/example_dags/example_trigger_controller_dag.py
[2021-06-06 06:36:52,947] {scheduler_job.py:643} INFO - DAG(s) dict_keys(['example_trigger_controller_dag']) retrieved from /media/PythonProjects/66.Spotify_ETL/venv/lib/python3.8/site-packages/airflow/example_dags/example_trigger_controller_dag.py
[2021-06-06 06:36:52,959] {logging_mixin.py:104} INFO - [2021-06-06 06:36:52,959] {dag.py:1832} INFO - Sync 1 DAGs
[2021-06-06 06:36:52,970] {logging_mixin.py:104} INFO - [2021-06-06 06:36:52,970] {dag.py:2305} INFO - Setting next_dagrun for example_trigger_controller_dag to 2021-06-04 00:00:00+00:00
[2021-06-06 06:36:52,995] {scheduler_job.py:190} INFO - Processing /media/PythonProjects/66.Spotify_ETL/venv/lib/python3.8/site-packages/airflow/example_dags/example_trigger_controller_dag.py took 0.063 seconds
[2021-06-06 06:37:25,509] {scheduler_job.py:182} INFO - Started process (PID=2975) to work on /media/PythonProjects/66.Spotify_ETL/venv/lib/python3.8/site-packages/airflow/example_dags/example_trigger_controller_dag.py
[2021-06-06 06:37:25,511] {scheduler_job.py:633} INFO - Processing file /media/PythonProjects/66.Spotify_ETL/venv/lib/python3.8/site-packages/airflow/example_dags/example_trigger_controller_dag.py for tasks to queue
[2021-06-06 06:37:25,512] {logging_mixin.py:104} INFO - [2021-06-06 06:37:25,512] {dagbag.py:487} INFO - Filling up the DagBag from /media/PythonProjects/66.Spotify_ETL/venv/lib/python3.8/site-packages/airflow/example_dags/example_trigger_controller_dag.py
[2021-06-06 06:37:25,526] {scheduler_job.py:643} INFO - DAG(s) dict_keys(['example_trigger_controller_dag']) retrieved from /media/PythonProjects/66.Spotify_ETL/venv/lib/python3.8/site-packages/airflow/example_dags/example_trigger_controller_dag.py
[2021-06-06 06:37:25,545] {logging_mixin.py:104} INFO - [2021-06-06 06:37:25,545] {dag.py:1832} INFO - Sync 1 DAGs
[2021-06-06 06:37:25,573] {logging_mixin.py:104} INFO - [2021-06-06 06:37:25,573] {dag.py:2305} INFO - Setting next_dagrun for example_trigger_controller_dag to 2021-06-04 00:00:00+00:00
[2021-06-06 06:37:25,602] {scheduler_job.py:190} INFO - Processing /media/PythonProjects/66.Spotify_ETL/venv/lib/python3.8/site-packages/airflow/example_dags/example_trigger_controller_dag.py took 0.097 seconds
[2021-06-06 06:38:00,425] {scheduler_job.py:182} INFO - Started process (PID=3037) to work on /media/PythonProjects/66.Spotify_ETL/venv/lib/python3.8/site-packages/airflow/example_dags/example_trigger_controller_dag.py
[2021-06-06 06:38:00,427] {scheduler_job.py:633} INFO - Processing file /media/PythonProjects/66.Spotify_ETL/venv/lib/python3.8/site-packages/airflow/example_dags/example_trigger_controller_dag.py for tasks to queue
[2021-06-06 06:38:00,427] {logging_mixin.py:104} INFO - [2021-06-06 06:38:00,427] {dagbag.py:487} INFO - Filling up the DagBag from /media/PythonProjects/66.Spotify_ETL/venv/lib/python3.8/site-packages/airflow/example_dags/example_trigger_controller_dag.py
[2021-06-06 06:38:00,438] {scheduler_job.py:643} INFO - DAG(s) dict_keys(['example_trigger_controller_dag']) retrieved from /media/PythonProjects/66.Spotify_ETL/venv/lib/python3.8/site-packages/airflow/example_dags/example_trigger_controller_dag.py
[2021-06-06 06:38:00,451] {logging_mixin.py:104} INFO - [2021-06-06 06:38:00,451] {dag.py:1832} INFO - Sync 1 DAGs
[2021-06-06 06:38:00,462] {logging_mixin.py:104} INFO - [2021-06-06 06:38:00,462] {dag.py:2305} INFO - Setting next_dagrun for example_trigger_controller_dag to 2021-06-04 00:00:00+00:00
[2021-06-06 06:38:00,484] {scheduler_job.py:190} INFO - Processing /media/PythonProjects/66.Spotify_ETL/venv/lib/python3.8/site-packages/airflow/example_dags/example_trigger_controller_dag.py took 0.061 seconds
[2021-06-06 06:38:32,317] {scheduler_job.py:182} INFO - Started process (PID=3093) to work on /media/PythonProjects/66.Spotify_ETL/venv/lib/python3.8/site-packages/airflow/example_dags/example_trigger_controller_dag.py
[2021-06-06 06:38:32,318] {scheduler_job.py:633} INFO - Processing file /media/PythonProjects/66.Spotify_ETL/venv/lib/python3.8/site-packages/airflow/example_dags/example_trigger_controller_dag.py for tasks to queue
[2021-06-06 06:38:32,319] {logging_mixin.py:104} INFO - [2021-06-06 06:38:32,319] {dagbag.py:487} INFO - Filling up the DagBag from /media/PythonProjects/66.Spotify_ETL/venv/lib/python3.8/site-packages/airflow/example_dags/example_trigger_controller_dag.py
[2021-06-06 06:38:32,331] {scheduler_job.py:643} INFO - DAG(s) dict_keys(['example_trigger_controller_dag']) retrieved from /media/PythonProjects/66.Spotify_ETL/venv/lib/python3.8/site-packages/airflow/example_dags/example_trigger_controller_dag.py
[2021-06-06 06:38:32,345] {logging_mixin.py:104} INFO - [2021-06-06 06:38:32,345] {dag.py:1832} INFO - Sync 1 DAGs
[2021-06-06 06:38:32,356] {logging_mixin.py:104} INFO - [2021-06-06 06:38:32,356] {dag.py:2305} INFO - Setting next_dagrun for example_trigger_controller_dag to 2021-06-04 00:00:00+00:00
[2021-06-06 06:38:32,376] {scheduler_job.py:190} INFO - Processing /media/PythonProjects/66.Spotify_ETL/venv/lib/python3.8/site-packages/airflow/example_dags/example_trigger_controller_dag.py took 0.062 seconds
[2021-06-06 06:39:06,379] {scheduler_job.py:182} INFO - Started process (PID=3151) to work on /media/PythonProjects/66.Spotify_ETL/venv/lib/python3.8/site-packages/airflow/example_dags/example_trigger_controller_dag.py
[2021-06-06 06:39:06,382] {scheduler_job.py:633} INFO - Processing file /media/PythonProjects/66.Spotify_ETL/venv/lib/python3.8/site-packages/airflow/example_dags/example_trigger_controller_dag.py for tasks to queue
[2021-06-06 06:39:06,383] {logging_mixin.py:104} INFO - [2021-06-06 06:39:06,383] {dagbag.py:487} INFO - Filling up the DagBag from /media/PythonProjects/66.Spotify_ETL/venv/lib/python3.8/site-packages/airflow/example_dags/example_trigger_controller_dag.py
[2021-06-06 06:39:06,394] {scheduler_job.py:643} INFO - DAG(s) dict_keys(['example_trigger_controller_dag']) retrieved from /media/PythonProjects/66.Spotify_ETL/venv/lib/python3.8/site-packages/airflow/example_dags/example_trigger_controller_dag.py
[2021-06-06 06:39:06,407] {logging_mixin.py:104} INFO - [2021-06-06 06:39:06,407] {dag.py:1832} INFO - Sync 1 DAGs
[2021-06-06 06:39:06,419] {logging_mixin.py:104} INFO - [2021-06-06 06:39:06,418] {dag.py:2305} INFO - Setting next_dagrun for example_trigger_controller_dag to 2021-06-04 00:00:00+00:00
[2021-06-06 06:39:06,440] {scheduler_job.py:190} INFO - Processing /media/PythonProjects/66.Spotify_ETL/venv/lib/python3.8/site-packages/airflow/example_dags/example_trigger_controller_dag.py took 0.065 seconds
[2021-06-06 06:39:39,810] {scheduler_job.py:182} INFO - Started process (PID=3209) to work on /media/PythonProjects/66.Spotify_ETL/venv/lib/python3.8/site-packages/airflow/example_dags/example_trigger_controller_dag.py
[2021-06-06 06:39:39,815] {scheduler_job.py:633} INFO - Processing file /media/PythonProjects/66.Spotify_ETL/venv/lib/python3.8/site-packages/airflow/example_dags/example_trigger_controller_dag.py for tasks to queue
[2021-06-06 06:39:39,816] {logging_mixin.py:104} INFO - [2021-06-06 06:39:39,816] {dagbag.py:487} INFO - Filling up the DagBag from /media/PythonProjects/66.Spotify_ETL/venv/lib/python3.8/site-packages/airflow/example_dags/example_trigger_controller_dag.py
[2021-06-06 06:39:39,834] {scheduler_job.py:643} INFO - DAG(s) dict_keys(['example_trigger_controller_dag']) retrieved from /media/PythonProjects/66.Spotify_ETL/venv/lib/python3.8/site-packages/airflow/example_dags/example_trigger_controller_dag.py
[2021-06-06 06:39:39,860] {logging_mixin.py:104} INFO - [2021-06-06 06:39:39,860] {dag.py:1832} INFO - Sync 1 DAGs
[2021-06-06 06:39:39,878] {logging_mixin.py:104} INFO - [2021-06-06 06:39:39,878] {dag.py:2305} INFO - Setting next_dagrun for example_trigger_controller_dag to 2021-06-04 00:00:00+00:00
[2021-06-06 06:39:39,910] {scheduler_job.py:190} INFO - Processing /media/PythonProjects/66.Spotify_ETL/venv/lib/python3.8/site-packages/airflow/example_dags/example_trigger_controller_dag.py took 0.104 seconds
[2021-06-06 06:40:15,521] {scheduler_job.py:182} INFO - Started process (PID=3268) to work on /media/PythonProjects/66.Spotify_ETL/venv/lib/python3.8/site-packages/airflow/example_dags/example_trigger_controller_dag.py
[2021-06-06 06:40:15,522] {scheduler_job.py:633} INFO - Processing file /media/PythonProjects/66.Spotify_ETL/venv/lib/python3.8/site-packages/airflow/example_dags/example_trigger_controller_dag.py for tasks to queue
[2021-06-06 06:40:15,526] {logging_mixin.py:104} INFO - [2021-06-06 06:40:15,523] {dagbag.py:487} INFO - Filling up the DagBag from /media/PythonProjects/66.Spotify_ETL/venv/lib/python3.8/site-packages/airflow/example_dags/example_trigger_controller_dag.py
[2021-06-06 06:40:15,542] {scheduler_job.py:643} INFO - DAG(s) dict_keys(['example_trigger_controller_dag']) retrieved from /media/PythonProjects/66.Spotify_ETL/venv/lib/python3.8/site-packages/airflow/example_dags/example_trigger_controller_dag.py
[2021-06-06 06:40:15,574] {logging_mixin.py:104} INFO - [2021-06-06 06:40:15,573] {dag.py:1832} INFO - Sync 1 DAGs
[2021-06-06 06:40:15,605] {logging_mixin.py:104} INFO - [2021-06-06 06:40:15,605] {dag.py:2305} INFO - Setting next_dagrun for example_trigger_controller_dag to 2021-06-04 00:00:00+00:00
[2021-06-06 06:40:15,642] {scheduler_job.py:190} INFO - Processing /media/PythonProjects/66.Spotify_ETL/venv/lib/python3.8/site-packages/airflow/example_dags/example_trigger_controller_dag.py took 0.128 seconds
[2021-06-06 06:40:49,264] {scheduler_job.py:182} INFO - Started process (PID=3326) to work on /media/PythonProjects/66.Spotify_ETL/venv/lib/python3.8/site-packages/airflow/example_dags/example_trigger_controller_dag.py
[2021-06-06 06:40:49,267] {scheduler_job.py:633} INFO - Processing file /media/PythonProjects/66.Spotify_ETL/venv/lib/python3.8/site-packages/airflow/example_dags/example_trigger_controller_dag.py for tasks to queue
[2021-06-06 06:40:49,270] {logging_mixin.py:104} INFO - [2021-06-06 06:40:49,270] {dagbag.py:487} INFO - Filling up the DagBag from /media/PythonProjects/66.Spotify_ETL/venv/lib/python3.8/site-packages/airflow/example_dags/example_trigger_controller_dag.py
[2021-06-06 06:40:49,299] {scheduler_job.py:643} INFO - DAG(s) dict_keys(['example_trigger_controller_dag']) retrieved from /media/PythonProjects/66.Spotify_ETL/venv/lib/python3.8/site-packages/airflow/example_dags/example_trigger_controller_dag.py
[2021-06-06 06:40:49,315] {logging_mixin.py:104} INFO - [2021-06-06 06:40:49,315] {dag.py:1832} INFO - Sync 1 DAGs
[2021-06-06 06:40:49,330] {logging_mixin.py:104} INFO - [2021-06-06 06:40:49,330] {dag.py:2305} INFO - Setting next_dagrun for example_trigger_controller_dag to 2021-06-04 00:00:00+00:00
[2021-06-06 06:40:49,349] {scheduler_job.py:190} INFO - Processing /media/PythonProjects/66.Spotify_ETL/venv/lib/python3.8/site-packages/airflow/example_dags/example_trigger_controller_dag.py took 0.092 seconds
[2021-06-06 06:41:22,867] {scheduler_job.py:182} INFO - Started process (PID=3385) to work on /media/PythonProjects/66.Spotify_ETL/venv/lib/python3.8/site-packages/airflow/example_dags/example_trigger_controller_dag.py
[2021-06-06 06:41:22,869] {scheduler_job.py:633} INFO - Processing file /media/PythonProjects/66.Spotify_ETL/venv/lib/python3.8/site-packages/airflow/example_dags/example_trigger_controller_dag.py for tasks to queue
[2021-06-06 06:41:22,870] {logging_mixin.py:104} INFO - [2021-06-06 06:41:22,870] {dagbag.py:487} INFO - Filling up the DagBag from /media/PythonProjects/66.Spotify_ETL/venv/lib/python3.8/site-packages/airflow/example_dags/example_trigger_controller_dag.py
[2021-06-06 06:41:22,882] {scheduler_job.py:643} INFO - DAG(s) dict_keys(['example_trigger_controller_dag']) retrieved from /media/PythonProjects/66.Spotify_ETL/venv/lib/python3.8/site-packages/airflow/example_dags/example_trigger_controller_dag.py
[2021-06-06 06:41:22,896] {logging_mixin.py:104} INFO - [2021-06-06 06:41:22,896] {dag.py:1832} INFO - Sync 1 DAGs
[2021-06-06 06:41:22,907] {logging_mixin.py:104} INFO - [2021-06-06 06:41:22,907] {dag.py:2305} INFO - Setting next_dagrun for example_trigger_controller_dag to 2021-06-04 00:00:00+00:00
[2021-06-06 06:41:22,926] {scheduler_job.py:190} INFO - Processing /media/PythonProjects/66.Spotify_ETL/venv/lib/python3.8/site-packages/airflow/example_dags/example_trigger_controller_dag.py took 0.063 seconds
[2021-06-06 06:41:55,406] {scheduler_job.py:182} INFO - Started process (PID=3443) to work on /media/PythonProjects/66.Spotify_ETL/venv/lib/python3.8/site-packages/airflow/example_dags/example_trigger_controller_dag.py
[2021-06-06 06:41:55,407] {scheduler_job.py:633} INFO - Processing file /media/PythonProjects/66.Spotify_ETL/venv/lib/python3.8/site-packages/airflow/example_dags/example_trigger_controller_dag.py for tasks to queue
[2021-06-06 06:41:55,408] {logging_mixin.py:104} INFO - [2021-06-06 06:41:55,408] {dagbag.py:487} INFO - Filling up the DagBag from /media/PythonProjects/66.Spotify_ETL/venv/lib/python3.8/site-packages/airflow/example_dags/example_trigger_controller_dag.py
[2021-06-06 06:41:55,418] {scheduler_job.py:643} INFO - DAG(s) dict_keys(['example_trigger_controller_dag']) retrieved from /media/PythonProjects/66.Spotify_ETL/venv/lib/python3.8/site-packages/airflow/example_dags/example_trigger_controller_dag.py
[2021-06-06 06:41:55,431] {logging_mixin.py:104} INFO - [2021-06-06 06:41:55,431] {dag.py:1832} INFO - Sync 1 DAGs
[2021-06-06 06:41:55,442] {logging_mixin.py:104} INFO - [2021-06-06 06:41:55,442] {dag.py:2305} INFO - Setting next_dagrun for example_trigger_controller_dag to 2021-06-04 00:00:00+00:00
[2021-06-06 06:41:55,463] {scheduler_job.py:190} INFO - Processing /media/PythonProjects/66.Spotify_ETL/venv/lib/python3.8/site-packages/airflow/example_dags/example_trigger_controller_dag.py took 0.059 seconds
[2021-06-06 06:42:28,014] {scheduler_job.py:182} INFO - Started process (PID=3500) to work on /media/PythonProjects/66.Spotify_ETL/venv/lib/python3.8/site-packages/airflow/example_dags/example_trigger_controller_dag.py
[2021-06-06 06:42:28,015] {scheduler_job.py:633} INFO - Processing file /media/PythonProjects/66.Spotify_ETL/venv/lib/python3.8/site-packages/airflow/example_dags/example_trigger_controller_dag.py for tasks to queue
[2021-06-06 06:42:28,017] {logging_mixin.py:104} INFO - [2021-06-06 06:42:28,016] {dagbag.py:487} INFO - Filling up the DagBag from /media/PythonProjects/66.Spotify_ETL/venv/lib/python3.8/site-packages/airflow/example_dags/example_trigger_controller_dag.py
[2021-06-06 06:42:28,028] {scheduler_job.py:643} INFO - DAG(s) dict_keys(['example_trigger_controller_dag']) retrieved from /media/PythonProjects/66.Spotify_ETL/venv/lib/python3.8/site-packages/airflow/example_dags/example_trigger_controller_dag.py
[2021-06-06 06:42:28,042] {logging_mixin.py:104} INFO - [2021-06-06 06:42:28,042] {dag.py:1832} INFO - Sync 1 DAGs
[2021-06-06 06:42:28,052] {logging_mixin.py:104} INFO - [2021-06-06 06:42:28,052] {dag.py:2305} INFO - Setting next_dagrun for example_trigger_controller_dag to 2021-06-04 00:00:00+00:00
[2021-06-06 06:42:28,074] {scheduler_job.py:190} INFO - Processing /media/PythonProjects/66.Spotify_ETL/venv/lib/python3.8/site-packages/airflow/example_dags/example_trigger_controller_dag.py took 0.065 seconds
[2021-06-06 06:43:01,298] {scheduler_job.py:182} INFO - Started process (PID=3559) to work on /media/PythonProjects/66.Spotify_ETL/venv/lib/python3.8/site-packages/airflow/example_dags/example_trigger_controller_dag.py
[2021-06-06 06:43:01,300] {scheduler_job.py:633} INFO - Processing file /media/PythonProjects/66.Spotify_ETL/venv/lib/python3.8/site-packages/airflow/example_dags/example_trigger_controller_dag.py for tasks to queue
[2021-06-06 06:43:01,300] {logging_mixin.py:104} INFO - [2021-06-06 06:43:01,300] {dagbag.py:487} INFO - Filling up the DagBag from /media/PythonProjects/66.Spotify_ETL/venv/lib/python3.8/site-packages/airflow/example_dags/example_trigger_controller_dag.py
[2021-06-06 06:43:01,311] {scheduler_job.py:643} INFO - DAG(s) dict_keys(['example_trigger_controller_dag']) retrieved from /media/PythonProjects/66.Spotify_ETL/venv/lib/python3.8/site-packages/airflow/example_dags/example_trigger_controller_dag.py
[2021-06-06 06:43:01,325] {logging_mixin.py:104} INFO - [2021-06-06 06:43:01,325] {dag.py:1832} INFO - Sync 1 DAGs
[2021-06-06 06:43:01,336] {logging_mixin.py:104} INFO - [2021-06-06 06:43:01,336] {dag.py:2305} INFO - Setting next_dagrun for example_trigger_controller_dag to 2021-06-04 00:00:00+00:00
[2021-06-06 06:43:01,356] {scheduler_job.py:190} INFO - Processing /media/PythonProjects/66.Spotify_ETL/venv/lib/python3.8/site-packages/airflow/example_dags/example_trigger_controller_dag.py took 0.061 seconds
[2021-06-06 06:43:33,832] {scheduler_job.py:182} INFO - Started process (PID=3619) to work on /media/PythonProjects/66.Spotify_ETL/venv/lib/python3.8/site-packages/airflow/example_dags/example_trigger_controller_dag.py
[2021-06-06 06:43:33,834] {scheduler_job.py:633} INFO - Processing file /media/PythonProjects/66.Spotify_ETL/venv/lib/python3.8/site-packages/airflow/example_dags/example_trigger_controller_dag.py for tasks to queue
[2021-06-06 06:43:33,836] {logging_mixin.py:104} INFO - [2021-06-06 06:43:33,835] {dagbag.py:487} INFO - Filling up the DagBag from /media/PythonProjects/66.Spotify_ETL/venv/lib/python3.8/site-packages/airflow/example_dags/example_trigger_controller_dag.py
[2021-06-06 06:43:33,845] {scheduler_job.py:643} INFO - DAG(s) dict_keys(['example_trigger_controller_dag']) retrieved from /media/PythonProjects/66.Spotify_ETL/venv/lib/python3.8/site-packages/airflow/example_dags/example_trigger_controller_dag.py
[2021-06-06 06:43:33,858] {logging_mixin.py:104} INFO - [2021-06-06 06:43:33,858] {dag.py:1832} INFO - Sync 1 DAGs
[2021-06-06 06:43:33,868] {logging_mixin.py:104} INFO - [2021-06-06 06:43:33,868] {dag.py:2305} INFO - Setting next_dagrun for example_trigger_controller_dag to 2021-06-04 00:00:00+00:00
[2021-06-06 06:43:33,887] {scheduler_job.py:190} INFO - Processing /media/PythonProjects/66.Spotify_ETL/venv/lib/python3.8/site-packages/airflow/example_dags/example_trigger_controller_dag.py took 0.059 seconds
[2021-06-06 06:44:07,576] {scheduler_job.py:182} INFO - Started process (PID=3678) to work on /media/PythonProjects/66.Spotify_ETL/venv/lib/python3.8/site-packages/airflow/example_dags/example_trigger_controller_dag.py
[2021-06-06 06:44:07,580] {scheduler_job.py:633} INFO - Processing file /media/PythonProjects/66.Spotify_ETL/venv/lib/python3.8/site-packages/airflow/example_dags/example_trigger_controller_dag.py for tasks to queue
[2021-06-06 06:44:07,581] {logging_mixin.py:104} INFO - [2021-06-06 06:44:07,581] {dagbag.py:487} INFO - Filling up the DagBag from /media/PythonProjects/66.Spotify_ETL/venv/lib/python3.8/site-packages/airflow/example_dags/example_trigger_controller_dag.py
[2021-06-06 06:44:07,592] {scheduler_job.py:643} INFO - DAG(s) dict_keys(['example_trigger_controller_dag']) retrieved from /media/PythonProjects/66.Spotify_ETL/venv/lib/python3.8/site-packages/airflow/example_dags/example_trigger_controller_dag.py
[2021-06-06 06:44:07,605] {logging_mixin.py:104} INFO - [2021-06-06 06:44:07,605] {dag.py:1832} INFO - Sync 1 DAGs
[2021-06-06 06:44:07,616] {logging_mixin.py:104} INFO - [2021-06-06 06:44:07,616] {dag.py:2305} INFO - Setting next_dagrun for example_trigger_controller_dag to 2021-06-04 00:00:00+00:00
[2021-06-06 06:44:07,634] {scheduler_job.py:190} INFO - Processing /media/PythonProjects/66.Spotify_ETL/venv/lib/python3.8/site-packages/airflow/example_dags/example_trigger_controller_dag.py took 0.063 seconds
[2021-06-06 06:44:47,525] {scheduler_job.py:182} INFO - Started process (PID=3742) to work on /media/PythonProjects/66.Spotify_ETL/venv/lib/python3.8/site-packages/airflow/example_dags/example_trigger_controller_dag.py
[2021-06-06 06:44:47,528] {scheduler_job.py:633} INFO - Processing file /media/PythonProjects/66.Spotify_ETL/venv/lib/python3.8/site-packages/airflow/example_dags/example_trigger_controller_dag.py for tasks to queue
[2021-06-06 06:44:47,529] {logging_mixin.py:104} INFO - [2021-06-06 06:44:47,529] {dagbag.py:487} INFO - Filling up the DagBag from /media/PythonProjects/66.Spotify_ETL/venv/lib/python3.8/site-packages/airflow/example_dags/example_trigger_controller_dag.py
[2021-06-06 06:44:47,543] {scheduler_job.py:643} INFO - DAG(s) dict_keys(['example_trigger_controller_dag']) retrieved from /media/PythonProjects/66.Spotify_ETL/venv/lib/python3.8/site-packages/airflow/example_dags/example_trigger_controller_dag.py
[2021-06-06 06:44:47,557] {logging_mixin.py:104} INFO - [2021-06-06 06:44:47,557] {dag.py:1832} INFO - Sync 1 DAGs
[2021-06-06 06:44:47,567] {logging_mixin.py:104} INFO - [2021-06-06 06:44:47,567] {dag.py:2305} INFO - Setting next_dagrun for example_trigger_controller_dag to 2021-06-04 00:00:00+00:00
[2021-06-06 06:44:47,585] {scheduler_job.py:190} INFO - Processing /media/PythonProjects/66.Spotify_ETL/venv/lib/python3.8/site-packages/airflow/example_dags/example_trigger_controller_dag.py took 0.068 seconds
[2021-06-06 06:45:20,109] {scheduler_job.py:182} INFO - Started process (PID=3858) to work on /media/PythonProjects/66.Spotify_ETL/venv/lib/python3.8/site-packages/airflow/example_dags/example_trigger_controller_dag.py
[2021-06-06 06:45:20,110] {scheduler_job.py:633} INFO - Processing file /media/PythonProjects/66.Spotify_ETL/venv/lib/python3.8/site-packages/airflow/example_dags/example_trigger_controller_dag.py for tasks to queue
[2021-06-06 06:45:20,111] {logging_mixin.py:104} INFO - [2021-06-06 06:45:20,111] {dagbag.py:487} INFO - Filling up the DagBag from /media/PythonProjects/66.Spotify_ETL/venv/lib/python3.8/site-packages/airflow/example_dags/example_trigger_controller_dag.py
[2021-06-06 06:45:20,125] {scheduler_job.py:643} INFO - DAG(s) dict_keys(['example_trigger_controller_dag']) retrieved from /media/PythonProjects/66.Spotify_ETL/venv/lib/python3.8/site-packages/airflow/example_dags/example_trigger_controller_dag.py
[2021-06-06 06:45:20,144] {logging_mixin.py:104} INFO - [2021-06-06 06:45:20,143] {dag.py:1832} INFO - Sync 1 DAGs
[2021-06-06 06:45:20,161] {logging_mixin.py:104} INFO - [2021-06-06 06:45:20,161] {dag.py:2305} INFO - Setting next_dagrun for example_trigger_controller_dag to 2021-06-04 00:00:00+00:00
[2021-06-06 06:45:20,194] {scheduler_job.py:190} INFO - Processing /media/PythonProjects/66.Spotify_ETL/venv/lib/python3.8/site-packages/airflow/example_dags/example_trigger_controller_dag.py took 0.090 seconds
[2021-06-06 06:45:53,649] {scheduler_job.py:182} INFO - Started process (PID=4074) to work on /media/PythonProjects/66.Spotify_ETL/venv/lib/python3.8/site-packages/airflow/example_dags/example_trigger_controller_dag.py
[2021-06-06 06:45:53,651] {scheduler_job.py:633} INFO - Processing file /media/PythonProjects/66.Spotify_ETL/venv/lib/python3.8/site-packages/airflow/example_dags/example_trigger_controller_dag.py for tasks to queue
[2021-06-06 06:45:53,652] {logging_mixin.py:104} INFO - [2021-06-06 06:45:53,651] {dagbag.py:487} INFO - Filling up the DagBag from /media/PythonProjects/66.Spotify_ETL/venv/lib/python3.8/site-packages/airflow/example_dags/example_trigger_controller_dag.py
[2021-06-06 06:45:53,671] {scheduler_job.py:643} INFO - DAG(s) dict_keys(['example_trigger_controller_dag']) retrieved from /media/PythonProjects/66.Spotify_ETL/venv/lib/python3.8/site-packages/airflow/example_dags/example_trigger_controller_dag.py
[2021-06-06 06:45:53,692] {logging_mixin.py:104} INFO - [2021-06-06 06:45:53,692] {dag.py:1832} INFO - Sync 1 DAGs
[2021-06-06 06:45:53,709] {logging_mixin.py:104} INFO - [2021-06-06 06:45:53,709] {dag.py:2305} INFO - Setting next_dagrun for example_trigger_controller_dag to 2021-06-04 00:00:00+00:00
[2021-06-06 06:45:53,733] {scheduler_job.py:190} INFO - Processing /media/PythonProjects/66.Spotify_ETL/venv/lib/python3.8/site-packages/airflow/example_dags/example_trigger_controller_dag.py took 0.088 seconds
>>>>>>> a36d51d4f01a602def4b5ca237d9cd16ee6cc130
