[2021-06-06 06:32:04,842] {scheduler_job.py:182} INFO - Started process (PID=2386) to work on /media/PythonProjects/66.Spotify_ETL/venv/lib/python3.8/site-packages/airflow/example_dags/example_skip_dag.py
[2021-06-06 06:32:04,844] {scheduler_job.py:633} INFO - Processing file /media/PythonProjects/66.Spotify_ETL/venv/lib/python3.8/site-packages/airflow/example_dags/example_skip_dag.py for tasks to queue
[2021-06-06 06:32:04,845] {logging_mixin.py:104} INFO - [2021-06-06 06:32:04,845] {dagbag.py:487} INFO - Filling up the DagBag from /media/PythonProjects/66.Spotify_ETL/venv/lib/python3.8/site-packages/airflow/example_dags/example_skip_dag.py
[2021-06-06 06:32:04,867] {scheduler_job.py:643} INFO - DAG(s) dict_keys(['example_skip_dag']) retrieved from /media/PythonProjects/66.Spotify_ETL/venv/lib/python3.8/site-packages/airflow/example_dags/example_skip_dag.py
[2021-06-06 06:32:04,895] {logging_mixin.py:104} INFO - [2021-06-06 06:32:04,894] {dag.py:1832} INFO - Sync 1 DAGs
[2021-06-06 06:32:04,922] {logging_mixin.py:104} INFO - [2021-06-06 06:32:04,921] {dag.py:2305} INFO - Setting next_dagrun for example_skip_dag to 2021-06-04 00:00:00+00:00
[2021-06-06 06:32:04,958] {scheduler_job.py:190} INFO - Processing /media/PythonProjects/66.Spotify_ETL/venv/lib/python3.8/site-packages/airflow/example_dags/example_skip_dag.py took 0.124 seconds
[2021-06-06 06:32:40,715] {scheduler_job.py:182} INFO - Started process (PID=2445) to work on /media/PythonProjects/66.Spotify_ETL/venv/lib/python3.8/site-packages/airflow/example_dags/example_skip_dag.py
[2021-06-06 06:32:40,716] {scheduler_job.py:633} INFO - Processing file /media/PythonProjects/66.Spotify_ETL/venv/lib/python3.8/site-packages/airflow/example_dags/example_skip_dag.py for tasks to queue
[2021-06-06 06:32:40,717] {logging_mixin.py:104} INFO - [2021-06-06 06:32:40,716] {dagbag.py:487} INFO - Filling up the DagBag from /media/PythonProjects/66.Spotify_ETL/venv/lib/python3.8/site-packages/airflow/example_dags/example_skip_dag.py
[2021-06-06 06:32:40,734] {scheduler_job.py:643} INFO - DAG(s) dict_keys(['example_skip_dag']) retrieved from /media/PythonProjects/66.Spotify_ETL/venv/lib/python3.8/site-packages/airflow/example_dags/example_skip_dag.py
[2021-06-06 06:32:40,753] {logging_mixin.py:104} INFO - [2021-06-06 06:32:40,753] {dag.py:1832} INFO - Sync 1 DAGs
[2021-06-06 06:32:40,767] {logging_mixin.py:104} INFO - [2021-06-06 06:32:40,767] {dag.py:2305} INFO - Setting next_dagrun for example_skip_dag to 2021-06-04 00:00:00+00:00
[2021-06-06 06:32:40,792] {scheduler_job.py:190} INFO - Processing /media/PythonProjects/66.Spotify_ETL/venv/lib/python3.8/site-packages/airflow/example_dags/example_skip_dag.py took 0.081 seconds
[2021-06-06 06:33:17,480] {scheduler_job.py:182} INFO - Started process (PID=2530) to work on /media/PythonProjects/66.Spotify_ETL/venv/lib/python3.8/site-packages/airflow/example_dags/example_skip_dag.py
[2021-06-06 06:33:17,481] {scheduler_job.py:633} INFO - Processing file /media/PythonProjects/66.Spotify_ETL/venv/lib/python3.8/site-packages/airflow/example_dags/example_skip_dag.py for tasks to queue
[2021-06-06 06:33:17,482] {logging_mixin.py:104} INFO - [2021-06-06 06:33:17,482] {dagbag.py:487} INFO - Filling up the DagBag from /media/PythonProjects/66.Spotify_ETL/venv/lib/python3.8/site-packages/airflow/example_dags/example_skip_dag.py
[2021-06-06 06:33:17,496] {scheduler_job.py:643} INFO - DAG(s) dict_keys(['example_skip_dag']) retrieved from /media/PythonProjects/66.Spotify_ETL/venv/lib/python3.8/site-packages/airflow/example_dags/example_skip_dag.py
[2021-06-06 06:33:17,510] {logging_mixin.py:104} INFO - [2021-06-06 06:33:17,510] {dag.py:1832} INFO - Sync 1 DAGs
[2021-06-06 06:33:17,520] {logging_mixin.py:104} INFO - [2021-06-06 06:33:17,520] {dag.py:2305} INFO - Setting next_dagrun for example_skip_dag to 2021-06-04 00:00:00+00:00
[2021-06-06 06:33:17,544] {scheduler_job.py:190} INFO - Processing /media/PythonProjects/66.Spotify_ETL/venv/lib/python3.8/site-packages/airflow/example_dags/example_skip_dag.py took 0.068 seconds
[2021-06-06 06:33:51,894] {scheduler_job.py:182} INFO - Started process (PID=2590) to work on /media/PythonProjects/66.Spotify_ETL/venv/lib/python3.8/site-packages/airflow/example_dags/example_skip_dag.py
[2021-06-06 06:33:51,898] {scheduler_job.py:633} INFO - Processing file /media/PythonProjects/66.Spotify_ETL/venv/lib/python3.8/site-packages/airflow/example_dags/example_skip_dag.py for tasks to queue
[2021-06-06 06:33:51,904] {logging_mixin.py:104} INFO - [2021-06-06 06:33:51,899] {dagbag.py:487} INFO - Filling up the DagBag from /media/PythonProjects/66.Spotify_ETL/venv/lib/python3.8/site-packages/airflow/example_dags/example_skip_dag.py
[2021-06-06 06:33:51,923] {scheduler_job.py:643} INFO - DAG(s) dict_keys(['example_skip_dag']) retrieved from /media/PythonProjects/66.Spotify_ETL/venv/lib/python3.8/site-packages/airflow/example_dags/example_skip_dag.py
[2021-06-06 06:33:51,947] {logging_mixin.py:104} INFO - [2021-06-06 06:33:51,947] {dag.py:1832} INFO - Sync 1 DAGs
[2021-06-06 06:33:51,975] {logging_mixin.py:104} INFO - [2021-06-06 06:33:51,974] {dag.py:2305} INFO - Setting next_dagrun for example_skip_dag to 2021-06-04 00:00:00+00:00
[2021-06-06 06:33:52,027] {scheduler_job.py:190} INFO - Processing /media/PythonProjects/66.Spotify_ETL/venv/lib/python3.8/site-packages/airflow/example_dags/example_skip_dag.py took 0.137 seconds
[2021-06-06 06:34:27,948] {scheduler_job.py:182} INFO - Started process (PID=2650) to work on /media/PythonProjects/66.Spotify_ETL/venv/lib/python3.8/site-packages/airflow/example_dags/example_skip_dag.py
[2021-06-06 06:34:27,955] {scheduler_job.py:633} INFO - Processing file /media/PythonProjects/66.Spotify_ETL/venv/lib/python3.8/site-packages/airflow/example_dags/example_skip_dag.py for tasks to queue
[2021-06-06 06:34:27,956] {logging_mixin.py:104} INFO - [2021-06-06 06:34:27,956] {dagbag.py:487} INFO - Filling up the DagBag from /media/PythonProjects/66.Spotify_ETL/venv/lib/python3.8/site-packages/airflow/example_dags/example_skip_dag.py
[2021-06-06 06:34:27,968] {scheduler_job.py:643} INFO - DAG(s) dict_keys(['example_skip_dag']) retrieved from /media/PythonProjects/66.Spotify_ETL/venv/lib/python3.8/site-packages/airflow/example_dags/example_skip_dag.py
[2021-06-06 06:34:27,981] {logging_mixin.py:104} INFO - [2021-06-06 06:34:27,981] {dag.py:1832} INFO - Sync 1 DAGs
[2021-06-06 06:34:27,991] {logging_mixin.py:104} INFO - [2021-06-06 06:34:27,991] {dag.py:2305} INFO - Setting next_dagrun for example_skip_dag to 2021-06-04 00:00:00+00:00
[2021-06-06 06:34:28,012] {scheduler_job.py:190} INFO - Processing /media/PythonProjects/66.Spotify_ETL/venv/lib/python3.8/site-packages/airflow/example_dags/example_skip_dag.py took 0.071 seconds
[2021-06-06 06:35:00,152] {scheduler_job.py:182} INFO - Started process (PID=2710) to work on /media/PythonProjects/66.Spotify_ETL/venv/lib/python3.8/site-packages/airflow/example_dags/example_skip_dag.py
[2021-06-06 06:35:00,154] {scheduler_job.py:633} INFO - Processing file /media/PythonProjects/66.Spotify_ETL/venv/lib/python3.8/site-packages/airflow/example_dags/example_skip_dag.py for tasks to queue
[2021-06-06 06:35:00,156] {logging_mixin.py:104} INFO - [2021-06-06 06:35:00,155] {dagbag.py:487} INFO - Filling up the DagBag from /media/PythonProjects/66.Spotify_ETL/venv/lib/python3.8/site-packages/airflow/example_dags/example_skip_dag.py
[2021-06-06 06:35:00,169] {scheduler_job.py:643} INFO - DAG(s) dict_keys(['example_skip_dag']) retrieved from /media/PythonProjects/66.Spotify_ETL/venv/lib/python3.8/site-packages/airflow/example_dags/example_skip_dag.py
[2021-06-06 06:35:00,185] {logging_mixin.py:104} INFO - [2021-06-06 06:35:00,185] {dag.py:1832} INFO - Sync 1 DAGs
[2021-06-06 06:35:00,200] {logging_mixin.py:104} INFO - [2021-06-06 06:35:00,200] {dag.py:2305} INFO - Setting next_dagrun for example_skip_dag to 2021-06-04 00:00:00+00:00
[2021-06-06 06:35:00,220] {scheduler_job.py:190} INFO - Processing /media/PythonProjects/66.Spotify_ETL/venv/lib/python3.8/site-packages/airflow/example_dags/example_skip_dag.py took 0.075 seconds
[2021-06-06 06:35:32,474] {scheduler_job.py:182} INFO - Started process (PID=2770) to work on /media/PythonProjects/66.Spotify_ETL/venv/lib/python3.8/site-packages/airflow/example_dags/example_skip_dag.py
[2021-06-06 06:35:32,477] {scheduler_job.py:633} INFO - Processing file /media/PythonProjects/66.Spotify_ETL/venv/lib/python3.8/site-packages/airflow/example_dags/example_skip_dag.py for tasks to queue
[2021-06-06 06:35:32,478] {logging_mixin.py:104} INFO - [2021-06-06 06:35:32,478] {dagbag.py:487} INFO - Filling up the DagBag from /media/PythonProjects/66.Spotify_ETL/venv/lib/python3.8/site-packages/airflow/example_dags/example_skip_dag.py
[2021-06-06 06:35:32,491] {scheduler_job.py:643} INFO - DAG(s) dict_keys(['example_skip_dag']) retrieved from /media/PythonProjects/66.Spotify_ETL/venv/lib/python3.8/site-packages/airflow/example_dags/example_skip_dag.py
[2021-06-06 06:35:32,506] {logging_mixin.py:104} INFO - [2021-06-06 06:35:32,506] {dag.py:1832} INFO - Sync 1 DAGs
[2021-06-06 06:35:32,517] {logging_mixin.py:104} INFO - [2021-06-06 06:35:32,516] {dag.py:2305} INFO - Setting next_dagrun for example_skip_dag to 2021-06-04 00:00:00+00:00
[2021-06-06 06:35:32,537] {scheduler_job.py:190} INFO - Processing /media/PythonProjects/66.Spotify_ETL/venv/lib/python3.8/site-packages/airflow/example_dags/example_skip_dag.py took 0.072 seconds
[2021-06-06 06:36:05,513] {scheduler_job.py:182} INFO - Started process (PID=2829) to work on /media/PythonProjects/66.Spotify_ETL/venv/lib/python3.8/site-packages/airflow/example_dags/example_skip_dag.py
[2021-06-06 06:36:05,514] {scheduler_job.py:633} INFO - Processing file /media/PythonProjects/66.Spotify_ETL/venv/lib/python3.8/site-packages/airflow/example_dags/example_skip_dag.py for tasks to queue
[2021-06-06 06:36:05,515] {logging_mixin.py:104} INFO - [2021-06-06 06:36:05,515] {dagbag.py:487} INFO - Filling up the DagBag from /media/PythonProjects/66.Spotify_ETL/venv/lib/python3.8/site-packages/airflow/example_dags/example_skip_dag.py
[2021-06-06 06:36:05,526] {scheduler_job.py:643} INFO - DAG(s) dict_keys(['example_skip_dag']) retrieved from /media/PythonProjects/66.Spotify_ETL/venv/lib/python3.8/site-packages/airflow/example_dags/example_skip_dag.py
[2021-06-06 06:36:05,537] {logging_mixin.py:104} INFO - [2021-06-06 06:36:05,537] {dag.py:1832} INFO - Sync 1 DAGs
[2021-06-06 06:36:05,547] {logging_mixin.py:104} INFO - [2021-06-06 06:36:05,546] {dag.py:2305} INFO - Setting next_dagrun for example_skip_dag to 2021-06-04 00:00:00+00:00
[2021-06-06 06:36:05,565] {scheduler_job.py:190} INFO - Processing /media/PythonProjects/66.Spotify_ETL/venv/lib/python3.8/site-packages/airflow/example_dags/example_skip_dag.py took 0.055 seconds
[2021-06-06 06:36:37,432] {scheduler_job.py:182} INFO - Started process (PID=2888) to work on /media/PythonProjects/66.Spotify_ETL/venv/lib/python3.8/site-packages/airflow/example_dags/example_skip_dag.py
[2021-06-06 06:36:37,433] {scheduler_job.py:633} INFO - Processing file /media/PythonProjects/66.Spotify_ETL/venv/lib/python3.8/site-packages/airflow/example_dags/example_skip_dag.py for tasks to queue
[2021-06-06 06:36:37,434] {logging_mixin.py:104} INFO - [2021-06-06 06:36:37,434] {dagbag.py:487} INFO - Filling up the DagBag from /media/PythonProjects/66.Spotify_ETL/venv/lib/python3.8/site-packages/airflow/example_dags/example_skip_dag.py
[2021-06-06 06:36:37,445] {scheduler_job.py:643} INFO - DAG(s) dict_keys(['example_skip_dag']) retrieved from /media/PythonProjects/66.Spotify_ETL/venv/lib/python3.8/site-packages/airflow/example_dags/example_skip_dag.py
[2021-06-06 06:36:37,458] {logging_mixin.py:104} INFO - [2021-06-06 06:36:37,458] {dag.py:1832} INFO - Sync 1 DAGs
[2021-06-06 06:36:37,469] {logging_mixin.py:104} INFO - [2021-06-06 06:36:37,469] {dag.py:2305} INFO - Setting next_dagrun for example_skip_dag to 2021-06-04 00:00:00+00:00
[2021-06-06 06:36:37,500] {scheduler_job.py:190} INFO - Processing /media/PythonProjects/66.Spotify_ETL/venv/lib/python3.8/site-packages/airflow/example_dags/example_skip_dag.py took 0.071 seconds
[2021-06-06 06:37:08,421] {scheduler_job.py:182} INFO - Started process (PID=2944) to work on /media/PythonProjects/66.Spotify_ETL/venv/lib/python3.8/site-packages/airflow/example_dags/example_skip_dag.py
[2021-06-06 06:37:08,422] {scheduler_job.py:633} INFO - Processing file /media/PythonProjects/66.Spotify_ETL/venv/lib/python3.8/site-packages/airflow/example_dags/example_skip_dag.py for tasks to queue
[2021-06-06 06:37:08,425] {logging_mixin.py:104} INFO - [2021-06-06 06:37:08,425] {dagbag.py:487} INFO - Filling up the DagBag from /media/PythonProjects/66.Spotify_ETL/venv/lib/python3.8/site-packages/airflow/example_dags/example_skip_dag.py
[2021-06-06 06:37:08,435] {scheduler_job.py:643} INFO - DAG(s) dict_keys(['example_skip_dag']) retrieved from /media/PythonProjects/66.Spotify_ETL/venv/lib/python3.8/site-packages/airflow/example_dags/example_skip_dag.py
[2021-06-06 06:37:08,454] {logging_mixin.py:104} INFO - [2021-06-06 06:37:08,454] {dag.py:1832} INFO - Sync 1 DAGs
[2021-06-06 06:37:08,469] {logging_mixin.py:104} INFO - [2021-06-06 06:37:08,469] {dag.py:2305} INFO - Setting next_dagrun for example_skip_dag to 2021-06-04 00:00:00+00:00
[2021-06-06 06:37:08,496] {scheduler_job.py:190} INFO - Processing /media/PythonProjects/66.Spotify_ETL/venv/lib/python3.8/site-packages/airflow/example_dags/example_skip_dag.py took 0.077 seconds
[2021-06-06 06:37:41,244] {scheduler_job.py:182} INFO - Started process (PID=3002) to work on /media/PythonProjects/66.Spotify_ETL/venv/lib/python3.8/site-packages/airflow/example_dags/example_skip_dag.py
[2021-06-06 06:37:41,255] {scheduler_job.py:633} INFO - Processing file /media/PythonProjects/66.Spotify_ETL/venv/lib/python3.8/site-packages/airflow/example_dags/example_skip_dag.py for tasks to queue
[2021-06-06 06:37:41,258] {logging_mixin.py:104} INFO - [2021-06-06 06:37:41,257] {dagbag.py:487} INFO - Filling up the DagBag from /media/PythonProjects/66.Spotify_ETL/venv/lib/python3.8/site-packages/airflow/example_dags/example_skip_dag.py
[2021-06-06 06:37:41,277] {scheduler_job.py:643} INFO - DAG(s) dict_keys(['example_skip_dag']) retrieved from /media/PythonProjects/66.Spotify_ETL/venv/lib/python3.8/site-packages/airflow/example_dags/example_skip_dag.py
[2021-06-06 06:37:41,293] {logging_mixin.py:104} INFO - [2021-06-06 06:37:41,293] {dag.py:1832} INFO - Sync 1 DAGs
[2021-06-06 06:37:41,308] {logging_mixin.py:104} INFO - [2021-06-06 06:37:41,308] {dag.py:2305} INFO - Setting next_dagrun for example_skip_dag to 2021-06-04 00:00:00+00:00
[2021-06-06 06:37:41,328] {scheduler_job.py:190} INFO - Processing /media/PythonProjects/66.Spotify_ETL/venv/lib/python3.8/site-packages/airflow/example_dags/example_skip_dag.py took 0.094 seconds
[2021-06-06 06:38:14,410] {scheduler_job.py:182} INFO - Started process (PID=3060) to work on /media/PythonProjects/66.Spotify_ETL/venv/lib/python3.8/site-packages/airflow/example_dags/example_skip_dag.py
[2021-06-06 06:38:14,414] {scheduler_job.py:633} INFO - Processing file /media/PythonProjects/66.Spotify_ETL/venv/lib/python3.8/site-packages/airflow/example_dags/example_skip_dag.py for tasks to queue
[2021-06-06 06:38:14,416] {logging_mixin.py:104} INFO - [2021-06-06 06:38:14,415] {dagbag.py:487} INFO - Filling up the DagBag from /media/PythonProjects/66.Spotify_ETL/venv/lib/python3.8/site-packages/airflow/example_dags/example_skip_dag.py
[2021-06-06 06:38:14,435] {scheduler_job.py:643} INFO - DAG(s) dict_keys(['example_skip_dag']) retrieved from /media/PythonProjects/66.Spotify_ETL/venv/lib/python3.8/site-packages/airflow/example_dags/example_skip_dag.py
[2021-06-06 06:38:14,456] {logging_mixin.py:104} INFO - [2021-06-06 06:38:14,456] {dag.py:1832} INFO - Sync 1 DAGs
[2021-06-06 06:38:14,479] {logging_mixin.py:104} INFO - [2021-06-06 06:38:14,479] {dag.py:2305} INFO - Setting next_dagrun for example_skip_dag to 2021-06-04 00:00:00+00:00
[2021-06-06 06:38:14,506] {scheduler_job.py:190} INFO - Processing /media/PythonProjects/66.Spotify_ETL/venv/lib/python3.8/site-packages/airflow/example_dags/example_skip_dag.py took 0.101 seconds
[2021-06-06 06:38:47,220] {scheduler_job.py:182} INFO - Started process (PID=3118) to work on /media/PythonProjects/66.Spotify_ETL/venv/lib/python3.8/site-packages/airflow/example_dags/example_skip_dag.py
[2021-06-06 06:38:47,223] {scheduler_job.py:633} INFO - Processing file /media/PythonProjects/66.Spotify_ETL/venv/lib/python3.8/site-packages/airflow/example_dags/example_skip_dag.py for tasks to queue
[2021-06-06 06:38:47,224] {logging_mixin.py:104} INFO - [2021-06-06 06:38:47,223] {dagbag.py:487} INFO - Filling up the DagBag from /media/PythonProjects/66.Spotify_ETL/venv/lib/python3.8/site-packages/airflow/example_dags/example_skip_dag.py
[2021-06-06 06:38:47,244] {scheduler_job.py:643} INFO - DAG(s) dict_keys(['example_skip_dag']) retrieved from /media/PythonProjects/66.Spotify_ETL/venv/lib/python3.8/site-packages/airflow/example_dags/example_skip_dag.py
[2021-06-06 06:38:47,281] {logging_mixin.py:104} INFO - [2021-06-06 06:38:47,281] {dag.py:1832} INFO - Sync 1 DAGs
[2021-06-06 06:38:47,304] {logging_mixin.py:104} INFO - [2021-06-06 06:38:47,304] {dag.py:2305} INFO - Setting next_dagrun for example_skip_dag to 2021-06-04 00:00:00+00:00
[2021-06-06 06:38:47,346] {scheduler_job.py:190} INFO - Processing /media/PythonProjects/66.Spotify_ETL/venv/lib/python3.8/site-packages/airflow/example_dags/example_skip_dag.py took 0.141 seconds
[2021-06-06 06:39:19,583] {scheduler_job.py:182} INFO - Started process (PID=3175) to work on /media/PythonProjects/66.Spotify_ETL/venv/lib/python3.8/site-packages/airflow/example_dags/example_skip_dag.py
[2021-06-06 06:39:19,584] {scheduler_job.py:633} INFO - Processing file /media/PythonProjects/66.Spotify_ETL/venv/lib/python3.8/site-packages/airflow/example_dags/example_skip_dag.py for tasks to queue
[2021-06-06 06:39:19,585] {logging_mixin.py:104} INFO - [2021-06-06 06:39:19,585] {dagbag.py:487} INFO - Filling up the DagBag from /media/PythonProjects/66.Spotify_ETL/venv/lib/python3.8/site-packages/airflow/example_dags/example_skip_dag.py
[2021-06-06 06:39:19,598] {scheduler_job.py:643} INFO - DAG(s) dict_keys(['example_skip_dag']) retrieved from /media/PythonProjects/66.Spotify_ETL/venv/lib/python3.8/site-packages/airflow/example_dags/example_skip_dag.py
[2021-06-06 06:39:19,618] {logging_mixin.py:104} INFO - [2021-06-06 06:39:19,618] {dag.py:1832} INFO - Sync 1 DAGs
[2021-06-06 06:39:19,633] {logging_mixin.py:104} INFO - [2021-06-06 06:39:19,633] {dag.py:2305} INFO - Setting next_dagrun for example_skip_dag to 2021-06-04 00:00:00+00:00
[2021-06-06 06:39:19,657] {scheduler_job.py:190} INFO - Processing /media/PythonProjects/66.Spotify_ETL/venv/lib/python3.8/site-packages/airflow/example_dags/example_skip_dag.py took 0.078 seconds
[2021-06-06 06:39:52,875] {scheduler_job.py:182} INFO - Started process (PID=3231) to work on /media/PythonProjects/66.Spotify_ETL/venv/lib/python3.8/site-packages/airflow/example_dags/example_skip_dag.py
[2021-06-06 06:39:52,877] {scheduler_job.py:633} INFO - Processing file /media/PythonProjects/66.Spotify_ETL/venv/lib/python3.8/site-packages/airflow/example_dags/example_skip_dag.py for tasks to queue
[2021-06-06 06:39:52,879] {logging_mixin.py:104} INFO - [2021-06-06 06:39:52,878] {dagbag.py:487} INFO - Filling up the DagBag from /media/PythonProjects/66.Spotify_ETL/venv/lib/python3.8/site-packages/airflow/example_dags/example_skip_dag.py
[2021-06-06 06:39:52,892] {scheduler_job.py:643} INFO - DAG(s) dict_keys(['example_skip_dag']) retrieved from /media/PythonProjects/66.Spotify_ETL/venv/lib/python3.8/site-packages/airflow/example_dags/example_skip_dag.py
[2021-06-06 06:39:52,906] {logging_mixin.py:104} INFO - [2021-06-06 06:39:52,906] {dag.py:1832} INFO - Sync 1 DAGs
[2021-06-06 06:39:52,919] {logging_mixin.py:104} INFO - [2021-06-06 06:39:52,919] {dag.py:2305} INFO - Setting next_dagrun for example_skip_dag to 2021-06-04 00:00:00+00:00
[2021-06-06 06:39:52,939] {scheduler_job.py:190} INFO - Processing /media/PythonProjects/66.Spotify_ETL/venv/lib/python3.8/site-packages/airflow/example_dags/example_skip_dag.py took 0.069 seconds
[2021-06-06 06:40:27,017] {scheduler_job.py:182} INFO - Started process (PID=3286) to work on /media/PythonProjects/66.Spotify_ETL/venv/lib/python3.8/site-packages/airflow/example_dags/example_skip_dag.py
[2021-06-06 06:40:27,018] {scheduler_job.py:633} INFO - Processing file /media/PythonProjects/66.Spotify_ETL/venv/lib/python3.8/site-packages/airflow/example_dags/example_skip_dag.py for tasks to queue
[2021-06-06 06:40:27,019] {logging_mixin.py:104} INFO - [2021-06-06 06:40:27,019] {dagbag.py:487} INFO - Filling up the DagBag from /media/PythonProjects/66.Spotify_ETL/venv/lib/python3.8/site-packages/airflow/example_dags/example_skip_dag.py
[2021-06-06 06:40:27,030] {scheduler_job.py:643} INFO - DAG(s) dict_keys(['example_skip_dag']) retrieved from /media/PythonProjects/66.Spotify_ETL/venv/lib/python3.8/site-packages/airflow/example_dags/example_skip_dag.py
[2021-06-06 06:40:27,043] {logging_mixin.py:104} INFO - [2021-06-06 06:40:27,043] {dag.py:1832} INFO - Sync 1 DAGs
[2021-06-06 06:40:27,053] {logging_mixin.py:104} INFO - [2021-06-06 06:40:27,053] {dag.py:2305} INFO - Setting next_dagrun for example_skip_dag to 2021-06-04 00:00:00+00:00
[2021-06-06 06:40:27,079] {scheduler_job.py:190} INFO - Processing /media/PythonProjects/66.Spotify_ETL/venv/lib/python3.8/site-packages/airflow/example_dags/example_skip_dag.py took 0.067 seconds
[2021-06-06 06:40:59,704] {scheduler_job.py:182} INFO - Started process (PID=3345) to work on /media/PythonProjects/66.Spotify_ETL/venv/lib/python3.8/site-packages/airflow/example_dags/example_skip_dag.py
[2021-06-06 06:40:59,706] {scheduler_job.py:633} INFO - Processing file /media/PythonProjects/66.Spotify_ETL/venv/lib/python3.8/site-packages/airflow/example_dags/example_skip_dag.py for tasks to queue
[2021-06-06 06:40:59,707] {logging_mixin.py:104} INFO - [2021-06-06 06:40:59,707] {dagbag.py:487} INFO - Filling up the DagBag from /media/PythonProjects/66.Spotify_ETL/venv/lib/python3.8/site-packages/airflow/example_dags/example_skip_dag.py
[2021-06-06 06:40:59,721] {scheduler_job.py:643} INFO - DAG(s) dict_keys(['example_skip_dag']) retrieved from /media/PythonProjects/66.Spotify_ETL/venv/lib/python3.8/site-packages/airflow/example_dags/example_skip_dag.py
[2021-06-06 06:40:59,735] {logging_mixin.py:104} INFO - [2021-06-06 06:40:59,735] {dag.py:1832} INFO - Sync 1 DAGs
[2021-06-06 06:40:59,746] {logging_mixin.py:104} INFO - [2021-06-06 06:40:59,746] {dag.py:2305} INFO - Setting next_dagrun for example_skip_dag to 2021-06-04 00:00:00+00:00
[2021-06-06 06:40:59,766] {scheduler_job.py:190} INFO - Processing /media/PythonProjects/66.Spotify_ETL/venv/lib/python3.8/site-packages/airflow/example_dags/example_skip_dag.py took 0.070 seconds
[2021-06-06 06:41:34,450] {scheduler_job.py:182} INFO - Started process (PID=3406) to work on /media/PythonProjects/66.Spotify_ETL/venv/lib/python3.8/site-packages/airflow/example_dags/example_skip_dag.py
[2021-06-06 06:41:34,451] {scheduler_job.py:633} INFO - Processing file /media/PythonProjects/66.Spotify_ETL/venv/lib/python3.8/site-packages/airflow/example_dags/example_skip_dag.py for tasks to queue
[2021-06-06 06:41:34,453] {logging_mixin.py:104} INFO - [2021-06-06 06:41:34,453] {dagbag.py:487} INFO - Filling up the DagBag from /media/PythonProjects/66.Spotify_ETL/venv/lib/python3.8/site-packages/airflow/example_dags/example_skip_dag.py
[2021-06-06 06:41:34,467] {scheduler_job.py:643} INFO - DAG(s) dict_keys(['example_skip_dag']) retrieved from /media/PythonProjects/66.Spotify_ETL/venv/lib/python3.8/site-packages/airflow/example_dags/example_skip_dag.py
[2021-06-06 06:41:34,480] {logging_mixin.py:104} INFO - [2021-06-06 06:41:34,480] {dag.py:1832} INFO - Sync 1 DAGs
[2021-06-06 06:41:34,491] {logging_mixin.py:104} INFO - [2021-06-06 06:41:34,491] {dag.py:2305} INFO - Setting next_dagrun for example_skip_dag to 2021-06-04 00:00:00+00:00
[2021-06-06 06:41:34,515] {scheduler_job.py:190} INFO - Processing /media/PythonProjects/66.Spotify_ETL/venv/lib/python3.8/site-packages/airflow/example_dags/example_skip_dag.py took 0.071 seconds
[2021-06-06 06:42:07,143] {scheduler_job.py:182} INFO - Started process (PID=3464) to work on /media/PythonProjects/66.Spotify_ETL/venv/lib/python3.8/site-packages/airflow/example_dags/example_skip_dag.py
[2021-06-06 06:42:07,145] {scheduler_job.py:633} INFO - Processing file /media/PythonProjects/66.Spotify_ETL/venv/lib/python3.8/site-packages/airflow/example_dags/example_skip_dag.py for tasks to queue
[2021-06-06 06:42:07,145] {logging_mixin.py:104} INFO - [2021-06-06 06:42:07,145] {dagbag.py:487} INFO - Filling up the DagBag from /media/PythonProjects/66.Spotify_ETL/venv/lib/python3.8/site-packages/airflow/example_dags/example_skip_dag.py
[2021-06-06 06:42:07,156] {scheduler_job.py:643} INFO - DAG(s) dict_keys(['example_skip_dag']) retrieved from /media/PythonProjects/66.Spotify_ETL/venv/lib/python3.8/site-packages/airflow/example_dags/example_skip_dag.py
[2021-06-06 06:42:07,169] {logging_mixin.py:104} INFO - [2021-06-06 06:42:07,169] {dag.py:1832} INFO - Sync 1 DAGs
[2021-06-06 06:42:07,179] {logging_mixin.py:104} INFO - [2021-06-06 06:42:07,179] {dag.py:2305} INFO - Setting next_dagrun for example_skip_dag to 2021-06-04 00:00:00+00:00
[2021-06-06 06:42:07,198] {scheduler_job.py:190} INFO - Processing /media/PythonProjects/66.Spotify_ETL/venv/lib/python3.8/site-packages/airflow/example_dags/example_skip_dag.py took 0.059 seconds
[2021-06-06 06:42:38,624] {scheduler_job.py:182} INFO - Started process (PID=3520) to work on /media/PythonProjects/66.Spotify_ETL/venv/lib/python3.8/site-packages/airflow/example_dags/example_skip_dag.py
[2021-06-06 06:42:38,626] {scheduler_job.py:633} INFO - Processing file /media/PythonProjects/66.Spotify_ETL/venv/lib/python3.8/site-packages/airflow/example_dags/example_skip_dag.py for tasks to queue
[2021-06-06 06:42:38,627] {logging_mixin.py:104} INFO - [2021-06-06 06:42:38,627] {dagbag.py:487} INFO - Filling up the DagBag from /media/PythonProjects/66.Spotify_ETL/venv/lib/python3.8/site-packages/airflow/example_dags/example_skip_dag.py
[2021-06-06 06:42:38,638] {scheduler_job.py:643} INFO - DAG(s) dict_keys(['example_skip_dag']) retrieved from /media/PythonProjects/66.Spotify_ETL/venv/lib/python3.8/site-packages/airflow/example_dags/example_skip_dag.py
[2021-06-06 06:42:38,654] {logging_mixin.py:104} INFO - [2021-06-06 06:42:38,654] {dag.py:1832} INFO - Sync 1 DAGs
[2021-06-06 06:42:38,665] {logging_mixin.py:104} INFO - [2021-06-06 06:42:38,665] {dag.py:2305} INFO - Setting next_dagrun for example_skip_dag to 2021-06-04 00:00:00+00:00
[2021-06-06 06:42:38,685] {scheduler_job.py:190} INFO - Processing /media/PythonProjects/66.Spotify_ETL/venv/lib/python3.8/site-packages/airflow/example_dags/example_skip_dag.py took 0.067 seconds
[2021-06-06 06:43:11,739] {scheduler_job.py:182} INFO - Started process (PID=3579) to work on /media/PythonProjects/66.Spotify_ETL/venv/lib/python3.8/site-packages/airflow/example_dags/example_skip_dag.py
[2021-06-06 06:43:11,742] {scheduler_job.py:633} INFO - Processing file /media/PythonProjects/66.Spotify_ETL/venv/lib/python3.8/site-packages/airflow/example_dags/example_skip_dag.py for tasks to queue
[2021-06-06 06:43:11,743] {logging_mixin.py:104} INFO - [2021-06-06 06:43:11,743] {dagbag.py:487} INFO - Filling up the DagBag from /media/PythonProjects/66.Spotify_ETL/venv/lib/python3.8/site-packages/airflow/example_dags/example_skip_dag.py
[2021-06-06 06:43:11,761] {scheduler_job.py:643} INFO - DAG(s) dict_keys(['example_skip_dag']) retrieved from /media/PythonProjects/66.Spotify_ETL/venv/lib/python3.8/site-packages/airflow/example_dags/example_skip_dag.py
[2021-06-06 06:43:11,780] {logging_mixin.py:104} INFO - [2021-06-06 06:43:11,779] {dag.py:1832} INFO - Sync 1 DAGs
[2021-06-06 06:43:11,792] {logging_mixin.py:104} INFO - [2021-06-06 06:43:11,792] {dag.py:2305} INFO - Setting next_dagrun for example_skip_dag to 2021-06-04 00:00:00+00:00
[2021-06-06 06:43:11,828] {scheduler_job.py:190} INFO - Processing /media/PythonProjects/66.Spotify_ETL/venv/lib/python3.8/site-packages/airflow/example_dags/example_skip_dag.py took 0.097 seconds
[2021-06-06 06:43:43,905] {scheduler_job.py:182} INFO - Started process (PID=3636) to work on /media/PythonProjects/66.Spotify_ETL/venv/lib/python3.8/site-packages/airflow/example_dags/example_skip_dag.py
[2021-06-06 06:43:43,906] {scheduler_job.py:633} INFO - Processing file /media/PythonProjects/66.Spotify_ETL/venv/lib/python3.8/site-packages/airflow/example_dags/example_skip_dag.py for tasks to queue
[2021-06-06 06:43:43,908] {logging_mixin.py:104} INFO - [2021-06-06 06:43:43,907] {dagbag.py:487} INFO - Filling up the DagBag from /media/PythonProjects/66.Spotify_ETL/venv/lib/python3.8/site-packages/airflow/example_dags/example_skip_dag.py
[2021-06-06 06:43:43,921] {scheduler_job.py:643} INFO - DAG(s) dict_keys(['example_skip_dag']) retrieved from /media/PythonProjects/66.Spotify_ETL/venv/lib/python3.8/site-packages/airflow/example_dags/example_skip_dag.py
[2021-06-06 06:43:43,937] {logging_mixin.py:104} INFO - [2021-06-06 06:43:43,937] {dag.py:1832} INFO - Sync 1 DAGs
[2021-06-06 06:43:43,950] {logging_mixin.py:104} INFO - [2021-06-06 06:43:43,950] {dag.py:2305} INFO - Setting next_dagrun for example_skip_dag to 2021-06-04 00:00:00+00:00
[2021-06-06 06:43:43,975] {scheduler_job.py:190} INFO - Processing /media/PythonProjects/66.Spotify_ETL/venv/lib/python3.8/site-packages/airflow/example_dags/example_skip_dag.py took 0.077 seconds
[2021-06-06 06:44:16,722] {scheduler_job.py:182} INFO - Started process (PID=3693) to work on /media/PythonProjects/66.Spotify_ETL/venv/lib/python3.8/site-packages/airflow/example_dags/example_skip_dag.py
[2021-06-06 06:44:16,728] {scheduler_job.py:633} INFO - Processing file /media/PythonProjects/66.Spotify_ETL/venv/lib/python3.8/site-packages/airflow/example_dags/example_skip_dag.py for tasks to queue
[2021-06-06 06:44:16,729] {logging_mixin.py:104} INFO - [2021-06-06 06:44:16,728] {dagbag.py:487} INFO - Filling up the DagBag from /media/PythonProjects/66.Spotify_ETL/venv/lib/python3.8/site-packages/airflow/example_dags/example_skip_dag.py
[2021-06-06 06:44:16,749] {scheduler_job.py:643} INFO - DAG(s) dict_keys(['example_skip_dag']) retrieved from /media/PythonProjects/66.Spotify_ETL/venv/lib/python3.8/site-packages/airflow/example_dags/example_skip_dag.py
[2021-06-06 06:44:16,764] {logging_mixin.py:104} INFO - [2021-06-06 06:44:16,764] {dag.py:1832} INFO - Sync 1 DAGs
[2021-06-06 06:44:16,779] {logging_mixin.py:104} INFO - [2021-06-06 06:44:16,778] {dag.py:2305} INFO - Setting next_dagrun for example_skip_dag to 2021-06-04 00:00:00+00:00
[2021-06-06 06:44:16,801] {scheduler_job.py:190} INFO - Processing /media/PythonProjects/66.Spotify_ETL/venv/lib/python3.8/site-packages/airflow/example_dags/example_skip_dag.py took 0.083 seconds
[2021-06-06 06:44:53,379] {scheduler_job.py:182} INFO - Started process (PID=3753) to work on /media/PythonProjects/66.Spotify_ETL/venv/lib/python3.8/site-packages/airflow/example_dags/example_skip_dag.py
[2021-06-06 06:44:53,381] {scheduler_job.py:633} INFO - Processing file /media/PythonProjects/66.Spotify_ETL/venv/lib/python3.8/site-packages/airflow/example_dags/example_skip_dag.py for tasks to queue
[2021-06-06 06:44:53,383] {logging_mixin.py:104} INFO - [2021-06-06 06:44:53,382] {dagbag.py:487} INFO - Filling up the DagBag from /media/PythonProjects/66.Spotify_ETL/venv/lib/python3.8/site-packages/airflow/example_dags/example_skip_dag.py
[2021-06-06 06:44:53,398] {scheduler_job.py:643} INFO - DAG(s) dict_keys(['example_skip_dag']) retrieved from /media/PythonProjects/66.Spotify_ETL/venv/lib/python3.8/site-packages/airflow/example_dags/example_skip_dag.py
[2021-06-06 06:44:53,411] {logging_mixin.py:104} INFO - [2021-06-06 06:44:53,411] {dag.py:1832} INFO - Sync 1 DAGs
[2021-06-06 06:44:53,422] {logging_mixin.py:104} INFO - [2021-06-06 06:44:53,422] {dag.py:2305} INFO - Setting next_dagrun for example_skip_dag to 2021-06-04 00:00:00+00:00
[2021-06-06 06:44:53,441] {scheduler_job.py:190} INFO - Processing /media/PythonProjects/66.Spotify_ETL/venv/lib/python3.8/site-packages/airflow/example_dags/example_skip_dag.py took 0.070 seconds
[2021-06-06 06:45:26,456] {scheduler_job.py:182} INFO - Started process (PID=3897) to work on /media/PythonProjects/66.Spotify_ETL/venv/lib/python3.8/site-packages/airflow/example_dags/example_skip_dag.py
[2021-06-06 06:45:26,458] {scheduler_job.py:633} INFO - Processing file /media/PythonProjects/66.Spotify_ETL/venv/lib/python3.8/site-packages/airflow/example_dags/example_skip_dag.py for tasks to queue
[2021-06-06 06:45:26,459] {logging_mixin.py:104} INFO - [2021-06-06 06:45:26,459] {dagbag.py:487} INFO - Filling up the DagBag from /media/PythonProjects/66.Spotify_ETL/venv/lib/python3.8/site-packages/airflow/example_dags/example_skip_dag.py
[2021-06-06 06:45:26,470] {scheduler_job.py:643} INFO - DAG(s) dict_keys(['example_skip_dag']) retrieved from /media/PythonProjects/66.Spotify_ETL/venv/lib/python3.8/site-packages/airflow/example_dags/example_skip_dag.py
[2021-06-06 06:45:26,484] {logging_mixin.py:104} INFO - [2021-06-06 06:45:26,484] {dag.py:1832} INFO - Sync 1 DAGs
[2021-06-06 06:45:26,495] {logging_mixin.py:104} INFO - [2021-06-06 06:45:26,495] {dag.py:2305} INFO - Setting next_dagrun for example_skip_dag to 2021-06-04 00:00:00+00:00
[2021-06-06 06:45:26,516] {scheduler_job.py:190} INFO - Processing /media/PythonProjects/66.Spotify_ETL/venv/lib/python3.8/site-packages/airflow/example_dags/example_skip_dag.py took 0.064 seconds
[2021-06-06 06:46:01,198] {scheduler_job.py:182} INFO - Started process (PID=4202) to work on /media/PythonProjects/66.Spotify_ETL/venv/lib/python3.8/site-packages/airflow/example_dags/example_skip_dag.py
[2021-06-06 06:46:01,200] {scheduler_job.py:633} INFO - Processing file /media/PythonProjects/66.Spotify_ETL/venv/lib/python3.8/site-packages/airflow/example_dags/example_skip_dag.py for tasks to queue
[2021-06-06 06:46:01,201] {logging_mixin.py:104} INFO - [2021-06-06 06:46:01,201] {dagbag.py:487} INFO - Filling up the DagBag from /media/PythonProjects/66.Spotify_ETL/venv/lib/python3.8/site-packages/airflow/example_dags/example_skip_dag.py
[2021-06-06 06:46:01,222] {scheduler_job.py:643} INFO - DAG(s) dict_keys(['example_skip_dag']) retrieved from /media/PythonProjects/66.Spotify_ETL/venv/lib/python3.8/site-packages/airflow/example_dags/example_skip_dag.py
[2021-06-06 06:46:01,257] {logging_mixin.py:104} INFO - [2021-06-06 06:46:01,257] {dag.py:1832} INFO - Sync 1 DAGs
[2021-06-06 06:46:01,298] {logging_mixin.py:104} INFO - [2021-06-06 06:46:01,298] {dag.py:2305} INFO - Setting next_dagrun for example_skip_dag to 2021-06-04 00:00:00+00:00
[2021-06-06 06:46:01,403] {scheduler_job.py:190} INFO - Processing /media/PythonProjects/66.Spotify_ETL/venv/lib/python3.8/site-packages/airflow/example_dags/example_skip_dag.py took 0.208 seconds
