[2021-06-06 06:32:22,770] {scheduler_job.py:182} INFO - Started process (PID=2415) to work on /media/PythonProjects/66.Spotify_ETL/venv/lib/python3.8/site-packages/airflow/example_dags/example_subdag_operator.py
[2021-06-06 06:32:22,774] {scheduler_job.py:633} INFO - Processing file /media/PythonProjects/66.Spotify_ETL/venv/lib/python3.8/site-packages/airflow/example_dags/example_subdag_operator.py for tasks to queue
[2021-06-06 06:32:22,779] {logging_mixin.py:104} INFO - [2021-06-06 06:32:22,778] {dagbag.py:487} INFO - Filling up the DagBag from /media/PythonProjects/66.Spotify_ETL/venv/lib/python3.8/site-packages/airflow/example_dags/example_subdag_operator.py
[2021-06-06 06:32:22,811] {scheduler_job.py:643} INFO - DAG(s) dict_keys(['example_subdag_operator.section-1', 'example_subdag_operator.section-2', 'example_subdag_operator']) retrieved from /media/PythonProjects/66.Spotify_ETL/venv/lib/python3.8/site-packages/airflow/example_dags/example_subdag_operator.py
[2021-06-06 06:32:22,821] {logging_mixin.py:104} INFO - [2021-06-06 06:32:22,821] {dag.py:1832} INFO - Sync 3 DAGs
[2021-06-06 06:32:22,837] {logging_mixin.py:104} INFO - [2021-06-06 06:32:22,836] {dag.py:2305} INFO - Setting next_dagrun for example_subdag_operator to 2021-06-04 00:00:00+00:00
[2021-06-06 06:32:22,838] {logging_mixin.py:104} INFO - [2021-06-06 06:32:22,837] {dag.py:2305} INFO - Setting next_dagrun for example_subdag_operator.section-1 to None
[2021-06-06 06:32:22,838] {logging_mixin.py:104} INFO - [2021-06-06 06:32:22,838] {dag.py:2305} INFO - Setting next_dagrun for example_subdag_operator.section-2 to None
[2021-06-06 06:32:22,858] {logging_mixin.py:104} INFO - [2021-06-06 06:32:22,858] {dag.py:1832} INFO - Sync 2 DAGs
[2021-06-06 06:32:22,868] {logging_mixin.py:104} INFO - [2021-06-06 06:32:22,868] {dag.py:2305} INFO - Setting next_dagrun for example_subdag_operator.section-1 to None
[2021-06-06 06:32:22,868] {logging_mixin.py:104} INFO - [2021-06-06 06:32:22,868] {dag.py:2305} INFO - Setting next_dagrun for example_subdag_operator.section-2 to None
[2021-06-06 06:32:22,886] {scheduler_job.py:190} INFO - Processing /media/PythonProjects/66.Spotify_ETL/venv/lib/python3.8/site-packages/airflow/example_dags/example_subdag_operator.py took 0.124 seconds
[2021-06-06 06:32:59,580] {scheduler_job.py:182} INFO - Started process (PID=2501) to work on /media/PythonProjects/66.Spotify_ETL/venv/lib/python3.8/site-packages/airflow/example_dags/example_subdag_operator.py
[2021-06-06 06:32:59,581] {scheduler_job.py:633} INFO - Processing file /media/PythonProjects/66.Spotify_ETL/venv/lib/python3.8/site-packages/airflow/example_dags/example_subdag_operator.py for tasks to queue
[2021-06-06 06:32:59,582] {logging_mixin.py:104} INFO - [2021-06-06 06:32:59,582] {dagbag.py:487} INFO - Filling up the DagBag from /media/PythonProjects/66.Spotify_ETL/venv/lib/python3.8/site-packages/airflow/example_dags/example_subdag_operator.py
[2021-06-06 06:32:59,611] {scheduler_job.py:643} INFO - DAG(s) dict_keys(['example_subdag_operator.section-1', 'example_subdag_operator.section-2', 'example_subdag_operator']) retrieved from /media/PythonProjects/66.Spotify_ETL/venv/lib/python3.8/site-packages/airflow/example_dags/example_subdag_operator.py
[2021-06-06 06:32:59,623] {logging_mixin.py:104} INFO - [2021-06-06 06:32:59,622] {dag.py:1832} INFO - Sync 3 DAGs
[2021-06-06 06:32:59,633] {logging_mixin.py:104} INFO - [2021-06-06 06:32:59,633] {dag.py:2305} INFO - Setting next_dagrun for example_subdag_operator to 2021-06-04 00:00:00+00:00
[2021-06-06 06:32:59,634] {logging_mixin.py:104} INFO - [2021-06-06 06:32:59,634] {dag.py:2305} INFO - Setting next_dagrun for example_subdag_operator.section-1 to None
[2021-06-06 06:32:59,635] {logging_mixin.py:104} INFO - [2021-06-06 06:32:59,635] {dag.py:2305} INFO - Setting next_dagrun for example_subdag_operator.section-2 to None
[2021-06-06 06:32:59,689] {logging_mixin.py:104} INFO - [2021-06-06 06:32:59,689] {dag.py:1832} INFO - Sync 2 DAGs
[2021-06-06 06:32:59,705] {logging_mixin.py:104} INFO - [2021-06-06 06:32:59,705] {dag.py:2305} INFO - Setting next_dagrun for example_subdag_operator.section-1 to None
[2021-06-06 06:32:59,705] {logging_mixin.py:104} INFO - [2021-06-06 06:32:59,705] {dag.py:2305} INFO - Setting next_dagrun for example_subdag_operator.section-2 to None
[2021-06-06 06:32:59,725] {scheduler_job.py:190} INFO - Processing /media/PythonProjects/66.Spotify_ETL/venv/lib/python3.8/site-packages/airflow/example_dags/example_subdag_operator.py took 0.150 seconds
[2021-06-06 06:33:33,065] {scheduler_job.py:182} INFO - Started process (PID=2558) to work on /media/PythonProjects/66.Spotify_ETL/venv/lib/python3.8/site-packages/airflow/example_dags/example_subdag_operator.py
[2021-06-06 06:33:33,067] {scheduler_job.py:633} INFO - Processing file /media/PythonProjects/66.Spotify_ETL/venv/lib/python3.8/site-packages/airflow/example_dags/example_subdag_operator.py for tasks to queue
[2021-06-06 06:33:33,068] {logging_mixin.py:104} INFO - [2021-06-06 06:33:33,068] {dagbag.py:487} INFO - Filling up the DagBag from /media/PythonProjects/66.Spotify_ETL/venv/lib/python3.8/site-packages/airflow/example_dags/example_subdag_operator.py
[2021-06-06 06:33:33,101] {scheduler_job.py:643} INFO - DAG(s) dict_keys(['example_subdag_operator.section-1', 'example_subdag_operator.section-2', 'example_subdag_operator']) retrieved from /media/PythonProjects/66.Spotify_ETL/venv/lib/python3.8/site-packages/airflow/example_dags/example_subdag_operator.py
[2021-06-06 06:33:33,111] {logging_mixin.py:104} INFO - [2021-06-06 06:33:33,111] {dag.py:1832} INFO - Sync 3 DAGs
[2021-06-06 06:33:33,126] {logging_mixin.py:104} INFO - [2021-06-06 06:33:33,126] {dag.py:2305} INFO - Setting next_dagrun for example_subdag_operator to 2021-06-04 00:00:00+00:00
[2021-06-06 06:33:33,128] {logging_mixin.py:104} INFO - [2021-06-06 06:33:33,128] {dag.py:2305} INFO - Setting next_dagrun for example_subdag_operator.section-1 to None
[2021-06-06 06:33:33,130] {logging_mixin.py:104} INFO - [2021-06-06 06:33:33,130] {dag.py:2305} INFO - Setting next_dagrun for example_subdag_operator.section-2 to None
[2021-06-06 06:33:33,170] {logging_mixin.py:104} INFO - [2021-06-06 06:33:33,170] {dag.py:1832} INFO - Sync 2 DAGs
[2021-06-06 06:33:33,179] {logging_mixin.py:104} INFO - [2021-06-06 06:33:33,179] {dag.py:2305} INFO - Setting next_dagrun for example_subdag_operator.section-1 to None
[2021-06-06 06:33:33,180] {logging_mixin.py:104} INFO - [2021-06-06 06:33:33,180] {dag.py:2305} INFO - Setting next_dagrun for example_subdag_operator.section-2 to None
[2021-06-06 06:33:33,216] {scheduler_job.py:190} INFO - Processing /media/PythonProjects/66.Spotify_ETL/venv/lib/python3.8/site-packages/airflow/example_dags/example_subdag_operator.py took 0.157 seconds
[2021-06-06 06:34:12,498] {scheduler_job.py:182} INFO - Started process (PID=2624) to work on /media/PythonProjects/66.Spotify_ETL/venv/lib/python3.8/site-packages/airflow/example_dags/example_subdag_operator.py
[2021-06-06 06:34:12,499] {scheduler_job.py:633} INFO - Processing file /media/PythonProjects/66.Spotify_ETL/venv/lib/python3.8/site-packages/airflow/example_dags/example_subdag_operator.py for tasks to queue
[2021-06-06 06:34:12,501] {logging_mixin.py:104} INFO - [2021-06-06 06:34:12,500] {dagbag.py:487} INFO - Filling up the DagBag from /media/PythonProjects/66.Spotify_ETL/venv/lib/python3.8/site-packages/airflow/example_dags/example_subdag_operator.py
[2021-06-06 06:34:12,537] {scheduler_job.py:643} INFO - DAG(s) dict_keys(['example_subdag_operator.section-1', 'example_subdag_operator.section-2', 'example_subdag_operator']) retrieved from /media/PythonProjects/66.Spotify_ETL/venv/lib/python3.8/site-packages/airflow/example_dags/example_subdag_operator.py
[2021-06-06 06:34:12,551] {logging_mixin.py:104} INFO - [2021-06-06 06:34:12,551] {dag.py:1832} INFO - Sync 3 DAGs
[2021-06-06 06:34:12,570] {logging_mixin.py:104} INFO - [2021-06-06 06:34:12,570] {dag.py:2305} INFO - Setting next_dagrun for example_subdag_operator to 2021-06-04 00:00:00+00:00
[2021-06-06 06:34:12,572] {logging_mixin.py:104} INFO - [2021-06-06 06:34:12,572] {dag.py:2305} INFO - Setting next_dagrun for example_subdag_operator.section-1 to None
[2021-06-06 06:34:12,572] {logging_mixin.py:104} INFO - [2021-06-06 06:34:12,572] {dag.py:2305} INFO - Setting next_dagrun for example_subdag_operator.section-2 to None
[2021-06-06 06:34:12,590] {logging_mixin.py:104} INFO - [2021-06-06 06:34:12,590] {dag.py:1832} INFO - Sync 2 DAGs
[2021-06-06 06:34:12,601] {logging_mixin.py:104} INFO - [2021-06-06 06:34:12,601] {dag.py:2305} INFO - Setting next_dagrun for example_subdag_operator.section-1 to None
[2021-06-06 06:34:12,601] {logging_mixin.py:104} INFO - [2021-06-06 06:34:12,601] {dag.py:2305} INFO - Setting next_dagrun for example_subdag_operator.section-2 to None
[2021-06-06 06:34:12,632] {scheduler_job.py:190} INFO - Processing /media/PythonProjects/66.Spotify_ETL/venv/lib/python3.8/site-packages/airflow/example_dags/example_subdag_operator.py took 0.138 seconds
[2021-06-06 06:34:45,585] {scheduler_job.py:182} INFO - Started process (PID=2683) to work on /media/PythonProjects/66.Spotify_ETL/venv/lib/python3.8/site-packages/airflow/example_dags/example_subdag_operator.py
[2021-06-06 06:34:45,587] {scheduler_job.py:633} INFO - Processing file /media/PythonProjects/66.Spotify_ETL/venv/lib/python3.8/site-packages/airflow/example_dags/example_subdag_operator.py for tasks to queue
[2021-06-06 06:34:45,588] {logging_mixin.py:104} INFO - [2021-06-06 06:34:45,588] {dagbag.py:487} INFO - Filling up the DagBag from /media/PythonProjects/66.Spotify_ETL/venv/lib/python3.8/site-packages/airflow/example_dags/example_subdag_operator.py
[2021-06-06 06:34:45,613] {scheduler_job.py:643} INFO - DAG(s) dict_keys(['example_subdag_operator.section-1', 'example_subdag_operator.section-2', 'example_subdag_operator']) retrieved from /media/PythonProjects/66.Spotify_ETL/venv/lib/python3.8/site-packages/airflow/example_dags/example_subdag_operator.py
[2021-06-06 06:34:45,622] {logging_mixin.py:104} INFO - [2021-06-06 06:34:45,622] {dag.py:1832} INFO - Sync 3 DAGs
[2021-06-06 06:34:45,632] {logging_mixin.py:104} INFO - [2021-06-06 06:34:45,632] {dag.py:2305} INFO - Setting next_dagrun for example_subdag_operator to 2021-06-04 00:00:00+00:00
[2021-06-06 06:34:45,633] {logging_mixin.py:104} INFO - [2021-06-06 06:34:45,633] {dag.py:2305} INFO - Setting next_dagrun for example_subdag_operator.section-1 to None
[2021-06-06 06:34:45,633] {logging_mixin.py:104} INFO - [2021-06-06 06:34:45,633] {dag.py:2305} INFO - Setting next_dagrun for example_subdag_operator.section-2 to None
[2021-06-06 06:34:45,649] {logging_mixin.py:104} INFO - [2021-06-06 06:34:45,649] {dag.py:1832} INFO - Sync 2 DAGs
[2021-06-06 06:34:45,655] {logging_mixin.py:104} INFO - [2021-06-06 06:34:45,655] {dag.py:2305} INFO - Setting next_dagrun for example_subdag_operator.section-1 to None
[2021-06-06 06:34:45,656] {logging_mixin.py:104} INFO - [2021-06-06 06:34:45,656] {dag.py:2305} INFO - Setting next_dagrun for example_subdag_operator.section-2 to None
[2021-06-06 06:34:45,671] {scheduler_job.py:190} INFO - Processing /media/PythonProjects/66.Spotify_ETL/venv/lib/python3.8/site-packages/airflow/example_dags/example_subdag_operator.py took 0.093 seconds
[2021-06-06 06:35:17,901] {scheduler_job.py:182} INFO - Started process (PID=2743) to work on /media/PythonProjects/66.Spotify_ETL/venv/lib/python3.8/site-packages/airflow/example_dags/example_subdag_operator.py
[2021-06-06 06:35:17,902] {scheduler_job.py:633} INFO - Processing file /media/PythonProjects/66.Spotify_ETL/venv/lib/python3.8/site-packages/airflow/example_dags/example_subdag_operator.py for tasks to queue
[2021-06-06 06:35:17,903] {logging_mixin.py:104} INFO - [2021-06-06 06:35:17,902] {dagbag.py:487} INFO - Filling up the DagBag from /media/PythonProjects/66.Spotify_ETL/venv/lib/python3.8/site-packages/airflow/example_dags/example_subdag_operator.py
[2021-06-06 06:35:17,923] {scheduler_job.py:643} INFO - DAG(s) dict_keys(['example_subdag_operator.section-1', 'example_subdag_operator.section-2', 'example_subdag_operator']) retrieved from /media/PythonProjects/66.Spotify_ETL/venv/lib/python3.8/site-packages/airflow/example_dags/example_subdag_operator.py
[2021-06-06 06:35:17,932] {logging_mixin.py:104} INFO - [2021-06-06 06:35:17,932] {dag.py:1832} INFO - Sync 3 DAGs
[2021-06-06 06:35:17,942] {logging_mixin.py:104} INFO - [2021-06-06 06:35:17,942] {dag.py:2305} INFO - Setting next_dagrun for example_subdag_operator to 2021-06-04 00:00:00+00:00
[2021-06-06 06:35:17,943] {logging_mixin.py:104} INFO - [2021-06-06 06:35:17,943] {dag.py:2305} INFO - Setting next_dagrun for example_subdag_operator.section-1 to None
[2021-06-06 06:35:17,943] {logging_mixin.py:104} INFO - [2021-06-06 06:35:17,943] {dag.py:2305} INFO - Setting next_dagrun for example_subdag_operator.section-2 to None
[2021-06-06 06:35:17,962] {logging_mixin.py:104} INFO - [2021-06-06 06:35:17,962] {dag.py:1832} INFO - Sync 2 DAGs
[2021-06-06 06:35:17,969] {logging_mixin.py:104} INFO - [2021-06-06 06:35:17,969] {dag.py:2305} INFO - Setting next_dagrun for example_subdag_operator.section-1 to None
[2021-06-06 06:35:17,969] {logging_mixin.py:104} INFO - [2021-06-06 06:35:17,969] {dag.py:2305} INFO - Setting next_dagrun for example_subdag_operator.section-2 to None
[2021-06-06 06:35:17,983] {scheduler_job.py:190} INFO - Processing /media/PythonProjects/66.Spotify_ETL/venv/lib/python3.8/site-packages/airflow/example_dags/example_subdag_operator.py took 0.084 seconds
[2021-06-06 06:35:50,577] {scheduler_job.py:182} INFO - Started process (PID=2804) to work on /media/PythonProjects/66.Spotify_ETL/venv/lib/python3.8/site-packages/airflow/example_dags/example_subdag_operator.py
[2021-06-06 06:35:50,578] {scheduler_job.py:633} INFO - Processing file /media/PythonProjects/66.Spotify_ETL/venv/lib/python3.8/site-packages/airflow/example_dags/example_subdag_operator.py for tasks to queue
[2021-06-06 06:35:50,579] {logging_mixin.py:104} INFO - [2021-06-06 06:35:50,579] {dagbag.py:487} INFO - Filling up the DagBag from /media/PythonProjects/66.Spotify_ETL/venv/lib/python3.8/site-packages/airflow/example_dags/example_subdag_operator.py
[2021-06-06 06:35:50,606] {scheduler_job.py:643} INFO - DAG(s) dict_keys(['example_subdag_operator.section-1', 'example_subdag_operator.section-2', 'example_subdag_operator']) retrieved from /media/PythonProjects/66.Spotify_ETL/venv/lib/python3.8/site-packages/airflow/example_dags/example_subdag_operator.py
[2021-06-06 06:35:50,622] {logging_mixin.py:104} INFO - [2021-06-06 06:35:50,622] {dag.py:1832} INFO - Sync 3 DAGs
[2021-06-06 06:35:50,641] {logging_mixin.py:104} INFO - [2021-06-06 06:35:50,640] {dag.py:2305} INFO - Setting next_dagrun for example_subdag_operator to 2021-06-04 00:00:00+00:00
[2021-06-06 06:35:50,642] {logging_mixin.py:104} INFO - [2021-06-06 06:35:50,642] {dag.py:2305} INFO - Setting next_dagrun for example_subdag_operator.section-1 to None
[2021-06-06 06:35:50,643] {logging_mixin.py:104} INFO - [2021-06-06 06:35:50,643] {dag.py:2305} INFO - Setting next_dagrun for example_subdag_operator.section-2 to None
[2021-06-06 06:35:50,659] {logging_mixin.py:104} INFO - [2021-06-06 06:35:50,658] {dag.py:1832} INFO - Sync 2 DAGs
[2021-06-06 06:35:50,665] {logging_mixin.py:104} INFO - [2021-06-06 06:35:50,665] {dag.py:2305} INFO - Setting next_dagrun for example_subdag_operator.section-1 to None
[2021-06-06 06:35:50,665] {logging_mixin.py:104} INFO - [2021-06-06 06:35:50,665] {dag.py:2305} INFO - Setting next_dagrun for example_subdag_operator.section-2 to None
[2021-06-06 06:35:50,688] {scheduler_job.py:190} INFO - Processing /media/PythonProjects/66.Spotify_ETL/venv/lib/python3.8/site-packages/airflow/example_dags/example_subdag_operator.py took 0.115 seconds
[2021-06-06 06:36:23,942] {scheduler_job.py:182} INFO - Started process (PID=2864) to work on /media/PythonProjects/66.Spotify_ETL/venv/lib/python3.8/site-packages/airflow/example_dags/example_subdag_operator.py
[2021-06-06 06:36:23,944] {scheduler_job.py:633} INFO - Processing file /media/PythonProjects/66.Spotify_ETL/venv/lib/python3.8/site-packages/airflow/example_dags/example_subdag_operator.py for tasks to queue
[2021-06-06 06:36:23,946] {logging_mixin.py:104} INFO - [2021-06-06 06:36:23,945] {dagbag.py:487} INFO - Filling up the DagBag from /media/PythonProjects/66.Spotify_ETL/venv/lib/python3.8/site-packages/airflow/example_dags/example_subdag_operator.py
[2021-06-06 06:36:23,972] {scheduler_job.py:643} INFO - DAG(s) dict_keys(['example_subdag_operator.section-1', 'example_subdag_operator.section-2', 'example_subdag_operator']) retrieved from /media/PythonProjects/66.Spotify_ETL/venv/lib/python3.8/site-packages/airflow/example_dags/example_subdag_operator.py
[2021-06-06 06:36:23,982] {logging_mixin.py:104} INFO - [2021-06-06 06:36:23,982] {dag.py:1832} INFO - Sync 3 DAGs
[2021-06-06 06:36:23,993] {logging_mixin.py:104} INFO - [2021-06-06 06:36:23,993] {dag.py:2305} INFO - Setting next_dagrun for example_subdag_operator to 2021-06-04 00:00:00+00:00
[2021-06-06 06:36:23,994] {logging_mixin.py:104} INFO - [2021-06-06 06:36:23,994] {dag.py:2305} INFO - Setting next_dagrun for example_subdag_operator.section-1 to None
[2021-06-06 06:36:23,994] {logging_mixin.py:104} INFO - [2021-06-06 06:36:23,994] {dag.py:2305} INFO - Setting next_dagrun for example_subdag_operator.section-2 to None
[2021-06-06 06:36:24,011] {logging_mixin.py:104} INFO - [2021-06-06 06:36:24,011] {dag.py:1832} INFO - Sync 2 DAGs
[2021-06-06 06:36:24,017] {logging_mixin.py:104} INFO - [2021-06-06 06:36:24,017] {dag.py:2305} INFO - Setting next_dagrun for example_subdag_operator.section-1 to None
[2021-06-06 06:36:24,017] {logging_mixin.py:104} INFO - [2021-06-06 06:36:24,017] {dag.py:2305} INFO - Setting next_dagrun for example_subdag_operator.section-2 to None
[2021-06-06 06:36:24,033] {scheduler_job.py:190} INFO - Processing /media/PythonProjects/66.Spotify_ETL/venv/lib/python3.8/site-packages/airflow/example_dags/example_subdag_operator.py took 0.098 seconds
[2021-06-06 06:36:57,551] {scheduler_job.py:182} INFO - Started process (PID=2924) to work on /media/PythonProjects/66.Spotify_ETL/venv/lib/python3.8/site-packages/airflow/example_dags/example_subdag_operator.py
[2021-06-06 06:36:57,554] {scheduler_job.py:633} INFO - Processing file /media/PythonProjects/66.Spotify_ETL/venv/lib/python3.8/site-packages/airflow/example_dags/example_subdag_operator.py for tasks to queue
[2021-06-06 06:36:57,555] {logging_mixin.py:104} INFO - [2021-06-06 06:36:57,555] {dagbag.py:487} INFO - Filling up the DagBag from /media/PythonProjects/66.Spotify_ETL/venv/lib/python3.8/site-packages/airflow/example_dags/example_subdag_operator.py
[2021-06-06 06:36:57,578] {scheduler_job.py:643} INFO - DAG(s) dict_keys(['example_subdag_operator.section-1', 'example_subdag_operator.section-2', 'example_subdag_operator']) retrieved from /media/PythonProjects/66.Spotify_ETL/venv/lib/python3.8/site-packages/airflow/example_dags/example_subdag_operator.py
[2021-06-06 06:36:57,587] {logging_mixin.py:104} INFO - [2021-06-06 06:36:57,587] {dag.py:1832} INFO - Sync 3 DAGs
[2021-06-06 06:36:57,596] {logging_mixin.py:104} INFO - [2021-06-06 06:36:57,596] {dag.py:2305} INFO - Setting next_dagrun for example_subdag_operator to 2021-06-04 00:00:00+00:00
[2021-06-06 06:36:57,597] {logging_mixin.py:104} INFO - [2021-06-06 06:36:57,597] {dag.py:2305} INFO - Setting next_dagrun for example_subdag_operator.section-1 to None
[2021-06-06 06:36:57,597] {logging_mixin.py:104} INFO - [2021-06-06 06:36:57,597] {dag.py:2305} INFO - Setting next_dagrun for example_subdag_operator.section-2 to None
[2021-06-06 06:36:57,613] {logging_mixin.py:104} INFO - [2021-06-06 06:36:57,612] {dag.py:1832} INFO - Sync 2 DAGs
[2021-06-06 06:36:57,619] {logging_mixin.py:104} INFO - [2021-06-06 06:36:57,619] {dag.py:2305} INFO - Setting next_dagrun for example_subdag_operator.section-1 to None
[2021-06-06 06:36:57,619] {logging_mixin.py:104} INFO - [2021-06-06 06:36:57,619] {dag.py:2305} INFO - Setting next_dagrun for example_subdag_operator.section-2 to None
[2021-06-06 06:36:57,636] {scheduler_job.py:190} INFO - Processing /media/PythonProjects/66.Spotify_ETL/venv/lib/python3.8/site-packages/airflow/example_dags/example_subdag_operator.py took 0.092 seconds
[2021-06-06 06:37:30,785] {scheduler_job.py:182} INFO - Started process (PID=2985) to work on /media/PythonProjects/66.Spotify_ETL/venv/lib/python3.8/site-packages/airflow/example_dags/example_subdag_operator.py
[2021-06-06 06:37:30,786] {scheduler_job.py:633} INFO - Processing file /media/PythonProjects/66.Spotify_ETL/venv/lib/python3.8/site-packages/airflow/example_dags/example_subdag_operator.py for tasks to queue
[2021-06-06 06:37:30,787] {logging_mixin.py:104} INFO - [2021-06-06 06:37:30,787] {dagbag.py:487} INFO - Filling up the DagBag from /media/PythonProjects/66.Spotify_ETL/venv/lib/python3.8/site-packages/airflow/example_dags/example_subdag_operator.py
[2021-06-06 06:37:30,810] {scheduler_job.py:643} INFO - DAG(s) dict_keys(['example_subdag_operator.section-1', 'example_subdag_operator.section-2', 'example_subdag_operator']) retrieved from /media/PythonProjects/66.Spotify_ETL/venv/lib/python3.8/site-packages/airflow/example_dags/example_subdag_operator.py
[2021-06-06 06:37:30,820] {logging_mixin.py:104} INFO - [2021-06-06 06:37:30,820] {dag.py:1832} INFO - Sync 3 DAGs
[2021-06-06 06:37:30,832] {logging_mixin.py:104} INFO - [2021-06-06 06:37:30,832] {dag.py:2305} INFO - Setting next_dagrun for example_subdag_operator to 2021-06-04 00:00:00+00:00
[2021-06-06 06:37:30,833] {logging_mixin.py:104} INFO - [2021-06-06 06:37:30,833] {dag.py:2305} INFO - Setting next_dagrun for example_subdag_operator.section-1 to None
[2021-06-06 06:37:30,834] {logging_mixin.py:104} INFO - [2021-06-06 06:37:30,833] {dag.py:2305} INFO - Setting next_dagrun for example_subdag_operator.section-2 to None
[2021-06-06 06:37:30,878] {logging_mixin.py:104} INFO - [2021-06-06 06:37:30,877] {dag.py:1832} INFO - Sync 2 DAGs
[2021-06-06 06:37:30,889] {logging_mixin.py:104} INFO - [2021-06-06 06:37:30,889] {dag.py:2305} INFO - Setting next_dagrun for example_subdag_operator.section-1 to None
[2021-06-06 06:37:30,890] {logging_mixin.py:104} INFO - [2021-06-06 06:37:30,890] {dag.py:2305} INFO - Setting next_dagrun for example_subdag_operator.section-2 to None
[2021-06-06 06:37:30,945] {scheduler_job.py:190} INFO - Processing /media/PythonProjects/66.Spotify_ETL/venv/lib/python3.8/site-packages/airflow/example_dags/example_subdag_operator.py took 0.163 seconds
[2021-06-06 06:38:04,150] {scheduler_job.py:182} INFO - Started process (PID=3044) to work on /media/PythonProjects/66.Spotify_ETL/venv/lib/python3.8/site-packages/airflow/example_dags/example_subdag_operator.py
[2021-06-06 06:38:04,151] {scheduler_job.py:633} INFO - Processing file /media/PythonProjects/66.Spotify_ETL/venv/lib/python3.8/site-packages/airflow/example_dags/example_subdag_operator.py for tasks to queue
[2021-06-06 06:38:04,152] {logging_mixin.py:104} INFO - [2021-06-06 06:38:04,152] {dagbag.py:487} INFO - Filling up the DagBag from /media/PythonProjects/66.Spotify_ETL/venv/lib/python3.8/site-packages/airflow/example_dags/example_subdag_operator.py
[2021-06-06 06:38:04,178] {scheduler_job.py:643} INFO - DAG(s) dict_keys(['example_subdag_operator.section-1', 'example_subdag_operator.section-2', 'example_subdag_operator']) retrieved from /media/PythonProjects/66.Spotify_ETL/venv/lib/python3.8/site-packages/airflow/example_dags/example_subdag_operator.py
[2021-06-06 06:38:04,188] {logging_mixin.py:104} INFO - [2021-06-06 06:38:04,187] {dag.py:1832} INFO - Sync 3 DAGs
[2021-06-06 06:38:04,198] {logging_mixin.py:104} INFO - [2021-06-06 06:38:04,198] {dag.py:2305} INFO - Setting next_dagrun for example_subdag_operator to 2021-06-04 00:00:00+00:00
[2021-06-06 06:38:04,200] {logging_mixin.py:104} INFO - [2021-06-06 06:38:04,200] {dag.py:2305} INFO - Setting next_dagrun for example_subdag_operator.section-1 to None
[2021-06-06 06:38:04,200] {logging_mixin.py:104} INFO - [2021-06-06 06:38:04,200] {dag.py:2305} INFO - Setting next_dagrun for example_subdag_operator.section-2 to None
[2021-06-06 06:38:04,222] {logging_mixin.py:104} INFO - [2021-06-06 06:38:04,222] {dag.py:1832} INFO - Sync 2 DAGs
[2021-06-06 06:38:04,229] {logging_mixin.py:104} INFO - [2021-06-06 06:38:04,229] {dag.py:2305} INFO - Setting next_dagrun for example_subdag_operator.section-1 to None
[2021-06-06 06:38:04,229] {logging_mixin.py:104} INFO - [2021-06-06 06:38:04,229] {dag.py:2305} INFO - Setting next_dagrun for example_subdag_operator.section-2 to None
[2021-06-06 06:38:04,243] {scheduler_job.py:190} INFO - Processing /media/PythonProjects/66.Spotify_ETL/venv/lib/python3.8/site-packages/airflow/example_dags/example_subdag_operator.py took 0.099 seconds
[2021-06-06 06:38:36,896] {scheduler_job.py:182} INFO - Started process (PID=3101) to work on /media/PythonProjects/66.Spotify_ETL/venv/lib/python3.8/site-packages/airflow/example_dags/example_subdag_operator.py
[2021-06-06 06:38:36,902] {scheduler_job.py:633} INFO - Processing file /media/PythonProjects/66.Spotify_ETL/venv/lib/python3.8/site-packages/airflow/example_dags/example_subdag_operator.py for tasks to queue
[2021-06-06 06:38:36,905] {logging_mixin.py:104} INFO - [2021-06-06 06:38:36,905] {dagbag.py:487} INFO - Filling up the DagBag from /media/PythonProjects/66.Spotify_ETL/venv/lib/python3.8/site-packages/airflow/example_dags/example_subdag_operator.py
[2021-06-06 06:38:36,934] {scheduler_job.py:643} INFO - DAG(s) dict_keys(['example_subdag_operator.section-1', 'example_subdag_operator.section-2', 'example_subdag_operator']) retrieved from /media/PythonProjects/66.Spotify_ETL/venv/lib/python3.8/site-packages/airflow/example_dags/example_subdag_operator.py
[2021-06-06 06:38:36,952] {logging_mixin.py:104} INFO - [2021-06-06 06:38:36,951] {dag.py:1832} INFO - Sync 3 DAGs
[2021-06-06 06:38:36,969] {logging_mixin.py:104} INFO - [2021-06-06 06:38:36,969] {dag.py:2305} INFO - Setting next_dagrun for example_subdag_operator to 2021-06-04 00:00:00+00:00
[2021-06-06 06:38:36,970] {logging_mixin.py:104} INFO - [2021-06-06 06:38:36,970] {dag.py:2305} INFO - Setting next_dagrun for example_subdag_operator.section-1 to None
[2021-06-06 06:38:36,970] {logging_mixin.py:104} INFO - [2021-06-06 06:38:36,970] {dag.py:2305} INFO - Setting next_dagrun for example_subdag_operator.section-2 to None
[2021-06-06 06:38:36,989] {logging_mixin.py:104} INFO - [2021-06-06 06:38:36,989] {dag.py:1832} INFO - Sync 2 DAGs
[2021-06-06 06:38:36,995] {logging_mixin.py:104} INFO - [2021-06-06 06:38:36,995] {dag.py:2305} INFO - Setting next_dagrun for example_subdag_operator.section-1 to None
[2021-06-06 06:38:36,997] {logging_mixin.py:104} INFO - [2021-06-06 06:38:36,997] {dag.py:2305} INFO - Setting next_dagrun for example_subdag_operator.section-2 to None
[2021-06-06 06:38:37,096] {scheduler_job.py:190} INFO - Processing /media/PythonProjects/66.Spotify_ETL/venv/lib/python3.8/site-packages/airflow/example_dags/example_subdag_operator.py took 0.204 seconds
[2021-06-06 06:39:10,407] {scheduler_job.py:182} INFO - Started process (PID=3159) to work on /media/PythonProjects/66.Spotify_ETL/venv/lib/python3.8/site-packages/airflow/example_dags/example_subdag_operator.py
[2021-06-06 06:39:10,409] {scheduler_job.py:633} INFO - Processing file /media/PythonProjects/66.Spotify_ETL/venv/lib/python3.8/site-packages/airflow/example_dags/example_subdag_operator.py for tasks to queue
[2021-06-06 06:39:10,410] {logging_mixin.py:104} INFO - [2021-06-06 06:39:10,410] {dagbag.py:487} INFO - Filling up the DagBag from /media/PythonProjects/66.Spotify_ETL/venv/lib/python3.8/site-packages/airflow/example_dags/example_subdag_operator.py
[2021-06-06 06:39:10,430] {scheduler_job.py:643} INFO - DAG(s) dict_keys(['example_subdag_operator.section-1', 'example_subdag_operator.section-2', 'example_subdag_operator']) retrieved from /media/PythonProjects/66.Spotify_ETL/venv/lib/python3.8/site-packages/airflow/example_dags/example_subdag_operator.py
[2021-06-06 06:39:10,440] {logging_mixin.py:104} INFO - [2021-06-06 06:39:10,439] {dag.py:1832} INFO - Sync 3 DAGs
[2021-06-06 06:39:10,449] {logging_mixin.py:104} INFO - [2021-06-06 06:39:10,449] {dag.py:2305} INFO - Setting next_dagrun for example_subdag_operator to 2021-06-04 00:00:00+00:00
[2021-06-06 06:39:10,450] {logging_mixin.py:104} INFO - [2021-06-06 06:39:10,450] {dag.py:2305} INFO - Setting next_dagrun for example_subdag_operator.section-1 to None
[2021-06-06 06:39:10,450] {logging_mixin.py:104} INFO - [2021-06-06 06:39:10,450] {dag.py:2305} INFO - Setting next_dagrun for example_subdag_operator.section-2 to None
[2021-06-06 06:39:10,470] {logging_mixin.py:104} INFO - [2021-06-06 06:39:10,470] {dag.py:1832} INFO - Sync 2 DAGs
[2021-06-06 06:39:10,479] {logging_mixin.py:104} INFO - [2021-06-06 06:39:10,478] {dag.py:2305} INFO - Setting next_dagrun for example_subdag_operator.section-1 to None
[2021-06-06 06:39:10,479] {logging_mixin.py:104} INFO - [2021-06-06 06:39:10,479] {dag.py:2305} INFO - Setting next_dagrun for example_subdag_operator.section-2 to None
[2021-06-06 06:39:10,497] {scheduler_job.py:190} INFO - Processing /media/PythonProjects/66.Spotify_ETL/venv/lib/python3.8/site-packages/airflow/example_dags/example_subdag_operator.py took 0.093 seconds
[2021-06-06 06:39:45,489] {scheduler_job.py:182} INFO - Started process (PID=3219) to work on /media/PythonProjects/66.Spotify_ETL/venv/lib/python3.8/site-packages/airflow/example_dags/example_subdag_operator.py
[2021-06-06 06:39:45,491] {scheduler_job.py:633} INFO - Processing file /media/PythonProjects/66.Spotify_ETL/venv/lib/python3.8/site-packages/airflow/example_dags/example_subdag_operator.py for tasks to queue
[2021-06-06 06:39:45,492] {logging_mixin.py:104} INFO - [2021-06-06 06:39:45,492] {dagbag.py:487} INFO - Filling up the DagBag from /media/PythonProjects/66.Spotify_ETL/venv/lib/python3.8/site-packages/airflow/example_dags/example_subdag_operator.py
[2021-06-06 06:39:45,514] {scheduler_job.py:643} INFO - DAG(s) dict_keys(['example_subdag_operator.section-1', 'example_subdag_operator.section-2', 'example_subdag_operator']) retrieved from /media/PythonProjects/66.Spotify_ETL/venv/lib/python3.8/site-packages/airflow/example_dags/example_subdag_operator.py
[2021-06-06 06:39:45,525] {logging_mixin.py:104} INFO - [2021-06-06 06:39:45,525] {dag.py:1832} INFO - Sync 3 DAGs
[2021-06-06 06:39:45,536] {logging_mixin.py:104} INFO - [2021-06-06 06:39:45,536] {dag.py:2305} INFO - Setting next_dagrun for example_subdag_operator to 2021-06-04 00:00:00+00:00
[2021-06-06 06:39:45,537] {logging_mixin.py:104} INFO - [2021-06-06 06:39:45,537] {dag.py:2305} INFO - Setting next_dagrun for example_subdag_operator.section-1 to None
[2021-06-06 06:39:45,537] {logging_mixin.py:104} INFO - [2021-06-06 06:39:45,537] {dag.py:2305} INFO - Setting next_dagrun for example_subdag_operator.section-2 to None
[2021-06-06 06:39:45,558] {logging_mixin.py:104} INFO - [2021-06-06 06:39:45,557] {dag.py:1832} INFO - Sync 2 DAGs
[2021-06-06 06:39:45,565] {logging_mixin.py:104} INFO - [2021-06-06 06:39:45,564] {dag.py:2305} INFO - Setting next_dagrun for example_subdag_operator.section-1 to None
[2021-06-06 06:39:45,565] {logging_mixin.py:104} INFO - [2021-06-06 06:39:45,565] {dag.py:2305} INFO - Setting next_dagrun for example_subdag_operator.section-2 to None
[2021-06-06 06:39:45,585] {scheduler_job.py:190} INFO - Processing /media/PythonProjects/66.Spotify_ETL/venv/lib/python3.8/site-packages/airflow/example_dags/example_subdag_operator.py took 0.099 seconds
[2021-06-06 06:40:23,486] {scheduler_job.py:182} INFO - Started process (PID=3281) to work on /media/PythonProjects/66.Spotify_ETL/venv/lib/python3.8/site-packages/airflow/example_dags/example_subdag_operator.py
[2021-06-06 06:40:23,488] {scheduler_job.py:633} INFO - Processing file /media/PythonProjects/66.Spotify_ETL/venv/lib/python3.8/site-packages/airflow/example_dags/example_subdag_operator.py for tasks to queue
[2021-06-06 06:40:23,489] {logging_mixin.py:104} INFO - [2021-06-06 06:40:23,488] {dagbag.py:487} INFO - Filling up the DagBag from /media/PythonProjects/66.Spotify_ETL/venv/lib/python3.8/site-packages/airflow/example_dags/example_subdag_operator.py
[2021-06-06 06:40:23,512] {scheduler_job.py:643} INFO - DAG(s) dict_keys(['example_subdag_operator.section-1', 'example_subdag_operator.section-2', 'example_subdag_operator']) retrieved from /media/PythonProjects/66.Spotify_ETL/venv/lib/python3.8/site-packages/airflow/example_dags/example_subdag_operator.py
[2021-06-06 06:40:23,522] {logging_mixin.py:104} INFO - [2021-06-06 06:40:23,522] {dag.py:1832} INFO - Sync 3 DAGs
[2021-06-06 06:40:23,532] {logging_mixin.py:104} INFO - [2021-06-06 06:40:23,532] {dag.py:2305} INFO - Setting next_dagrun for example_subdag_operator to 2021-06-04 00:00:00+00:00
[2021-06-06 06:40:23,535] {logging_mixin.py:104} INFO - [2021-06-06 06:40:23,535] {dag.py:2305} INFO - Setting next_dagrun for example_subdag_operator.section-1 to None
[2021-06-06 06:40:23,535] {logging_mixin.py:104} INFO - [2021-06-06 06:40:23,535] {dag.py:2305} INFO - Setting next_dagrun for example_subdag_operator.section-2 to None
[2021-06-06 06:40:23,556] {logging_mixin.py:104} INFO - [2021-06-06 06:40:23,556] {dag.py:1832} INFO - Sync 2 DAGs
[2021-06-06 06:40:23,562] {logging_mixin.py:104} INFO - [2021-06-06 06:40:23,562] {dag.py:2305} INFO - Setting next_dagrun for example_subdag_operator.section-1 to None
[2021-06-06 06:40:23,562] {logging_mixin.py:104} INFO - [2021-06-06 06:40:23,562] {dag.py:2305} INFO - Setting next_dagrun for example_subdag_operator.section-2 to None
[2021-06-06 06:40:23,584] {scheduler_job.py:190} INFO - Processing /media/PythonProjects/66.Spotify_ETL/venv/lib/python3.8/site-packages/airflow/example_dags/example_subdag_operator.py took 0.102 seconds
[2021-06-06 06:40:58,406] {scheduler_job.py:182} INFO - Started process (PID=3343) to work on /media/PythonProjects/66.Spotify_ETL/venv/lib/python3.8/site-packages/airflow/example_dags/example_subdag_operator.py
[2021-06-06 06:40:58,407] {scheduler_job.py:633} INFO - Processing file /media/PythonProjects/66.Spotify_ETL/venv/lib/python3.8/site-packages/airflow/example_dags/example_subdag_operator.py for tasks to queue
[2021-06-06 06:40:58,408] {logging_mixin.py:104} INFO - [2021-06-06 06:40:58,408] {dagbag.py:487} INFO - Filling up the DagBag from /media/PythonProjects/66.Spotify_ETL/venv/lib/python3.8/site-packages/airflow/example_dags/example_subdag_operator.py
[2021-06-06 06:40:58,430] {scheduler_job.py:643} INFO - DAG(s) dict_keys(['example_subdag_operator.section-1', 'example_subdag_operator.section-2', 'example_subdag_operator']) retrieved from /media/PythonProjects/66.Spotify_ETL/venv/lib/python3.8/site-packages/airflow/example_dags/example_subdag_operator.py
[2021-06-06 06:40:58,440] {logging_mixin.py:104} INFO - [2021-06-06 06:40:58,440] {dag.py:1832} INFO - Sync 3 DAGs
[2021-06-06 06:40:58,451] {logging_mixin.py:104} INFO - [2021-06-06 06:40:58,451] {dag.py:2305} INFO - Setting next_dagrun for example_subdag_operator to 2021-06-04 00:00:00+00:00
[2021-06-06 06:40:58,452] {logging_mixin.py:104} INFO - [2021-06-06 06:40:58,452] {dag.py:2305} INFO - Setting next_dagrun for example_subdag_operator.section-1 to None
[2021-06-06 06:40:58,454] {logging_mixin.py:104} INFO - [2021-06-06 06:40:58,454] {dag.py:2305} INFO - Setting next_dagrun for example_subdag_operator.section-2 to None
[2021-06-06 06:40:58,476] {logging_mixin.py:104} INFO - [2021-06-06 06:40:58,476] {dag.py:1832} INFO - Sync 2 DAGs
[2021-06-06 06:40:58,485] {logging_mixin.py:104} INFO - [2021-06-06 06:40:58,485] {dag.py:2305} INFO - Setting next_dagrun for example_subdag_operator.section-1 to None
[2021-06-06 06:40:58,485] {logging_mixin.py:104} INFO - [2021-06-06 06:40:58,485] {dag.py:2305} INFO - Setting next_dagrun for example_subdag_operator.section-2 to None
[2021-06-06 06:40:58,517] {scheduler_job.py:190} INFO - Processing /media/PythonProjects/66.Spotify_ETL/venv/lib/python3.8/site-packages/airflow/example_dags/example_subdag_operator.py took 0.114 seconds
[2021-06-06 06:41:32,046] {scheduler_job.py:182} INFO - Started process (PID=3402) to work on /media/PythonProjects/66.Spotify_ETL/venv/lib/python3.8/site-packages/airflow/example_dags/example_subdag_operator.py
[2021-06-06 06:41:32,048] {scheduler_job.py:633} INFO - Processing file /media/PythonProjects/66.Spotify_ETL/venv/lib/python3.8/site-packages/airflow/example_dags/example_subdag_operator.py for tasks to queue
[2021-06-06 06:41:32,049] {logging_mixin.py:104} INFO - [2021-06-06 06:41:32,049] {dagbag.py:487} INFO - Filling up the DagBag from /media/PythonProjects/66.Spotify_ETL/venv/lib/python3.8/site-packages/airflow/example_dags/example_subdag_operator.py
[2021-06-06 06:41:32,072] {scheduler_job.py:643} INFO - DAG(s) dict_keys(['example_subdag_operator.section-1', 'example_subdag_operator.section-2', 'example_subdag_operator']) retrieved from /media/PythonProjects/66.Spotify_ETL/venv/lib/python3.8/site-packages/airflow/example_dags/example_subdag_operator.py
[2021-06-06 06:41:32,082] {logging_mixin.py:104} INFO - [2021-06-06 06:41:32,082] {dag.py:1832} INFO - Sync 3 DAGs
[2021-06-06 06:41:32,092] {logging_mixin.py:104} INFO - [2021-06-06 06:41:32,092] {dag.py:2305} INFO - Setting next_dagrun for example_subdag_operator to 2021-06-04 00:00:00+00:00
[2021-06-06 06:41:32,093] {logging_mixin.py:104} INFO - [2021-06-06 06:41:32,093] {dag.py:2305} INFO - Setting next_dagrun for example_subdag_operator.section-1 to None
[2021-06-06 06:41:32,094] {logging_mixin.py:104} INFO - [2021-06-06 06:41:32,093] {dag.py:2305} INFO - Setting next_dagrun for example_subdag_operator.section-2 to None
[2021-06-06 06:41:32,111] {logging_mixin.py:104} INFO - [2021-06-06 06:41:32,111] {dag.py:1832} INFO - Sync 2 DAGs
[2021-06-06 06:41:32,118] {logging_mixin.py:104} INFO - [2021-06-06 06:41:32,118] {dag.py:2305} INFO - Setting next_dagrun for example_subdag_operator.section-1 to None
[2021-06-06 06:41:32,118] {logging_mixin.py:104} INFO - [2021-06-06 06:41:32,118] {dag.py:2305} INFO - Setting next_dagrun for example_subdag_operator.section-2 to None
[2021-06-06 06:41:32,131] {scheduler_job.py:190} INFO - Processing /media/PythonProjects/66.Spotify_ETL/venv/lib/python3.8/site-packages/airflow/example_dags/example_subdag_operator.py took 0.090 seconds
[2021-06-06 06:42:05,868] {scheduler_job.py:182} INFO - Started process (PID=3462) to work on /media/PythonProjects/66.Spotify_ETL/venv/lib/python3.8/site-packages/airflow/example_dags/example_subdag_operator.py
[2021-06-06 06:42:05,871] {scheduler_job.py:633} INFO - Processing file /media/PythonProjects/66.Spotify_ETL/venv/lib/python3.8/site-packages/airflow/example_dags/example_subdag_operator.py for tasks to queue
[2021-06-06 06:42:05,872] {logging_mixin.py:104} INFO - [2021-06-06 06:42:05,872] {dagbag.py:487} INFO - Filling up the DagBag from /media/PythonProjects/66.Spotify_ETL/venv/lib/python3.8/site-packages/airflow/example_dags/example_subdag_operator.py
[2021-06-06 06:42:05,896] {scheduler_job.py:643} INFO - DAG(s) dict_keys(['example_subdag_operator.section-1', 'example_subdag_operator.section-2', 'example_subdag_operator']) retrieved from /media/PythonProjects/66.Spotify_ETL/venv/lib/python3.8/site-packages/airflow/example_dags/example_subdag_operator.py
[2021-06-06 06:42:05,906] {logging_mixin.py:104} INFO - [2021-06-06 06:42:05,906] {dag.py:1832} INFO - Sync 3 DAGs
[2021-06-06 06:42:05,915] {logging_mixin.py:104} INFO - [2021-06-06 06:42:05,915] {dag.py:2305} INFO - Setting next_dagrun for example_subdag_operator to 2021-06-04 00:00:00+00:00
[2021-06-06 06:42:05,916] {logging_mixin.py:104} INFO - [2021-06-06 06:42:05,916] {dag.py:2305} INFO - Setting next_dagrun for example_subdag_operator.section-1 to None
[2021-06-06 06:42:05,917] {logging_mixin.py:104} INFO - [2021-06-06 06:42:05,917] {dag.py:2305} INFO - Setting next_dagrun for example_subdag_operator.section-2 to None
[2021-06-06 06:42:05,931] {logging_mixin.py:104} INFO - [2021-06-06 06:42:05,931] {dag.py:1832} INFO - Sync 2 DAGs
[2021-06-06 06:42:05,938] {logging_mixin.py:104} INFO - [2021-06-06 06:42:05,938] {dag.py:2305} INFO - Setting next_dagrun for example_subdag_operator.section-1 to None
[2021-06-06 06:42:05,939] {logging_mixin.py:104} INFO - [2021-06-06 06:42:05,939] {dag.py:2305} INFO - Setting next_dagrun for example_subdag_operator.section-2 to None
[2021-06-06 06:42:05,953] {scheduler_job.py:190} INFO - Processing /media/PythonProjects/66.Spotify_ETL/venv/lib/python3.8/site-packages/airflow/example_dags/example_subdag_operator.py took 0.090 seconds
[2021-06-06 06:42:41,025] {scheduler_job.py:182} INFO - Started process (PID=3524) to work on /media/PythonProjects/66.Spotify_ETL/venv/lib/python3.8/site-packages/airflow/example_dags/example_subdag_operator.py
[2021-06-06 06:42:41,027] {scheduler_job.py:633} INFO - Processing file /media/PythonProjects/66.Spotify_ETL/venv/lib/python3.8/site-packages/airflow/example_dags/example_subdag_operator.py for tasks to queue
[2021-06-06 06:42:41,028] {logging_mixin.py:104} INFO - [2021-06-06 06:42:41,027] {dagbag.py:487} INFO - Filling up the DagBag from /media/PythonProjects/66.Spotify_ETL/venv/lib/python3.8/site-packages/airflow/example_dags/example_subdag_operator.py
[2021-06-06 06:42:41,071] {scheduler_job.py:643} INFO - DAG(s) dict_keys(['example_subdag_operator.section-1', 'example_subdag_operator.section-2', 'example_subdag_operator']) retrieved from /media/PythonProjects/66.Spotify_ETL/venv/lib/python3.8/site-packages/airflow/example_dags/example_subdag_operator.py
[2021-06-06 06:42:41,090] {logging_mixin.py:104} INFO - [2021-06-06 06:42:41,090] {dag.py:1832} INFO - Sync 3 DAGs
[2021-06-06 06:42:41,105] {logging_mixin.py:104} INFO - [2021-06-06 06:42:41,105] {dag.py:2305} INFO - Setting next_dagrun for example_subdag_operator to 2021-06-04 00:00:00+00:00
[2021-06-06 06:42:41,107] {logging_mixin.py:104} INFO - [2021-06-06 06:42:41,107] {dag.py:2305} INFO - Setting next_dagrun for example_subdag_operator.section-1 to None
[2021-06-06 06:42:41,108] {logging_mixin.py:104} INFO - [2021-06-06 06:42:41,108] {dag.py:2305} INFO - Setting next_dagrun for example_subdag_operator.section-2 to None
[2021-06-06 06:42:41,153] {logging_mixin.py:104} INFO - [2021-06-06 06:42:41,153] {dag.py:1832} INFO - Sync 2 DAGs
[2021-06-06 06:42:41,162] {logging_mixin.py:104} INFO - [2021-06-06 06:42:41,162] {dag.py:2305} INFO - Setting next_dagrun for example_subdag_operator.section-1 to None
[2021-06-06 06:42:41,163] {logging_mixin.py:104} INFO - [2021-06-06 06:42:41,163] {dag.py:2305} INFO - Setting next_dagrun for example_subdag_operator.section-2 to None
[2021-06-06 06:42:41,186] {scheduler_job.py:190} INFO - Processing /media/PythonProjects/66.Spotify_ETL/venv/lib/python3.8/site-packages/airflow/example_dags/example_subdag_operator.py took 0.164 seconds
[2021-06-06 06:43:16,990] {scheduler_job.py:182} INFO - Started process (PID=3589) to work on /media/PythonProjects/66.Spotify_ETL/venv/lib/python3.8/site-packages/airflow/example_dags/example_subdag_operator.py
[2021-06-06 06:43:16,992] {scheduler_job.py:633} INFO - Processing file /media/PythonProjects/66.Spotify_ETL/venv/lib/python3.8/site-packages/airflow/example_dags/example_subdag_operator.py for tasks to queue
[2021-06-06 06:43:16,994] {logging_mixin.py:104} INFO - [2021-06-06 06:43:16,993] {dagbag.py:487} INFO - Filling up the DagBag from /media/PythonProjects/66.Spotify_ETL/venv/lib/python3.8/site-packages/airflow/example_dags/example_subdag_operator.py
[2021-06-06 06:43:17,018] {scheduler_job.py:643} INFO - DAG(s) dict_keys(['example_subdag_operator.section-1', 'example_subdag_operator.section-2', 'example_subdag_operator']) retrieved from /media/PythonProjects/66.Spotify_ETL/venv/lib/python3.8/site-packages/airflow/example_dags/example_subdag_operator.py
[2021-06-06 06:43:17,028] {logging_mixin.py:104} INFO - [2021-06-06 06:43:17,028] {dag.py:1832} INFO - Sync 3 DAGs
[2021-06-06 06:43:17,038] {logging_mixin.py:104} INFO - [2021-06-06 06:43:17,038] {dag.py:2305} INFO - Setting next_dagrun for example_subdag_operator to 2021-06-04 00:00:00+00:00
[2021-06-06 06:43:17,039] {logging_mixin.py:104} INFO - [2021-06-06 06:43:17,039] {dag.py:2305} INFO - Setting next_dagrun for example_subdag_operator.section-1 to None
[2021-06-06 06:43:17,039] {logging_mixin.py:104} INFO - [2021-06-06 06:43:17,039] {dag.py:2305} INFO - Setting next_dagrun for example_subdag_operator.section-2 to None
[2021-06-06 06:43:17,060] {logging_mixin.py:104} INFO - [2021-06-06 06:43:17,060] {dag.py:1832} INFO - Sync 2 DAGs
[2021-06-06 06:43:17,067] {logging_mixin.py:104} INFO - [2021-06-06 06:43:17,067] {dag.py:2305} INFO - Setting next_dagrun for example_subdag_operator.section-1 to None
[2021-06-06 06:43:17,067] {logging_mixin.py:104} INFO - [2021-06-06 06:43:17,067] {dag.py:2305} INFO - Setting next_dagrun for example_subdag_operator.section-2 to None
[2021-06-06 06:43:17,081] {scheduler_job.py:190} INFO - Processing /media/PythonProjects/66.Spotify_ETL/venv/lib/python3.8/site-packages/airflow/example_dags/example_subdag_operator.py took 0.097 seconds
[2021-06-06 06:43:48,971] {scheduler_job.py:182} INFO - Started process (PID=3646) to work on /media/PythonProjects/66.Spotify_ETL/venv/lib/python3.8/site-packages/airflow/example_dags/example_subdag_operator.py
[2021-06-06 06:43:48,972] {scheduler_job.py:633} INFO - Processing file /media/PythonProjects/66.Spotify_ETL/venv/lib/python3.8/site-packages/airflow/example_dags/example_subdag_operator.py for tasks to queue
[2021-06-06 06:43:48,973] {logging_mixin.py:104} INFO - [2021-06-06 06:43:48,973] {dagbag.py:487} INFO - Filling up the DagBag from /media/PythonProjects/66.Spotify_ETL/venv/lib/python3.8/site-packages/airflow/example_dags/example_subdag_operator.py
[2021-06-06 06:43:48,998] {scheduler_job.py:643} INFO - DAG(s) dict_keys(['example_subdag_operator.section-1', 'example_subdag_operator.section-2', 'example_subdag_operator']) retrieved from /media/PythonProjects/66.Spotify_ETL/venv/lib/python3.8/site-packages/airflow/example_dags/example_subdag_operator.py
[2021-06-06 06:43:49,009] {logging_mixin.py:104} INFO - [2021-06-06 06:43:49,009] {dag.py:1832} INFO - Sync 3 DAGs
[2021-06-06 06:43:49,029] {logging_mixin.py:104} INFO - [2021-06-06 06:43:49,029] {dag.py:2305} INFO - Setting next_dagrun for example_subdag_operator to 2021-06-04 00:00:00+00:00
[2021-06-06 06:43:49,030] {logging_mixin.py:104} INFO - [2021-06-06 06:43:49,030] {dag.py:2305} INFO - Setting next_dagrun for example_subdag_operator.section-1 to None
[2021-06-06 06:43:49,031] {logging_mixin.py:104} INFO - [2021-06-06 06:43:49,031] {dag.py:2305} INFO - Setting next_dagrun for example_subdag_operator.section-2 to None
[2021-06-06 06:43:49,049] {logging_mixin.py:104} INFO - [2021-06-06 06:43:49,049] {dag.py:1832} INFO - Sync 2 DAGs
[2021-06-06 06:43:49,057] {logging_mixin.py:104} INFO - [2021-06-06 06:43:49,057] {dag.py:2305} INFO - Setting next_dagrun for example_subdag_operator.section-1 to None
[2021-06-06 06:43:49,058] {logging_mixin.py:104} INFO - [2021-06-06 06:43:49,058] {dag.py:2305} INFO - Setting next_dagrun for example_subdag_operator.section-2 to None
[2021-06-06 06:43:49,076] {scheduler_job.py:190} INFO - Processing /media/PythonProjects/66.Spotify_ETL/venv/lib/python3.8/site-packages/airflow/example_dags/example_subdag_operator.py took 0.108 seconds
[2021-06-06 06:44:23,177] {scheduler_job.py:182} INFO - Started process (PID=3705) to work on /media/PythonProjects/66.Spotify_ETL/venv/lib/python3.8/site-packages/airflow/example_dags/example_subdag_operator.py
[2021-06-06 06:44:23,179] {scheduler_job.py:633} INFO - Processing file /media/PythonProjects/66.Spotify_ETL/venv/lib/python3.8/site-packages/airflow/example_dags/example_subdag_operator.py for tasks to queue
[2021-06-06 06:44:23,180] {logging_mixin.py:104} INFO - [2021-06-06 06:44:23,180] {dagbag.py:487} INFO - Filling up the DagBag from /media/PythonProjects/66.Spotify_ETL/venv/lib/python3.8/site-packages/airflow/example_dags/example_subdag_operator.py
[2021-06-06 06:44:23,202] {scheduler_job.py:643} INFO - DAG(s) dict_keys(['example_subdag_operator.section-1', 'example_subdag_operator.section-2', 'example_subdag_operator']) retrieved from /media/PythonProjects/66.Spotify_ETL/venv/lib/python3.8/site-packages/airflow/example_dags/example_subdag_operator.py
[2021-06-06 06:44:23,213] {logging_mixin.py:104} INFO - [2021-06-06 06:44:23,213] {dag.py:1832} INFO - Sync 3 DAGs
[2021-06-06 06:44:23,224] {logging_mixin.py:104} INFO - [2021-06-06 06:44:23,224] {dag.py:2305} INFO - Setting next_dagrun for example_subdag_operator to 2021-06-04 00:00:00+00:00
[2021-06-06 06:44:23,225] {logging_mixin.py:104} INFO - [2021-06-06 06:44:23,225] {dag.py:2305} INFO - Setting next_dagrun for example_subdag_operator.section-1 to None
[2021-06-06 06:44:23,225] {logging_mixin.py:104} INFO - [2021-06-06 06:44:23,225] {dag.py:2305} INFO - Setting next_dagrun for example_subdag_operator.section-2 to None
[2021-06-06 06:44:23,364] {logging_mixin.py:104} INFO - [2021-06-06 06:44:23,364] {dag.py:1832} INFO - Sync 2 DAGs
[2021-06-06 06:44:23,371] {logging_mixin.py:104} INFO - [2021-06-06 06:44:23,371] {dag.py:2305} INFO - Setting next_dagrun for example_subdag_operator.section-1 to None
[2021-06-06 06:44:23,371] {logging_mixin.py:104} INFO - [2021-06-06 06:44:23,371] {dag.py:2305} INFO - Setting next_dagrun for example_subdag_operator.section-2 to None
[2021-06-06 06:44:23,492] {scheduler_job.py:190} INFO - Processing /media/PythonProjects/66.Spotify_ETL/venv/lib/python3.8/site-packages/airflow/example_dags/example_subdag_operator.py took 0.317 seconds
[2021-06-06 06:45:01,781] {scheduler_job.py:182} INFO - Started process (PID=3768) to work on /media/PythonProjects/66.Spotify_ETL/venv/lib/python3.8/site-packages/airflow/example_dags/example_subdag_operator.py
[2021-06-06 06:45:01,784] {scheduler_job.py:633} INFO - Processing file /media/PythonProjects/66.Spotify_ETL/venv/lib/python3.8/site-packages/airflow/example_dags/example_subdag_operator.py for tasks to queue
[2021-06-06 06:45:01,785] {logging_mixin.py:104} INFO - [2021-06-06 06:45:01,785] {dagbag.py:487} INFO - Filling up the DagBag from /media/PythonProjects/66.Spotify_ETL/venv/lib/python3.8/site-packages/airflow/example_dags/example_subdag_operator.py
[2021-06-06 06:45:01,810] {scheduler_job.py:643} INFO - DAG(s) dict_keys(['example_subdag_operator.section-1', 'example_subdag_operator.section-2', 'example_subdag_operator']) retrieved from /media/PythonProjects/66.Spotify_ETL/venv/lib/python3.8/site-packages/airflow/example_dags/example_subdag_operator.py
[2021-06-06 06:45:01,819] {logging_mixin.py:104} INFO - [2021-06-06 06:45:01,819] {dag.py:1832} INFO - Sync 3 DAGs
[2021-06-06 06:45:01,831] {logging_mixin.py:104} INFO - [2021-06-06 06:45:01,831] {dag.py:2305} INFO - Setting next_dagrun for example_subdag_operator to 2021-06-04 00:00:00+00:00
[2021-06-06 06:45:01,833] {logging_mixin.py:104} INFO - [2021-06-06 06:45:01,833] {dag.py:2305} INFO - Setting next_dagrun for example_subdag_operator.section-1 to None
[2021-06-06 06:45:01,833] {logging_mixin.py:104} INFO - [2021-06-06 06:45:01,833] {dag.py:2305} INFO - Setting next_dagrun for example_subdag_operator.section-2 to None
[2021-06-06 06:45:01,855] {logging_mixin.py:104} INFO - [2021-06-06 06:45:01,855] {dag.py:1832} INFO - Sync 2 DAGs
[2021-06-06 06:45:01,862] {logging_mixin.py:104} INFO - [2021-06-06 06:45:01,862] {dag.py:2305} INFO - Setting next_dagrun for example_subdag_operator.section-1 to None
[2021-06-06 06:45:01,863] {logging_mixin.py:104} INFO - [2021-06-06 06:45:01,863] {dag.py:2305} INFO - Setting next_dagrun for example_subdag_operator.section-2 to None
[2021-06-06 06:45:01,888] {scheduler_job.py:190} INFO - Processing /media/PythonProjects/66.Spotify_ETL/venv/lib/python3.8/site-packages/airflow/example_dags/example_subdag_operator.py took 0.113 seconds
[2021-06-06 06:45:37,973] {scheduler_job.py:182} INFO - Started process (PID=3971) to work on /media/PythonProjects/66.Spotify_ETL/venv/lib/python3.8/site-packages/airflow/example_dags/example_subdag_operator.py
[2021-06-06 06:45:37,975] {scheduler_job.py:633} INFO - Processing file /media/PythonProjects/66.Spotify_ETL/venv/lib/python3.8/site-packages/airflow/example_dags/example_subdag_operator.py for tasks to queue
[2021-06-06 06:45:37,977] {logging_mixin.py:104} INFO - [2021-06-06 06:45:37,977] {dagbag.py:487} INFO - Filling up the DagBag from /media/PythonProjects/66.Spotify_ETL/venv/lib/python3.8/site-packages/airflow/example_dags/example_subdag_operator.py
[2021-06-06 06:45:38,001] {scheduler_job.py:643} INFO - DAG(s) dict_keys(['example_subdag_operator.section-1', 'example_subdag_operator.section-2', 'example_subdag_operator']) retrieved from /media/PythonProjects/66.Spotify_ETL/venv/lib/python3.8/site-packages/airflow/example_dags/example_subdag_operator.py
[2021-06-06 06:45:38,011] {logging_mixin.py:104} INFO - [2021-06-06 06:45:38,011] {dag.py:1832} INFO - Sync 3 DAGs
[2021-06-06 06:45:38,020] {logging_mixin.py:104} INFO - [2021-06-06 06:45:38,020] {dag.py:2305} INFO - Setting next_dagrun for example_subdag_operator to 2021-06-04 00:00:00+00:00
[2021-06-06 06:45:38,022] {logging_mixin.py:104} INFO - [2021-06-06 06:45:38,021] {dag.py:2305} INFO - Setting next_dagrun for example_subdag_operator.section-1 to None
[2021-06-06 06:45:38,022] {logging_mixin.py:104} INFO - [2021-06-06 06:45:38,022] {dag.py:2305} INFO - Setting next_dagrun for example_subdag_operator.section-2 to None
[2021-06-06 06:45:38,046] {logging_mixin.py:104} INFO - [2021-06-06 06:45:38,045] {dag.py:1832} INFO - Sync 2 DAGs
[2021-06-06 06:45:38,053] {logging_mixin.py:104} INFO - [2021-06-06 06:45:38,053] {dag.py:2305} INFO - Setting next_dagrun for example_subdag_operator.section-1 to None
[2021-06-06 06:45:38,053] {logging_mixin.py:104} INFO - [2021-06-06 06:45:38,053] {dag.py:2305} INFO - Setting next_dagrun for example_subdag_operator.section-2 to None
[2021-06-06 06:45:38,067] {scheduler_job.py:190} INFO - Processing /media/PythonProjects/66.Spotify_ETL/venv/lib/python3.8/site-packages/airflow/example_dags/example_subdag_operator.py took 0.100 seconds
[2021-06-06 06:46:13,384] {scheduler_job.py:182} INFO - Started process (PID=4284) to work on /media/PythonProjects/66.Spotify_ETL/venv/lib/python3.8/site-packages/airflow/example_dags/example_subdag_operator.py
[2021-06-06 06:46:13,386] {scheduler_job.py:633} INFO - Processing file /media/PythonProjects/66.Spotify_ETL/venv/lib/python3.8/site-packages/airflow/example_dags/example_subdag_operator.py for tasks to queue
[2021-06-06 06:46:13,387] {logging_mixin.py:104} INFO - [2021-06-06 06:46:13,386] {dagbag.py:487} INFO - Filling up the DagBag from /media/PythonProjects/66.Spotify_ETL/venv/lib/python3.8/site-packages/airflow/example_dags/example_subdag_operator.py
[2021-06-06 06:46:13,414] {scheduler_job.py:643} INFO - DAG(s) dict_keys(['example_subdag_operator.section-1', 'example_subdag_operator.section-2', 'example_subdag_operator']) retrieved from /media/PythonProjects/66.Spotify_ETL/venv/lib/python3.8/site-packages/airflow/example_dags/example_subdag_operator.py
[2021-06-06 06:46:13,427] {logging_mixin.py:104} INFO - [2021-06-06 06:46:13,426] {dag.py:1832} INFO - Sync 3 DAGs
[2021-06-06 06:46:13,445] {logging_mixin.py:104} INFO - [2021-06-06 06:46:13,445] {dag.py:2305} INFO - Setting next_dagrun for example_subdag_operator to 2021-06-04 00:00:00+00:00
[2021-06-06 06:46:13,447] {logging_mixin.py:104} INFO - [2021-06-06 06:46:13,447] {dag.py:2305} INFO - Setting next_dagrun for example_subdag_operator.section-1 to None
[2021-06-06 06:46:13,448] {logging_mixin.py:104} INFO - [2021-06-06 06:46:13,447] {dag.py:2305} INFO - Setting next_dagrun for example_subdag_operator.section-2 to None
[2021-06-06 06:46:13,463] {logging_mixin.py:104} INFO - [2021-06-06 06:46:13,463] {dag.py:1832} INFO - Sync 2 DAGs
[2021-06-06 06:46:13,471] {logging_mixin.py:104} INFO - [2021-06-06 06:46:13,471] {dag.py:2305} INFO - Setting next_dagrun for example_subdag_operator.section-1 to None
[2021-06-06 06:46:13,471] {logging_mixin.py:104} INFO - [2021-06-06 06:46:13,471] {dag.py:2305} INFO - Setting next_dagrun for example_subdag_operator.section-2 to None
[2021-06-06 06:46:13,484] {scheduler_job.py:190} INFO - Processing /media/PythonProjects/66.Spotify_ETL/venv/lib/python3.8/site-packages/airflow/example_dags/example_subdag_operator.py took 0.104 seconds
