[2021-06-06 06:32:21,495] {scheduler_job.py:182} INFO - Started process (PID=2413) to work on /media/PythonProjects/66.Spotify_ETL/venv/lib/python3.8/site-packages/airflow/example_dags/example_trigger_target_dag.py
[2021-06-06 06:32:21,497] {scheduler_job.py:633} INFO - Processing file /media/PythonProjects/66.Spotify_ETL/venv/lib/python3.8/site-packages/airflow/example_dags/example_trigger_target_dag.py for tasks to queue
[2021-06-06 06:32:21,497] {logging_mixin.py:104} INFO - [2021-06-06 06:32:21,497] {dagbag.py:487} INFO - Filling up the DagBag from /media/PythonProjects/66.Spotify_ETL/venv/lib/python3.8/site-packages/airflow/example_dags/example_trigger_target_dag.py
[2021-06-06 06:32:21,520] {scheduler_job.py:643} INFO - DAG(s) dict_keys(['example_trigger_target_dag']) retrieved from /media/PythonProjects/66.Spotify_ETL/venv/lib/python3.8/site-packages/airflow/example_dags/example_trigger_target_dag.py
[2021-06-06 06:32:21,544] {logging_mixin.py:104} INFO - [2021-06-06 06:32:21,544] {dag.py:1832} INFO - Sync 1 DAGs
[2021-06-06 06:32:21,568] {logging_mixin.py:104} INFO - [2021-06-06 06:32:21,568] {dag.py:2305} INFO - Setting next_dagrun for example_trigger_target_dag to None
[2021-06-06 06:32:21,598] {scheduler_job.py:190} INFO - Processing /media/PythonProjects/66.Spotify_ETL/venv/lib/python3.8/site-packages/airflow/example_dags/example_trigger_target_dag.py took 0.107 seconds
[2021-06-06 06:32:58,435] {scheduler_job.py:182} INFO - Started process (PID=2499) to work on /media/PythonProjects/66.Spotify_ETL/venv/lib/python3.8/site-packages/airflow/example_dags/example_trigger_target_dag.py
[2021-06-06 06:32:58,436] {scheduler_job.py:633} INFO - Processing file /media/PythonProjects/66.Spotify_ETL/venv/lib/python3.8/site-packages/airflow/example_dags/example_trigger_target_dag.py for tasks to queue
[2021-06-06 06:32:58,437] {logging_mixin.py:104} INFO - [2021-06-06 06:32:58,437] {dagbag.py:487} INFO - Filling up the DagBag from /media/PythonProjects/66.Spotify_ETL/venv/lib/python3.8/site-packages/airflow/example_dags/example_trigger_target_dag.py
[2021-06-06 06:32:58,455] {scheduler_job.py:643} INFO - DAG(s) dict_keys(['example_trigger_target_dag']) retrieved from /media/PythonProjects/66.Spotify_ETL/venv/lib/python3.8/site-packages/airflow/example_dags/example_trigger_target_dag.py
[2021-06-06 06:32:58,470] {logging_mixin.py:104} INFO - [2021-06-06 06:32:58,469] {dag.py:1832} INFO - Sync 1 DAGs
[2021-06-06 06:32:58,481] {logging_mixin.py:104} INFO - [2021-06-06 06:32:58,481] {dag.py:2305} INFO - Setting next_dagrun for example_trigger_target_dag to None
[2021-06-06 06:32:58,514] {scheduler_job.py:190} INFO - Processing /media/PythonProjects/66.Spotify_ETL/venv/lib/python3.8/site-packages/airflow/example_dags/example_trigger_target_dag.py took 0.083 seconds
[2021-06-06 06:33:31,798] {scheduler_job.py:182} INFO - Started process (PID=2556) to work on /media/PythonProjects/66.Spotify_ETL/venv/lib/python3.8/site-packages/airflow/example_dags/example_trigger_target_dag.py
[2021-06-06 06:33:31,802] {scheduler_job.py:633} INFO - Processing file /media/PythonProjects/66.Spotify_ETL/venv/lib/python3.8/site-packages/airflow/example_dags/example_trigger_target_dag.py for tasks to queue
[2021-06-06 06:33:31,803] {logging_mixin.py:104} INFO - [2021-06-06 06:33:31,803] {dagbag.py:487} INFO - Filling up the DagBag from /media/PythonProjects/66.Spotify_ETL/venv/lib/python3.8/site-packages/airflow/example_dags/example_trigger_target_dag.py
[2021-06-06 06:33:31,826] {scheduler_job.py:643} INFO - DAG(s) dict_keys(['example_trigger_target_dag']) retrieved from /media/PythonProjects/66.Spotify_ETL/venv/lib/python3.8/site-packages/airflow/example_dags/example_trigger_target_dag.py
[2021-06-06 06:33:31,854] {logging_mixin.py:104} INFO - [2021-06-06 06:33:31,854] {dag.py:1832} INFO - Sync 1 DAGs
[2021-06-06 06:33:31,876] {logging_mixin.py:104} INFO - [2021-06-06 06:33:31,876] {dag.py:2305} INFO - Setting next_dagrun for example_trigger_target_dag to None
[2021-06-06 06:33:31,904] {scheduler_job.py:190} INFO - Processing /media/PythonProjects/66.Spotify_ETL/venv/lib/python3.8/site-packages/airflow/example_dags/example_trigger_target_dag.py took 0.112 seconds
[2021-06-06 06:34:11,238] {scheduler_job.py:182} INFO - Started process (PID=2621) to work on /media/PythonProjects/66.Spotify_ETL/venv/lib/python3.8/site-packages/airflow/example_dags/example_trigger_target_dag.py
[2021-06-06 06:34:11,239] {scheduler_job.py:633} INFO - Processing file /media/PythonProjects/66.Spotify_ETL/venv/lib/python3.8/site-packages/airflow/example_dags/example_trigger_target_dag.py for tasks to queue
[2021-06-06 06:34:11,241] {logging_mixin.py:104} INFO - [2021-06-06 06:34:11,241] {dagbag.py:487} INFO - Filling up the DagBag from /media/PythonProjects/66.Spotify_ETL/venv/lib/python3.8/site-packages/airflow/example_dags/example_trigger_target_dag.py
[2021-06-06 06:34:11,273] {scheduler_job.py:643} INFO - DAG(s) dict_keys(['example_trigger_target_dag']) retrieved from /media/PythonProjects/66.Spotify_ETL/venv/lib/python3.8/site-packages/airflow/example_dags/example_trigger_target_dag.py
[2021-06-06 06:34:11,295] {logging_mixin.py:104} INFO - [2021-06-06 06:34:11,295] {dag.py:1832} INFO - Sync 1 DAGs
[2021-06-06 06:34:11,312] {logging_mixin.py:104} INFO - [2021-06-06 06:34:11,312] {dag.py:2305} INFO - Setting next_dagrun for example_trigger_target_dag to None
[2021-06-06 06:34:11,340] {scheduler_job.py:190} INFO - Processing /media/PythonProjects/66.Spotify_ETL/venv/lib/python3.8/site-packages/airflow/example_dags/example_trigger_target_dag.py took 0.105 seconds
[2021-06-06 06:34:44,445] {scheduler_job.py:182} INFO - Started process (PID=2681) to work on /media/PythonProjects/66.Spotify_ETL/venv/lib/python3.8/site-packages/airflow/example_dags/example_trigger_target_dag.py
[2021-06-06 06:34:44,447] {scheduler_job.py:633} INFO - Processing file /media/PythonProjects/66.Spotify_ETL/venv/lib/python3.8/site-packages/airflow/example_dags/example_trigger_target_dag.py for tasks to queue
[2021-06-06 06:34:44,447] {logging_mixin.py:104} INFO - [2021-06-06 06:34:44,447] {dagbag.py:487} INFO - Filling up the DagBag from /media/PythonProjects/66.Spotify_ETL/venv/lib/python3.8/site-packages/airflow/example_dags/example_trigger_target_dag.py
[2021-06-06 06:34:44,462] {scheduler_job.py:643} INFO - DAG(s) dict_keys(['example_trigger_target_dag']) retrieved from /media/PythonProjects/66.Spotify_ETL/venv/lib/python3.8/site-packages/airflow/example_dags/example_trigger_target_dag.py
[2021-06-06 06:34:44,475] {logging_mixin.py:104} INFO - [2021-06-06 06:34:44,474] {dag.py:1832} INFO - Sync 1 DAGs
[2021-06-06 06:34:44,484] {logging_mixin.py:104} INFO - [2021-06-06 06:34:44,484] {dag.py:2305} INFO - Setting next_dagrun for example_trigger_target_dag to None
[2021-06-06 06:34:44,506] {scheduler_job.py:190} INFO - Processing /media/PythonProjects/66.Spotify_ETL/venv/lib/python3.8/site-packages/airflow/example_dags/example_trigger_target_dag.py took 0.065 seconds
[2021-06-06 06:35:16,768] {scheduler_job.py:182} INFO - Started process (PID=2741) to work on /media/PythonProjects/66.Spotify_ETL/venv/lib/python3.8/site-packages/airflow/example_dags/example_trigger_target_dag.py
[2021-06-06 06:35:16,770] {scheduler_job.py:633} INFO - Processing file /media/PythonProjects/66.Spotify_ETL/venv/lib/python3.8/site-packages/airflow/example_dags/example_trigger_target_dag.py for tasks to queue
[2021-06-06 06:35:16,770] {logging_mixin.py:104} INFO - [2021-06-06 06:35:16,770] {dagbag.py:487} INFO - Filling up the DagBag from /media/PythonProjects/66.Spotify_ETL/venv/lib/python3.8/site-packages/airflow/example_dags/example_trigger_target_dag.py
[2021-06-06 06:35:16,783] {scheduler_job.py:643} INFO - DAG(s) dict_keys(['example_trigger_target_dag']) retrieved from /media/PythonProjects/66.Spotify_ETL/venv/lib/python3.8/site-packages/airflow/example_dags/example_trigger_target_dag.py
[2021-06-06 06:35:16,795] {logging_mixin.py:104} INFO - [2021-06-06 06:35:16,795] {dag.py:1832} INFO - Sync 1 DAGs
[2021-06-06 06:35:16,805] {logging_mixin.py:104} INFO - [2021-06-06 06:35:16,805] {dag.py:2305} INFO - Setting next_dagrun for example_trigger_target_dag to None
[2021-06-06 06:35:16,826] {scheduler_job.py:190} INFO - Processing /media/PythonProjects/66.Spotify_ETL/venv/lib/python3.8/site-packages/airflow/example_dags/example_trigger_target_dag.py took 0.061 seconds
[2021-06-06 06:35:49,988] {scheduler_job.py:182} INFO - Started process (PID=2802) to work on /media/PythonProjects/66.Spotify_ETL/venv/lib/python3.8/site-packages/airflow/example_dags/example_trigger_target_dag.py
[2021-06-06 06:35:49,989] {scheduler_job.py:633} INFO - Processing file /media/PythonProjects/66.Spotify_ETL/venv/lib/python3.8/site-packages/airflow/example_dags/example_trigger_target_dag.py for tasks to queue
[2021-06-06 06:35:49,989] {logging_mixin.py:104} INFO - [2021-06-06 06:35:49,989] {dagbag.py:487} INFO - Filling up the DagBag from /media/PythonProjects/66.Spotify_ETL/venv/lib/python3.8/site-packages/airflow/example_dags/example_trigger_target_dag.py
[2021-06-06 06:35:50,002] {scheduler_job.py:643} INFO - DAG(s) dict_keys(['example_trigger_target_dag']) retrieved from /media/PythonProjects/66.Spotify_ETL/venv/lib/python3.8/site-packages/airflow/example_dags/example_trigger_target_dag.py
[2021-06-06 06:35:50,014] {logging_mixin.py:104} INFO - [2021-06-06 06:35:50,014] {dag.py:1832} INFO - Sync 1 DAGs
[2021-06-06 06:35:50,024] {logging_mixin.py:104} INFO - [2021-06-06 06:35:50,023] {dag.py:2305} INFO - Setting next_dagrun for example_trigger_target_dag to None
[2021-06-06 06:35:50,043] {scheduler_job.py:190} INFO - Processing /media/PythonProjects/66.Spotify_ETL/venv/lib/python3.8/site-packages/airflow/example_dags/example_trigger_target_dag.py took 0.058 seconds
[2021-06-06 06:36:22,796] {scheduler_job.py:182} INFO - Started process (PID=2862) to work on /media/PythonProjects/66.Spotify_ETL/venv/lib/python3.8/site-packages/airflow/example_dags/example_trigger_target_dag.py
[2021-06-06 06:36:22,797] {scheduler_job.py:633} INFO - Processing file /media/PythonProjects/66.Spotify_ETL/venv/lib/python3.8/site-packages/airflow/example_dags/example_trigger_target_dag.py for tasks to queue
[2021-06-06 06:36:22,798] {logging_mixin.py:104} INFO - [2021-06-06 06:36:22,798] {dagbag.py:487} INFO - Filling up the DagBag from /media/PythonProjects/66.Spotify_ETL/venv/lib/python3.8/site-packages/airflow/example_dags/example_trigger_target_dag.py
[2021-06-06 06:36:22,811] {scheduler_job.py:643} INFO - DAG(s) dict_keys(['example_trigger_target_dag']) retrieved from /media/PythonProjects/66.Spotify_ETL/venv/lib/python3.8/site-packages/airflow/example_dags/example_trigger_target_dag.py
[2021-06-06 06:36:22,823] {logging_mixin.py:104} INFO - [2021-06-06 06:36:22,823] {dag.py:1832} INFO - Sync 1 DAGs
[2021-06-06 06:36:22,833] {logging_mixin.py:104} INFO - [2021-06-06 06:36:22,833] {dag.py:2305} INFO - Setting next_dagrun for example_trigger_target_dag to None
[2021-06-06 06:36:22,853] {scheduler_job.py:190} INFO - Processing /media/PythonProjects/66.Spotify_ETL/venv/lib/python3.8/site-packages/airflow/example_dags/example_trigger_target_dag.py took 0.059 seconds
[2021-06-06 06:36:55,264] {scheduler_job.py:182} INFO - Started process (PID=2920) to work on /media/PythonProjects/66.Spotify_ETL/venv/lib/python3.8/site-packages/airflow/example_dags/example_trigger_target_dag.py
[2021-06-06 06:36:55,265] {scheduler_job.py:633} INFO - Processing file /media/PythonProjects/66.Spotify_ETL/venv/lib/python3.8/site-packages/airflow/example_dags/example_trigger_target_dag.py for tasks to queue
[2021-06-06 06:36:55,266] {logging_mixin.py:104} INFO - [2021-06-06 06:36:55,266] {dagbag.py:487} INFO - Filling up the DagBag from /media/PythonProjects/66.Spotify_ETL/venv/lib/python3.8/site-packages/airflow/example_dags/example_trigger_target_dag.py
[2021-06-06 06:36:55,277] {scheduler_job.py:643} INFO - DAG(s) dict_keys(['example_trigger_target_dag']) retrieved from /media/PythonProjects/66.Spotify_ETL/venv/lib/python3.8/site-packages/airflow/example_dags/example_trigger_target_dag.py
[2021-06-06 06:36:55,288] {logging_mixin.py:104} INFO - [2021-06-06 06:36:55,288] {dag.py:1832} INFO - Sync 1 DAGs
[2021-06-06 06:36:55,298] {logging_mixin.py:104} INFO - [2021-06-06 06:36:55,297] {dag.py:2305} INFO - Setting next_dagrun for example_trigger_target_dag to None
[2021-06-06 06:36:55,315] {scheduler_job.py:190} INFO - Processing /media/PythonProjects/66.Spotify_ETL/venv/lib/python3.8/site-packages/airflow/example_dags/example_trigger_target_dag.py took 0.053 seconds
[2021-06-06 06:37:28,746] {scheduler_job.py:182} INFO - Started process (PID=2981) to work on /media/PythonProjects/66.Spotify_ETL/venv/lib/python3.8/site-packages/airflow/example_dags/example_trigger_target_dag.py
[2021-06-06 06:37:28,747] {scheduler_job.py:633} INFO - Processing file /media/PythonProjects/66.Spotify_ETL/venv/lib/python3.8/site-packages/airflow/example_dags/example_trigger_target_dag.py for tasks to queue
[2021-06-06 06:37:28,748] {logging_mixin.py:104} INFO - [2021-06-06 06:37:28,748] {dagbag.py:487} INFO - Filling up the DagBag from /media/PythonProjects/66.Spotify_ETL/venv/lib/python3.8/site-packages/airflow/example_dags/example_trigger_target_dag.py
[2021-06-06 06:37:28,763] {scheduler_job.py:643} INFO - DAG(s) dict_keys(['example_trigger_target_dag']) retrieved from /media/PythonProjects/66.Spotify_ETL/venv/lib/python3.8/site-packages/airflow/example_dags/example_trigger_target_dag.py
[2021-06-06 06:37:28,779] {logging_mixin.py:104} INFO - [2021-06-06 06:37:28,779] {dag.py:1832} INFO - Sync 1 DAGs
[2021-06-06 06:37:28,794] {logging_mixin.py:104} INFO - [2021-06-06 06:37:28,794] {dag.py:2305} INFO - Setting next_dagrun for example_trigger_target_dag to None
[2021-06-06 06:37:28,820] {scheduler_job.py:190} INFO - Processing /media/PythonProjects/66.Spotify_ETL/venv/lib/python3.8/site-packages/airflow/example_dags/example_trigger_target_dag.py took 0.078 seconds
[2021-06-06 06:38:01,871] {scheduler_job.py:182} INFO - Started process (PID=3040) to work on /media/PythonProjects/66.Spotify_ETL/venv/lib/python3.8/site-packages/airflow/example_dags/example_trigger_target_dag.py
[2021-06-06 06:38:01,873] {scheduler_job.py:633} INFO - Processing file /media/PythonProjects/66.Spotify_ETL/venv/lib/python3.8/site-packages/airflow/example_dags/example_trigger_target_dag.py for tasks to queue
[2021-06-06 06:38:01,874] {logging_mixin.py:104} INFO - [2021-06-06 06:38:01,874] {dagbag.py:487} INFO - Filling up the DagBag from /media/PythonProjects/66.Spotify_ETL/venv/lib/python3.8/site-packages/airflow/example_dags/example_trigger_target_dag.py
[2021-06-06 06:38:01,888] {scheduler_job.py:643} INFO - DAG(s) dict_keys(['example_trigger_target_dag']) retrieved from /media/PythonProjects/66.Spotify_ETL/venv/lib/python3.8/site-packages/airflow/example_dags/example_trigger_target_dag.py
[2021-06-06 06:38:01,901] {logging_mixin.py:104} INFO - [2021-06-06 06:38:01,901] {dag.py:1832} INFO - Sync 1 DAGs
[2021-06-06 06:38:01,912] {logging_mixin.py:104} INFO - [2021-06-06 06:38:01,912] {dag.py:2305} INFO - Setting next_dagrun for example_trigger_target_dag to None
[2021-06-06 06:38:01,932] {scheduler_job.py:190} INFO - Processing /media/PythonProjects/66.Spotify_ETL/venv/lib/python3.8/site-packages/airflow/example_dags/example_trigger_target_dag.py took 0.065 seconds
[2021-06-06 06:38:34,630] {scheduler_job.py:182} INFO - Started process (PID=3097) to work on /media/PythonProjects/66.Spotify_ETL/venv/lib/python3.8/site-packages/airflow/example_dags/example_trigger_target_dag.py
[2021-06-06 06:38:34,632] {scheduler_job.py:633} INFO - Processing file /media/PythonProjects/66.Spotify_ETL/venv/lib/python3.8/site-packages/airflow/example_dags/example_trigger_target_dag.py for tasks to queue
[2021-06-06 06:38:34,633] {logging_mixin.py:104} INFO - [2021-06-06 06:38:34,633] {dagbag.py:487} INFO - Filling up the DagBag from /media/PythonProjects/66.Spotify_ETL/venv/lib/python3.8/site-packages/airflow/example_dags/example_trigger_target_dag.py
[2021-06-06 06:38:34,649] {scheduler_job.py:643} INFO - DAG(s) dict_keys(['example_trigger_target_dag']) retrieved from /media/PythonProjects/66.Spotify_ETL/venv/lib/python3.8/site-packages/airflow/example_dags/example_trigger_target_dag.py
[2021-06-06 06:38:34,662] {logging_mixin.py:104} INFO - [2021-06-06 06:38:34,662] {dag.py:1832} INFO - Sync 1 DAGs
[2021-06-06 06:38:34,672] {logging_mixin.py:104} INFO - [2021-06-06 06:38:34,672] {dag.py:2305} INFO - Setting next_dagrun for example_trigger_target_dag to None
[2021-06-06 06:38:34,706] {scheduler_job.py:190} INFO - Processing /media/PythonProjects/66.Spotify_ETL/venv/lib/python3.8/site-packages/airflow/example_dags/example_trigger_target_dag.py took 0.083 seconds
[2021-06-06 06:39:09,249] {scheduler_job.py:182} INFO - Started process (PID=3156) to work on /media/PythonProjects/66.Spotify_ETL/venv/lib/python3.8/site-packages/airflow/example_dags/example_trigger_target_dag.py
[2021-06-06 06:39:09,252] {scheduler_job.py:633} INFO - Processing file /media/PythonProjects/66.Spotify_ETL/venv/lib/python3.8/site-packages/airflow/example_dags/example_trigger_target_dag.py for tasks to queue
[2021-06-06 06:39:09,253] {logging_mixin.py:104} INFO - [2021-06-06 06:39:09,253] {dagbag.py:487} INFO - Filling up the DagBag from /media/PythonProjects/66.Spotify_ETL/venv/lib/python3.8/site-packages/airflow/example_dags/example_trigger_target_dag.py
[2021-06-06 06:39:09,268] {scheduler_job.py:643} INFO - DAG(s) dict_keys(['example_trigger_target_dag']) retrieved from /media/PythonProjects/66.Spotify_ETL/venv/lib/python3.8/site-packages/airflow/example_dags/example_trigger_target_dag.py
[2021-06-06 06:39:09,286] {logging_mixin.py:104} INFO - [2021-06-06 06:39:09,286] {dag.py:1832} INFO - Sync 1 DAGs
[2021-06-06 06:39:09,300] {logging_mixin.py:104} INFO - [2021-06-06 06:39:09,299] {dag.py:2305} INFO - Setting next_dagrun for example_trigger_target_dag to None
[2021-06-06 06:39:09,326] {scheduler_job.py:190} INFO - Processing /media/PythonProjects/66.Spotify_ETL/venv/lib/python3.8/site-packages/airflow/example_dags/example_trigger_target_dag.py took 0.083 seconds
[2021-06-06 06:39:42,419] {scheduler_job.py:182} INFO - Started process (PID=3214) to work on /media/PythonProjects/66.Spotify_ETL/venv/lib/python3.8/site-packages/airflow/example_dags/example_trigger_target_dag.py
[2021-06-06 06:39:42,421] {scheduler_job.py:633} INFO - Processing file /media/PythonProjects/66.Spotify_ETL/venv/lib/python3.8/site-packages/airflow/example_dags/example_trigger_target_dag.py for tasks to queue
[2021-06-06 06:39:42,422] {logging_mixin.py:104} INFO - [2021-06-06 06:39:42,422] {dagbag.py:487} INFO - Filling up the DagBag from /media/PythonProjects/66.Spotify_ETL/venv/lib/python3.8/site-packages/airflow/example_dags/example_trigger_target_dag.py
[2021-06-06 06:39:42,437] {scheduler_job.py:643} INFO - DAG(s) dict_keys(['example_trigger_target_dag']) retrieved from /media/PythonProjects/66.Spotify_ETL/venv/lib/python3.8/site-packages/airflow/example_dags/example_trigger_target_dag.py
[2021-06-06 06:39:42,450] {logging_mixin.py:104} INFO - [2021-06-06 06:39:42,450] {dag.py:1832} INFO - Sync 1 DAGs
[2021-06-06 06:39:42,461] {logging_mixin.py:104} INFO - [2021-06-06 06:39:42,461] {dag.py:2305} INFO - Setting next_dagrun for example_trigger_target_dag to None
[2021-06-06 06:39:42,484] {scheduler_job.py:190} INFO - Processing /media/PythonProjects/66.Spotify_ETL/venv/lib/python3.8/site-packages/airflow/example_dags/example_trigger_target_dag.py took 0.070 seconds
[2021-06-06 06:40:17,153] {scheduler_job.py:182} INFO - Started process (PID=3271) to work on /media/PythonProjects/66.Spotify_ETL/venv/lib/python3.8/site-packages/airflow/example_dags/example_trigger_target_dag.py
[2021-06-06 06:40:17,158] {scheduler_job.py:633} INFO - Processing file /media/PythonProjects/66.Spotify_ETL/venv/lib/python3.8/site-packages/airflow/example_dags/example_trigger_target_dag.py for tasks to queue
[2021-06-06 06:40:17,160] {logging_mixin.py:104} INFO - [2021-06-06 06:40:17,160] {dagbag.py:487} INFO - Filling up the DagBag from /media/PythonProjects/66.Spotify_ETL/venv/lib/python3.8/site-packages/airflow/example_dags/example_trigger_target_dag.py
[2021-06-06 06:40:17,183] {scheduler_job.py:643} INFO - DAG(s) dict_keys(['example_trigger_target_dag']) retrieved from /media/PythonProjects/66.Spotify_ETL/venv/lib/python3.8/site-packages/airflow/example_dags/example_trigger_target_dag.py
[2021-06-06 06:40:17,202] {logging_mixin.py:104} INFO - [2021-06-06 06:40:17,201] {dag.py:1832} INFO - Sync 1 DAGs
[2021-06-06 06:40:17,220] {logging_mixin.py:104} INFO - [2021-06-06 06:40:17,220] {dag.py:2305} INFO - Setting next_dagrun for example_trigger_target_dag to None
[2021-06-06 06:40:17,246] {scheduler_job.py:190} INFO - Processing /media/PythonProjects/66.Spotify_ETL/venv/lib/python3.8/site-packages/airflow/example_dags/example_trigger_target_dag.py took 0.097 seconds
[2021-06-06 06:40:51,667] {scheduler_job.py:182} INFO - Started process (PID=3330) to work on /media/PythonProjects/66.Spotify_ETL/venv/lib/python3.8/site-packages/airflow/example_dags/example_trigger_target_dag.py
[2021-06-06 06:40:51,669] {scheduler_job.py:633} INFO - Processing file /media/PythonProjects/66.Spotify_ETL/venv/lib/python3.8/site-packages/airflow/example_dags/example_trigger_target_dag.py for tasks to queue
[2021-06-06 06:40:51,671] {logging_mixin.py:104} INFO - [2021-06-06 06:40:51,671] {dagbag.py:487} INFO - Filling up the DagBag from /media/PythonProjects/66.Spotify_ETL/venv/lib/python3.8/site-packages/airflow/example_dags/example_trigger_target_dag.py
[2021-06-06 06:40:51,686] {scheduler_job.py:643} INFO - DAG(s) dict_keys(['example_trigger_target_dag']) retrieved from /media/PythonProjects/66.Spotify_ETL/venv/lib/python3.8/site-packages/airflow/example_dags/example_trigger_target_dag.py
[2021-06-06 06:40:51,699] {logging_mixin.py:104} INFO - [2021-06-06 06:40:51,699] {dag.py:1832} INFO - Sync 1 DAGs
[2021-06-06 06:40:51,709] {logging_mixin.py:104} INFO - [2021-06-06 06:40:51,709] {dag.py:2305} INFO - Setting next_dagrun for example_trigger_target_dag to None
[2021-06-06 06:40:51,733] {scheduler_job.py:190} INFO - Processing /media/PythonProjects/66.Spotify_ETL/venv/lib/python3.8/site-packages/airflow/example_dags/example_trigger_target_dag.py took 0.073 seconds
[2021-06-06 06:41:28,223] {scheduler_job.py:182} INFO - Started process (PID=3395) to work on /media/PythonProjects/66.Spotify_ETL/venv/lib/python3.8/site-packages/airflow/example_dags/example_trigger_target_dag.py
[2021-06-06 06:41:28,225] {scheduler_job.py:633} INFO - Processing file /media/PythonProjects/66.Spotify_ETL/venv/lib/python3.8/site-packages/airflow/example_dags/example_trigger_target_dag.py for tasks to queue
[2021-06-06 06:41:28,226] {logging_mixin.py:104} INFO - [2021-06-06 06:41:28,226] {dagbag.py:487} INFO - Filling up the DagBag from /media/PythonProjects/66.Spotify_ETL/venv/lib/python3.8/site-packages/airflow/example_dags/example_trigger_target_dag.py
[2021-06-06 06:41:28,239] {scheduler_job.py:643} INFO - DAG(s) dict_keys(['example_trigger_target_dag']) retrieved from /media/PythonProjects/66.Spotify_ETL/venv/lib/python3.8/site-packages/airflow/example_dags/example_trigger_target_dag.py
[2021-06-06 06:41:28,251] {logging_mixin.py:104} INFO - [2021-06-06 06:41:28,251] {dag.py:1832} INFO - Sync 1 DAGs
[2021-06-06 06:41:28,261] {logging_mixin.py:104} INFO - [2021-06-06 06:41:28,261] {dag.py:2305} INFO - Setting next_dagrun for example_trigger_target_dag to None
[2021-06-06 06:41:28,284] {scheduler_job.py:190} INFO - Processing /media/PythonProjects/66.Spotify_ETL/venv/lib/python3.8/site-packages/airflow/example_dags/example_trigger_target_dag.py took 0.065 seconds
[2021-06-06 06:42:02,438] {scheduler_job.py:182} INFO - Started process (PID=3456) to work on /media/PythonProjects/66.Spotify_ETL/venv/lib/python3.8/site-packages/airflow/example_dags/example_trigger_target_dag.py
[2021-06-06 06:42:02,439] {scheduler_job.py:633} INFO - Processing file /media/PythonProjects/66.Spotify_ETL/venv/lib/python3.8/site-packages/airflow/example_dags/example_trigger_target_dag.py for tasks to queue
[2021-06-06 06:42:02,439] {logging_mixin.py:104} INFO - [2021-06-06 06:42:02,439] {dagbag.py:487} INFO - Filling up the DagBag from /media/PythonProjects/66.Spotify_ETL/venv/lib/python3.8/site-packages/airflow/example_dags/example_trigger_target_dag.py
[2021-06-06 06:42:02,451] {scheduler_job.py:643} INFO - DAG(s) dict_keys(['example_trigger_target_dag']) retrieved from /media/PythonProjects/66.Spotify_ETL/venv/lib/python3.8/site-packages/airflow/example_dags/example_trigger_target_dag.py
[2021-06-06 06:42:02,464] {logging_mixin.py:104} INFO - [2021-06-06 06:42:02,464] {dag.py:1832} INFO - Sync 1 DAGs
[2021-06-06 06:42:02,474] {logging_mixin.py:104} INFO - [2021-06-06 06:42:02,474] {dag.py:2305} INFO - Setting next_dagrun for example_trigger_target_dag to None
[2021-06-06 06:42:02,494] {scheduler_job.py:190} INFO - Processing /media/PythonProjects/66.Spotify_ETL/venv/lib/python3.8/site-packages/airflow/example_dags/example_trigger_target_dag.py took 0.059 seconds
[2021-06-06 06:42:37,465] {scheduler_job.py:182} INFO - Started process (PID=3518) to work on /media/PythonProjects/66.Spotify_ETL/venv/lib/python3.8/site-packages/airflow/example_dags/example_trigger_target_dag.py
[2021-06-06 06:42:37,467] {scheduler_job.py:633} INFO - Processing file /media/PythonProjects/66.Spotify_ETL/venv/lib/python3.8/site-packages/airflow/example_dags/example_trigger_target_dag.py for tasks to queue
[2021-06-06 06:42:37,468] {logging_mixin.py:104} INFO - [2021-06-06 06:42:37,468] {dagbag.py:487} INFO - Filling up the DagBag from /media/PythonProjects/66.Spotify_ETL/venv/lib/python3.8/site-packages/airflow/example_dags/example_trigger_target_dag.py
[2021-06-06 06:42:37,483] {scheduler_job.py:643} INFO - DAG(s) dict_keys(['example_trigger_target_dag']) retrieved from /media/PythonProjects/66.Spotify_ETL/venv/lib/python3.8/site-packages/airflow/example_dags/example_trigger_target_dag.py
[2021-06-06 06:42:37,496] {logging_mixin.py:104} INFO - [2021-06-06 06:42:37,495] {dag.py:1832} INFO - Sync 1 DAGs
[2021-06-06 06:42:37,506] {logging_mixin.py:104} INFO - [2021-06-06 06:42:37,506] {dag.py:2305} INFO - Setting next_dagrun for example_trigger_target_dag to None
[2021-06-06 06:42:37,526] {scheduler_job.py:190} INFO - Processing /media/PythonProjects/66.Spotify_ETL/venv/lib/python3.8/site-packages/airflow/example_dags/example_trigger_target_dag.py took 0.067 seconds
[2021-06-06 06:43:14,133] {scheduler_job.py:182} INFO - Started process (PID=3583) to work on /media/PythonProjects/66.Spotify_ETL/venv/lib/python3.8/site-packages/airflow/example_dags/example_trigger_target_dag.py
[2021-06-06 06:43:14,134] {scheduler_job.py:633} INFO - Processing file /media/PythonProjects/66.Spotify_ETL/venv/lib/python3.8/site-packages/airflow/example_dags/example_trigger_target_dag.py for tasks to queue
[2021-06-06 06:43:14,135] {logging_mixin.py:104} INFO - [2021-06-06 06:43:14,135] {dagbag.py:487} INFO - Filling up the DagBag from /media/PythonProjects/66.Spotify_ETL/venv/lib/python3.8/site-packages/airflow/example_dags/example_trigger_target_dag.py
[2021-06-06 06:43:14,149] {scheduler_job.py:643} INFO - DAG(s) dict_keys(['example_trigger_target_dag']) retrieved from /media/PythonProjects/66.Spotify_ETL/venv/lib/python3.8/site-packages/airflow/example_dags/example_trigger_target_dag.py
[2021-06-06 06:43:14,161] {logging_mixin.py:104} INFO - [2021-06-06 06:43:14,161] {dag.py:1832} INFO - Sync 1 DAGs
[2021-06-06 06:43:14,171] {logging_mixin.py:104} INFO - [2021-06-06 06:43:14,171] {dag.py:2305} INFO - Setting next_dagrun for example_trigger_target_dag to None
[2021-06-06 06:43:14,193] {scheduler_job.py:190} INFO - Processing /media/PythonProjects/66.Spotify_ETL/venv/lib/python3.8/site-packages/airflow/example_dags/example_trigger_target_dag.py took 0.063 seconds
[2021-06-06 06:43:46,881] {scheduler_job.py:182} INFO - Started process (PID=3642) to work on /media/PythonProjects/66.Spotify_ETL/venv/lib/python3.8/site-packages/airflow/example_dags/example_trigger_target_dag.py
[2021-06-06 06:43:46,883] {scheduler_job.py:633} INFO - Processing file /media/PythonProjects/66.Spotify_ETL/venv/lib/python3.8/site-packages/airflow/example_dags/example_trigger_target_dag.py for tasks to queue
[2021-06-06 06:43:46,884] {logging_mixin.py:104} INFO - [2021-06-06 06:43:46,884] {dagbag.py:487} INFO - Filling up the DagBag from /media/PythonProjects/66.Spotify_ETL/venv/lib/python3.8/site-packages/airflow/example_dags/example_trigger_target_dag.py
[2021-06-06 06:43:46,900] {scheduler_job.py:643} INFO - DAG(s) dict_keys(['example_trigger_target_dag']) retrieved from /media/PythonProjects/66.Spotify_ETL/venv/lib/python3.8/site-packages/airflow/example_dags/example_trigger_target_dag.py
[2021-06-06 06:43:46,913] {logging_mixin.py:104} INFO - [2021-06-06 06:43:46,913] {dag.py:1832} INFO - Sync 1 DAGs
[2021-06-06 06:43:46,925] {logging_mixin.py:104} INFO - [2021-06-06 06:43:46,925] {dag.py:2305} INFO - Setting next_dagrun for example_trigger_target_dag to None
[2021-06-06 06:43:46,946] {scheduler_job.py:190} INFO - Processing /media/PythonProjects/66.Spotify_ETL/venv/lib/python3.8/site-packages/airflow/example_dags/example_trigger_target_dag.py took 0.070 seconds
[2021-06-06 06:44:19,365] {scheduler_job.py:182} INFO - Started process (PID=3699) to work on /media/PythonProjects/66.Spotify_ETL/venv/lib/python3.8/site-packages/airflow/example_dags/example_trigger_target_dag.py
[2021-06-06 06:44:19,368] {scheduler_job.py:633} INFO - Processing file /media/PythonProjects/66.Spotify_ETL/venv/lib/python3.8/site-packages/airflow/example_dags/example_trigger_target_dag.py for tasks to queue
[2021-06-06 06:44:19,368] {logging_mixin.py:104} INFO - [2021-06-06 06:44:19,368] {dagbag.py:487} INFO - Filling up the DagBag from /media/PythonProjects/66.Spotify_ETL/venv/lib/python3.8/site-packages/airflow/example_dags/example_trigger_target_dag.py
[2021-06-06 06:44:19,381] {scheduler_job.py:643} INFO - DAG(s) dict_keys(['example_trigger_target_dag']) retrieved from /media/PythonProjects/66.Spotify_ETL/venv/lib/python3.8/site-packages/airflow/example_dags/example_trigger_target_dag.py
[2021-06-06 06:44:19,393] {logging_mixin.py:104} INFO - [2021-06-06 06:44:19,393] {dag.py:1832} INFO - Sync 1 DAGs
[2021-06-06 06:44:19,403] {logging_mixin.py:104} INFO - [2021-06-06 06:44:19,403] {dag.py:2305} INFO - Setting next_dagrun for example_trigger_target_dag to None
[2021-06-06 06:44:19,422] {scheduler_job.py:190} INFO - Processing /media/PythonProjects/66.Spotify_ETL/venv/lib/python3.8/site-packages/airflow/example_dags/example_trigger_target_dag.py took 0.061 seconds
[2021-06-06 06:45:00,625] {scheduler_job.py:182} INFO - Started process (PID=3766) to work on /media/PythonProjects/66.Spotify_ETL/venv/lib/python3.8/site-packages/airflow/example_dags/example_trigger_target_dag.py
[2021-06-06 06:45:00,628] {scheduler_job.py:633} INFO - Processing file /media/PythonProjects/66.Spotify_ETL/venv/lib/python3.8/site-packages/airflow/example_dags/example_trigger_target_dag.py for tasks to queue
[2021-06-06 06:45:00,629] {logging_mixin.py:104} INFO - [2021-06-06 06:45:00,629] {dagbag.py:487} INFO - Filling up the DagBag from /media/PythonProjects/66.Spotify_ETL/venv/lib/python3.8/site-packages/airflow/example_dags/example_trigger_target_dag.py
[2021-06-06 06:45:00,643] {scheduler_job.py:643} INFO - DAG(s) dict_keys(['example_trigger_target_dag']) retrieved from /media/PythonProjects/66.Spotify_ETL/venv/lib/python3.8/site-packages/airflow/example_dags/example_trigger_target_dag.py
[2021-06-06 06:45:00,656] {logging_mixin.py:104} INFO - [2021-06-06 06:45:00,656] {dag.py:1832} INFO - Sync 1 DAGs
[2021-06-06 06:45:00,667] {logging_mixin.py:104} INFO - [2021-06-06 06:45:00,667] {dag.py:2305} INFO - Setting next_dagrun for example_trigger_target_dag to None
[2021-06-06 06:45:00,692] {scheduler_job.py:190} INFO - Processing /media/PythonProjects/66.Spotify_ETL/venv/lib/python3.8/site-packages/airflow/example_dags/example_trigger_target_dag.py took 0.073 seconds
[2021-06-06 06:45:33,949] {scheduler_job.py:182} INFO - Started process (PID=3937) to work on /media/PythonProjects/66.Spotify_ETL/venv/lib/python3.8/site-packages/airflow/example_dags/example_trigger_target_dag.py
[2021-06-06 06:45:33,951] {scheduler_job.py:633} INFO - Processing file /media/PythonProjects/66.Spotify_ETL/venv/lib/python3.8/site-packages/airflow/example_dags/example_trigger_target_dag.py for tasks to queue
[2021-06-06 06:45:33,952] {logging_mixin.py:104} INFO - [2021-06-06 06:45:33,952] {dagbag.py:487} INFO - Filling up the DagBag from /media/PythonProjects/66.Spotify_ETL/venv/lib/python3.8/site-packages/airflow/example_dags/example_trigger_target_dag.py
[2021-06-06 06:45:33,966] {scheduler_job.py:643} INFO - DAG(s) dict_keys(['example_trigger_target_dag']) retrieved from /media/PythonProjects/66.Spotify_ETL/venv/lib/python3.8/site-packages/airflow/example_dags/example_trigger_target_dag.py
[2021-06-06 06:45:33,979] {logging_mixin.py:104} INFO - [2021-06-06 06:45:33,979] {dag.py:1832} INFO - Sync 1 DAGs
[2021-06-06 06:45:33,989] {logging_mixin.py:104} INFO - [2021-06-06 06:45:33,989] {dag.py:2305} INFO - Setting next_dagrun for example_trigger_target_dag to None
[2021-06-06 06:45:34,010] {scheduler_job.py:190} INFO - Processing /media/PythonProjects/66.Spotify_ETL/venv/lib/python3.8/site-packages/airflow/example_dags/example_trigger_target_dag.py took 0.065 seconds
[2021-06-06 06:46:10,382] {scheduler_job.py:182} INFO - Started process (PID=4270) to work on /media/PythonProjects/66.Spotify_ETL/venv/lib/python3.8/site-packages/airflow/example_dags/example_trigger_target_dag.py
[2021-06-06 06:46:10,383] {scheduler_job.py:633} INFO - Processing file /media/PythonProjects/66.Spotify_ETL/venv/lib/python3.8/site-packages/airflow/example_dags/example_trigger_target_dag.py for tasks to queue
[2021-06-06 06:46:10,388] {logging_mixin.py:104} INFO - [2021-06-06 06:46:10,388] {dagbag.py:487} INFO - Filling up the DagBag from /media/PythonProjects/66.Spotify_ETL/venv/lib/python3.8/site-packages/airflow/example_dags/example_trigger_target_dag.py
[2021-06-06 06:46:10,411] {scheduler_job.py:643} INFO - DAG(s) dict_keys(['example_trigger_target_dag']) retrieved from /media/PythonProjects/66.Spotify_ETL/venv/lib/python3.8/site-packages/airflow/example_dags/example_trigger_target_dag.py
[2021-06-06 06:46:10,435] {logging_mixin.py:104} INFO - [2021-06-06 06:46:10,435] {dag.py:1832} INFO - Sync 1 DAGs
[2021-06-06 06:46:10,459] {logging_mixin.py:104} INFO - [2021-06-06 06:46:10,458] {dag.py:2305} INFO - Setting next_dagrun for example_trigger_target_dag to None
[2021-06-06 06:46:10,487] {scheduler_job.py:190} INFO - Processing /media/PythonProjects/66.Spotify_ETL/venv/lib/python3.8/site-packages/airflow/example_dags/example_trigger_target_dag.py took 0.110 seconds
