[2021-06-06 06:32:24,020] {scheduler_job.py:182} INFO - Started process (PID=2417) to work on /media/PythonProjects/66.Spotify_ETL/venv/lib/python3.8/site-packages/airflow/example_dags/example_external_task_marker_dag.py
[2021-06-06 06:32:24,021] {scheduler_job.py:633} INFO - Processing file /media/PythonProjects/66.Spotify_ETL/venv/lib/python3.8/site-packages/airflow/example_dags/example_external_task_marker_dag.py for tasks to queue
[2021-06-06 06:32:24,022] {logging_mixin.py:104} INFO - [2021-06-06 06:32:24,022] {dagbag.py:487} INFO - Filling up the DagBag from /media/PythonProjects/66.Spotify_ETL/venv/lib/python3.8/site-packages/airflow/example_dags/example_external_task_marker_dag.py
[2021-06-06 06:32:24,040] {scheduler_job.py:643} INFO - DAG(s) dict_keys(['example_external_task_marker_parent', 'example_external_task_marker_child']) retrieved from /media/PythonProjects/66.Spotify_ETL/venv/lib/python3.8/site-packages/airflow/example_dags/example_external_task_marker_dag.py
[2021-06-06 06:32:24,341] {logging_mixin.py:104} INFO - [2021-06-06 06:32:24,341] {dag.py:1832} INFO - Sync 2 DAGs
[2021-06-06 06:32:24,352] {logging_mixin.py:104} INFO - [2021-06-06 06:32:24,352] {dag.py:2305} INFO - Setting next_dagrun for example_external_task_marker_child to None
[2021-06-06 06:32:24,353] {logging_mixin.py:104} INFO - [2021-06-06 06:32:24,353] {dag.py:2305} INFO - Setting next_dagrun for example_external_task_marker_parent to None
[2021-06-06 06:32:24,379] {scheduler_job.py:190} INFO - Processing /media/PythonProjects/66.Spotify_ETL/venv/lib/python3.8/site-packages/airflow/example_dags/example_external_task_marker_dag.py took 0.363 seconds
[2021-06-06 06:33:00,829] {scheduler_job.py:182} INFO - Started process (PID=2503) to work on /media/PythonProjects/66.Spotify_ETL/venv/lib/python3.8/site-packages/airflow/example_dags/example_external_task_marker_dag.py
[2021-06-06 06:33:00,830] {scheduler_job.py:633} INFO - Processing file /media/PythonProjects/66.Spotify_ETL/venv/lib/python3.8/site-packages/airflow/example_dags/example_external_task_marker_dag.py for tasks to queue
[2021-06-06 06:33:00,831] {logging_mixin.py:104} INFO - [2021-06-06 06:33:00,831] {dagbag.py:487} INFO - Filling up the DagBag from /media/PythonProjects/66.Spotify_ETL/venv/lib/python3.8/site-packages/airflow/example_dags/example_external_task_marker_dag.py
[2021-06-06 06:33:00,846] {scheduler_job.py:643} INFO - DAG(s) dict_keys(['example_external_task_marker_parent', 'example_external_task_marker_child']) retrieved from /media/PythonProjects/66.Spotify_ETL/venv/lib/python3.8/site-packages/airflow/example_dags/example_external_task_marker_dag.py
[2021-06-06 06:33:00,863] {logging_mixin.py:104} INFO - [2021-06-06 06:33:00,863] {dag.py:1832} INFO - Sync 2 DAGs
[2021-06-06 06:33:00,876] {logging_mixin.py:104} INFO - [2021-06-06 06:33:00,876] {dag.py:2305} INFO - Setting next_dagrun for example_external_task_marker_child to None
[2021-06-06 06:33:00,877] {logging_mixin.py:104} INFO - [2021-06-06 06:33:00,877] {dag.py:2305} INFO - Setting next_dagrun for example_external_task_marker_parent to None
[2021-06-06 06:33:00,898] {scheduler_job.py:190} INFO - Processing /media/PythonProjects/66.Spotify_ETL/venv/lib/python3.8/site-packages/airflow/example_dags/example_external_task_marker_dag.py took 0.072 seconds
[2021-06-06 06:33:33,536] {scheduler_job.py:182} INFO - Started process (PID=2559) to work on /media/PythonProjects/66.Spotify_ETL/venv/lib/python3.8/site-packages/airflow/example_dags/example_external_task_marker_dag.py
[2021-06-06 06:33:33,539] {scheduler_job.py:633} INFO - Processing file /media/PythonProjects/66.Spotify_ETL/venv/lib/python3.8/site-packages/airflow/example_dags/example_external_task_marker_dag.py for tasks to queue
[2021-06-06 06:33:33,541] {logging_mixin.py:104} INFO - [2021-06-06 06:33:33,540] {dagbag.py:487} INFO - Filling up the DagBag from /media/PythonProjects/66.Spotify_ETL/venv/lib/python3.8/site-packages/airflow/example_dags/example_external_task_marker_dag.py
[2021-06-06 06:33:33,561] {scheduler_job.py:643} INFO - DAG(s) dict_keys(['example_external_task_marker_parent', 'example_external_task_marker_child']) retrieved from /media/PythonProjects/66.Spotify_ETL/venv/lib/python3.8/site-packages/airflow/example_dags/example_external_task_marker_dag.py
[2021-06-06 06:33:33,886] {logging_mixin.py:104} INFO - [2021-06-06 06:33:33,886] {dag.py:1832} INFO - Sync 2 DAGs
[2021-06-06 06:33:33,899] {logging_mixin.py:104} INFO - [2021-06-06 06:33:33,899] {dag.py:2305} INFO - Setting next_dagrun for example_external_task_marker_child to None
[2021-06-06 06:33:33,900] {logging_mixin.py:104} INFO - [2021-06-06 06:33:33,900] {dag.py:2305} INFO - Setting next_dagrun for example_external_task_marker_parent to None
[2021-06-06 06:33:33,921] {scheduler_job.py:190} INFO - Processing /media/PythonProjects/66.Spotify_ETL/venv/lib/python3.8/site-packages/airflow/example_dags/example_external_task_marker_dag.py took 0.399 seconds
[2021-06-06 06:34:13,754] {scheduler_job.py:182} INFO - Started process (PID=2626) to work on /media/PythonProjects/66.Spotify_ETL/venv/lib/python3.8/site-packages/airflow/example_dags/example_external_task_marker_dag.py
[2021-06-06 06:34:13,756] {scheduler_job.py:633} INFO - Processing file /media/PythonProjects/66.Spotify_ETL/venv/lib/python3.8/site-packages/airflow/example_dags/example_external_task_marker_dag.py for tasks to queue
[2021-06-06 06:34:13,758] {logging_mixin.py:104} INFO - [2021-06-06 06:34:13,757] {dagbag.py:487} INFO - Filling up the DagBag from /media/PythonProjects/66.Spotify_ETL/venv/lib/python3.8/site-packages/airflow/example_dags/example_external_task_marker_dag.py
[2021-06-06 06:34:13,782] {scheduler_job.py:643} INFO - DAG(s) dict_keys(['example_external_task_marker_parent', 'example_external_task_marker_child']) retrieved from /media/PythonProjects/66.Spotify_ETL/venv/lib/python3.8/site-packages/airflow/example_dags/example_external_task_marker_dag.py
[2021-06-06 06:34:13,800] {logging_mixin.py:104} INFO - [2021-06-06 06:34:13,800] {dag.py:1832} INFO - Sync 2 DAGs
[2021-06-06 06:34:13,811] {logging_mixin.py:104} INFO - [2021-06-06 06:34:13,811] {dag.py:2305} INFO - Setting next_dagrun for example_external_task_marker_child to None
[2021-06-06 06:34:13,813] {logging_mixin.py:104} INFO - [2021-06-06 06:34:13,812] {dag.py:2305} INFO - Setting next_dagrun for example_external_task_marker_parent to None
[2021-06-06 06:34:13,837] {scheduler_job.py:190} INFO - Processing /media/PythonProjects/66.Spotify_ETL/venv/lib/python3.8/site-packages/airflow/example_dags/example_external_task_marker_dag.py took 0.091 seconds
[2021-06-06 06:34:46,838] {scheduler_job.py:182} INFO - Started process (PID=2685) to work on /media/PythonProjects/66.Spotify_ETL/venv/lib/python3.8/site-packages/airflow/example_dags/example_external_task_marker_dag.py
[2021-06-06 06:34:46,841] {scheduler_job.py:633} INFO - Processing file /media/PythonProjects/66.Spotify_ETL/venv/lib/python3.8/site-packages/airflow/example_dags/example_external_task_marker_dag.py for tasks to queue
[2021-06-06 06:34:46,843] {logging_mixin.py:104} INFO - [2021-06-06 06:34:46,843] {dagbag.py:487} INFO - Filling up the DagBag from /media/PythonProjects/66.Spotify_ETL/venv/lib/python3.8/site-packages/airflow/example_dags/example_external_task_marker_dag.py
[2021-06-06 06:34:46,869] {scheduler_job.py:643} INFO - DAG(s) dict_keys(['example_external_task_marker_parent', 'example_external_task_marker_child']) retrieved from /media/PythonProjects/66.Spotify_ETL/venv/lib/python3.8/site-packages/airflow/example_dags/example_external_task_marker_dag.py
[2021-06-06 06:34:47,107] {logging_mixin.py:104} INFO - [2021-06-06 06:34:47,107] {dag.py:1832} INFO - Sync 2 DAGs
[2021-06-06 06:34:47,116] {logging_mixin.py:104} INFO - [2021-06-06 06:34:47,116] {dag.py:2305} INFO - Setting next_dagrun for example_external_task_marker_child to None
[2021-06-06 06:34:47,117] {logging_mixin.py:104} INFO - [2021-06-06 06:34:47,117] {dag.py:2305} INFO - Setting next_dagrun for example_external_task_marker_parent to None
[2021-06-06 06:34:47,137] {scheduler_job.py:190} INFO - Processing /media/PythonProjects/66.Spotify_ETL/venv/lib/python3.8/site-packages/airflow/example_dags/example_external_task_marker_dag.py took 0.306 seconds
[2021-06-06 06:35:18,501] {scheduler_job.py:182} INFO - Started process (PID=2745) to work on /media/PythonProjects/66.Spotify_ETL/venv/lib/python3.8/site-packages/airflow/example_dags/example_external_task_marker_dag.py
[2021-06-06 06:35:18,502] {scheduler_job.py:633} INFO - Processing file /media/PythonProjects/66.Spotify_ETL/venv/lib/python3.8/site-packages/airflow/example_dags/example_external_task_marker_dag.py for tasks to queue
[2021-06-06 06:35:18,503] {logging_mixin.py:104} INFO - [2021-06-06 06:35:18,503] {dagbag.py:487} INFO - Filling up the DagBag from /media/PythonProjects/66.Spotify_ETL/venv/lib/python3.8/site-packages/airflow/example_dags/example_external_task_marker_dag.py
[2021-06-06 06:35:18,514] {scheduler_job.py:643} INFO - DAG(s) dict_keys(['example_external_task_marker_parent', 'example_external_task_marker_child']) retrieved from /media/PythonProjects/66.Spotify_ETL/venv/lib/python3.8/site-packages/airflow/example_dags/example_external_task_marker_dag.py
[2021-06-06 06:35:18,539] {logging_mixin.py:104} INFO - [2021-06-06 06:35:18,539] {dag.py:1832} INFO - Sync 2 DAGs
[2021-06-06 06:35:18,557] {logging_mixin.py:104} INFO - [2021-06-06 06:35:18,557] {dag.py:2305} INFO - Setting next_dagrun for example_external_task_marker_child to None
[2021-06-06 06:35:18,559] {logging_mixin.py:104} INFO - [2021-06-06 06:35:18,559] {dag.py:2305} INFO - Setting next_dagrun for example_external_task_marker_parent to None
[2021-06-06 06:35:18,582] {scheduler_job.py:190} INFO - Processing /media/PythonProjects/66.Spotify_ETL/venv/lib/python3.8/site-packages/airflow/example_dags/example_external_task_marker_dag.py took 0.084 seconds
[2021-06-06 06:35:51,841] {scheduler_job.py:182} INFO - Started process (PID=2806) to work on /media/PythonProjects/66.Spotify_ETL/venv/lib/python3.8/site-packages/airflow/example_dags/example_external_task_marker_dag.py
[2021-06-06 06:35:51,842] {scheduler_job.py:633} INFO - Processing file /media/PythonProjects/66.Spotify_ETL/venv/lib/python3.8/site-packages/airflow/example_dags/example_external_task_marker_dag.py for tasks to queue
[2021-06-06 06:35:51,843] {logging_mixin.py:104} INFO - [2021-06-06 06:35:51,843] {dagbag.py:487} INFO - Filling up the DagBag from /media/PythonProjects/66.Spotify_ETL/venv/lib/python3.8/site-packages/airflow/example_dags/example_external_task_marker_dag.py
[2021-06-06 06:35:51,854] {scheduler_job.py:643} INFO - DAG(s) dict_keys(['example_external_task_marker_parent', 'example_external_task_marker_child']) retrieved from /media/PythonProjects/66.Spotify_ETL/venv/lib/python3.8/site-packages/airflow/example_dags/example_external_task_marker_dag.py
[2021-06-06 06:35:52,083] {logging_mixin.py:104} INFO - [2021-06-06 06:35:52,083] {dag.py:1832} INFO - Sync 2 DAGs
[2021-06-06 06:35:52,092] {logging_mixin.py:104} INFO - [2021-06-06 06:35:52,092] {dag.py:2305} INFO - Setting next_dagrun for example_external_task_marker_child to None
[2021-06-06 06:35:52,093] {logging_mixin.py:104} INFO - [2021-06-06 06:35:52,093] {dag.py:2305} INFO - Setting next_dagrun for example_external_task_marker_parent to None
[2021-06-06 06:35:52,114] {scheduler_job.py:190} INFO - Processing /media/PythonProjects/66.Spotify_ETL/venv/lib/python3.8/site-packages/airflow/example_dags/example_external_task_marker_dag.py took 0.275 seconds
[2021-06-06 06:36:26,342] {scheduler_job.py:182} INFO - Started process (PID=2868) to work on /media/PythonProjects/66.Spotify_ETL/venv/lib/python3.8/site-packages/airflow/example_dags/example_external_task_marker_dag.py
[2021-06-06 06:36:26,344] {scheduler_job.py:633} INFO - Processing file /media/PythonProjects/66.Spotify_ETL/venv/lib/python3.8/site-packages/airflow/example_dags/example_external_task_marker_dag.py for tasks to queue
[2021-06-06 06:36:26,345] {logging_mixin.py:104} INFO - [2021-06-06 06:36:26,345] {dagbag.py:487} INFO - Filling up the DagBag from /media/PythonProjects/66.Spotify_ETL/venv/lib/python3.8/site-packages/airflow/example_dags/example_external_task_marker_dag.py
[2021-06-06 06:36:26,358] {scheduler_job.py:643} INFO - DAG(s) dict_keys(['example_external_task_marker_parent', 'example_external_task_marker_child']) retrieved from /media/PythonProjects/66.Spotify_ETL/venv/lib/python3.8/site-packages/airflow/example_dags/example_external_task_marker_dag.py
[2021-06-06 06:36:26,373] {logging_mixin.py:104} INFO - [2021-06-06 06:36:26,373] {dag.py:1832} INFO - Sync 2 DAGs
[2021-06-06 06:36:26,383] {logging_mixin.py:104} INFO - [2021-06-06 06:36:26,383] {dag.py:2305} INFO - Setting next_dagrun for example_external_task_marker_child to None
[2021-06-06 06:36:26,384] {logging_mixin.py:104} INFO - [2021-06-06 06:36:26,384] {dag.py:2305} INFO - Setting next_dagrun for example_external_task_marker_parent to None
[2021-06-06 06:36:26,403] {scheduler_job.py:190} INFO - Processing /media/PythonProjects/66.Spotify_ETL/venv/lib/python3.8/site-packages/airflow/example_dags/example_external_task_marker_dag.py took 0.070 seconds
[2021-06-06 06:36:58,250] {scheduler_job.py:182} INFO - Started process (PID=2927) to work on /media/PythonProjects/66.Spotify_ETL/venv/lib/python3.8/site-packages/airflow/example_dags/example_external_task_marker_dag.py
[2021-06-06 06:36:58,251] {scheduler_job.py:633} INFO - Processing file /media/PythonProjects/66.Spotify_ETL/venv/lib/python3.8/site-packages/airflow/example_dags/example_external_task_marker_dag.py for tasks to queue
[2021-06-06 06:36:58,252] {logging_mixin.py:104} INFO - [2021-06-06 06:36:58,252] {dagbag.py:487} INFO - Filling up the DagBag from /media/PythonProjects/66.Spotify_ETL/venv/lib/python3.8/site-packages/airflow/example_dags/example_external_task_marker_dag.py
[2021-06-06 06:36:58,266] {scheduler_job.py:643} INFO - DAG(s) dict_keys(['example_external_task_marker_parent', 'example_external_task_marker_child']) retrieved from /media/PythonProjects/66.Spotify_ETL/venv/lib/python3.8/site-packages/airflow/example_dags/example_external_task_marker_dag.py
[2021-06-06 06:36:58,567] {logging_mixin.py:104} INFO - [2021-06-06 06:36:58,567] {dag.py:1832} INFO - Sync 2 DAGs
[2021-06-06 06:36:58,574] {logging_mixin.py:104} INFO - [2021-06-06 06:36:58,574] {dag.py:2305} INFO - Setting next_dagrun for example_external_task_marker_child to None
[2021-06-06 06:36:58,575] {logging_mixin.py:104} INFO - [2021-06-06 06:36:58,575] {dag.py:2305} INFO - Setting next_dagrun for example_external_task_marker_parent to None
[2021-06-06 06:36:58,598] {scheduler_job.py:190} INFO - Processing /media/PythonProjects/66.Spotify_ETL/venv/lib/python3.8/site-packages/airflow/example_dags/example_external_task_marker_dag.py took 0.350 seconds
[2021-06-06 06:37:32,024] {scheduler_job.py:182} INFO - Started process (PID=2987) to work on /media/PythonProjects/66.Spotify_ETL/venv/lib/python3.8/site-packages/airflow/example_dags/example_external_task_marker_dag.py
[2021-06-06 06:37:32,026] {scheduler_job.py:633} INFO - Processing file /media/PythonProjects/66.Spotify_ETL/venv/lib/python3.8/site-packages/airflow/example_dags/example_external_task_marker_dag.py for tasks to queue
[2021-06-06 06:37:32,030] {logging_mixin.py:104} INFO - [2021-06-06 06:37:32,030] {dagbag.py:487} INFO - Filling up the DagBag from /media/PythonProjects/66.Spotify_ETL/venv/lib/python3.8/site-packages/airflow/example_dags/example_external_task_marker_dag.py
[2021-06-06 06:37:32,048] {scheduler_job.py:643} INFO - DAG(s) dict_keys(['example_external_task_marker_parent', 'example_external_task_marker_child']) retrieved from /media/PythonProjects/66.Spotify_ETL/venv/lib/python3.8/site-packages/airflow/example_dags/example_external_task_marker_dag.py
[2021-06-06 06:37:32,339] {logging_mixin.py:104} INFO - [2021-06-06 06:37:32,339] {dag.py:1832} INFO - Sync 2 DAGs
[2021-06-06 06:37:32,348] {logging_mixin.py:104} INFO - [2021-06-06 06:37:32,348] {dag.py:2305} INFO - Setting next_dagrun for example_external_task_marker_child to None
[2021-06-06 06:37:32,349] {logging_mixin.py:104} INFO - [2021-06-06 06:37:32,349] {dag.py:2305} INFO - Setting next_dagrun for example_external_task_marker_parent to None
[2021-06-06 06:37:32,374] {scheduler_job.py:190} INFO - Processing /media/PythonProjects/66.Spotify_ETL/venv/lib/python3.8/site-packages/airflow/example_dags/example_external_task_marker_dag.py took 0.353 seconds
[2021-06-06 06:38:05,397] {scheduler_job.py:182} INFO - Started process (PID=3046) to work on /media/PythonProjects/66.Spotify_ETL/venv/lib/python3.8/site-packages/airflow/example_dags/example_external_task_marker_dag.py
[2021-06-06 06:38:05,399] {scheduler_job.py:633} INFO - Processing file /media/PythonProjects/66.Spotify_ETL/venv/lib/python3.8/site-packages/airflow/example_dags/example_external_task_marker_dag.py for tasks to queue
[2021-06-06 06:38:05,400] {logging_mixin.py:104} INFO - [2021-06-06 06:38:05,400] {dagbag.py:487} INFO - Filling up the DagBag from /media/PythonProjects/66.Spotify_ETL/venv/lib/python3.8/site-packages/airflow/example_dags/example_external_task_marker_dag.py
[2021-06-06 06:38:05,414] {scheduler_job.py:643} INFO - DAG(s) dict_keys(['example_external_task_marker_parent', 'example_external_task_marker_child']) retrieved from /media/PythonProjects/66.Spotify_ETL/venv/lib/python3.8/site-packages/airflow/example_dags/example_external_task_marker_dag.py
[2021-06-06 06:38:05,654] {logging_mixin.py:104} INFO - [2021-06-06 06:38:05,654] {dag.py:1832} INFO - Sync 2 DAGs
[2021-06-06 06:38:05,663] {logging_mixin.py:104} INFO - [2021-06-06 06:38:05,663] {dag.py:2305} INFO - Setting next_dagrun for example_external_task_marker_child to None
[2021-06-06 06:38:05,664] {logging_mixin.py:104} INFO - [2021-06-06 06:38:05,664] {dag.py:2305} INFO - Setting next_dagrun for example_external_task_marker_parent to None
[2021-06-06 06:38:05,684] {scheduler_job.py:190} INFO - Processing /media/PythonProjects/66.Spotify_ETL/venv/lib/python3.8/site-packages/airflow/example_dags/example_external_task_marker_dag.py took 0.293 seconds
[2021-06-06 06:38:40,277] {scheduler_job.py:182} INFO - Started process (PID=3107) to work on /media/PythonProjects/66.Spotify_ETL/venv/lib/python3.8/site-packages/airflow/example_dags/example_external_task_marker_dag.py
[2021-06-06 06:38:40,279] {scheduler_job.py:633} INFO - Processing file /media/PythonProjects/66.Spotify_ETL/venv/lib/python3.8/site-packages/airflow/example_dags/example_external_task_marker_dag.py for tasks to queue
[2021-06-06 06:38:40,281] {logging_mixin.py:104} INFO - [2021-06-06 06:38:40,281] {dagbag.py:487} INFO - Filling up the DagBag from /media/PythonProjects/66.Spotify_ETL/venv/lib/python3.8/site-packages/airflow/example_dags/example_external_task_marker_dag.py
[2021-06-06 06:38:40,308] {scheduler_job.py:643} INFO - DAG(s) dict_keys(['example_external_task_marker_parent', 'example_external_task_marker_child']) retrieved from /media/PythonProjects/66.Spotify_ETL/venv/lib/python3.8/site-packages/airflow/example_dags/example_external_task_marker_dag.py
[2021-06-06 06:38:40,349] {logging_mixin.py:104} INFO - [2021-06-06 06:38:40,349] {dag.py:1832} INFO - Sync 2 DAGs
[2021-06-06 06:38:40,363] {logging_mixin.py:104} INFO - [2021-06-06 06:38:40,363] {dag.py:2305} INFO - Setting next_dagrun for example_external_task_marker_child to None
[2021-06-06 06:38:40,365] {logging_mixin.py:104} INFO - [2021-06-06 06:38:40,365] {dag.py:2305} INFO - Setting next_dagrun for example_external_task_marker_parent to None
[2021-06-06 06:38:40,392] {scheduler_job.py:190} INFO - Processing /media/PythonProjects/66.Spotify_ETL/venv/lib/python3.8/site-packages/airflow/example_dags/example_external_task_marker_dag.py took 0.119 seconds
[2021-06-06 06:39:14,146] {scheduler_job.py:182} INFO - Started process (PID=3165) to work on /media/PythonProjects/66.Spotify_ETL/venv/lib/python3.8/site-packages/airflow/example_dags/example_external_task_marker_dag.py
[2021-06-06 06:39:14,147] {scheduler_job.py:633} INFO - Processing file /media/PythonProjects/66.Spotify_ETL/venv/lib/python3.8/site-packages/airflow/example_dags/example_external_task_marker_dag.py for tasks to queue
[2021-06-06 06:39:14,148] {logging_mixin.py:104} INFO - [2021-06-06 06:39:14,148] {dagbag.py:487} INFO - Filling up the DagBag from /media/PythonProjects/66.Spotify_ETL/venv/lib/python3.8/site-packages/airflow/example_dags/example_external_task_marker_dag.py
[2021-06-06 06:39:14,163] {scheduler_job.py:643} INFO - DAG(s) dict_keys(['example_external_task_marker_parent', 'example_external_task_marker_child']) retrieved from /media/PythonProjects/66.Spotify_ETL/venv/lib/python3.8/site-packages/airflow/example_dags/example_external_task_marker_dag.py
[2021-06-06 06:39:14,181] {logging_mixin.py:104} INFO - [2021-06-06 06:39:14,180] {dag.py:1832} INFO - Sync 2 DAGs
[2021-06-06 06:39:14,195] {logging_mixin.py:104} INFO - [2021-06-06 06:39:14,195] {dag.py:2305} INFO - Setting next_dagrun for example_external_task_marker_child to None
[2021-06-06 06:39:14,196] {logging_mixin.py:104} INFO - [2021-06-06 06:39:14,196] {dag.py:2305} INFO - Setting next_dagrun for example_external_task_marker_parent to None
[2021-06-06 06:39:14,219] {scheduler_job.py:190} INFO - Processing /media/PythonProjects/66.Spotify_ETL/venv/lib/python3.8/site-packages/airflow/example_dags/example_external_task_marker_dag.py took 0.077 seconds
[2021-06-06 06:39:50,255] {scheduler_job.py:182} INFO - Started process (PID=3227) to work on /media/PythonProjects/66.Spotify_ETL/venv/lib/python3.8/site-packages/airflow/example_dags/example_external_task_marker_dag.py
[2021-06-06 06:39:50,256] {scheduler_job.py:633} INFO - Processing file /media/PythonProjects/66.Spotify_ETL/venv/lib/python3.8/site-packages/airflow/example_dags/example_external_task_marker_dag.py for tasks to queue
[2021-06-06 06:39:50,257] {logging_mixin.py:104} INFO - [2021-06-06 06:39:50,257] {dagbag.py:487} INFO - Filling up the DagBag from /media/PythonProjects/66.Spotify_ETL/venv/lib/python3.8/site-packages/airflow/example_dags/example_external_task_marker_dag.py
[2021-06-06 06:39:50,268] {scheduler_job.py:643} INFO - DAG(s) dict_keys(['example_external_task_marker_parent', 'example_external_task_marker_child']) retrieved from /media/PythonProjects/66.Spotify_ETL/venv/lib/python3.8/site-packages/airflow/example_dags/example_external_task_marker_dag.py
[2021-06-06 06:39:50,545] {logging_mixin.py:104} INFO - [2021-06-06 06:39:50,544] {dag.py:1832} INFO - Sync 2 DAGs
[2021-06-06 06:39:50,561] {logging_mixin.py:104} INFO - [2021-06-06 06:39:50,561] {dag.py:2305} INFO - Setting next_dagrun for example_external_task_marker_child to None
[2021-06-06 06:39:50,565] {logging_mixin.py:104} INFO - [2021-06-06 06:39:50,565] {dag.py:2305} INFO - Setting next_dagrun for example_external_task_marker_parent to None
[2021-06-06 06:39:50,604] {scheduler_job.py:190} INFO - Processing /media/PythonProjects/66.Spotify_ETL/venv/lib/python3.8/site-packages/airflow/example_dags/example_external_task_marker_dag.py took 0.352 seconds
[2021-06-06 06:40:28,671] {scheduler_job.py:182} INFO - Started process (PID=3290) to work on /media/PythonProjects/66.Spotify_ETL/venv/lib/python3.8/site-packages/airflow/example_dags/example_external_task_marker_dag.py
[2021-06-06 06:40:28,673] {scheduler_job.py:633} INFO - Processing file /media/PythonProjects/66.Spotify_ETL/venv/lib/python3.8/site-packages/airflow/example_dags/example_external_task_marker_dag.py for tasks to queue
[2021-06-06 06:40:28,674] {logging_mixin.py:104} INFO - [2021-06-06 06:40:28,674] {dagbag.py:487} INFO - Filling up the DagBag from /media/PythonProjects/66.Spotify_ETL/venv/lib/python3.8/site-packages/airflow/example_dags/example_external_task_marker_dag.py
[2021-06-06 06:40:28,689] {scheduler_job.py:643} INFO - DAG(s) dict_keys(['example_external_task_marker_parent', 'example_external_task_marker_child']) retrieved from /media/PythonProjects/66.Spotify_ETL/venv/lib/python3.8/site-packages/airflow/example_dags/example_external_task_marker_dag.py
[2021-06-06 06:40:28,945] {logging_mixin.py:104} INFO - [2021-06-06 06:40:28,945] {dag.py:1832} INFO - Sync 2 DAGs
[2021-06-06 06:40:28,954] {logging_mixin.py:104} INFO - [2021-06-06 06:40:28,954] {dag.py:2305} INFO - Setting next_dagrun for example_external_task_marker_child to None
[2021-06-06 06:40:28,954] {logging_mixin.py:104} INFO - [2021-06-06 06:40:28,954] {dag.py:2305} INFO - Setting next_dagrun for example_external_task_marker_parent to None
[2021-06-06 06:40:28,978] {scheduler_job.py:190} INFO - Processing /media/PythonProjects/66.Spotify_ETL/venv/lib/python3.8/site-packages/airflow/example_dags/example_external_task_marker_dag.py took 0.312 seconds
[2021-06-06 06:41:01,444] {scheduler_job.py:182} INFO - Started process (PID=3349) to work on /media/PythonProjects/66.Spotify_ETL/venv/lib/python3.8/site-packages/airflow/example_dags/example_external_task_marker_dag.py
[2021-06-06 06:41:01,445] {scheduler_job.py:633} INFO - Processing file /media/PythonProjects/66.Spotify_ETL/venv/lib/python3.8/site-packages/airflow/example_dags/example_external_task_marker_dag.py for tasks to queue
[2021-06-06 06:41:01,446] {logging_mixin.py:104} INFO - [2021-06-06 06:41:01,446] {dagbag.py:487} INFO - Filling up the DagBag from /media/PythonProjects/66.Spotify_ETL/venv/lib/python3.8/site-packages/airflow/example_dags/example_external_task_marker_dag.py
[2021-06-06 06:41:01,462] {scheduler_job.py:643} INFO - DAG(s) dict_keys(['example_external_task_marker_parent', 'example_external_task_marker_child']) retrieved from /media/PythonProjects/66.Spotify_ETL/venv/lib/python3.8/site-packages/airflow/example_dags/example_external_task_marker_dag.py
[2021-06-06 06:41:01,805] {logging_mixin.py:104} INFO - [2021-06-06 06:41:01,804] {dag.py:1832} INFO - Sync 2 DAGs
[2021-06-06 06:41:01,814] {logging_mixin.py:104} INFO - [2021-06-06 06:41:01,814] {dag.py:2305} INFO - Setting next_dagrun for example_external_task_marker_child to None
[2021-06-06 06:41:01,815] {logging_mixin.py:104} INFO - [2021-06-06 06:41:01,815] {dag.py:2305} INFO - Setting next_dagrun for example_external_task_marker_parent to None
[2021-06-06 06:41:01,846] {scheduler_job.py:190} INFO - Processing /media/PythonProjects/66.Spotify_ETL/venv/lib/python3.8/site-packages/airflow/example_dags/example_external_task_marker_dag.py took 0.404 seconds
[2021-06-06 06:41:36,053] {scheduler_job.py:182} INFO - Started process (PID=3410) to work on /media/PythonProjects/66.Spotify_ETL/venv/lib/python3.8/site-packages/airflow/example_dags/example_external_task_marker_dag.py
[2021-06-06 06:41:36,054] {scheduler_job.py:633} INFO - Processing file /media/PythonProjects/66.Spotify_ETL/venv/lib/python3.8/site-packages/airflow/example_dags/example_external_task_marker_dag.py for tasks to queue
[2021-06-06 06:41:36,055] {logging_mixin.py:104} INFO - [2021-06-06 06:41:36,054] {dagbag.py:487} INFO - Filling up the DagBag from /media/PythonProjects/66.Spotify_ETL/venv/lib/python3.8/site-packages/airflow/example_dags/example_external_task_marker_dag.py
[2021-06-06 06:41:36,065] {scheduler_job.py:643} INFO - DAG(s) dict_keys(['example_external_task_marker_parent', 'example_external_task_marker_child']) retrieved from /media/PythonProjects/66.Spotify_ETL/venv/lib/python3.8/site-packages/airflow/example_dags/example_external_task_marker_dag.py
[2021-06-06 06:41:36,306] {logging_mixin.py:104} INFO - [2021-06-06 06:41:36,306] {dag.py:1832} INFO - Sync 2 DAGs
[2021-06-06 06:41:36,316] {logging_mixin.py:104} INFO - [2021-06-06 06:41:36,316] {dag.py:2305} INFO - Setting next_dagrun for example_external_task_marker_child to None
[2021-06-06 06:41:36,317] {logging_mixin.py:104} INFO - [2021-06-06 06:41:36,317] {dag.py:2305} INFO - Setting next_dagrun for example_external_task_marker_parent to None
[2021-06-06 06:41:36,340] {scheduler_job.py:190} INFO - Processing /media/PythonProjects/66.Spotify_ETL/venv/lib/python3.8/site-packages/airflow/example_dags/example_external_task_marker_dag.py took 0.290 seconds
[2021-06-06 06:42:09,430] {scheduler_job.py:182} INFO - Started process (PID=3468) to work on /media/PythonProjects/66.Spotify_ETL/venv/lib/python3.8/site-packages/airflow/example_dags/example_external_task_marker_dag.py
[2021-06-06 06:42:09,432] {scheduler_job.py:633} INFO - Processing file /media/PythonProjects/66.Spotify_ETL/venv/lib/python3.8/site-packages/airflow/example_dags/example_external_task_marker_dag.py for tasks to queue
[2021-06-06 06:42:09,433] {logging_mixin.py:104} INFO - [2021-06-06 06:42:09,433] {dagbag.py:487} INFO - Filling up the DagBag from /media/PythonProjects/66.Spotify_ETL/venv/lib/python3.8/site-packages/airflow/example_dags/example_external_task_marker_dag.py
[2021-06-06 06:42:09,446] {scheduler_job.py:643} INFO - DAG(s) dict_keys(['example_external_task_marker_parent', 'example_external_task_marker_child']) retrieved from /media/PythonProjects/66.Spotify_ETL/venv/lib/python3.8/site-packages/airflow/example_dags/example_external_task_marker_dag.py
[2021-06-06 06:42:09,682] {logging_mixin.py:104} INFO - [2021-06-06 06:42:09,681] {dag.py:1832} INFO - Sync 2 DAGs
[2021-06-06 06:42:09,691] {logging_mixin.py:104} INFO - [2021-06-06 06:42:09,691] {dag.py:2305} INFO - Setting next_dagrun for example_external_task_marker_child to None
[2021-06-06 06:42:09,692] {logging_mixin.py:104} INFO - [2021-06-06 06:42:09,691] {dag.py:2305} INFO - Setting next_dagrun for example_external_task_marker_parent to None
[2021-06-06 06:42:09,713] {scheduler_job.py:190} INFO - Processing /media/PythonProjects/66.Spotify_ETL/venv/lib/python3.8/site-packages/airflow/example_dags/example_external_task_marker_dag.py took 0.288 seconds
[2021-06-06 06:42:44,078] {scheduler_job.py:182} INFO - Started process (PID=3530) to work on /media/PythonProjects/66.Spotify_ETL/venv/lib/python3.8/site-packages/airflow/example_dags/example_external_task_marker_dag.py
[2021-06-06 06:42:44,081] {scheduler_job.py:633} INFO - Processing file /media/PythonProjects/66.Spotify_ETL/venv/lib/python3.8/site-packages/airflow/example_dags/example_external_task_marker_dag.py for tasks to queue
[2021-06-06 06:42:44,082] {logging_mixin.py:104} INFO - [2021-06-06 06:42:44,082] {dagbag.py:487} INFO - Filling up the DagBag from /media/PythonProjects/66.Spotify_ETL/venv/lib/python3.8/site-packages/airflow/example_dags/example_external_task_marker_dag.py
[2021-06-06 06:42:44,097] {scheduler_job.py:643} INFO - DAG(s) dict_keys(['example_external_task_marker_parent', 'example_external_task_marker_child']) retrieved from /media/PythonProjects/66.Spotify_ETL/venv/lib/python3.8/site-packages/airflow/example_dags/example_external_task_marker_dag.py
[2021-06-06 06:42:44,357] {logging_mixin.py:104} INFO - [2021-06-06 06:42:44,357] {dag.py:1832} INFO - Sync 2 DAGs
[2021-06-06 06:42:44,366] {logging_mixin.py:104} INFO - [2021-06-06 06:42:44,366] {dag.py:2305} INFO - Setting next_dagrun for example_external_task_marker_child to None
[2021-06-06 06:42:44,367] {logging_mixin.py:104} INFO - [2021-06-06 06:42:44,367] {dag.py:2305} INFO - Setting next_dagrun for example_external_task_marker_parent to None
[2021-06-06 06:42:44,387] {scheduler_job.py:190} INFO - Processing /media/PythonProjects/66.Spotify_ETL/venv/lib/python3.8/site-packages/airflow/example_dags/example_external_task_marker_dag.py took 0.315 seconds
[2021-06-06 06:43:18,225] {scheduler_job.py:182} INFO - Started process (PID=3591) to work on /media/PythonProjects/66.Spotify_ETL/venv/lib/python3.8/site-packages/airflow/example_dags/example_external_task_marker_dag.py
[2021-06-06 06:43:18,227] {scheduler_job.py:633} INFO - Processing file /media/PythonProjects/66.Spotify_ETL/venv/lib/python3.8/site-packages/airflow/example_dags/example_external_task_marker_dag.py for tasks to queue
[2021-06-06 06:43:18,228] {logging_mixin.py:104} INFO - [2021-06-06 06:43:18,228] {dagbag.py:487} INFO - Filling up the DagBag from /media/PythonProjects/66.Spotify_ETL/venv/lib/python3.8/site-packages/airflow/example_dags/example_external_task_marker_dag.py
[2021-06-06 06:43:18,241] {scheduler_job.py:643} INFO - DAG(s) dict_keys(['example_external_task_marker_parent', 'example_external_task_marker_child']) retrieved from /media/PythonProjects/66.Spotify_ETL/venv/lib/python3.8/site-packages/airflow/example_dags/example_external_task_marker_dag.py
[2021-06-06 06:43:18,492] {logging_mixin.py:104} INFO - [2021-06-06 06:43:18,492] {dag.py:1832} INFO - Sync 2 DAGs
[2021-06-06 06:43:18,501] {logging_mixin.py:104} INFO - [2021-06-06 06:43:18,501] {dag.py:2305} INFO - Setting next_dagrun for example_external_task_marker_child to None
[2021-06-06 06:43:18,502] {logging_mixin.py:104} INFO - [2021-06-06 06:43:18,502] {dag.py:2305} INFO - Setting next_dagrun for example_external_task_marker_parent to None
[2021-06-06 06:43:18,524] {scheduler_job.py:190} INFO - Processing /media/PythonProjects/66.Spotify_ETL/venv/lib/python3.8/site-packages/airflow/example_dags/example_external_task_marker_dag.py took 0.304 seconds
[2021-06-06 06:43:52,044] {scheduler_job.py:182} INFO - Started process (PID=3652) to work on /media/PythonProjects/66.Spotify_ETL/venv/lib/python3.8/site-packages/airflow/example_dags/example_external_task_marker_dag.py
[2021-06-06 06:43:52,047] {scheduler_job.py:633} INFO - Processing file /media/PythonProjects/66.Spotify_ETL/venv/lib/python3.8/site-packages/airflow/example_dags/example_external_task_marker_dag.py for tasks to queue
[2021-06-06 06:43:52,048] {logging_mixin.py:104} INFO - [2021-06-06 06:43:52,048] {dagbag.py:487} INFO - Filling up the DagBag from /media/PythonProjects/66.Spotify_ETL/venv/lib/python3.8/site-packages/airflow/example_dags/example_external_task_marker_dag.py
[2021-06-06 06:43:52,062] {scheduler_job.py:643} INFO - DAG(s) dict_keys(['example_external_task_marker_parent', 'example_external_task_marker_child']) retrieved from /media/PythonProjects/66.Spotify_ETL/venv/lib/python3.8/site-packages/airflow/example_dags/example_external_task_marker_dag.py
[2021-06-06 06:43:52,313] {logging_mixin.py:104} INFO - [2021-06-06 06:43:52,313] {dag.py:1832} INFO - Sync 2 DAGs
[2021-06-06 06:43:52,321] {logging_mixin.py:104} INFO - [2021-06-06 06:43:52,321] {dag.py:2305} INFO - Setting next_dagrun for example_external_task_marker_child to None
[2021-06-06 06:43:52,322] {logging_mixin.py:104} INFO - [2021-06-06 06:43:52,322] {dag.py:2305} INFO - Setting next_dagrun for example_external_task_marker_parent to None
[2021-06-06 06:43:52,346] {scheduler_job.py:190} INFO - Processing /media/PythonProjects/66.Spotify_ETL/venv/lib/python3.8/site-packages/airflow/example_dags/example_external_task_marker_dag.py took 0.308 seconds
[2021-06-06 06:44:27,154] {scheduler_job.py:182} INFO - Started process (PID=3711) to work on /media/PythonProjects/66.Spotify_ETL/venv/lib/python3.8/site-packages/airflow/example_dags/example_external_task_marker_dag.py
[2021-06-06 06:44:27,156] {scheduler_job.py:633} INFO - Processing file /media/PythonProjects/66.Spotify_ETL/venv/lib/python3.8/site-packages/airflow/example_dags/example_external_task_marker_dag.py for tasks to queue
[2021-06-06 06:44:27,156] {logging_mixin.py:104} INFO - [2021-06-06 06:44:27,156] {dagbag.py:487} INFO - Filling up the DagBag from /media/PythonProjects/66.Spotify_ETL/venv/lib/python3.8/site-packages/airflow/example_dags/example_external_task_marker_dag.py
[2021-06-06 06:44:27,171] {scheduler_job.py:643} INFO - DAG(s) dict_keys(['example_external_task_marker_parent', 'example_external_task_marker_child']) retrieved from /media/PythonProjects/66.Spotify_ETL/venv/lib/python3.8/site-packages/airflow/example_dags/example_external_task_marker_dag.py
[2021-06-06 06:44:27,602] {logging_mixin.py:104} INFO - [2021-06-06 06:44:27,602] {dag.py:1832} INFO - Sync 2 DAGs
[2021-06-06 06:44:27,615] {logging_mixin.py:104} INFO - [2021-06-06 06:44:27,615] {dag.py:2305} INFO - Setting next_dagrun for example_external_task_marker_child to None
[2021-06-06 06:44:27,617] {logging_mixin.py:104} INFO - [2021-06-06 06:44:27,616] {dag.py:2305} INFO - Setting next_dagrun for example_external_task_marker_parent to None
[2021-06-06 06:44:27,654] {scheduler_job.py:190} INFO - Processing /media/PythonProjects/66.Spotify_ETL/venv/lib/python3.8/site-packages/airflow/example_dags/example_external_task_marker_dag.py took 0.509 seconds
[2021-06-06 06:45:05,089] {scheduler_job.py:182} INFO - Started process (PID=3775) to work on /media/PythonProjects/66.Spotify_ETL/venv/lib/python3.8/site-packages/airflow/example_dags/example_external_task_marker_dag.py
[2021-06-06 06:45:05,090] {scheduler_job.py:633} INFO - Processing file /media/PythonProjects/66.Spotify_ETL/venv/lib/python3.8/site-packages/airflow/example_dags/example_external_task_marker_dag.py for tasks to queue
[2021-06-06 06:45:05,091] {logging_mixin.py:104} INFO - [2021-06-06 06:45:05,091] {dagbag.py:487} INFO - Filling up the DagBag from /media/PythonProjects/66.Spotify_ETL/venv/lib/python3.8/site-packages/airflow/example_dags/example_external_task_marker_dag.py
[2021-06-06 06:45:05,105] {scheduler_job.py:643} INFO - DAG(s) dict_keys(['example_external_task_marker_parent', 'example_external_task_marker_child']) retrieved from /media/PythonProjects/66.Spotify_ETL/venv/lib/python3.8/site-packages/airflow/example_dags/example_external_task_marker_dag.py
[2021-06-06 06:45:05,423] {logging_mixin.py:104} INFO - [2021-06-06 06:45:05,423] {dag.py:1832} INFO - Sync 2 DAGs
[2021-06-06 06:45:05,432] {logging_mixin.py:104} INFO - [2021-06-06 06:45:05,432] {dag.py:2305} INFO - Setting next_dagrun for example_external_task_marker_child to None
[2021-06-06 06:45:05,433] {logging_mixin.py:104} INFO - [2021-06-06 06:45:05,433] {dag.py:2305} INFO - Setting next_dagrun for example_external_task_marker_parent to None
[2021-06-06 06:45:05,454] {scheduler_job.py:190} INFO - Processing /media/PythonProjects/66.Spotify_ETL/venv/lib/python3.8/site-packages/airflow/example_dags/example_external_task_marker_dag.py took 0.369 seconds
[2021-06-06 06:45:40,806] {scheduler_job.py:182} INFO - Started process (PID=4002) to work on /media/PythonProjects/66.Spotify_ETL/venv/lib/python3.8/site-packages/airflow/example_dags/example_external_task_marker_dag.py
[2021-06-06 06:45:40,807] {scheduler_job.py:633} INFO - Processing file /media/PythonProjects/66.Spotify_ETL/venv/lib/python3.8/site-packages/airflow/example_dags/example_external_task_marker_dag.py for tasks to queue
[2021-06-06 06:45:40,808] {logging_mixin.py:104} INFO - [2021-06-06 06:45:40,808] {dagbag.py:487} INFO - Filling up the DagBag from /media/PythonProjects/66.Spotify_ETL/venv/lib/python3.8/site-packages/airflow/example_dags/example_external_task_marker_dag.py
[2021-06-06 06:45:40,819] {scheduler_job.py:643} INFO - DAG(s) dict_keys(['example_external_task_marker_parent', 'example_external_task_marker_child']) retrieved from /media/PythonProjects/66.Spotify_ETL/venv/lib/python3.8/site-packages/airflow/example_dags/example_external_task_marker_dag.py
[2021-06-06 06:45:41,056] {logging_mixin.py:104} INFO - [2021-06-06 06:45:41,056] {dag.py:1832} INFO - Sync 2 DAGs
[2021-06-06 06:45:41,064] {logging_mixin.py:104} INFO - [2021-06-06 06:45:41,064] {dag.py:2305} INFO - Setting next_dagrun for example_external_task_marker_child to None
[2021-06-06 06:45:41,065] {logging_mixin.py:104} INFO - [2021-06-06 06:45:41,065] {dag.py:2305} INFO - Setting next_dagrun for example_external_task_marker_parent to None
[2021-06-06 06:45:41,085] {scheduler_job.py:190} INFO - Processing /media/PythonProjects/66.Spotify_ETL/venv/lib/python3.8/site-packages/airflow/example_dags/example_external_task_marker_dag.py took 0.281 seconds
[2021-06-06 06:46:14,679] {scheduler_job.py:182} INFO - Started process (PID=4286) to work on /media/PythonProjects/66.Spotify_ETL/venv/lib/python3.8/site-packages/airflow/example_dags/example_external_task_marker_dag.py
[2021-06-06 06:46:14,681] {scheduler_job.py:633} INFO - Processing file /media/PythonProjects/66.Spotify_ETL/venv/lib/python3.8/site-packages/airflow/example_dags/example_external_task_marker_dag.py for tasks to queue
[2021-06-06 06:46:14,683] {logging_mixin.py:104} INFO - [2021-06-06 06:46:14,683] {dagbag.py:487} INFO - Filling up the DagBag from /media/PythonProjects/66.Spotify_ETL/venv/lib/python3.8/site-packages/airflow/example_dags/example_external_task_marker_dag.py
[2021-06-06 06:46:14,702] {scheduler_job.py:643} INFO - DAG(s) dict_keys(['example_external_task_marker_parent', 'example_external_task_marker_child']) retrieved from /media/PythonProjects/66.Spotify_ETL/venv/lib/python3.8/site-packages/airflow/example_dags/example_external_task_marker_dag.py
[2021-06-06 06:46:14,981] {logging_mixin.py:104} INFO - [2021-06-06 06:46:14,981] {dag.py:1832} INFO - Sync 2 DAGs
[2021-06-06 06:46:14,993] {logging_mixin.py:104} INFO - [2021-06-06 06:46:14,993] {dag.py:2305} INFO - Setting next_dagrun for example_external_task_marker_child to None
[2021-06-06 06:46:14,994] {logging_mixin.py:104} INFO - [2021-06-06 06:46:14,994] {dag.py:2305} INFO - Setting next_dagrun for example_external_task_marker_parent to None
[2021-06-06 06:46:15,018] {scheduler_job.py:190} INFO - Processing /media/PythonProjects/66.Spotify_ETL/venv/lib/python3.8/site-packages/airflow/example_dags/example_external_task_marker_dag.py took 0.351 seconds
