[2021-06-06 06:32:10,110] {scheduler_job.py:182} INFO - Started process (PID=2395) to work on /media/PythonProjects/66.Spotify_ETL/venv/lib/python3.8/site-packages/airflow/example_dags/example_latest_only.py
[2021-06-06 06:32:10,112] {scheduler_job.py:633} INFO - Processing file /media/PythonProjects/66.Spotify_ETL/venv/lib/python3.8/site-packages/airflow/example_dags/example_latest_only.py for tasks to queue
[2021-06-06 06:32:10,113] {logging_mixin.py:104} INFO - [2021-06-06 06:32:10,113] {dagbag.py:487} INFO - Filling up the DagBag from /media/PythonProjects/66.Spotify_ETL/venv/lib/python3.8/site-packages/airflow/example_dags/example_latest_only.py
[2021-06-06 06:32:10,132] {scheduler_job.py:643} INFO - DAG(s) dict_keys(['latest_only']) retrieved from /media/PythonProjects/66.Spotify_ETL/venv/lib/python3.8/site-packages/airflow/example_dags/example_latest_only.py
[2021-06-06 06:32:10,152] {logging_mixin.py:104} INFO - [2021-06-06 06:32:10,152] {dag.py:1832} INFO - Sync 1 DAGs
[2021-06-06 06:32:10,171] {logging_mixin.py:104} INFO - [2021-06-06 06:32:10,171] {dag.py:2305} INFO - Setting next_dagrun for latest_only to 2021-06-04 00:00:00+00:00
[2021-06-06 06:32:10,193] {scheduler_job.py:190} INFO - Processing /media/PythonProjects/66.Spotify_ETL/venv/lib/python3.8/site-packages/airflow/example_dags/example_latest_only.py took 0.087 seconds
[2021-06-06 06:32:46,775] {scheduler_job.py:182} INFO - Started process (PID=2481) to work on /media/PythonProjects/66.Spotify_ETL/venv/lib/python3.8/site-packages/airflow/example_dags/example_latest_only.py
[2021-06-06 06:32:46,777] {scheduler_job.py:633} INFO - Processing file /media/PythonProjects/66.Spotify_ETL/venv/lib/python3.8/site-packages/airflow/example_dags/example_latest_only.py for tasks to queue
[2021-06-06 06:32:46,778] {logging_mixin.py:104} INFO - [2021-06-06 06:32:46,777] {dagbag.py:487} INFO - Filling up the DagBag from /media/PythonProjects/66.Spotify_ETL/venv/lib/python3.8/site-packages/airflow/example_dags/example_latest_only.py
[2021-06-06 06:32:46,797] {scheduler_job.py:643} INFO - DAG(s) dict_keys(['latest_only']) retrieved from /media/PythonProjects/66.Spotify_ETL/venv/lib/python3.8/site-packages/airflow/example_dags/example_latest_only.py
[2021-06-06 06:32:46,819] {logging_mixin.py:104} INFO - [2021-06-06 06:32:46,819] {dag.py:1832} INFO - Sync 1 DAGs
[2021-06-06 06:32:46,845] {logging_mixin.py:104} INFO - [2021-06-06 06:32:46,845] {dag.py:2305} INFO - Setting next_dagrun for latest_only to 2021-06-04 00:00:00+00:00
[2021-06-06 06:32:46,876] {scheduler_job.py:190} INFO - Processing /media/PythonProjects/66.Spotify_ETL/venv/lib/python3.8/site-packages/airflow/example_dags/example_latest_only.py took 0.105 seconds
[2021-06-06 06:33:22,922] {scheduler_job.py:182} INFO - Started process (PID=2540) to work on /media/PythonProjects/66.Spotify_ETL/venv/lib/python3.8/site-packages/airflow/example_dags/example_latest_only.py
[2021-06-06 06:33:22,924] {scheduler_job.py:633} INFO - Processing file /media/PythonProjects/66.Spotify_ETL/venv/lib/python3.8/site-packages/airflow/example_dags/example_latest_only.py for tasks to queue
[2021-06-06 06:33:22,928] {logging_mixin.py:104} INFO - [2021-06-06 06:33:22,928] {dagbag.py:487} INFO - Filling up the DagBag from /media/PythonProjects/66.Spotify_ETL/venv/lib/python3.8/site-packages/airflow/example_dags/example_latest_only.py
[2021-06-06 06:33:22,946] {scheduler_job.py:643} INFO - DAG(s) dict_keys(['latest_only']) retrieved from /media/PythonProjects/66.Spotify_ETL/venv/lib/python3.8/site-packages/airflow/example_dags/example_latest_only.py
[2021-06-06 06:33:22,960] {logging_mixin.py:104} INFO - [2021-06-06 06:33:22,960] {dag.py:1832} INFO - Sync 1 DAGs
[2021-06-06 06:33:22,972] {logging_mixin.py:104} INFO - [2021-06-06 06:33:22,972] {dag.py:2305} INFO - Setting next_dagrun for latest_only to 2021-06-04 00:00:00+00:00
[2021-06-06 06:33:22,998] {scheduler_job.py:190} INFO - Processing /media/PythonProjects/66.Spotify_ETL/venv/lib/python3.8/site-packages/airflow/example_dags/example_latest_only.py took 0.081 seconds
[2021-06-06 06:33:57,943] {scheduler_job.py:182} INFO - Started process (PID=2600) to work on /media/PythonProjects/66.Spotify_ETL/venv/lib/python3.8/site-packages/airflow/example_dags/example_latest_only.py
[2021-06-06 06:33:57,944] {scheduler_job.py:633} INFO - Processing file /media/PythonProjects/66.Spotify_ETL/venv/lib/python3.8/site-packages/airflow/example_dags/example_latest_only.py for tasks to queue
[2021-06-06 06:33:57,945] {logging_mixin.py:104} INFO - [2021-06-06 06:33:57,945] {dagbag.py:487} INFO - Filling up the DagBag from /media/PythonProjects/66.Spotify_ETL/venv/lib/python3.8/site-packages/airflow/example_dags/example_latest_only.py
[2021-06-06 06:33:57,964] {scheduler_job.py:643} INFO - DAG(s) dict_keys(['latest_only']) retrieved from /media/PythonProjects/66.Spotify_ETL/venv/lib/python3.8/site-packages/airflow/example_dags/example_latest_only.py
[2021-06-06 06:33:57,983] {logging_mixin.py:104} INFO - [2021-06-06 06:33:57,983] {dag.py:1832} INFO - Sync 1 DAGs
[2021-06-06 06:33:58,012] {logging_mixin.py:104} INFO - [2021-06-06 06:33:58,012] {dag.py:2305} INFO - Setting next_dagrun for latest_only to 2021-06-04 00:00:00+00:00
[2021-06-06 06:33:58,069] {scheduler_job.py:190} INFO - Processing /media/PythonProjects/66.Spotify_ETL/venv/lib/python3.8/site-packages/airflow/example_dags/example_latest_only.py took 0.131 seconds
[2021-06-06 06:34:33,098] {scheduler_job.py:182} INFO - Started process (PID=2660) to work on /media/PythonProjects/66.Spotify_ETL/venv/lib/python3.8/site-packages/airflow/example_dags/example_latest_only.py
[2021-06-06 06:34:33,099] {scheduler_job.py:633} INFO - Processing file /media/PythonProjects/66.Spotify_ETL/venv/lib/python3.8/site-packages/airflow/example_dags/example_latest_only.py for tasks to queue
[2021-06-06 06:34:33,100] {logging_mixin.py:104} INFO - [2021-06-06 06:34:33,100] {dagbag.py:487} INFO - Filling up the DagBag from /media/PythonProjects/66.Spotify_ETL/venv/lib/python3.8/site-packages/airflow/example_dags/example_latest_only.py
[2021-06-06 06:34:33,110] {scheduler_job.py:643} INFO - DAG(s) dict_keys(['latest_only']) retrieved from /media/PythonProjects/66.Spotify_ETL/venv/lib/python3.8/site-packages/airflow/example_dags/example_latest_only.py
[2021-06-06 06:34:33,122] {logging_mixin.py:104} INFO - [2021-06-06 06:34:33,122] {dag.py:1832} INFO - Sync 1 DAGs
[2021-06-06 06:34:33,132] {logging_mixin.py:104} INFO - [2021-06-06 06:34:33,132] {dag.py:2305} INFO - Setting next_dagrun for latest_only to 2021-06-04 00:00:00+00:00
[2021-06-06 06:34:33,153] {scheduler_job.py:190} INFO - Processing /media/PythonProjects/66.Spotify_ETL/venv/lib/python3.8/site-packages/airflow/example_dags/example_latest_only.py took 0.058 seconds
[2021-06-06 06:35:05,299] {scheduler_job.py:182} INFO - Started process (PID=2720) to work on /media/PythonProjects/66.Spotify_ETL/venv/lib/python3.8/site-packages/airflow/example_dags/example_latest_only.py
[2021-06-06 06:35:05,300] {scheduler_job.py:633} INFO - Processing file /media/PythonProjects/66.Spotify_ETL/venv/lib/python3.8/site-packages/airflow/example_dags/example_latest_only.py for tasks to queue
[2021-06-06 06:35:05,301] {logging_mixin.py:104} INFO - [2021-06-06 06:35:05,301] {dagbag.py:487} INFO - Filling up the DagBag from /media/PythonProjects/66.Spotify_ETL/venv/lib/python3.8/site-packages/airflow/example_dags/example_latest_only.py
[2021-06-06 06:35:05,310] {scheduler_job.py:643} INFO - DAG(s) dict_keys(['latest_only']) retrieved from /media/PythonProjects/66.Spotify_ETL/venv/lib/python3.8/site-packages/airflow/example_dags/example_latest_only.py
[2021-06-06 06:35:05,322] {logging_mixin.py:104} INFO - [2021-06-06 06:35:05,322] {dag.py:1832} INFO - Sync 1 DAGs
[2021-06-06 06:35:05,331] {logging_mixin.py:104} INFO - [2021-06-06 06:35:05,331] {dag.py:2305} INFO - Setting next_dagrun for latest_only to 2021-06-04 00:00:00+00:00
[2021-06-06 06:35:05,354] {scheduler_job.py:190} INFO - Processing /media/PythonProjects/66.Spotify_ETL/venv/lib/python3.8/site-packages/airflow/example_dags/example_latest_only.py took 0.058 seconds
[2021-06-06 06:35:37,918] {scheduler_job.py:182} INFO - Started process (PID=2780) to work on /media/PythonProjects/66.Spotify_ETL/venv/lib/python3.8/site-packages/airflow/example_dags/example_latest_only.py
[2021-06-06 06:35:37,919] {scheduler_job.py:633} INFO - Processing file /media/PythonProjects/66.Spotify_ETL/venv/lib/python3.8/site-packages/airflow/example_dags/example_latest_only.py for tasks to queue
[2021-06-06 06:35:37,920] {logging_mixin.py:104} INFO - [2021-06-06 06:35:37,919] {dagbag.py:487} INFO - Filling up the DagBag from /media/PythonProjects/66.Spotify_ETL/venv/lib/python3.8/site-packages/airflow/example_dags/example_latest_only.py
[2021-06-06 06:35:37,929] {scheduler_job.py:643} INFO - DAG(s) dict_keys(['latest_only']) retrieved from /media/PythonProjects/66.Spotify_ETL/venv/lib/python3.8/site-packages/airflow/example_dags/example_latest_only.py
[2021-06-06 06:35:37,942] {logging_mixin.py:104} INFO - [2021-06-06 06:35:37,942] {dag.py:1832} INFO - Sync 1 DAGs
[2021-06-06 06:35:37,952] {logging_mixin.py:104} INFO - [2021-06-06 06:35:37,952] {dag.py:2305} INFO - Setting next_dagrun for latest_only to 2021-06-04 00:00:00+00:00
[2021-06-06 06:35:37,970] {scheduler_job.py:190} INFO - Processing /media/PythonProjects/66.Spotify_ETL/venv/lib/python3.8/site-packages/airflow/example_dags/example_latest_only.py took 0.055 seconds
[2021-06-06 06:36:11,251] {scheduler_job.py:182} INFO - Started process (PID=2840) to work on /media/PythonProjects/66.Spotify_ETL/venv/lib/python3.8/site-packages/airflow/example_dags/example_latest_only.py
[2021-06-06 06:36:11,253] {scheduler_job.py:633} INFO - Processing file /media/PythonProjects/66.Spotify_ETL/venv/lib/python3.8/site-packages/airflow/example_dags/example_latest_only.py for tasks to queue
[2021-06-06 06:36:11,254] {logging_mixin.py:104} INFO - [2021-06-06 06:36:11,254] {dagbag.py:487} INFO - Filling up the DagBag from /media/PythonProjects/66.Spotify_ETL/venv/lib/python3.8/site-packages/airflow/example_dags/example_latest_only.py
[2021-06-06 06:36:11,268] {scheduler_job.py:643} INFO - DAG(s) dict_keys(['latest_only']) retrieved from /media/PythonProjects/66.Spotify_ETL/venv/lib/python3.8/site-packages/airflow/example_dags/example_latest_only.py
[2021-06-06 06:36:11,280] {logging_mixin.py:104} INFO - [2021-06-06 06:36:11,280] {dag.py:1832} INFO - Sync 1 DAGs
[2021-06-06 06:36:11,290] {logging_mixin.py:104} INFO - [2021-06-06 06:36:11,290] {dag.py:2305} INFO - Setting next_dagrun for latest_only to 2021-06-04 00:00:00+00:00
[2021-06-06 06:36:11,312] {scheduler_job.py:190} INFO - Processing /media/PythonProjects/66.Spotify_ETL/venv/lib/python3.8/site-packages/airflow/example_dags/example_latest_only.py took 0.067 seconds
[2021-06-06 06:36:43,116] {scheduler_job.py:182} INFO - Started process (PID=2898) to work on /media/PythonProjects/66.Spotify_ETL/venv/lib/python3.8/site-packages/airflow/example_dags/example_latest_only.py
[2021-06-06 06:36:43,117] {scheduler_job.py:633} INFO - Processing file /media/PythonProjects/66.Spotify_ETL/venv/lib/python3.8/site-packages/airflow/example_dags/example_latest_only.py for tasks to queue
[2021-06-06 06:36:43,119] {logging_mixin.py:104} INFO - [2021-06-06 06:36:43,119] {dagbag.py:487} INFO - Filling up the DagBag from /media/PythonProjects/66.Spotify_ETL/venv/lib/python3.8/site-packages/airflow/example_dags/example_latest_only.py
[2021-06-06 06:36:43,133] {scheduler_job.py:643} INFO - DAG(s) dict_keys(['latest_only']) retrieved from /media/PythonProjects/66.Spotify_ETL/venv/lib/python3.8/site-packages/airflow/example_dags/example_latest_only.py
[2021-06-06 06:36:43,150] {logging_mixin.py:104} INFO - [2021-06-06 06:36:43,150] {dag.py:1832} INFO - Sync 1 DAGs
[2021-06-06 06:36:43,164] {logging_mixin.py:104} INFO - [2021-06-06 06:36:43,164] {dag.py:2305} INFO - Setting next_dagrun for latest_only to 2021-06-04 00:00:00+00:00
[2021-06-06 06:36:43,192] {scheduler_job.py:190} INFO - Processing /media/PythonProjects/66.Spotify_ETL/venv/lib/python3.8/site-packages/airflow/example_dags/example_latest_only.py took 0.079 seconds
[2021-06-06 06:37:17,016] {scheduler_job.py:182} INFO - Started process (PID=2960) to work on /media/PythonProjects/66.Spotify_ETL/venv/lib/python3.8/site-packages/airflow/example_dags/example_latest_only.py
[2021-06-06 06:37:17,018] {scheduler_job.py:633} INFO - Processing file /media/PythonProjects/66.Spotify_ETL/venv/lib/python3.8/site-packages/airflow/example_dags/example_latest_only.py for tasks to queue
[2021-06-06 06:37:17,019] {logging_mixin.py:104} INFO - [2021-06-06 06:37:17,019] {dagbag.py:487} INFO - Filling up the DagBag from /media/PythonProjects/66.Spotify_ETL/venv/lib/python3.8/site-packages/airflow/example_dags/example_latest_only.py
[2021-06-06 06:37:17,033] {scheduler_job.py:643} INFO - DAG(s) dict_keys(['latest_only']) retrieved from /media/PythonProjects/66.Spotify_ETL/venv/lib/python3.8/site-packages/airflow/example_dags/example_latest_only.py
[2021-06-06 06:37:17,047] {logging_mixin.py:104} INFO - [2021-06-06 06:37:17,047] {dag.py:1832} INFO - Sync 1 DAGs
[2021-06-06 06:37:17,058] {logging_mixin.py:104} INFO - [2021-06-06 06:37:17,058] {dag.py:2305} INFO - Setting next_dagrun for latest_only to 2021-06-04 00:00:00+00:00
[2021-06-06 06:37:17,079] {scheduler_job.py:190} INFO - Processing /media/PythonProjects/66.Spotify_ETL/venv/lib/python3.8/site-packages/airflow/example_dags/example_latest_only.py took 0.068 seconds
[2021-06-06 06:37:50,387] {scheduler_job.py:182} INFO - Started process (PID=3019) to work on /media/PythonProjects/66.Spotify_ETL/venv/lib/python3.8/site-packages/airflow/example_dags/example_latest_only.py
[2021-06-06 06:37:50,388] {scheduler_job.py:633} INFO - Processing file /media/PythonProjects/66.Spotify_ETL/venv/lib/python3.8/site-packages/airflow/example_dags/example_latest_only.py for tasks to queue
[2021-06-06 06:37:50,389] {logging_mixin.py:104} INFO - [2021-06-06 06:37:50,389] {dagbag.py:487} INFO - Filling up the DagBag from /media/PythonProjects/66.Spotify_ETL/venv/lib/python3.8/site-packages/airflow/example_dags/example_latest_only.py
[2021-06-06 06:37:50,400] {scheduler_job.py:643} INFO - DAG(s) dict_keys(['latest_only']) retrieved from /media/PythonProjects/66.Spotify_ETL/venv/lib/python3.8/site-packages/airflow/example_dags/example_latest_only.py
[2021-06-06 06:37:50,414] {logging_mixin.py:104} INFO - [2021-06-06 06:37:50,414] {dag.py:1832} INFO - Sync 1 DAGs
[2021-06-06 06:37:50,426] {logging_mixin.py:104} INFO - [2021-06-06 06:37:50,426] {dag.py:2305} INFO - Setting next_dagrun for latest_only to 2021-06-04 00:00:00+00:00
[2021-06-06 06:37:50,449] {scheduler_job.py:190} INFO - Processing /media/PythonProjects/66.Spotify_ETL/venv/lib/python3.8/site-packages/airflow/example_dags/example_latest_only.py took 0.065 seconds
[2021-06-06 06:38:25,146] {scheduler_job.py:182} INFO - Started process (PID=3079) to work on /media/PythonProjects/66.Spotify_ETL/venv/lib/python3.8/site-packages/airflow/example_dags/example_latest_only.py
[2021-06-06 06:38:25,148] {scheduler_job.py:633} INFO - Processing file /media/PythonProjects/66.Spotify_ETL/venv/lib/python3.8/site-packages/airflow/example_dags/example_latest_only.py for tasks to queue
[2021-06-06 06:38:25,150] {logging_mixin.py:104} INFO - [2021-06-06 06:38:25,149] {dagbag.py:487} INFO - Filling up the DagBag from /media/PythonProjects/66.Spotify_ETL/venv/lib/python3.8/site-packages/airflow/example_dags/example_latest_only.py
[2021-06-06 06:38:25,163] {scheduler_job.py:643} INFO - DAG(s) dict_keys(['latest_only']) retrieved from /media/PythonProjects/66.Spotify_ETL/venv/lib/python3.8/site-packages/airflow/example_dags/example_latest_only.py
[2021-06-06 06:38:25,175] {logging_mixin.py:104} INFO - [2021-06-06 06:38:25,175] {dag.py:1832} INFO - Sync 1 DAGs
[2021-06-06 06:38:25,185] {logging_mixin.py:104} INFO - [2021-06-06 06:38:25,185] {dag.py:2305} INFO - Setting next_dagrun for latest_only to 2021-06-04 00:00:00+00:00
[2021-06-06 06:38:25,204] {scheduler_job.py:190} INFO - Processing /media/PythonProjects/66.Spotify_ETL/venv/lib/python3.8/site-packages/airflow/example_dags/example_latest_only.py took 0.063 seconds
[2021-06-06 06:38:58,119] {scheduler_job.py:182} INFO - Started process (PID=3136) to work on /media/PythonProjects/66.Spotify_ETL/venv/lib/python3.8/site-packages/airflow/example_dags/example_latest_only.py
[2021-06-06 06:38:58,125] {scheduler_job.py:633} INFO - Processing file /media/PythonProjects/66.Spotify_ETL/venv/lib/python3.8/site-packages/airflow/example_dags/example_latest_only.py for tasks to queue
[2021-06-06 06:38:58,127] {logging_mixin.py:104} INFO - [2021-06-06 06:38:58,126] {dagbag.py:487} INFO - Filling up the DagBag from /media/PythonProjects/66.Spotify_ETL/venv/lib/python3.8/site-packages/airflow/example_dags/example_latest_only.py
[2021-06-06 06:38:58,143] {scheduler_job.py:643} INFO - DAG(s) dict_keys(['latest_only']) retrieved from /media/PythonProjects/66.Spotify_ETL/venv/lib/python3.8/site-packages/airflow/example_dags/example_latest_only.py
[2021-06-06 06:38:58,159] {logging_mixin.py:104} INFO - [2021-06-06 06:38:58,159] {dag.py:1832} INFO - Sync 1 DAGs
[2021-06-06 06:38:58,170] {logging_mixin.py:104} INFO - [2021-06-06 06:38:58,170] {dag.py:2305} INFO - Setting next_dagrun for latest_only to 2021-06-04 00:00:00+00:00
[2021-06-06 06:38:58,191] {scheduler_job.py:190} INFO - Processing /media/PythonProjects/66.Spotify_ETL/venv/lib/python3.8/site-packages/airflow/example_dags/example_latest_only.py took 0.076 seconds
[2021-06-06 06:39:30,343] {scheduler_job.py:182} INFO - Started process (PID=3193) to work on /media/PythonProjects/66.Spotify_ETL/venv/lib/python3.8/site-packages/airflow/example_dags/example_latest_only.py
[2021-06-06 06:39:30,345] {scheduler_job.py:633} INFO - Processing file /media/PythonProjects/66.Spotify_ETL/venv/lib/python3.8/site-packages/airflow/example_dags/example_latest_only.py for tasks to queue
[2021-06-06 06:39:30,346] {logging_mixin.py:104} INFO - [2021-06-06 06:39:30,345] {dagbag.py:487} INFO - Filling up the DagBag from /media/PythonProjects/66.Spotify_ETL/venv/lib/python3.8/site-packages/airflow/example_dags/example_latest_only.py
[2021-06-06 06:39:30,362] {scheduler_job.py:643} INFO - DAG(s) dict_keys(['latest_only']) retrieved from /media/PythonProjects/66.Spotify_ETL/venv/lib/python3.8/site-packages/airflow/example_dags/example_latest_only.py
[2021-06-06 06:39:30,379] {logging_mixin.py:104} INFO - [2021-06-06 06:39:30,379] {dag.py:1832} INFO - Sync 1 DAGs
[2021-06-06 06:39:30,391] {logging_mixin.py:104} INFO - [2021-06-06 06:39:30,391] {dag.py:2305} INFO - Setting next_dagrun for latest_only to 2021-06-04 00:00:00+00:00
[2021-06-06 06:39:30,419] {scheduler_job.py:190} INFO - Processing /media/PythonProjects/66.Spotify_ETL/venv/lib/python3.8/site-packages/airflow/example_dags/example_latest_only.py took 0.079 seconds
[2021-06-06 06:40:03,565] {scheduler_job.py:182} INFO - Started process (PID=3248) to work on /media/PythonProjects/66.Spotify_ETL/venv/lib/python3.8/site-packages/airflow/example_dags/example_latest_only.py
[2021-06-06 06:40:03,567] {scheduler_job.py:633} INFO - Processing file /media/PythonProjects/66.Spotify_ETL/venv/lib/python3.8/site-packages/airflow/example_dags/example_latest_only.py for tasks to queue
[2021-06-06 06:40:03,568] {logging_mixin.py:104} INFO - [2021-06-06 06:40:03,568] {dagbag.py:487} INFO - Filling up the DagBag from /media/PythonProjects/66.Spotify_ETL/venv/lib/python3.8/site-packages/airflow/example_dags/example_latest_only.py
[2021-06-06 06:40:03,594] {scheduler_job.py:643} INFO - DAG(s) dict_keys(['latest_only']) retrieved from /media/PythonProjects/66.Spotify_ETL/venv/lib/python3.8/site-packages/airflow/example_dags/example_latest_only.py
[2021-06-06 06:40:03,617] {logging_mixin.py:104} INFO - [2021-06-06 06:40:03,617] {dag.py:1832} INFO - Sync 1 DAGs
[2021-06-06 06:40:03,650] {logging_mixin.py:104} INFO - [2021-06-06 06:40:03,649] {dag.py:2305} INFO - Setting next_dagrun for latest_only to 2021-06-04 00:00:00+00:00
[2021-06-06 06:40:03,678] {scheduler_job.py:190} INFO - Processing /media/PythonProjects/66.Spotify_ETL/venv/lib/python3.8/site-packages/airflow/example_dags/example_latest_only.py took 0.118 seconds
[2021-06-06 06:40:37,773] {scheduler_job.py:182} INFO - Started process (PID=3304) to work on /media/PythonProjects/66.Spotify_ETL/venv/lib/python3.8/site-packages/airflow/example_dags/example_latest_only.py
[2021-06-06 06:40:37,774] {scheduler_job.py:633} INFO - Processing file /media/PythonProjects/66.Spotify_ETL/venv/lib/python3.8/site-packages/airflow/example_dags/example_latest_only.py for tasks to queue
[2021-06-06 06:40:37,775] {logging_mixin.py:104} INFO - [2021-06-06 06:40:37,775] {dagbag.py:487} INFO - Filling up the DagBag from /media/PythonProjects/66.Spotify_ETL/venv/lib/python3.8/site-packages/airflow/example_dags/example_latest_only.py
[2021-06-06 06:40:37,787] {scheduler_job.py:643} INFO - DAG(s) dict_keys(['latest_only']) retrieved from /media/PythonProjects/66.Spotify_ETL/venv/lib/python3.8/site-packages/airflow/example_dags/example_latest_only.py
[2021-06-06 06:40:37,798] {logging_mixin.py:104} INFO - [2021-06-06 06:40:37,798] {dag.py:1832} INFO - Sync 1 DAGs
[2021-06-06 06:40:37,808] {logging_mixin.py:104} INFO - [2021-06-06 06:40:37,808] {dag.py:2305} INFO - Setting next_dagrun for latest_only to 2021-06-04 00:00:00+00:00
[2021-06-06 06:40:37,829] {scheduler_job.py:190} INFO - Processing /media/PythonProjects/66.Spotify_ETL/venv/lib/python3.8/site-packages/airflow/example_dags/example_latest_only.py took 0.060 seconds
[2021-06-06 06:41:11,182] {scheduler_job.py:182} INFO - Started process (PID=3364) to work on /media/PythonProjects/66.Spotify_ETL/venv/lib/python3.8/site-packages/airflow/example_dags/example_latest_only.py
[2021-06-06 06:41:11,183] {scheduler_job.py:633} INFO - Processing file /media/PythonProjects/66.Spotify_ETL/venv/lib/python3.8/site-packages/airflow/example_dags/example_latest_only.py for tasks to queue
[2021-06-06 06:41:11,184] {logging_mixin.py:104} INFO - [2021-06-06 06:41:11,184] {dagbag.py:487} INFO - Filling up the DagBag from /media/PythonProjects/66.Spotify_ETL/venv/lib/python3.8/site-packages/airflow/example_dags/example_latest_only.py
[2021-06-06 06:41:11,196] {scheduler_job.py:643} INFO - DAG(s) dict_keys(['latest_only']) retrieved from /media/PythonProjects/66.Spotify_ETL/venv/lib/python3.8/site-packages/airflow/example_dags/example_latest_only.py
[2021-06-06 06:41:11,210] {logging_mixin.py:104} INFO - [2021-06-06 06:41:11,210] {dag.py:1832} INFO - Sync 1 DAGs
[2021-06-06 06:41:11,221] {logging_mixin.py:104} INFO - [2021-06-06 06:41:11,221] {dag.py:2305} INFO - Setting next_dagrun for latest_only to 2021-06-04 00:00:00+00:00
[2021-06-06 06:41:11,245] {scheduler_job.py:190} INFO - Processing /media/PythonProjects/66.Spotify_ETL/venv/lib/python3.8/site-packages/airflow/example_dags/example_latest_only.py took 0.067 seconds
[2021-06-06 06:41:43,646] {scheduler_job.py:182} INFO - Started process (PID=3422) to work on /media/PythonProjects/66.Spotify_ETL/venv/lib/python3.8/site-packages/airflow/example_dags/example_latest_only.py
[2021-06-06 06:41:43,649] {scheduler_job.py:633} INFO - Processing file /media/PythonProjects/66.Spotify_ETL/venv/lib/python3.8/site-packages/airflow/example_dags/example_latest_only.py for tasks to queue
[2021-06-06 06:41:43,650] {logging_mixin.py:104} INFO - [2021-06-06 06:41:43,650] {dagbag.py:487} INFO - Filling up the DagBag from /media/PythonProjects/66.Spotify_ETL/venv/lib/python3.8/site-packages/airflow/example_dags/example_latest_only.py
[2021-06-06 06:41:43,662] {scheduler_job.py:643} INFO - DAG(s) dict_keys(['latest_only']) retrieved from /media/PythonProjects/66.Spotify_ETL/venv/lib/python3.8/site-packages/airflow/example_dags/example_latest_only.py
[2021-06-06 06:41:43,674] {logging_mixin.py:104} INFO - [2021-06-06 06:41:43,674] {dag.py:1832} INFO - Sync 1 DAGs
[2021-06-06 06:41:43,684] {logging_mixin.py:104} INFO - [2021-06-06 06:41:43,684] {dag.py:2305} INFO - Setting next_dagrun for latest_only to 2021-06-04 00:00:00+00:00
[2021-06-06 06:41:43,708] {scheduler_job.py:190} INFO - Processing /media/PythonProjects/66.Spotify_ETL/venv/lib/python3.8/site-packages/airflow/example_dags/example_latest_only.py took 0.069 seconds
[2021-06-06 06:42:16,530] {scheduler_job.py:182} INFO - Started process (PID=3480) to work on /media/PythonProjects/66.Spotify_ETL/venv/lib/python3.8/site-packages/airflow/example_dags/example_latest_only.py
[2021-06-06 06:42:16,533] {scheduler_job.py:633} INFO - Processing file /media/PythonProjects/66.Spotify_ETL/venv/lib/python3.8/site-packages/airflow/example_dags/example_latest_only.py for tasks to queue
[2021-06-06 06:42:16,534] {logging_mixin.py:104} INFO - [2021-06-06 06:42:16,534] {dagbag.py:487} INFO - Filling up the DagBag from /media/PythonProjects/66.Spotify_ETL/venv/lib/python3.8/site-packages/airflow/example_dags/example_latest_only.py
[2021-06-06 06:42:16,547] {scheduler_job.py:643} INFO - DAG(s) dict_keys(['latest_only']) retrieved from /media/PythonProjects/66.Spotify_ETL/venv/lib/python3.8/site-packages/airflow/example_dags/example_latest_only.py
[2021-06-06 06:42:16,561] {logging_mixin.py:104} INFO - [2021-06-06 06:42:16,561] {dag.py:1832} INFO - Sync 1 DAGs
[2021-06-06 06:42:16,571] {logging_mixin.py:104} INFO - [2021-06-06 06:42:16,571] {dag.py:2305} INFO - Setting next_dagrun for latest_only to 2021-06-04 00:00:00+00:00
[2021-06-06 06:42:16,594] {scheduler_job.py:190} INFO - Processing /media/PythonProjects/66.Spotify_ETL/venv/lib/python3.8/site-packages/airflow/example_dags/example_latest_only.py took 0.069 seconds
[2021-06-06 06:42:50,391] {scheduler_job.py:182} INFO - Started process (PID=3540) to work on /media/PythonProjects/66.Spotify_ETL/venv/lib/python3.8/site-packages/airflow/example_dags/example_latest_only.py
[2021-06-06 06:42:50,395] {scheduler_job.py:633} INFO - Processing file /media/PythonProjects/66.Spotify_ETL/venv/lib/python3.8/site-packages/airflow/example_dags/example_latest_only.py for tasks to queue
[2021-06-06 06:42:50,396] {logging_mixin.py:104} INFO - [2021-06-06 06:42:50,396] {dagbag.py:487} INFO - Filling up the DagBag from /media/PythonProjects/66.Spotify_ETL/venv/lib/python3.8/site-packages/airflow/example_dags/example_latest_only.py
[2021-06-06 06:42:50,409] {scheduler_job.py:643} INFO - DAG(s) dict_keys(['latest_only']) retrieved from /media/PythonProjects/66.Spotify_ETL/venv/lib/python3.8/site-packages/airflow/example_dags/example_latest_only.py
[2021-06-06 06:42:50,425] {logging_mixin.py:104} INFO - [2021-06-06 06:42:50,425] {dag.py:1832} INFO - Sync 1 DAGs
[2021-06-06 06:42:50,437] {logging_mixin.py:104} INFO - [2021-06-06 06:42:50,437] {dag.py:2305} INFO - Setting next_dagrun for latest_only to 2021-06-04 00:00:00+00:00
[2021-06-06 06:42:50,455] {scheduler_job.py:190} INFO - Processing /media/PythonProjects/66.Spotify_ETL/venv/lib/python3.8/site-packages/airflow/example_dags/example_latest_only.py took 0.068 seconds
[2021-06-06 06:43:23,382] {scheduler_job.py:182} INFO - Started process (PID=3600) to work on /media/PythonProjects/66.Spotify_ETL/venv/lib/python3.8/site-packages/airflow/example_dags/example_latest_only.py
[2021-06-06 06:43:23,383] {scheduler_job.py:633} INFO - Processing file /media/PythonProjects/66.Spotify_ETL/venv/lib/python3.8/site-packages/airflow/example_dags/example_latest_only.py for tasks to queue
[2021-06-06 06:43:23,384] {logging_mixin.py:104} INFO - [2021-06-06 06:43:23,384] {dagbag.py:487} INFO - Filling up the DagBag from /media/PythonProjects/66.Spotify_ETL/venv/lib/python3.8/site-packages/airflow/example_dags/example_latest_only.py
[2021-06-06 06:43:23,398] {scheduler_job.py:643} INFO - DAG(s) dict_keys(['latest_only']) retrieved from /media/PythonProjects/66.Spotify_ETL/venv/lib/python3.8/site-packages/airflow/example_dags/example_latest_only.py
[2021-06-06 06:43:23,412] {logging_mixin.py:104} INFO - [2021-06-06 06:43:23,412] {dag.py:1832} INFO - Sync 1 DAGs
[2021-06-06 06:43:23,425] {logging_mixin.py:104} INFO - [2021-06-06 06:43:23,425] {dag.py:2305} INFO - Setting next_dagrun for latest_only to 2021-06-04 00:00:00+00:00
[2021-06-06 06:43:23,456] {scheduler_job.py:190} INFO - Processing /media/PythonProjects/66.Spotify_ETL/venv/lib/python3.8/site-packages/airflow/example_dags/example_latest_only.py took 0.078 seconds
[2021-06-06 06:43:57,262] {scheduler_job.py:182} INFO - Started process (PID=3660) to work on /media/PythonProjects/66.Spotify_ETL/venv/lib/python3.8/site-packages/airflow/example_dags/example_latest_only.py
[2021-06-06 06:43:57,264] {scheduler_job.py:633} INFO - Processing file /media/PythonProjects/66.Spotify_ETL/venv/lib/python3.8/site-packages/airflow/example_dags/example_latest_only.py for tasks to queue
[2021-06-06 06:43:57,265] {logging_mixin.py:104} INFO - [2021-06-06 06:43:57,265] {dagbag.py:487} INFO - Filling up the DagBag from /media/PythonProjects/66.Spotify_ETL/venv/lib/python3.8/site-packages/airflow/example_dags/example_latest_only.py
[2021-06-06 06:43:57,278] {scheduler_job.py:643} INFO - DAG(s) dict_keys(['latest_only']) retrieved from /media/PythonProjects/66.Spotify_ETL/venv/lib/python3.8/site-packages/airflow/example_dags/example_latest_only.py
[2021-06-06 06:43:57,292] {logging_mixin.py:104} INFO - [2021-06-06 06:43:57,291] {dag.py:1832} INFO - Sync 1 DAGs
[2021-06-06 06:43:57,303] {logging_mixin.py:104} INFO - [2021-06-06 06:43:57,303] {dag.py:2305} INFO - Setting next_dagrun for latest_only to 2021-06-04 00:00:00+00:00
[2021-06-06 06:43:57,326] {scheduler_job.py:190} INFO - Processing /media/PythonProjects/66.Spotify_ETL/venv/lib/python3.8/site-packages/airflow/example_dags/example_latest_only.py took 0.070 seconds
[2021-06-06 06:44:30,048] {scheduler_job.py:182} INFO - Started process (PID=3715) to work on /media/PythonProjects/66.Spotify_ETL/venv/lib/python3.8/site-packages/airflow/example_dags/example_latest_only.py
[2021-06-06 06:44:30,050] {scheduler_job.py:633} INFO - Processing file /media/PythonProjects/66.Spotify_ETL/venv/lib/python3.8/site-packages/airflow/example_dags/example_latest_only.py for tasks to queue
[2021-06-06 06:44:30,051] {logging_mixin.py:104} INFO - [2021-06-06 06:44:30,050] {dagbag.py:487} INFO - Filling up the DagBag from /media/PythonProjects/66.Spotify_ETL/venv/lib/python3.8/site-packages/airflow/example_dags/example_latest_only.py
[2021-06-06 06:44:30,065] {scheduler_job.py:643} INFO - DAG(s) dict_keys(['latest_only']) retrieved from /media/PythonProjects/66.Spotify_ETL/venv/lib/python3.8/site-packages/airflow/example_dags/example_latest_only.py
[2021-06-06 06:44:30,082] {logging_mixin.py:104} INFO - [2021-06-06 06:44:30,082] {dag.py:1832} INFO - Sync 1 DAGs
[2021-06-06 06:44:30,094] {logging_mixin.py:104} INFO - [2021-06-06 06:44:30,094] {dag.py:2305} INFO - Setting next_dagrun for latest_only to 2021-06-04 00:00:00+00:00
[2021-06-06 06:44:30,123] {scheduler_job.py:190} INFO - Processing /media/PythonProjects/66.Spotify_ETL/venv/lib/python3.8/site-packages/airflow/example_dags/example_latest_only.py took 0.078 seconds
[2021-06-06 06:45:04,164] {scheduler_job.py:182} INFO - Started process (PID=3772) to work on /media/PythonProjects/66.Spotify_ETL/venv/lib/python3.8/site-packages/airflow/example_dags/example_latest_only.py
[2021-06-06 06:45:04,165] {scheduler_job.py:633} INFO - Processing file /media/PythonProjects/66.Spotify_ETL/venv/lib/python3.8/site-packages/airflow/example_dags/example_latest_only.py for tasks to queue
[2021-06-06 06:45:04,166] {logging_mixin.py:104} INFO - [2021-06-06 06:45:04,166] {dagbag.py:487} INFO - Filling up the DagBag from /media/PythonProjects/66.Spotify_ETL/venv/lib/python3.8/site-packages/airflow/example_dags/example_latest_only.py
[2021-06-06 06:45:04,177] {scheduler_job.py:643} INFO - DAG(s) dict_keys(['latest_only']) retrieved from /media/PythonProjects/66.Spotify_ETL/venv/lib/python3.8/site-packages/airflow/example_dags/example_latest_only.py
[2021-06-06 06:45:04,192] {logging_mixin.py:104} INFO - [2021-06-06 06:45:04,192] {dag.py:1832} INFO - Sync 1 DAGs
[2021-06-06 06:45:04,202] {logging_mixin.py:104} INFO - [2021-06-06 06:45:04,202] {dag.py:2305} INFO - Setting next_dagrun for latest_only to 2021-06-04 00:00:00+00:00
[2021-06-06 06:45:04,220] {scheduler_job.py:190} INFO - Processing /media/PythonProjects/66.Spotify_ETL/venv/lib/python3.8/site-packages/airflow/example_dags/example_latest_only.py took 0.061 seconds
[2021-06-06 06:45:35,648] {scheduler_job.py:182} INFO - Started process (PID=3967) to work on /media/PythonProjects/66.Spotify_ETL/venv/lib/python3.8/site-packages/airflow/example_dags/example_latest_only.py
[2021-06-06 06:45:35,649] {scheduler_job.py:633} INFO - Processing file /media/PythonProjects/66.Spotify_ETL/venv/lib/python3.8/site-packages/airflow/example_dags/example_latest_only.py for tasks to queue
[2021-06-06 06:45:35,650] {logging_mixin.py:104} INFO - [2021-06-06 06:45:35,650] {dagbag.py:487} INFO - Filling up the DagBag from /media/PythonProjects/66.Spotify_ETL/venv/lib/python3.8/site-packages/airflow/example_dags/example_latest_only.py
[2021-06-06 06:45:35,662] {scheduler_job.py:643} INFO - DAG(s) dict_keys(['latest_only']) retrieved from /media/PythonProjects/66.Spotify_ETL/venv/lib/python3.8/site-packages/airflow/example_dags/example_latest_only.py
[2021-06-06 06:45:35,676] {logging_mixin.py:104} INFO - [2021-06-06 06:45:35,676] {dag.py:1832} INFO - Sync 1 DAGs
[2021-06-06 06:45:35,687] {logging_mixin.py:104} INFO - [2021-06-06 06:45:35,687] {dag.py:2305} INFO - Setting next_dagrun for latest_only to 2021-06-04 00:00:00+00:00
[2021-06-06 06:45:35,710] {scheduler_job.py:190} INFO - Processing /media/PythonProjects/66.Spotify_ETL/venv/lib/python3.8/site-packages/airflow/example_dags/example_latest_only.py took 0.066 seconds
[2021-06-06 06:46:08,113] {scheduler_job.py:182} INFO - Started process (PID=4245) to work on /media/PythonProjects/66.Spotify_ETL/venv/lib/python3.8/site-packages/airflow/example_dags/example_latest_only.py
[2021-06-06 06:46:08,114] {scheduler_job.py:633} INFO - Processing file /media/PythonProjects/66.Spotify_ETL/venv/lib/python3.8/site-packages/airflow/example_dags/example_latest_only.py for tasks to queue
[2021-06-06 06:46:08,115] {logging_mixin.py:104} INFO - [2021-06-06 06:46:08,115] {dagbag.py:487} INFO - Filling up the DagBag from /media/PythonProjects/66.Spotify_ETL/venv/lib/python3.8/site-packages/airflow/example_dags/example_latest_only.py
[2021-06-06 06:46:08,129] {scheduler_job.py:643} INFO - DAG(s) dict_keys(['latest_only']) retrieved from /media/PythonProjects/66.Spotify_ETL/venv/lib/python3.8/site-packages/airflow/example_dags/example_latest_only.py
[2021-06-06 06:46:08,145] {logging_mixin.py:104} INFO - [2021-06-06 06:46:08,145] {dag.py:1832} INFO - Sync 1 DAGs
[2021-06-06 06:46:08,158] {logging_mixin.py:104} INFO - [2021-06-06 06:46:08,158] {dag.py:2305} INFO - Setting next_dagrun for latest_only to 2021-06-04 00:00:00+00:00
[2021-06-06 06:46:08,183] {scheduler_job.py:190} INFO - Processing /media/PythonProjects/66.Spotify_ETL/venv/lib/python3.8/site-packages/airflow/example_dags/example_latest_only.py took 0.073 seconds
