[2021-06-06 06:32:20,329] {scheduler_job.py:182} INFO - Started process (PID=2411) to work on /media/PythonProjects/66.Spotify_ETL/venv/lib/python3.8/site-packages/airflow/example_dags/example_latest_only_with_trigger.py
[2021-06-06 06:32:20,331] {scheduler_job.py:633} INFO - Processing file /media/PythonProjects/66.Spotify_ETL/venv/lib/python3.8/site-packages/airflow/example_dags/example_latest_only_with_trigger.py for tasks to queue
[2021-06-06 06:32:20,332] {logging_mixin.py:104} INFO - [2021-06-06 06:32:20,332] {dagbag.py:487} INFO - Filling up the DagBag from /media/PythonProjects/66.Spotify_ETL/venv/lib/python3.8/site-packages/airflow/example_dags/example_latest_only_with_trigger.py
[2021-06-06 06:32:20,348] {scheduler_job.py:643} INFO - DAG(s) dict_keys(['latest_only_with_trigger']) retrieved from /media/PythonProjects/66.Spotify_ETL/venv/lib/python3.8/site-packages/airflow/example_dags/example_latest_only_with_trigger.py
[2021-06-06 06:32:20,366] {logging_mixin.py:104} INFO - [2021-06-06 06:32:20,365] {dag.py:1832} INFO - Sync 1 DAGs
[2021-06-06 06:32:20,380] {logging_mixin.py:104} INFO - [2021-06-06 06:32:20,379] {dag.py:2305} INFO - Setting next_dagrun for latest_only_with_trigger to 2021-06-04 00:00:00+00:00
[2021-06-06 06:32:20,414] {scheduler_job.py:190} INFO - Processing /media/PythonProjects/66.Spotify_ETL/venv/lib/python3.8/site-packages/airflow/example_dags/example_latest_only_with_trigger.py took 0.088 seconds
[2021-06-06 06:32:57,157] {scheduler_job.py:182} INFO - Started process (PID=2497) to work on /media/PythonProjects/66.Spotify_ETL/venv/lib/python3.8/site-packages/airflow/example_dags/example_latest_only_with_trigger.py
[2021-06-06 06:32:57,159] {scheduler_job.py:633} INFO - Processing file /media/PythonProjects/66.Spotify_ETL/venv/lib/python3.8/site-packages/airflow/example_dags/example_latest_only_with_trigger.py for tasks to queue
[2021-06-06 06:32:57,160] {logging_mixin.py:104} INFO - [2021-06-06 06:32:57,160] {dagbag.py:487} INFO - Filling up the DagBag from /media/PythonProjects/66.Spotify_ETL/venv/lib/python3.8/site-packages/airflow/example_dags/example_latest_only_with_trigger.py
[2021-06-06 06:32:57,181] {scheduler_job.py:643} INFO - DAG(s) dict_keys(['latest_only_with_trigger']) retrieved from /media/PythonProjects/66.Spotify_ETL/venv/lib/python3.8/site-packages/airflow/example_dags/example_latest_only_with_trigger.py
[2021-06-06 06:32:57,205] {logging_mixin.py:104} INFO - [2021-06-06 06:32:57,205] {dag.py:1832} INFO - Sync 1 DAGs
[2021-06-06 06:32:57,225] {logging_mixin.py:104} INFO - [2021-06-06 06:32:57,225] {dag.py:2305} INFO - Setting next_dagrun for latest_only_with_trigger to 2021-06-04 00:00:00+00:00
[2021-06-06 06:32:57,246] {scheduler_job.py:190} INFO - Processing /media/PythonProjects/66.Spotify_ETL/venv/lib/python3.8/site-packages/airflow/example_dags/example_latest_only_with_trigger.py took 0.092 seconds
[2021-06-06 06:33:30,666] {scheduler_job.py:182} INFO - Started process (PID=2554) to work on /media/PythonProjects/66.Spotify_ETL/venv/lib/python3.8/site-packages/airflow/example_dags/example_latest_only_with_trigger.py
[2021-06-06 06:33:30,668] {scheduler_job.py:633} INFO - Processing file /media/PythonProjects/66.Spotify_ETL/venv/lib/python3.8/site-packages/airflow/example_dags/example_latest_only_with_trigger.py for tasks to queue
[2021-06-06 06:33:30,669] {logging_mixin.py:104} INFO - [2021-06-06 06:33:30,669] {dagbag.py:487} INFO - Filling up the DagBag from /media/PythonProjects/66.Spotify_ETL/venv/lib/python3.8/site-packages/airflow/example_dags/example_latest_only_with_trigger.py
[2021-06-06 06:33:30,686] {scheduler_job.py:643} INFO - DAG(s) dict_keys(['latest_only_with_trigger']) retrieved from /media/PythonProjects/66.Spotify_ETL/venv/lib/python3.8/site-packages/airflow/example_dags/example_latest_only_with_trigger.py
[2021-06-06 06:33:30,703] {logging_mixin.py:104} INFO - [2021-06-06 06:33:30,703] {dag.py:1832} INFO - Sync 1 DAGs
[2021-06-06 06:33:30,715] {logging_mixin.py:104} INFO - [2021-06-06 06:33:30,715] {dag.py:2305} INFO - Setting next_dagrun for latest_only_with_trigger to 2021-06-04 00:00:00+00:00
[2021-06-06 06:33:30,741] {scheduler_job.py:190} INFO - Processing /media/PythonProjects/66.Spotify_ETL/venv/lib/python3.8/site-packages/airflow/example_dags/example_latest_only_with_trigger.py took 0.082 seconds
[2021-06-06 06:34:10,695] {scheduler_job.py:182} INFO - Started process (PID=2620) to work on /media/PythonProjects/66.Spotify_ETL/venv/lib/python3.8/site-packages/airflow/example_dags/example_latest_only_with_trigger.py
[2021-06-06 06:34:10,698] {scheduler_job.py:633} INFO - Processing file /media/PythonProjects/66.Spotify_ETL/venv/lib/python3.8/site-packages/airflow/example_dags/example_latest_only_with_trigger.py for tasks to queue
[2021-06-06 06:34:10,699] {logging_mixin.py:104} INFO - [2021-06-06 06:34:10,699] {dagbag.py:487} INFO - Filling up the DagBag from /media/PythonProjects/66.Spotify_ETL/venv/lib/python3.8/site-packages/airflow/example_dags/example_latest_only_with_trigger.py
[2021-06-06 06:34:10,716] {scheduler_job.py:643} INFO - DAG(s) dict_keys(['latest_only_with_trigger']) retrieved from /media/PythonProjects/66.Spotify_ETL/venv/lib/python3.8/site-packages/airflow/example_dags/example_latest_only_with_trigger.py
[2021-06-06 06:34:10,733] {logging_mixin.py:104} INFO - [2021-06-06 06:34:10,733] {dag.py:1832} INFO - Sync 1 DAGs
[2021-06-06 06:34:10,755] {logging_mixin.py:104} INFO - [2021-06-06 06:34:10,755] {dag.py:2305} INFO - Setting next_dagrun for latest_only_with_trigger to 2021-06-04 00:00:00+00:00
[2021-06-06 06:34:10,772] {scheduler_job.py:190} INFO - Processing /media/PythonProjects/66.Spotify_ETL/venv/lib/python3.8/site-packages/airflow/example_dags/example_latest_only_with_trigger.py took 0.083 seconds
[2021-06-06 06:34:43,308] {scheduler_job.py:182} INFO - Started process (PID=2679) to work on /media/PythonProjects/66.Spotify_ETL/venv/lib/python3.8/site-packages/airflow/example_dags/example_latest_only_with_trigger.py
[2021-06-06 06:34:43,309] {scheduler_job.py:633} INFO - Processing file /media/PythonProjects/66.Spotify_ETL/venv/lib/python3.8/site-packages/airflow/example_dags/example_latest_only_with_trigger.py for tasks to queue
[2021-06-06 06:34:43,310] {logging_mixin.py:104} INFO - [2021-06-06 06:34:43,309] {dagbag.py:487} INFO - Filling up the DagBag from /media/PythonProjects/66.Spotify_ETL/venv/lib/python3.8/site-packages/airflow/example_dags/example_latest_only_with_trigger.py
[2021-06-06 06:34:43,320] {scheduler_job.py:643} INFO - DAG(s) dict_keys(['latest_only_with_trigger']) retrieved from /media/PythonProjects/66.Spotify_ETL/venv/lib/python3.8/site-packages/airflow/example_dags/example_latest_only_with_trigger.py
[2021-06-06 06:34:43,332] {logging_mixin.py:104} INFO - [2021-06-06 06:34:43,332] {dag.py:1832} INFO - Sync 1 DAGs
[2021-06-06 06:34:43,342] {logging_mixin.py:104} INFO - [2021-06-06 06:34:43,342] {dag.py:2305} INFO - Setting next_dagrun for latest_only_with_trigger to 2021-06-04 00:00:00+00:00
[2021-06-06 06:34:43,374] {scheduler_job.py:190} INFO - Processing /media/PythonProjects/66.Spotify_ETL/venv/lib/python3.8/site-packages/airflow/example_dags/example_latest_only_with_trigger.py took 0.069 seconds
[2021-06-06 06:35:15,639] {scheduler_job.py:182} INFO - Started process (PID=2739) to work on /media/PythonProjects/66.Spotify_ETL/venv/lib/python3.8/site-packages/airflow/example_dags/example_latest_only_with_trigger.py
[2021-06-06 06:35:15,640] {scheduler_job.py:633} INFO - Processing file /media/PythonProjects/66.Spotify_ETL/venv/lib/python3.8/site-packages/airflow/example_dags/example_latest_only_with_trigger.py for tasks to queue
[2021-06-06 06:35:15,640] {logging_mixin.py:104} INFO - [2021-06-06 06:35:15,640] {dagbag.py:487} INFO - Filling up the DagBag from /media/PythonProjects/66.Spotify_ETL/venv/lib/python3.8/site-packages/airflow/example_dags/example_latest_only_with_trigger.py
[2021-06-06 06:35:15,650] {scheduler_job.py:643} INFO - DAG(s) dict_keys(['latest_only_with_trigger']) retrieved from /media/PythonProjects/66.Spotify_ETL/venv/lib/python3.8/site-packages/airflow/example_dags/example_latest_only_with_trigger.py
[2021-06-06 06:35:15,663] {logging_mixin.py:104} INFO - [2021-06-06 06:35:15,663] {dag.py:1832} INFO - Sync 1 DAGs
[2021-06-06 06:35:15,674] {logging_mixin.py:104} INFO - [2021-06-06 06:35:15,674] {dag.py:2305} INFO - Setting next_dagrun for latest_only_with_trigger to 2021-06-04 00:00:00+00:00
[2021-06-06 06:35:15,693] {scheduler_job.py:190} INFO - Processing /media/PythonProjects/66.Spotify_ETL/venv/lib/python3.8/site-packages/airflow/example_dags/example_latest_only_with_trigger.py took 0.057 seconds
[2021-06-06 06:35:48,849] {scheduler_job.py:182} INFO - Started process (PID=2800) to work on /media/PythonProjects/66.Spotify_ETL/venv/lib/python3.8/site-packages/airflow/example_dags/example_latest_only_with_trigger.py
[2021-06-06 06:35:48,851] {scheduler_job.py:633} INFO - Processing file /media/PythonProjects/66.Spotify_ETL/venv/lib/python3.8/site-packages/airflow/example_dags/example_latest_only_with_trigger.py for tasks to queue
[2021-06-06 06:35:48,852] {logging_mixin.py:104} INFO - [2021-06-06 06:35:48,852] {dagbag.py:487} INFO - Filling up the DagBag from /media/PythonProjects/66.Spotify_ETL/venv/lib/python3.8/site-packages/airflow/example_dags/example_latest_only_with_trigger.py
[2021-06-06 06:35:48,863] {scheduler_job.py:643} INFO - DAG(s) dict_keys(['latest_only_with_trigger']) retrieved from /media/PythonProjects/66.Spotify_ETL/venv/lib/python3.8/site-packages/airflow/example_dags/example_latest_only_with_trigger.py
[2021-06-06 06:35:48,876] {logging_mixin.py:104} INFO - [2021-06-06 06:35:48,876] {dag.py:1832} INFO - Sync 1 DAGs
[2021-06-06 06:35:48,885] {logging_mixin.py:104} INFO - [2021-06-06 06:35:48,885] {dag.py:2305} INFO - Setting next_dagrun for latest_only_with_trigger to 2021-06-04 00:00:00+00:00
[2021-06-06 06:35:48,904] {scheduler_job.py:190} INFO - Processing /media/PythonProjects/66.Spotify_ETL/venv/lib/python3.8/site-packages/airflow/example_dags/example_latest_only_with_trigger.py took 0.058 seconds
[2021-06-06 06:36:21,529] {scheduler_job.py:182} INFO - Started process (PID=2860) to work on /media/PythonProjects/66.Spotify_ETL/venv/lib/python3.8/site-packages/airflow/example_dags/example_latest_only_with_trigger.py
[2021-06-06 06:36:21,534] {scheduler_job.py:633} INFO - Processing file /media/PythonProjects/66.Spotify_ETL/venv/lib/python3.8/site-packages/airflow/example_dags/example_latest_only_with_trigger.py for tasks to queue
[2021-06-06 06:36:21,536] {logging_mixin.py:104} INFO - [2021-06-06 06:36:21,535] {dagbag.py:487} INFO - Filling up the DagBag from /media/PythonProjects/66.Spotify_ETL/venv/lib/python3.8/site-packages/airflow/example_dags/example_latest_only_with_trigger.py
[2021-06-06 06:36:21,568] {scheduler_job.py:643} INFO - DAG(s) dict_keys(['latest_only_with_trigger']) retrieved from /media/PythonProjects/66.Spotify_ETL/venv/lib/python3.8/site-packages/airflow/example_dags/example_latest_only_with_trigger.py
[2021-06-06 06:36:21,598] {logging_mixin.py:104} INFO - [2021-06-06 06:36:21,598] {dag.py:1832} INFO - Sync 1 DAGs
[2021-06-06 06:36:21,610] {logging_mixin.py:104} INFO - [2021-06-06 06:36:21,609] {dag.py:2305} INFO - Setting next_dagrun for latest_only_with_trigger to 2021-06-04 00:00:00+00:00
[2021-06-06 06:36:21,628] {scheduler_job.py:190} INFO - Processing /media/PythonProjects/66.Spotify_ETL/venv/lib/python3.8/site-packages/airflow/example_dags/example_latest_only_with_trigger.py took 0.107 seconds
[2021-06-06 06:36:54,094] {scheduler_job.py:182} INFO - Started process (PID=2918) to work on /media/PythonProjects/66.Spotify_ETL/venv/lib/python3.8/site-packages/airflow/example_dags/example_latest_only_with_trigger.py
[2021-06-06 06:36:54,095] {scheduler_job.py:633} INFO - Processing file /media/PythonProjects/66.Spotify_ETL/venv/lib/python3.8/site-packages/airflow/example_dags/example_latest_only_with_trigger.py for tasks to queue
[2021-06-06 06:36:54,095] {logging_mixin.py:104} INFO - [2021-06-06 06:36:54,095] {dagbag.py:487} INFO - Filling up the DagBag from /media/PythonProjects/66.Spotify_ETL/venv/lib/python3.8/site-packages/airflow/example_dags/example_latest_only_with_trigger.py
[2021-06-06 06:36:54,107] {scheduler_job.py:643} INFO - DAG(s) dict_keys(['latest_only_with_trigger']) retrieved from /media/PythonProjects/66.Spotify_ETL/venv/lib/python3.8/site-packages/airflow/example_dags/example_latest_only_with_trigger.py
[2021-06-06 06:36:54,120] {logging_mixin.py:104} INFO - [2021-06-06 06:36:54,120] {dag.py:1832} INFO - Sync 1 DAGs
[2021-06-06 06:36:54,133] {logging_mixin.py:104} INFO - [2021-06-06 06:36:54,132] {dag.py:2305} INFO - Setting next_dagrun for latest_only_with_trigger to 2021-06-04 00:00:00+00:00
[2021-06-06 06:36:54,155] {scheduler_job.py:190} INFO - Processing /media/PythonProjects/66.Spotify_ETL/venv/lib/python3.8/site-packages/airflow/example_dags/example_latest_only_with_trigger.py took 0.063 seconds
[2021-06-06 06:37:27,918] {scheduler_job.py:182} INFO - Started process (PID=2979) to work on /media/PythonProjects/66.Spotify_ETL/venv/lib/python3.8/site-packages/airflow/example_dags/example_latest_only_with_trigger.py
[2021-06-06 06:37:27,920] {scheduler_job.py:633} INFO - Processing file /media/PythonProjects/66.Spotify_ETL/venv/lib/python3.8/site-packages/airflow/example_dags/example_latest_only_with_trigger.py for tasks to queue
[2021-06-06 06:37:27,921] {logging_mixin.py:104} INFO - [2021-06-06 06:37:27,921] {dagbag.py:487} INFO - Filling up the DagBag from /media/PythonProjects/66.Spotify_ETL/venv/lib/python3.8/site-packages/airflow/example_dags/example_latest_only_with_trigger.py
[2021-06-06 06:37:27,936] {scheduler_job.py:643} INFO - DAG(s) dict_keys(['latest_only_with_trigger']) retrieved from /media/PythonProjects/66.Spotify_ETL/venv/lib/python3.8/site-packages/airflow/example_dags/example_latest_only_with_trigger.py
[2021-06-06 06:37:27,951] {logging_mixin.py:104} INFO - [2021-06-06 06:37:27,951] {dag.py:1832} INFO - Sync 1 DAGs
[2021-06-06 06:37:27,970] {logging_mixin.py:104} INFO - [2021-06-06 06:37:27,970] {dag.py:2305} INFO - Setting next_dagrun for latest_only_with_trigger to 2021-06-04 00:00:00+00:00
[2021-06-06 06:37:28,000] {scheduler_job.py:190} INFO - Processing /media/PythonProjects/66.Spotify_ETL/venv/lib/python3.8/site-packages/airflow/example_dags/example_latest_only_with_trigger.py took 0.086 seconds
[2021-06-06 06:38:00,715] {scheduler_job.py:182} INFO - Started process (PID=3038) to work on /media/PythonProjects/66.Spotify_ETL/venv/lib/python3.8/site-packages/airflow/example_dags/example_latest_only_with_trigger.py
[2021-06-06 06:38:00,716] {scheduler_job.py:633} INFO - Processing file /media/PythonProjects/66.Spotify_ETL/venv/lib/python3.8/site-packages/airflow/example_dags/example_latest_only_with_trigger.py for tasks to queue
[2021-06-06 06:38:00,717] {logging_mixin.py:104} INFO - [2021-06-06 06:38:00,717] {dagbag.py:487} INFO - Filling up the DagBag from /media/PythonProjects/66.Spotify_ETL/venv/lib/python3.8/site-packages/airflow/example_dags/example_latest_only_with_trigger.py
[2021-06-06 06:38:00,730] {scheduler_job.py:643} INFO - DAG(s) dict_keys(['latest_only_with_trigger']) retrieved from /media/PythonProjects/66.Spotify_ETL/venv/lib/python3.8/site-packages/airflow/example_dags/example_latest_only_with_trigger.py
[2021-06-06 06:38:00,743] {logging_mixin.py:104} INFO - [2021-06-06 06:38:00,743] {dag.py:1832} INFO - Sync 1 DAGs
[2021-06-06 06:38:00,754] {logging_mixin.py:104} INFO - [2021-06-06 06:38:00,753] {dag.py:2305} INFO - Setting next_dagrun for latest_only_with_trigger to 2021-06-04 00:00:00+00:00
[2021-06-06 06:38:00,775] {scheduler_job.py:190} INFO - Processing /media/PythonProjects/66.Spotify_ETL/venv/lib/python3.8/site-packages/airflow/example_dags/example_latest_only_with_trigger.py took 0.064 seconds
[2021-06-06 06:38:33,490] {scheduler_job.py:182} INFO - Started process (PID=3095) to work on /media/PythonProjects/66.Spotify_ETL/venv/lib/python3.8/site-packages/airflow/example_dags/example_latest_only_with_trigger.py
[2021-06-06 06:38:33,492] {scheduler_job.py:633} INFO - Processing file /media/PythonProjects/66.Spotify_ETL/venv/lib/python3.8/site-packages/airflow/example_dags/example_latest_only_with_trigger.py for tasks to queue
[2021-06-06 06:38:33,493] {logging_mixin.py:104} INFO - [2021-06-06 06:38:33,493] {dagbag.py:487} INFO - Filling up the DagBag from /media/PythonProjects/66.Spotify_ETL/venv/lib/python3.8/site-packages/airflow/example_dags/example_latest_only_with_trigger.py
[2021-06-06 06:38:33,506] {scheduler_job.py:643} INFO - DAG(s) dict_keys(['latest_only_with_trigger']) retrieved from /media/PythonProjects/66.Spotify_ETL/venv/lib/python3.8/site-packages/airflow/example_dags/example_latest_only_with_trigger.py
[2021-06-06 06:38:33,520] {logging_mixin.py:104} INFO - [2021-06-06 06:38:33,519] {dag.py:1832} INFO - Sync 1 DAGs
[2021-06-06 06:38:33,531] {logging_mixin.py:104} INFO - [2021-06-06 06:38:33,531] {dag.py:2305} INFO - Setting next_dagrun for latest_only_with_trigger to 2021-06-04 00:00:00+00:00
[2021-06-06 06:38:33,556] {scheduler_job.py:190} INFO - Processing /media/PythonProjects/66.Spotify_ETL/venv/lib/python3.8/site-packages/airflow/example_dags/example_latest_only_with_trigger.py took 0.072 seconds
[2021-06-06 06:39:08,758] {scheduler_job.py:182} INFO - Started process (PID=3155) to work on /media/PythonProjects/66.Spotify_ETL/venv/lib/python3.8/site-packages/airflow/example_dags/example_latest_only_with_trigger.py
[2021-06-06 06:39:08,760] {scheduler_job.py:633} INFO - Processing file /media/PythonProjects/66.Spotify_ETL/venv/lib/python3.8/site-packages/airflow/example_dags/example_latest_only_with_trigger.py for tasks to queue
[2021-06-06 06:39:08,760] {logging_mixin.py:104} INFO - [2021-06-06 06:39:08,760] {dagbag.py:487} INFO - Filling up the DagBag from /media/PythonProjects/66.Spotify_ETL/venv/lib/python3.8/site-packages/airflow/example_dags/example_latest_only_with_trigger.py
[2021-06-06 06:39:08,770] {scheduler_job.py:643} INFO - DAG(s) dict_keys(['latest_only_with_trigger']) retrieved from /media/PythonProjects/66.Spotify_ETL/venv/lib/python3.8/site-packages/airflow/example_dags/example_latest_only_with_trigger.py
[2021-06-06 06:39:08,783] {logging_mixin.py:104} INFO - [2021-06-06 06:39:08,783] {dag.py:1832} INFO - Sync 1 DAGs
[2021-06-06 06:39:08,793] {logging_mixin.py:104} INFO - [2021-06-06 06:39:08,793] {dag.py:2305} INFO - Setting next_dagrun for latest_only_with_trigger to 2021-06-04 00:00:00+00:00
[2021-06-06 06:39:08,816] {scheduler_job.py:190} INFO - Processing /media/PythonProjects/66.Spotify_ETL/venv/lib/python3.8/site-packages/airflow/example_dags/example_latest_only_with_trigger.py took 0.060 seconds
[2021-06-06 06:39:41,269] {scheduler_job.py:182} INFO - Started process (PID=3212) to work on /media/PythonProjects/66.Spotify_ETL/venv/lib/python3.8/site-packages/airflow/example_dags/example_latest_only_with_trigger.py
[2021-06-06 06:39:41,270] {scheduler_job.py:633} INFO - Processing file /media/PythonProjects/66.Spotify_ETL/venv/lib/python3.8/site-packages/airflow/example_dags/example_latest_only_with_trigger.py for tasks to queue
[2021-06-06 06:39:41,272] {logging_mixin.py:104} INFO - [2021-06-06 06:39:41,272] {dagbag.py:487} INFO - Filling up the DagBag from /media/PythonProjects/66.Spotify_ETL/venv/lib/python3.8/site-packages/airflow/example_dags/example_latest_only_with_trigger.py
[2021-06-06 06:39:41,285] {scheduler_job.py:643} INFO - DAG(s) dict_keys(['latest_only_with_trigger']) retrieved from /media/PythonProjects/66.Spotify_ETL/venv/lib/python3.8/site-packages/airflow/example_dags/example_latest_only_with_trigger.py
[2021-06-06 06:39:41,301] {logging_mixin.py:104} INFO - [2021-06-06 06:39:41,301] {dag.py:1832} INFO - Sync 1 DAGs
[2021-06-06 06:39:41,312] {logging_mixin.py:104} INFO - [2021-06-06 06:39:41,312] {dag.py:2305} INFO - Setting next_dagrun for latest_only_with_trigger to 2021-06-04 00:00:00+00:00
[2021-06-06 06:39:41,332] {scheduler_job.py:190} INFO - Processing /media/PythonProjects/66.Spotify_ETL/venv/lib/python3.8/site-packages/airflow/example_dags/example_latest_only_with_trigger.py took 0.067 seconds
[2021-06-06 06:40:15,879] {scheduler_job.py:182} INFO - Started process (PID=3269) to work on /media/PythonProjects/66.Spotify_ETL/venv/lib/python3.8/site-packages/airflow/example_dags/example_latest_only_with_trigger.py
[2021-06-06 06:40:15,881] {scheduler_job.py:633} INFO - Processing file /media/PythonProjects/66.Spotify_ETL/venv/lib/python3.8/site-packages/airflow/example_dags/example_latest_only_with_trigger.py for tasks to queue
[2021-06-06 06:40:15,882] {logging_mixin.py:104} INFO - [2021-06-06 06:40:15,882] {dagbag.py:487} INFO - Filling up the DagBag from /media/PythonProjects/66.Spotify_ETL/venv/lib/python3.8/site-packages/airflow/example_dags/example_latest_only_with_trigger.py
[2021-06-06 06:40:15,909] {scheduler_job.py:643} INFO - DAG(s) dict_keys(['latest_only_with_trigger']) retrieved from /media/PythonProjects/66.Spotify_ETL/venv/lib/python3.8/site-packages/airflow/example_dags/example_latest_only_with_trigger.py
[2021-06-06 06:40:15,956] {logging_mixin.py:104} INFO - [2021-06-06 06:40:15,956] {dag.py:1832} INFO - Sync 1 DAGs
[2021-06-06 06:40:15,987] {logging_mixin.py:104} INFO - [2021-06-06 06:40:15,986] {dag.py:2305} INFO - Setting next_dagrun for latest_only_with_trigger to 2021-06-04 00:00:00+00:00
[2021-06-06 06:40:16,030] {scheduler_job.py:190} INFO - Processing /media/PythonProjects/66.Spotify_ETL/venv/lib/python3.8/site-packages/airflow/example_dags/example_latest_only_with_trigger.py took 0.155 seconds
[2021-06-06 06:40:50,520] {scheduler_job.py:182} INFO - Started process (PID=3328) to work on /media/PythonProjects/66.Spotify_ETL/venv/lib/python3.8/site-packages/airflow/example_dags/example_latest_only_with_trigger.py
[2021-06-06 06:40:50,521] {scheduler_job.py:633} INFO - Processing file /media/PythonProjects/66.Spotify_ETL/venv/lib/python3.8/site-packages/airflow/example_dags/example_latest_only_with_trigger.py for tasks to queue
[2021-06-06 06:40:50,522] {logging_mixin.py:104} INFO - [2021-06-06 06:40:50,522] {dagbag.py:487} INFO - Filling up the DagBag from /media/PythonProjects/66.Spotify_ETL/venv/lib/python3.8/site-packages/airflow/example_dags/example_latest_only_with_trigger.py
[2021-06-06 06:40:50,534] {scheduler_job.py:643} INFO - DAG(s) dict_keys(['latest_only_with_trigger']) retrieved from /media/PythonProjects/66.Spotify_ETL/venv/lib/python3.8/site-packages/airflow/example_dags/example_latest_only_with_trigger.py
[2021-06-06 06:40:50,548] {logging_mixin.py:104} INFO - [2021-06-06 06:40:50,548] {dag.py:1832} INFO - Sync 1 DAGs
[2021-06-06 06:40:50,558] {logging_mixin.py:104} INFO - [2021-06-06 06:40:50,558] {dag.py:2305} INFO - Setting next_dagrun for latest_only_with_trigger to 2021-06-04 00:00:00+00:00
[2021-06-06 06:40:50,578] {scheduler_job.py:190} INFO - Processing /media/PythonProjects/66.Spotify_ETL/venv/lib/python3.8/site-packages/airflow/example_dags/example_latest_only_with_trigger.py took 0.062 seconds
[2021-06-06 06:41:24,014] {scheduler_job.py:182} INFO - Started process (PID=3387) to work on /media/PythonProjects/66.Spotify_ETL/venv/lib/python3.8/site-packages/airflow/example_dags/example_latest_only_with_trigger.py
[2021-06-06 06:41:24,016] {scheduler_job.py:633} INFO - Processing file /media/PythonProjects/66.Spotify_ETL/venv/lib/python3.8/site-packages/airflow/example_dags/example_latest_only_with_trigger.py for tasks to queue
[2021-06-06 06:41:24,018] {logging_mixin.py:104} INFO - [2021-06-06 06:41:24,017] {dagbag.py:487} INFO - Filling up the DagBag from /media/PythonProjects/66.Spotify_ETL/venv/lib/python3.8/site-packages/airflow/example_dags/example_latest_only_with_trigger.py
[2021-06-06 06:41:24,031] {scheduler_job.py:643} INFO - DAG(s) dict_keys(['latest_only_with_trigger']) retrieved from /media/PythonProjects/66.Spotify_ETL/venv/lib/python3.8/site-packages/airflow/example_dags/example_latest_only_with_trigger.py
[2021-06-06 06:41:24,044] {logging_mixin.py:104} INFO - [2021-06-06 06:41:24,044] {dag.py:1832} INFO - Sync 1 DAGs
[2021-06-06 06:41:24,054] {logging_mixin.py:104} INFO - [2021-06-06 06:41:24,054] {dag.py:2305} INFO - Setting next_dagrun for latest_only_with_trigger to 2021-06-04 00:00:00+00:00
[2021-06-06 06:41:24,076] {scheduler_job.py:190} INFO - Processing /media/PythonProjects/66.Spotify_ETL/venv/lib/python3.8/site-packages/airflow/example_dags/example_latest_only_with_trigger.py took 0.070 seconds
[2021-06-06 06:41:55,657] {scheduler_job.py:182} INFO - Started process (PID=3444) to work on /media/PythonProjects/66.Spotify_ETL/venv/lib/python3.8/site-packages/airflow/example_dags/example_latest_only_with_trigger.py
[2021-06-06 06:41:55,658] {scheduler_job.py:633} INFO - Processing file /media/PythonProjects/66.Spotify_ETL/venv/lib/python3.8/site-packages/airflow/example_dags/example_latest_only_with_trigger.py for tasks to queue
[2021-06-06 06:41:55,659] {logging_mixin.py:104} INFO - [2021-06-06 06:41:55,659] {dagbag.py:487} INFO - Filling up the DagBag from /media/PythonProjects/66.Spotify_ETL/venv/lib/python3.8/site-packages/airflow/example_dags/example_latest_only_with_trigger.py
[2021-06-06 06:41:55,671] {scheduler_job.py:643} INFO - DAG(s) dict_keys(['latest_only_with_trigger']) retrieved from /media/PythonProjects/66.Spotify_ETL/venv/lib/python3.8/site-packages/airflow/example_dags/example_latest_only_with_trigger.py
[2021-06-06 06:41:55,685] {logging_mixin.py:104} INFO - [2021-06-06 06:41:55,685] {dag.py:1832} INFO - Sync 1 DAGs
[2021-06-06 06:41:55,696] {logging_mixin.py:104} INFO - [2021-06-06 06:41:55,696] {dag.py:2305} INFO - Setting next_dagrun for latest_only_with_trigger to 2021-06-04 00:00:00+00:00
[2021-06-06 06:41:55,715] {scheduler_job.py:190} INFO - Processing /media/PythonProjects/66.Spotify_ETL/venv/lib/python3.8/site-packages/airflow/example_dags/example_latest_only_with_trigger.py took 0.061 seconds
[2021-06-06 06:42:29,157] {scheduler_job.py:182} INFO - Started process (PID=3502) to work on /media/PythonProjects/66.Spotify_ETL/venv/lib/python3.8/site-packages/airflow/example_dags/example_latest_only_with_trigger.py
[2021-06-06 06:42:29,159] {scheduler_job.py:633} INFO - Processing file /media/PythonProjects/66.Spotify_ETL/venv/lib/python3.8/site-packages/airflow/example_dags/example_latest_only_with_trigger.py for tasks to queue
[2021-06-06 06:42:29,160] {logging_mixin.py:104} INFO - [2021-06-06 06:42:29,160] {dagbag.py:487} INFO - Filling up the DagBag from /media/PythonProjects/66.Spotify_ETL/venv/lib/python3.8/site-packages/airflow/example_dags/example_latest_only_with_trigger.py
[2021-06-06 06:42:29,173] {scheduler_job.py:643} INFO - DAG(s) dict_keys(['latest_only_with_trigger']) retrieved from /media/PythonProjects/66.Spotify_ETL/venv/lib/python3.8/site-packages/airflow/example_dags/example_latest_only_with_trigger.py
[2021-06-06 06:42:29,186] {logging_mixin.py:104} INFO - [2021-06-06 06:42:29,186] {dag.py:1832} INFO - Sync 1 DAGs
[2021-06-06 06:42:29,196] {logging_mixin.py:104} INFO - [2021-06-06 06:42:29,196] {dag.py:2305} INFO - Setting next_dagrun for latest_only_with_trigger to 2021-06-04 00:00:00+00:00
[2021-06-06 06:42:29,214] {scheduler_job.py:190} INFO - Processing /media/PythonProjects/66.Spotify_ETL/venv/lib/python3.8/site-packages/airflow/example_dags/example_latest_only_with_trigger.py took 0.064 seconds
[2021-06-06 06:43:04,158] {scheduler_job.py:182} INFO - Started process (PID=3565) to work on /media/PythonProjects/66.Spotify_ETL/venv/lib/python3.8/site-packages/airflow/example_dags/example_latest_only_with_trigger.py
[2021-06-06 06:43:04,161] {scheduler_job.py:633} INFO - Processing file /media/PythonProjects/66.Spotify_ETL/venv/lib/python3.8/site-packages/airflow/example_dags/example_latest_only_with_trigger.py for tasks to queue
[2021-06-06 06:43:04,164] {logging_mixin.py:104} INFO - [2021-06-06 06:43:04,164] {dagbag.py:487} INFO - Filling up the DagBag from /media/PythonProjects/66.Spotify_ETL/venv/lib/python3.8/site-packages/airflow/example_dags/example_latest_only_with_trigger.py
[2021-06-06 06:43:04,178] {scheduler_job.py:643} INFO - DAG(s) dict_keys(['latest_only_with_trigger']) retrieved from /media/PythonProjects/66.Spotify_ETL/venv/lib/python3.8/site-packages/airflow/example_dags/example_latest_only_with_trigger.py
[2021-06-06 06:43:04,198] {logging_mixin.py:104} INFO - [2021-06-06 06:43:04,198] {dag.py:1832} INFO - Sync 1 DAGs
[2021-06-06 06:43:04,210] {logging_mixin.py:104} INFO - [2021-06-06 06:43:04,209] {dag.py:2305} INFO - Setting next_dagrun for latest_only_with_trigger to 2021-06-04 00:00:00+00:00
[2021-06-06 06:43:04,235] {scheduler_job.py:190} INFO - Processing /media/PythonProjects/66.Spotify_ETL/venv/lib/python3.8/site-packages/airflow/example_dags/example_latest_only_with_trigger.py took 0.081 seconds
[2021-06-06 06:43:36,447] {scheduler_job.py:182} INFO - Started process (PID=3623) to work on /media/PythonProjects/66.Spotify_ETL/venv/lib/python3.8/site-packages/airflow/example_dags/example_latest_only_with_trigger.py
[2021-06-06 06:43:36,449] {scheduler_job.py:633} INFO - Processing file /media/PythonProjects/66.Spotify_ETL/venv/lib/python3.8/site-packages/airflow/example_dags/example_latest_only_with_trigger.py for tasks to queue
[2021-06-06 06:43:36,451] {logging_mixin.py:104} INFO - [2021-06-06 06:43:36,451] {dagbag.py:487} INFO - Filling up the DagBag from /media/PythonProjects/66.Spotify_ETL/venv/lib/python3.8/site-packages/airflow/example_dags/example_latest_only_with_trigger.py
[2021-06-06 06:43:36,467] {scheduler_job.py:643} INFO - DAG(s) dict_keys(['latest_only_with_trigger']) retrieved from /media/PythonProjects/66.Spotify_ETL/venv/lib/python3.8/site-packages/airflow/example_dags/example_latest_only_with_trigger.py
[2021-06-06 06:43:36,480] {logging_mixin.py:104} INFO - [2021-06-06 06:43:36,480] {dag.py:1832} INFO - Sync 1 DAGs
[2021-06-06 06:43:36,490] {logging_mixin.py:104} INFO - [2021-06-06 06:43:36,490] {dag.py:2305} INFO - Setting next_dagrun for latest_only_with_trigger to 2021-06-04 00:00:00+00:00
[2021-06-06 06:43:36,513] {scheduler_job.py:190} INFO - Processing /media/PythonProjects/66.Spotify_ETL/venv/lib/python3.8/site-packages/airflow/example_dags/example_latest_only_with_trigger.py took 0.071 seconds
[2021-06-06 06:44:11,180] {scheduler_job.py:182} INFO - Started process (PID=3684) to work on /media/PythonProjects/66.Spotify_ETL/venv/lib/python3.8/site-packages/airflow/example_dags/example_latest_only_with_trigger.py
[2021-06-06 06:44:11,183] {scheduler_job.py:633} INFO - Processing file /media/PythonProjects/66.Spotify_ETL/venv/lib/python3.8/site-packages/airflow/example_dags/example_latest_only_with_trigger.py for tasks to queue
[2021-06-06 06:44:11,184] {logging_mixin.py:104} INFO - [2021-06-06 06:44:11,184] {dagbag.py:487} INFO - Filling up the DagBag from /media/PythonProjects/66.Spotify_ETL/venv/lib/python3.8/site-packages/airflow/example_dags/example_latest_only_with_trigger.py
[2021-06-06 06:44:11,197] {scheduler_job.py:643} INFO - DAG(s) dict_keys(['latest_only_with_trigger']) retrieved from /media/PythonProjects/66.Spotify_ETL/venv/lib/python3.8/site-packages/airflow/example_dags/example_latest_only_with_trigger.py
[2021-06-06 06:44:11,209] {logging_mixin.py:104} INFO - [2021-06-06 06:44:11,209] {dag.py:1832} INFO - Sync 1 DAGs
[2021-06-06 06:44:11,219] {logging_mixin.py:104} INFO - [2021-06-06 06:44:11,219] {dag.py:2305} INFO - Setting next_dagrun for latest_only_with_trigger to 2021-06-04 00:00:00+00:00
[2021-06-06 06:44:11,239] {scheduler_job.py:190} INFO - Processing /media/PythonProjects/66.Spotify_ETL/venv/lib/python3.8/site-packages/airflow/example_dags/example_latest_only_with_trigger.py took 0.064 seconds
[2021-06-06 06:44:48,661] {scheduler_job.py:182} INFO - Started process (PID=3744) to work on /media/PythonProjects/66.Spotify_ETL/venv/lib/python3.8/site-packages/airflow/example_dags/example_latest_only_with_trigger.py
[2021-06-06 06:44:48,663] {scheduler_job.py:633} INFO - Processing file /media/PythonProjects/66.Spotify_ETL/venv/lib/python3.8/site-packages/airflow/example_dags/example_latest_only_with_trigger.py for tasks to queue
[2021-06-06 06:44:48,663] {logging_mixin.py:104} INFO - [2021-06-06 06:44:48,663] {dagbag.py:487} INFO - Filling up the DagBag from /media/PythonProjects/66.Spotify_ETL/venv/lib/python3.8/site-packages/airflow/example_dags/example_latest_only_with_trigger.py
[2021-06-06 06:44:48,674] {scheduler_job.py:643} INFO - DAG(s) dict_keys(['latest_only_with_trigger']) retrieved from /media/PythonProjects/66.Spotify_ETL/venv/lib/python3.8/site-packages/airflow/example_dags/example_latest_only_with_trigger.py
[2021-06-06 06:44:48,688] {logging_mixin.py:104} INFO - [2021-06-06 06:44:48,688] {dag.py:1832} INFO - Sync 1 DAGs
[2021-06-06 06:44:48,698] {logging_mixin.py:104} INFO - [2021-06-06 06:44:48,698] {dag.py:2305} INFO - Setting next_dagrun for latest_only_with_trigger to 2021-06-04 00:00:00+00:00
[2021-06-06 06:44:48,719] {scheduler_job.py:190} INFO - Processing /media/PythonProjects/66.Spotify_ETL/venv/lib/python3.8/site-packages/airflow/example_dags/example_latest_only_with_trigger.py took 0.060 seconds
[2021-06-06 06:45:20,536] {scheduler_job.py:182} INFO - Started process (PID=3859) to work on /media/PythonProjects/66.Spotify_ETL/venv/lib/python3.8/site-packages/airflow/example_dags/example_latest_only_with_trigger.py
[2021-06-06 06:45:20,539] {scheduler_job.py:633} INFO - Processing file /media/PythonProjects/66.Spotify_ETL/venv/lib/python3.8/site-packages/airflow/example_dags/example_latest_only_with_trigger.py for tasks to queue
[2021-06-06 06:45:20,543] {logging_mixin.py:104} INFO - [2021-06-06 06:45:20,543] {dagbag.py:487} INFO - Filling up the DagBag from /media/PythonProjects/66.Spotify_ETL/venv/lib/python3.8/site-packages/airflow/example_dags/example_latest_only_with_trigger.py
[2021-06-06 06:45:20,561] {scheduler_job.py:643} INFO - DAG(s) dict_keys(['latest_only_with_trigger']) retrieved from /media/PythonProjects/66.Spotify_ETL/venv/lib/python3.8/site-packages/airflow/example_dags/example_latest_only_with_trigger.py
[2021-06-06 06:45:20,591] {logging_mixin.py:104} INFO - [2021-06-06 06:45:20,591] {dag.py:1832} INFO - Sync 1 DAGs
[2021-06-06 06:45:20,614] {logging_mixin.py:104} INFO - [2021-06-06 06:45:20,614] {dag.py:2305} INFO - Setting next_dagrun for latest_only_with_trigger to 2021-06-04 00:00:00+00:00
[2021-06-06 06:45:20,658] {scheduler_job.py:190} INFO - Processing /media/PythonProjects/66.Spotify_ETL/venv/lib/python3.8/site-packages/airflow/example_dags/example_latest_only_with_trigger.py took 0.125 seconds
[2021-06-06 06:45:54,816] {scheduler_job.py:182} INFO - Started process (PID=4098) to work on /media/PythonProjects/66.Spotify_ETL/venv/lib/python3.8/site-packages/airflow/example_dags/example_latest_only_with_trigger.py
[2021-06-06 06:45:54,818] {scheduler_job.py:633} INFO - Processing file /media/PythonProjects/66.Spotify_ETL/venv/lib/python3.8/site-packages/airflow/example_dags/example_latest_only_with_trigger.py for tasks to queue
[2021-06-06 06:45:54,818] {logging_mixin.py:104} INFO - [2021-06-06 06:45:54,818] {dagbag.py:487} INFO - Filling up the DagBag from /media/PythonProjects/66.Spotify_ETL/venv/lib/python3.8/site-packages/airflow/example_dags/example_latest_only_with_trigger.py
[2021-06-06 06:45:54,842] {scheduler_job.py:643} INFO - DAG(s) dict_keys(['latest_only_with_trigger']) retrieved from /media/PythonProjects/66.Spotify_ETL/venv/lib/python3.8/site-packages/airflow/example_dags/example_latest_only_with_trigger.py
[2021-06-06 06:45:54,868] {logging_mixin.py:104} INFO - [2021-06-06 06:45:54,868] {dag.py:1832} INFO - Sync 1 DAGs
[2021-06-06 06:45:54,890] {logging_mixin.py:104} INFO - [2021-06-06 06:45:54,890] {dag.py:2305} INFO - Setting next_dagrun for latest_only_with_trigger to 2021-06-04 00:00:00+00:00
[2021-06-06 06:45:54,927] {scheduler_job.py:190} INFO - Processing /media/PythonProjects/66.Spotify_ETL/venv/lib/python3.8/site-packages/airflow/example_dags/example_latest_only_with_trigger.py took 0.115 seconds
