[2021-06-06 06:32:29,205] {scheduler_job.py:182} INFO - Started process (PID=2425) to work on /media/PythonProjects/66.Spotify_ETL/venv/lib/python3.8/site-packages/airflow/example_dags/example_branch_datetime_operator.py
[2021-06-06 06:32:29,207] {scheduler_job.py:633} INFO - Processing file /media/PythonProjects/66.Spotify_ETL/venv/lib/python3.8/site-packages/airflow/example_dags/example_branch_datetime_operator.py for tasks to queue
[2021-06-06 06:32:29,208] {logging_mixin.py:104} INFO - [2021-06-06 06:32:29,207] {dagbag.py:487} INFO - Filling up the DagBag from /media/PythonProjects/66.Spotify_ETL/venv/lib/python3.8/site-packages/airflow/example_dags/example_branch_datetime_operator.py
[2021-06-06 06:32:29,230] {scheduler_job.py:643} INFO - DAG(s) dict_keys(['example_branch_datetime_operator_2']) retrieved from /media/PythonProjects/66.Spotify_ETL/venv/lib/python3.8/site-packages/airflow/example_dags/example_branch_datetime_operator.py
[2021-06-06 06:32:29,248] {logging_mixin.py:104} INFO - [2021-06-06 06:32:29,248] {dag.py:1832} INFO - Sync 1 DAGs
[2021-06-06 06:32:29,268] {logging_mixin.py:104} INFO - [2021-06-06 06:32:29,268] {dag.py:2305} INFO - Setting next_dagrun for example_branch_datetime_operator_2 to 2021-06-04 00:00:00+00:00
[2021-06-06 06:32:29,287] {scheduler_job.py:190} INFO - Processing /media/PythonProjects/66.Spotify_ETL/venv/lib/python3.8/site-packages/airflow/example_dags/example_branch_datetime_operator.py took 0.086 seconds
[2021-06-06 06:33:07,467] {scheduler_job.py:182} INFO - Started process (PID=2514) to work on /media/PythonProjects/66.Spotify_ETL/venv/lib/python3.8/site-packages/airflow/example_dags/example_branch_datetime_operator.py
[2021-06-06 06:33:07,472] {scheduler_job.py:633} INFO - Processing file /media/PythonProjects/66.Spotify_ETL/venv/lib/python3.8/site-packages/airflow/example_dags/example_branch_datetime_operator.py for tasks to queue
[2021-06-06 06:33:07,478] {logging_mixin.py:104} INFO - [2021-06-06 06:33:07,478] {dagbag.py:487} INFO - Filling up the DagBag from /media/PythonProjects/66.Spotify_ETL/venv/lib/python3.8/site-packages/airflow/example_dags/example_branch_datetime_operator.py
[2021-06-06 06:33:07,505] {scheduler_job.py:643} INFO - DAG(s) dict_keys(['example_branch_datetime_operator_2']) retrieved from /media/PythonProjects/66.Spotify_ETL/venv/lib/python3.8/site-packages/airflow/example_dags/example_branch_datetime_operator.py
[2021-06-06 06:33:07,540] {logging_mixin.py:104} INFO - [2021-06-06 06:33:07,540] {dag.py:1832} INFO - Sync 1 DAGs
[2021-06-06 06:33:07,578] {logging_mixin.py:104} INFO - [2021-06-06 06:33:07,578] {dag.py:2305} INFO - Setting next_dagrun for example_branch_datetime_operator_2 to 2021-06-04 00:00:00+00:00
[2021-06-06 06:33:07,624] {scheduler_job.py:190} INFO - Processing /media/PythonProjects/66.Spotify_ETL/venv/lib/python3.8/site-packages/airflow/example_dags/example_branch_datetime_operator.py took 0.160 seconds
[2021-06-06 06:33:42,541] {scheduler_job.py:182} INFO - Started process (PID=2573) to work on /media/PythonProjects/66.Spotify_ETL/venv/lib/python3.8/site-packages/airflow/example_dags/example_branch_datetime_operator.py
[2021-06-06 06:33:42,542] {scheduler_job.py:633} INFO - Processing file /media/PythonProjects/66.Spotify_ETL/venv/lib/python3.8/site-packages/airflow/example_dags/example_branch_datetime_operator.py for tasks to queue
[2021-06-06 06:33:42,544] {logging_mixin.py:104} INFO - [2021-06-06 06:33:42,543] {dagbag.py:487} INFO - Filling up the DagBag from /media/PythonProjects/66.Spotify_ETL/venv/lib/python3.8/site-packages/airflow/example_dags/example_branch_datetime_operator.py
[2021-06-06 06:33:42,559] {scheduler_job.py:643} INFO - DAG(s) dict_keys(['example_branch_datetime_operator_2']) retrieved from /media/PythonProjects/66.Spotify_ETL/venv/lib/python3.8/site-packages/airflow/example_dags/example_branch_datetime_operator.py
[2021-06-06 06:33:42,571] {logging_mixin.py:104} INFO - [2021-06-06 06:33:42,571] {dag.py:1832} INFO - Sync 1 DAGs
[2021-06-06 06:33:42,582] {logging_mixin.py:104} INFO - [2021-06-06 06:33:42,582] {dag.py:2305} INFO - Setting next_dagrun for example_branch_datetime_operator_2 to 2021-06-04 00:00:00+00:00
[2021-06-06 06:33:42,605] {scheduler_job.py:190} INFO - Processing /media/PythonProjects/66.Spotify_ETL/venv/lib/python3.8/site-packages/airflow/example_dags/example_branch_datetime_operator.py took 0.069 seconds
[2021-06-06 06:34:22,779] {scheduler_job.py:182} INFO - Started process (PID=2641) to work on /media/PythonProjects/66.Spotify_ETL/venv/lib/python3.8/site-packages/airflow/example_dags/example_branch_datetime_operator.py
[2021-06-06 06:34:22,785] {scheduler_job.py:633} INFO - Processing file /media/PythonProjects/66.Spotify_ETL/venv/lib/python3.8/site-packages/airflow/example_dags/example_branch_datetime_operator.py for tasks to queue
[2021-06-06 06:34:22,787] {logging_mixin.py:104} INFO - [2021-06-06 06:34:22,787] {dagbag.py:487} INFO - Filling up the DagBag from /media/PythonProjects/66.Spotify_ETL/venv/lib/python3.8/site-packages/airflow/example_dags/example_branch_datetime_operator.py
[2021-06-06 06:34:22,803] {scheduler_job.py:643} INFO - DAG(s) dict_keys(['example_branch_datetime_operator_2']) retrieved from /media/PythonProjects/66.Spotify_ETL/venv/lib/python3.8/site-packages/airflow/example_dags/example_branch_datetime_operator.py
[2021-06-06 06:34:22,821] {logging_mixin.py:104} INFO - [2021-06-06 06:34:22,820] {dag.py:1832} INFO - Sync 1 DAGs
[2021-06-06 06:34:22,843] {logging_mixin.py:104} INFO - [2021-06-06 06:34:22,843] {dag.py:2305} INFO - Setting next_dagrun for example_branch_datetime_operator_2 to 2021-06-04 00:00:00+00:00
[2021-06-06 06:34:22,875] {scheduler_job.py:190} INFO - Processing /media/PythonProjects/66.Spotify_ETL/venv/lib/python3.8/site-packages/airflow/example_dags/example_branch_datetime_operator.py took 0.099 seconds
[2021-06-06 06:34:56,109] {scheduler_job.py:182} INFO - Started process (PID=2702) to work on /media/PythonProjects/66.Spotify_ETL/venv/lib/python3.8/site-packages/airflow/example_dags/example_branch_datetime_operator.py
[2021-06-06 06:34:56,110] {scheduler_job.py:633} INFO - Processing file /media/PythonProjects/66.Spotify_ETL/venv/lib/python3.8/site-packages/airflow/example_dags/example_branch_datetime_operator.py for tasks to queue
[2021-06-06 06:34:56,111] {logging_mixin.py:104} INFO - [2021-06-06 06:34:56,111] {dagbag.py:487} INFO - Filling up the DagBag from /media/PythonProjects/66.Spotify_ETL/venv/lib/python3.8/site-packages/airflow/example_dags/example_branch_datetime_operator.py
[2021-06-06 06:34:56,123] {scheduler_job.py:643} INFO - DAG(s) dict_keys(['example_branch_datetime_operator_2']) retrieved from /media/PythonProjects/66.Spotify_ETL/venv/lib/python3.8/site-packages/airflow/example_dags/example_branch_datetime_operator.py
[2021-06-06 06:34:56,136] {logging_mixin.py:104} INFO - [2021-06-06 06:34:56,135] {dag.py:1832} INFO - Sync 1 DAGs
[2021-06-06 06:34:56,149] {logging_mixin.py:104} INFO - [2021-06-06 06:34:56,149] {dag.py:2305} INFO - Setting next_dagrun for example_branch_datetime_operator_2 to 2021-06-04 00:00:00+00:00
[2021-06-06 06:34:56,172] {scheduler_job.py:190} INFO - Processing /media/PythonProjects/66.Spotify_ETL/venv/lib/python3.8/site-packages/airflow/example_dags/example_branch_datetime_operator.py took 0.066 seconds
[2021-06-06 06:35:30,195] {scheduler_job.py:182} INFO - Started process (PID=2766) to work on /media/PythonProjects/66.Spotify_ETL/venv/lib/python3.8/site-packages/airflow/example_dags/example_branch_datetime_operator.py
[2021-06-06 06:35:30,197] {scheduler_job.py:633} INFO - Processing file /media/PythonProjects/66.Spotify_ETL/venv/lib/python3.8/site-packages/airflow/example_dags/example_branch_datetime_operator.py for tasks to queue
[2021-06-06 06:35:30,198] {logging_mixin.py:104} INFO - [2021-06-06 06:35:30,198] {dagbag.py:487} INFO - Filling up the DagBag from /media/PythonProjects/66.Spotify_ETL/venv/lib/python3.8/site-packages/airflow/example_dags/example_branch_datetime_operator.py
[2021-06-06 06:35:30,211] {scheduler_job.py:643} INFO - DAG(s) dict_keys(['example_branch_datetime_operator_2']) retrieved from /media/PythonProjects/66.Spotify_ETL/venv/lib/python3.8/site-packages/airflow/example_dags/example_branch_datetime_operator.py
[2021-06-06 06:35:30,224] {logging_mixin.py:104} INFO - [2021-06-06 06:35:30,224] {dag.py:1832} INFO - Sync 1 DAGs
[2021-06-06 06:35:30,236] {logging_mixin.py:104} INFO - [2021-06-06 06:35:30,236] {dag.py:2305} INFO - Setting next_dagrun for example_branch_datetime_operator_2 to 2021-06-04 00:00:00+00:00
[2021-06-06 06:35:30,256] {scheduler_job.py:190} INFO - Processing /media/PythonProjects/66.Spotify_ETL/venv/lib/python3.8/site-packages/airflow/example_dags/example_branch_datetime_operator.py took 0.065 seconds
[2021-06-06 06:36:06,072] {scheduler_job.py:182} INFO - Started process (PID=2831) to work on /media/PythonProjects/66.Spotify_ETL/venv/lib/python3.8/site-packages/airflow/example_dags/example_branch_datetime_operator.py
[2021-06-06 06:36:06,074] {scheduler_job.py:633} INFO - Processing file /media/PythonProjects/66.Spotify_ETL/venv/lib/python3.8/site-packages/airflow/example_dags/example_branch_datetime_operator.py for tasks to queue
[2021-06-06 06:36:06,075] {logging_mixin.py:104} INFO - [2021-06-06 06:36:06,074] {dagbag.py:487} INFO - Filling up the DagBag from /media/PythonProjects/66.Spotify_ETL/venv/lib/python3.8/site-packages/airflow/example_dags/example_branch_datetime_operator.py
[2021-06-06 06:36:06,089] {scheduler_job.py:643} INFO - DAG(s) dict_keys(['example_branch_datetime_operator_2']) retrieved from /media/PythonProjects/66.Spotify_ETL/venv/lib/python3.8/site-packages/airflow/example_dags/example_branch_datetime_operator.py
[2021-06-06 06:36:06,102] {logging_mixin.py:104} INFO - [2021-06-06 06:36:06,102] {dag.py:1832} INFO - Sync 1 DAGs
[2021-06-06 06:36:06,115] {logging_mixin.py:104} INFO - [2021-06-06 06:36:06,115] {dag.py:2305} INFO - Setting next_dagrun for example_branch_datetime_operator_2 to 2021-06-04 00:00:00+00:00
[2021-06-06 06:36:06,154] {scheduler_job.py:190} INFO - Processing /media/PythonProjects/66.Spotify_ETL/venv/lib/python3.8/site-packages/airflow/example_dags/example_branch_datetime_operator.py took 0.085 seconds
[2021-06-06 06:36:39,779] {scheduler_job.py:182} INFO - Started process (PID=2892) to work on /media/PythonProjects/66.Spotify_ETL/venv/lib/python3.8/site-packages/airflow/example_dags/example_branch_datetime_operator.py
[2021-06-06 06:36:39,781] {scheduler_job.py:633} INFO - Processing file /media/PythonProjects/66.Spotify_ETL/venv/lib/python3.8/site-packages/airflow/example_dags/example_branch_datetime_operator.py for tasks to queue
[2021-06-06 06:36:39,782] {logging_mixin.py:104} INFO - [2021-06-06 06:36:39,782] {dagbag.py:487} INFO - Filling up the DagBag from /media/PythonProjects/66.Spotify_ETL/venv/lib/python3.8/site-packages/airflow/example_dags/example_branch_datetime_operator.py
[2021-06-06 06:36:39,794] {scheduler_job.py:643} INFO - DAG(s) dict_keys(['example_branch_datetime_operator_2']) retrieved from /media/PythonProjects/66.Spotify_ETL/venv/lib/python3.8/site-packages/airflow/example_dags/example_branch_datetime_operator.py
[2021-06-06 06:36:39,806] {logging_mixin.py:104} INFO - [2021-06-06 06:36:39,806] {dag.py:1832} INFO - Sync 1 DAGs
[2021-06-06 06:36:39,818] {logging_mixin.py:104} INFO - [2021-06-06 06:36:39,818] {dag.py:2305} INFO - Setting next_dagrun for example_branch_datetime_operator_2 to 2021-06-04 00:00:00+00:00
[2021-06-06 06:36:39,838] {scheduler_job.py:190} INFO - Processing /media/PythonProjects/66.Spotify_ETL/venv/lib/python3.8/site-packages/airflow/example_dags/example_branch_datetime_operator.py took 0.065 seconds
[2021-06-06 06:37:11,858] {scheduler_job.py:182} INFO - Started process (PID=2950) to work on /media/PythonProjects/66.Spotify_ETL/venv/lib/python3.8/site-packages/airflow/example_dags/example_branch_datetime_operator.py
[2021-06-06 06:37:11,859] {scheduler_job.py:633} INFO - Processing file /media/PythonProjects/66.Spotify_ETL/venv/lib/python3.8/site-packages/airflow/example_dags/example_branch_datetime_operator.py for tasks to queue
[2021-06-06 06:37:11,860] {logging_mixin.py:104} INFO - [2021-06-06 06:37:11,860] {dagbag.py:487} INFO - Filling up the DagBag from /media/PythonProjects/66.Spotify_ETL/venv/lib/python3.8/site-packages/airflow/example_dags/example_branch_datetime_operator.py
[2021-06-06 06:37:11,872] {scheduler_job.py:643} INFO - DAG(s) dict_keys(['example_branch_datetime_operator_2']) retrieved from /media/PythonProjects/66.Spotify_ETL/venv/lib/python3.8/site-packages/airflow/example_dags/example_branch_datetime_operator.py
[2021-06-06 06:37:11,886] {logging_mixin.py:104} INFO - [2021-06-06 06:37:11,886] {dag.py:1832} INFO - Sync 1 DAGs
[2021-06-06 06:37:11,900] {logging_mixin.py:104} INFO - [2021-06-06 06:37:11,900] {dag.py:2305} INFO - Setting next_dagrun for example_branch_datetime_operator_2 to 2021-06-04 00:00:00+00:00
[2021-06-06 06:37:11,920] {scheduler_job.py:190} INFO - Processing /media/PythonProjects/66.Spotify_ETL/venv/lib/python3.8/site-packages/airflow/example_dags/example_branch_datetime_operator.py took 0.065 seconds
[2021-06-06 06:37:46,380] {scheduler_job.py:182} INFO - Started process (PID=3011) to work on /media/PythonProjects/66.Spotify_ETL/venv/lib/python3.8/site-packages/airflow/example_dags/example_branch_datetime_operator.py
[2021-06-06 06:37:46,381] {scheduler_job.py:633} INFO - Processing file /media/PythonProjects/66.Spotify_ETL/venv/lib/python3.8/site-packages/airflow/example_dags/example_branch_datetime_operator.py for tasks to queue
[2021-06-06 06:37:46,383] {logging_mixin.py:104} INFO - [2021-06-06 06:37:46,382] {dagbag.py:487} INFO - Filling up the DagBag from /media/PythonProjects/66.Spotify_ETL/venv/lib/python3.8/site-packages/airflow/example_dags/example_branch_datetime_operator.py
[2021-06-06 06:37:46,398] {scheduler_job.py:643} INFO - DAG(s) dict_keys(['example_branch_datetime_operator_2']) retrieved from /media/PythonProjects/66.Spotify_ETL/venv/lib/python3.8/site-packages/airflow/example_dags/example_branch_datetime_operator.py
[2021-06-06 06:37:46,412] {logging_mixin.py:104} INFO - [2021-06-06 06:37:46,412] {dag.py:1832} INFO - Sync 1 DAGs
[2021-06-06 06:37:46,424] {logging_mixin.py:104} INFO - [2021-06-06 06:37:46,424] {dag.py:2305} INFO - Setting next_dagrun for example_branch_datetime_operator_2 to 2021-06-04 00:00:00+00:00
[2021-06-06 06:37:46,446] {scheduler_job.py:190} INFO - Processing /media/PythonProjects/66.Spotify_ETL/venv/lib/python3.8/site-packages/airflow/example_dags/example_branch_datetime_operator.py took 0.070 seconds
[2021-06-06 06:38:21,714] {scheduler_job.py:182} INFO - Started process (PID=3072) to work on /media/PythonProjects/66.Spotify_ETL/venv/lib/python3.8/site-packages/airflow/example_dags/example_branch_datetime_operator.py
[2021-06-06 06:38:21,716] {scheduler_job.py:633} INFO - Processing file /media/PythonProjects/66.Spotify_ETL/venv/lib/python3.8/site-packages/airflow/example_dags/example_branch_datetime_operator.py for tasks to queue
[2021-06-06 06:38:21,717] {logging_mixin.py:104} INFO - [2021-06-06 06:38:21,717] {dagbag.py:487} INFO - Filling up the DagBag from /media/PythonProjects/66.Spotify_ETL/venv/lib/python3.8/site-packages/airflow/example_dags/example_branch_datetime_operator.py
[2021-06-06 06:38:21,731] {scheduler_job.py:643} INFO - DAG(s) dict_keys(['example_branch_datetime_operator_2']) retrieved from /media/PythonProjects/66.Spotify_ETL/venv/lib/python3.8/site-packages/airflow/example_dags/example_branch_datetime_operator.py
[2021-06-06 06:38:21,747] {logging_mixin.py:104} INFO - [2021-06-06 06:38:21,747] {dag.py:1832} INFO - Sync 1 DAGs
[2021-06-06 06:38:21,763] {logging_mixin.py:104} INFO - [2021-06-06 06:38:21,763] {dag.py:2305} INFO - Setting next_dagrun for example_branch_datetime_operator_2 to 2021-06-04 00:00:00+00:00
[2021-06-06 06:38:21,789] {scheduler_job.py:190} INFO - Processing /media/PythonProjects/66.Spotify_ETL/venv/lib/python3.8/site-packages/airflow/example_dags/example_branch_datetime_operator.py took 0.079 seconds
[2021-06-06 06:38:54,390] {scheduler_job.py:182} INFO - Started process (PID=3130) to work on /media/PythonProjects/66.Spotify_ETL/venv/lib/python3.8/site-packages/airflow/example_dags/example_branch_datetime_operator.py
[2021-06-06 06:38:54,392] {scheduler_job.py:633} INFO - Processing file /media/PythonProjects/66.Spotify_ETL/venv/lib/python3.8/site-packages/airflow/example_dags/example_branch_datetime_operator.py for tasks to queue
[2021-06-06 06:38:54,394] {logging_mixin.py:104} INFO - [2021-06-06 06:38:54,394] {dagbag.py:487} INFO - Filling up the DagBag from /media/PythonProjects/66.Spotify_ETL/venv/lib/python3.8/site-packages/airflow/example_dags/example_branch_datetime_operator.py
[2021-06-06 06:38:54,411] {scheduler_job.py:643} INFO - DAG(s) dict_keys(['example_branch_datetime_operator_2']) retrieved from /media/PythonProjects/66.Spotify_ETL/venv/lib/python3.8/site-packages/airflow/example_dags/example_branch_datetime_operator.py
[2021-06-06 06:38:54,434] {logging_mixin.py:104} INFO - [2021-06-06 06:38:54,434] {dag.py:1832} INFO - Sync 1 DAGs
[2021-06-06 06:38:54,462] {logging_mixin.py:104} INFO - [2021-06-06 06:38:54,462] {dag.py:2305} INFO - Setting next_dagrun for example_branch_datetime_operator_2 to 2021-06-04 00:00:00+00:00
[2021-06-06 06:38:54,490] {scheduler_job.py:190} INFO - Processing /media/PythonProjects/66.Spotify_ETL/venv/lib/python3.8/site-packages/airflow/example_dags/example_branch_datetime_operator.py took 0.104 seconds
[2021-06-06 06:39:29,787] {scheduler_job.py:182} INFO - Started process (PID=3191) to work on /media/PythonProjects/66.Spotify_ETL/venv/lib/python3.8/site-packages/airflow/example_dags/example_branch_datetime_operator.py
[2021-06-06 06:39:29,789] {scheduler_job.py:633} INFO - Processing file /media/PythonProjects/66.Spotify_ETL/venv/lib/python3.8/site-packages/airflow/example_dags/example_branch_datetime_operator.py for tasks to queue
[2021-06-06 06:39:29,791] {logging_mixin.py:104} INFO - [2021-06-06 06:39:29,791] {dagbag.py:487} INFO - Filling up the DagBag from /media/PythonProjects/66.Spotify_ETL/venv/lib/python3.8/site-packages/airflow/example_dags/example_branch_datetime_operator.py
[2021-06-06 06:39:29,807] {scheduler_job.py:643} INFO - DAG(s) dict_keys(['example_branch_datetime_operator_2']) retrieved from /media/PythonProjects/66.Spotify_ETL/venv/lib/python3.8/site-packages/airflow/example_dags/example_branch_datetime_operator.py
[2021-06-06 06:39:29,823] {logging_mixin.py:104} INFO - [2021-06-06 06:39:29,823] {dag.py:1832} INFO - Sync 1 DAGs
[2021-06-06 06:39:29,836] {logging_mixin.py:104} INFO - [2021-06-06 06:39:29,836] {dag.py:2305} INFO - Setting next_dagrun for example_branch_datetime_operator_2 to 2021-06-04 00:00:00+00:00
[2021-06-06 06:39:29,859] {scheduler_job.py:190} INFO - Processing /media/PythonProjects/66.Spotify_ETL/venv/lib/python3.8/site-packages/airflow/example_dags/example_branch_datetime_operator.py took 0.079 seconds
[2021-06-06 06:40:07,472] {scheduler_job.py:182} INFO - Started process (PID=3254) to work on /media/PythonProjects/66.Spotify_ETL/venv/lib/python3.8/site-packages/airflow/example_dags/example_branch_datetime_operator.py
[2021-06-06 06:40:07,477] {scheduler_job.py:633} INFO - Processing file /media/PythonProjects/66.Spotify_ETL/venv/lib/python3.8/site-packages/airflow/example_dags/example_branch_datetime_operator.py for tasks to queue
[2021-06-06 06:40:07,478] {logging_mixin.py:104} INFO - [2021-06-06 06:40:07,477] {dagbag.py:487} INFO - Filling up the DagBag from /media/PythonProjects/66.Spotify_ETL/venv/lib/python3.8/site-packages/airflow/example_dags/example_branch_datetime_operator.py
[2021-06-06 06:40:07,500] {scheduler_job.py:643} INFO - DAG(s) dict_keys(['example_branch_datetime_operator_2']) retrieved from /media/PythonProjects/66.Spotify_ETL/venv/lib/python3.8/site-packages/airflow/example_dags/example_branch_datetime_operator.py
[2021-06-06 06:40:07,533] {logging_mixin.py:104} INFO - [2021-06-06 06:40:07,533] {dag.py:1832} INFO - Sync 1 DAGs
[2021-06-06 06:40:07,558] {logging_mixin.py:104} INFO - [2021-06-06 06:40:07,558] {dag.py:2305} INFO - Setting next_dagrun for example_branch_datetime_operator_2 to 2021-06-04 00:00:00+00:00
[2021-06-06 06:40:07,600] {scheduler_job.py:190} INFO - Processing /media/PythonProjects/66.Spotify_ETL/venv/lib/python3.8/site-packages/airflow/example_dags/example_branch_datetime_operator.py took 0.133 seconds
[2021-06-06 06:40:46,294] {scheduler_job.py:182} INFO - Started process (PID=3320) to work on /media/PythonProjects/66.Spotify_ETL/venv/lib/python3.8/site-packages/airflow/example_dags/example_branch_datetime_operator.py
[2021-06-06 06:40:46,295] {scheduler_job.py:633} INFO - Processing file /media/PythonProjects/66.Spotify_ETL/venv/lib/python3.8/site-packages/airflow/example_dags/example_branch_datetime_operator.py for tasks to queue
[2021-06-06 06:40:46,296] {logging_mixin.py:104} INFO - [2021-06-06 06:40:46,296] {dagbag.py:487} INFO - Filling up the DagBag from /media/PythonProjects/66.Spotify_ETL/venv/lib/python3.8/site-packages/airflow/example_dags/example_branch_datetime_operator.py
[2021-06-06 06:40:46,309] {scheduler_job.py:643} INFO - DAG(s) dict_keys(['example_branch_datetime_operator_2']) retrieved from /media/PythonProjects/66.Spotify_ETL/venv/lib/python3.8/site-packages/airflow/example_dags/example_branch_datetime_operator.py
[2021-06-06 06:40:46,329] {logging_mixin.py:104} INFO - [2021-06-06 06:40:46,328] {dag.py:1832} INFO - Sync 1 DAGs
[2021-06-06 06:40:46,350] {logging_mixin.py:104} INFO - [2021-06-06 06:40:46,350] {dag.py:2305} INFO - Setting next_dagrun for example_branch_datetime_operator_2 to 2021-06-04 00:00:00+00:00
[2021-06-06 06:40:46,380] {scheduler_job.py:190} INFO - Processing /media/PythonProjects/66.Spotify_ETL/venv/lib/python3.8/site-packages/airflow/example_dags/example_branch_datetime_operator.py took 0.089 seconds
[2021-06-06 06:41:20,595] {scheduler_job.py:182} INFO - Started process (PID=3381) to work on /media/PythonProjects/66.Spotify_ETL/venv/lib/python3.8/site-packages/airflow/example_dags/example_branch_datetime_operator.py
[2021-06-06 06:41:20,596] {scheduler_job.py:633} INFO - Processing file /media/PythonProjects/66.Spotify_ETL/venv/lib/python3.8/site-packages/airflow/example_dags/example_branch_datetime_operator.py for tasks to queue
[2021-06-06 06:41:20,598] {logging_mixin.py:104} INFO - [2021-06-06 06:41:20,597] {dagbag.py:487} INFO - Filling up the DagBag from /media/PythonProjects/66.Spotify_ETL/venv/lib/python3.8/site-packages/airflow/example_dags/example_branch_datetime_operator.py
[2021-06-06 06:41:20,612] {scheduler_job.py:643} INFO - DAG(s) dict_keys(['example_branch_datetime_operator_2']) retrieved from /media/PythonProjects/66.Spotify_ETL/venv/lib/python3.8/site-packages/airflow/example_dags/example_branch_datetime_operator.py
[2021-06-06 06:41:20,624] {logging_mixin.py:104} INFO - [2021-06-06 06:41:20,624] {dag.py:1832} INFO - Sync 1 DAGs
[2021-06-06 06:41:20,636] {logging_mixin.py:104} INFO - [2021-06-06 06:41:20,636] {dag.py:2305} INFO - Setting next_dagrun for example_branch_datetime_operator_2 to 2021-06-04 00:00:00+00:00
[2021-06-06 06:41:20,655] {scheduler_job.py:190} INFO - Processing /media/PythonProjects/66.Spotify_ETL/venv/lib/python3.8/site-packages/airflow/example_dags/example_branch_datetime_operator.py took 0.066 seconds
[2021-06-06 06:41:56,821] {scheduler_job.py:182} INFO - Started process (PID=3446) to work on /media/PythonProjects/66.Spotify_ETL/venv/lib/python3.8/site-packages/airflow/example_dags/example_branch_datetime_operator.py
[2021-06-06 06:41:56,823] {scheduler_job.py:633} INFO - Processing file /media/PythonProjects/66.Spotify_ETL/venv/lib/python3.8/site-packages/airflow/example_dags/example_branch_datetime_operator.py for tasks to queue
[2021-06-06 06:41:56,824] {logging_mixin.py:104} INFO - [2021-06-06 06:41:56,823] {dagbag.py:487} INFO - Filling up the DagBag from /media/PythonProjects/66.Spotify_ETL/venv/lib/python3.8/site-packages/airflow/example_dags/example_branch_datetime_operator.py
[2021-06-06 06:41:56,836] {scheduler_job.py:643} INFO - DAG(s) dict_keys(['example_branch_datetime_operator_2']) retrieved from /media/PythonProjects/66.Spotify_ETL/venv/lib/python3.8/site-packages/airflow/example_dags/example_branch_datetime_operator.py
[2021-06-06 06:41:56,851] {logging_mixin.py:104} INFO - [2021-06-06 06:41:56,850] {dag.py:1832} INFO - Sync 1 DAGs
[2021-06-06 06:41:56,863] {logging_mixin.py:104} INFO - [2021-06-06 06:41:56,863] {dag.py:2305} INFO - Setting next_dagrun for example_branch_datetime_operator_2 to 2021-06-04 00:00:00+00:00
[2021-06-06 06:41:56,882] {scheduler_job.py:190} INFO - Processing /media/PythonProjects/66.Spotify_ETL/venv/lib/python3.8/site-packages/airflow/example_dags/example_branch_datetime_operator.py took 0.066 seconds
[2021-06-06 06:42:30,292] {scheduler_job.py:182} INFO - Started process (PID=3504) to work on /media/PythonProjects/66.Spotify_ETL/venv/lib/python3.8/site-packages/airflow/example_dags/example_branch_datetime_operator.py
[2021-06-06 06:42:30,294] {scheduler_job.py:633} INFO - Processing file /media/PythonProjects/66.Spotify_ETL/venv/lib/python3.8/site-packages/airflow/example_dags/example_branch_datetime_operator.py for tasks to queue
[2021-06-06 06:42:30,296] {logging_mixin.py:104} INFO - [2021-06-06 06:42:30,295] {dagbag.py:487} INFO - Filling up the DagBag from /media/PythonProjects/66.Spotify_ETL/venv/lib/python3.8/site-packages/airflow/example_dags/example_branch_datetime_operator.py
[2021-06-06 06:42:30,310] {scheduler_job.py:643} INFO - DAG(s) dict_keys(['example_branch_datetime_operator_2']) retrieved from /media/PythonProjects/66.Spotify_ETL/venv/lib/python3.8/site-packages/airflow/example_dags/example_branch_datetime_operator.py
[2021-06-06 06:42:30,326] {logging_mixin.py:104} INFO - [2021-06-06 06:42:30,326] {dag.py:1832} INFO - Sync 1 DAGs
[2021-06-06 06:42:30,338] {logging_mixin.py:104} INFO - [2021-06-06 06:42:30,338] {dag.py:2305} INFO - Setting next_dagrun for example_branch_datetime_operator_2 to 2021-06-04 00:00:00+00:00
[2021-06-06 06:42:30,358] {scheduler_job.py:190} INFO - Processing /media/PythonProjects/66.Spotify_ETL/venv/lib/python3.8/site-packages/airflow/example_dags/example_branch_datetime_operator.py took 0.072 seconds
[2021-06-06 06:43:05,338] {scheduler_job.py:182} INFO - Started process (PID=3567) to work on /media/PythonProjects/66.Spotify_ETL/venv/lib/python3.8/site-packages/airflow/example_dags/example_branch_datetime_operator.py
[2021-06-06 06:43:05,340] {scheduler_job.py:633} INFO - Processing file /media/PythonProjects/66.Spotify_ETL/venv/lib/python3.8/site-packages/airflow/example_dags/example_branch_datetime_operator.py for tasks to queue
[2021-06-06 06:43:05,341] {logging_mixin.py:104} INFO - [2021-06-06 06:43:05,341] {dagbag.py:487} INFO - Filling up the DagBag from /media/PythonProjects/66.Spotify_ETL/venv/lib/python3.8/site-packages/airflow/example_dags/example_branch_datetime_operator.py
[2021-06-06 06:43:05,354] {scheduler_job.py:643} INFO - DAG(s) dict_keys(['example_branch_datetime_operator_2']) retrieved from /media/PythonProjects/66.Spotify_ETL/venv/lib/python3.8/site-packages/airflow/example_dags/example_branch_datetime_operator.py
[2021-06-06 06:43:05,367] {logging_mixin.py:104} INFO - [2021-06-06 06:43:05,366] {dag.py:1832} INFO - Sync 1 DAGs
[2021-06-06 06:43:05,379] {logging_mixin.py:104} INFO - [2021-06-06 06:43:05,379] {dag.py:2305} INFO - Setting next_dagrun for example_branch_datetime_operator_2 to 2021-06-04 00:00:00+00:00
[2021-06-06 06:43:05,403] {scheduler_job.py:190} INFO - Processing /media/PythonProjects/66.Spotify_ETL/venv/lib/python3.8/site-packages/airflow/example_dags/example_branch_datetime_operator.py took 0.071 seconds
[2021-06-06 06:43:38,730] {scheduler_job.py:182} INFO - Started process (PID=3627) to work on /media/PythonProjects/66.Spotify_ETL/venv/lib/python3.8/site-packages/airflow/example_dags/example_branch_datetime_operator.py
[2021-06-06 06:43:38,732] {scheduler_job.py:633} INFO - Processing file /media/PythonProjects/66.Spotify_ETL/venv/lib/python3.8/site-packages/airflow/example_dags/example_branch_datetime_operator.py for tasks to queue
[2021-06-06 06:43:38,733] {logging_mixin.py:104} INFO - [2021-06-06 06:43:38,733] {dagbag.py:487} INFO - Filling up the DagBag from /media/PythonProjects/66.Spotify_ETL/venv/lib/python3.8/site-packages/airflow/example_dags/example_branch_datetime_operator.py
[2021-06-06 06:43:38,749] {scheduler_job.py:643} INFO - DAG(s) dict_keys(['example_branch_datetime_operator_2']) retrieved from /media/PythonProjects/66.Spotify_ETL/venv/lib/python3.8/site-packages/airflow/example_dags/example_branch_datetime_operator.py
[2021-06-06 06:43:38,761] {logging_mixin.py:104} INFO - [2021-06-06 06:43:38,761] {dag.py:1832} INFO - Sync 1 DAGs
[2021-06-06 06:43:38,774] {logging_mixin.py:104} INFO - [2021-06-06 06:43:38,774] {dag.py:2305} INFO - Setting next_dagrun for example_branch_datetime_operator_2 to 2021-06-04 00:00:00+00:00
[2021-06-06 06:43:38,792] {scheduler_job.py:190} INFO - Processing /media/PythonProjects/66.Spotify_ETL/venv/lib/python3.8/site-packages/airflow/example_dags/example_branch_datetime_operator.py took 0.067 seconds
[2021-06-06 06:44:13,855] {scheduler_job.py:182} INFO - Started process (PID=3689) to work on /media/PythonProjects/66.Spotify_ETL/venv/lib/python3.8/site-packages/airflow/example_dags/example_branch_datetime_operator.py
[2021-06-06 06:44:13,858] {scheduler_job.py:633} INFO - Processing file /media/PythonProjects/66.Spotify_ETL/venv/lib/python3.8/site-packages/airflow/example_dags/example_branch_datetime_operator.py for tasks to queue
[2021-06-06 06:44:13,859] {logging_mixin.py:104} INFO - [2021-06-06 06:44:13,859] {dagbag.py:487} INFO - Filling up the DagBag from /media/PythonProjects/66.Spotify_ETL/venv/lib/python3.8/site-packages/airflow/example_dags/example_branch_datetime_operator.py
[2021-06-06 06:44:13,872] {scheduler_job.py:643} INFO - DAG(s) dict_keys(['example_branch_datetime_operator_2']) retrieved from /media/PythonProjects/66.Spotify_ETL/venv/lib/python3.8/site-packages/airflow/example_dags/example_branch_datetime_operator.py
[2021-06-06 06:44:13,885] {logging_mixin.py:104} INFO - [2021-06-06 06:44:13,884] {dag.py:1832} INFO - Sync 1 DAGs
[2021-06-06 06:44:13,897] {logging_mixin.py:104} INFO - [2021-06-06 06:44:13,896] {dag.py:2305} INFO - Setting next_dagrun for example_branch_datetime_operator_2 to 2021-06-04 00:00:00+00:00
[2021-06-06 06:44:13,918] {scheduler_job.py:190} INFO - Processing /media/PythonProjects/66.Spotify_ETL/venv/lib/python3.8/site-packages/airflow/example_dags/example_branch_datetime_operator.py took 0.068 seconds
[2021-06-06 06:44:55,472] {scheduler_job.py:182} INFO - Started process (PID=3757) to work on /media/PythonProjects/66.Spotify_ETL/venv/lib/python3.8/site-packages/airflow/example_dags/example_branch_datetime_operator.py
[2021-06-06 06:44:55,474] {scheduler_job.py:633} INFO - Processing file /media/PythonProjects/66.Spotify_ETL/venv/lib/python3.8/site-packages/airflow/example_dags/example_branch_datetime_operator.py for tasks to queue
[2021-06-06 06:44:55,475] {logging_mixin.py:104} INFO - [2021-06-06 06:44:55,475] {dagbag.py:487} INFO - Filling up the DagBag from /media/PythonProjects/66.Spotify_ETL/venv/lib/python3.8/site-packages/airflow/example_dags/example_branch_datetime_operator.py
[2021-06-06 06:44:55,488] {scheduler_job.py:643} INFO - DAG(s) dict_keys(['example_branch_datetime_operator_2']) retrieved from /media/PythonProjects/66.Spotify_ETL/venv/lib/python3.8/site-packages/airflow/example_dags/example_branch_datetime_operator.py
[2021-06-06 06:44:55,501] {logging_mixin.py:104} INFO - [2021-06-06 06:44:55,501] {dag.py:1832} INFO - Sync 1 DAGs
[2021-06-06 06:44:55,513] {logging_mixin.py:104} INFO - [2021-06-06 06:44:55,513] {dag.py:2305} INFO - Setting next_dagrun for example_branch_datetime_operator_2 to 2021-06-04 00:00:00+00:00
[2021-06-06 06:44:55,532] {scheduler_job.py:190} INFO - Processing /media/PythonProjects/66.Spotify_ETL/venv/lib/python3.8/site-packages/airflow/example_dags/example_branch_datetime_operator.py took 0.066 seconds
[2021-06-06 06:45:30,474] {scheduler_job.py:182} INFO - Started process (PID=3930) to work on /media/PythonProjects/66.Spotify_ETL/venv/lib/python3.8/site-packages/airflow/example_dags/example_branch_datetime_operator.py
[2021-06-06 06:45:30,476] {scheduler_job.py:633} INFO - Processing file /media/PythonProjects/66.Spotify_ETL/venv/lib/python3.8/site-packages/airflow/example_dags/example_branch_datetime_operator.py for tasks to queue
[2021-06-06 06:45:30,477] {logging_mixin.py:104} INFO - [2021-06-06 06:45:30,477] {dagbag.py:487} INFO - Filling up the DagBag from /media/PythonProjects/66.Spotify_ETL/venv/lib/python3.8/site-packages/airflow/example_dags/example_branch_datetime_operator.py
[2021-06-06 06:45:30,492] {scheduler_job.py:643} INFO - DAG(s) dict_keys(['example_branch_datetime_operator_2']) retrieved from /media/PythonProjects/66.Spotify_ETL/venv/lib/python3.8/site-packages/airflow/example_dags/example_branch_datetime_operator.py
[2021-06-06 06:45:30,505] {logging_mixin.py:104} INFO - [2021-06-06 06:45:30,505] {dag.py:1832} INFO - Sync 1 DAGs
[2021-06-06 06:45:30,517] {logging_mixin.py:104} INFO - [2021-06-06 06:45:30,517] {dag.py:2305} INFO - Setting next_dagrun for example_branch_datetime_operator_2 to 2021-06-04 00:00:00+00:00
[2021-06-06 06:45:30,535] {scheduler_job.py:190} INFO - Processing /media/PythonProjects/66.Spotify_ETL/venv/lib/python3.8/site-packages/airflow/example_dags/example_branch_datetime_operator.py took 0.064 seconds
[2021-06-06 06:46:06,298] {scheduler_job.py:182} INFO - Started process (PID=4240) to work on /media/PythonProjects/66.Spotify_ETL/venv/lib/python3.8/site-packages/airflow/example_dags/example_branch_datetime_operator.py
[2021-06-06 06:46:06,301] {scheduler_job.py:633} INFO - Processing file /media/PythonProjects/66.Spotify_ETL/venv/lib/python3.8/site-packages/airflow/example_dags/example_branch_datetime_operator.py for tasks to queue
[2021-06-06 06:46:06,302] {logging_mixin.py:104} INFO - [2021-06-06 06:46:06,302] {dagbag.py:487} INFO - Filling up the DagBag from /media/PythonProjects/66.Spotify_ETL/venv/lib/python3.8/site-packages/airflow/example_dags/example_branch_datetime_operator.py
[2021-06-06 06:46:06,323] {scheduler_job.py:643} INFO - DAG(s) dict_keys(['example_branch_datetime_operator_2']) retrieved from /media/PythonProjects/66.Spotify_ETL/venv/lib/python3.8/site-packages/airflow/example_dags/example_branch_datetime_operator.py
[2021-06-06 06:46:06,344] {logging_mixin.py:104} INFO - [2021-06-06 06:46:06,344] {dag.py:1832} INFO - Sync 1 DAGs
[2021-06-06 06:46:06,371] {logging_mixin.py:104} INFO - [2021-06-06 06:46:06,371] {dag.py:2305} INFO - Setting next_dagrun for example_branch_datetime_operator_2 to 2021-06-04 00:00:00+00:00
[2021-06-06 06:46:06,393] {scheduler_job.py:190} INFO - Processing /media/PythonProjects/66.Spotify_ETL/venv/lib/python3.8/site-packages/airflow/example_dags/example_branch_datetime_operator.py took 0.100 seconds
