[2021-06-06 06:32:15,040] {scheduler_job.py:182} INFO - Started process (PID=2403) to work on /media/PythonProjects/66.Spotify_ETL/venv/lib/python3.8/site-packages/airflow/example_dags/example_nested_branch_dag.py
[2021-06-06 06:32:15,043] {scheduler_job.py:633} INFO - Processing file /media/PythonProjects/66.Spotify_ETL/venv/lib/python3.8/site-packages/airflow/example_dags/example_nested_branch_dag.py for tasks to queue
[2021-06-06 06:32:15,044] {logging_mixin.py:104} INFO - [2021-06-06 06:32:15,043] {dagbag.py:487} INFO - Filling up the DagBag from /media/PythonProjects/66.Spotify_ETL/venv/lib/python3.8/site-packages/airflow/example_dags/example_nested_branch_dag.py
[2021-06-06 06:32:15,059] {scheduler_job.py:643} INFO - DAG(s) dict_keys(['example_nested_branch_dag']) retrieved from /media/PythonProjects/66.Spotify_ETL/venv/lib/python3.8/site-packages/airflow/example_dags/example_nested_branch_dag.py
[2021-06-06 06:32:15,075] {logging_mixin.py:104} INFO - [2021-06-06 06:32:15,075] {dag.py:1832} INFO - Sync 1 DAGs
[2021-06-06 06:32:15,089] {logging_mixin.py:104} INFO - [2021-06-06 06:32:15,089] {dag.py:2305} INFO - Setting next_dagrun for example_nested_branch_dag to 2021-06-04 00:00:00+00:00
[2021-06-06 06:32:15,129] {scheduler_job.py:190} INFO - Processing /media/PythonProjects/66.Spotify_ETL/venv/lib/python3.8/site-packages/airflow/example_dags/example_nested_branch_dag.py took 0.094 seconds
[2021-06-06 06:32:52,002] {scheduler_job.py:182} INFO - Started process (PID=2489) to work on /media/PythonProjects/66.Spotify_ETL/venv/lib/python3.8/site-packages/airflow/example_dags/example_nested_branch_dag.py
[2021-06-06 06:32:52,006] {scheduler_job.py:633} INFO - Processing file /media/PythonProjects/66.Spotify_ETL/venv/lib/python3.8/site-packages/airflow/example_dags/example_nested_branch_dag.py for tasks to queue
[2021-06-06 06:32:52,009] {logging_mixin.py:104} INFO - [2021-06-06 06:32:52,009] {dagbag.py:487} INFO - Filling up the DagBag from /media/PythonProjects/66.Spotify_ETL/venv/lib/python3.8/site-packages/airflow/example_dags/example_nested_branch_dag.py
[2021-06-06 06:32:52,034] {scheduler_job.py:643} INFO - DAG(s) dict_keys(['example_nested_branch_dag']) retrieved from /media/PythonProjects/66.Spotify_ETL/venv/lib/python3.8/site-packages/airflow/example_dags/example_nested_branch_dag.py
[2021-06-06 06:32:52,059] {logging_mixin.py:104} INFO - [2021-06-06 06:32:52,058] {dag.py:1832} INFO - Sync 1 DAGs
[2021-06-06 06:32:52,090] {logging_mixin.py:104} INFO - [2021-06-06 06:32:52,090] {dag.py:2305} INFO - Setting next_dagrun for example_nested_branch_dag to 2021-06-04 00:00:00+00:00
[2021-06-06 06:32:52,125] {scheduler_job.py:190} INFO - Processing /media/PythonProjects/66.Spotify_ETL/venv/lib/python3.8/site-packages/airflow/example_dags/example_nested_branch_dag.py took 0.130 seconds
[2021-06-06 06:33:26,264] {scheduler_job.py:182} INFO - Started process (PID=2546) to work on /media/PythonProjects/66.Spotify_ETL/venv/lib/python3.8/site-packages/airflow/example_dags/example_nested_branch_dag.py
[2021-06-06 06:33:26,265] {scheduler_job.py:633} INFO - Processing file /media/PythonProjects/66.Spotify_ETL/venv/lib/python3.8/site-packages/airflow/example_dags/example_nested_branch_dag.py for tasks to queue
[2021-06-06 06:33:26,266] {logging_mixin.py:104} INFO - [2021-06-06 06:33:26,266] {dagbag.py:487} INFO - Filling up the DagBag from /media/PythonProjects/66.Spotify_ETL/venv/lib/python3.8/site-packages/airflow/example_dags/example_nested_branch_dag.py
[2021-06-06 06:33:26,284] {scheduler_job.py:643} INFO - DAG(s) dict_keys(['example_nested_branch_dag']) retrieved from /media/PythonProjects/66.Spotify_ETL/venv/lib/python3.8/site-packages/airflow/example_dags/example_nested_branch_dag.py
[2021-06-06 06:33:26,297] {logging_mixin.py:104} INFO - [2021-06-06 06:33:26,297] {dag.py:1832} INFO - Sync 1 DAGs
[2021-06-06 06:33:26,311] {logging_mixin.py:104} INFO - [2021-06-06 06:33:26,310] {dag.py:2305} INFO - Setting next_dagrun for example_nested_branch_dag to 2021-06-04 00:00:00+00:00
[2021-06-06 06:33:26,332] {scheduler_job.py:190} INFO - Processing /media/PythonProjects/66.Spotify_ETL/venv/lib/python3.8/site-packages/airflow/example_dags/example_nested_branch_dag.py took 0.074 seconds
[2021-06-06 06:34:03,085] {scheduler_job.py:182} INFO - Started process (PID=2608) to work on /media/PythonProjects/66.Spotify_ETL/venv/lib/python3.8/site-packages/airflow/example_dags/example_nested_branch_dag.py
[2021-06-06 06:34:03,093] {scheduler_job.py:633} INFO - Processing file /media/PythonProjects/66.Spotify_ETL/venv/lib/python3.8/site-packages/airflow/example_dags/example_nested_branch_dag.py for tasks to queue
[2021-06-06 06:34:03,094] {logging_mixin.py:104} INFO - [2021-06-06 06:34:03,094] {dagbag.py:487} INFO - Filling up the DagBag from /media/PythonProjects/66.Spotify_ETL/venv/lib/python3.8/site-packages/airflow/example_dags/example_nested_branch_dag.py
[2021-06-06 06:34:03,132] {scheduler_job.py:643} INFO - DAG(s) dict_keys(['example_nested_branch_dag']) retrieved from /media/PythonProjects/66.Spotify_ETL/venv/lib/python3.8/site-packages/airflow/example_dags/example_nested_branch_dag.py
[2021-06-06 06:34:03,163] {logging_mixin.py:104} INFO - [2021-06-06 06:34:03,162] {dag.py:1832} INFO - Sync 1 DAGs
[2021-06-06 06:34:03,186] {logging_mixin.py:104} INFO - [2021-06-06 06:34:03,186] {dag.py:2305} INFO - Setting next_dagrun for example_nested_branch_dag to 2021-06-04 00:00:00+00:00
[2021-06-06 06:34:03,225] {scheduler_job.py:190} INFO - Processing /media/PythonProjects/66.Spotify_ETL/venv/lib/python3.8/site-packages/airflow/example_dags/example_nested_branch_dag.py took 0.147 seconds
[2021-06-06 06:34:37,098] {scheduler_job.py:182} INFO - Started process (PID=2667) to work on /media/PythonProjects/66.Spotify_ETL/venv/lib/python3.8/site-packages/airflow/example_dags/example_nested_branch_dag.py
[2021-06-06 06:34:37,100] {scheduler_job.py:633} INFO - Processing file /media/PythonProjects/66.Spotify_ETL/venv/lib/python3.8/site-packages/airflow/example_dags/example_nested_branch_dag.py for tasks to queue
[2021-06-06 06:34:37,100] {logging_mixin.py:104} INFO - [2021-06-06 06:34:37,100] {dagbag.py:487} INFO - Filling up the DagBag from /media/PythonProjects/66.Spotify_ETL/venv/lib/python3.8/site-packages/airflow/example_dags/example_nested_branch_dag.py
[2021-06-06 06:34:37,113] {scheduler_job.py:643} INFO - DAG(s) dict_keys(['example_nested_branch_dag']) retrieved from /media/PythonProjects/66.Spotify_ETL/venv/lib/python3.8/site-packages/airflow/example_dags/example_nested_branch_dag.py
[2021-06-06 06:34:37,126] {logging_mixin.py:104} INFO - [2021-06-06 06:34:37,126] {dag.py:1832} INFO - Sync 1 DAGs
[2021-06-06 06:34:37,139] {logging_mixin.py:104} INFO - [2021-06-06 06:34:37,139] {dag.py:2305} INFO - Setting next_dagrun for example_nested_branch_dag to 2021-06-04 00:00:00+00:00
[2021-06-06 06:34:37,159] {scheduler_job.py:190} INFO - Processing /media/PythonProjects/66.Spotify_ETL/venv/lib/python3.8/site-packages/airflow/example_dags/example_nested_branch_dag.py took 0.063 seconds
[2021-06-06 06:35:09,330] {scheduler_job.py:182} INFO - Started process (PID=2727) to work on /media/PythonProjects/66.Spotify_ETL/venv/lib/python3.8/site-packages/airflow/example_dags/example_nested_branch_dag.py
[2021-06-06 06:35:09,331] {scheduler_job.py:633} INFO - Processing file /media/PythonProjects/66.Spotify_ETL/venv/lib/python3.8/site-packages/airflow/example_dags/example_nested_branch_dag.py for tasks to queue
[2021-06-06 06:35:09,332] {logging_mixin.py:104} INFO - [2021-06-06 06:35:09,332] {dagbag.py:487} INFO - Filling up the DagBag from /media/PythonProjects/66.Spotify_ETL/venv/lib/python3.8/site-packages/airflow/example_dags/example_nested_branch_dag.py
[2021-06-06 06:35:09,344] {scheduler_job.py:643} INFO - DAG(s) dict_keys(['example_nested_branch_dag']) retrieved from /media/PythonProjects/66.Spotify_ETL/venv/lib/python3.8/site-packages/airflow/example_dags/example_nested_branch_dag.py
[2021-06-06 06:35:09,356] {logging_mixin.py:104} INFO - [2021-06-06 06:35:09,356] {dag.py:1832} INFO - Sync 1 DAGs
[2021-06-06 06:35:09,367] {logging_mixin.py:104} INFO - [2021-06-06 06:35:09,367] {dag.py:2305} INFO - Setting next_dagrun for example_nested_branch_dag to 2021-06-04 00:00:00+00:00
[2021-06-06 06:35:09,389] {scheduler_job.py:190} INFO - Processing /media/PythonProjects/66.Spotify_ETL/venv/lib/python3.8/site-packages/airflow/example_dags/example_nested_branch_dag.py took 0.061 seconds
[2021-06-06 06:35:42,181] {scheduler_job.py:182} INFO - Started process (PID=2788) to work on /media/PythonProjects/66.Spotify_ETL/venv/lib/python3.8/site-packages/airflow/example_dags/example_nested_branch_dag.py
[2021-06-06 06:35:42,183] {scheduler_job.py:633} INFO - Processing file /media/PythonProjects/66.Spotify_ETL/venv/lib/python3.8/site-packages/airflow/example_dags/example_nested_branch_dag.py for tasks to queue
[2021-06-06 06:35:42,184] {logging_mixin.py:104} INFO - [2021-06-06 06:35:42,184] {dagbag.py:487} INFO - Filling up the DagBag from /media/PythonProjects/66.Spotify_ETL/venv/lib/python3.8/site-packages/airflow/example_dags/example_nested_branch_dag.py
[2021-06-06 06:35:42,199] {scheduler_job.py:643} INFO - DAG(s) dict_keys(['example_nested_branch_dag']) retrieved from /media/PythonProjects/66.Spotify_ETL/venv/lib/python3.8/site-packages/airflow/example_dags/example_nested_branch_dag.py
[2021-06-06 06:35:42,213] {logging_mixin.py:104} INFO - [2021-06-06 06:35:42,213] {dag.py:1832} INFO - Sync 1 DAGs
[2021-06-06 06:35:42,226] {logging_mixin.py:104} INFO - [2021-06-06 06:35:42,226] {dag.py:2305} INFO - Setting next_dagrun for example_nested_branch_dag to 2021-06-04 00:00:00+00:00
[2021-06-06 06:35:42,246] {scheduler_job.py:190} INFO - Processing /media/PythonProjects/66.Spotify_ETL/venv/lib/python3.8/site-packages/airflow/example_dags/example_nested_branch_dag.py took 0.074 seconds
[2021-06-06 06:36:17,518] {scheduler_job.py:182} INFO - Started process (PID=2853) to work on /media/PythonProjects/66.Spotify_ETL/venv/lib/python3.8/site-packages/airflow/example_dags/example_nested_branch_dag.py
[2021-06-06 06:36:17,520] {scheduler_job.py:633} INFO - Processing file /media/PythonProjects/66.Spotify_ETL/venv/lib/python3.8/site-packages/airflow/example_dags/example_nested_branch_dag.py for tasks to queue
[2021-06-06 06:36:17,522] {logging_mixin.py:104} INFO - [2021-06-06 06:36:17,522] {dagbag.py:487} INFO - Filling up the DagBag from /media/PythonProjects/66.Spotify_ETL/venv/lib/python3.8/site-packages/airflow/example_dags/example_nested_branch_dag.py
[2021-06-06 06:36:17,534] {scheduler_job.py:643} INFO - DAG(s) dict_keys(['example_nested_branch_dag']) retrieved from /media/PythonProjects/66.Spotify_ETL/venv/lib/python3.8/site-packages/airflow/example_dags/example_nested_branch_dag.py
[2021-06-06 06:36:17,548] {logging_mixin.py:104} INFO - [2021-06-06 06:36:17,548] {dag.py:1832} INFO - Sync 1 DAGs
[2021-06-06 06:36:17,561] {logging_mixin.py:104} INFO - [2021-06-06 06:36:17,561] {dag.py:2305} INFO - Setting next_dagrun for example_nested_branch_dag to 2021-06-04 00:00:00+00:00
[2021-06-06 06:36:17,582] {scheduler_job.py:190} INFO - Processing /media/PythonProjects/66.Spotify_ETL/venv/lib/python3.8/site-packages/airflow/example_dags/example_nested_branch_dag.py took 0.067 seconds
[2021-06-06 06:36:50,091] {scheduler_job.py:182} INFO - Started process (PID=2911) to work on /media/PythonProjects/66.Spotify_ETL/venv/lib/python3.8/site-packages/airflow/example_dags/example_nested_branch_dag.py
[2021-06-06 06:36:50,093] {scheduler_job.py:633} INFO - Processing file /media/PythonProjects/66.Spotify_ETL/venv/lib/python3.8/site-packages/airflow/example_dags/example_nested_branch_dag.py for tasks to queue
[2021-06-06 06:36:50,094] {logging_mixin.py:104} INFO - [2021-06-06 06:36:50,094] {dagbag.py:487} INFO - Filling up the DagBag from /media/PythonProjects/66.Spotify_ETL/venv/lib/python3.8/site-packages/airflow/example_dags/example_nested_branch_dag.py
[2021-06-06 06:36:50,109] {scheduler_job.py:643} INFO - DAG(s) dict_keys(['example_nested_branch_dag']) retrieved from /media/PythonProjects/66.Spotify_ETL/venv/lib/python3.8/site-packages/airflow/example_dags/example_nested_branch_dag.py
[2021-06-06 06:36:50,121] {logging_mixin.py:104} INFO - [2021-06-06 06:36:50,121] {dag.py:1832} INFO - Sync 1 DAGs
[2021-06-06 06:36:50,133] {logging_mixin.py:104} INFO - [2021-06-06 06:36:50,133] {dag.py:2305} INFO - Setting next_dagrun for example_nested_branch_dag to 2021-06-04 00:00:00+00:00
[2021-06-06 06:36:50,151] {scheduler_job.py:190} INFO - Processing /media/PythonProjects/66.Spotify_ETL/venv/lib/python3.8/site-packages/airflow/example_dags/example_nested_branch_dag.py took 0.066 seconds
[2021-06-06 06:37:22,512] {scheduler_job.py:182} INFO - Started process (PID=2970) to work on /media/PythonProjects/66.Spotify_ETL/venv/lib/python3.8/site-packages/airflow/example_dags/example_nested_branch_dag.py
[2021-06-06 06:37:22,514] {scheduler_job.py:633} INFO - Processing file /media/PythonProjects/66.Spotify_ETL/venv/lib/python3.8/site-packages/airflow/example_dags/example_nested_branch_dag.py for tasks to queue
[2021-06-06 06:37:22,514] {logging_mixin.py:104} INFO - [2021-06-06 06:37:22,514] {dagbag.py:487} INFO - Filling up the DagBag from /media/PythonProjects/66.Spotify_ETL/venv/lib/python3.8/site-packages/airflow/example_dags/example_nested_branch_dag.py
[2021-06-06 06:37:22,532] {scheduler_job.py:643} INFO - DAG(s) dict_keys(['example_nested_branch_dag']) retrieved from /media/PythonProjects/66.Spotify_ETL/venv/lib/python3.8/site-packages/airflow/example_dags/example_nested_branch_dag.py
[2021-06-06 06:37:22,548] {logging_mixin.py:104} INFO - [2021-06-06 06:37:22,548] {dag.py:1832} INFO - Sync 1 DAGs
[2021-06-06 06:37:22,567] {logging_mixin.py:104} INFO - [2021-06-06 06:37:22,567] {dag.py:2305} INFO - Setting next_dagrun for example_nested_branch_dag to 2021-06-04 00:00:00+00:00
[2021-06-06 06:37:22,592] {scheduler_job.py:190} INFO - Processing /media/PythonProjects/66.Spotify_ETL/venv/lib/python3.8/site-packages/airflow/example_dags/example_nested_branch_dag.py took 0.083 seconds
[2021-06-06 06:37:55,555] {scheduler_job.py:182} INFO - Started process (PID=3028) to work on /media/PythonProjects/66.Spotify_ETL/venv/lib/python3.8/site-packages/airflow/example_dags/example_nested_branch_dag.py
[2021-06-06 06:37:55,557] {scheduler_job.py:633} INFO - Processing file /media/PythonProjects/66.Spotify_ETL/venv/lib/python3.8/site-packages/airflow/example_dags/example_nested_branch_dag.py for tasks to queue
[2021-06-06 06:37:55,558] {logging_mixin.py:104} INFO - [2021-06-06 06:37:55,557] {dagbag.py:487} INFO - Filling up the DagBag from /media/PythonProjects/66.Spotify_ETL/venv/lib/python3.8/site-packages/airflow/example_dags/example_nested_branch_dag.py
[2021-06-06 06:37:55,572] {scheduler_job.py:643} INFO - DAG(s) dict_keys(['example_nested_branch_dag']) retrieved from /media/PythonProjects/66.Spotify_ETL/venv/lib/python3.8/site-packages/airflow/example_dags/example_nested_branch_dag.py
[2021-06-06 06:37:55,585] {logging_mixin.py:104} INFO - [2021-06-06 06:37:55,585] {dag.py:1832} INFO - Sync 1 DAGs
[2021-06-06 06:37:55,598] {logging_mixin.py:104} INFO - [2021-06-06 06:37:55,598] {dag.py:2305} INFO - Setting next_dagrun for example_nested_branch_dag to 2021-06-04 00:00:00+00:00
[2021-06-06 06:37:55,617] {scheduler_job.py:190} INFO - Processing /media/PythonProjects/66.Spotify_ETL/venv/lib/python3.8/site-packages/airflow/example_dags/example_nested_branch_dag.py took 0.067 seconds
[2021-06-06 06:38:29,467] {scheduler_job.py:182} INFO - Started process (PID=3087) to work on /media/PythonProjects/66.Spotify_ETL/venv/lib/python3.8/site-packages/airflow/example_dags/example_nested_branch_dag.py
[2021-06-06 06:38:29,469] {scheduler_job.py:633} INFO - Processing file /media/PythonProjects/66.Spotify_ETL/venv/lib/python3.8/site-packages/airflow/example_dags/example_nested_branch_dag.py for tasks to queue
[2021-06-06 06:38:29,470] {logging_mixin.py:104} INFO - [2021-06-06 06:38:29,470] {dagbag.py:487} INFO - Filling up the DagBag from /media/PythonProjects/66.Spotify_ETL/venv/lib/python3.8/site-packages/airflow/example_dags/example_nested_branch_dag.py
[2021-06-06 06:38:29,485] {scheduler_job.py:643} INFO - DAG(s) dict_keys(['example_nested_branch_dag']) retrieved from /media/PythonProjects/66.Spotify_ETL/venv/lib/python3.8/site-packages/airflow/example_dags/example_nested_branch_dag.py
[2021-06-06 06:38:29,497] {logging_mixin.py:104} INFO - [2021-06-06 06:38:29,497] {dag.py:1832} INFO - Sync 1 DAGs
[2021-06-06 06:38:29,510] {logging_mixin.py:104} INFO - [2021-06-06 06:38:29,510] {dag.py:2305} INFO - Setting next_dagrun for example_nested_branch_dag to 2021-06-04 00:00:00+00:00
[2021-06-06 06:38:29,527] {scheduler_job.py:190} INFO - Processing /media/PythonProjects/66.Spotify_ETL/venv/lib/python3.8/site-packages/airflow/example_dags/example_nested_branch_dag.py took 0.066 seconds
[2021-06-06 06:39:03,386] {scheduler_job.py:182} INFO - Started process (PID=3145) to work on /media/PythonProjects/66.Spotify_ETL/venv/lib/python3.8/site-packages/airflow/example_dags/example_nested_branch_dag.py
[2021-06-06 06:39:03,389] {scheduler_job.py:633} INFO - Processing file /media/PythonProjects/66.Spotify_ETL/venv/lib/python3.8/site-packages/airflow/example_dags/example_nested_branch_dag.py for tasks to queue
[2021-06-06 06:39:03,391] {logging_mixin.py:104} INFO - [2021-06-06 06:39:03,390] {dagbag.py:487} INFO - Filling up the DagBag from /media/PythonProjects/66.Spotify_ETL/venv/lib/python3.8/site-packages/airflow/example_dags/example_nested_branch_dag.py
[2021-06-06 06:39:03,405] {scheduler_job.py:643} INFO - DAG(s) dict_keys(['example_nested_branch_dag']) retrieved from /media/PythonProjects/66.Spotify_ETL/venv/lib/python3.8/site-packages/airflow/example_dags/example_nested_branch_dag.py
[2021-06-06 06:39:03,429] {logging_mixin.py:104} INFO - [2021-06-06 06:39:03,429] {dag.py:1832} INFO - Sync 1 DAGs
[2021-06-06 06:39:03,454] {logging_mixin.py:104} INFO - [2021-06-06 06:39:03,454] {dag.py:2305} INFO - Setting next_dagrun for example_nested_branch_dag to 2021-06-04 00:00:00+00:00
[2021-06-06 06:39:03,476] {scheduler_job.py:190} INFO - Processing /media/PythonProjects/66.Spotify_ETL/venv/lib/python3.8/site-packages/airflow/example_dags/example_nested_branch_dag.py took 0.093 seconds
[2021-06-06 06:39:36,102] {scheduler_job.py:182} INFO - Started process (PID=3203) to work on /media/PythonProjects/66.Spotify_ETL/venv/lib/python3.8/site-packages/airflow/example_dags/example_nested_branch_dag.py
[2021-06-06 06:39:36,104] {scheduler_job.py:633} INFO - Processing file /media/PythonProjects/66.Spotify_ETL/venv/lib/python3.8/site-packages/airflow/example_dags/example_nested_branch_dag.py for tasks to queue
[2021-06-06 06:39:36,105] {logging_mixin.py:104} INFO - [2021-06-06 06:39:36,105] {dagbag.py:487} INFO - Filling up the DagBag from /media/PythonProjects/66.Spotify_ETL/venv/lib/python3.8/site-packages/airflow/example_dags/example_nested_branch_dag.py
[2021-06-06 06:39:36,117] {scheduler_job.py:643} INFO - DAG(s) dict_keys(['example_nested_branch_dag']) retrieved from /media/PythonProjects/66.Spotify_ETL/venv/lib/python3.8/site-packages/airflow/example_dags/example_nested_branch_dag.py
[2021-06-06 06:39:36,130] {logging_mixin.py:104} INFO - [2021-06-06 06:39:36,130] {dag.py:1832} INFO - Sync 1 DAGs
[2021-06-06 06:39:36,143] {logging_mixin.py:104} INFO - [2021-06-06 06:39:36,143] {dag.py:2305} INFO - Setting next_dagrun for example_nested_branch_dag to 2021-06-04 00:00:00+00:00
[2021-06-06 06:39:36,164] {scheduler_job.py:190} INFO - Processing /media/PythonProjects/66.Spotify_ETL/venv/lib/python3.8/site-packages/airflow/example_dags/example_nested_branch_dag.py took 0.064 seconds
[2021-06-06 06:40:10,994] {scheduler_job.py:182} INFO - Started process (PID=3260) to work on /media/PythonProjects/66.Spotify_ETL/venv/lib/python3.8/site-packages/airflow/example_dags/example_nested_branch_dag.py
[2021-06-06 06:40:11,000] {scheduler_job.py:633} INFO - Processing file /media/PythonProjects/66.Spotify_ETL/venv/lib/python3.8/site-packages/airflow/example_dags/example_nested_branch_dag.py for tasks to queue
[2021-06-06 06:40:11,001] {logging_mixin.py:104} INFO - [2021-06-06 06:40:11,001] {dagbag.py:487} INFO - Filling up the DagBag from /media/PythonProjects/66.Spotify_ETL/venv/lib/python3.8/site-packages/airflow/example_dags/example_nested_branch_dag.py
[2021-06-06 06:40:11,022] {scheduler_job.py:643} INFO - DAG(s) dict_keys(['example_nested_branch_dag']) retrieved from /media/PythonProjects/66.Spotify_ETL/venv/lib/python3.8/site-packages/airflow/example_dags/example_nested_branch_dag.py
[2021-06-06 06:40:11,046] {logging_mixin.py:104} INFO - [2021-06-06 06:40:11,046] {dag.py:1832} INFO - Sync 1 DAGs
[2021-06-06 06:40:11,082] {logging_mixin.py:104} INFO - [2021-06-06 06:40:11,082] {dag.py:2305} INFO - Setting next_dagrun for example_nested_branch_dag to 2021-06-04 00:00:00+00:00
[2021-06-06 06:40:11,118] {scheduler_job.py:190} INFO - Processing /media/PythonProjects/66.Spotify_ETL/venv/lib/python3.8/site-packages/airflow/example_dags/example_nested_branch_dag.py took 0.127 seconds
[2021-06-06 06:40:44,088] {scheduler_job.py:182} INFO - Started process (PID=3316) to work on /media/PythonProjects/66.Spotify_ETL/venv/lib/python3.8/site-packages/airflow/example_dags/example_nested_branch_dag.py
[2021-06-06 06:40:44,089] {scheduler_job.py:633} INFO - Processing file /media/PythonProjects/66.Spotify_ETL/venv/lib/python3.8/site-packages/airflow/example_dags/example_nested_branch_dag.py for tasks to queue
[2021-06-06 06:40:44,090] {logging_mixin.py:104} INFO - [2021-06-06 06:40:44,090] {dagbag.py:487} INFO - Filling up the DagBag from /media/PythonProjects/66.Spotify_ETL/venv/lib/python3.8/site-packages/airflow/example_dags/example_nested_branch_dag.py
[2021-06-06 06:40:44,108] {scheduler_job.py:643} INFO - DAG(s) dict_keys(['example_nested_branch_dag']) retrieved from /media/PythonProjects/66.Spotify_ETL/venv/lib/python3.8/site-packages/airflow/example_dags/example_nested_branch_dag.py
[2021-06-06 06:40:44,125] {logging_mixin.py:104} INFO - [2021-06-06 06:40:44,125] {dag.py:1832} INFO - Sync 1 DAGs
[2021-06-06 06:40:44,145] {logging_mixin.py:104} INFO - [2021-06-06 06:40:44,145] {dag.py:2305} INFO - Setting next_dagrun for example_nested_branch_dag to 2021-06-04 00:00:00+00:00
[2021-06-06 06:40:44,167] {scheduler_job.py:190} INFO - Processing /media/PythonProjects/66.Spotify_ETL/venv/lib/python3.8/site-packages/airflow/example_dags/example_nested_branch_dag.py took 0.088 seconds
[2021-06-06 06:41:17,002] {scheduler_job.py:182} INFO - Started process (PID=3375) to work on /media/PythonProjects/66.Spotify_ETL/venv/lib/python3.8/site-packages/airflow/example_dags/example_nested_branch_dag.py
[2021-06-06 06:41:17,004] {scheduler_job.py:633} INFO - Processing file /media/PythonProjects/66.Spotify_ETL/venv/lib/python3.8/site-packages/airflow/example_dags/example_nested_branch_dag.py for tasks to queue
[2021-06-06 06:41:17,005] {logging_mixin.py:104} INFO - [2021-06-06 06:41:17,005] {dagbag.py:487} INFO - Filling up the DagBag from /media/PythonProjects/66.Spotify_ETL/venv/lib/python3.8/site-packages/airflow/example_dags/example_nested_branch_dag.py
[2021-06-06 06:41:17,021] {scheduler_job.py:643} INFO - DAG(s) dict_keys(['example_nested_branch_dag']) retrieved from /media/PythonProjects/66.Spotify_ETL/venv/lib/python3.8/site-packages/airflow/example_dags/example_nested_branch_dag.py
[2021-06-06 06:41:17,042] {logging_mixin.py:104} INFO - [2021-06-06 06:41:17,042] {dag.py:1832} INFO - Sync 1 DAGs
[2021-06-06 06:41:17,057] {logging_mixin.py:104} INFO - [2021-06-06 06:41:17,057] {dag.py:2305} INFO - Setting next_dagrun for example_nested_branch_dag to 2021-06-04 00:00:00+00:00
[2021-06-06 06:41:17,080] {scheduler_job.py:190} INFO - Processing /media/PythonProjects/66.Spotify_ETL/venv/lib/python3.8/site-packages/airflow/example_dags/example_nested_branch_dag.py took 0.081 seconds
[2021-06-06 06:41:51,671] {scheduler_job.py:182} INFO - Started process (PID=3437) to work on /media/PythonProjects/66.Spotify_ETL/venv/lib/python3.8/site-packages/airflow/example_dags/example_nested_branch_dag.py
[2021-06-06 06:41:51,673] {scheduler_job.py:633} INFO - Processing file /media/PythonProjects/66.Spotify_ETL/venv/lib/python3.8/site-packages/airflow/example_dags/example_nested_branch_dag.py for tasks to queue
[2021-06-06 06:41:51,674] {logging_mixin.py:104} INFO - [2021-06-06 06:41:51,674] {dagbag.py:487} INFO - Filling up the DagBag from /media/PythonProjects/66.Spotify_ETL/venv/lib/python3.8/site-packages/airflow/example_dags/example_nested_branch_dag.py
[2021-06-06 06:41:51,689] {scheduler_job.py:643} INFO - DAG(s) dict_keys(['example_nested_branch_dag']) retrieved from /media/PythonProjects/66.Spotify_ETL/venv/lib/python3.8/site-packages/airflow/example_dags/example_nested_branch_dag.py
[2021-06-06 06:41:51,703] {logging_mixin.py:104} INFO - [2021-06-06 06:41:51,703] {dag.py:1832} INFO - Sync 1 DAGs
[2021-06-06 06:41:51,716] {logging_mixin.py:104} INFO - [2021-06-06 06:41:51,716] {dag.py:2305} INFO - Setting next_dagrun for example_nested_branch_dag to 2021-06-04 00:00:00+00:00
[2021-06-06 06:41:51,737] {scheduler_job.py:190} INFO - Processing /media/PythonProjects/66.Spotify_ETL/venv/lib/python3.8/site-packages/airflow/example_dags/example_nested_branch_dag.py took 0.071 seconds
[2021-06-06 06:42:25,141] {scheduler_job.py:182} INFO - Started process (PID=3495) to work on /media/PythonProjects/66.Spotify_ETL/venv/lib/python3.8/site-packages/airflow/example_dags/example_nested_branch_dag.py
[2021-06-06 06:42:25,142] {scheduler_job.py:633} INFO - Processing file /media/PythonProjects/66.Spotify_ETL/venv/lib/python3.8/site-packages/airflow/example_dags/example_nested_branch_dag.py for tasks to queue
[2021-06-06 06:42:25,143] {logging_mixin.py:104} INFO - [2021-06-06 06:42:25,143] {dagbag.py:487} INFO - Filling up the DagBag from /media/PythonProjects/66.Spotify_ETL/venv/lib/python3.8/site-packages/airflow/example_dags/example_nested_branch_dag.py
[2021-06-06 06:42:25,157] {scheduler_job.py:643} INFO - DAG(s) dict_keys(['example_nested_branch_dag']) retrieved from /media/PythonProjects/66.Spotify_ETL/venv/lib/python3.8/site-packages/airflow/example_dags/example_nested_branch_dag.py
[2021-06-06 06:42:25,170] {logging_mixin.py:104} INFO - [2021-06-06 06:42:25,170] {dag.py:1832} INFO - Sync 1 DAGs
[2021-06-06 06:42:25,182] {logging_mixin.py:104} INFO - [2021-06-06 06:42:25,182] {dag.py:2305} INFO - Setting next_dagrun for example_nested_branch_dag to 2021-06-04 00:00:00+00:00
[2021-06-06 06:42:25,204] {scheduler_job.py:190} INFO - Processing /media/PythonProjects/66.Spotify_ETL/venv/lib/python3.8/site-packages/airflow/example_dags/example_nested_branch_dag.py took 0.069 seconds
[2021-06-06 06:42:56,997] {scheduler_job.py:182} INFO - Started process (PID=3551) to work on /media/PythonProjects/66.Spotify_ETL/venv/lib/python3.8/site-packages/airflow/example_dags/example_nested_branch_dag.py
[2021-06-06 06:42:56,999] {scheduler_job.py:633} INFO - Processing file /media/PythonProjects/66.Spotify_ETL/venv/lib/python3.8/site-packages/airflow/example_dags/example_nested_branch_dag.py for tasks to queue
[2021-06-06 06:42:57,000] {logging_mixin.py:104} INFO - [2021-06-06 06:42:56,999] {dagbag.py:487} INFO - Filling up the DagBag from /media/PythonProjects/66.Spotify_ETL/venv/lib/python3.8/site-packages/airflow/example_dags/example_nested_branch_dag.py
[2021-06-06 06:42:57,021] {scheduler_job.py:643} INFO - DAG(s) dict_keys(['example_nested_branch_dag']) retrieved from /media/PythonProjects/66.Spotify_ETL/venv/lib/python3.8/site-packages/airflow/example_dags/example_nested_branch_dag.py
[2021-06-06 06:42:57,039] {logging_mixin.py:104} INFO - [2021-06-06 06:42:57,039] {dag.py:1832} INFO - Sync 1 DAGs
[2021-06-06 06:42:57,060] {logging_mixin.py:104} INFO - [2021-06-06 06:42:57,060] {dag.py:2305} INFO - Setting next_dagrun for example_nested_branch_dag to 2021-06-04 00:00:00+00:00
[2021-06-06 06:42:57,085] {scheduler_job.py:190} INFO - Processing /media/PythonProjects/66.Spotify_ETL/venv/lib/python3.8/site-packages/airflow/example_dags/example_nested_branch_dag.py took 0.092 seconds
[2021-06-06 06:43:28,541] {scheduler_job.py:182} INFO - Started process (PID=3609) to work on /media/PythonProjects/66.Spotify_ETL/venv/lib/python3.8/site-packages/airflow/example_dags/example_nested_branch_dag.py
[2021-06-06 06:43:28,542] {scheduler_job.py:633} INFO - Processing file /media/PythonProjects/66.Spotify_ETL/venv/lib/python3.8/site-packages/airflow/example_dags/example_nested_branch_dag.py for tasks to queue
[2021-06-06 06:43:28,543] {logging_mixin.py:104} INFO - [2021-06-06 06:43:28,543] {dagbag.py:487} INFO - Filling up the DagBag from /media/PythonProjects/66.Spotify_ETL/venv/lib/python3.8/site-packages/airflow/example_dags/example_nested_branch_dag.py
[2021-06-06 06:43:28,559] {scheduler_job.py:643} INFO - DAG(s) dict_keys(['example_nested_branch_dag']) retrieved from /media/PythonProjects/66.Spotify_ETL/venv/lib/python3.8/site-packages/airflow/example_dags/example_nested_branch_dag.py
[2021-06-06 06:43:28,572] {logging_mixin.py:104} INFO - [2021-06-06 06:43:28,572] {dag.py:1832} INFO - Sync 1 DAGs
[2021-06-06 06:43:28,586] {logging_mixin.py:104} INFO - [2021-06-06 06:43:28,585] {dag.py:2305} INFO - Setting next_dagrun for example_nested_branch_dag to 2021-06-04 00:00:00+00:00
[2021-06-06 06:43:28,609] {scheduler_job.py:190} INFO - Processing /media/PythonProjects/66.Spotify_ETL/venv/lib/python3.8/site-packages/airflow/example_dags/example_nested_branch_dag.py took 0.076 seconds
[2021-06-06 06:44:01,255] {scheduler_job.py:182} INFO - Started process (PID=3667) to work on /media/PythonProjects/66.Spotify_ETL/venv/lib/python3.8/site-packages/airflow/example_dags/example_nested_branch_dag.py
[2021-06-06 06:44:01,256] {scheduler_job.py:633} INFO - Processing file /media/PythonProjects/66.Spotify_ETL/venv/lib/python3.8/site-packages/airflow/example_dags/example_nested_branch_dag.py for tasks to queue
[2021-06-06 06:44:01,258] {logging_mixin.py:104} INFO - [2021-06-06 06:44:01,258] {dagbag.py:487} INFO - Filling up the DagBag from /media/PythonProjects/66.Spotify_ETL/venv/lib/python3.8/site-packages/airflow/example_dags/example_nested_branch_dag.py
[2021-06-06 06:44:01,277] {scheduler_job.py:643} INFO - DAG(s) dict_keys(['example_nested_branch_dag']) retrieved from /media/PythonProjects/66.Spotify_ETL/venv/lib/python3.8/site-packages/airflow/example_dags/example_nested_branch_dag.py
[2021-06-06 06:44:01,290] {logging_mixin.py:104} INFO - [2021-06-06 06:44:01,290] {dag.py:1832} INFO - Sync 1 DAGs
[2021-06-06 06:44:01,304] {logging_mixin.py:104} INFO - [2021-06-06 06:44:01,304] {dag.py:2305} INFO - Setting next_dagrun for example_nested_branch_dag to 2021-06-04 00:00:00+00:00
[2021-06-06 06:44:01,325] {scheduler_job.py:190} INFO - Processing /media/PythonProjects/66.Spotify_ETL/venv/lib/python3.8/site-packages/airflow/example_dags/example_nested_branch_dag.py took 0.077 seconds
[2021-06-06 06:44:37,071] {scheduler_job.py:182} INFO - Started process (PID=3725) to work on /media/PythonProjects/66.Spotify_ETL/venv/lib/python3.8/site-packages/airflow/example_dags/example_nested_branch_dag.py
[2021-06-06 06:44:37,073] {scheduler_job.py:633} INFO - Processing file /media/PythonProjects/66.Spotify_ETL/venv/lib/python3.8/site-packages/airflow/example_dags/example_nested_branch_dag.py for tasks to queue
[2021-06-06 06:44:37,074] {logging_mixin.py:104} INFO - [2021-06-06 06:44:37,074] {dagbag.py:487} INFO - Filling up the DagBag from /media/PythonProjects/66.Spotify_ETL/venv/lib/python3.8/site-packages/airflow/example_dags/example_nested_branch_dag.py
[2021-06-06 06:44:37,090] {scheduler_job.py:643} INFO - DAG(s) dict_keys(['example_nested_branch_dag']) retrieved from /media/PythonProjects/66.Spotify_ETL/venv/lib/python3.8/site-packages/airflow/example_dags/example_nested_branch_dag.py
[2021-06-06 06:44:37,107] {logging_mixin.py:104} INFO - [2021-06-06 06:44:37,107] {dag.py:1832} INFO - Sync 1 DAGs
[2021-06-06 06:44:37,125] {logging_mixin.py:104} INFO - [2021-06-06 06:44:37,125] {dag.py:2305} INFO - Setting next_dagrun for example_nested_branch_dag to 2021-06-04 00:00:00+00:00
[2021-06-06 06:44:37,153] {scheduler_job.py:190} INFO - Processing /media/PythonProjects/66.Spotify_ETL/venv/lib/python3.8/site-packages/airflow/example_dags/example_nested_branch_dag.py took 0.085 seconds
[2021-06-06 06:45:09,791] {scheduler_job.py:182} INFO - Started process (PID=3783) to work on /media/PythonProjects/66.Spotify_ETL/venv/lib/python3.8/site-packages/airflow/example_dags/example_nested_branch_dag.py
[2021-06-06 06:45:09,792] {scheduler_job.py:633} INFO - Processing file /media/PythonProjects/66.Spotify_ETL/venv/lib/python3.8/site-packages/airflow/example_dags/example_nested_branch_dag.py for tasks to queue
[2021-06-06 06:45:09,794] {logging_mixin.py:104} INFO - [2021-06-06 06:45:09,793] {dagbag.py:487} INFO - Filling up the DagBag from /media/PythonProjects/66.Spotify_ETL/venv/lib/python3.8/site-packages/airflow/example_dags/example_nested_branch_dag.py
[2021-06-06 06:45:09,810] {scheduler_job.py:643} INFO - DAG(s) dict_keys(['example_nested_branch_dag']) retrieved from /media/PythonProjects/66.Spotify_ETL/venv/lib/python3.8/site-packages/airflow/example_dags/example_nested_branch_dag.py
[2021-06-06 06:45:09,826] {logging_mixin.py:104} INFO - [2021-06-06 06:45:09,826] {dag.py:1832} INFO - Sync 1 DAGs
[2021-06-06 06:45:09,844] {logging_mixin.py:104} INFO - [2021-06-06 06:45:09,844] {dag.py:2305} INFO - Setting next_dagrun for example_nested_branch_dag to 2021-06-04 00:00:00+00:00
[2021-06-06 06:45:09,866] {scheduler_job.py:190} INFO - Processing /media/PythonProjects/66.Spotify_ETL/venv/lib/python3.8/site-packages/airflow/example_dags/example_nested_branch_dag.py took 0.078 seconds
[2021-06-06 06:45:42,169] {scheduler_job.py:182} INFO - Started process (PID=4004) to work on /media/PythonProjects/66.Spotify_ETL/venv/lib/python3.8/site-packages/airflow/example_dags/example_nested_branch_dag.py
[2021-06-06 06:45:42,171] {scheduler_job.py:633} INFO - Processing file /media/PythonProjects/66.Spotify_ETL/venv/lib/python3.8/site-packages/airflow/example_dags/example_nested_branch_dag.py for tasks to queue
[2021-06-06 06:45:42,172] {logging_mixin.py:104} INFO - [2021-06-06 06:45:42,171] {dagbag.py:487} INFO - Filling up the DagBag from /media/PythonProjects/66.Spotify_ETL/venv/lib/python3.8/site-packages/airflow/example_dags/example_nested_branch_dag.py
[2021-06-06 06:45:42,184] {scheduler_job.py:643} INFO - DAG(s) dict_keys(['example_nested_branch_dag']) retrieved from /media/PythonProjects/66.Spotify_ETL/venv/lib/python3.8/site-packages/airflow/example_dags/example_nested_branch_dag.py
[2021-06-06 06:45:42,197] {logging_mixin.py:104} INFO - [2021-06-06 06:45:42,197] {dag.py:1832} INFO - Sync 1 DAGs
[2021-06-06 06:45:42,209] {logging_mixin.py:104} INFO - [2021-06-06 06:45:42,209] {dag.py:2305} INFO - Setting next_dagrun for example_nested_branch_dag to 2021-06-04 00:00:00+00:00
[2021-06-06 06:45:42,227] {scheduler_job.py:190} INFO - Processing /media/PythonProjects/66.Spotify_ETL/venv/lib/python3.8/site-packages/airflow/example_dags/example_nested_branch_dag.py took 0.063 seconds
[2021-06-06 06:46:16,101] {scheduler_job.py:182} INFO - Started process (PID=4314) to work on /media/PythonProjects/66.Spotify_ETL/venv/lib/python3.8/site-packages/airflow/example_dags/example_nested_branch_dag.py
[2021-06-06 06:46:16,102] {scheduler_job.py:633} INFO - Processing file /media/PythonProjects/66.Spotify_ETL/venv/lib/python3.8/site-packages/airflow/example_dags/example_nested_branch_dag.py for tasks to queue
[2021-06-06 06:46:16,105] {logging_mixin.py:104} INFO - [2021-06-06 06:46:16,105] {dagbag.py:487} INFO - Filling up the DagBag from /media/PythonProjects/66.Spotify_ETL/venv/lib/python3.8/site-packages/airflow/example_dags/example_nested_branch_dag.py
[2021-06-06 06:46:16,125] {scheduler_job.py:643} INFO - DAG(s) dict_keys(['example_nested_branch_dag']) retrieved from /media/PythonProjects/66.Spotify_ETL/venv/lib/python3.8/site-packages/airflow/example_dags/example_nested_branch_dag.py
[2021-06-06 06:46:16,141] {logging_mixin.py:104} INFO - [2021-06-06 06:46:16,141] {dag.py:1832} INFO - Sync 1 DAGs
[2021-06-06 06:46:16,154] {logging_mixin.py:104} INFO - [2021-06-06 06:46:16,154] {dag.py:2305} INFO - Setting next_dagrun for example_nested_branch_dag to 2021-06-04 00:00:00+00:00
[2021-06-06 06:46:16,173] {scheduler_job.py:190} INFO - Processing /media/PythonProjects/66.Spotify_ETL/venv/lib/python3.8/site-packages/airflow/example_dags/example_nested_branch_dag.py took 0.075 seconds
