<<<<<<< HEAD
[2021-06-06 06:31:57,895] {scheduler_job.py:182} INFO - Started process (PID=2374) to work on /media/PythonProjects/66.Spotify_ETL/venv/lib/python3.8/site-packages/airflow/example_dags/example_kubernetes_executor.py
[2021-06-06 06:31:57,898] {scheduler_job.py:633} INFO - Processing file /media/PythonProjects/66.Spotify_ETL/venv/lib/python3.8/site-packages/airflow/example_dags/example_kubernetes_executor.py for tasks to queue
[2021-06-06 06:31:57,899] {logging_mixin.py:104} INFO - [2021-06-06 06:31:57,899] {dagbag.py:487} INFO - Filling up the DagBag from /media/PythonProjects/66.Spotify_ETL/venv/lib/python3.8/site-packages/airflow/example_dags/example_kubernetes_executor.py
[2021-06-06 06:31:57,914] {scheduler_job.py:643} INFO - DAG(s) dict_keys(['example_kubernetes_executor']) retrieved from /media/PythonProjects/66.Spotify_ETL/venv/lib/python3.8/site-packages/airflow/example_dags/example_kubernetes_executor.py
[2021-06-06 06:31:57,927] {logging_mixin.py:104} INFO - [2021-06-06 06:31:57,927] {dag.py:1832} INFO - Sync 1 DAGs
[2021-06-06 06:31:57,937] {logging_mixin.py:104} INFO - [2021-06-06 06:31:57,937] {dag.py:2305} INFO - Setting next_dagrun for example_kubernetes_executor to None
[2021-06-06 06:31:57,956] {scheduler_job.py:190} INFO - Processing /media/PythonProjects/66.Spotify_ETL/venv/lib/python3.8/site-packages/airflow/example_dags/example_kubernetes_executor.py took 0.066 seconds
[2021-06-06 06:32:33,334] {scheduler_job.py:182} INFO - Started process (PID=2433) to work on /media/PythonProjects/66.Spotify_ETL/venv/lib/python3.8/site-packages/airflow/example_dags/example_kubernetes_executor.py
[2021-06-06 06:32:33,335] {scheduler_job.py:633} INFO - Processing file /media/PythonProjects/66.Spotify_ETL/venv/lib/python3.8/site-packages/airflow/example_dags/example_kubernetes_executor.py for tasks to queue
[2021-06-06 06:32:33,336] {logging_mixin.py:104} INFO - [2021-06-06 06:32:33,336] {dagbag.py:487} INFO - Filling up the DagBag from /media/PythonProjects/66.Spotify_ETL/venv/lib/python3.8/site-packages/airflow/example_dags/example_kubernetes_executor.py
[2021-06-06 06:32:33,356] {scheduler_job.py:643} INFO - DAG(s) dict_keys(['example_kubernetes_executor']) retrieved from /media/PythonProjects/66.Spotify_ETL/venv/lib/python3.8/site-packages/airflow/example_dags/example_kubernetes_executor.py
[2021-06-06 06:32:33,374] {logging_mixin.py:104} INFO - [2021-06-06 06:32:33,374] {dag.py:1832} INFO - Sync 1 DAGs
[2021-06-06 06:32:33,389] {logging_mixin.py:104} INFO - [2021-06-06 06:32:33,389] {dag.py:2305} INFO - Setting next_dagrun for example_kubernetes_executor to None
[2021-06-06 06:32:33,414] {scheduler_job.py:190} INFO - Processing /media/PythonProjects/66.Spotify_ETL/venv/lib/python3.8/site-packages/airflow/example_dags/example_kubernetes_executor.py took 0.083 seconds
[2021-06-06 06:33:09,852] {scheduler_job.py:182} INFO - Started process (PID=2518) to work on /media/PythonProjects/66.Spotify_ETL/venv/lib/python3.8/site-packages/airflow/example_dags/example_kubernetes_executor.py
[2021-06-06 06:33:09,854] {scheduler_job.py:633} INFO - Processing file /media/PythonProjects/66.Spotify_ETL/venv/lib/python3.8/site-packages/airflow/example_dags/example_kubernetes_executor.py for tasks to queue
[2021-06-06 06:33:09,855] {logging_mixin.py:104} INFO - [2021-06-06 06:33:09,855] {dagbag.py:487} INFO - Filling up the DagBag from /media/PythonProjects/66.Spotify_ETL/venv/lib/python3.8/site-packages/airflow/example_dags/example_kubernetes_executor.py
[2021-06-06 06:33:09,871] {scheduler_job.py:643} INFO - DAG(s) dict_keys(['example_kubernetes_executor']) retrieved from /media/PythonProjects/66.Spotify_ETL/venv/lib/python3.8/site-packages/airflow/example_dags/example_kubernetes_executor.py
[2021-06-06 06:33:09,890] {logging_mixin.py:104} INFO - [2021-06-06 06:33:09,890] {dag.py:1832} INFO - Sync 1 DAGs
[2021-06-06 06:33:09,901] {logging_mixin.py:104} INFO - [2021-06-06 06:33:09,901] {dag.py:2305} INFO - Setting next_dagrun for example_kubernetes_executor to None
[2021-06-06 06:33:09,933] {scheduler_job.py:190} INFO - Processing /media/PythonProjects/66.Spotify_ETL/venv/lib/python3.8/site-packages/airflow/example_dags/example_kubernetes_executor.py took 0.083 seconds
[2021-06-06 06:33:43,675] {scheduler_job.py:182} INFO - Started process (PID=2575) to work on /media/PythonProjects/66.Spotify_ETL/venv/lib/python3.8/site-packages/airflow/example_dags/example_kubernetes_executor.py
[2021-06-06 06:33:43,677] {scheduler_job.py:633} INFO - Processing file /media/PythonProjects/66.Spotify_ETL/venv/lib/python3.8/site-packages/airflow/example_dags/example_kubernetes_executor.py for tasks to queue
[2021-06-06 06:33:43,678] {logging_mixin.py:104} INFO - [2021-06-06 06:33:43,678] {dagbag.py:487} INFO - Filling up the DagBag from /media/PythonProjects/66.Spotify_ETL/venv/lib/python3.8/site-packages/airflow/example_dags/example_kubernetes_executor.py
[2021-06-06 06:33:43,693] {scheduler_job.py:643} INFO - DAG(s) dict_keys(['example_kubernetes_executor']) retrieved from /media/PythonProjects/66.Spotify_ETL/venv/lib/python3.8/site-packages/airflow/example_dags/example_kubernetes_executor.py
[2021-06-06 06:33:43,708] {logging_mixin.py:104} INFO - [2021-06-06 06:33:43,708] {dag.py:1832} INFO - Sync 1 DAGs
[2021-06-06 06:33:43,719] {logging_mixin.py:104} INFO - [2021-06-06 06:33:43,719] {dag.py:2305} INFO - Setting next_dagrun for example_kubernetes_executor to None
[2021-06-06 06:33:43,744] {scheduler_job.py:190} INFO - Processing /media/PythonProjects/66.Spotify_ETL/venv/lib/python3.8/site-packages/airflow/example_dags/example_kubernetes_executor.py took 0.074 seconds
[2021-06-06 06:34:17,617] {scheduler_job.py:182} INFO - Started process (PID=2632) to work on /media/PythonProjects/66.Spotify_ETL/venv/lib/python3.8/site-packages/airflow/example_dags/example_kubernetes_executor.py
[2021-06-06 06:34:17,619] {scheduler_job.py:633} INFO - Processing file /media/PythonProjects/66.Spotify_ETL/venv/lib/python3.8/site-packages/airflow/example_dags/example_kubernetes_executor.py for tasks to queue
[2021-06-06 06:34:17,619] {logging_mixin.py:104} INFO - [2021-06-06 06:34:17,619] {dagbag.py:487} INFO - Filling up the DagBag from /media/PythonProjects/66.Spotify_ETL/venv/lib/python3.8/site-packages/airflow/example_dags/example_kubernetes_executor.py
[2021-06-06 06:34:17,633] {scheduler_job.py:643} INFO - DAG(s) dict_keys(['example_kubernetes_executor']) retrieved from /media/PythonProjects/66.Spotify_ETL/venv/lib/python3.8/site-packages/airflow/example_dags/example_kubernetes_executor.py
[2021-06-06 06:34:17,647] {logging_mixin.py:104} INFO - [2021-06-06 06:34:17,647] {dag.py:1832} INFO - Sync 1 DAGs
[2021-06-06 06:34:17,657] {logging_mixin.py:104} INFO - [2021-06-06 06:34:17,657] {dag.py:2305} INFO - Setting next_dagrun for example_kubernetes_executor to None
[2021-06-06 06:34:17,679] {scheduler_job.py:190} INFO - Processing /media/PythonProjects/66.Spotify_ETL/venv/lib/python3.8/site-packages/airflow/example_dags/example_kubernetes_executor.py took 0.064 seconds
[2021-06-06 06:34:49,786] {scheduler_job.py:182} INFO - Started process (PID=2691) to work on /media/PythonProjects/66.Spotify_ETL/venv/lib/python3.8/site-packages/airflow/example_dags/example_kubernetes_executor.py
[2021-06-06 06:34:49,788] {scheduler_job.py:633} INFO - Processing file /media/PythonProjects/66.Spotify_ETL/venv/lib/python3.8/site-packages/airflow/example_dags/example_kubernetes_executor.py for tasks to queue
[2021-06-06 06:34:49,789] {logging_mixin.py:104} INFO - [2021-06-06 06:34:49,788] {dagbag.py:487} INFO - Filling up the DagBag from /media/PythonProjects/66.Spotify_ETL/venv/lib/python3.8/site-packages/airflow/example_dags/example_kubernetes_executor.py
[2021-06-06 06:34:49,800] {scheduler_job.py:643} INFO - DAG(s) dict_keys(['example_kubernetes_executor']) retrieved from /media/PythonProjects/66.Spotify_ETL/venv/lib/python3.8/site-packages/airflow/example_dags/example_kubernetes_executor.py
[2021-06-06 06:34:49,813] {logging_mixin.py:104} INFO - [2021-06-06 06:34:49,813] {dag.py:1832} INFO - Sync 1 DAGs
[2021-06-06 06:34:49,823] {logging_mixin.py:104} INFO - [2021-06-06 06:34:49,823] {dag.py:2305} INFO - Setting next_dagrun for example_kubernetes_executor to None
[2021-06-06 06:34:49,845] {scheduler_job.py:190} INFO - Processing /media/PythonProjects/66.Spotify_ETL/venv/lib/python3.8/site-packages/airflow/example_dags/example_kubernetes_executor.py took 0.061 seconds
[2021-06-06 06:35:22,130] {scheduler_job.py:182} INFO - Started process (PID=2751) to work on /media/PythonProjects/66.Spotify_ETL/venv/lib/python3.8/site-packages/airflow/example_dags/example_kubernetes_executor.py
[2021-06-06 06:35:22,131] {scheduler_job.py:633} INFO - Processing file /media/PythonProjects/66.Spotify_ETL/venv/lib/python3.8/site-packages/airflow/example_dags/example_kubernetes_executor.py for tasks to queue
[2021-06-06 06:35:22,132] {logging_mixin.py:104} INFO - [2021-06-06 06:35:22,132] {dagbag.py:487} INFO - Filling up the DagBag from /media/PythonProjects/66.Spotify_ETL/venv/lib/python3.8/site-packages/airflow/example_dags/example_kubernetes_executor.py
[2021-06-06 06:35:22,143] {scheduler_job.py:643} INFO - DAG(s) dict_keys(['example_kubernetes_executor']) retrieved from /media/PythonProjects/66.Spotify_ETL/venv/lib/python3.8/site-packages/airflow/example_dags/example_kubernetes_executor.py
[2021-06-06 06:35:22,155] {logging_mixin.py:104} INFO - [2021-06-06 06:35:22,155] {dag.py:1832} INFO - Sync 1 DAGs
[2021-06-06 06:35:22,169] {logging_mixin.py:104} INFO - [2021-06-06 06:35:22,169] {dag.py:2305} INFO - Setting next_dagrun for example_kubernetes_executor to None
[2021-06-06 06:35:22,191] {scheduler_job.py:190} INFO - Processing /media/PythonProjects/66.Spotify_ETL/venv/lib/python3.8/site-packages/airflow/example_dags/example_kubernetes_executor.py took 0.064 seconds
[2021-06-06 06:35:55,849] {scheduler_job.py:182} INFO - Started process (PID=2812) to work on /media/PythonProjects/66.Spotify_ETL/venv/lib/python3.8/site-packages/airflow/example_dags/example_kubernetes_executor.py
[2021-06-06 06:35:55,851] {scheduler_job.py:633} INFO - Processing file /media/PythonProjects/66.Spotify_ETL/venv/lib/python3.8/site-packages/airflow/example_dags/example_kubernetes_executor.py for tasks to queue
[2021-06-06 06:35:55,851] {logging_mixin.py:104} INFO - [2021-06-06 06:35:55,851] {dagbag.py:487} INFO - Filling up the DagBag from /media/PythonProjects/66.Spotify_ETL/venv/lib/python3.8/site-packages/airflow/example_dags/example_kubernetes_executor.py
[2021-06-06 06:35:55,862] {scheduler_job.py:643} INFO - DAG(s) dict_keys(['example_kubernetes_executor']) retrieved from /media/PythonProjects/66.Spotify_ETL/venv/lib/python3.8/site-packages/airflow/example_dags/example_kubernetes_executor.py
[2021-06-06 06:35:55,874] {logging_mixin.py:104} INFO - [2021-06-06 06:35:55,874] {dag.py:1832} INFO - Sync 1 DAGs
[2021-06-06 06:35:55,883] {logging_mixin.py:104} INFO - [2021-06-06 06:35:55,883] {dag.py:2305} INFO - Setting next_dagrun for example_kubernetes_executor to None
[2021-06-06 06:35:55,902] {scheduler_job.py:190} INFO - Processing /media/PythonProjects/66.Spotify_ETL/venv/lib/python3.8/site-packages/airflow/example_dags/example_kubernetes_executor.py took 0.055 seconds
[2021-06-06 06:36:27,982] {scheduler_job.py:182} INFO - Started process (PID=2872) to work on /media/PythonProjects/66.Spotify_ETL/venv/lib/python3.8/site-packages/airflow/example_dags/example_kubernetes_executor.py
[2021-06-06 06:36:27,983] {scheduler_job.py:633} INFO - Processing file /media/PythonProjects/66.Spotify_ETL/venv/lib/python3.8/site-packages/airflow/example_dags/example_kubernetes_executor.py for tasks to queue
[2021-06-06 06:36:27,985] {logging_mixin.py:104} INFO - [2021-06-06 06:36:27,985] {dagbag.py:487} INFO - Filling up the DagBag from /media/PythonProjects/66.Spotify_ETL/venv/lib/python3.8/site-packages/airflow/example_dags/example_kubernetes_executor.py
[2021-06-06 06:36:28,001] {scheduler_job.py:643} INFO - DAG(s) dict_keys(['example_kubernetes_executor']) retrieved from /media/PythonProjects/66.Spotify_ETL/venv/lib/python3.8/site-packages/airflow/example_dags/example_kubernetes_executor.py
[2021-06-06 06:36:28,015] {logging_mixin.py:104} INFO - [2021-06-06 06:36:28,014] {dag.py:1832} INFO - Sync 1 DAGs
[2021-06-06 06:36:28,026] {logging_mixin.py:104} INFO - [2021-06-06 06:36:28,026] {dag.py:2305} INFO - Setting next_dagrun for example_kubernetes_executor to None
[2021-06-06 06:36:28,044] {scheduler_job.py:190} INFO - Processing /media/PythonProjects/66.Spotify_ETL/venv/lib/python3.8/site-packages/airflow/example_dags/example_kubernetes_executor.py took 0.065 seconds
[2021-06-06 06:36:58,098] {scheduler_job.py:182} INFO - Started process (PID=2926) to work on /media/PythonProjects/66.Spotify_ETL/venv/lib/python3.8/site-packages/airflow/example_dags/example_kubernetes_executor.py
[2021-06-06 06:36:58,099] {scheduler_job.py:633} INFO - Processing file /media/PythonProjects/66.Spotify_ETL/venv/lib/python3.8/site-packages/airflow/example_dags/example_kubernetes_executor.py for tasks to queue
[2021-06-06 06:36:58,100] {logging_mixin.py:104} INFO - [2021-06-06 06:36:58,100] {dagbag.py:487} INFO - Filling up the DagBag from /media/PythonProjects/66.Spotify_ETL/venv/lib/python3.8/site-packages/airflow/example_dags/example_kubernetes_executor.py
[2021-06-06 06:36:58,115] {scheduler_job.py:643} INFO - DAG(s) dict_keys(['example_kubernetes_executor']) retrieved from /media/PythonProjects/66.Spotify_ETL/venv/lib/python3.8/site-packages/airflow/example_dags/example_kubernetes_executor.py
[2021-06-06 06:36:58,129] {logging_mixin.py:104} INFO - [2021-06-06 06:36:58,129] {dag.py:1832} INFO - Sync 1 DAGs
[2021-06-06 06:36:58,150] {logging_mixin.py:104} INFO - [2021-06-06 06:36:58,149] {dag.py:2305} INFO - Setting next_dagrun for example_kubernetes_executor to None
[2021-06-06 06:36:58,176] {scheduler_job.py:190} INFO - Processing /media/PythonProjects/66.Spotify_ETL/venv/lib/python3.8/site-packages/airflow/example_dags/example_kubernetes_executor.py took 0.081 seconds
[2021-06-06 06:37:29,517] {scheduler_job.py:182} INFO - Started process (PID=2983) to work on /media/PythonProjects/66.Spotify_ETL/venv/lib/python3.8/site-packages/airflow/example_dags/example_kubernetes_executor.py
[2021-06-06 06:37:29,518] {scheduler_job.py:633} INFO - Processing file /media/PythonProjects/66.Spotify_ETL/venv/lib/python3.8/site-packages/airflow/example_dags/example_kubernetes_executor.py for tasks to queue
[2021-06-06 06:37:29,519] {logging_mixin.py:104} INFO - [2021-06-06 06:37:29,519] {dagbag.py:487} INFO - Filling up the DagBag from /media/PythonProjects/66.Spotify_ETL/venv/lib/python3.8/site-packages/airflow/example_dags/example_kubernetes_executor.py
[2021-06-06 06:37:29,533] {scheduler_job.py:643} INFO - DAG(s) dict_keys(['example_kubernetes_executor']) retrieved from /media/PythonProjects/66.Spotify_ETL/venv/lib/python3.8/site-packages/airflow/example_dags/example_kubernetes_executor.py
[2021-06-06 06:37:29,549] {logging_mixin.py:104} INFO - [2021-06-06 06:37:29,549] {dag.py:1832} INFO - Sync 1 DAGs
[2021-06-06 06:37:29,572] {logging_mixin.py:104} INFO - [2021-06-06 06:37:29,572] {dag.py:2305} INFO - Setting next_dagrun for example_kubernetes_executor to None
[2021-06-06 06:37:29,621] {scheduler_job.py:190} INFO - Processing /media/PythonProjects/66.Spotify_ETL/venv/lib/python3.8/site-packages/airflow/example_dags/example_kubernetes_executor.py took 0.107 seconds
[2021-06-06 06:38:02,998] {scheduler_job.py:182} INFO - Started process (PID=3042) to work on /media/PythonProjects/66.Spotify_ETL/venv/lib/python3.8/site-packages/airflow/example_dags/example_kubernetes_executor.py
[2021-06-06 06:38:03,000] {scheduler_job.py:633} INFO - Processing file /media/PythonProjects/66.Spotify_ETL/venv/lib/python3.8/site-packages/airflow/example_dags/example_kubernetes_executor.py for tasks to queue
[2021-06-06 06:38:03,001] {logging_mixin.py:104} INFO - [2021-06-06 06:38:03,000] {dagbag.py:487} INFO - Filling up the DagBag from /media/PythonProjects/66.Spotify_ETL/venv/lib/python3.8/site-packages/airflow/example_dags/example_kubernetes_executor.py
[2021-06-06 06:38:03,012] {scheduler_job.py:643} INFO - DAG(s) dict_keys(['example_kubernetes_executor']) retrieved from /media/PythonProjects/66.Spotify_ETL/venv/lib/python3.8/site-packages/airflow/example_dags/example_kubernetes_executor.py
[2021-06-06 06:38:03,025] {logging_mixin.py:104} INFO - [2021-06-06 06:38:03,025] {dag.py:1832} INFO - Sync 1 DAGs
[2021-06-06 06:38:03,035] {logging_mixin.py:104} INFO - [2021-06-06 06:38:03,035] {dag.py:2305} INFO - Setting next_dagrun for example_kubernetes_executor to None
[2021-06-06 06:38:03,054] {scheduler_job.py:190} INFO - Processing /media/PythonProjects/66.Spotify_ETL/venv/lib/python3.8/site-packages/airflow/example_dags/example_kubernetes_executor.py took 0.058 seconds
[2021-06-06 06:38:35,758] {scheduler_job.py:182} INFO - Started process (PID=3099) to work on /media/PythonProjects/66.Spotify_ETL/venv/lib/python3.8/site-packages/airflow/example_dags/example_kubernetes_executor.py
[2021-06-06 06:38:35,762] {scheduler_job.py:633} INFO - Processing file /media/PythonProjects/66.Spotify_ETL/venv/lib/python3.8/site-packages/airflow/example_dags/example_kubernetes_executor.py for tasks to queue
[2021-06-06 06:38:35,763] {logging_mixin.py:104} INFO - [2021-06-06 06:38:35,763] {dagbag.py:487} INFO - Filling up the DagBag from /media/PythonProjects/66.Spotify_ETL/venv/lib/python3.8/site-packages/airflow/example_dags/example_kubernetes_executor.py
[2021-06-06 06:38:35,778] {scheduler_job.py:643} INFO - DAG(s) dict_keys(['example_kubernetes_executor']) retrieved from /media/PythonProjects/66.Spotify_ETL/venv/lib/python3.8/site-packages/airflow/example_dags/example_kubernetes_executor.py
[2021-06-06 06:38:35,792] {logging_mixin.py:104} INFO - [2021-06-06 06:38:35,792] {dag.py:1832} INFO - Sync 1 DAGs
[2021-06-06 06:38:35,803] {logging_mixin.py:104} INFO - [2021-06-06 06:38:35,802] {dag.py:2305} INFO - Setting next_dagrun for example_kubernetes_executor to None
[2021-06-06 06:38:35,829] {scheduler_job.py:190} INFO - Processing /media/PythonProjects/66.Spotify_ETL/venv/lib/python3.8/site-packages/airflow/example_dags/example_kubernetes_executor.py took 0.077 seconds
[2021-06-06 06:39:07,507] {scheduler_job.py:182} INFO - Started process (PID=3153) to work on /media/PythonProjects/66.Spotify_ETL/venv/lib/python3.8/site-packages/airflow/example_dags/example_kubernetes_executor.py
[2021-06-06 06:39:07,513] {scheduler_job.py:633} INFO - Processing file /media/PythonProjects/66.Spotify_ETL/venv/lib/python3.8/site-packages/airflow/example_dags/example_kubernetes_executor.py for tasks to queue
[2021-06-06 06:39:07,514] {logging_mixin.py:104} INFO - [2021-06-06 06:39:07,514] {dagbag.py:487} INFO - Filling up the DagBag from /media/PythonProjects/66.Spotify_ETL/venv/lib/python3.8/site-packages/airflow/example_dags/example_kubernetes_executor.py
[2021-06-06 06:39:07,538] {scheduler_job.py:643} INFO - DAG(s) dict_keys(['example_kubernetes_executor']) retrieved from /media/PythonProjects/66.Spotify_ETL/venv/lib/python3.8/site-packages/airflow/example_dags/example_kubernetes_executor.py
[2021-06-06 06:39:07,557] {logging_mixin.py:104} INFO - [2021-06-06 06:39:07,556] {dag.py:1832} INFO - Sync 1 DAGs
[2021-06-06 06:39:07,584] {logging_mixin.py:104} INFO - [2021-06-06 06:39:07,583] {dag.py:2305} INFO - Setting next_dagrun for example_kubernetes_executor to None
[2021-06-06 06:39:07,620] {scheduler_job.py:190} INFO - Processing /media/PythonProjects/66.Spotify_ETL/venv/lib/python3.8/site-packages/airflow/example_dags/example_kubernetes_executor.py took 0.118 seconds
[2021-06-06 06:39:40,119] {scheduler_job.py:182} INFO - Started process (PID=3210) to work on /media/PythonProjects/66.Spotify_ETL/venv/lib/python3.8/site-packages/airflow/example_dags/example_kubernetes_executor.py
[2021-06-06 06:39:40,122] {scheduler_job.py:633} INFO - Processing file /media/PythonProjects/66.Spotify_ETL/venv/lib/python3.8/site-packages/airflow/example_dags/example_kubernetes_executor.py for tasks to queue
[2021-06-06 06:39:40,124] {logging_mixin.py:104} INFO - [2021-06-06 06:39:40,123] {dagbag.py:487} INFO - Filling up the DagBag from /media/PythonProjects/66.Spotify_ETL/venv/lib/python3.8/site-packages/airflow/example_dags/example_kubernetes_executor.py
[2021-06-06 06:39:40,142] {scheduler_job.py:643} INFO - DAG(s) dict_keys(['example_kubernetes_executor']) retrieved from /media/PythonProjects/66.Spotify_ETL/venv/lib/python3.8/site-packages/airflow/example_dags/example_kubernetes_executor.py
[2021-06-06 06:39:40,158] {logging_mixin.py:104} INFO - [2021-06-06 06:39:40,158] {dag.py:1832} INFO - Sync 1 DAGs
[2021-06-06 06:39:40,168] {logging_mixin.py:104} INFO - [2021-06-06 06:39:40,168] {dag.py:2305} INFO - Setting next_dagrun for example_kubernetes_executor to None
[2021-06-06 06:39:40,194] {scheduler_job.py:190} INFO - Processing /media/PythonProjects/66.Spotify_ETL/venv/lib/python3.8/site-packages/airflow/example_dags/example_kubernetes_executor.py took 0.084 seconds
[2021-06-06 06:40:13,140] {scheduler_job.py:182} INFO - Started process (PID=3264) to work on /media/PythonProjects/66.Spotify_ETL/venv/lib/python3.8/site-packages/airflow/example_dags/example_kubernetes_executor.py
[2021-06-06 06:40:13,141] {scheduler_job.py:633} INFO - Processing file /media/PythonProjects/66.Spotify_ETL/venv/lib/python3.8/site-packages/airflow/example_dags/example_kubernetes_executor.py for tasks to queue
[2021-06-06 06:40:13,142] {logging_mixin.py:104} INFO - [2021-06-06 06:40:13,142] {dagbag.py:487} INFO - Filling up the DagBag from /media/PythonProjects/66.Spotify_ETL/venv/lib/python3.8/site-packages/airflow/example_dags/example_kubernetes_executor.py
[2021-06-06 06:40:13,155] {scheduler_job.py:643} INFO - DAG(s) dict_keys(['example_kubernetes_executor']) retrieved from /media/PythonProjects/66.Spotify_ETL/venv/lib/python3.8/site-packages/airflow/example_dags/example_kubernetes_executor.py
[2021-06-06 06:40:13,170] {logging_mixin.py:104} INFO - [2021-06-06 06:40:13,170] {dag.py:1832} INFO - Sync 1 DAGs
[2021-06-06 06:40:13,182] {logging_mixin.py:104} INFO - [2021-06-06 06:40:13,182] {dag.py:2305} INFO - Setting next_dagrun for example_kubernetes_executor to None
[2021-06-06 06:40:13,204] {scheduler_job.py:190} INFO - Processing /media/PythonProjects/66.Spotify_ETL/venv/lib/python3.8/site-packages/airflow/example_dags/example_kubernetes_executor.py took 0.067 seconds
[2021-06-06 06:40:47,464] {scheduler_job.py:182} INFO - Started process (PID=3322) to work on /media/PythonProjects/66.Spotify_ETL/venv/lib/python3.8/site-packages/airflow/example_dags/example_kubernetes_executor.py
[2021-06-06 06:40:47,466] {scheduler_job.py:633} INFO - Processing file /media/PythonProjects/66.Spotify_ETL/venv/lib/python3.8/site-packages/airflow/example_dags/example_kubernetes_executor.py for tasks to queue
[2021-06-06 06:40:47,467] {logging_mixin.py:104} INFO - [2021-06-06 06:40:47,467] {dagbag.py:487} INFO - Filling up the DagBag from /media/PythonProjects/66.Spotify_ETL/venv/lib/python3.8/site-packages/airflow/example_dags/example_kubernetes_executor.py
[2021-06-06 06:40:47,482] {scheduler_job.py:643} INFO - DAG(s) dict_keys(['example_kubernetes_executor']) retrieved from /media/PythonProjects/66.Spotify_ETL/venv/lib/python3.8/site-packages/airflow/example_dags/example_kubernetes_executor.py
[2021-06-06 06:40:47,496] {logging_mixin.py:104} INFO - [2021-06-06 06:40:47,496] {dag.py:1832} INFO - Sync 1 DAGs
[2021-06-06 06:40:47,507] {logging_mixin.py:104} INFO - [2021-06-06 06:40:47,507] {dag.py:2305} INFO - Setting next_dagrun for example_kubernetes_executor to None
[2021-06-06 06:40:47,526] {scheduler_job.py:190} INFO - Processing /media/PythonProjects/66.Spotify_ETL/venv/lib/python3.8/site-packages/airflow/example_dags/example_kubernetes_executor.py took 0.070 seconds
[2021-06-06 06:41:18,157] {scheduler_job.py:182} INFO - Started process (PID=3377) to work on /media/PythonProjects/66.Spotify_ETL/venv/lib/python3.8/site-packages/airflow/example_dags/example_kubernetes_executor.py
[2021-06-06 06:41:18,160] {scheduler_job.py:633} INFO - Processing file /media/PythonProjects/66.Spotify_ETL/venv/lib/python3.8/site-packages/airflow/example_dags/example_kubernetes_executor.py for tasks to queue
[2021-06-06 06:41:18,161] {logging_mixin.py:104} INFO - [2021-06-06 06:41:18,161] {dagbag.py:487} INFO - Filling up the DagBag from /media/PythonProjects/66.Spotify_ETL/venv/lib/python3.8/site-packages/airflow/example_dags/example_kubernetes_executor.py
[2021-06-06 06:41:18,174] {scheduler_job.py:643} INFO - DAG(s) dict_keys(['example_kubernetes_executor']) retrieved from /media/PythonProjects/66.Spotify_ETL/venv/lib/python3.8/site-packages/airflow/example_dags/example_kubernetes_executor.py
[2021-06-06 06:41:18,188] {logging_mixin.py:104} INFO - [2021-06-06 06:41:18,188] {dag.py:1832} INFO - Sync 1 DAGs
[2021-06-06 06:41:18,200] {logging_mixin.py:104} INFO - [2021-06-06 06:41:18,200] {dag.py:2305} INFO - Setting next_dagrun for example_kubernetes_executor to None
[2021-06-06 06:41:18,222] {scheduler_job.py:190} INFO - Processing /media/PythonProjects/66.Spotify_ETL/venv/lib/python3.8/site-packages/airflow/example_dags/example_kubernetes_executor.py took 0.070 seconds
[2021-06-06 06:41:49,592] {scheduler_job.py:182} INFO - Started process (PID=3433) to work on /media/PythonProjects/66.Spotify_ETL/venv/lib/python3.8/site-packages/airflow/example_dags/example_kubernetes_executor.py
[2021-06-06 06:41:49,594] {scheduler_job.py:633} INFO - Processing file /media/PythonProjects/66.Spotify_ETL/venv/lib/python3.8/site-packages/airflow/example_dags/example_kubernetes_executor.py for tasks to queue
[2021-06-06 06:41:49,595] {logging_mixin.py:104} INFO - [2021-06-06 06:41:49,595] {dagbag.py:487} INFO - Filling up the DagBag from /media/PythonProjects/66.Spotify_ETL/venv/lib/python3.8/site-packages/airflow/example_dags/example_kubernetes_executor.py
[2021-06-06 06:41:49,609] {scheduler_job.py:643} INFO - DAG(s) dict_keys(['example_kubernetes_executor']) retrieved from /media/PythonProjects/66.Spotify_ETL/venv/lib/python3.8/site-packages/airflow/example_dags/example_kubernetes_executor.py
[2021-06-06 06:41:49,624] {logging_mixin.py:104} INFO - [2021-06-06 06:41:49,624] {dag.py:1832} INFO - Sync 1 DAGs
[2021-06-06 06:41:49,635] {logging_mixin.py:104} INFO - [2021-06-06 06:41:49,635] {dag.py:2305} INFO - Setting next_dagrun for example_kubernetes_executor to None
[2021-06-06 06:41:49,657] {scheduler_job.py:190} INFO - Processing /media/PythonProjects/66.Spotify_ETL/venv/lib/python3.8/site-packages/airflow/example_dags/example_kubernetes_executor.py took 0.070 seconds
[2021-06-06 06:42:21,696] {scheduler_job.py:182} INFO - Started process (PID=3489) to work on /media/PythonProjects/66.Spotify_ETL/venv/lib/python3.8/site-packages/airflow/example_dags/example_kubernetes_executor.py
[2021-06-06 06:42:21,698] {scheduler_job.py:633} INFO - Processing file /media/PythonProjects/66.Spotify_ETL/venv/lib/python3.8/site-packages/airflow/example_dags/example_kubernetes_executor.py for tasks to queue
[2021-06-06 06:42:21,699] {logging_mixin.py:104} INFO - [2021-06-06 06:42:21,699] {dagbag.py:487} INFO - Filling up the DagBag from /media/PythonProjects/66.Spotify_ETL/venv/lib/python3.8/site-packages/airflow/example_dags/example_kubernetes_executor.py
[2021-06-06 06:42:21,713] {scheduler_job.py:643} INFO - DAG(s) dict_keys(['example_kubernetes_executor']) retrieved from /media/PythonProjects/66.Spotify_ETL/venv/lib/python3.8/site-packages/airflow/example_dags/example_kubernetes_executor.py
[2021-06-06 06:42:21,726] {logging_mixin.py:104} INFO - [2021-06-06 06:42:21,726] {dag.py:1832} INFO - Sync 1 DAGs
[2021-06-06 06:42:21,736] {logging_mixin.py:104} INFO - [2021-06-06 06:42:21,736] {dag.py:2305} INFO - Setting next_dagrun for example_kubernetes_executor to None
[2021-06-06 06:42:21,756] {scheduler_job.py:190} INFO - Processing /media/PythonProjects/66.Spotify_ETL/venv/lib/python3.8/site-packages/airflow/example_dags/example_kubernetes_executor.py took 0.066 seconds
[2021-06-06 06:42:52,668] {scheduler_job.py:182} INFO - Started process (PID=3544) to work on /media/PythonProjects/66.Spotify_ETL/venv/lib/python3.8/site-packages/airflow/example_dags/example_kubernetes_executor.py
[2021-06-06 06:42:52,669] {scheduler_job.py:633} INFO - Processing file /media/PythonProjects/66.Spotify_ETL/venv/lib/python3.8/site-packages/airflow/example_dags/example_kubernetes_executor.py for tasks to queue
[2021-06-06 06:42:52,669] {logging_mixin.py:104} INFO - [2021-06-06 06:42:52,669] {dagbag.py:487} INFO - Filling up the DagBag from /media/PythonProjects/66.Spotify_ETL/venv/lib/python3.8/site-packages/airflow/example_dags/example_kubernetes_executor.py
[2021-06-06 06:42:52,683] {scheduler_job.py:643} INFO - DAG(s) dict_keys(['example_kubernetes_executor']) retrieved from /media/PythonProjects/66.Spotify_ETL/venv/lib/python3.8/site-packages/airflow/example_dags/example_kubernetes_executor.py
[2021-06-06 06:42:52,699] {logging_mixin.py:104} INFO - [2021-06-06 06:42:52,698] {dag.py:1832} INFO - Sync 1 DAGs
[2021-06-06 06:42:52,711] {logging_mixin.py:104} INFO - [2021-06-06 06:42:52,711] {dag.py:2305} INFO - Setting next_dagrun for example_kubernetes_executor to None
[2021-06-06 06:42:52,731] {scheduler_job.py:190} INFO - Processing /media/PythonProjects/66.Spotify_ETL/venv/lib/python3.8/site-packages/airflow/example_dags/example_kubernetes_executor.py took 0.067 seconds
[2021-06-06 06:43:24,795] {scheduler_job.py:182} INFO - Started process (PID=3603) to work on /media/PythonProjects/66.Spotify_ETL/venv/lib/python3.8/site-packages/airflow/example_dags/example_kubernetes_executor.py
[2021-06-06 06:43:24,797] {scheduler_job.py:633} INFO - Processing file /media/PythonProjects/66.Spotify_ETL/venv/lib/python3.8/site-packages/airflow/example_dags/example_kubernetes_executor.py for tasks to queue
[2021-06-06 06:43:24,797] {logging_mixin.py:104} INFO - [2021-06-06 06:43:24,797] {dagbag.py:487} INFO - Filling up the DagBag from /media/PythonProjects/66.Spotify_ETL/venv/lib/python3.8/site-packages/airflow/example_dags/example_kubernetes_executor.py
[2021-06-06 06:43:24,809] {scheduler_job.py:643} INFO - DAG(s) dict_keys(['example_kubernetes_executor']) retrieved from /media/PythonProjects/66.Spotify_ETL/venv/lib/python3.8/site-packages/airflow/example_dags/example_kubernetes_executor.py
[2021-06-06 06:43:24,822] {logging_mixin.py:104} INFO - [2021-06-06 06:43:24,822] {dag.py:1832} INFO - Sync 1 DAGs
[2021-06-06 06:43:24,834] {logging_mixin.py:104} INFO - [2021-06-06 06:43:24,834] {dag.py:2305} INFO - Setting next_dagrun for example_kubernetes_executor to None
[2021-06-06 06:43:24,862] {scheduler_job.py:190} INFO - Processing /media/PythonProjects/66.Spotify_ETL/venv/lib/python3.8/site-packages/airflow/example_dags/example_kubernetes_executor.py took 0.069 seconds
[2021-06-06 06:43:56,043] {scheduler_job.py:182} INFO - Started process (PID=3658) to work on /media/PythonProjects/66.Spotify_ETL/venv/lib/python3.8/site-packages/airflow/example_dags/example_kubernetes_executor.py
[2021-06-06 06:43:56,044] {scheduler_job.py:633} INFO - Processing file /media/PythonProjects/66.Spotify_ETL/venv/lib/python3.8/site-packages/airflow/example_dags/example_kubernetes_executor.py for tasks to queue
[2021-06-06 06:43:56,044] {logging_mixin.py:104} INFO - [2021-06-06 06:43:56,044] {dagbag.py:487} INFO - Filling up the DagBag from /media/PythonProjects/66.Spotify_ETL/venv/lib/python3.8/site-packages/airflow/example_dags/example_kubernetes_executor.py
[2021-06-06 06:43:56,056] {scheduler_job.py:643} INFO - DAG(s) dict_keys(['example_kubernetes_executor']) retrieved from /media/PythonProjects/66.Spotify_ETL/venv/lib/python3.8/site-packages/airflow/example_dags/example_kubernetes_executor.py
[2021-06-06 06:43:56,069] {logging_mixin.py:104} INFO - [2021-06-06 06:43:56,069] {dag.py:1832} INFO - Sync 1 DAGs
[2021-06-06 06:43:56,079] {logging_mixin.py:104} INFO - [2021-06-06 06:43:56,079] {dag.py:2305} INFO - Setting next_dagrun for example_kubernetes_executor to None
[2021-06-06 06:43:56,099] {scheduler_job.py:190} INFO - Processing /media/PythonProjects/66.Spotify_ETL/venv/lib/python3.8/site-packages/airflow/example_dags/example_kubernetes_executor.py took 0.059 seconds
[2021-06-06 06:44:28,811] {scheduler_job.py:182} INFO - Started process (PID=3713) to work on /media/PythonProjects/66.Spotify_ETL/venv/lib/python3.8/site-packages/airflow/example_dags/example_kubernetes_executor.py
[2021-06-06 06:44:28,813] {scheduler_job.py:633} INFO - Processing file /media/PythonProjects/66.Spotify_ETL/venv/lib/python3.8/site-packages/airflow/example_dags/example_kubernetes_executor.py for tasks to queue
[2021-06-06 06:44:28,814] {logging_mixin.py:104} INFO - [2021-06-06 06:44:28,813] {dagbag.py:487} INFO - Filling up the DagBag from /media/PythonProjects/66.Spotify_ETL/venv/lib/python3.8/site-packages/airflow/example_dags/example_kubernetes_executor.py
[2021-06-06 06:44:28,835] {scheduler_job.py:643} INFO - DAG(s) dict_keys(['example_kubernetes_executor']) retrieved from /media/PythonProjects/66.Spotify_ETL/venv/lib/python3.8/site-packages/airflow/example_dags/example_kubernetes_executor.py
[2021-06-06 06:44:28,852] {logging_mixin.py:104} INFO - [2021-06-06 06:44:28,852] {dag.py:1832} INFO - Sync 1 DAGs
[2021-06-06 06:44:28,873] {logging_mixin.py:104} INFO - [2021-06-06 06:44:28,873] {dag.py:2305} INFO - Setting next_dagrun for example_kubernetes_executor to None
[2021-06-06 06:44:28,909] {scheduler_job.py:190} INFO - Processing /media/PythonProjects/66.Spotify_ETL/venv/lib/python3.8/site-packages/airflow/example_dags/example_kubernetes_executor.py took 0.102 seconds
[2021-06-06 06:45:03,024] {scheduler_job.py:182} INFO - Started process (PID=3770) to work on /media/PythonProjects/66.Spotify_ETL/venv/lib/python3.8/site-packages/airflow/example_dags/example_kubernetes_executor.py
[2021-06-06 06:45:03,026] {scheduler_job.py:633} INFO - Processing file /media/PythonProjects/66.Spotify_ETL/venv/lib/python3.8/site-packages/airflow/example_dags/example_kubernetes_executor.py for tasks to queue
[2021-06-06 06:45:03,027] {logging_mixin.py:104} INFO - [2021-06-06 06:45:03,027] {dagbag.py:487} INFO - Filling up the DagBag from /media/PythonProjects/66.Spotify_ETL/venv/lib/python3.8/site-packages/airflow/example_dags/example_kubernetes_executor.py
[2021-06-06 06:45:03,042] {scheduler_job.py:643} INFO - DAG(s) dict_keys(['example_kubernetes_executor']) retrieved from /media/PythonProjects/66.Spotify_ETL/venv/lib/python3.8/site-packages/airflow/example_dags/example_kubernetes_executor.py
[2021-06-06 06:45:03,056] {logging_mixin.py:104} INFO - [2021-06-06 06:45:03,056] {dag.py:1832} INFO - Sync 1 DAGs
[2021-06-06 06:45:03,066] {logging_mixin.py:104} INFO - [2021-06-06 06:45:03,066] {dag.py:2305} INFO - Setting next_dagrun for example_kubernetes_executor to None
[2021-06-06 06:45:03,087] {scheduler_job.py:190} INFO - Processing /media/PythonProjects/66.Spotify_ETL/venv/lib/python3.8/site-packages/airflow/example_dags/example_kubernetes_executor.py took 0.069 seconds
[2021-06-06 06:45:35,093] {scheduler_job.py:182} INFO - Started process (PID=3965) to work on /media/PythonProjects/66.Spotify_ETL/venv/lib/python3.8/site-packages/airflow/example_dags/example_kubernetes_executor.py
[2021-06-06 06:45:35,095] {scheduler_job.py:633} INFO - Processing file /media/PythonProjects/66.Spotify_ETL/venv/lib/python3.8/site-packages/airflow/example_dags/example_kubernetes_executor.py for tasks to queue
[2021-06-06 06:45:35,096] {logging_mixin.py:104} INFO - [2021-06-06 06:45:35,096] {dagbag.py:487} INFO - Filling up the DagBag from /media/PythonProjects/66.Spotify_ETL/venv/lib/python3.8/site-packages/airflow/example_dags/example_kubernetes_executor.py
[2021-06-06 06:45:35,109] {scheduler_job.py:643} INFO - DAG(s) dict_keys(['example_kubernetes_executor']) retrieved from /media/PythonProjects/66.Spotify_ETL/venv/lib/python3.8/site-packages/airflow/example_dags/example_kubernetes_executor.py
[2021-06-06 06:45:35,122] {logging_mixin.py:104} INFO - [2021-06-06 06:45:35,122] {dag.py:1832} INFO - Sync 1 DAGs
[2021-06-06 06:45:35,133] {logging_mixin.py:104} INFO - [2021-06-06 06:45:35,133] {dag.py:2305} INFO - Setting next_dagrun for example_kubernetes_executor to None
[2021-06-06 06:45:35,153] {scheduler_job.py:190} INFO - Processing /media/PythonProjects/66.Spotify_ETL/venv/lib/python3.8/site-packages/airflow/example_dags/example_kubernetes_executor.py took 0.067 seconds
[2021-06-06 06:46:06,950] {scheduler_job.py:182} INFO - Started process (PID=4243) to work on /media/PythonProjects/66.Spotify_ETL/venv/lib/python3.8/site-packages/airflow/example_dags/example_kubernetes_executor.py
[2021-06-06 06:46:06,951] {scheduler_job.py:633} INFO - Processing file /media/PythonProjects/66.Spotify_ETL/venv/lib/python3.8/site-packages/airflow/example_dags/example_kubernetes_executor.py for tasks to queue
[2021-06-06 06:46:06,952] {logging_mixin.py:104} INFO - [2021-06-06 06:46:06,952] {dagbag.py:487} INFO - Filling up the DagBag from /media/PythonProjects/66.Spotify_ETL/venv/lib/python3.8/site-packages/airflow/example_dags/example_kubernetes_executor.py
[2021-06-06 06:46:06,969] {scheduler_job.py:643} INFO - DAG(s) dict_keys(['example_kubernetes_executor']) retrieved from /media/PythonProjects/66.Spotify_ETL/venv/lib/python3.8/site-packages/airflow/example_dags/example_kubernetes_executor.py
[2021-06-06 06:46:06,986] {logging_mixin.py:104} INFO - [2021-06-06 06:46:06,986] {dag.py:1832} INFO - Sync 1 DAGs
[2021-06-06 06:46:06,999] {logging_mixin.py:104} INFO - [2021-06-06 06:46:06,999] {dag.py:2305} INFO - Setting next_dagrun for example_kubernetes_executor to None
[2021-06-06 06:46:07,037] {scheduler_job.py:190} INFO - Processing /media/PythonProjects/66.Spotify_ETL/venv/lib/python3.8/site-packages/airflow/example_dags/example_kubernetes_executor.py took 0.090 seconds
=======
[2021-06-06 06:31:57,895] {scheduler_job.py:182} INFO - Started process (PID=2374) to work on /media/PythonProjects/66.Spotify_ETL/venv/lib/python3.8/site-packages/airflow/example_dags/example_kubernetes_executor.py
[2021-06-06 06:31:57,898] {scheduler_job.py:633} INFO - Processing file /media/PythonProjects/66.Spotify_ETL/venv/lib/python3.8/site-packages/airflow/example_dags/example_kubernetes_executor.py for tasks to queue
[2021-06-06 06:31:57,899] {logging_mixin.py:104} INFO - [2021-06-06 06:31:57,899] {dagbag.py:487} INFO - Filling up the DagBag from /media/PythonProjects/66.Spotify_ETL/venv/lib/python3.8/site-packages/airflow/example_dags/example_kubernetes_executor.py
[2021-06-06 06:31:57,914] {scheduler_job.py:643} INFO - DAG(s) dict_keys(['example_kubernetes_executor']) retrieved from /media/PythonProjects/66.Spotify_ETL/venv/lib/python3.8/site-packages/airflow/example_dags/example_kubernetes_executor.py
[2021-06-06 06:31:57,927] {logging_mixin.py:104} INFO - [2021-06-06 06:31:57,927] {dag.py:1832} INFO - Sync 1 DAGs
[2021-06-06 06:31:57,937] {logging_mixin.py:104} INFO - [2021-06-06 06:31:57,937] {dag.py:2305} INFO - Setting next_dagrun for example_kubernetes_executor to None
[2021-06-06 06:31:57,956] {scheduler_job.py:190} INFO - Processing /media/PythonProjects/66.Spotify_ETL/venv/lib/python3.8/site-packages/airflow/example_dags/example_kubernetes_executor.py took 0.066 seconds
[2021-06-06 06:32:33,334] {scheduler_job.py:182} INFO - Started process (PID=2433) to work on /media/PythonProjects/66.Spotify_ETL/venv/lib/python3.8/site-packages/airflow/example_dags/example_kubernetes_executor.py
[2021-06-06 06:32:33,335] {scheduler_job.py:633} INFO - Processing file /media/PythonProjects/66.Spotify_ETL/venv/lib/python3.8/site-packages/airflow/example_dags/example_kubernetes_executor.py for tasks to queue
[2021-06-06 06:32:33,336] {logging_mixin.py:104} INFO - [2021-06-06 06:32:33,336] {dagbag.py:487} INFO - Filling up the DagBag from /media/PythonProjects/66.Spotify_ETL/venv/lib/python3.8/site-packages/airflow/example_dags/example_kubernetes_executor.py
[2021-06-06 06:32:33,356] {scheduler_job.py:643} INFO - DAG(s) dict_keys(['example_kubernetes_executor']) retrieved from /media/PythonProjects/66.Spotify_ETL/venv/lib/python3.8/site-packages/airflow/example_dags/example_kubernetes_executor.py
[2021-06-06 06:32:33,374] {logging_mixin.py:104} INFO - [2021-06-06 06:32:33,374] {dag.py:1832} INFO - Sync 1 DAGs
[2021-06-06 06:32:33,389] {logging_mixin.py:104} INFO - [2021-06-06 06:32:33,389] {dag.py:2305} INFO - Setting next_dagrun for example_kubernetes_executor to None
[2021-06-06 06:32:33,414] {scheduler_job.py:190} INFO - Processing /media/PythonProjects/66.Spotify_ETL/venv/lib/python3.8/site-packages/airflow/example_dags/example_kubernetes_executor.py took 0.083 seconds
[2021-06-06 06:33:09,852] {scheduler_job.py:182} INFO - Started process (PID=2518) to work on /media/PythonProjects/66.Spotify_ETL/venv/lib/python3.8/site-packages/airflow/example_dags/example_kubernetes_executor.py
[2021-06-06 06:33:09,854] {scheduler_job.py:633} INFO - Processing file /media/PythonProjects/66.Spotify_ETL/venv/lib/python3.8/site-packages/airflow/example_dags/example_kubernetes_executor.py for tasks to queue
[2021-06-06 06:33:09,855] {logging_mixin.py:104} INFO - [2021-06-06 06:33:09,855] {dagbag.py:487} INFO - Filling up the DagBag from /media/PythonProjects/66.Spotify_ETL/venv/lib/python3.8/site-packages/airflow/example_dags/example_kubernetes_executor.py
[2021-06-06 06:33:09,871] {scheduler_job.py:643} INFO - DAG(s) dict_keys(['example_kubernetes_executor']) retrieved from /media/PythonProjects/66.Spotify_ETL/venv/lib/python3.8/site-packages/airflow/example_dags/example_kubernetes_executor.py
[2021-06-06 06:33:09,890] {logging_mixin.py:104} INFO - [2021-06-06 06:33:09,890] {dag.py:1832} INFO - Sync 1 DAGs
[2021-06-06 06:33:09,901] {logging_mixin.py:104} INFO - [2021-06-06 06:33:09,901] {dag.py:2305} INFO - Setting next_dagrun for example_kubernetes_executor to None
[2021-06-06 06:33:09,933] {scheduler_job.py:190} INFO - Processing /media/PythonProjects/66.Spotify_ETL/venv/lib/python3.8/site-packages/airflow/example_dags/example_kubernetes_executor.py took 0.083 seconds
[2021-06-06 06:33:43,675] {scheduler_job.py:182} INFO - Started process (PID=2575) to work on /media/PythonProjects/66.Spotify_ETL/venv/lib/python3.8/site-packages/airflow/example_dags/example_kubernetes_executor.py
[2021-06-06 06:33:43,677] {scheduler_job.py:633} INFO - Processing file /media/PythonProjects/66.Spotify_ETL/venv/lib/python3.8/site-packages/airflow/example_dags/example_kubernetes_executor.py for tasks to queue
[2021-06-06 06:33:43,678] {logging_mixin.py:104} INFO - [2021-06-06 06:33:43,678] {dagbag.py:487} INFO - Filling up the DagBag from /media/PythonProjects/66.Spotify_ETL/venv/lib/python3.8/site-packages/airflow/example_dags/example_kubernetes_executor.py
[2021-06-06 06:33:43,693] {scheduler_job.py:643} INFO - DAG(s) dict_keys(['example_kubernetes_executor']) retrieved from /media/PythonProjects/66.Spotify_ETL/venv/lib/python3.8/site-packages/airflow/example_dags/example_kubernetes_executor.py
[2021-06-06 06:33:43,708] {logging_mixin.py:104} INFO - [2021-06-06 06:33:43,708] {dag.py:1832} INFO - Sync 1 DAGs
[2021-06-06 06:33:43,719] {logging_mixin.py:104} INFO - [2021-06-06 06:33:43,719] {dag.py:2305} INFO - Setting next_dagrun for example_kubernetes_executor to None
[2021-06-06 06:33:43,744] {scheduler_job.py:190} INFO - Processing /media/PythonProjects/66.Spotify_ETL/venv/lib/python3.8/site-packages/airflow/example_dags/example_kubernetes_executor.py took 0.074 seconds
[2021-06-06 06:34:17,617] {scheduler_job.py:182} INFO - Started process (PID=2632) to work on /media/PythonProjects/66.Spotify_ETL/venv/lib/python3.8/site-packages/airflow/example_dags/example_kubernetes_executor.py
[2021-06-06 06:34:17,619] {scheduler_job.py:633} INFO - Processing file /media/PythonProjects/66.Spotify_ETL/venv/lib/python3.8/site-packages/airflow/example_dags/example_kubernetes_executor.py for tasks to queue
[2021-06-06 06:34:17,619] {logging_mixin.py:104} INFO - [2021-06-06 06:34:17,619] {dagbag.py:487} INFO - Filling up the DagBag from /media/PythonProjects/66.Spotify_ETL/venv/lib/python3.8/site-packages/airflow/example_dags/example_kubernetes_executor.py
[2021-06-06 06:34:17,633] {scheduler_job.py:643} INFO - DAG(s) dict_keys(['example_kubernetes_executor']) retrieved from /media/PythonProjects/66.Spotify_ETL/venv/lib/python3.8/site-packages/airflow/example_dags/example_kubernetes_executor.py
[2021-06-06 06:34:17,647] {logging_mixin.py:104} INFO - [2021-06-06 06:34:17,647] {dag.py:1832} INFO - Sync 1 DAGs
[2021-06-06 06:34:17,657] {logging_mixin.py:104} INFO - [2021-06-06 06:34:17,657] {dag.py:2305} INFO - Setting next_dagrun for example_kubernetes_executor to None
[2021-06-06 06:34:17,679] {scheduler_job.py:190} INFO - Processing /media/PythonProjects/66.Spotify_ETL/venv/lib/python3.8/site-packages/airflow/example_dags/example_kubernetes_executor.py took 0.064 seconds
[2021-06-06 06:34:49,786] {scheduler_job.py:182} INFO - Started process (PID=2691) to work on /media/PythonProjects/66.Spotify_ETL/venv/lib/python3.8/site-packages/airflow/example_dags/example_kubernetes_executor.py
[2021-06-06 06:34:49,788] {scheduler_job.py:633} INFO - Processing file /media/PythonProjects/66.Spotify_ETL/venv/lib/python3.8/site-packages/airflow/example_dags/example_kubernetes_executor.py for tasks to queue
[2021-06-06 06:34:49,789] {logging_mixin.py:104} INFO - [2021-06-06 06:34:49,788] {dagbag.py:487} INFO - Filling up the DagBag from /media/PythonProjects/66.Spotify_ETL/venv/lib/python3.8/site-packages/airflow/example_dags/example_kubernetes_executor.py
[2021-06-06 06:34:49,800] {scheduler_job.py:643} INFO - DAG(s) dict_keys(['example_kubernetes_executor']) retrieved from /media/PythonProjects/66.Spotify_ETL/venv/lib/python3.8/site-packages/airflow/example_dags/example_kubernetes_executor.py
[2021-06-06 06:34:49,813] {logging_mixin.py:104} INFO - [2021-06-06 06:34:49,813] {dag.py:1832} INFO - Sync 1 DAGs
[2021-06-06 06:34:49,823] {logging_mixin.py:104} INFO - [2021-06-06 06:34:49,823] {dag.py:2305} INFO - Setting next_dagrun for example_kubernetes_executor to None
[2021-06-06 06:34:49,845] {scheduler_job.py:190} INFO - Processing /media/PythonProjects/66.Spotify_ETL/venv/lib/python3.8/site-packages/airflow/example_dags/example_kubernetes_executor.py took 0.061 seconds
[2021-06-06 06:35:22,130] {scheduler_job.py:182} INFO - Started process (PID=2751) to work on /media/PythonProjects/66.Spotify_ETL/venv/lib/python3.8/site-packages/airflow/example_dags/example_kubernetes_executor.py
[2021-06-06 06:35:22,131] {scheduler_job.py:633} INFO - Processing file /media/PythonProjects/66.Spotify_ETL/venv/lib/python3.8/site-packages/airflow/example_dags/example_kubernetes_executor.py for tasks to queue
[2021-06-06 06:35:22,132] {logging_mixin.py:104} INFO - [2021-06-06 06:35:22,132] {dagbag.py:487} INFO - Filling up the DagBag from /media/PythonProjects/66.Spotify_ETL/venv/lib/python3.8/site-packages/airflow/example_dags/example_kubernetes_executor.py
[2021-06-06 06:35:22,143] {scheduler_job.py:643} INFO - DAG(s) dict_keys(['example_kubernetes_executor']) retrieved from /media/PythonProjects/66.Spotify_ETL/venv/lib/python3.8/site-packages/airflow/example_dags/example_kubernetes_executor.py
[2021-06-06 06:35:22,155] {logging_mixin.py:104} INFO - [2021-06-06 06:35:22,155] {dag.py:1832} INFO - Sync 1 DAGs
[2021-06-06 06:35:22,169] {logging_mixin.py:104} INFO - [2021-06-06 06:35:22,169] {dag.py:2305} INFO - Setting next_dagrun for example_kubernetes_executor to None
[2021-06-06 06:35:22,191] {scheduler_job.py:190} INFO - Processing /media/PythonProjects/66.Spotify_ETL/venv/lib/python3.8/site-packages/airflow/example_dags/example_kubernetes_executor.py took 0.064 seconds
[2021-06-06 06:35:55,849] {scheduler_job.py:182} INFO - Started process (PID=2812) to work on /media/PythonProjects/66.Spotify_ETL/venv/lib/python3.8/site-packages/airflow/example_dags/example_kubernetes_executor.py
[2021-06-06 06:35:55,851] {scheduler_job.py:633} INFO - Processing file /media/PythonProjects/66.Spotify_ETL/venv/lib/python3.8/site-packages/airflow/example_dags/example_kubernetes_executor.py for tasks to queue
[2021-06-06 06:35:55,851] {logging_mixin.py:104} INFO - [2021-06-06 06:35:55,851] {dagbag.py:487} INFO - Filling up the DagBag from /media/PythonProjects/66.Spotify_ETL/venv/lib/python3.8/site-packages/airflow/example_dags/example_kubernetes_executor.py
[2021-06-06 06:35:55,862] {scheduler_job.py:643} INFO - DAG(s) dict_keys(['example_kubernetes_executor']) retrieved from /media/PythonProjects/66.Spotify_ETL/venv/lib/python3.8/site-packages/airflow/example_dags/example_kubernetes_executor.py
[2021-06-06 06:35:55,874] {logging_mixin.py:104} INFO - [2021-06-06 06:35:55,874] {dag.py:1832} INFO - Sync 1 DAGs
[2021-06-06 06:35:55,883] {logging_mixin.py:104} INFO - [2021-06-06 06:35:55,883] {dag.py:2305} INFO - Setting next_dagrun for example_kubernetes_executor to None
[2021-06-06 06:35:55,902] {scheduler_job.py:190} INFO - Processing /media/PythonProjects/66.Spotify_ETL/venv/lib/python3.8/site-packages/airflow/example_dags/example_kubernetes_executor.py took 0.055 seconds
[2021-06-06 06:36:27,982] {scheduler_job.py:182} INFO - Started process (PID=2872) to work on /media/PythonProjects/66.Spotify_ETL/venv/lib/python3.8/site-packages/airflow/example_dags/example_kubernetes_executor.py
[2021-06-06 06:36:27,983] {scheduler_job.py:633} INFO - Processing file /media/PythonProjects/66.Spotify_ETL/venv/lib/python3.8/site-packages/airflow/example_dags/example_kubernetes_executor.py for tasks to queue
[2021-06-06 06:36:27,985] {logging_mixin.py:104} INFO - [2021-06-06 06:36:27,985] {dagbag.py:487} INFO - Filling up the DagBag from /media/PythonProjects/66.Spotify_ETL/venv/lib/python3.8/site-packages/airflow/example_dags/example_kubernetes_executor.py
[2021-06-06 06:36:28,001] {scheduler_job.py:643} INFO - DAG(s) dict_keys(['example_kubernetes_executor']) retrieved from /media/PythonProjects/66.Spotify_ETL/venv/lib/python3.8/site-packages/airflow/example_dags/example_kubernetes_executor.py
[2021-06-06 06:36:28,015] {logging_mixin.py:104} INFO - [2021-06-06 06:36:28,014] {dag.py:1832} INFO - Sync 1 DAGs
[2021-06-06 06:36:28,026] {logging_mixin.py:104} INFO - [2021-06-06 06:36:28,026] {dag.py:2305} INFO - Setting next_dagrun for example_kubernetes_executor to None
[2021-06-06 06:36:28,044] {scheduler_job.py:190} INFO - Processing /media/PythonProjects/66.Spotify_ETL/venv/lib/python3.8/site-packages/airflow/example_dags/example_kubernetes_executor.py took 0.065 seconds
[2021-06-06 06:36:58,098] {scheduler_job.py:182} INFO - Started process (PID=2926) to work on /media/PythonProjects/66.Spotify_ETL/venv/lib/python3.8/site-packages/airflow/example_dags/example_kubernetes_executor.py
[2021-06-06 06:36:58,099] {scheduler_job.py:633} INFO - Processing file /media/PythonProjects/66.Spotify_ETL/venv/lib/python3.8/site-packages/airflow/example_dags/example_kubernetes_executor.py for tasks to queue
[2021-06-06 06:36:58,100] {logging_mixin.py:104} INFO - [2021-06-06 06:36:58,100] {dagbag.py:487} INFO - Filling up the DagBag from /media/PythonProjects/66.Spotify_ETL/venv/lib/python3.8/site-packages/airflow/example_dags/example_kubernetes_executor.py
[2021-06-06 06:36:58,115] {scheduler_job.py:643} INFO - DAG(s) dict_keys(['example_kubernetes_executor']) retrieved from /media/PythonProjects/66.Spotify_ETL/venv/lib/python3.8/site-packages/airflow/example_dags/example_kubernetes_executor.py
[2021-06-06 06:36:58,129] {logging_mixin.py:104} INFO - [2021-06-06 06:36:58,129] {dag.py:1832} INFO - Sync 1 DAGs
[2021-06-06 06:36:58,150] {logging_mixin.py:104} INFO - [2021-06-06 06:36:58,149] {dag.py:2305} INFO - Setting next_dagrun for example_kubernetes_executor to None
[2021-06-06 06:36:58,176] {scheduler_job.py:190} INFO - Processing /media/PythonProjects/66.Spotify_ETL/venv/lib/python3.8/site-packages/airflow/example_dags/example_kubernetes_executor.py took 0.081 seconds
[2021-06-06 06:37:29,517] {scheduler_job.py:182} INFO - Started process (PID=2983) to work on /media/PythonProjects/66.Spotify_ETL/venv/lib/python3.8/site-packages/airflow/example_dags/example_kubernetes_executor.py
[2021-06-06 06:37:29,518] {scheduler_job.py:633} INFO - Processing file /media/PythonProjects/66.Spotify_ETL/venv/lib/python3.8/site-packages/airflow/example_dags/example_kubernetes_executor.py for tasks to queue
[2021-06-06 06:37:29,519] {logging_mixin.py:104} INFO - [2021-06-06 06:37:29,519] {dagbag.py:487} INFO - Filling up the DagBag from /media/PythonProjects/66.Spotify_ETL/venv/lib/python3.8/site-packages/airflow/example_dags/example_kubernetes_executor.py
[2021-06-06 06:37:29,533] {scheduler_job.py:643} INFO - DAG(s) dict_keys(['example_kubernetes_executor']) retrieved from /media/PythonProjects/66.Spotify_ETL/venv/lib/python3.8/site-packages/airflow/example_dags/example_kubernetes_executor.py
[2021-06-06 06:37:29,549] {logging_mixin.py:104} INFO - [2021-06-06 06:37:29,549] {dag.py:1832} INFO - Sync 1 DAGs
[2021-06-06 06:37:29,572] {logging_mixin.py:104} INFO - [2021-06-06 06:37:29,572] {dag.py:2305} INFO - Setting next_dagrun for example_kubernetes_executor to None
[2021-06-06 06:37:29,621] {scheduler_job.py:190} INFO - Processing /media/PythonProjects/66.Spotify_ETL/venv/lib/python3.8/site-packages/airflow/example_dags/example_kubernetes_executor.py took 0.107 seconds
[2021-06-06 06:38:02,998] {scheduler_job.py:182} INFO - Started process (PID=3042) to work on /media/PythonProjects/66.Spotify_ETL/venv/lib/python3.8/site-packages/airflow/example_dags/example_kubernetes_executor.py
[2021-06-06 06:38:03,000] {scheduler_job.py:633} INFO - Processing file /media/PythonProjects/66.Spotify_ETL/venv/lib/python3.8/site-packages/airflow/example_dags/example_kubernetes_executor.py for tasks to queue
[2021-06-06 06:38:03,001] {logging_mixin.py:104} INFO - [2021-06-06 06:38:03,000] {dagbag.py:487} INFO - Filling up the DagBag from /media/PythonProjects/66.Spotify_ETL/venv/lib/python3.8/site-packages/airflow/example_dags/example_kubernetes_executor.py
[2021-06-06 06:38:03,012] {scheduler_job.py:643} INFO - DAG(s) dict_keys(['example_kubernetes_executor']) retrieved from /media/PythonProjects/66.Spotify_ETL/venv/lib/python3.8/site-packages/airflow/example_dags/example_kubernetes_executor.py
[2021-06-06 06:38:03,025] {logging_mixin.py:104} INFO - [2021-06-06 06:38:03,025] {dag.py:1832} INFO - Sync 1 DAGs
[2021-06-06 06:38:03,035] {logging_mixin.py:104} INFO - [2021-06-06 06:38:03,035] {dag.py:2305} INFO - Setting next_dagrun for example_kubernetes_executor to None
[2021-06-06 06:38:03,054] {scheduler_job.py:190} INFO - Processing /media/PythonProjects/66.Spotify_ETL/venv/lib/python3.8/site-packages/airflow/example_dags/example_kubernetes_executor.py took 0.058 seconds
[2021-06-06 06:38:35,758] {scheduler_job.py:182} INFO - Started process (PID=3099) to work on /media/PythonProjects/66.Spotify_ETL/venv/lib/python3.8/site-packages/airflow/example_dags/example_kubernetes_executor.py
[2021-06-06 06:38:35,762] {scheduler_job.py:633} INFO - Processing file /media/PythonProjects/66.Spotify_ETL/venv/lib/python3.8/site-packages/airflow/example_dags/example_kubernetes_executor.py for tasks to queue
[2021-06-06 06:38:35,763] {logging_mixin.py:104} INFO - [2021-06-06 06:38:35,763] {dagbag.py:487} INFO - Filling up the DagBag from /media/PythonProjects/66.Spotify_ETL/venv/lib/python3.8/site-packages/airflow/example_dags/example_kubernetes_executor.py
[2021-06-06 06:38:35,778] {scheduler_job.py:643} INFO - DAG(s) dict_keys(['example_kubernetes_executor']) retrieved from /media/PythonProjects/66.Spotify_ETL/venv/lib/python3.8/site-packages/airflow/example_dags/example_kubernetes_executor.py
[2021-06-06 06:38:35,792] {logging_mixin.py:104} INFO - [2021-06-06 06:38:35,792] {dag.py:1832} INFO - Sync 1 DAGs
[2021-06-06 06:38:35,803] {logging_mixin.py:104} INFO - [2021-06-06 06:38:35,802] {dag.py:2305} INFO - Setting next_dagrun for example_kubernetes_executor to None
[2021-06-06 06:38:35,829] {scheduler_job.py:190} INFO - Processing /media/PythonProjects/66.Spotify_ETL/venv/lib/python3.8/site-packages/airflow/example_dags/example_kubernetes_executor.py took 0.077 seconds
[2021-06-06 06:39:07,507] {scheduler_job.py:182} INFO - Started process (PID=3153) to work on /media/PythonProjects/66.Spotify_ETL/venv/lib/python3.8/site-packages/airflow/example_dags/example_kubernetes_executor.py
[2021-06-06 06:39:07,513] {scheduler_job.py:633} INFO - Processing file /media/PythonProjects/66.Spotify_ETL/venv/lib/python3.8/site-packages/airflow/example_dags/example_kubernetes_executor.py for tasks to queue
[2021-06-06 06:39:07,514] {logging_mixin.py:104} INFO - [2021-06-06 06:39:07,514] {dagbag.py:487} INFO - Filling up the DagBag from /media/PythonProjects/66.Spotify_ETL/venv/lib/python3.8/site-packages/airflow/example_dags/example_kubernetes_executor.py
[2021-06-06 06:39:07,538] {scheduler_job.py:643} INFO - DAG(s) dict_keys(['example_kubernetes_executor']) retrieved from /media/PythonProjects/66.Spotify_ETL/venv/lib/python3.8/site-packages/airflow/example_dags/example_kubernetes_executor.py
[2021-06-06 06:39:07,557] {logging_mixin.py:104} INFO - [2021-06-06 06:39:07,556] {dag.py:1832} INFO - Sync 1 DAGs
[2021-06-06 06:39:07,584] {logging_mixin.py:104} INFO - [2021-06-06 06:39:07,583] {dag.py:2305} INFO - Setting next_dagrun for example_kubernetes_executor to None
[2021-06-06 06:39:07,620] {scheduler_job.py:190} INFO - Processing /media/PythonProjects/66.Spotify_ETL/venv/lib/python3.8/site-packages/airflow/example_dags/example_kubernetes_executor.py took 0.118 seconds
[2021-06-06 06:39:40,119] {scheduler_job.py:182} INFO - Started process (PID=3210) to work on /media/PythonProjects/66.Spotify_ETL/venv/lib/python3.8/site-packages/airflow/example_dags/example_kubernetes_executor.py
[2021-06-06 06:39:40,122] {scheduler_job.py:633} INFO - Processing file /media/PythonProjects/66.Spotify_ETL/venv/lib/python3.8/site-packages/airflow/example_dags/example_kubernetes_executor.py for tasks to queue
[2021-06-06 06:39:40,124] {logging_mixin.py:104} INFO - [2021-06-06 06:39:40,123] {dagbag.py:487} INFO - Filling up the DagBag from /media/PythonProjects/66.Spotify_ETL/venv/lib/python3.8/site-packages/airflow/example_dags/example_kubernetes_executor.py
[2021-06-06 06:39:40,142] {scheduler_job.py:643} INFO - DAG(s) dict_keys(['example_kubernetes_executor']) retrieved from /media/PythonProjects/66.Spotify_ETL/venv/lib/python3.8/site-packages/airflow/example_dags/example_kubernetes_executor.py
[2021-06-06 06:39:40,158] {logging_mixin.py:104} INFO - [2021-06-06 06:39:40,158] {dag.py:1832} INFO - Sync 1 DAGs
[2021-06-06 06:39:40,168] {logging_mixin.py:104} INFO - [2021-06-06 06:39:40,168] {dag.py:2305} INFO - Setting next_dagrun for example_kubernetes_executor to None
[2021-06-06 06:39:40,194] {scheduler_job.py:190} INFO - Processing /media/PythonProjects/66.Spotify_ETL/venv/lib/python3.8/site-packages/airflow/example_dags/example_kubernetes_executor.py took 0.084 seconds
[2021-06-06 06:40:13,140] {scheduler_job.py:182} INFO - Started process (PID=3264) to work on /media/PythonProjects/66.Spotify_ETL/venv/lib/python3.8/site-packages/airflow/example_dags/example_kubernetes_executor.py
[2021-06-06 06:40:13,141] {scheduler_job.py:633} INFO - Processing file /media/PythonProjects/66.Spotify_ETL/venv/lib/python3.8/site-packages/airflow/example_dags/example_kubernetes_executor.py for tasks to queue
[2021-06-06 06:40:13,142] {logging_mixin.py:104} INFO - [2021-06-06 06:40:13,142] {dagbag.py:487} INFO - Filling up the DagBag from /media/PythonProjects/66.Spotify_ETL/venv/lib/python3.8/site-packages/airflow/example_dags/example_kubernetes_executor.py
[2021-06-06 06:40:13,155] {scheduler_job.py:643} INFO - DAG(s) dict_keys(['example_kubernetes_executor']) retrieved from /media/PythonProjects/66.Spotify_ETL/venv/lib/python3.8/site-packages/airflow/example_dags/example_kubernetes_executor.py
[2021-06-06 06:40:13,170] {logging_mixin.py:104} INFO - [2021-06-06 06:40:13,170] {dag.py:1832} INFO - Sync 1 DAGs
[2021-06-06 06:40:13,182] {logging_mixin.py:104} INFO - [2021-06-06 06:40:13,182] {dag.py:2305} INFO - Setting next_dagrun for example_kubernetes_executor to None
[2021-06-06 06:40:13,204] {scheduler_job.py:190} INFO - Processing /media/PythonProjects/66.Spotify_ETL/venv/lib/python3.8/site-packages/airflow/example_dags/example_kubernetes_executor.py took 0.067 seconds
[2021-06-06 06:40:47,464] {scheduler_job.py:182} INFO - Started process (PID=3322) to work on /media/PythonProjects/66.Spotify_ETL/venv/lib/python3.8/site-packages/airflow/example_dags/example_kubernetes_executor.py
[2021-06-06 06:40:47,466] {scheduler_job.py:633} INFO - Processing file /media/PythonProjects/66.Spotify_ETL/venv/lib/python3.8/site-packages/airflow/example_dags/example_kubernetes_executor.py for tasks to queue
[2021-06-06 06:40:47,467] {logging_mixin.py:104} INFO - [2021-06-06 06:40:47,467] {dagbag.py:487} INFO - Filling up the DagBag from /media/PythonProjects/66.Spotify_ETL/venv/lib/python3.8/site-packages/airflow/example_dags/example_kubernetes_executor.py
[2021-06-06 06:40:47,482] {scheduler_job.py:643} INFO - DAG(s) dict_keys(['example_kubernetes_executor']) retrieved from /media/PythonProjects/66.Spotify_ETL/venv/lib/python3.8/site-packages/airflow/example_dags/example_kubernetes_executor.py
[2021-06-06 06:40:47,496] {logging_mixin.py:104} INFO - [2021-06-06 06:40:47,496] {dag.py:1832} INFO - Sync 1 DAGs
[2021-06-06 06:40:47,507] {logging_mixin.py:104} INFO - [2021-06-06 06:40:47,507] {dag.py:2305} INFO - Setting next_dagrun for example_kubernetes_executor to None
[2021-06-06 06:40:47,526] {scheduler_job.py:190} INFO - Processing /media/PythonProjects/66.Spotify_ETL/venv/lib/python3.8/site-packages/airflow/example_dags/example_kubernetes_executor.py took 0.070 seconds
[2021-06-06 06:41:18,157] {scheduler_job.py:182} INFO - Started process (PID=3377) to work on /media/PythonProjects/66.Spotify_ETL/venv/lib/python3.8/site-packages/airflow/example_dags/example_kubernetes_executor.py
[2021-06-06 06:41:18,160] {scheduler_job.py:633} INFO - Processing file /media/PythonProjects/66.Spotify_ETL/venv/lib/python3.8/site-packages/airflow/example_dags/example_kubernetes_executor.py for tasks to queue
[2021-06-06 06:41:18,161] {logging_mixin.py:104} INFO - [2021-06-06 06:41:18,161] {dagbag.py:487} INFO - Filling up the DagBag from /media/PythonProjects/66.Spotify_ETL/venv/lib/python3.8/site-packages/airflow/example_dags/example_kubernetes_executor.py
[2021-06-06 06:41:18,174] {scheduler_job.py:643} INFO - DAG(s) dict_keys(['example_kubernetes_executor']) retrieved from /media/PythonProjects/66.Spotify_ETL/venv/lib/python3.8/site-packages/airflow/example_dags/example_kubernetes_executor.py
[2021-06-06 06:41:18,188] {logging_mixin.py:104} INFO - [2021-06-06 06:41:18,188] {dag.py:1832} INFO - Sync 1 DAGs
[2021-06-06 06:41:18,200] {logging_mixin.py:104} INFO - [2021-06-06 06:41:18,200] {dag.py:2305} INFO - Setting next_dagrun for example_kubernetes_executor to None
[2021-06-06 06:41:18,222] {scheduler_job.py:190} INFO - Processing /media/PythonProjects/66.Spotify_ETL/venv/lib/python3.8/site-packages/airflow/example_dags/example_kubernetes_executor.py took 0.070 seconds
[2021-06-06 06:41:49,592] {scheduler_job.py:182} INFO - Started process (PID=3433) to work on /media/PythonProjects/66.Spotify_ETL/venv/lib/python3.8/site-packages/airflow/example_dags/example_kubernetes_executor.py
[2021-06-06 06:41:49,594] {scheduler_job.py:633} INFO - Processing file /media/PythonProjects/66.Spotify_ETL/venv/lib/python3.8/site-packages/airflow/example_dags/example_kubernetes_executor.py for tasks to queue
[2021-06-06 06:41:49,595] {logging_mixin.py:104} INFO - [2021-06-06 06:41:49,595] {dagbag.py:487} INFO - Filling up the DagBag from /media/PythonProjects/66.Spotify_ETL/venv/lib/python3.8/site-packages/airflow/example_dags/example_kubernetes_executor.py
[2021-06-06 06:41:49,609] {scheduler_job.py:643} INFO - DAG(s) dict_keys(['example_kubernetes_executor']) retrieved from /media/PythonProjects/66.Spotify_ETL/venv/lib/python3.8/site-packages/airflow/example_dags/example_kubernetes_executor.py
[2021-06-06 06:41:49,624] {logging_mixin.py:104} INFO - [2021-06-06 06:41:49,624] {dag.py:1832} INFO - Sync 1 DAGs
[2021-06-06 06:41:49,635] {logging_mixin.py:104} INFO - [2021-06-06 06:41:49,635] {dag.py:2305} INFO - Setting next_dagrun for example_kubernetes_executor to None
[2021-06-06 06:41:49,657] {scheduler_job.py:190} INFO - Processing /media/PythonProjects/66.Spotify_ETL/venv/lib/python3.8/site-packages/airflow/example_dags/example_kubernetes_executor.py took 0.070 seconds
[2021-06-06 06:42:21,696] {scheduler_job.py:182} INFO - Started process (PID=3489) to work on /media/PythonProjects/66.Spotify_ETL/venv/lib/python3.8/site-packages/airflow/example_dags/example_kubernetes_executor.py
[2021-06-06 06:42:21,698] {scheduler_job.py:633} INFO - Processing file /media/PythonProjects/66.Spotify_ETL/venv/lib/python3.8/site-packages/airflow/example_dags/example_kubernetes_executor.py for tasks to queue
[2021-06-06 06:42:21,699] {logging_mixin.py:104} INFO - [2021-06-06 06:42:21,699] {dagbag.py:487} INFO - Filling up the DagBag from /media/PythonProjects/66.Spotify_ETL/venv/lib/python3.8/site-packages/airflow/example_dags/example_kubernetes_executor.py
[2021-06-06 06:42:21,713] {scheduler_job.py:643} INFO - DAG(s) dict_keys(['example_kubernetes_executor']) retrieved from /media/PythonProjects/66.Spotify_ETL/venv/lib/python3.8/site-packages/airflow/example_dags/example_kubernetes_executor.py
[2021-06-06 06:42:21,726] {logging_mixin.py:104} INFO - [2021-06-06 06:42:21,726] {dag.py:1832} INFO - Sync 1 DAGs
[2021-06-06 06:42:21,736] {logging_mixin.py:104} INFO - [2021-06-06 06:42:21,736] {dag.py:2305} INFO - Setting next_dagrun for example_kubernetes_executor to None
[2021-06-06 06:42:21,756] {scheduler_job.py:190} INFO - Processing /media/PythonProjects/66.Spotify_ETL/venv/lib/python3.8/site-packages/airflow/example_dags/example_kubernetes_executor.py took 0.066 seconds
[2021-06-06 06:42:52,668] {scheduler_job.py:182} INFO - Started process (PID=3544) to work on /media/PythonProjects/66.Spotify_ETL/venv/lib/python3.8/site-packages/airflow/example_dags/example_kubernetes_executor.py
[2021-06-06 06:42:52,669] {scheduler_job.py:633} INFO - Processing file /media/PythonProjects/66.Spotify_ETL/venv/lib/python3.8/site-packages/airflow/example_dags/example_kubernetes_executor.py for tasks to queue
[2021-06-06 06:42:52,669] {logging_mixin.py:104} INFO - [2021-06-06 06:42:52,669] {dagbag.py:487} INFO - Filling up the DagBag from /media/PythonProjects/66.Spotify_ETL/venv/lib/python3.8/site-packages/airflow/example_dags/example_kubernetes_executor.py
[2021-06-06 06:42:52,683] {scheduler_job.py:643} INFO - DAG(s) dict_keys(['example_kubernetes_executor']) retrieved from /media/PythonProjects/66.Spotify_ETL/venv/lib/python3.8/site-packages/airflow/example_dags/example_kubernetes_executor.py
[2021-06-06 06:42:52,699] {logging_mixin.py:104} INFO - [2021-06-06 06:42:52,698] {dag.py:1832} INFO - Sync 1 DAGs
[2021-06-06 06:42:52,711] {logging_mixin.py:104} INFO - [2021-06-06 06:42:52,711] {dag.py:2305} INFO - Setting next_dagrun for example_kubernetes_executor to None
[2021-06-06 06:42:52,731] {scheduler_job.py:190} INFO - Processing /media/PythonProjects/66.Spotify_ETL/venv/lib/python3.8/site-packages/airflow/example_dags/example_kubernetes_executor.py took 0.067 seconds
[2021-06-06 06:43:24,795] {scheduler_job.py:182} INFO - Started process (PID=3603) to work on /media/PythonProjects/66.Spotify_ETL/venv/lib/python3.8/site-packages/airflow/example_dags/example_kubernetes_executor.py
[2021-06-06 06:43:24,797] {scheduler_job.py:633} INFO - Processing file /media/PythonProjects/66.Spotify_ETL/venv/lib/python3.8/site-packages/airflow/example_dags/example_kubernetes_executor.py for tasks to queue
[2021-06-06 06:43:24,797] {logging_mixin.py:104} INFO - [2021-06-06 06:43:24,797] {dagbag.py:487} INFO - Filling up the DagBag from /media/PythonProjects/66.Spotify_ETL/venv/lib/python3.8/site-packages/airflow/example_dags/example_kubernetes_executor.py
[2021-06-06 06:43:24,809] {scheduler_job.py:643} INFO - DAG(s) dict_keys(['example_kubernetes_executor']) retrieved from /media/PythonProjects/66.Spotify_ETL/venv/lib/python3.8/site-packages/airflow/example_dags/example_kubernetes_executor.py
[2021-06-06 06:43:24,822] {logging_mixin.py:104} INFO - [2021-06-06 06:43:24,822] {dag.py:1832} INFO - Sync 1 DAGs
[2021-06-06 06:43:24,834] {logging_mixin.py:104} INFO - [2021-06-06 06:43:24,834] {dag.py:2305} INFO - Setting next_dagrun for example_kubernetes_executor to None
[2021-06-06 06:43:24,862] {scheduler_job.py:190} INFO - Processing /media/PythonProjects/66.Spotify_ETL/venv/lib/python3.8/site-packages/airflow/example_dags/example_kubernetes_executor.py took 0.069 seconds
[2021-06-06 06:43:56,043] {scheduler_job.py:182} INFO - Started process (PID=3658) to work on /media/PythonProjects/66.Spotify_ETL/venv/lib/python3.8/site-packages/airflow/example_dags/example_kubernetes_executor.py
[2021-06-06 06:43:56,044] {scheduler_job.py:633} INFO - Processing file /media/PythonProjects/66.Spotify_ETL/venv/lib/python3.8/site-packages/airflow/example_dags/example_kubernetes_executor.py for tasks to queue
[2021-06-06 06:43:56,044] {logging_mixin.py:104} INFO - [2021-06-06 06:43:56,044] {dagbag.py:487} INFO - Filling up the DagBag from /media/PythonProjects/66.Spotify_ETL/venv/lib/python3.8/site-packages/airflow/example_dags/example_kubernetes_executor.py
[2021-06-06 06:43:56,056] {scheduler_job.py:643} INFO - DAG(s) dict_keys(['example_kubernetes_executor']) retrieved from /media/PythonProjects/66.Spotify_ETL/venv/lib/python3.8/site-packages/airflow/example_dags/example_kubernetes_executor.py
[2021-06-06 06:43:56,069] {logging_mixin.py:104} INFO - [2021-06-06 06:43:56,069] {dag.py:1832} INFO - Sync 1 DAGs
[2021-06-06 06:43:56,079] {logging_mixin.py:104} INFO - [2021-06-06 06:43:56,079] {dag.py:2305} INFO - Setting next_dagrun for example_kubernetes_executor to None
[2021-06-06 06:43:56,099] {scheduler_job.py:190} INFO - Processing /media/PythonProjects/66.Spotify_ETL/venv/lib/python3.8/site-packages/airflow/example_dags/example_kubernetes_executor.py took 0.059 seconds
[2021-06-06 06:44:28,811] {scheduler_job.py:182} INFO - Started process (PID=3713) to work on /media/PythonProjects/66.Spotify_ETL/venv/lib/python3.8/site-packages/airflow/example_dags/example_kubernetes_executor.py
[2021-06-06 06:44:28,813] {scheduler_job.py:633} INFO - Processing file /media/PythonProjects/66.Spotify_ETL/venv/lib/python3.8/site-packages/airflow/example_dags/example_kubernetes_executor.py for tasks to queue
[2021-06-06 06:44:28,814] {logging_mixin.py:104} INFO - [2021-06-06 06:44:28,813] {dagbag.py:487} INFO - Filling up the DagBag from /media/PythonProjects/66.Spotify_ETL/venv/lib/python3.8/site-packages/airflow/example_dags/example_kubernetes_executor.py
[2021-06-06 06:44:28,835] {scheduler_job.py:643} INFO - DAG(s) dict_keys(['example_kubernetes_executor']) retrieved from /media/PythonProjects/66.Spotify_ETL/venv/lib/python3.8/site-packages/airflow/example_dags/example_kubernetes_executor.py
[2021-06-06 06:44:28,852] {logging_mixin.py:104} INFO - [2021-06-06 06:44:28,852] {dag.py:1832} INFO - Sync 1 DAGs
[2021-06-06 06:44:28,873] {logging_mixin.py:104} INFO - [2021-06-06 06:44:28,873] {dag.py:2305} INFO - Setting next_dagrun for example_kubernetes_executor to None
[2021-06-06 06:44:28,909] {scheduler_job.py:190} INFO - Processing /media/PythonProjects/66.Spotify_ETL/venv/lib/python3.8/site-packages/airflow/example_dags/example_kubernetes_executor.py took 0.102 seconds
[2021-06-06 06:45:03,024] {scheduler_job.py:182} INFO - Started process (PID=3770) to work on /media/PythonProjects/66.Spotify_ETL/venv/lib/python3.8/site-packages/airflow/example_dags/example_kubernetes_executor.py
[2021-06-06 06:45:03,026] {scheduler_job.py:633} INFO - Processing file /media/PythonProjects/66.Spotify_ETL/venv/lib/python3.8/site-packages/airflow/example_dags/example_kubernetes_executor.py for tasks to queue
[2021-06-06 06:45:03,027] {logging_mixin.py:104} INFO - [2021-06-06 06:45:03,027] {dagbag.py:487} INFO - Filling up the DagBag from /media/PythonProjects/66.Spotify_ETL/venv/lib/python3.8/site-packages/airflow/example_dags/example_kubernetes_executor.py
[2021-06-06 06:45:03,042] {scheduler_job.py:643} INFO - DAG(s) dict_keys(['example_kubernetes_executor']) retrieved from /media/PythonProjects/66.Spotify_ETL/venv/lib/python3.8/site-packages/airflow/example_dags/example_kubernetes_executor.py
[2021-06-06 06:45:03,056] {logging_mixin.py:104} INFO - [2021-06-06 06:45:03,056] {dag.py:1832} INFO - Sync 1 DAGs
[2021-06-06 06:45:03,066] {logging_mixin.py:104} INFO - [2021-06-06 06:45:03,066] {dag.py:2305} INFO - Setting next_dagrun for example_kubernetes_executor to None
[2021-06-06 06:45:03,087] {scheduler_job.py:190} INFO - Processing /media/PythonProjects/66.Spotify_ETL/venv/lib/python3.8/site-packages/airflow/example_dags/example_kubernetes_executor.py took 0.069 seconds
[2021-06-06 06:45:35,093] {scheduler_job.py:182} INFO - Started process (PID=3965) to work on /media/PythonProjects/66.Spotify_ETL/venv/lib/python3.8/site-packages/airflow/example_dags/example_kubernetes_executor.py
[2021-06-06 06:45:35,095] {scheduler_job.py:633} INFO - Processing file /media/PythonProjects/66.Spotify_ETL/venv/lib/python3.8/site-packages/airflow/example_dags/example_kubernetes_executor.py for tasks to queue
[2021-06-06 06:45:35,096] {logging_mixin.py:104} INFO - [2021-06-06 06:45:35,096] {dagbag.py:487} INFO - Filling up the DagBag from /media/PythonProjects/66.Spotify_ETL/venv/lib/python3.8/site-packages/airflow/example_dags/example_kubernetes_executor.py
[2021-06-06 06:45:35,109] {scheduler_job.py:643} INFO - DAG(s) dict_keys(['example_kubernetes_executor']) retrieved from /media/PythonProjects/66.Spotify_ETL/venv/lib/python3.8/site-packages/airflow/example_dags/example_kubernetes_executor.py
[2021-06-06 06:45:35,122] {logging_mixin.py:104} INFO - [2021-06-06 06:45:35,122] {dag.py:1832} INFO - Sync 1 DAGs
[2021-06-06 06:45:35,133] {logging_mixin.py:104} INFO - [2021-06-06 06:45:35,133] {dag.py:2305} INFO - Setting next_dagrun for example_kubernetes_executor to None
[2021-06-06 06:45:35,153] {scheduler_job.py:190} INFO - Processing /media/PythonProjects/66.Spotify_ETL/venv/lib/python3.8/site-packages/airflow/example_dags/example_kubernetes_executor.py took 0.067 seconds
[2021-06-06 06:46:06,950] {scheduler_job.py:182} INFO - Started process (PID=4243) to work on /media/PythonProjects/66.Spotify_ETL/venv/lib/python3.8/site-packages/airflow/example_dags/example_kubernetes_executor.py
[2021-06-06 06:46:06,951] {scheduler_job.py:633} INFO - Processing file /media/PythonProjects/66.Spotify_ETL/venv/lib/python3.8/site-packages/airflow/example_dags/example_kubernetes_executor.py for tasks to queue
[2021-06-06 06:46:06,952] {logging_mixin.py:104} INFO - [2021-06-06 06:46:06,952] {dagbag.py:487} INFO - Filling up the DagBag from /media/PythonProjects/66.Spotify_ETL/venv/lib/python3.8/site-packages/airflow/example_dags/example_kubernetes_executor.py
[2021-06-06 06:46:06,969] {scheduler_job.py:643} INFO - DAG(s) dict_keys(['example_kubernetes_executor']) retrieved from /media/PythonProjects/66.Spotify_ETL/venv/lib/python3.8/site-packages/airflow/example_dags/example_kubernetes_executor.py
[2021-06-06 06:46:06,986] {logging_mixin.py:104} INFO - [2021-06-06 06:46:06,986] {dag.py:1832} INFO - Sync 1 DAGs
[2021-06-06 06:46:06,999] {logging_mixin.py:104} INFO - [2021-06-06 06:46:06,999] {dag.py:2305} INFO - Setting next_dagrun for example_kubernetes_executor to None
[2021-06-06 06:46:07,037] {scheduler_job.py:190} INFO - Processing /media/PythonProjects/66.Spotify_ETL/venv/lib/python3.8/site-packages/airflow/example_dags/example_kubernetes_executor.py took 0.090 seconds
>>>>>>> a36d51d4f01a602def4b5ca237d9cd16ee6cc130
