<<<<<<< HEAD
[2021-06-06 06:32:16,338] {scheduler_job.py:182} INFO - Started process (PID=2405) to work on /media/PythonProjects/66.Spotify_ETL/venv/lib/python3.8/site-packages/airflow/example_dags/example_task_group_decorator.py
[2021-06-06 06:32:16,340] {scheduler_job.py:633} INFO - Processing file /media/PythonProjects/66.Spotify_ETL/venv/lib/python3.8/site-packages/airflow/example_dags/example_task_group_decorator.py for tasks to queue
[2021-06-06 06:32:16,341] {logging_mixin.py:104} INFO - [2021-06-06 06:32:16,341] {dagbag.py:487} INFO - Filling up the DagBag from /media/PythonProjects/66.Spotify_ETL/venv/lib/python3.8/site-packages/airflow/example_dags/example_task_group_decorator.py
[2021-06-06 06:32:16,368] {scheduler_job.py:643} INFO - DAG(s) dict_keys(['example_task_group_decorator']) retrieved from /media/PythonProjects/66.Spotify_ETL/venv/lib/python3.8/site-packages/airflow/example_dags/example_task_group_decorator.py
[2021-06-06 06:32:16,863] {logging_mixin.py:104} INFO - [2021-06-06 06:32:16,863] {dag.py:1832} INFO - Sync 1 DAGs
[2021-06-06 06:32:16,882] {logging_mixin.py:104} INFO - [2021-06-06 06:32:16,882] {dag.py:2305} INFO - Setting next_dagrun for example_task_group_decorator to 2021-06-04 00:00:00+00:00
[2021-06-06 06:32:16,929] {scheduler_job.py:190} INFO - Processing /media/PythonProjects/66.Spotify_ETL/venv/lib/python3.8/site-packages/airflow/example_dags/example_task_group_decorator.py took 0.596 seconds
[2021-06-06 06:32:53,276] {scheduler_job.py:182} INFO - Started process (PID=2491) to work on /media/PythonProjects/66.Spotify_ETL/venv/lib/python3.8/site-packages/airflow/example_dags/example_task_group_decorator.py
[2021-06-06 06:32:53,278] {scheduler_job.py:633} INFO - Processing file /media/PythonProjects/66.Spotify_ETL/venv/lib/python3.8/site-packages/airflow/example_dags/example_task_group_decorator.py for tasks to queue
[2021-06-06 06:32:53,279] {logging_mixin.py:104} INFO - [2021-06-06 06:32:53,278] {dagbag.py:487} INFO - Filling up the DagBag from /media/PythonProjects/66.Spotify_ETL/venv/lib/python3.8/site-packages/airflow/example_dags/example_task_group_decorator.py
[2021-06-06 06:32:53,308] {scheduler_job.py:643} INFO - DAG(s) dict_keys(['example_task_group_decorator']) retrieved from /media/PythonProjects/66.Spotify_ETL/venv/lib/python3.8/site-packages/airflow/example_dags/example_task_group_decorator.py
[2021-06-06 06:32:53,596] {logging_mixin.py:104} INFO - [2021-06-06 06:32:53,595] {dag.py:1832} INFO - Sync 1 DAGs
[2021-06-06 06:32:53,605] {logging_mixin.py:104} INFO - [2021-06-06 06:32:53,605] {dag.py:2305} INFO - Setting next_dagrun for example_task_group_decorator to 2021-06-04 00:00:00+00:00
[2021-06-06 06:32:53,628] {scheduler_job.py:190} INFO - Processing /media/PythonProjects/66.Spotify_ETL/venv/lib/python3.8/site-packages/airflow/example_dags/example_task_group_decorator.py took 0.356 seconds
[2021-06-06 06:33:27,401] {scheduler_job.py:182} INFO - Started process (PID=2548) to work on /media/PythonProjects/66.Spotify_ETL/venv/lib/python3.8/site-packages/airflow/example_dags/example_task_group_decorator.py
[2021-06-06 06:33:27,403] {scheduler_job.py:633} INFO - Processing file /media/PythonProjects/66.Spotify_ETL/venv/lib/python3.8/site-packages/airflow/example_dags/example_task_group_decorator.py for tasks to queue
[2021-06-06 06:33:27,404] {logging_mixin.py:104} INFO - [2021-06-06 06:33:27,403] {dagbag.py:487} INFO - Filling up the DagBag from /media/PythonProjects/66.Spotify_ETL/venv/lib/python3.8/site-packages/airflow/example_dags/example_task_group_decorator.py
[2021-06-06 06:33:27,427] {scheduler_job.py:643} INFO - DAG(s) dict_keys(['example_task_group_decorator']) retrieved from /media/PythonProjects/66.Spotify_ETL/venv/lib/python3.8/site-packages/airflow/example_dags/example_task_group_decorator.py
[2021-06-06 06:33:27,658] {logging_mixin.py:104} INFO - [2021-06-06 06:33:27,658] {dag.py:1832} INFO - Sync 1 DAGs
[2021-06-06 06:33:27,666] {logging_mixin.py:104} INFO - [2021-06-06 06:33:27,666] {dag.py:2305} INFO - Setting next_dagrun for example_task_group_decorator to 2021-06-04 00:00:00+00:00
[2021-06-06 06:33:27,686] {scheduler_job.py:190} INFO - Processing /media/PythonProjects/66.Spotify_ETL/venv/lib/python3.8/site-packages/airflow/example_dags/example_task_group_decorator.py took 0.289 seconds
[2021-06-06 06:34:04,396] {scheduler_job.py:182} INFO - Started process (PID=2610) to work on /media/PythonProjects/66.Spotify_ETL/venv/lib/python3.8/site-packages/airflow/example_dags/example_task_group_decorator.py
[2021-06-06 06:34:04,402] {scheduler_job.py:633} INFO - Processing file /media/PythonProjects/66.Spotify_ETL/venv/lib/python3.8/site-packages/airflow/example_dags/example_task_group_decorator.py for tasks to queue
[2021-06-06 06:34:04,403] {logging_mixin.py:104} INFO - [2021-06-06 06:34:04,403] {dagbag.py:487} INFO - Filling up the DagBag from /media/PythonProjects/66.Spotify_ETL/venv/lib/python3.8/site-packages/airflow/example_dags/example_task_group_decorator.py
[2021-06-06 06:34:04,435] {scheduler_job.py:643} INFO - DAG(s) dict_keys(['example_task_group_decorator']) retrieved from /media/PythonProjects/66.Spotify_ETL/venv/lib/python3.8/site-packages/airflow/example_dags/example_task_group_decorator.py
[2021-06-06 06:34:04,867] {logging_mixin.py:104} INFO - [2021-06-06 06:34:04,867] {dag.py:1832} INFO - Sync 1 DAGs
[2021-06-06 06:34:04,883] {logging_mixin.py:104} INFO - [2021-06-06 06:34:04,883] {dag.py:2305} INFO - Setting next_dagrun for example_task_group_decorator to 2021-06-04 00:00:00+00:00
[2021-06-06 06:34:04,911] {scheduler_job.py:190} INFO - Processing /media/PythonProjects/66.Spotify_ETL/venv/lib/python3.8/site-packages/airflow/example_dags/example_task_group_decorator.py took 0.520 seconds
[2021-06-06 06:34:38,268] {scheduler_job.py:182} INFO - Started process (PID=2670) to work on /media/PythonProjects/66.Spotify_ETL/venv/lib/python3.8/site-packages/airflow/example_dags/example_task_group_decorator.py
[2021-06-06 06:34:38,270] {scheduler_job.py:633} INFO - Processing file /media/PythonProjects/66.Spotify_ETL/venv/lib/python3.8/site-packages/airflow/example_dags/example_task_group_decorator.py for tasks to queue
[2021-06-06 06:34:38,271] {logging_mixin.py:104} INFO - [2021-06-06 06:34:38,271] {dagbag.py:487} INFO - Filling up the DagBag from /media/PythonProjects/66.Spotify_ETL/venv/lib/python3.8/site-packages/airflow/example_dags/example_task_group_decorator.py
[2021-06-06 06:34:38,293] {scheduler_job.py:643} INFO - DAG(s) dict_keys(['example_task_group_decorator']) retrieved from /media/PythonProjects/66.Spotify_ETL/venv/lib/python3.8/site-packages/airflow/example_dags/example_task_group_decorator.py
[2021-06-06 06:34:38,511] {logging_mixin.py:104} INFO - [2021-06-06 06:34:38,511] {dag.py:1832} INFO - Sync 1 DAGs
[2021-06-06 06:34:38,520] {logging_mixin.py:104} INFO - [2021-06-06 06:34:38,519] {dag.py:2305} INFO - Setting next_dagrun for example_task_group_decorator to 2021-06-04 00:00:00+00:00
[2021-06-06 06:34:38,545] {scheduler_job.py:190} INFO - Processing /media/PythonProjects/66.Spotify_ETL/venv/lib/python3.8/site-packages/airflow/example_dags/example_task_group_decorator.py took 0.282 seconds
[2021-06-06 06:35:11,246] {scheduler_job.py:182} INFO - Started process (PID=2731) to work on /media/PythonProjects/66.Spotify_ETL/venv/lib/python3.8/site-packages/airflow/example_dags/example_task_group_decorator.py
[2021-06-06 06:35:11,251] {scheduler_job.py:633} INFO - Processing file /media/PythonProjects/66.Spotify_ETL/venv/lib/python3.8/site-packages/airflow/example_dags/example_task_group_decorator.py for tasks to queue
[2021-06-06 06:35:11,252] {logging_mixin.py:104} INFO - [2021-06-06 06:35:11,252] {dagbag.py:487} INFO - Filling up the DagBag from /media/PythonProjects/66.Spotify_ETL/venv/lib/python3.8/site-packages/airflow/example_dags/example_task_group_decorator.py
[2021-06-06 06:35:11,271] {scheduler_job.py:643} INFO - DAG(s) dict_keys(['example_task_group_decorator']) retrieved from /media/PythonProjects/66.Spotify_ETL/venv/lib/python3.8/site-packages/airflow/example_dags/example_task_group_decorator.py
[2021-06-06 06:35:11,591] {logging_mixin.py:104} INFO - [2021-06-06 06:35:11,591] {dag.py:1832} INFO - Sync 1 DAGs
[2021-06-06 06:35:11,603] {logging_mixin.py:104} INFO - [2021-06-06 06:35:11,603] {dag.py:2305} INFO - Setting next_dagrun for example_task_group_decorator to 2021-06-04 00:00:00+00:00
[2021-06-06 06:35:11,647] {scheduler_job.py:190} INFO - Processing /media/PythonProjects/66.Spotify_ETL/venv/lib/python3.8/site-packages/airflow/example_dags/example_task_group_decorator.py took 0.405 seconds
[2021-06-06 06:35:45,106] {scheduler_job.py:182} INFO - Started process (PID=2794) to work on /media/PythonProjects/66.Spotify_ETL/venv/lib/python3.8/site-packages/airflow/example_dags/example_task_group_decorator.py
[2021-06-06 06:35:45,108] {scheduler_job.py:633} INFO - Processing file /media/PythonProjects/66.Spotify_ETL/venv/lib/python3.8/site-packages/airflow/example_dags/example_task_group_decorator.py for tasks to queue
[2021-06-06 06:35:45,109] {logging_mixin.py:104} INFO - [2021-06-06 06:35:45,109] {dagbag.py:487} INFO - Filling up the DagBag from /media/PythonProjects/66.Spotify_ETL/venv/lib/python3.8/site-packages/airflow/example_dags/example_task_group_decorator.py
[2021-06-06 06:35:45,142] {scheduler_job.py:643} INFO - DAG(s) dict_keys(['example_task_group_decorator']) retrieved from /media/PythonProjects/66.Spotify_ETL/venv/lib/python3.8/site-packages/airflow/example_dags/example_task_group_decorator.py
[2021-06-06 06:35:45,455] {logging_mixin.py:104} INFO - [2021-06-06 06:35:45,455] {dag.py:1832} INFO - Sync 1 DAGs
[2021-06-06 06:35:45,463] {logging_mixin.py:104} INFO - [2021-06-06 06:35:45,463] {dag.py:2305} INFO - Setting next_dagrun for example_task_group_decorator to 2021-06-04 00:00:00+00:00
[2021-06-06 06:35:45,481] {scheduler_job.py:190} INFO - Processing /media/PythonProjects/66.Spotify_ETL/venv/lib/python3.8/site-packages/airflow/example_dags/example_task_group_decorator.py took 0.378 seconds
[2021-06-06 06:36:18,652] {scheduler_job.py:182} INFO - Started process (PID=2855) to work on /media/PythonProjects/66.Spotify_ETL/venv/lib/python3.8/site-packages/airflow/example_dags/example_task_group_decorator.py
[2021-06-06 06:36:18,653] {scheduler_job.py:633} INFO - Processing file /media/PythonProjects/66.Spotify_ETL/venv/lib/python3.8/site-packages/airflow/example_dags/example_task_group_decorator.py for tasks to queue
[2021-06-06 06:36:18,654] {logging_mixin.py:104} INFO - [2021-06-06 06:36:18,653] {dagbag.py:487} INFO - Filling up the DagBag from /media/PythonProjects/66.Spotify_ETL/venv/lib/python3.8/site-packages/airflow/example_dags/example_task_group_decorator.py
[2021-06-06 06:36:18,673] {scheduler_job.py:643} INFO - DAG(s) dict_keys(['example_task_group_decorator']) retrieved from /media/PythonProjects/66.Spotify_ETL/venv/lib/python3.8/site-packages/airflow/example_dags/example_task_group_decorator.py
[2021-06-06 06:36:18,902] {logging_mixin.py:104} INFO - [2021-06-06 06:36:18,902] {dag.py:1832} INFO - Sync 1 DAGs
[2021-06-06 06:36:18,911] {logging_mixin.py:104} INFO - [2021-06-06 06:36:18,911] {dag.py:2305} INFO - Setting next_dagrun for example_task_group_decorator to 2021-06-04 00:00:00+00:00
[2021-06-06 06:36:18,931] {scheduler_job.py:190} INFO - Processing /media/PythonProjects/66.Spotify_ETL/venv/lib/python3.8/site-packages/airflow/example_dags/example_task_group_decorator.py took 0.282 seconds
[2021-06-06 06:36:51,226] {scheduler_job.py:182} INFO - Started process (PID=2913) to work on /media/PythonProjects/66.Spotify_ETL/venv/lib/python3.8/site-packages/airflow/example_dags/example_task_group_decorator.py
[2021-06-06 06:36:51,228] {scheduler_job.py:633} INFO - Processing file /media/PythonProjects/66.Spotify_ETL/venv/lib/python3.8/site-packages/airflow/example_dags/example_task_group_decorator.py for tasks to queue
[2021-06-06 06:36:51,229] {logging_mixin.py:104} INFO - [2021-06-06 06:36:51,229] {dagbag.py:487} INFO - Filling up the DagBag from /media/PythonProjects/66.Spotify_ETL/venv/lib/python3.8/site-packages/airflow/example_dags/example_task_group_decorator.py
[2021-06-06 06:36:51,251] {scheduler_job.py:643} INFO - DAG(s) dict_keys(['example_task_group_decorator']) retrieved from /media/PythonProjects/66.Spotify_ETL/venv/lib/python3.8/site-packages/airflow/example_dags/example_task_group_decorator.py
[2021-06-06 06:36:51,479] {logging_mixin.py:104} INFO - [2021-06-06 06:36:51,479] {dag.py:1832} INFO - Sync 1 DAGs
[2021-06-06 06:36:51,489] {logging_mixin.py:104} INFO - [2021-06-06 06:36:51,489] {dag.py:2305} INFO - Setting next_dagrun for example_task_group_decorator to 2021-06-04 00:00:00+00:00
[2021-06-06 06:36:51,517] {scheduler_job.py:190} INFO - Processing /media/PythonProjects/66.Spotify_ETL/venv/lib/python3.8/site-packages/airflow/example_dags/example_task_group_decorator.py took 0.295 seconds
[2021-06-06 06:37:23,660] {scheduler_job.py:182} INFO - Started process (PID=2972) to work on /media/PythonProjects/66.Spotify_ETL/venv/lib/python3.8/site-packages/airflow/example_dags/example_task_group_decorator.py
[2021-06-06 06:37:23,663] {scheduler_job.py:633} INFO - Processing file /media/PythonProjects/66.Spotify_ETL/venv/lib/python3.8/site-packages/airflow/example_dags/example_task_group_decorator.py for tasks to queue
[2021-06-06 06:37:23,664] {logging_mixin.py:104} INFO - [2021-06-06 06:37:23,664] {dagbag.py:487} INFO - Filling up the DagBag from /media/PythonProjects/66.Spotify_ETL/venv/lib/python3.8/site-packages/airflow/example_dags/example_task_group_decorator.py
[2021-06-06 06:37:23,689] {scheduler_job.py:643} INFO - DAG(s) dict_keys(['example_task_group_decorator']) retrieved from /media/PythonProjects/66.Spotify_ETL/venv/lib/python3.8/site-packages/airflow/example_dags/example_task_group_decorator.py
[2021-06-06 06:37:24,049] {logging_mixin.py:104} INFO - [2021-06-06 06:37:24,049] {dag.py:1832} INFO - Sync 1 DAGs
[2021-06-06 06:37:24,062] {logging_mixin.py:104} INFO - [2021-06-06 06:37:24,062] {dag.py:2305} INFO - Setting next_dagrun for example_task_group_decorator to 2021-06-04 00:00:00+00:00
[2021-06-06 06:37:24,082] {scheduler_job.py:190} INFO - Processing /media/PythonProjects/66.Spotify_ETL/venv/lib/python3.8/site-packages/airflow/example_dags/example_task_group_decorator.py took 0.429 seconds
[2021-06-06 06:37:56,712] {scheduler_job.py:182} INFO - Started process (PID=3031) to work on /media/PythonProjects/66.Spotify_ETL/venv/lib/python3.8/site-packages/airflow/example_dags/example_task_group_decorator.py
[2021-06-06 06:37:56,713] {scheduler_job.py:633} INFO - Processing file /media/PythonProjects/66.Spotify_ETL/venv/lib/python3.8/site-packages/airflow/example_dags/example_task_group_decorator.py for tasks to queue
[2021-06-06 06:37:56,714] {logging_mixin.py:104} INFO - [2021-06-06 06:37:56,714] {dagbag.py:487} INFO - Filling up the DagBag from /media/PythonProjects/66.Spotify_ETL/venv/lib/python3.8/site-packages/airflow/example_dags/example_task_group_decorator.py
[2021-06-06 06:37:56,734] {scheduler_job.py:643} INFO - DAG(s) dict_keys(['example_task_group_decorator']) retrieved from /media/PythonProjects/66.Spotify_ETL/venv/lib/python3.8/site-packages/airflow/example_dags/example_task_group_decorator.py
[2021-06-06 06:37:56,988] {logging_mixin.py:104} INFO - [2021-06-06 06:37:56,988] {dag.py:1832} INFO - Sync 1 DAGs
[2021-06-06 06:37:56,997] {logging_mixin.py:104} INFO - [2021-06-06 06:37:56,997] {dag.py:2305} INFO - Setting next_dagrun for example_task_group_decorator to 2021-06-04 00:00:00+00:00
[2021-06-06 06:37:57,020] {scheduler_job.py:190} INFO - Processing /media/PythonProjects/66.Spotify_ETL/venv/lib/python3.8/site-packages/airflow/example_dags/example_task_group_decorator.py took 0.311 seconds
[2021-06-06 06:38:30,825] {scheduler_job.py:182} INFO - Started process (PID=3090) to work on /media/PythonProjects/66.Spotify_ETL/venv/lib/python3.8/site-packages/airflow/example_dags/example_task_group_decorator.py
[2021-06-06 06:38:30,827] {scheduler_job.py:633} INFO - Processing file /media/PythonProjects/66.Spotify_ETL/venv/lib/python3.8/site-packages/airflow/example_dags/example_task_group_decorator.py for tasks to queue
[2021-06-06 06:38:30,829] {logging_mixin.py:104} INFO - [2021-06-06 06:38:30,828] {dagbag.py:487} INFO - Filling up the DagBag from /media/PythonProjects/66.Spotify_ETL/venv/lib/python3.8/site-packages/airflow/example_dags/example_task_group_decorator.py
[2021-06-06 06:38:30,850] {scheduler_job.py:643} INFO - DAG(s) dict_keys(['example_task_group_decorator']) retrieved from /media/PythonProjects/66.Spotify_ETL/venv/lib/python3.8/site-packages/airflow/example_dags/example_task_group_decorator.py
[2021-06-06 06:38:31,085] {logging_mixin.py:104} INFO - [2021-06-06 06:38:31,085] {dag.py:1832} INFO - Sync 1 DAGs
[2021-06-06 06:38:31,093] {logging_mixin.py:104} INFO - [2021-06-06 06:38:31,093] {dag.py:2305} INFO - Setting next_dagrun for example_task_group_decorator to 2021-06-04 00:00:00+00:00
[2021-06-06 06:38:31,110] {scheduler_job.py:190} INFO - Processing /media/PythonProjects/66.Spotify_ETL/venv/lib/python3.8/site-packages/airflow/example_dags/example_task_group_decorator.py took 0.291 seconds
[2021-06-06 06:39:03,561] {scheduler_job.py:182} INFO - Started process (PID=3146) to work on /media/PythonProjects/66.Spotify_ETL/venv/lib/python3.8/site-packages/airflow/example_dags/example_task_group_decorator.py
[2021-06-06 06:39:03,567] {scheduler_job.py:633} INFO - Processing file /media/PythonProjects/66.Spotify_ETL/venv/lib/python3.8/site-packages/airflow/example_dags/example_task_group_decorator.py for tasks to queue
[2021-06-06 06:39:03,568] {logging_mixin.py:104} INFO - [2021-06-06 06:39:03,568] {dagbag.py:487} INFO - Filling up the DagBag from /media/PythonProjects/66.Spotify_ETL/venv/lib/python3.8/site-packages/airflow/example_dags/example_task_group_decorator.py
[2021-06-06 06:39:03,613] {scheduler_job.py:643} INFO - DAG(s) dict_keys(['example_task_group_decorator']) retrieved from /media/PythonProjects/66.Spotify_ETL/venv/lib/python3.8/site-packages/airflow/example_dags/example_task_group_decorator.py
[2021-06-06 06:39:04,034] {logging_mixin.py:104} INFO - [2021-06-06 06:39:04,034] {dag.py:1832} INFO - Sync 1 DAGs
[2021-06-06 06:39:04,044] {logging_mixin.py:104} INFO - [2021-06-06 06:39:04,044] {dag.py:2305} INFO - Setting next_dagrun for example_task_group_decorator to 2021-06-04 00:00:00+00:00
[2021-06-06 06:39:04,064] {scheduler_job.py:190} INFO - Processing /media/PythonProjects/66.Spotify_ETL/venv/lib/python3.8/site-packages/airflow/example_dags/example_task_group_decorator.py took 0.511 seconds
[2021-06-06 06:39:37,241] {scheduler_job.py:182} INFO - Started process (PID=3205) to work on /media/PythonProjects/66.Spotify_ETL/venv/lib/python3.8/site-packages/airflow/example_dags/example_task_group_decorator.py
[2021-06-06 06:39:37,243] {scheduler_job.py:633} INFO - Processing file /media/PythonProjects/66.Spotify_ETL/venv/lib/python3.8/site-packages/airflow/example_dags/example_task_group_decorator.py for tasks to queue
[2021-06-06 06:39:37,244] {logging_mixin.py:104} INFO - [2021-06-06 06:39:37,244] {dagbag.py:487} INFO - Filling up the DagBag from /media/PythonProjects/66.Spotify_ETL/venv/lib/python3.8/site-packages/airflow/example_dags/example_task_group_decorator.py
[2021-06-06 06:39:37,262] {scheduler_job.py:643} INFO - DAG(s) dict_keys(['example_task_group_decorator']) retrieved from /media/PythonProjects/66.Spotify_ETL/venv/lib/python3.8/site-packages/airflow/example_dags/example_task_group_decorator.py
[2021-06-06 06:39:37,491] {logging_mixin.py:104} INFO - [2021-06-06 06:39:37,491] {dag.py:1832} INFO - Sync 1 DAGs
[2021-06-06 06:39:37,501] {logging_mixin.py:104} INFO - [2021-06-06 06:39:37,501] {dag.py:2305} INFO - Setting next_dagrun for example_task_group_decorator to 2021-06-04 00:00:00+00:00
[2021-06-06 06:39:37,534] {scheduler_job.py:190} INFO - Processing /media/PythonProjects/66.Spotify_ETL/venv/lib/python3.8/site-packages/airflow/example_dags/example_task_group_decorator.py took 0.297 seconds
[2021-06-06 06:40:11,485] {scheduler_job.py:182} INFO - Started process (PID=3261) to work on /media/PythonProjects/66.Spotify_ETL/venv/lib/python3.8/site-packages/airflow/example_dags/example_task_group_decorator.py
[2021-06-06 06:40:11,488] {scheduler_job.py:633} INFO - Processing file /media/PythonProjects/66.Spotify_ETL/venv/lib/python3.8/site-packages/airflow/example_dags/example_task_group_decorator.py for tasks to queue
[2021-06-06 06:40:11,490] {logging_mixin.py:104} INFO - [2021-06-06 06:40:11,490] {dagbag.py:487} INFO - Filling up the DagBag from /media/PythonProjects/66.Spotify_ETL/venv/lib/python3.8/site-packages/airflow/example_dags/example_task_group_decorator.py
[2021-06-06 06:40:11,548] {scheduler_job.py:643} INFO - DAG(s) dict_keys(['example_task_group_decorator']) retrieved from /media/PythonProjects/66.Spotify_ETL/venv/lib/python3.8/site-packages/airflow/example_dags/example_task_group_decorator.py
[2021-06-06 06:40:11,988] {logging_mixin.py:104} INFO - [2021-06-06 06:40:11,988] {dag.py:1832} INFO - Sync 1 DAGs
[2021-06-06 06:40:12,000] {logging_mixin.py:104} INFO - [2021-06-06 06:40:12,000] {dag.py:2305} INFO - Setting next_dagrun for example_task_group_decorator to 2021-06-04 00:00:00+00:00
[2021-06-06 06:40:12,042] {scheduler_job.py:190} INFO - Processing /media/PythonProjects/66.Spotify_ETL/venv/lib/python3.8/site-packages/airflow/example_dags/example_task_group_decorator.py took 0.566 seconds
[2021-06-06 06:40:45,238] {scheduler_job.py:182} INFO - Started process (PID=3318) to work on /media/PythonProjects/66.Spotify_ETL/venv/lib/python3.8/site-packages/airflow/example_dags/example_task_group_decorator.py
[2021-06-06 06:40:45,241] {scheduler_job.py:633} INFO - Processing file /media/PythonProjects/66.Spotify_ETL/venv/lib/python3.8/site-packages/airflow/example_dags/example_task_group_decorator.py for tasks to queue
[2021-06-06 06:40:45,243] {logging_mixin.py:104} INFO - [2021-06-06 06:40:45,243] {dagbag.py:487} INFO - Filling up the DagBag from /media/PythonProjects/66.Spotify_ETL/venv/lib/python3.8/site-packages/airflow/example_dags/example_task_group_decorator.py
[2021-06-06 06:40:45,268] {scheduler_job.py:643} INFO - DAG(s) dict_keys(['example_task_group_decorator']) retrieved from /media/PythonProjects/66.Spotify_ETL/venv/lib/python3.8/site-packages/airflow/example_dags/example_task_group_decorator.py
[2021-06-06 06:40:45,505] {logging_mixin.py:104} INFO - [2021-06-06 06:40:45,505] {dag.py:1832} INFO - Sync 1 DAGs
[2021-06-06 06:40:45,514] {logging_mixin.py:104} INFO - [2021-06-06 06:40:45,514] {dag.py:2305} INFO - Setting next_dagrun for example_task_group_decorator to 2021-06-04 00:00:00+00:00
[2021-06-06 06:40:45,532] {scheduler_job.py:190} INFO - Processing /media/PythonProjects/66.Spotify_ETL/venv/lib/python3.8/site-packages/airflow/example_dags/example_task_group_decorator.py took 0.302 seconds
[2021-06-06 06:41:19,116] {scheduler_job.py:182} INFO - Started process (PID=3379) to work on /media/PythonProjects/66.Spotify_ETL/venv/lib/python3.8/site-packages/airflow/example_dags/example_task_group_decorator.py
[2021-06-06 06:41:19,118] {scheduler_job.py:633} INFO - Processing file /media/PythonProjects/66.Spotify_ETL/venv/lib/python3.8/site-packages/airflow/example_dags/example_task_group_decorator.py for tasks to queue
[2021-06-06 06:41:19,119] {logging_mixin.py:104} INFO - [2021-06-06 06:41:19,119] {dagbag.py:487} INFO - Filling up the DagBag from /media/PythonProjects/66.Spotify_ETL/venv/lib/python3.8/site-packages/airflow/example_dags/example_task_group_decorator.py
[2021-06-06 06:41:19,146] {scheduler_job.py:643} INFO - DAG(s) dict_keys(['example_task_group_decorator']) retrieved from /media/PythonProjects/66.Spotify_ETL/venv/lib/python3.8/site-packages/airflow/example_dags/example_task_group_decorator.py
[2021-06-06 06:41:19,382] {logging_mixin.py:104} INFO - [2021-06-06 06:41:19,382] {dag.py:1832} INFO - Sync 1 DAGs
[2021-06-06 06:41:19,391] {logging_mixin.py:104} INFO - [2021-06-06 06:41:19,391] {dag.py:2305} INFO - Setting next_dagrun for example_task_group_decorator to 2021-06-04 00:00:00+00:00
[2021-06-06 06:41:19,411] {scheduler_job.py:190} INFO - Processing /media/PythonProjects/66.Spotify_ETL/venv/lib/python3.8/site-packages/airflow/example_dags/example_task_group_decorator.py took 0.298 seconds
[2021-06-06 06:41:52,816] {scheduler_job.py:182} INFO - Started process (PID=3439) to work on /media/PythonProjects/66.Spotify_ETL/venv/lib/python3.8/site-packages/airflow/example_dags/example_task_group_decorator.py
[2021-06-06 06:41:52,818] {scheduler_job.py:633} INFO - Processing file /media/PythonProjects/66.Spotify_ETL/venv/lib/python3.8/site-packages/airflow/example_dags/example_task_group_decorator.py for tasks to queue
[2021-06-06 06:41:52,820] {logging_mixin.py:104} INFO - [2021-06-06 06:41:52,819] {dagbag.py:487} INFO - Filling up the DagBag from /media/PythonProjects/66.Spotify_ETL/venv/lib/python3.8/site-packages/airflow/example_dags/example_task_group_decorator.py
[2021-06-06 06:41:52,842] {scheduler_job.py:643} INFO - DAG(s) dict_keys(['example_task_group_decorator']) retrieved from /media/PythonProjects/66.Spotify_ETL/venv/lib/python3.8/site-packages/airflow/example_dags/example_task_group_decorator.py
[2021-06-06 06:41:53,085] {logging_mixin.py:104} INFO - [2021-06-06 06:41:53,085] {dag.py:1832} INFO - Sync 1 DAGs
[2021-06-06 06:41:53,093] {logging_mixin.py:104} INFO - [2021-06-06 06:41:53,093] {dag.py:2305} INFO - Setting next_dagrun for example_task_group_decorator to 2021-06-04 00:00:00+00:00
[2021-06-06 06:41:53,117] {scheduler_job.py:190} INFO - Processing /media/PythonProjects/66.Spotify_ETL/venv/lib/python3.8/site-packages/airflow/example_dags/example_task_group_decorator.py took 0.308 seconds
[2021-06-06 06:42:26,274] {scheduler_job.py:182} INFO - Started process (PID=3497) to work on /media/PythonProjects/66.Spotify_ETL/venv/lib/python3.8/site-packages/airflow/example_dags/example_task_group_decorator.py
[2021-06-06 06:42:26,276] {scheduler_job.py:633} INFO - Processing file /media/PythonProjects/66.Spotify_ETL/venv/lib/python3.8/site-packages/airflow/example_dags/example_task_group_decorator.py for tasks to queue
[2021-06-06 06:42:26,277] {logging_mixin.py:104} INFO - [2021-06-06 06:42:26,277] {dagbag.py:487} INFO - Filling up the DagBag from /media/PythonProjects/66.Spotify_ETL/venv/lib/python3.8/site-packages/airflow/example_dags/example_task_group_decorator.py
[2021-06-06 06:42:26,298] {scheduler_job.py:643} INFO - DAG(s) dict_keys(['example_task_group_decorator']) retrieved from /media/PythonProjects/66.Spotify_ETL/venv/lib/python3.8/site-packages/airflow/example_dags/example_task_group_decorator.py
[2021-06-06 06:42:26,542] {logging_mixin.py:104} INFO - [2021-06-06 06:42:26,542] {dag.py:1832} INFO - Sync 1 DAGs
[2021-06-06 06:42:26,553] {logging_mixin.py:104} INFO - [2021-06-06 06:42:26,553] {dag.py:2305} INFO - Setting next_dagrun for example_task_group_decorator to 2021-06-04 00:00:00+00:00
[2021-06-06 06:42:26,571] {scheduler_job.py:190} INFO - Processing /media/PythonProjects/66.Spotify_ETL/venv/lib/python3.8/site-packages/airflow/example_dags/example_task_group_decorator.py took 0.302 seconds
[2021-06-06 06:42:58,699] {scheduler_job.py:182} INFO - Started process (PID=3554) to work on /media/PythonProjects/66.Spotify_ETL/venv/lib/python3.8/site-packages/airflow/example_dags/example_task_group_decorator.py
[2021-06-06 06:42:58,700] {scheduler_job.py:633} INFO - Processing file /media/PythonProjects/66.Spotify_ETL/venv/lib/python3.8/site-packages/airflow/example_dags/example_task_group_decorator.py for tasks to queue
[2021-06-06 06:42:58,701] {logging_mixin.py:104} INFO - [2021-06-06 06:42:58,701] {dagbag.py:487} INFO - Filling up the DagBag from /media/PythonProjects/66.Spotify_ETL/venv/lib/python3.8/site-packages/airflow/example_dags/example_task_group_decorator.py
[2021-06-06 06:42:58,722] {scheduler_job.py:643} INFO - DAG(s) dict_keys(['example_task_group_decorator']) retrieved from /media/PythonProjects/66.Spotify_ETL/venv/lib/python3.8/site-packages/airflow/example_dags/example_task_group_decorator.py
[2021-06-06 06:42:59,048] {logging_mixin.py:104} INFO - [2021-06-06 06:42:59,048] {dag.py:1832} INFO - Sync 1 DAGs
[2021-06-06 06:42:59,057] {logging_mixin.py:104} INFO - [2021-06-06 06:42:59,057] {dag.py:2305} INFO - Setting next_dagrun for example_task_group_decorator to 2021-06-04 00:00:00+00:00
[2021-06-06 06:42:59,076] {scheduler_job.py:190} INFO - Processing /media/PythonProjects/66.Spotify_ETL/venv/lib/python3.8/site-packages/airflow/example_dags/example_task_group_decorator.py took 0.380 seconds
[2021-06-06 06:43:29,966] {scheduler_job.py:182} INFO - Started process (PID=3612) to work on /media/PythonProjects/66.Spotify_ETL/venv/lib/python3.8/site-packages/airflow/example_dags/example_task_group_decorator.py
[2021-06-06 06:43:29,969] {scheduler_job.py:633} INFO - Processing file /media/PythonProjects/66.Spotify_ETL/venv/lib/python3.8/site-packages/airflow/example_dags/example_task_group_decorator.py for tasks to queue
[2021-06-06 06:43:29,970] {logging_mixin.py:104} INFO - [2021-06-06 06:43:29,969] {dagbag.py:487} INFO - Filling up the DagBag from /media/PythonProjects/66.Spotify_ETL/venv/lib/python3.8/site-packages/airflow/example_dags/example_task_group_decorator.py
[2021-06-06 06:43:29,990] {scheduler_job.py:643} INFO - DAG(s) dict_keys(['example_task_group_decorator']) retrieved from /media/PythonProjects/66.Spotify_ETL/venv/lib/python3.8/site-packages/airflow/example_dags/example_task_group_decorator.py
[2021-06-06 06:43:30,252] {logging_mixin.py:104} INFO - [2021-06-06 06:43:30,252] {dag.py:1832} INFO - Sync 1 DAGs
[2021-06-06 06:43:30,261] {logging_mixin.py:104} INFO - [2021-06-06 06:43:30,261] {dag.py:2305} INFO - Setting next_dagrun for example_task_group_decorator to 2021-06-04 00:00:00+00:00
[2021-06-06 06:43:30,282] {scheduler_job.py:190} INFO - Processing /media/PythonProjects/66.Spotify_ETL/venv/lib/python3.8/site-packages/airflow/example_dags/example_task_group_decorator.py took 0.321 seconds
[2021-06-06 06:44:02,401] {scheduler_job.py:182} INFO - Started process (PID=3669) to work on /media/PythonProjects/66.Spotify_ETL/venv/lib/python3.8/site-packages/airflow/example_dags/example_task_group_decorator.py
[2021-06-06 06:44:02,402] {scheduler_job.py:633} INFO - Processing file /media/PythonProjects/66.Spotify_ETL/venv/lib/python3.8/site-packages/airflow/example_dags/example_task_group_decorator.py for tasks to queue
[2021-06-06 06:44:02,403] {logging_mixin.py:104} INFO - [2021-06-06 06:44:02,403] {dagbag.py:487} INFO - Filling up the DagBag from /media/PythonProjects/66.Spotify_ETL/venv/lib/python3.8/site-packages/airflow/example_dags/example_task_group_decorator.py
[2021-06-06 06:44:02,423] {scheduler_job.py:643} INFO - DAG(s) dict_keys(['example_task_group_decorator']) retrieved from /media/PythonProjects/66.Spotify_ETL/venv/lib/python3.8/site-packages/airflow/example_dags/example_task_group_decorator.py
[2021-06-06 06:44:02,664] {logging_mixin.py:104} INFO - [2021-06-06 06:44:02,664] {dag.py:1832} INFO - Sync 1 DAGs
[2021-06-06 06:44:02,673] {logging_mixin.py:104} INFO - [2021-06-06 06:44:02,673] {dag.py:2305} INFO - Setting next_dagrun for example_task_group_decorator to 2021-06-04 00:00:00+00:00
[2021-06-06 06:44:02,699] {scheduler_job.py:190} INFO - Processing /media/PythonProjects/66.Spotify_ETL/venv/lib/python3.8/site-packages/airflow/example_dags/example_task_group_decorator.py took 0.301 seconds
[2021-06-06 06:44:38,221] {scheduler_job.py:182} INFO - Started process (PID=3727) to work on /media/PythonProjects/66.Spotify_ETL/venv/lib/python3.8/site-packages/airflow/example_dags/example_task_group_decorator.py
[2021-06-06 06:44:38,223] {scheduler_job.py:633} INFO - Processing file /media/PythonProjects/66.Spotify_ETL/venv/lib/python3.8/site-packages/airflow/example_dags/example_task_group_decorator.py for tasks to queue
[2021-06-06 06:44:38,224] {logging_mixin.py:104} INFO - [2021-06-06 06:44:38,223] {dagbag.py:487} INFO - Filling up the DagBag from /media/PythonProjects/66.Spotify_ETL/venv/lib/python3.8/site-packages/airflow/example_dags/example_task_group_decorator.py
[2021-06-06 06:44:38,245] {scheduler_job.py:643} INFO - DAG(s) dict_keys(['example_task_group_decorator']) retrieved from /media/PythonProjects/66.Spotify_ETL/venv/lib/python3.8/site-packages/airflow/example_dags/example_task_group_decorator.py
[2021-06-06 06:44:38,491] {logging_mixin.py:104} INFO - [2021-06-06 06:44:38,491] {dag.py:1832} INFO - Sync 1 DAGs
[2021-06-06 06:44:38,500] {logging_mixin.py:104} INFO - [2021-06-06 06:44:38,500] {dag.py:2305} INFO - Setting next_dagrun for example_task_group_decorator to 2021-06-04 00:00:00+00:00
[2021-06-06 06:44:38,524] {scheduler_job.py:190} INFO - Processing /media/PythonProjects/66.Spotify_ETL/venv/lib/python3.8/site-packages/airflow/example_dags/example_task_group_decorator.py took 0.306 seconds
[2021-06-06 06:45:10,944] {scheduler_job.py:182} INFO - Started process (PID=3786) to work on /media/PythonProjects/66.Spotify_ETL/venv/lib/python3.8/site-packages/airflow/example_dags/example_task_group_decorator.py
[2021-06-06 06:45:10,945] {scheduler_job.py:633} INFO - Processing file /media/PythonProjects/66.Spotify_ETL/venv/lib/python3.8/site-packages/airflow/example_dags/example_task_group_decorator.py for tasks to queue
[2021-06-06 06:45:10,946] {logging_mixin.py:104} INFO - [2021-06-06 06:45:10,946] {dagbag.py:487} INFO - Filling up the DagBag from /media/PythonProjects/66.Spotify_ETL/venv/lib/python3.8/site-packages/airflow/example_dags/example_task_group_decorator.py
[2021-06-06 06:45:10,967] {scheduler_job.py:643} INFO - DAG(s) dict_keys(['example_task_group_decorator']) retrieved from /media/PythonProjects/66.Spotify_ETL/venv/lib/python3.8/site-packages/airflow/example_dags/example_task_group_decorator.py
[2021-06-06 06:45:11,213] {logging_mixin.py:104} INFO - [2021-06-06 06:45:11,213] {dag.py:1832} INFO - Sync 1 DAGs
[2021-06-06 06:45:11,222] {logging_mixin.py:104} INFO - [2021-06-06 06:45:11,222] {dag.py:2305} INFO - Setting next_dagrun for example_task_group_decorator to 2021-06-04 00:00:00+00:00
[2021-06-06 06:45:11,244] {scheduler_job.py:190} INFO - Processing /media/PythonProjects/66.Spotify_ETL/venv/lib/python3.8/site-packages/airflow/example_dags/example_task_group_decorator.py took 0.303 seconds
[2021-06-06 06:45:43,297] {scheduler_job.py:182} INFO - Started process (PID=4006) to work on /media/PythonProjects/66.Spotify_ETL/venv/lib/python3.8/site-packages/airflow/example_dags/example_task_group_decorator.py
[2021-06-06 06:45:43,299] {scheduler_job.py:633} INFO - Processing file /media/PythonProjects/66.Spotify_ETL/venv/lib/python3.8/site-packages/airflow/example_dags/example_task_group_decorator.py for tasks to queue
[2021-06-06 06:45:43,299] {logging_mixin.py:104} INFO - [2021-06-06 06:45:43,299] {dagbag.py:487} INFO - Filling up the DagBag from /media/PythonProjects/66.Spotify_ETL/venv/lib/python3.8/site-packages/airflow/example_dags/example_task_group_decorator.py
[2021-06-06 06:45:43,321] {scheduler_job.py:643} INFO - DAG(s) dict_keys(['example_task_group_decorator']) retrieved from /media/PythonProjects/66.Spotify_ETL/venv/lib/python3.8/site-packages/airflow/example_dags/example_task_group_decorator.py
[2021-06-06 06:45:43,570] {logging_mixin.py:104} INFO - [2021-06-06 06:45:43,570] {dag.py:1832} INFO - Sync 1 DAGs
[2021-06-06 06:45:43,579] {logging_mixin.py:104} INFO - [2021-06-06 06:45:43,579] {dag.py:2305} INFO - Setting next_dagrun for example_task_group_decorator to 2021-06-04 00:00:00+00:00
[2021-06-06 06:45:43,600] {scheduler_job.py:190} INFO - Processing /media/PythonProjects/66.Spotify_ETL/venv/lib/python3.8/site-packages/airflow/example_dags/example_task_group_decorator.py took 0.305 seconds
[2021-06-06 06:46:17,273] {scheduler_job.py:182} INFO - Started process (PID=4316) to work on /media/PythonProjects/66.Spotify_ETL/venv/lib/python3.8/site-packages/airflow/example_dags/example_task_group_decorator.py
[2021-06-06 06:46:17,276] {scheduler_job.py:633} INFO - Processing file /media/PythonProjects/66.Spotify_ETL/venv/lib/python3.8/site-packages/airflow/example_dags/example_task_group_decorator.py for tasks to queue
[2021-06-06 06:46:17,278] {logging_mixin.py:104} INFO - [2021-06-06 06:46:17,277] {dagbag.py:487} INFO - Filling up the DagBag from /media/PythonProjects/66.Spotify_ETL/venv/lib/python3.8/site-packages/airflow/example_dags/example_task_group_decorator.py
[2021-06-06 06:46:17,305] {scheduler_job.py:643} INFO - DAG(s) dict_keys(['example_task_group_decorator']) retrieved from /media/PythonProjects/66.Spotify_ETL/venv/lib/python3.8/site-packages/airflow/example_dags/example_task_group_decorator.py
[2021-06-06 06:46:17,569] {logging_mixin.py:104} INFO - [2021-06-06 06:46:17,569] {dag.py:1832} INFO - Sync 1 DAGs
[2021-06-06 06:46:17,578] {logging_mixin.py:104} INFO - [2021-06-06 06:46:17,577] {dag.py:2305} INFO - Setting next_dagrun for example_task_group_decorator to 2021-06-04 00:00:00+00:00
[2021-06-06 06:46:17,599] {scheduler_job.py:190} INFO - Processing /media/PythonProjects/66.Spotify_ETL/venv/lib/python3.8/site-packages/airflow/example_dags/example_task_group_decorator.py took 0.336 seconds
=======
[2021-06-06 06:32:16,338] {scheduler_job.py:182} INFO - Started process (PID=2405) to work on /media/PythonProjects/66.Spotify_ETL/venv/lib/python3.8/site-packages/airflow/example_dags/example_task_group_decorator.py
[2021-06-06 06:32:16,340] {scheduler_job.py:633} INFO - Processing file /media/PythonProjects/66.Spotify_ETL/venv/lib/python3.8/site-packages/airflow/example_dags/example_task_group_decorator.py for tasks to queue
[2021-06-06 06:32:16,341] {logging_mixin.py:104} INFO - [2021-06-06 06:32:16,341] {dagbag.py:487} INFO - Filling up the DagBag from /media/PythonProjects/66.Spotify_ETL/venv/lib/python3.8/site-packages/airflow/example_dags/example_task_group_decorator.py
[2021-06-06 06:32:16,368] {scheduler_job.py:643} INFO - DAG(s) dict_keys(['example_task_group_decorator']) retrieved from /media/PythonProjects/66.Spotify_ETL/venv/lib/python3.8/site-packages/airflow/example_dags/example_task_group_decorator.py
[2021-06-06 06:32:16,863] {logging_mixin.py:104} INFO - [2021-06-06 06:32:16,863] {dag.py:1832} INFO - Sync 1 DAGs
[2021-06-06 06:32:16,882] {logging_mixin.py:104} INFO - [2021-06-06 06:32:16,882] {dag.py:2305} INFO - Setting next_dagrun for example_task_group_decorator to 2021-06-04 00:00:00+00:00
[2021-06-06 06:32:16,929] {scheduler_job.py:190} INFO - Processing /media/PythonProjects/66.Spotify_ETL/venv/lib/python3.8/site-packages/airflow/example_dags/example_task_group_decorator.py took 0.596 seconds
[2021-06-06 06:32:53,276] {scheduler_job.py:182} INFO - Started process (PID=2491) to work on /media/PythonProjects/66.Spotify_ETL/venv/lib/python3.8/site-packages/airflow/example_dags/example_task_group_decorator.py
[2021-06-06 06:32:53,278] {scheduler_job.py:633} INFO - Processing file /media/PythonProjects/66.Spotify_ETL/venv/lib/python3.8/site-packages/airflow/example_dags/example_task_group_decorator.py for tasks to queue
[2021-06-06 06:32:53,279] {logging_mixin.py:104} INFO - [2021-06-06 06:32:53,278] {dagbag.py:487} INFO - Filling up the DagBag from /media/PythonProjects/66.Spotify_ETL/venv/lib/python3.8/site-packages/airflow/example_dags/example_task_group_decorator.py
[2021-06-06 06:32:53,308] {scheduler_job.py:643} INFO - DAG(s) dict_keys(['example_task_group_decorator']) retrieved from /media/PythonProjects/66.Spotify_ETL/venv/lib/python3.8/site-packages/airflow/example_dags/example_task_group_decorator.py
[2021-06-06 06:32:53,596] {logging_mixin.py:104} INFO - [2021-06-06 06:32:53,595] {dag.py:1832} INFO - Sync 1 DAGs
[2021-06-06 06:32:53,605] {logging_mixin.py:104} INFO - [2021-06-06 06:32:53,605] {dag.py:2305} INFO - Setting next_dagrun for example_task_group_decorator to 2021-06-04 00:00:00+00:00
[2021-06-06 06:32:53,628] {scheduler_job.py:190} INFO - Processing /media/PythonProjects/66.Spotify_ETL/venv/lib/python3.8/site-packages/airflow/example_dags/example_task_group_decorator.py took 0.356 seconds
[2021-06-06 06:33:27,401] {scheduler_job.py:182} INFO - Started process (PID=2548) to work on /media/PythonProjects/66.Spotify_ETL/venv/lib/python3.8/site-packages/airflow/example_dags/example_task_group_decorator.py
[2021-06-06 06:33:27,403] {scheduler_job.py:633} INFO - Processing file /media/PythonProjects/66.Spotify_ETL/venv/lib/python3.8/site-packages/airflow/example_dags/example_task_group_decorator.py for tasks to queue
[2021-06-06 06:33:27,404] {logging_mixin.py:104} INFO - [2021-06-06 06:33:27,403] {dagbag.py:487} INFO - Filling up the DagBag from /media/PythonProjects/66.Spotify_ETL/venv/lib/python3.8/site-packages/airflow/example_dags/example_task_group_decorator.py
[2021-06-06 06:33:27,427] {scheduler_job.py:643} INFO - DAG(s) dict_keys(['example_task_group_decorator']) retrieved from /media/PythonProjects/66.Spotify_ETL/venv/lib/python3.8/site-packages/airflow/example_dags/example_task_group_decorator.py
[2021-06-06 06:33:27,658] {logging_mixin.py:104} INFO - [2021-06-06 06:33:27,658] {dag.py:1832} INFO - Sync 1 DAGs
[2021-06-06 06:33:27,666] {logging_mixin.py:104} INFO - [2021-06-06 06:33:27,666] {dag.py:2305} INFO - Setting next_dagrun for example_task_group_decorator to 2021-06-04 00:00:00+00:00
[2021-06-06 06:33:27,686] {scheduler_job.py:190} INFO - Processing /media/PythonProjects/66.Spotify_ETL/venv/lib/python3.8/site-packages/airflow/example_dags/example_task_group_decorator.py took 0.289 seconds
[2021-06-06 06:34:04,396] {scheduler_job.py:182} INFO - Started process (PID=2610) to work on /media/PythonProjects/66.Spotify_ETL/venv/lib/python3.8/site-packages/airflow/example_dags/example_task_group_decorator.py
[2021-06-06 06:34:04,402] {scheduler_job.py:633} INFO - Processing file /media/PythonProjects/66.Spotify_ETL/venv/lib/python3.8/site-packages/airflow/example_dags/example_task_group_decorator.py for tasks to queue
[2021-06-06 06:34:04,403] {logging_mixin.py:104} INFO - [2021-06-06 06:34:04,403] {dagbag.py:487} INFO - Filling up the DagBag from /media/PythonProjects/66.Spotify_ETL/venv/lib/python3.8/site-packages/airflow/example_dags/example_task_group_decorator.py
[2021-06-06 06:34:04,435] {scheduler_job.py:643} INFO - DAG(s) dict_keys(['example_task_group_decorator']) retrieved from /media/PythonProjects/66.Spotify_ETL/venv/lib/python3.8/site-packages/airflow/example_dags/example_task_group_decorator.py
[2021-06-06 06:34:04,867] {logging_mixin.py:104} INFO - [2021-06-06 06:34:04,867] {dag.py:1832} INFO - Sync 1 DAGs
[2021-06-06 06:34:04,883] {logging_mixin.py:104} INFO - [2021-06-06 06:34:04,883] {dag.py:2305} INFO - Setting next_dagrun for example_task_group_decorator to 2021-06-04 00:00:00+00:00
[2021-06-06 06:34:04,911] {scheduler_job.py:190} INFO - Processing /media/PythonProjects/66.Spotify_ETL/venv/lib/python3.8/site-packages/airflow/example_dags/example_task_group_decorator.py took 0.520 seconds
[2021-06-06 06:34:38,268] {scheduler_job.py:182} INFO - Started process (PID=2670) to work on /media/PythonProjects/66.Spotify_ETL/venv/lib/python3.8/site-packages/airflow/example_dags/example_task_group_decorator.py
[2021-06-06 06:34:38,270] {scheduler_job.py:633} INFO - Processing file /media/PythonProjects/66.Spotify_ETL/venv/lib/python3.8/site-packages/airflow/example_dags/example_task_group_decorator.py for tasks to queue
[2021-06-06 06:34:38,271] {logging_mixin.py:104} INFO - [2021-06-06 06:34:38,271] {dagbag.py:487} INFO - Filling up the DagBag from /media/PythonProjects/66.Spotify_ETL/venv/lib/python3.8/site-packages/airflow/example_dags/example_task_group_decorator.py
[2021-06-06 06:34:38,293] {scheduler_job.py:643} INFO - DAG(s) dict_keys(['example_task_group_decorator']) retrieved from /media/PythonProjects/66.Spotify_ETL/venv/lib/python3.8/site-packages/airflow/example_dags/example_task_group_decorator.py
[2021-06-06 06:34:38,511] {logging_mixin.py:104} INFO - [2021-06-06 06:34:38,511] {dag.py:1832} INFO - Sync 1 DAGs
[2021-06-06 06:34:38,520] {logging_mixin.py:104} INFO - [2021-06-06 06:34:38,519] {dag.py:2305} INFO - Setting next_dagrun for example_task_group_decorator to 2021-06-04 00:00:00+00:00
[2021-06-06 06:34:38,545] {scheduler_job.py:190} INFO - Processing /media/PythonProjects/66.Spotify_ETL/venv/lib/python3.8/site-packages/airflow/example_dags/example_task_group_decorator.py took 0.282 seconds
[2021-06-06 06:35:11,246] {scheduler_job.py:182} INFO - Started process (PID=2731) to work on /media/PythonProjects/66.Spotify_ETL/venv/lib/python3.8/site-packages/airflow/example_dags/example_task_group_decorator.py
[2021-06-06 06:35:11,251] {scheduler_job.py:633} INFO - Processing file /media/PythonProjects/66.Spotify_ETL/venv/lib/python3.8/site-packages/airflow/example_dags/example_task_group_decorator.py for tasks to queue
[2021-06-06 06:35:11,252] {logging_mixin.py:104} INFO - [2021-06-06 06:35:11,252] {dagbag.py:487} INFO - Filling up the DagBag from /media/PythonProjects/66.Spotify_ETL/venv/lib/python3.8/site-packages/airflow/example_dags/example_task_group_decorator.py
[2021-06-06 06:35:11,271] {scheduler_job.py:643} INFO - DAG(s) dict_keys(['example_task_group_decorator']) retrieved from /media/PythonProjects/66.Spotify_ETL/venv/lib/python3.8/site-packages/airflow/example_dags/example_task_group_decorator.py
[2021-06-06 06:35:11,591] {logging_mixin.py:104} INFO - [2021-06-06 06:35:11,591] {dag.py:1832} INFO - Sync 1 DAGs
[2021-06-06 06:35:11,603] {logging_mixin.py:104} INFO - [2021-06-06 06:35:11,603] {dag.py:2305} INFO - Setting next_dagrun for example_task_group_decorator to 2021-06-04 00:00:00+00:00
[2021-06-06 06:35:11,647] {scheduler_job.py:190} INFO - Processing /media/PythonProjects/66.Spotify_ETL/venv/lib/python3.8/site-packages/airflow/example_dags/example_task_group_decorator.py took 0.405 seconds
[2021-06-06 06:35:45,106] {scheduler_job.py:182} INFO - Started process (PID=2794) to work on /media/PythonProjects/66.Spotify_ETL/venv/lib/python3.8/site-packages/airflow/example_dags/example_task_group_decorator.py
[2021-06-06 06:35:45,108] {scheduler_job.py:633} INFO - Processing file /media/PythonProjects/66.Spotify_ETL/venv/lib/python3.8/site-packages/airflow/example_dags/example_task_group_decorator.py for tasks to queue
[2021-06-06 06:35:45,109] {logging_mixin.py:104} INFO - [2021-06-06 06:35:45,109] {dagbag.py:487} INFO - Filling up the DagBag from /media/PythonProjects/66.Spotify_ETL/venv/lib/python3.8/site-packages/airflow/example_dags/example_task_group_decorator.py
[2021-06-06 06:35:45,142] {scheduler_job.py:643} INFO - DAG(s) dict_keys(['example_task_group_decorator']) retrieved from /media/PythonProjects/66.Spotify_ETL/venv/lib/python3.8/site-packages/airflow/example_dags/example_task_group_decorator.py
[2021-06-06 06:35:45,455] {logging_mixin.py:104} INFO - [2021-06-06 06:35:45,455] {dag.py:1832} INFO - Sync 1 DAGs
[2021-06-06 06:35:45,463] {logging_mixin.py:104} INFO - [2021-06-06 06:35:45,463] {dag.py:2305} INFO - Setting next_dagrun for example_task_group_decorator to 2021-06-04 00:00:00+00:00
[2021-06-06 06:35:45,481] {scheduler_job.py:190} INFO - Processing /media/PythonProjects/66.Spotify_ETL/venv/lib/python3.8/site-packages/airflow/example_dags/example_task_group_decorator.py took 0.378 seconds
[2021-06-06 06:36:18,652] {scheduler_job.py:182} INFO - Started process (PID=2855) to work on /media/PythonProjects/66.Spotify_ETL/venv/lib/python3.8/site-packages/airflow/example_dags/example_task_group_decorator.py
[2021-06-06 06:36:18,653] {scheduler_job.py:633} INFO - Processing file /media/PythonProjects/66.Spotify_ETL/venv/lib/python3.8/site-packages/airflow/example_dags/example_task_group_decorator.py for tasks to queue
[2021-06-06 06:36:18,654] {logging_mixin.py:104} INFO - [2021-06-06 06:36:18,653] {dagbag.py:487} INFO - Filling up the DagBag from /media/PythonProjects/66.Spotify_ETL/venv/lib/python3.8/site-packages/airflow/example_dags/example_task_group_decorator.py
[2021-06-06 06:36:18,673] {scheduler_job.py:643} INFO - DAG(s) dict_keys(['example_task_group_decorator']) retrieved from /media/PythonProjects/66.Spotify_ETL/venv/lib/python3.8/site-packages/airflow/example_dags/example_task_group_decorator.py
[2021-06-06 06:36:18,902] {logging_mixin.py:104} INFO - [2021-06-06 06:36:18,902] {dag.py:1832} INFO - Sync 1 DAGs
[2021-06-06 06:36:18,911] {logging_mixin.py:104} INFO - [2021-06-06 06:36:18,911] {dag.py:2305} INFO - Setting next_dagrun for example_task_group_decorator to 2021-06-04 00:00:00+00:00
[2021-06-06 06:36:18,931] {scheduler_job.py:190} INFO - Processing /media/PythonProjects/66.Spotify_ETL/venv/lib/python3.8/site-packages/airflow/example_dags/example_task_group_decorator.py took 0.282 seconds
[2021-06-06 06:36:51,226] {scheduler_job.py:182} INFO - Started process (PID=2913) to work on /media/PythonProjects/66.Spotify_ETL/venv/lib/python3.8/site-packages/airflow/example_dags/example_task_group_decorator.py
[2021-06-06 06:36:51,228] {scheduler_job.py:633} INFO - Processing file /media/PythonProjects/66.Spotify_ETL/venv/lib/python3.8/site-packages/airflow/example_dags/example_task_group_decorator.py for tasks to queue
[2021-06-06 06:36:51,229] {logging_mixin.py:104} INFO - [2021-06-06 06:36:51,229] {dagbag.py:487} INFO - Filling up the DagBag from /media/PythonProjects/66.Spotify_ETL/venv/lib/python3.8/site-packages/airflow/example_dags/example_task_group_decorator.py
[2021-06-06 06:36:51,251] {scheduler_job.py:643} INFO - DAG(s) dict_keys(['example_task_group_decorator']) retrieved from /media/PythonProjects/66.Spotify_ETL/venv/lib/python3.8/site-packages/airflow/example_dags/example_task_group_decorator.py
[2021-06-06 06:36:51,479] {logging_mixin.py:104} INFO - [2021-06-06 06:36:51,479] {dag.py:1832} INFO - Sync 1 DAGs
[2021-06-06 06:36:51,489] {logging_mixin.py:104} INFO - [2021-06-06 06:36:51,489] {dag.py:2305} INFO - Setting next_dagrun for example_task_group_decorator to 2021-06-04 00:00:00+00:00
[2021-06-06 06:36:51,517] {scheduler_job.py:190} INFO - Processing /media/PythonProjects/66.Spotify_ETL/venv/lib/python3.8/site-packages/airflow/example_dags/example_task_group_decorator.py took 0.295 seconds
[2021-06-06 06:37:23,660] {scheduler_job.py:182} INFO - Started process (PID=2972) to work on /media/PythonProjects/66.Spotify_ETL/venv/lib/python3.8/site-packages/airflow/example_dags/example_task_group_decorator.py
[2021-06-06 06:37:23,663] {scheduler_job.py:633} INFO - Processing file /media/PythonProjects/66.Spotify_ETL/venv/lib/python3.8/site-packages/airflow/example_dags/example_task_group_decorator.py for tasks to queue
[2021-06-06 06:37:23,664] {logging_mixin.py:104} INFO - [2021-06-06 06:37:23,664] {dagbag.py:487} INFO - Filling up the DagBag from /media/PythonProjects/66.Spotify_ETL/venv/lib/python3.8/site-packages/airflow/example_dags/example_task_group_decorator.py
[2021-06-06 06:37:23,689] {scheduler_job.py:643} INFO - DAG(s) dict_keys(['example_task_group_decorator']) retrieved from /media/PythonProjects/66.Spotify_ETL/venv/lib/python3.8/site-packages/airflow/example_dags/example_task_group_decorator.py
[2021-06-06 06:37:24,049] {logging_mixin.py:104} INFO - [2021-06-06 06:37:24,049] {dag.py:1832} INFO - Sync 1 DAGs
[2021-06-06 06:37:24,062] {logging_mixin.py:104} INFO - [2021-06-06 06:37:24,062] {dag.py:2305} INFO - Setting next_dagrun for example_task_group_decorator to 2021-06-04 00:00:00+00:00
[2021-06-06 06:37:24,082] {scheduler_job.py:190} INFO - Processing /media/PythonProjects/66.Spotify_ETL/venv/lib/python3.8/site-packages/airflow/example_dags/example_task_group_decorator.py took 0.429 seconds
[2021-06-06 06:37:56,712] {scheduler_job.py:182} INFO - Started process (PID=3031) to work on /media/PythonProjects/66.Spotify_ETL/venv/lib/python3.8/site-packages/airflow/example_dags/example_task_group_decorator.py
[2021-06-06 06:37:56,713] {scheduler_job.py:633} INFO - Processing file /media/PythonProjects/66.Spotify_ETL/venv/lib/python3.8/site-packages/airflow/example_dags/example_task_group_decorator.py for tasks to queue
[2021-06-06 06:37:56,714] {logging_mixin.py:104} INFO - [2021-06-06 06:37:56,714] {dagbag.py:487} INFO - Filling up the DagBag from /media/PythonProjects/66.Spotify_ETL/venv/lib/python3.8/site-packages/airflow/example_dags/example_task_group_decorator.py
[2021-06-06 06:37:56,734] {scheduler_job.py:643} INFO - DAG(s) dict_keys(['example_task_group_decorator']) retrieved from /media/PythonProjects/66.Spotify_ETL/venv/lib/python3.8/site-packages/airflow/example_dags/example_task_group_decorator.py
[2021-06-06 06:37:56,988] {logging_mixin.py:104} INFO - [2021-06-06 06:37:56,988] {dag.py:1832} INFO - Sync 1 DAGs
[2021-06-06 06:37:56,997] {logging_mixin.py:104} INFO - [2021-06-06 06:37:56,997] {dag.py:2305} INFO - Setting next_dagrun for example_task_group_decorator to 2021-06-04 00:00:00+00:00
[2021-06-06 06:37:57,020] {scheduler_job.py:190} INFO - Processing /media/PythonProjects/66.Spotify_ETL/venv/lib/python3.8/site-packages/airflow/example_dags/example_task_group_decorator.py took 0.311 seconds
[2021-06-06 06:38:30,825] {scheduler_job.py:182} INFO - Started process (PID=3090) to work on /media/PythonProjects/66.Spotify_ETL/venv/lib/python3.8/site-packages/airflow/example_dags/example_task_group_decorator.py
[2021-06-06 06:38:30,827] {scheduler_job.py:633} INFO - Processing file /media/PythonProjects/66.Spotify_ETL/venv/lib/python3.8/site-packages/airflow/example_dags/example_task_group_decorator.py for tasks to queue
[2021-06-06 06:38:30,829] {logging_mixin.py:104} INFO - [2021-06-06 06:38:30,828] {dagbag.py:487} INFO - Filling up the DagBag from /media/PythonProjects/66.Spotify_ETL/venv/lib/python3.8/site-packages/airflow/example_dags/example_task_group_decorator.py
[2021-06-06 06:38:30,850] {scheduler_job.py:643} INFO - DAG(s) dict_keys(['example_task_group_decorator']) retrieved from /media/PythonProjects/66.Spotify_ETL/venv/lib/python3.8/site-packages/airflow/example_dags/example_task_group_decorator.py
[2021-06-06 06:38:31,085] {logging_mixin.py:104} INFO - [2021-06-06 06:38:31,085] {dag.py:1832} INFO - Sync 1 DAGs
[2021-06-06 06:38:31,093] {logging_mixin.py:104} INFO - [2021-06-06 06:38:31,093] {dag.py:2305} INFO - Setting next_dagrun for example_task_group_decorator to 2021-06-04 00:00:00+00:00
[2021-06-06 06:38:31,110] {scheduler_job.py:190} INFO - Processing /media/PythonProjects/66.Spotify_ETL/venv/lib/python3.8/site-packages/airflow/example_dags/example_task_group_decorator.py took 0.291 seconds
[2021-06-06 06:39:03,561] {scheduler_job.py:182} INFO - Started process (PID=3146) to work on /media/PythonProjects/66.Spotify_ETL/venv/lib/python3.8/site-packages/airflow/example_dags/example_task_group_decorator.py
[2021-06-06 06:39:03,567] {scheduler_job.py:633} INFO - Processing file /media/PythonProjects/66.Spotify_ETL/venv/lib/python3.8/site-packages/airflow/example_dags/example_task_group_decorator.py for tasks to queue
[2021-06-06 06:39:03,568] {logging_mixin.py:104} INFO - [2021-06-06 06:39:03,568] {dagbag.py:487} INFO - Filling up the DagBag from /media/PythonProjects/66.Spotify_ETL/venv/lib/python3.8/site-packages/airflow/example_dags/example_task_group_decorator.py
[2021-06-06 06:39:03,613] {scheduler_job.py:643} INFO - DAG(s) dict_keys(['example_task_group_decorator']) retrieved from /media/PythonProjects/66.Spotify_ETL/venv/lib/python3.8/site-packages/airflow/example_dags/example_task_group_decorator.py
[2021-06-06 06:39:04,034] {logging_mixin.py:104} INFO - [2021-06-06 06:39:04,034] {dag.py:1832} INFO - Sync 1 DAGs
[2021-06-06 06:39:04,044] {logging_mixin.py:104} INFO - [2021-06-06 06:39:04,044] {dag.py:2305} INFO - Setting next_dagrun for example_task_group_decorator to 2021-06-04 00:00:00+00:00
[2021-06-06 06:39:04,064] {scheduler_job.py:190} INFO - Processing /media/PythonProjects/66.Spotify_ETL/venv/lib/python3.8/site-packages/airflow/example_dags/example_task_group_decorator.py took 0.511 seconds
[2021-06-06 06:39:37,241] {scheduler_job.py:182} INFO - Started process (PID=3205) to work on /media/PythonProjects/66.Spotify_ETL/venv/lib/python3.8/site-packages/airflow/example_dags/example_task_group_decorator.py
[2021-06-06 06:39:37,243] {scheduler_job.py:633} INFO - Processing file /media/PythonProjects/66.Spotify_ETL/venv/lib/python3.8/site-packages/airflow/example_dags/example_task_group_decorator.py for tasks to queue
[2021-06-06 06:39:37,244] {logging_mixin.py:104} INFO - [2021-06-06 06:39:37,244] {dagbag.py:487} INFO - Filling up the DagBag from /media/PythonProjects/66.Spotify_ETL/venv/lib/python3.8/site-packages/airflow/example_dags/example_task_group_decorator.py
[2021-06-06 06:39:37,262] {scheduler_job.py:643} INFO - DAG(s) dict_keys(['example_task_group_decorator']) retrieved from /media/PythonProjects/66.Spotify_ETL/venv/lib/python3.8/site-packages/airflow/example_dags/example_task_group_decorator.py
[2021-06-06 06:39:37,491] {logging_mixin.py:104} INFO - [2021-06-06 06:39:37,491] {dag.py:1832} INFO - Sync 1 DAGs
[2021-06-06 06:39:37,501] {logging_mixin.py:104} INFO - [2021-06-06 06:39:37,501] {dag.py:2305} INFO - Setting next_dagrun for example_task_group_decorator to 2021-06-04 00:00:00+00:00
[2021-06-06 06:39:37,534] {scheduler_job.py:190} INFO - Processing /media/PythonProjects/66.Spotify_ETL/venv/lib/python3.8/site-packages/airflow/example_dags/example_task_group_decorator.py took 0.297 seconds
[2021-06-06 06:40:11,485] {scheduler_job.py:182} INFO - Started process (PID=3261) to work on /media/PythonProjects/66.Spotify_ETL/venv/lib/python3.8/site-packages/airflow/example_dags/example_task_group_decorator.py
[2021-06-06 06:40:11,488] {scheduler_job.py:633} INFO - Processing file /media/PythonProjects/66.Spotify_ETL/venv/lib/python3.8/site-packages/airflow/example_dags/example_task_group_decorator.py for tasks to queue
[2021-06-06 06:40:11,490] {logging_mixin.py:104} INFO - [2021-06-06 06:40:11,490] {dagbag.py:487} INFO - Filling up the DagBag from /media/PythonProjects/66.Spotify_ETL/venv/lib/python3.8/site-packages/airflow/example_dags/example_task_group_decorator.py
[2021-06-06 06:40:11,548] {scheduler_job.py:643} INFO - DAG(s) dict_keys(['example_task_group_decorator']) retrieved from /media/PythonProjects/66.Spotify_ETL/venv/lib/python3.8/site-packages/airflow/example_dags/example_task_group_decorator.py
[2021-06-06 06:40:11,988] {logging_mixin.py:104} INFO - [2021-06-06 06:40:11,988] {dag.py:1832} INFO - Sync 1 DAGs
[2021-06-06 06:40:12,000] {logging_mixin.py:104} INFO - [2021-06-06 06:40:12,000] {dag.py:2305} INFO - Setting next_dagrun for example_task_group_decorator to 2021-06-04 00:00:00+00:00
[2021-06-06 06:40:12,042] {scheduler_job.py:190} INFO - Processing /media/PythonProjects/66.Spotify_ETL/venv/lib/python3.8/site-packages/airflow/example_dags/example_task_group_decorator.py took 0.566 seconds
[2021-06-06 06:40:45,238] {scheduler_job.py:182} INFO - Started process (PID=3318) to work on /media/PythonProjects/66.Spotify_ETL/venv/lib/python3.8/site-packages/airflow/example_dags/example_task_group_decorator.py
[2021-06-06 06:40:45,241] {scheduler_job.py:633} INFO - Processing file /media/PythonProjects/66.Spotify_ETL/venv/lib/python3.8/site-packages/airflow/example_dags/example_task_group_decorator.py for tasks to queue
[2021-06-06 06:40:45,243] {logging_mixin.py:104} INFO - [2021-06-06 06:40:45,243] {dagbag.py:487} INFO - Filling up the DagBag from /media/PythonProjects/66.Spotify_ETL/venv/lib/python3.8/site-packages/airflow/example_dags/example_task_group_decorator.py
[2021-06-06 06:40:45,268] {scheduler_job.py:643} INFO - DAG(s) dict_keys(['example_task_group_decorator']) retrieved from /media/PythonProjects/66.Spotify_ETL/venv/lib/python3.8/site-packages/airflow/example_dags/example_task_group_decorator.py
[2021-06-06 06:40:45,505] {logging_mixin.py:104} INFO - [2021-06-06 06:40:45,505] {dag.py:1832} INFO - Sync 1 DAGs
[2021-06-06 06:40:45,514] {logging_mixin.py:104} INFO - [2021-06-06 06:40:45,514] {dag.py:2305} INFO - Setting next_dagrun for example_task_group_decorator to 2021-06-04 00:00:00+00:00
[2021-06-06 06:40:45,532] {scheduler_job.py:190} INFO - Processing /media/PythonProjects/66.Spotify_ETL/venv/lib/python3.8/site-packages/airflow/example_dags/example_task_group_decorator.py took 0.302 seconds
[2021-06-06 06:41:19,116] {scheduler_job.py:182} INFO - Started process (PID=3379) to work on /media/PythonProjects/66.Spotify_ETL/venv/lib/python3.8/site-packages/airflow/example_dags/example_task_group_decorator.py
[2021-06-06 06:41:19,118] {scheduler_job.py:633} INFO - Processing file /media/PythonProjects/66.Spotify_ETL/venv/lib/python3.8/site-packages/airflow/example_dags/example_task_group_decorator.py for tasks to queue
[2021-06-06 06:41:19,119] {logging_mixin.py:104} INFO - [2021-06-06 06:41:19,119] {dagbag.py:487} INFO - Filling up the DagBag from /media/PythonProjects/66.Spotify_ETL/venv/lib/python3.8/site-packages/airflow/example_dags/example_task_group_decorator.py
[2021-06-06 06:41:19,146] {scheduler_job.py:643} INFO - DAG(s) dict_keys(['example_task_group_decorator']) retrieved from /media/PythonProjects/66.Spotify_ETL/venv/lib/python3.8/site-packages/airflow/example_dags/example_task_group_decorator.py
[2021-06-06 06:41:19,382] {logging_mixin.py:104} INFO - [2021-06-06 06:41:19,382] {dag.py:1832} INFO - Sync 1 DAGs
[2021-06-06 06:41:19,391] {logging_mixin.py:104} INFO - [2021-06-06 06:41:19,391] {dag.py:2305} INFO - Setting next_dagrun for example_task_group_decorator to 2021-06-04 00:00:00+00:00
[2021-06-06 06:41:19,411] {scheduler_job.py:190} INFO - Processing /media/PythonProjects/66.Spotify_ETL/venv/lib/python3.8/site-packages/airflow/example_dags/example_task_group_decorator.py took 0.298 seconds
[2021-06-06 06:41:52,816] {scheduler_job.py:182} INFO - Started process (PID=3439) to work on /media/PythonProjects/66.Spotify_ETL/venv/lib/python3.8/site-packages/airflow/example_dags/example_task_group_decorator.py
[2021-06-06 06:41:52,818] {scheduler_job.py:633} INFO - Processing file /media/PythonProjects/66.Spotify_ETL/venv/lib/python3.8/site-packages/airflow/example_dags/example_task_group_decorator.py for tasks to queue
[2021-06-06 06:41:52,820] {logging_mixin.py:104} INFO - [2021-06-06 06:41:52,819] {dagbag.py:487} INFO - Filling up the DagBag from /media/PythonProjects/66.Spotify_ETL/venv/lib/python3.8/site-packages/airflow/example_dags/example_task_group_decorator.py
[2021-06-06 06:41:52,842] {scheduler_job.py:643} INFO - DAG(s) dict_keys(['example_task_group_decorator']) retrieved from /media/PythonProjects/66.Spotify_ETL/venv/lib/python3.8/site-packages/airflow/example_dags/example_task_group_decorator.py
[2021-06-06 06:41:53,085] {logging_mixin.py:104} INFO - [2021-06-06 06:41:53,085] {dag.py:1832} INFO - Sync 1 DAGs
[2021-06-06 06:41:53,093] {logging_mixin.py:104} INFO - [2021-06-06 06:41:53,093] {dag.py:2305} INFO - Setting next_dagrun for example_task_group_decorator to 2021-06-04 00:00:00+00:00
[2021-06-06 06:41:53,117] {scheduler_job.py:190} INFO - Processing /media/PythonProjects/66.Spotify_ETL/venv/lib/python3.8/site-packages/airflow/example_dags/example_task_group_decorator.py took 0.308 seconds
[2021-06-06 06:42:26,274] {scheduler_job.py:182} INFO - Started process (PID=3497) to work on /media/PythonProjects/66.Spotify_ETL/venv/lib/python3.8/site-packages/airflow/example_dags/example_task_group_decorator.py
[2021-06-06 06:42:26,276] {scheduler_job.py:633} INFO - Processing file /media/PythonProjects/66.Spotify_ETL/venv/lib/python3.8/site-packages/airflow/example_dags/example_task_group_decorator.py for tasks to queue
[2021-06-06 06:42:26,277] {logging_mixin.py:104} INFO - [2021-06-06 06:42:26,277] {dagbag.py:487} INFO - Filling up the DagBag from /media/PythonProjects/66.Spotify_ETL/venv/lib/python3.8/site-packages/airflow/example_dags/example_task_group_decorator.py
[2021-06-06 06:42:26,298] {scheduler_job.py:643} INFO - DAG(s) dict_keys(['example_task_group_decorator']) retrieved from /media/PythonProjects/66.Spotify_ETL/venv/lib/python3.8/site-packages/airflow/example_dags/example_task_group_decorator.py
[2021-06-06 06:42:26,542] {logging_mixin.py:104} INFO - [2021-06-06 06:42:26,542] {dag.py:1832} INFO - Sync 1 DAGs
[2021-06-06 06:42:26,553] {logging_mixin.py:104} INFO - [2021-06-06 06:42:26,553] {dag.py:2305} INFO - Setting next_dagrun for example_task_group_decorator to 2021-06-04 00:00:00+00:00
[2021-06-06 06:42:26,571] {scheduler_job.py:190} INFO - Processing /media/PythonProjects/66.Spotify_ETL/venv/lib/python3.8/site-packages/airflow/example_dags/example_task_group_decorator.py took 0.302 seconds
[2021-06-06 06:42:58,699] {scheduler_job.py:182} INFO - Started process (PID=3554) to work on /media/PythonProjects/66.Spotify_ETL/venv/lib/python3.8/site-packages/airflow/example_dags/example_task_group_decorator.py
[2021-06-06 06:42:58,700] {scheduler_job.py:633} INFO - Processing file /media/PythonProjects/66.Spotify_ETL/venv/lib/python3.8/site-packages/airflow/example_dags/example_task_group_decorator.py for tasks to queue
[2021-06-06 06:42:58,701] {logging_mixin.py:104} INFO - [2021-06-06 06:42:58,701] {dagbag.py:487} INFO - Filling up the DagBag from /media/PythonProjects/66.Spotify_ETL/venv/lib/python3.8/site-packages/airflow/example_dags/example_task_group_decorator.py
[2021-06-06 06:42:58,722] {scheduler_job.py:643} INFO - DAG(s) dict_keys(['example_task_group_decorator']) retrieved from /media/PythonProjects/66.Spotify_ETL/venv/lib/python3.8/site-packages/airflow/example_dags/example_task_group_decorator.py
[2021-06-06 06:42:59,048] {logging_mixin.py:104} INFO - [2021-06-06 06:42:59,048] {dag.py:1832} INFO - Sync 1 DAGs
[2021-06-06 06:42:59,057] {logging_mixin.py:104} INFO - [2021-06-06 06:42:59,057] {dag.py:2305} INFO - Setting next_dagrun for example_task_group_decorator to 2021-06-04 00:00:00+00:00
[2021-06-06 06:42:59,076] {scheduler_job.py:190} INFO - Processing /media/PythonProjects/66.Spotify_ETL/venv/lib/python3.8/site-packages/airflow/example_dags/example_task_group_decorator.py took 0.380 seconds
[2021-06-06 06:43:29,966] {scheduler_job.py:182} INFO - Started process (PID=3612) to work on /media/PythonProjects/66.Spotify_ETL/venv/lib/python3.8/site-packages/airflow/example_dags/example_task_group_decorator.py
[2021-06-06 06:43:29,969] {scheduler_job.py:633} INFO - Processing file /media/PythonProjects/66.Spotify_ETL/venv/lib/python3.8/site-packages/airflow/example_dags/example_task_group_decorator.py for tasks to queue
[2021-06-06 06:43:29,970] {logging_mixin.py:104} INFO - [2021-06-06 06:43:29,969] {dagbag.py:487} INFO - Filling up the DagBag from /media/PythonProjects/66.Spotify_ETL/venv/lib/python3.8/site-packages/airflow/example_dags/example_task_group_decorator.py
[2021-06-06 06:43:29,990] {scheduler_job.py:643} INFO - DAG(s) dict_keys(['example_task_group_decorator']) retrieved from /media/PythonProjects/66.Spotify_ETL/venv/lib/python3.8/site-packages/airflow/example_dags/example_task_group_decorator.py
[2021-06-06 06:43:30,252] {logging_mixin.py:104} INFO - [2021-06-06 06:43:30,252] {dag.py:1832} INFO - Sync 1 DAGs
[2021-06-06 06:43:30,261] {logging_mixin.py:104} INFO - [2021-06-06 06:43:30,261] {dag.py:2305} INFO - Setting next_dagrun for example_task_group_decorator to 2021-06-04 00:00:00+00:00
[2021-06-06 06:43:30,282] {scheduler_job.py:190} INFO - Processing /media/PythonProjects/66.Spotify_ETL/venv/lib/python3.8/site-packages/airflow/example_dags/example_task_group_decorator.py took 0.321 seconds
[2021-06-06 06:44:02,401] {scheduler_job.py:182} INFO - Started process (PID=3669) to work on /media/PythonProjects/66.Spotify_ETL/venv/lib/python3.8/site-packages/airflow/example_dags/example_task_group_decorator.py
[2021-06-06 06:44:02,402] {scheduler_job.py:633} INFO - Processing file /media/PythonProjects/66.Spotify_ETL/venv/lib/python3.8/site-packages/airflow/example_dags/example_task_group_decorator.py for tasks to queue
[2021-06-06 06:44:02,403] {logging_mixin.py:104} INFO - [2021-06-06 06:44:02,403] {dagbag.py:487} INFO - Filling up the DagBag from /media/PythonProjects/66.Spotify_ETL/venv/lib/python3.8/site-packages/airflow/example_dags/example_task_group_decorator.py
[2021-06-06 06:44:02,423] {scheduler_job.py:643} INFO - DAG(s) dict_keys(['example_task_group_decorator']) retrieved from /media/PythonProjects/66.Spotify_ETL/venv/lib/python3.8/site-packages/airflow/example_dags/example_task_group_decorator.py
[2021-06-06 06:44:02,664] {logging_mixin.py:104} INFO - [2021-06-06 06:44:02,664] {dag.py:1832} INFO - Sync 1 DAGs
[2021-06-06 06:44:02,673] {logging_mixin.py:104} INFO - [2021-06-06 06:44:02,673] {dag.py:2305} INFO - Setting next_dagrun for example_task_group_decorator to 2021-06-04 00:00:00+00:00
[2021-06-06 06:44:02,699] {scheduler_job.py:190} INFO - Processing /media/PythonProjects/66.Spotify_ETL/venv/lib/python3.8/site-packages/airflow/example_dags/example_task_group_decorator.py took 0.301 seconds
[2021-06-06 06:44:38,221] {scheduler_job.py:182} INFO - Started process (PID=3727) to work on /media/PythonProjects/66.Spotify_ETL/venv/lib/python3.8/site-packages/airflow/example_dags/example_task_group_decorator.py
[2021-06-06 06:44:38,223] {scheduler_job.py:633} INFO - Processing file /media/PythonProjects/66.Spotify_ETL/venv/lib/python3.8/site-packages/airflow/example_dags/example_task_group_decorator.py for tasks to queue
[2021-06-06 06:44:38,224] {logging_mixin.py:104} INFO - [2021-06-06 06:44:38,223] {dagbag.py:487} INFO - Filling up the DagBag from /media/PythonProjects/66.Spotify_ETL/venv/lib/python3.8/site-packages/airflow/example_dags/example_task_group_decorator.py
[2021-06-06 06:44:38,245] {scheduler_job.py:643} INFO - DAG(s) dict_keys(['example_task_group_decorator']) retrieved from /media/PythonProjects/66.Spotify_ETL/venv/lib/python3.8/site-packages/airflow/example_dags/example_task_group_decorator.py
[2021-06-06 06:44:38,491] {logging_mixin.py:104} INFO - [2021-06-06 06:44:38,491] {dag.py:1832} INFO - Sync 1 DAGs
[2021-06-06 06:44:38,500] {logging_mixin.py:104} INFO - [2021-06-06 06:44:38,500] {dag.py:2305} INFO - Setting next_dagrun for example_task_group_decorator to 2021-06-04 00:00:00+00:00
[2021-06-06 06:44:38,524] {scheduler_job.py:190} INFO - Processing /media/PythonProjects/66.Spotify_ETL/venv/lib/python3.8/site-packages/airflow/example_dags/example_task_group_decorator.py took 0.306 seconds
[2021-06-06 06:45:10,944] {scheduler_job.py:182} INFO - Started process (PID=3786) to work on /media/PythonProjects/66.Spotify_ETL/venv/lib/python3.8/site-packages/airflow/example_dags/example_task_group_decorator.py
[2021-06-06 06:45:10,945] {scheduler_job.py:633} INFO - Processing file /media/PythonProjects/66.Spotify_ETL/venv/lib/python3.8/site-packages/airflow/example_dags/example_task_group_decorator.py for tasks to queue
[2021-06-06 06:45:10,946] {logging_mixin.py:104} INFO - [2021-06-06 06:45:10,946] {dagbag.py:487} INFO - Filling up the DagBag from /media/PythonProjects/66.Spotify_ETL/venv/lib/python3.8/site-packages/airflow/example_dags/example_task_group_decorator.py
[2021-06-06 06:45:10,967] {scheduler_job.py:643} INFO - DAG(s) dict_keys(['example_task_group_decorator']) retrieved from /media/PythonProjects/66.Spotify_ETL/venv/lib/python3.8/site-packages/airflow/example_dags/example_task_group_decorator.py
[2021-06-06 06:45:11,213] {logging_mixin.py:104} INFO - [2021-06-06 06:45:11,213] {dag.py:1832} INFO - Sync 1 DAGs
[2021-06-06 06:45:11,222] {logging_mixin.py:104} INFO - [2021-06-06 06:45:11,222] {dag.py:2305} INFO - Setting next_dagrun for example_task_group_decorator to 2021-06-04 00:00:00+00:00
[2021-06-06 06:45:11,244] {scheduler_job.py:190} INFO - Processing /media/PythonProjects/66.Spotify_ETL/venv/lib/python3.8/site-packages/airflow/example_dags/example_task_group_decorator.py took 0.303 seconds
[2021-06-06 06:45:43,297] {scheduler_job.py:182} INFO - Started process (PID=4006) to work on /media/PythonProjects/66.Spotify_ETL/venv/lib/python3.8/site-packages/airflow/example_dags/example_task_group_decorator.py
[2021-06-06 06:45:43,299] {scheduler_job.py:633} INFO - Processing file /media/PythonProjects/66.Spotify_ETL/venv/lib/python3.8/site-packages/airflow/example_dags/example_task_group_decorator.py for tasks to queue
[2021-06-06 06:45:43,299] {logging_mixin.py:104} INFO - [2021-06-06 06:45:43,299] {dagbag.py:487} INFO - Filling up the DagBag from /media/PythonProjects/66.Spotify_ETL/venv/lib/python3.8/site-packages/airflow/example_dags/example_task_group_decorator.py
[2021-06-06 06:45:43,321] {scheduler_job.py:643} INFO - DAG(s) dict_keys(['example_task_group_decorator']) retrieved from /media/PythonProjects/66.Spotify_ETL/venv/lib/python3.8/site-packages/airflow/example_dags/example_task_group_decorator.py
[2021-06-06 06:45:43,570] {logging_mixin.py:104} INFO - [2021-06-06 06:45:43,570] {dag.py:1832} INFO - Sync 1 DAGs
[2021-06-06 06:45:43,579] {logging_mixin.py:104} INFO - [2021-06-06 06:45:43,579] {dag.py:2305} INFO - Setting next_dagrun for example_task_group_decorator to 2021-06-04 00:00:00+00:00
[2021-06-06 06:45:43,600] {scheduler_job.py:190} INFO - Processing /media/PythonProjects/66.Spotify_ETL/venv/lib/python3.8/site-packages/airflow/example_dags/example_task_group_decorator.py took 0.305 seconds
[2021-06-06 06:46:17,273] {scheduler_job.py:182} INFO - Started process (PID=4316) to work on /media/PythonProjects/66.Spotify_ETL/venv/lib/python3.8/site-packages/airflow/example_dags/example_task_group_decorator.py
[2021-06-06 06:46:17,276] {scheduler_job.py:633} INFO - Processing file /media/PythonProjects/66.Spotify_ETL/venv/lib/python3.8/site-packages/airflow/example_dags/example_task_group_decorator.py for tasks to queue
[2021-06-06 06:46:17,278] {logging_mixin.py:104} INFO - [2021-06-06 06:46:17,277] {dagbag.py:487} INFO - Filling up the DagBag from /media/PythonProjects/66.Spotify_ETL/venv/lib/python3.8/site-packages/airflow/example_dags/example_task_group_decorator.py
[2021-06-06 06:46:17,305] {scheduler_job.py:643} INFO - DAG(s) dict_keys(['example_task_group_decorator']) retrieved from /media/PythonProjects/66.Spotify_ETL/venv/lib/python3.8/site-packages/airflow/example_dags/example_task_group_decorator.py
[2021-06-06 06:46:17,569] {logging_mixin.py:104} INFO - [2021-06-06 06:46:17,569] {dag.py:1832} INFO - Sync 1 DAGs
[2021-06-06 06:46:17,578] {logging_mixin.py:104} INFO - [2021-06-06 06:46:17,577] {dag.py:2305} INFO - Setting next_dagrun for example_task_group_decorator to 2021-06-04 00:00:00+00:00
[2021-06-06 06:46:17,599] {scheduler_job.py:190} INFO - Processing /media/PythonProjects/66.Spotify_ETL/venv/lib/python3.8/site-packages/airflow/example_dags/example_task_group_decorator.py took 0.336 seconds
>>>>>>> a36d51d4f01a602def4b5ca237d9cd16ee6cc130
