[2021-06-06 06:32:25,478] {scheduler_job.py:182} INFO - Started process (PID=2419) to work on /media/PythonProjects/66.Spotify_ETL/venv/lib/python3.8/site-packages/airflow/example_dags/example_xcomargs.py
[2021-06-06 06:32:25,481] {scheduler_job.py:633} INFO - Processing file /media/PythonProjects/66.Spotify_ETL/venv/lib/python3.8/site-packages/airflow/example_dags/example_xcomargs.py for tasks to queue
[2021-06-06 06:32:25,487] {logging_mixin.py:104} INFO - [2021-06-06 06:32:25,482] {dagbag.py:487} INFO - Filling up the DagBag from /media/PythonProjects/66.Spotify_ETL/venv/lib/python3.8/site-packages/airflow/example_dags/example_xcomargs.py
[2021-06-06 06:32:25,514] {scheduler_job.py:643} INFO - DAG(s) dict_keys(['example_xcom_args', 'example_xcom_args_with_operators']) retrieved from /media/PythonProjects/66.Spotify_ETL/venv/lib/python3.8/site-packages/airflow/example_dags/example_xcomargs.py
[2021-06-06 06:32:25,806] {logging_mixin.py:104} INFO - [2021-06-06 06:32:25,806] {dag.py:1832} INFO - Sync 2 DAGs
[2021-06-06 06:32:25,816] {logging_mixin.py:104} INFO - [2021-06-06 06:32:25,816] {dag.py:2305} INFO - Setting next_dagrun for example_xcom_args to None
[2021-06-06 06:32:25,817] {logging_mixin.py:104} INFO - [2021-06-06 06:32:25,817] {dag.py:2305} INFO - Setting next_dagrun for example_xcom_args_with_operators to None
[2021-06-06 06:32:25,844] {scheduler_job.py:190} INFO - Processing /media/PythonProjects/66.Spotify_ETL/venv/lib/python3.8/site-packages/airflow/example_dags/example_xcomargs.py took 0.370 seconds
[2021-06-06 06:33:03,710] {scheduler_job.py:182} INFO - Started process (PID=2509) to work on /media/PythonProjects/66.Spotify_ETL/venv/lib/python3.8/site-packages/airflow/example_dags/example_xcomargs.py
[2021-06-06 06:33:03,711] {scheduler_job.py:633} INFO - Processing file /media/PythonProjects/66.Spotify_ETL/venv/lib/python3.8/site-packages/airflow/example_dags/example_xcomargs.py for tasks to queue
[2021-06-06 06:33:03,711] {logging_mixin.py:104} INFO - [2021-06-06 06:33:03,711] {dagbag.py:487} INFO - Filling up the DagBag from /media/PythonProjects/66.Spotify_ETL/venv/lib/python3.8/site-packages/airflow/example_dags/example_xcomargs.py
[2021-06-06 06:33:03,730] {scheduler_job.py:643} INFO - DAG(s) dict_keys(['example_xcom_args', 'example_xcom_args_with_operators']) retrieved from /media/PythonProjects/66.Spotify_ETL/venv/lib/python3.8/site-packages/airflow/example_dags/example_xcomargs.py
[2021-06-06 06:33:04,029] {logging_mixin.py:104} INFO - [2021-06-06 06:33:04,029] {dag.py:1832} INFO - Sync 2 DAGs
[2021-06-06 06:33:04,040] {logging_mixin.py:104} INFO - [2021-06-06 06:33:04,040] {dag.py:2305} INFO - Setting next_dagrun for example_xcom_args to None
[2021-06-06 06:33:04,041] {logging_mixin.py:104} INFO - [2021-06-06 06:33:04,041] {dag.py:2305} INFO - Setting next_dagrun for example_xcom_args_with_operators to None
[2021-06-06 06:33:04,063] {scheduler_job.py:190} INFO - Processing /media/PythonProjects/66.Spotify_ETL/venv/lib/python3.8/site-packages/airflow/example_dags/example_xcomargs.py took 0.356 seconds
[2021-06-06 06:33:37,684] {scheduler_job.py:182} INFO - Started process (PID=2566) to work on /media/PythonProjects/66.Spotify_ETL/venv/lib/python3.8/site-packages/airflow/example_dags/example_xcomargs.py
[2021-06-06 06:33:37,686] {scheduler_job.py:633} INFO - Processing file /media/PythonProjects/66.Spotify_ETL/venv/lib/python3.8/site-packages/airflow/example_dags/example_xcomargs.py for tasks to queue
[2021-06-06 06:33:37,687] {logging_mixin.py:104} INFO - [2021-06-06 06:33:37,687] {dagbag.py:487} INFO - Filling up the DagBag from /media/PythonProjects/66.Spotify_ETL/venv/lib/python3.8/site-packages/airflow/example_dags/example_xcomargs.py
[2021-06-06 06:33:37,710] {scheduler_job.py:643} INFO - DAG(s) dict_keys(['example_xcom_args', 'example_xcom_args_with_operators']) retrieved from /media/PythonProjects/66.Spotify_ETL/venv/lib/python3.8/site-packages/airflow/example_dags/example_xcomargs.py
[2021-06-06 06:33:37,943] {logging_mixin.py:104} INFO - [2021-06-06 06:33:37,943] {dag.py:1832} INFO - Sync 2 DAGs
[2021-06-06 06:33:37,952] {logging_mixin.py:104} INFO - [2021-06-06 06:33:37,952] {dag.py:2305} INFO - Setting next_dagrun for example_xcom_args to None
[2021-06-06 06:33:37,953] {logging_mixin.py:104} INFO - [2021-06-06 06:33:37,953] {dag.py:2305} INFO - Setting next_dagrun for example_xcom_args_with_operators to None
[2021-06-06 06:33:37,974] {scheduler_job.py:190} INFO - Processing /media/PythonProjects/66.Spotify_ETL/venv/lib/python3.8/site-packages/airflow/example_dags/example_xcomargs.py took 0.297 seconds
[2021-06-06 06:34:15,000] {scheduler_job.py:182} INFO - Started process (PID=2628) to work on /media/PythonProjects/66.Spotify_ETL/venv/lib/python3.8/site-packages/airflow/example_dags/example_xcomargs.py
[2021-06-06 06:34:15,002] {scheduler_job.py:633} INFO - Processing file /media/PythonProjects/66.Spotify_ETL/venv/lib/python3.8/site-packages/airflow/example_dags/example_xcomargs.py for tasks to queue
[2021-06-06 06:34:15,002] {logging_mixin.py:104} INFO - [2021-06-06 06:34:15,002] {dagbag.py:487} INFO - Filling up the DagBag from /media/PythonProjects/66.Spotify_ETL/venv/lib/python3.8/site-packages/airflow/example_dags/example_xcomargs.py
[2021-06-06 06:34:15,023] {scheduler_job.py:643} INFO - DAG(s) dict_keys(['example_xcom_args', 'example_xcom_args_with_operators']) retrieved from /media/PythonProjects/66.Spotify_ETL/venv/lib/python3.8/site-packages/airflow/example_dags/example_xcomargs.py
[2021-06-06 06:34:15,321] {logging_mixin.py:104} INFO - [2021-06-06 06:34:15,320] {dag.py:1832} INFO - Sync 2 DAGs
[2021-06-06 06:34:15,334] {logging_mixin.py:104} INFO - [2021-06-06 06:34:15,334] {dag.py:2305} INFO - Setting next_dagrun for example_xcom_args to None
[2021-06-06 06:34:15,335] {logging_mixin.py:104} INFO - [2021-06-06 06:34:15,335] {dag.py:2305} INFO - Setting next_dagrun for example_xcom_args_with_operators to None
[2021-06-06 06:34:15,366] {scheduler_job.py:190} INFO - Processing /media/PythonProjects/66.Spotify_ETL/venv/lib/python3.8/site-packages/airflow/example_dags/example_xcomargs.py took 0.369 seconds
[2021-06-06 06:34:47,305] {scheduler_job.py:182} INFO - Started process (PID=2686) to work on /media/PythonProjects/66.Spotify_ETL/venv/lib/python3.8/site-packages/airflow/example_dags/example_xcomargs.py
[2021-06-06 06:34:47,307] {scheduler_job.py:633} INFO - Processing file /media/PythonProjects/66.Spotify_ETL/venv/lib/python3.8/site-packages/airflow/example_dags/example_xcomargs.py for tasks to queue
[2021-06-06 06:34:47,308] {logging_mixin.py:104} INFO - [2021-06-06 06:34:47,308] {dagbag.py:487} INFO - Filling up the DagBag from /media/PythonProjects/66.Spotify_ETL/venv/lib/python3.8/site-packages/airflow/example_dags/example_xcomargs.py
[2021-06-06 06:34:47,325] {scheduler_job.py:643} INFO - DAG(s) dict_keys(['example_xcom_args', 'example_xcom_args_with_operators']) retrieved from /media/PythonProjects/66.Spotify_ETL/venv/lib/python3.8/site-packages/airflow/example_dags/example_xcomargs.py
[2021-06-06 06:34:47,557] {logging_mixin.py:104} INFO - [2021-06-06 06:34:47,557] {dag.py:1832} INFO - Sync 2 DAGs
[2021-06-06 06:34:47,565] {logging_mixin.py:104} INFO - [2021-06-06 06:34:47,565] {dag.py:2305} INFO - Setting next_dagrun for example_xcom_args to None
[2021-06-06 06:34:47,566] {logging_mixin.py:104} INFO - [2021-06-06 06:34:47,566] {dag.py:2305} INFO - Setting next_dagrun for example_xcom_args_with_operators to None
[2021-06-06 06:34:47,586] {scheduler_job.py:190} INFO - Processing /media/PythonProjects/66.Spotify_ETL/venv/lib/python3.8/site-packages/airflow/example_dags/example_xcomargs.py took 0.286 seconds
[2021-06-06 06:35:19,659] {scheduler_job.py:182} INFO - Started process (PID=2747) to work on /media/PythonProjects/66.Spotify_ETL/venv/lib/python3.8/site-packages/airflow/example_dags/example_xcomargs.py
[2021-06-06 06:35:19,660] {scheduler_job.py:633} INFO - Processing file /media/PythonProjects/66.Spotify_ETL/venv/lib/python3.8/site-packages/airflow/example_dags/example_xcomargs.py for tasks to queue
[2021-06-06 06:35:19,661] {logging_mixin.py:104} INFO - [2021-06-06 06:35:19,661] {dagbag.py:487} INFO - Filling up the DagBag from /media/PythonProjects/66.Spotify_ETL/venv/lib/python3.8/site-packages/airflow/example_dags/example_xcomargs.py
[2021-06-06 06:35:19,677] {scheduler_job.py:643} INFO - DAG(s) dict_keys(['example_xcom_args', 'example_xcom_args_with_operators']) retrieved from /media/PythonProjects/66.Spotify_ETL/venv/lib/python3.8/site-packages/airflow/example_dags/example_xcomargs.py
[2021-06-06 06:35:19,904] {logging_mixin.py:104} INFO - [2021-06-06 06:35:19,904] {dag.py:1832} INFO - Sync 2 DAGs
[2021-06-06 06:35:19,912] {logging_mixin.py:104} INFO - [2021-06-06 06:35:19,912] {dag.py:2305} INFO - Setting next_dagrun for example_xcom_args to None
[2021-06-06 06:35:19,913] {logging_mixin.py:104} INFO - [2021-06-06 06:35:19,913] {dag.py:2305} INFO - Setting next_dagrun for example_xcom_args_with_operators to None
[2021-06-06 06:35:19,950] {scheduler_job.py:190} INFO - Processing /media/PythonProjects/66.Spotify_ETL/venv/lib/python3.8/site-packages/airflow/example_dags/example_xcomargs.py took 0.293 seconds
[2021-06-06 06:35:53,187] {scheduler_job.py:182} INFO - Started process (PID=2808) to work on /media/PythonProjects/66.Spotify_ETL/venv/lib/python3.8/site-packages/airflow/example_dags/example_xcomargs.py
[2021-06-06 06:35:53,191] {scheduler_job.py:633} INFO - Processing file /media/PythonProjects/66.Spotify_ETL/venv/lib/python3.8/site-packages/airflow/example_dags/example_xcomargs.py for tasks to queue
[2021-06-06 06:35:53,194] {logging_mixin.py:104} INFO - [2021-06-06 06:35:53,194] {dagbag.py:487} INFO - Filling up the DagBag from /media/PythonProjects/66.Spotify_ETL/venv/lib/python3.8/site-packages/airflow/example_dags/example_xcomargs.py
[2021-06-06 06:35:53,217] {scheduler_job.py:643} INFO - DAG(s) dict_keys(['example_xcom_args', 'example_xcom_args_with_operators']) retrieved from /media/PythonProjects/66.Spotify_ETL/venv/lib/python3.8/site-packages/airflow/example_dags/example_xcomargs.py
[2021-06-06 06:35:53,601] {logging_mixin.py:104} INFO - [2021-06-06 06:35:53,601] {dag.py:1832} INFO - Sync 2 DAGs
[2021-06-06 06:35:53,614] {logging_mixin.py:104} INFO - [2021-06-06 06:35:53,614] {dag.py:2305} INFO - Setting next_dagrun for example_xcom_args to None
[2021-06-06 06:35:53,617] {logging_mixin.py:104} INFO - [2021-06-06 06:35:53,617] {dag.py:2305} INFO - Setting next_dagrun for example_xcom_args_with_operators to None
[2021-06-06 06:35:53,656] {scheduler_job.py:190} INFO - Processing /media/PythonProjects/66.Spotify_ETL/venv/lib/python3.8/site-packages/airflow/example_dags/example_xcomargs.py took 0.473 seconds
[2021-06-06 06:36:26,821] {scheduler_job.py:182} INFO - Started process (PID=2869) to work on /media/PythonProjects/66.Spotify_ETL/venv/lib/python3.8/site-packages/airflow/example_dags/example_xcomargs.py
[2021-06-06 06:36:26,823] {scheduler_job.py:633} INFO - Processing file /media/PythonProjects/66.Spotify_ETL/venv/lib/python3.8/site-packages/airflow/example_dags/example_xcomargs.py for tasks to queue
[2021-06-06 06:36:26,823] {logging_mixin.py:104} INFO - [2021-06-06 06:36:26,823] {dagbag.py:487} INFO - Filling up the DagBag from /media/PythonProjects/66.Spotify_ETL/venv/lib/python3.8/site-packages/airflow/example_dags/example_xcomargs.py
[2021-06-06 06:36:26,842] {scheduler_job.py:643} INFO - DAG(s) dict_keys(['example_xcom_args', 'example_xcom_args_with_operators']) retrieved from /media/PythonProjects/66.Spotify_ETL/venv/lib/python3.8/site-packages/airflow/example_dags/example_xcomargs.py
[2021-06-06 06:36:27,176] {logging_mixin.py:104} INFO - [2021-06-06 06:36:27,175] {dag.py:1832} INFO - Sync 2 DAGs
[2021-06-06 06:36:27,185] {logging_mixin.py:104} INFO - [2021-06-06 06:36:27,184] {dag.py:2305} INFO - Setting next_dagrun for example_xcom_args to None
[2021-06-06 06:36:27,186] {logging_mixin.py:104} INFO - [2021-06-06 06:36:27,185] {dag.py:2305} INFO - Setting next_dagrun for example_xcom_args_with_operators to None
[2021-06-06 06:36:27,207] {scheduler_job.py:190} INFO - Processing /media/PythonProjects/66.Spotify_ETL/venv/lib/python3.8/site-packages/airflow/example_dags/example_xcomargs.py took 0.389 seconds
[2021-06-06 06:36:59,690] {scheduler_job.py:182} INFO - Started process (PID=2930) to work on /media/PythonProjects/66.Spotify_ETL/venv/lib/python3.8/site-packages/airflow/example_dags/example_xcomargs.py
[2021-06-06 06:36:59,692] {scheduler_job.py:633} INFO - Processing file /media/PythonProjects/66.Spotify_ETL/venv/lib/python3.8/site-packages/airflow/example_dags/example_xcomargs.py for tasks to queue
[2021-06-06 06:36:59,692] {logging_mixin.py:104} INFO - [2021-06-06 06:36:59,692] {dagbag.py:487} INFO - Filling up the DagBag from /media/PythonProjects/66.Spotify_ETL/venv/lib/python3.8/site-packages/airflow/example_dags/example_xcomargs.py
[2021-06-06 06:36:59,707] {scheduler_job.py:643} INFO - DAG(s) dict_keys(['example_xcom_args', 'example_xcom_args_with_operators']) retrieved from /media/PythonProjects/66.Spotify_ETL/venv/lib/python3.8/site-packages/airflow/example_dags/example_xcomargs.py
[2021-06-06 06:36:59,931] {logging_mixin.py:104} INFO - [2021-06-06 06:36:59,931] {dag.py:1832} INFO - Sync 2 DAGs
[2021-06-06 06:36:59,939] {logging_mixin.py:104} INFO - [2021-06-06 06:36:59,939] {dag.py:2305} INFO - Setting next_dagrun for example_xcom_args to None
[2021-06-06 06:36:59,940] {logging_mixin.py:104} INFO - [2021-06-06 06:36:59,940] {dag.py:2305} INFO - Setting next_dagrun for example_xcom_args_with_operators to None
[2021-06-06 06:36:59,966] {scheduler_job.py:190} INFO - Processing /media/PythonProjects/66.Spotify_ETL/venv/lib/python3.8/site-packages/airflow/example_dags/example_xcomargs.py took 0.278 seconds
[2021-06-06 06:37:37,188] {scheduler_job.py:182} INFO - Started process (PID=2995) to work on /media/PythonProjects/66.Spotify_ETL/venv/lib/python3.8/site-packages/airflow/example_dags/example_xcomargs.py
[2021-06-06 06:37:37,189] {scheduler_job.py:633} INFO - Processing file /media/PythonProjects/66.Spotify_ETL/venv/lib/python3.8/site-packages/airflow/example_dags/example_xcomargs.py for tasks to queue
[2021-06-06 06:37:37,190] {logging_mixin.py:104} INFO - [2021-06-06 06:37:37,190] {dagbag.py:487} INFO - Filling up the DagBag from /media/PythonProjects/66.Spotify_ETL/venv/lib/python3.8/site-packages/airflow/example_dags/example_xcomargs.py
[2021-06-06 06:37:37,210] {scheduler_job.py:643} INFO - DAG(s) dict_keys(['example_xcom_args', 'example_xcom_args_with_operators']) retrieved from /media/PythonProjects/66.Spotify_ETL/venv/lib/python3.8/site-packages/airflow/example_dags/example_xcomargs.py
[2021-06-06 06:37:37,591] {logging_mixin.py:104} INFO - [2021-06-06 06:37:37,591] {dag.py:1832} INFO - Sync 2 DAGs
[2021-06-06 06:37:37,604] {logging_mixin.py:104} INFO - [2021-06-06 06:37:37,604] {dag.py:2305} INFO - Setting next_dagrun for example_xcom_args to None
[2021-06-06 06:37:37,605] {logging_mixin.py:104} INFO - [2021-06-06 06:37:37,605] {dag.py:2305} INFO - Setting next_dagrun for example_xcom_args_with_operators to None
[2021-06-06 06:37:37,627] {scheduler_job.py:190} INFO - Processing /media/PythonProjects/66.Spotify_ETL/venv/lib/python3.8/site-packages/airflow/example_dags/example_xcomargs.py took 0.443 seconds
[2021-06-06 06:38:09,516] {scheduler_job.py:182} INFO - Started process (PID=3053) to work on /media/PythonProjects/66.Spotify_ETL/venv/lib/python3.8/site-packages/airflow/example_dags/example_xcomargs.py
[2021-06-06 06:38:09,518] {scheduler_job.py:633} INFO - Processing file /media/PythonProjects/66.Spotify_ETL/venv/lib/python3.8/site-packages/airflow/example_dags/example_xcomargs.py for tasks to queue
[2021-06-06 06:38:09,519] {logging_mixin.py:104} INFO - [2021-06-06 06:38:09,519] {dagbag.py:487} INFO - Filling up the DagBag from /media/PythonProjects/66.Spotify_ETL/venv/lib/python3.8/site-packages/airflow/example_dags/example_xcomargs.py
[2021-06-06 06:38:09,539] {scheduler_job.py:643} INFO - DAG(s) dict_keys(['example_xcom_args', 'example_xcom_args_with_operators']) retrieved from /media/PythonProjects/66.Spotify_ETL/venv/lib/python3.8/site-packages/airflow/example_dags/example_xcomargs.py
[2021-06-06 06:38:09,781] {logging_mixin.py:104} INFO - [2021-06-06 06:38:09,781] {dag.py:1832} INFO - Sync 2 DAGs
[2021-06-06 06:38:09,790] {logging_mixin.py:104} INFO - [2021-06-06 06:38:09,790] {dag.py:2305} INFO - Setting next_dagrun for example_xcom_args to None
[2021-06-06 06:38:09,791] {logging_mixin.py:104} INFO - [2021-06-06 06:38:09,791] {dag.py:2305} INFO - Setting next_dagrun for example_xcom_args_with_operators to None
[2021-06-06 06:38:09,817] {scheduler_job.py:190} INFO - Processing /media/PythonProjects/66.Spotify_ETL/venv/lib/python3.8/site-packages/airflow/example_dags/example_xcomargs.py took 0.307 seconds
[2021-06-06 06:38:44,073] {scheduler_job.py:182} INFO - Started process (PID=3113) to work on /media/PythonProjects/66.Spotify_ETL/venv/lib/python3.8/site-packages/airflow/example_dags/example_xcomargs.py
[2021-06-06 06:38:44,075] {scheduler_job.py:633} INFO - Processing file /media/PythonProjects/66.Spotify_ETL/venv/lib/python3.8/site-packages/airflow/example_dags/example_xcomargs.py for tasks to queue
[2021-06-06 06:38:44,075] {logging_mixin.py:104} INFO - [2021-06-06 06:38:44,075] {dagbag.py:487} INFO - Filling up the DagBag from /media/PythonProjects/66.Spotify_ETL/venv/lib/python3.8/site-packages/airflow/example_dags/example_xcomargs.py
[2021-06-06 06:38:44,093] {scheduler_job.py:643} INFO - DAG(s) dict_keys(['example_xcom_args', 'example_xcom_args_with_operators']) retrieved from /media/PythonProjects/66.Spotify_ETL/venv/lib/python3.8/site-packages/airflow/example_dags/example_xcomargs.py
[2021-06-06 06:38:44,465] {logging_mixin.py:104} INFO - [2021-06-06 06:38:44,465] {dag.py:1832} INFO - Sync 2 DAGs
[2021-06-06 06:38:44,478] {logging_mixin.py:104} INFO - [2021-06-06 06:38:44,477] {dag.py:2305} INFO - Setting next_dagrun for example_xcom_args to None
[2021-06-06 06:38:44,479] {logging_mixin.py:104} INFO - [2021-06-06 06:38:44,478] {dag.py:2305} INFO - Setting next_dagrun for example_xcom_args_with_operators to None
[2021-06-06 06:38:44,505] {scheduler_job.py:190} INFO - Processing /media/PythonProjects/66.Spotify_ETL/venv/lib/python3.8/site-packages/airflow/example_dags/example_xcomargs.py took 0.435 seconds
[2021-06-06 06:39:18,661] {scheduler_job.py:182} INFO - Started process (PID=3173) to work on /media/PythonProjects/66.Spotify_ETL/venv/lib/python3.8/site-packages/airflow/example_dags/example_xcomargs.py
[2021-06-06 06:39:18,664] {scheduler_job.py:633} INFO - Processing file /media/PythonProjects/66.Spotify_ETL/venv/lib/python3.8/site-packages/airflow/example_dags/example_xcomargs.py for tasks to queue
[2021-06-06 06:39:18,665] {logging_mixin.py:104} INFO - [2021-06-06 06:39:18,665] {dagbag.py:487} INFO - Filling up the DagBag from /media/PythonProjects/66.Spotify_ETL/venv/lib/python3.8/site-packages/airflow/example_dags/example_xcomargs.py
[2021-06-06 06:39:18,684] {scheduler_job.py:643} INFO - DAG(s) dict_keys(['example_xcom_args', 'example_xcom_args_with_operators']) retrieved from /media/PythonProjects/66.Spotify_ETL/venv/lib/python3.8/site-packages/airflow/example_dags/example_xcomargs.py
[2021-06-06 06:39:18,933] {logging_mixin.py:104} INFO - [2021-06-06 06:39:18,933] {dag.py:1832} INFO - Sync 2 DAGs
[2021-06-06 06:39:18,942] {logging_mixin.py:104} INFO - [2021-06-06 06:39:18,942] {dag.py:2305} INFO - Setting next_dagrun for example_xcom_args to None
[2021-06-06 06:39:18,943] {logging_mixin.py:104} INFO - [2021-06-06 06:39:18,942] {dag.py:2305} INFO - Setting next_dagrun for example_xcom_args_with_operators to None
[2021-06-06 06:39:18,962] {scheduler_job.py:190} INFO - Processing /media/PythonProjects/66.Spotify_ETL/venv/lib/python3.8/site-packages/airflow/example_dags/example_xcomargs.py took 0.308 seconds
[2021-06-06 06:39:55,140] {scheduler_job.py:182} INFO - Started process (PID=3235) to work on /media/PythonProjects/66.Spotify_ETL/venv/lib/python3.8/site-packages/airflow/example_dags/example_xcomargs.py
[2021-06-06 06:39:55,152] {scheduler_job.py:633} INFO - Processing file /media/PythonProjects/66.Spotify_ETL/venv/lib/python3.8/site-packages/airflow/example_dags/example_xcomargs.py for tasks to queue
[2021-06-06 06:39:55,154] {logging_mixin.py:104} INFO - [2021-06-06 06:39:55,154] {dagbag.py:487} INFO - Filling up the DagBag from /media/PythonProjects/66.Spotify_ETL/venv/lib/python3.8/site-packages/airflow/example_dags/example_xcomargs.py
[2021-06-06 06:39:55,185] {scheduler_job.py:643} INFO - DAG(s) dict_keys(['example_xcom_args', 'example_xcom_args_with_operators']) retrieved from /media/PythonProjects/66.Spotify_ETL/venv/lib/python3.8/site-packages/airflow/example_dags/example_xcomargs.py
[2021-06-06 06:39:55,541] {logging_mixin.py:104} INFO - [2021-06-06 06:39:55,541] {dag.py:1832} INFO - Sync 2 DAGs
[2021-06-06 06:39:55,561] {logging_mixin.py:104} INFO - [2021-06-06 06:39:55,561] {dag.py:2305} INFO - Setting next_dagrun for example_xcom_args to None
[2021-06-06 06:39:55,563] {logging_mixin.py:104} INFO - [2021-06-06 06:39:55,562] {dag.py:2305} INFO - Setting next_dagrun for example_xcom_args_with_operators to None
[2021-06-06 06:39:55,603] {scheduler_job.py:190} INFO - Processing /media/PythonProjects/66.Spotify_ETL/venv/lib/python3.8/site-packages/airflow/example_dags/example_xcomargs.py took 0.467 seconds
[2021-06-06 06:40:33,770] {scheduler_job.py:182} INFO - Started process (PID=3298) to work on /media/PythonProjects/66.Spotify_ETL/venv/lib/python3.8/site-packages/airflow/example_dags/example_xcomargs.py
[2021-06-06 06:40:33,772] {scheduler_job.py:633} INFO - Processing file /media/PythonProjects/66.Spotify_ETL/venv/lib/python3.8/site-packages/airflow/example_dags/example_xcomargs.py for tasks to queue
[2021-06-06 06:40:33,773] {logging_mixin.py:104} INFO - [2021-06-06 06:40:33,773] {dagbag.py:487} INFO - Filling up the DagBag from /media/PythonProjects/66.Spotify_ETL/venv/lib/python3.8/site-packages/airflow/example_dags/example_xcomargs.py
[2021-06-06 06:40:33,791] {scheduler_job.py:643} INFO - DAG(s) dict_keys(['example_xcom_args', 'example_xcom_args_with_operators']) retrieved from /media/PythonProjects/66.Spotify_ETL/venv/lib/python3.8/site-packages/airflow/example_dags/example_xcomargs.py
[2021-06-06 06:40:34,025] {logging_mixin.py:104} INFO - [2021-06-06 06:40:34,025] {dag.py:1832} INFO - Sync 2 DAGs
[2021-06-06 06:40:34,033] {logging_mixin.py:104} INFO - [2021-06-06 06:40:34,033] {dag.py:2305} INFO - Setting next_dagrun for example_xcom_args to None
[2021-06-06 06:40:34,034] {logging_mixin.py:104} INFO - [2021-06-06 06:40:34,034] {dag.py:2305} INFO - Setting next_dagrun for example_xcom_args_with_operators to None
[2021-06-06 06:40:34,068] {scheduler_job.py:190} INFO - Processing /media/PythonProjects/66.Spotify_ETL/venv/lib/python3.8/site-packages/airflow/example_dags/example_xcomargs.py took 0.305 seconds
[2021-06-06 06:41:06,198] {scheduler_job.py:182} INFO - Started process (PID=3357) to work on /media/PythonProjects/66.Spotify_ETL/venv/lib/python3.8/site-packages/airflow/example_dags/example_xcomargs.py
[2021-06-06 06:41:06,199] {scheduler_job.py:633} INFO - Processing file /media/PythonProjects/66.Spotify_ETL/venv/lib/python3.8/site-packages/airflow/example_dags/example_xcomargs.py for tasks to queue
[2021-06-06 06:41:06,201] {logging_mixin.py:104} INFO - [2021-06-06 06:41:06,200] {dagbag.py:487} INFO - Filling up the DagBag from /media/PythonProjects/66.Spotify_ETL/venv/lib/python3.8/site-packages/airflow/example_dags/example_xcomargs.py
[2021-06-06 06:41:06,219] {scheduler_job.py:643} INFO - DAG(s) dict_keys(['example_xcom_args', 'example_xcom_args_with_operators']) retrieved from /media/PythonProjects/66.Spotify_ETL/venv/lib/python3.8/site-packages/airflow/example_dags/example_xcomargs.py
[2021-06-06 06:41:06,461] {logging_mixin.py:104} INFO - [2021-06-06 06:41:06,461] {dag.py:1832} INFO - Sync 2 DAGs
[2021-06-06 06:41:06,470] {logging_mixin.py:104} INFO - [2021-06-06 06:41:06,470] {dag.py:2305} INFO - Setting next_dagrun for example_xcom_args to None
[2021-06-06 06:41:06,471] {logging_mixin.py:104} INFO - [2021-06-06 06:41:06,471] {dag.py:2305} INFO - Setting next_dagrun for example_xcom_args_with_operators to None
[2021-06-06 06:41:06,490] {scheduler_job.py:190} INFO - Processing /media/PythonProjects/66.Spotify_ETL/venv/lib/python3.8/site-packages/airflow/example_dags/example_xcomargs.py took 0.298 seconds
[2021-06-06 06:41:39,998] {scheduler_job.py:182} INFO - Started process (PID=3416) to work on /media/PythonProjects/66.Spotify_ETL/venv/lib/python3.8/site-packages/airflow/example_dags/example_xcomargs.py
[2021-06-06 06:41:39,999] {scheduler_job.py:633} INFO - Processing file /media/PythonProjects/66.Spotify_ETL/venv/lib/python3.8/site-packages/airflow/example_dags/example_xcomargs.py for tasks to queue
[2021-06-06 06:41:40,000] {logging_mixin.py:104} INFO - [2021-06-06 06:41:39,999] {dagbag.py:487} INFO - Filling up the DagBag from /media/PythonProjects/66.Spotify_ETL/venv/lib/python3.8/site-packages/airflow/example_dags/example_xcomargs.py
[2021-06-06 06:41:40,016] {scheduler_job.py:643} INFO - DAG(s) dict_keys(['example_xcom_args', 'example_xcom_args_with_operators']) retrieved from /media/PythonProjects/66.Spotify_ETL/venv/lib/python3.8/site-packages/airflow/example_dags/example_xcomargs.py
[2021-06-06 06:41:40,253] {logging_mixin.py:104} INFO - [2021-06-06 06:41:40,253] {dag.py:1832} INFO - Sync 2 DAGs
[2021-06-06 06:41:40,262] {logging_mixin.py:104} INFO - [2021-06-06 06:41:40,262] {dag.py:2305} INFO - Setting next_dagrun for example_xcom_args to None
[2021-06-06 06:41:40,263] {logging_mixin.py:104} INFO - [2021-06-06 06:41:40,263] {dag.py:2305} INFO - Setting next_dagrun for example_xcom_args_with_operators to None
[2021-06-06 06:41:40,284] {scheduler_job.py:190} INFO - Processing /media/PythonProjects/66.Spotify_ETL/venv/lib/python3.8/site-packages/airflow/example_dags/example_xcomargs.py took 0.290 seconds
[2021-06-06 06:42:12,596] {scheduler_job.py:182} INFO - Started process (PID=3474) to work on /media/PythonProjects/66.Spotify_ETL/venv/lib/python3.8/site-packages/airflow/example_dags/example_xcomargs.py
[2021-06-06 06:42:12,602] {scheduler_job.py:633} INFO - Processing file /media/PythonProjects/66.Spotify_ETL/venv/lib/python3.8/site-packages/airflow/example_dags/example_xcomargs.py for tasks to queue
[2021-06-06 06:42:12,605] {logging_mixin.py:104} INFO - [2021-06-06 06:42:12,605] {dagbag.py:487} INFO - Filling up the DagBag from /media/PythonProjects/66.Spotify_ETL/venv/lib/python3.8/site-packages/airflow/example_dags/example_xcomargs.py
[2021-06-06 06:42:12,650] {scheduler_job.py:643} INFO - DAG(s) dict_keys(['example_xcom_args', 'example_xcom_args_with_operators']) retrieved from /media/PythonProjects/66.Spotify_ETL/venv/lib/python3.8/site-packages/airflow/example_dags/example_xcomargs.py
[2021-06-06 06:42:13,048] {logging_mixin.py:104} INFO - [2021-06-06 06:42:13,047] {dag.py:1832} INFO - Sync 2 DAGs
[2021-06-06 06:42:13,061] {logging_mixin.py:104} INFO - [2021-06-06 06:42:13,061] {dag.py:2305} INFO - Setting next_dagrun for example_xcom_args to None
[2021-06-06 06:42:13,066] {logging_mixin.py:104} INFO - [2021-06-06 06:42:13,066] {dag.py:2305} INFO - Setting next_dagrun for example_xcom_args_with_operators to None
[2021-06-06 06:42:13,087] {scheduler_job.py:190} INFO - Processing /media/PythonProjects/66.Spotify_ETL/venv/lib/python3.8/site-packages/airflow/example_dags/example_xcomargs.py took 0.495 seconds
[2021-06-06 06:42:47,796] {scheduler_job.py:182} INFO - Started process (PID=3536) to work on /media/PythonProjects/66.Spotify_ETL/venv/lib/python3.8/site-packages/airflow/example_dags/example_xcomargs.py
[2021-06-06 06:42:47,799] {scheduler_job.py:633} INFO - Processing file /media/PythonProjects/66.Spotify_ETL/venv/lib/python3.8/site-packages/airflow/example_dags/example_xcomargs.py for tasks to queue
[2021-06-06 06:42:47,800] {logging_mixin.py:104} INFO - [2021-06-06 06:42:47,800] {dagbag.py:487} INFO - Filling up the DagBag from /media/PythonProjects/66.Spotify_ETL/venv/lib/python3.8/site-packages/airflow/example_dags/example_xcomargs.py
[2021-06-06 06:42:47,820] {scheduler_job.py:643} INFO - DAG(s) dict_keys(['example_xcom_args', 'example_xcom_args_with_operators']) retrieved from /media/PythonProjects/66.Spotify_ETL/venv/lib/python3.8/site-packages/airflow/example_dags/example_xcomargs.py
[2021-06-06 06:42:48,074] {logging_mixin.py:104} INFO - [2021-06-06 06:42:48,074] {dag.py:1832} INFO - Sync 2 DAGs
[2021-06-06 06:42:48,082] {logging_mixin.py:104} INFO - [2021-06-06 06:42:48,082] {dag.py:2305} INFO - Setting next_dagrun for example_xcom_args to None
[2021-06-06 06:42:48,083] {logging_mixin.py:104} INFO - [2021-06-06 06:42:48,083] {dag.py:2305} INFO - Setting next_dagrun for example_xcom_args_with_operators to None
[2021-06-06 06:42:48,106] {scheduler_job.py:190} INFO - Processing /media/PythonProjects/66.Spotify_ETL/venv/lib/python3.8/site-packages/airflow/example_dags/example_xcomargs.py took 0.316 seconds
[2021-06-06 06:43:20,813] {scheduler_job.py:182} INFO - Started process (PID=3596) to work on /media/PythonProjects/66.Spotify_ETL/venv/lib/python3.8/site-packages/airflow/example_dags/example_xcomargs.py
[2021-06-06 06:43:20,815] {scheduler_job.py:633} INFO - Processing file /media/PythonProjects/66.Spotify_ETL/venv/lib/python3.8/site-packages/airflow/example_dags/example_xcomargs.py for tasks to queue
[2021-06-06 06:43:20,816] {logging_mixin.py:104} INFO - [2021-06-06 06:43:20,816] {dagbag.py:487} INFO - Filling up the DagBag from /media/PythonProjects/66.Spotify_ETL/venv/lib/python3.8/site-packages/airflow/example_dags/example_xcomargs.py
[2021-06-06 06:43:20,837] {scheduler_job.py:643} INFO - DAG(s) dict_keys(['example_xcom_args', 'example_xcom_args_with_operators']) retrieved from /media/PythonProjects/66.Spotify_ETL/venv/lib/python3.8/site-packages/airflow/example_dags/example_xcomargs.py
[2021-06-06 06:43:21,078] {logging_mixin.py:104} INFO - [2021-06-06 06:43:21,078] {dag.py:1832} INFO - Sync 2 DAGs
[2021-06-06 06:43:21,087] {logging_mixin.py:104} INFO - [2021-06-06 06:43:21,087] {dag.py:2305} INFO - Setting next_dagrun for example_xcom_args to None
[2021-06-06 06:43:21,089] {logging_mixin.py:104} INFO - [2021-06-06 06:43:21,088] {dag.py:2305} INFO - Setting next_dagrun for example_xcom_args_with_operators to None
[2021-06-06 06:43:21,110] {scheduler_job.py:190} INFO - Processing /media/PythonProjects/66.Spotify_ETL/venv/lib/python3.8/site-packages/airflow/example_dags/example_xcomargs.py took 0.304 seconds
[2021-06-06 06:43:54,629] {scheduler_job.py:182} INFO - Started process (PID=3656) to work on /media/PythonProjects/66.Spotify_ETL/venv/lib/python3.8/site-packages/airflow/example_dags/example_xcomargs.py
[2021-06-06 06:43:54,632] {scheduler_job.py:633} INFO - Processing file /media/PythonProjects/66.Spotify_ETL/venv/lib/python3.8/site-packages/airflow/example_dags/example_xcomargs.py for tasks to queue
[2021-06-06 06:43:54,633] {logging_mixin.py:104} INFO - [2021-06-06 06:43:54,633] {dagbag.py:487} INFO - Filling up the DagBag from /media/PythonProjects/66.Spotify_ETL/venv/lib/python3.8/site-packages/airflow/example_dags/example_xcomargs.py
[2021-06-06 06:43:54,652] {scheduler_job.py:643} INFO - DAG(s) dict_keys(['example_xcom_args', 'example_xcom_args_with_operators']) retrieved from /media/PythonProjects/66.Spotify_ETL/venv/lib/python3.8/site-packages/airflow/example_dags/example_xcomargs.py
[2021-06-06 06:43:54,904] {logging_mixin.py:104} INFO - [2021-06-06 06:43:54,904] {dag.py:1832} INFO - Sync 2 DAGs
[2021-06-06 06:43:54,912] {logging_mixin.py:104} INFO - [2021-06-06 06:43:54,912] {dag.py:2305} INFO - Setting next_dagrun for example_xcom_args to None
[2021-06-06 06:43:54,913] {logging_mixin.py:104} INFO - [2021-06-06 06:43:54,913] {dag.py:2305} INFO - Setting next_dagrun for example_xcom_args_with_operators to None
[2021-06-06 06:43:54,940] {scheduler_job.py:190} INFO - Processing /media/PythonProjects/66.Spotify_ETL/venv/lib/python3.8/site-packages/airflow/example_dags/example_xcomargs.py took 0.316 seconds
[2021-06-06 06:44:32,811] {scheduler_job.py:182} INFO - Started process (PID=3719) to work on /media/PythonProjects/66.Spotify_ETL/venv/lib/python3.8/site-packages/airflow/example_dags/example_xcomargs.py
[2021-06-06 06:44:32,817] {scheduler_job.py:633} INFO - Processing file /media/PythonProjects/66.Spotify_ETL/venv/lib/python3.8/site-packages/airflow/example_dags/example_xcomargs.py for tasks to queue
[2021-06-06 06:44:32,818] {logging_mixin.py:104} INFO - [2021-06-06 06:44:32,818] {dagbag.py:487} INFO - Filling up the DagBag from /media/PythonProjects/66.Spotify_ETL/venv/lib/python3.8/site-packages/airflow/example_dags/example_xcomargs.py
[2021-06-06 06:44:32,861] {scheduler_job.py:643} INFO - DAG(s) dict_keys(['example_xcom_args', 'example_xcom_args_with_operators']) retrieved from /media/PythonProjects/66.Spotify_ETL/venv/lib/python3.8/site-packages/airflow/example_dags/example_xcomargs.py
[2021-06-06 06:44:33,338] {logging_mixin.py:104} INFO - [2021-06-06 06:44:33,338] {dag.py:1832} INFO - Sync 2 DAGs
[2021-06-06 06:44:33,350] {logging_mixin.py:104} INFO - [2021-06-06 06:44:33,350] {dag.py:2305} INFO - Setting next_dagrun for example_xcom_args to None
[2021-06-06 06:44:33,353] {logging_mixin.py:104} INFO - [2021-06-06 06:44:33,353] {dag.py:2305} INFO - Setting next_dagrun for example_xcom_args_with_operators to None
[2021-06-06 06:44:33,397] {scheduler_job.py:190} INFO - Processing /media/PythonProjects/66.Spotify_ETL/venv/lib/python3.8/site-packages/airflow/example_dags/example_xcomargs.py took 0.589 seconds
[2021-06-06 06:45:09,024] {scheduler_job.py:182} INFO - Started process (PID=3782) to work on /media/PythonProjects/66.Spotify_ETL/venv/lib/python3.8/site-packages/airflow/example_dags/example_xcomargs.py
[2021-06-06 06:45:09,026] {scheduler_job.py:633} INFO - Processing file /media/PythonProjects/66.Spotify_ETL/venv/lib/python3.8/site-packages/airflow/example_dags/example_xcomargs.py for tasks to queue
[2021-06-06 06:45:09,028] {logging_mixin.py:104} INFO - [2021-06-06 06:45:09,027] {dagbag.py:487} INFO - Filling up the DagBag from /media/PythonProjects/66.Spotify_ETL/venv/lib/python3.8/site-packages/airflow/example_dags/example_xcomargs.py
[2021-06-06 06:45:09,046] {scheduler_job.py:643} INFO - DAG(s) dict_keys(['example_xcom_args', 'example_xcom_args_with_operators']) retrieved from /media/PythonProjects/66.Spotify_ETL/venv/lib/python3.8/site-packages/airflow/example_dags/example_xcomargs.py
[2021-06-06 06:45:09,278] {logging_mixin.py:104} INFO - [2021-06-06 06:45:09,278] {dag.py:1832} INFO - Sync 2 DAGs
[2021-06-06 06:45:09,289] {logging_mixin.py:104} INFO - [2021-06-06 06:45:09,289] {dag.py:2305} INFO - Setting next_dagrun for example_xcom_args to None
[2021-06-06 06:45:09,290] {logging_mixin.py:104} INFO - [2021-06-06 06:45:09,290] {dag.py:2305} INFO - Setting next_dagrun for example_xcom_args_with_operators to None
[2021-06-06 06:45:09,314] {scheduler_job.py:190} INFO - Processing /media/PythonProjects/66.Spotify_ETL/venv/lib/python3.8/site-packages/airflow/example_dags/example_xcomargs.py took 0.296 seconds
[2021-06-06 06:45:44,738] {scheduler_job.py:182} INFO - Started process (PID=4034) to work on /media/PythonProjects/66.Spotify_ETL/venv/lib/python3.8/site-packages/airflow/example_dags/example_xcomargs.py
[2021-06-06 06:45:44,739] {scheduler_job.py:633} INFO - Processing file /media/PythonProjects/66.Spotify_ETL/venv/lib/python3.8/site-packages/airflow/example_dags/example_xcomargs.py for tasks to queue
[2021-06-06 06:45:44,740] {logging_mixin.py:104} INFO - [2021-06-06 06:45:44,739] {dagbag.py:487} INFO - Filling up the DagBag from /media/PythonProjects/66.Spotify_ETL/venv/lib/python3.8/site-packages/airflow/example_dags/example_xcomargs.py
[2021-06-06 06:45:44,757] {scheduler_job.py:643} INFO - DAG(s) dict_keys(['example_xcom_args', 'example_xcom_args_with_operators']) retrieved from /media/PythonProjects/66.Spotify_ETL/venv/lib/python3.8/site-packages/airflow/example_dags/example_xcomargs.py
[2021-06-06 06:45:45,008] {logging_mixin.py:104} INFO - [2021-06-06 06:45:45,008] {dag.py:1832} INFO - Sync 2 DAGs
[2021-06-06 06:45:45,016] {logging_mixin.py:104} INFO - [2021-06-06 06:45:45,016] {dag.py:2305} INFO - Setting next_dagrun for example_xcom_args to None
[2021-06-06 06:45:45,017] {logging_mixin.py:104} INFO - [2021-06-06 06:45:45,017] {dag.py:2305} INFO - Setting next_dagrun for example_xcom_args_with_operators to None
[2021-06-06 06:45:45,039] {scheduler_job.py:190} INFO - Processing /media/PythonProjects/66.Spotify_ETL/venv/lib/python3.8/site-packages/airflow/example_dags/example_xcomargs.py took 0.304 seconds
[2021-06-06 06:46:18,714] {scheduler_job.py:182} INFO - Started process (PID=4317) to work on /media/PythonProjects/66.Spotify_ETL/venv/lib/python3.8/site-packages/airflow/example_dags/example_xcomargs.py
[2021-06-06 06:46:18,716] {scheduler_job.py:633} INFO - Processing file /media/PythonProjects/66.Spotify_ETL/venv/lib/python3.8/site-packages/airflow/example_dags/example_xcomargs.py for tasks to queue
[2021-06-06 06:46:18,717] {logging_mixin.py:104} INFO - [2021-06-06 06:46:18,717] {dagbag.py:487} INFO - Filling up the DagBag from /media/PythonProjects/66.Spotify_ETL/venv/lib/python3.8/site-packages/airflow/example_dags/example_xcomargs.py
[2021-06-06 06:46:18,748] {scheduler_job.py:643} INFO - DAG(s) dict_keys(['example_xcom_args', 'example_xcom_args_with_operators']) retrieved from /media/PythonProjects/66.Spotify_ETL/venv/lib/python3.8/site-packages/airflow/example_dags/example_xcomargs.py
[2021-06-06 06:46:18,782] {logging_mixin.py:104} INFO - [2021-06-06 06:46:18,782] {dag.py:1832} INFO - Sync 2 DAGs
[2021-06-06 06:46:18,796] {logging_mixin.py:104} INFO - [2021-06-06 06:46:18,796] {dag.py:2305} INFO - Setting next_dagrun for example_xcom_args to None
[2021-06-06 06:46:18,798] {logging_mixin.py:104} INFO - [2021-06-06 06:46:18,798] {dag.py:2305} INFO - Setting next_dagrun for example_xcom_args_with_operators to None
[2021-06-06 06:46:18,819] {scheduler_job.py:190} INFO - Processing /media/PythonProjects/66.Spotify_ETL/venv/lib/python3.8/site-packages/airflow/example_dags/example_xcomargs.py took 0.108 seconds
