[2021-06-06 06:31:59,025] {scheduler_job.py:182} INFO - Started process (PID=2376) to work on /media/PythonProjects/66.Spotify_ETL/venv/lib/python3.8/site-packages/airflow/example_dags/example_branch_labels.py
[2021-06-06 06:31:59,027] {scheduler_job.py:633} INFO - Processing file /media/PythonProjects/66.Spotify_ETL/venv/lib/python3.8/site-packages/airflow/example_dags/example_branch_labels.py for tasks to queue
[2021-06-06 06:31:59,028] {logging_mixin.py:104} INFO - [2021-06-06 06:31:59,028] {dagbag.py:487} INFO - Filling up the DagBag from /media/PythonProjects/66.Spotify_ETL/venv/lib/python3.8/site-packages/airflow/example_dags/example_branch_labels.py
[2021-06-06 06:31:59,043] {scheduler_job.py:643} INFO - DAG(s) dict_keys(['example_branch_labels']) retrieved from /media/PythonProjects/66.Spotify_ETL/venv/lib/python3.8/site-packages/airflow/example_dags/example_branch_labels.py
[2021-06-06 06:31:59,059] {logging_mixin.py:104} INFO - [2021-06-06 06:31:59,059] {dag.py:1832} INFO - Sync 1 DAGs
[2021-06-06 06:31:59,073] {logging_mixin.py:104} INFO - [2021-06-06 06:31:59,073] {dag.py:2305} INFO - Setting next_dagrun for example_branch_labels to 2021-06-04 00:00:00+00:00
[2021-06-06 06:31:59,097] {scheduler_job.py:190} INFO - Processing /media/PythonProjects/66.Spotify_ETL/venv/lib/python3.8/site-packages/airflow/example_dags/example_branch_labels.py took 0.078 seconds
[2021-06-06 06:32:34,491] {scheduler_job.py:182} INFO - Started process (PID=2435) to work on /media/PythonProjects/66.Spotify_ETL/venv/lib/python3.8/site-packages/airflow/example_dags/example_branch_labels.py
[2021-06-06 06:32:34,496] {scheduler_job.py:633} INFO - Processing file /media/PythonProjects/66.Spotify_ETL/venv/lib/python3.8/site-packages/airflow/example_dags/example_branch_labels.py for tasks to queue
[2021-06-06 06:32:34,498] {logging_mixin.py:104} INFO - [2021-06-06 06:32:34,497] {dagbag.py:487} INFO - Filling up the DagBag from /media/PythonProjects/66.Spotify_ETL/venv/lib/python3.8/site-packages/airflow/example_dags/example_branch_labels.py
[2021-06-06 06:32:34,519] {scheduler_job.py:643} INFO - DAG(s) dict_keys(['example_branch_labels']) retrieved from /media/PythonProjects/66.Spotify_ETL/venv/lib/python3.8/site-packages/airflow/example_dags/example_branch_labels.py
[2021-06-06 06:32:34,535] {logging_mixin.py:104} INFO - [2021-06-06 06:32:34,535] {dag.py:1832} INFO - Sync 1 DAGs
[2021-06-06 06:32:34,557] {logging_mixin.py:104} INFO - [2021-06-06 06:32:34,557] {dag.py:2305} INFO - Setting next_dagrun for example_branch_labels to 2021-06-04 00:00:00+00:00
[2021-06-06 06:32:34,586] {scheduler_job.py:190} INFO - Processing /media/PythonProjects/66.Spotify_ETL/venv/lib/python3.8/site-packages/airflow/example_dags/example_branch_labels.py took 0.102 seconds
[2021-06-06 06:33:10,990] {scheduler_job.py:182} INFO - Started process (PID=2520) to work on /media/PythonProjects/66.Spotify_ETL/venv/lib/python3.8/site-packages/airflow/example_dags/example_branch_labels.py
[2021-06-06 06:33:10,991] {scheduler_job.py:633} INFO - Processing file /media/PythonProjects/66.Spotify_ETL/venv/lib/python3.8/site-packages/airflow/example_dags/example_branch_labels.py for tasks to queue
[2021-06-06 06:33:10,992] {logging_mixin.py:104} INFO - [2021-06-06 06:33:10,991] {dagbag.py:487} INFO - Filling up the DagBag from /media/PythonProjects/66.Spotify_ETL/venv/lib/python3.8/site-packages/airflow/example_dags/example_branch_labels.py
[2021-06-06 06:33:11,005] {scheduler_job.py:643} INFO - DAG(s) dict_keys(['example_branch_labels']) retrieved from /media/PythonProjects/66.Spotify_ETL/venv/lib/python3.8/site-packages/airflow/example_dags/example_branch_labels.py
[2021-06-06 06:33:11,018] {logging_mixin.py:104} INFO - [2021-06-06 06:33:11,018] {dag.py:1832} INFO - Sync 1 DAGs
[2021-06-06 06:33:11,032] {logging_mixin.py:104} INFO - [2021-06-06 06:33:11,031] {dag.py:2305} INFO - Setting next_dagrun for example_branch_labels to 2021-06-04 00:00:00+00:00
[2021-06-06 06:33:11,055] {scheduler_job.py:190} INFO - Processing /media/PythonProjects/66.Spotify_ETL/venv/lib/python3.8/site-packages/airflow/example_dags/example_branch_labels.py took 0.069 seconds
[2021-06-06 06:33:44,260] {scheduler_job.py:182} INFO - Started process (PID=2577) to work on /media/PythonProjects/66.Spotify_ETL/venv/lib/python3.8/site-packages/airflow/example_dags/example_branch_labels.py
[2021-06-06 06:33:44,261] {scheduler_job.py:633} INFO - Processing file /media/PythonProjects/66.Spotify_ETL/venv/lib/python3.8/site-packages/airflow/example_dags/example_branch_labels.py for tasks to queue
[2021-06-06 06:33:44,262] {logging_mixin.py:104} INFO - [2021-06-06 06:33:44,262] {dagbag.py:487} INFO - Filling up the DagBag from /media/PythonProjects/66.Spotify_ETL/venv/lib/python3.8/site-packages/airflow/example_dags/example_branch_labels.py
[2021-06-06 06:33:44,279] {scheduler_job.py:643} INFO - DAG(s) dict_keys(['example_branch_labels']) retrieved from /media/PythonProjects/66.Spotify_ETL/venv/lib/python3.8/site-packages/airflow/example_dags/example_branch_labels.py
[2021-06-06 06:33:44,301] {logging_mixin.py:104} INFO - [2021-06-06 06:33:44,301] {dag.py:1832} INFO - Sync 1 DAGs
[2021-06-06 06:33:44,329] {logging_mixin.py:104} INFO - [2021-06-06 06:33:44,329] {dag.py:2305} INFO - Setting next_dagrun for example_branch_labels to 2021-06-04 00:00:00+00:00
[2021-06-06 06:33:44,361] {scheduler_job.py:190} INFO - Processing /media/PythonProjects/66.Spotify_ETL/venv/lib/python3.8/site-packages/airflow/example_dags/example_branch_labels.py took 0.105 seconds
[2021-06-06 06:34:18,747] {scheduler_job.py:182} INFO - Started process (PID=2634) to work on /media/PythonProjects/66.Spotify_ETL/venv/lib/python3.8/site-packages/airflow/example_dags/example_branch_labels.py
[2021-06-06 06:34:18,749] {scheduler_job.py:633} INFO - Processing file /media/PythonProjects/66.Spotify_ETL/venv/lib/python3.8/site-packages/airflow/example_dags/example_branch_labels.py for tasks to queue
[2021-06-06 06:34:18,750] {logging_mixin.py:104} INFO - [2021-06-06 06:34:18,750] {dagbag.py:487} INFO - Filling up the DagBag from /media/PythonProjects/66.Spotify_ETL/venv/lib/python3.8/site-packages/airflow/example_dags/example_branch_labels.py
[2021-06-06 06:34:18,768] {scheduler_job.py:643} INFO - DAG(s) dict_keys(['example_branch_labels']) retrieved from /media/PythonProjects/66.Spotify_ETL/venv/lib/python3.8/site-packages/airflow/example_dags/example_branch_labels.py
[2021-06-06 06:34:18,787] {logging_mixin.py:104} INFO - [2021-06-06 06:34:18,787] {dag.py:1832} INFO - Sync 1 DAGs
[2021-06-06 06:34:18,809] {logging_mixin.py:104} INFO - [2021-06-06 06:34:18,809] {dag.py:2305} INFO - Setting next_dagrun for example_branch_labels to 2021-06-04 00:00:00+00:00
[2021-06-06 06:34:18,830] {scheduler_job.py:190} INFO - Processing /media/PythonProjects/66.Spotify_ETL/venv/lib/python3.8/site-packages/airflow/example_dags/example_branch_labels.py took 0.085 seconds
[2021-06-06 06:34:50,939] {scheduler_job.py:182} INFO - Started process (PID=2693) to work on /media/PythonProjects/66.Spotify_ETL/venv/lib/python3.8/site-packages/airflow/example_dags/example_branch_labels.py
[2021-06-06 06:34:50,940] {scheduler_job.py:633} INFO - Processing file /media/PythonProjects/66.Spotify_ETL/venv/lib/python3.8/site-packages/airflow/example_dags/example_branch_labels.py for tasks to queue
[2021-06-06 06:34:50,941] {logging_mixin.py:104} INFO - [2021-06-06 06:34:50,941] {dagbag.py:487} INFO - Filling up the DagBag from /media/PythonProjects/66.Spotify_ETL/venv/lib/python3.8/site-packages/airflow/example_dags/example_branch_labels.py
[2021-06-06 06:34:50,953] {scheduler_job.py:643} INFO - DAG(s) dict_keys(['example_branch_labels']) retrieved from /media/PythonProjects/66.Spotify_ETL/venv/lib/python3.8/site-packages/airflow/example_dags/example_branch_labels.py
[2021-06-06 06:34:50,965] {logging_mixin.py:104} INFO - [2021-06-06 06:34:50,965] {dag.py:1832} INFO - Sync 1 DAGs
[2021-06-06 06:34:50,982] {logging_mixin.py:104} INFO - [2021-06-06 06:34:50,982] {dag.py:2305} INFO - Setting next_dagrun for example_branch_labels to 2021-06-04 00:00:00+00:00
[2021-06-06 06:34:50,999] {scheduler_job.py:190} INFO - Processing /media/PythonProjects/66.Spotify_ETL/venv/lib/python3.8/site-packages/airflow/example_dags/example_branch_labels.py took 0.065 seconds
[2021-06-06 06:35:23,278] {scheduler_job.py:182} INFO - Started process (PID=2753) to work on /media/PythonProjects/66.Spotify_ETL/venv/lib/python3.8/site-packages/airflow/example_dags/example_branch_labels.py
[2021-06-06 06:35:23,280] {scheduler_job.py:633} INFO - Processing file /media/PythonProjects/66.Spotify_ETL/venv/lib/python3.8/site-packages/airflow/example_dags/example_branch_labels.py for tasks to queue
[2021-06-06 06:35:23,281] {logging_mixin.py:104} INFO - [2021-06-06 06:35:23,281] {dagbag.py:487} INFO - Filling up the DagBag from /media/PythonProjects/66.Spotify_ETL/venv/lib/python3.8/site-packages/airflow/example_dags/example_branch_labels.py
[2021-06-06 06:35:23,296] {scheduler_job.py:643} INFO - DAG(s) dict_keys(['example_branch_labels']) retrieved from /media/PythonProjects/66.Spotify_ETL/venv/lib/python3.8/site-packages/airflow/example_dags/example_branch_labels.py
[2021-06-06 06:35:23,307] {logging_mixin.py:104} INFO - [2021-06-06 06:35:23,307] {dag.py:1832} INFO - Sync 1 DAGs
[2021-06-06 06:35:23,319] {logging_mixin.py:104} INFO - [2021-06-06 06:35:23,319] {dag.py:2305} INFO - Setting next_dagrun for example_branch_labels to 2021-06-04 00:00:00+00:00
[2021-06-06 06:35:23,339] {scheduler_job.py:190} INFO - Processing /media/PythonProjects/66.Spotify_ETL/venv/lib/python3.8/site-packages/airflow/example_dags/example_branch_labels.py took 0.067 seconds
[2021-06-06 06:35:57,018] {scheduler_job.py:182} INFO - Started process (PID=2814) to work on /media/PythonProjects/66.Spotify_ETL/venv/lib/python3.8/site-packages/airflow/example_dags/example_branch_labels.py
[2021-06-06 06:35:57,019] {scheduler_job.py:633} INFO - Processing file /media/PythonProjects/66.Spotify_ETL/venv/lib/python3.8/site-packages/airflow/example_dags/example_branch_labels.py for tasks to queue
[2021-06-06 06:35:57,021] {logging_mixin.py:104} INFO - [2021-06-06 06:35:57,021] {dagbag.py:487} INFO - Filling up the DagBag from /media/PythonProjects/66.Spotify_ETL/venv/lib/python3.8/site-packages/airflow/example_dags/example_branch_labels.py
[2021-06-06 06:35:57,035] {scheduler_job.py:643} INFO - DAG(s) dict_keys(['example_branch_labels']) retrieved from /media/PythonProjects/66.Spotify_ETL/venv/lib/python3.8/site-packages/airflow/example_dags/example_branch_labels.py
[2021-06-06 06:35:57,047] {logging_mixin.py:104} INFO - [2021-06-06 06:35:57,047] {dag.py:1832} INFO - Sync 1 DAGs
[2021-06-06 06:35:57,059] {logging_mixin.py:104} INFO - [2021-06-06 06:35:57,059] {dag.py:2305} INFO - Setting next_dagrun for example_branch_labels to 2021-06-04 00:00:00+00:00
[2021-06-06 06:35:57,079] {scheduler_job.py:190} INFO - Processing /media/PythonProjects/66.Spotify_ETL/venv/lib/python3.8/site-packages/airflow/example_dags/example_branch_labels.py took 0.068 seconds
[2021-06-06 06:36:29,131] {scheduler_job.py:182} INFO - Started process (PID=2874) to work on /media/PythonProjects/66.Spotify_ETL/venv/lib/python3.8/site-packages/airflow/example_dags/example_branch_labels.py
[2021-06-06 06:36:29,133] {scheduler_job.py:633} INFO - Processing file /media/PythonProjects/66.Spotify_ETL/venv/lib/python3.8/site-packages/airflow/example_dags/example_branch_labels.py for tasks to queue
[2021-06-06 06:36:29,134] {logging_mixin.py:104} INFO - [2021-06-06 06:36:29,134] {dagbag.py:487} INFO - Filling up the DagBag from /media/PythonProjects/66.Spotify_ETL/venv/lib/python3.8/site-packages/airflow/example_dags/example_branch_labels.py
[2021-06-06 06:36:29,148] {scheduler_job.py:643} INFO - DAG(s) dict_keys(['example_branch_labels']) retrieved from /media/PythonProjects/66.Spotify_ETL/venv/lib/python3.8/site-packages/airflow/example_dags/example_branch_labels.py
[2021-06-06 06:36:29,162] {logging_mixin.py:104} INFO - [2021-06-06 06:36:29,161] {dag.py:1832} INFO - Sync 1 DAGs
[2021-06-06 06:36:29,177] {logging_mixin.py:104} INFO - [2021-06-06 06:36:29,177] {dag.py:2305} INFO - Setting next_dagrun for example_branch_labels to 2021-06-04 00:00:00+00:00
[2021-06-06 06:36:29,197] {scheduler_job.py:190} INFO - Processing /media/PythonProjects/66.Spotify_ETL/venv/lib/python3.8/site-packages/airflow/example_dags/example_branch_labels.py took 0.073 seconds
[2021-06-06 06:37:01,038] {scheduler_job.py:182} INFO - Started process (PID=2932) to work on /media/PythonProjects/66.Spotify_ETL/venv/lib/python3.8/site-packages/airflow/example_dags/example_branch_labels.py
[2021-06-06 06:37:01,041] {scheduler_job.py:633} INFO - Processing file /media/PythonProjects/66.Spotify_ETL/venv/lib/python3.8/site-packages/airflow/example_dags/example_branch_labels.py for tasks to queue
[2021-06-06 06:37:01,042] {logging_mixin.py:104} INFO - [2021-06-06 06:37:01,042] {dagbag.py:487} INFO - Filling up the DagBag from /media/PythonProjects/66.Spotify_ETL/venv/lib/python3.8/site-packages/airflow/example_dags/example_branch_labels.py
[2021-06-06 06:37:01,055] {scheduler_job.py:643} INFO - DAG(s) dict_keys(['example_branch_labels']) retrieved from /media/PythonProjects/66.Spotify_ETL/venv/lib/python3.8/site-packages/airflow/example_dags/example_branch_labels.py
[2021-06-06 06:37:01,068] {logging_mixin.py:104} INFO - [2021-06-06 06:37:01,068] {dag.py:1832} INFO - Sync 1 DAGs
[2021-06-06 06:37:01,081] {logging_mixin.py:104} INFO - [2021-06-06 06:37:01,081] {dag.py:2305} INFO - Setting next_dagrun for example_branch_labels to 2021-06-04 00:00:00+00:00
[2021-06-06 06:37:01,098] {scheduler_job.py:190} INFO - Processing /media/PythonProjects/66.Spotify_ETL/venv/lib/python3.8/site-packages/airflow/example_dags/example_branch_labels.py took 0.065 seconds
[2021-06-06 06:37:33,465] {scheduler_job.py:182} INFO - Started process (PID=2989) to work on /media/PythonProjects/66.Spotify_ETL/venv/lib/python3.8/site-packages/airflow/example_dags/example_branch_labels.py
[2021-06-06 06:37:33,467] {scheduler_job.py:633} INFO - Processing file /media/PythonProjects/66.Spotify_ETL/venv/lib/python3.8/site-packages/airflow/example_dags/example_branch_labels.py for tasks to queue
[2021-06-06 06:37:33,468] {logging_mixin.py:104} INFO - [2021-06-06 06:37:33,468] {dagbag.py:487} INFO - Filling up the DagBag from /media/PythonProjects/66.Spotify_ETL/venv/lib/python3.8/site-packages/airflow/example_dags/example_branch_labels.py
[2021-06-06 06:37:33,482] {scheduler_job.py:643} INFO - DAG(s) dict_keys(['example_branch_labels']) retrieved from /media/PythonProjects/66.Spotify_ETL/venv/lib/python3.8/site-packages/airflow/example_dags/example_branch_labels.py
[2021-06-06 06:37:33,496] {logging_mixin.py:104} INFO - [2021-06-06 06:37:33,496] {dag.py:1832} INFO - Sync 1 DAGs
[2021-06-06 06:37:33,509] {logging_mixin.py:104} INFO - [2021-06-06 06:37:33,509] {dag.py:2305} INFO - Setting next_dagrun for example_branch_labels to 2021-06-04 00:00:00+00:00
[2021-06-06 06:37:33,529] {scheduler_job.py:190} INFO - Processing /media/PythonProjects/66.Spotify_ETL/venv/lib/python3.8/site-packages/airflow/example_dags/example_branch_labels.py took 0.067 seconds
[2021-06-06 06:38:05,861] {scheduler_job.py:182} INFO - Started process (PID=3047) to work on /media/PythonProjects/66.Spotify_ETL/venv/lib/python3.8/site-packages/airflow/example_dags/example_branch_labels.py
[2021-06-06 06:38:05,862] {scheduler_job.py:633} INFO - Processing file /media/PythonProjects/66.Spotify_ETL/venv/lib/python3.8/site-packages/airflow/example_dags/example_branch_labels.py for tasks to queue
[2021-06-06 06:38:05,863] {logging_mixin.py:104} INFO - [2021-06-06 06:38:05,863] {dagbag.py:487} INFO - Filling up the DagBag from /media/PythonProjects/66.Spotify_ETL/venv/lib/python3.8/site-packages/airflow/example_dags/example_branch_labels.py
[2021-06-06 06:38:05,874] {scheduler_job.py:643} INFO - DAG(s) dict_keys(['example_branch_labels']) retrieved from /media/PythonProjects/66.Spotify_ETL/venv/lib/python3.8/site-packages/airflow/example_dags/example_branch_labels.py
[2021-06-06 06:38:05,886] {logging_mixin.py:104} INFO - [2021-06-06 06:38:05,886] {dag.py:1832} INFO - Sync 1 DAGs
[2021-06-06 06:38:05,898] {logging_mixin.py:104} INFO - [2021-06-06 06:38:05,898] {dag.py:2305} INFO - Setting next_dagrun for example_branch_labels to 2021-06-04 00:00:00+00:00
[2021-06-06 06:38:05,920] {scheduler_job.py:190} INFO - Processing /media/PythonProjects/66.Spotify_ETL/venv/lib/python3.8/site-packages/airflow/example_dags/example_branch_labels.py took 0.061 seconds
[2021-06-06 06:38:37,499] {scheduler_job.py:182} INFO - Started process (PID=3102) to work on /media/PythonProjects/66.Spotify_ETL/venv/lib/python3.8/site-packages/airflow/example_dags/example_branch_labels.py
[2021-06-06 06:38:37,504] {scheduler_job.py:633} INFO - Processing file /media/PythonProjects/66.Spotify_ETL/venv/lib/python3.8/site-packages/airflow/example_dags/example_branch_labels.py for tasks to queue
[2021-06-06 06:38:37,506] {logging_mixin.py:104} INFO - [2021-06-06 06:38:37,506] {dagbag.py:487} INFO - Filling up the DagBag from /media/PythonProjects/66.Spotify_ETL/venv/lib/python3.8/site-packages/airflow/example_dags/example_branch_labels.py
[2021-06-06 06:38:37,533] {scheduler_job.py:643} INFO - DAG(s) dict_keys(['example_branch_labels']) retrieved from /media/PythonProjects/66.Spotify_ETL/venv/lib/python3.8/site-packages/airflow/example_dags/example_branch_labels.py
[2021-06-06 06:38:37,549] {logging_mixin.py:104} INFO - [2021-06-06 06:38:37,549] {dag.py:1832} INFO - Sync 1 DAGs
[2021-06-06 06:38:37,569] {logging_mixin.py:104} INFO - [2021-06-06 06:38:37,568] {dag.py:2305} INFO - Setting next_dagrun for example_branch_labels to 2021-06-04 00:00:00+00:00
[2021-06-06 06:38:37,591] {scheduler_job.py:190} INFO - Processing /media/PythonProjects/66.Spotify_ETL/venv/lib/python3.8/site-packages/airflow/example_dags/example_branch_labels.py took 0.102 seconds
[2021-06-06 06:39:11,558] {scheduler_job.py:182} INFO - Started process (PID=3161) to work on /media/PythonProjects/66.Spotify_ETL/venv/lib/python3.8/site-packages/airflow/example_dags/example_branch_labels.py
[2021-06-06 06:39:11,563] {scheduler_job.py:633} INFO - Processing file /media/PythonProjects/66.Spotify_ETL/venv/lib/python3.8/site-packages/airflow/example_dags/example_branch_labels.py for tasks to queue
[2021-06-06 06:39:11,564] {logging_mixin.py:104} INFO - [2021-06-06 06:39:11,564] {dagbag.py:487} INFO - Filling up the DagBag from /media/PythonProjects/66.Spotify_ETL/venv/lib/python3.8/site-packages/airflow/example_dags/example_branch_labels.py
[2021-06-06 06:39:11,585] {scheduler_job.py:643} INFO - DAG(s) dict_keys(['example_branch_labels']) retrieved from /media/PythonProjects/66.Spotify_ETL/venv/lib/python3.8/site-packages/airflow/example_dags/example_branch_labels.py
[2021-06-06 06:39:11,602] {logging_mixin.py:104} INFO - [2021-06-06 06:39:11,602] {dag.py:1832} INFO - Sync 1 DAGs
[2021-06-06 06:39:11,623] {logging_mixin.py:104} INFO - [2021-06-06 06:39:11,622] {dag.py:2305} INFO - Setting next_dagrun for example_branch_labels to 2021-06-04 00:00:00+00:00
[2021-06-06 06:39:11,643] {scheduler_job.py:190} INFO - Processing /media/PythonProjects/66.Spotify_ETL/venv/lib/python3.8/site-packages/airflow/example_dags/example_branch_labels.py took 0.089 seconds
[2021-06-06 06:39:43,545] {scheduler_job.py:182} INFO - Started process (PID=3216) to work on /media/PythonProjects/66.Spotify_ETL/venv/lib/python3.8/site-packages/airflow/example_dags/example_branch_labels.py
[2021-06-06 06:39:43,547] {scheduler_job.py:633} INFO - Processing file /media/PythonProjects/66.Spotify_ETL/venv/lib/python3.8/site-packages/airflow/example_dags/example_branch_labels.py for tasks to queue
[2021-06-06 06:39:43,550] {logging_mixin.py:104} INFO - [2021-06-06 06:39:43,549] {dagbag.py:487} INFO - Filling up the DagBag from /media/PythonProjects/66.Spotify_ETL/venv/lib/python3.8/site-packages/airflow/example_dags/example_branch_labels.py
[2021-06-06 06:39:43,566] {scheduler_job.py:643} INFO - DAG(s) dict_keys(['example_branch_labels']) retrieved from /media/PythonProjects/66.Spotify_ETL/venv/lib/python3.8/site-packages/airflow/example_dags/example_branch_labels.py
[2021-06-06 06:39:43,593] {logging_mixin.py:104} INFO - [2021-06-06 06:39:43,593] {dag.py:1832} INFO - Sync 1 DAGs
[2021-06-06 06:39:43,635] {logging_mixin.py:104} INFO - [2021-06-06 06:39:43,635] {dag.py:2305} INFO - Setting next_dagrun for example_branch_labels to 2021-06-04 00:00:00+00:00
[2021-06-06 06:39:43,680] {scheduler_job.py:190} INFO - Processing /media/PythonProjects/66.Spotify_ETL/venv/lib/python3.8/site-packages/airflow/example_dags/example_branch_labels.py took 0.139 seconds
[2021-06-06 06:40:18,419] {scheduler_job.py:182} INFO - Started process (PID=3273) to work on /media/PythonProjects/66.Spotify_ETL/venv/lib/python3.8/site-packages/airflow/example_dags/example_branch_labels.py
[2021-06-06 06:40:18,421] {scheduler_job.py:633} INFO - Processing file /media/PythonProjects/66.Spotify_ETL/venv/lib/python3.8/site-packages/airflow/example_dags/example_branch_labels.py for tasks to queue
[2021-06-06 06:40:18,423] {logging_mixin.py:104} INFO - [2021-06-06 06:40:18,422] {dagbag.py:487} INFO - Filling up the DagBag from /media/PythonProjects/66.Spotify_ETL/venv/lib/python3.8/site-packages/airflow/example_dags/example_branch_labels.py
[2021-06-06 06:40:18,444] {scheduler_job.py:643} INFO - DAG(s) dict_keys(['example_branch_labels']) retrieved from /media/PythonProjects/66.Spotify_ETL/venv/lib/python3.8/site-packages/airflow/example_dags/example_branch_labels.py
[2021-06-06 06:40:18,485] {logging_mixin.py:104} INFO - [2021-06-06 06:40:18,483] {dag.py:1832} INFO - Sync 1 DAGs
[2021-06-06 06:40:18,521] {logging_mixin.py:104} INFO - [2021-06-06 06:40:18,521] {dag.py:2305} INFO - Setting next_dagrun for example_branch_labels to 2021-06-04 00:00:00+00:00
[2021-06-06 06:40:18,549] {scheduler_job.py:190} INFO - Processing /media/PythonProjects/66.Spotify_ETL/venv/lib/python3.8/site-packages/airflow/example_dags/example_branch_labels.py took 0.136 seconds
[2021-06-06 06:40:52,785] {scheduler_job.py:182} INFO - Started process (PID=3332) to work on /media/PythonProjects/66.Spotify_ETL/venv/lib/python3.8/site-packages/airflow/example_dags/example_branch_labels.py
[2021-06-06 06:40:52,787] {scheduler_job.py:633} INFO - Processing file /media/PythonProjects/66.Spotify_ETL/venv/lib/python3.8/site-packages/airflow/example_dags/example_branch_labels.py for tasks to queue
[2021-06-06 06:40:52,787] {logging_mixin.py:104} INFO - [2021-06-06 06:40:52,787] {dagbag.py:487} INFO - Filling up the DagBag from /media/PythonProjects/66.Spotify_ETL/venv/lib/python3.8/site-packages/airflow/example_dags/example_branch_labels.py
[2021-06-06 06:40:52,800] {scheduler_job.py:643} INFO - DAG(s) dict_keys(['example_branch_labels']) retrieved from /media/PythonProjects/66.Spotify_ETL/venv/lib/python3.8/site-packages/airflow/example_dags/example_branch_labels.py
[2021-06-06 06:40:52,814] {logging_mixin.py:104} INFO - [2021-06-06 06:40:52,813] {dag.py:1832} INFO - Sync 1 DAGs
[2021-06-06 06:40:52,827] {logging_mixin.py:104} INFO - [2021-06-06 06:40:52,827] {dag.py:2305} INFO - Setting next_dagrun for example_branch_labels to 2021-06-04 00:00:00+00:00
[2021-06-06 06:40:52,844] {scheduler_job.py:190} INFO - Processing /media/PythonProjects/66.Spotify_ETL/venv/lib/python3.8/site-packages/airflow/example_dags/example_branch_labels.py took 0.061 seconds
[2021-06-06 06:41:24,578] {scheduler_job.py:182} INFO - Started process (PID=3388) to work on /media/PythonProjects/66.Spotify_ETL/venv/lib/python3.8/site-packages/airflow/example_dags/example_branch_labels.py
[2021-06-06 06:41:24,582] {scheduler_job.py:633} INFO - Processing file /media/PythonProjects/66.Spotify_ETL/venv/lib/python3.8/site-packages/airflow/example_dags/example_branch_labels.py for tasks to queue
[2021-06-06 06:41:24,583] {logging_mixin.py:104} INFO - [2021-06-06 06:41:24,582] {dagbag.py:487} INFO - Filling up the DagBag from /media/PythonProjects/66.Spotify_ETL/venv/lib/python3.8/site-packages/airflow/example_dags/example_branch_labels.py
[2021-06-06 06:41:24,597] {scheduler_job.py:643} INFO - DAG(s) dict_keys(['example_branch_labels']) retrieved from /media/PythonProjects/66.Spotify_ETL/venv/lib/python3.8/site-packages/airflow/example_dags/example_branch_labels.py
[2021-06-06 06:41:24,614] {logging_mixin.py:104} INFO - [2021-06-06 06:41:24,614] {dag.py:1832} INFO - Sync 1 DAGs
[2021-06-06 06:41:24,627] {logging_mixin.py:104} INFO - [2021-06-06 06:41:24,627] {dag.py:2305} INFO - Setting next_dagrun for example_branch_labels to 2021-06-04 00:00:00+00:00
[2021-06-06 06:41:24,650] {scheduler_job.py:190} INFO - Processing /media/PythonProjects/66.Spotify_ETL/venv/lib/python3.8/site-packages/airflow/example_dags/example_branch_labels.py took 0.075 seconds
[2021-06-06 06:41:57,971] {scheduler_job.py:182} INFO - Started process (PID=3448) to work on /media/PythonProjects/66.Spotify_ETL/venv/lib/python3.8/site-packages/airflow/example_dags/example_branch_labels.py
[2021-06-06 06:41:57,973] {scheduler_job.py:633} INFO - Processing file /media/PythonProjects/66.Spotify_ETL/venv/lib/python3.8/site-packages/airflow/example_dags/example_branch_labels.py for tasks to queue
[2021-06-06 06:41:57,974] {logging_mixin.py:104} INFO - [2021-06-06 06:41:57,974] {dagbag.py:487} INFO - Filling up the DagBag from /media/PythonProjects/66.Spotify_ETL/venv/lib/python3.8/site-packages/airflow/example_dags/example_branch_labels.py
[2021-06-06 06:41:57,987] {scheduler_job.py:643} INFO - DAG(s) dict_keys(['example_branch_labels']) retrieved from /media/PythonProjects/66.Spotify_ETL/venv/lib/python3.8/site-packages/airflow/example_dags/example_branch_labels.py
[2021-06-06 06:41:58,000] {logging_mixin.py:104} INFO - [2021-06-06 06:41:58,000] {dag.py:1832} INFO - Sync 1 DAGs
[2021-06-06 06:41:58,013] {logging_mixin.py:104} INFO - [2021-06-06 06:41:58,013] {dag.py:2305} INFO - Setting next_dagrun for example_branch_labels to 2021-06-04 00:00:00+00:00
[2021-06-06 06:41:58,035] {scheduler_job.py:190} INFO - Processing /media/PythonProjects/66.Spotify_ETL/venv/lib/python3.8/site-packages/airflow/example_dags/example_branch_labels.py took 0.070 seconds
[2021-06-06 06:42:31,442] {scheduler_job.py:182} INFO - Started process (PID=3506) to work on /media/PythonProjects/66.Spotify_ETL/venv/lib/python3.8/site-packages/airflow/example_dags/example_branch_labels.py
[2021-06-06 06:42:31,443] {scheduler_job.py:633} INFO - Processing file /media/PythonProjects/66.Spotify_ETL/venv/lib/python3.8/site-packages/airflow/example_dags/example_branch_labels.py for tasks to queue
[2021-06-06 06:42:31,444] {logging_mixin.py:104} INFO - [2021-06-06 06:42:31,444] {dagbag.py:487} INFO - Filling up the DagBag from /media/PythonProjects/66.Spotify_ETL/venv/lib/python3.8/site-packages/airflow/example_dags/example_branch_labels.py
[2021-06-06 06:42:31,455] {scheduler_job.py:643} INFO - DAG(s) dict_keys(['example_branch_labels']) retrieved from /media/PythonProjects/66.Spotify_ETL/venv/lib/python3.8/site-packages/airflow/example_dags/example_branch_labels.py
[2021-06-06 06:42:31,469] {logging_mixin.py:104} INFO - [2021-06-06 06:42:31,469] {dag.py:1832} INFO - Sync 1 DAGs
[2021-06-06 06:42:31,482] {logging_mixin.py:104} INFO - [2021-06-06 06:42:31,482] {dag.py:2305} INFO - Setting next_dagrun for example_branch_labels to 2021-06-04 00:00:00+00:00
[2021-06-06 06:42:31,505] {scheduler_job.py:190} INFO - Processing /media/PythonProjects/66.Spotify_ETL/venv/lib/python3.8/site-packages/airflow/example_dags/example_branch_labels.py took 0.065 seconds
[2021-06-06 06:43:02,432] {scheduler_job.py:182} INFO - Started process (PID=3561) to work on /media/PythonProjects/66.Spotify_ETL/venv/lib/python3.8/site-packages/airflow/example_dags/example_branch_labels.py
[2021-06-06 06:43:02,435] {scheduler_job.py:633} INFO - Processing file /media/PythonProjects/66.Spotify_ETL/venv/lib/python3.8/site-packages/airflow/example_dags/example_branch_labels.py for tasks to queue
[2021-06-06 06:43:02,436] {logging_mixin.py:104} INFO - [2021-06-06 06:43:02,436] {dagbag.py:487} INFO - Filling up the DagBag from /media/PythonProjects/66.Spotify_ETL/venv/lib/python3.8/site-packages/airflow/example_dags/example_branch_labels.py
[2021-06-06 06:43:02,450] {scheduler_job.py:643} INFO - DAG(s) dict_keys(['example_branch_labels']) retrieved from /media/PythonProjects/66.Spotify_ETL/venv/lib/python3.8/site-packages/airflow/example_dags/example_branch_labels.py
[2021-06-06 06:43:02,464] {logging_mixin.py:104} INFO - [2021-06-06 06:43:02,464] {dag.py:1832} INFO - Sync 1 DAGs
[2021-06-06 06:43:02,478] {logging_mixin.py:104} INFO - [2021-06-06 06:43:02,478] {dag.py:2305} INFO - Setting next_dagrun for example_branch_labels to 2021-06-04 00:00:00+00:00
[2021-06-06 06:43:02,497] {scheduler_job.py:190} INFO - Processing /media/PythonProjects/66.Spotify_ETL/venv/lib/python3.8/site-packages/airflow/example_dags/example_branch_labels.py took 0.071 seconds
[2021-06-06 06:43:32,556] {scheduler_job.py:182} INFO - Started process (PID=3616) to work on /media/PythonProjects/66.Spotify_ETL/venv/lib/python3.8/site-packages/airflow/example_dags/example_branch_labels.py
[2021-06-06 06:43:32,557] {scheduler_job.py:633} INFO - Processing file /media/PythonProjects/66.Spotify_ETL/venv/lib/python3.8/site-packages/airflow/example_dags/example_branch_labels.py for tasks to queue
[2021-06-06 06:43:32,559] {logging_mixin.py:104} INFO - [2021-06-06 06:43:32,558] {dagbag.py:487} INFO - Filling up the DagBag from /media/PythonProjects/66.Spotify_ETL/venv/lib/python3.8/site-packages/airflow/example_dags/example_branch_labels.py
[2021-06-06 06:43:32,570] {scheduler_job.py:643} INFO - DAG(s) dict_keys(['example_branch_labels']) retrieved from /media/PythonProjects/66.Spotify_ETL/venv/lib/python3.8/site-packages/airflow/example_dags/example_branch_labels.py
[2021-06-06 06:43:32,584] {logging_mixin.py:104} INFO - [2021-06-06 06:43:32,583] {dag.py:1832} INFO - Sync 1 DAGs
[2021-06-06 06:43:32,598] {logging_mixin.py:104} INFO - [2021-06-06 06:43:32,598] {dag.py:2305} INFO - Setting next_dagrun for example_branch_labels to 2021-06-04 00:00:00+00:00
[2021-06-06 06:43:32,615] {scheduler_job.py:190} INFO - Processing /media/PythonProjects/66.Spotify_ETL/venv/lib/python3.8/site-packages/airflow/example_dags/example_branch_labels.py took 0.064 seconds
[2021-06-06 06:44:05,374] {scheduler_job.py:182} INFO - Started process (PID=3674) to work on /media/PythonProjects/66.Spotify_ETL/venv/lib/python3.8/site-packages/airflow/example_dags/example_branch_labels.py
[2021-06-06 06:44:05,376] {scheduler_job.py:633} INFO - Processing file /media/PythonProjects/66.Spotify_ETL/venv/lib/python3.8/site-packages/airflow/example_dags/example_branch_labels.py for tasks to queue
[2021-06-06 06:44:05,377] {logging_mixin.py:104} INFO - [2021-06-06 06:44:05,377] {dagbag.py:487} INFO - Filling up the DagBag from /media/PythonProjects/66.Spotify_ETL/venv/lib/python3.8/site-packages/airflow/example_dags/example_branch_labels.py
[2021-06-06 06:44:05,391] {scheduler_job.py:643} INFO - DAG(s) dict_keys(['example_branch_labels']) retrieved from /media/PythonProjects/66.Spotify_ETL/venv/lib/python3.8/site-packages/airflow/example_dags/example_branch_labels.py
[2021-06-06 06:44:05,406] {logging_mixin.py:104} INFO - [2021-06-06 06:44:05,406] {dag.py:1832} INFO - Sync 1 DAGs
[2021-06-06 06:44:05,419] {logging_mixin.py:104} INFO - [2021-06-06 06:44:05,419] {dag.py:2305} INFO - Setting next_dagrun for example_branch_labels to 2021-06-04 00:00:00+00:00
[2021-06-06 06:44:05,436] {scheduler_job.py:190} INFO - Processing /media/PythonProjects/66.Spotify_ETL/venv/lib/python3.8/site-packages/airflow/example_dags/example_branch_labels.py took 0.068 seconds
[2021-06-06 06:44:43,103] {scheduler_job.py:182} INFO - Started process (PID=3734) to work on /media/PythonProjects/66.Spotify_ETL/venv/lib/python3.8/site-packages/airflow/example_dags/example_branch_labels.py
[2021-06-06 06:44:43,105] {scheduler_job.py:633} INFO - Processing file /media/PythonProjects/66.Spotify_ETL/venv/lib/python3.8/site-packages/airflow/example_dags/example_branch_labels.py for tasks to queue
[2021-06-06 06:44:43,107] {logging_mixin.py:104} INFO - [2021-06-06 06:44:43,107] {dagbag.py:487} INFO - Filling up the DagBag from /media/PythonProjects/66.Spotify_ETL/venv/lib/python3.8/site-packages/airflow/example_dags/example_branch_labels.py
[2021-06-06 06:44:43,121] {scheduler_job.py:643} INFO - DAG(s) dict_keys(['example_branch_labels']) retrieved from /media/PythonProjects/66.Spotify_ETL/venv/lib/python3.8/site-packages/airflow/example_dags/example_branch_labels.py
[2021-06-06 06:44:43,134] {logging_mixin.py:104} INFO - [2021-06-06 06:44:43,134] {dag.py:1832} INFO - Sync 1 DAGs
[2021-06-06 06:44:43,147] {logging_mixin.py:104} INFO - [2021-06-06 06:44:43,147] {dag.py:2305} INFO - Setting next_dagrun for example_branch_labels to 2021-06-04 00:00:00+00:00
[2021-06-06 06:44:43,167] {scheduler_job.py:190} INFO - Processing /media/PythonProjects/66.Spotify_ETL/venv/lib/python3.8/site-packages/airflow/example_dags/example_branch_labels.py took 0.070 seconds
[2021-06-06 06:45:14,793] {scheduler_job.py:182} INFO - Started process (PID=3791) to work on /media/PythonProjects/66.Spotify_ETL/venv/lib/python3.8/site-packages/airflow/example_dags/example_branch_labels.py
[2021-06-06 06:45:14,795] {scheduler_job.py:633} INFO - Processing file /media/PythonProjects/66.Spotify_ETL/venv/lib/python3.8/site-packages/airflow/example_dags/example_branch_labels.py for tasks to queue
[2021-06-06 06:45:14,796] {logging_mixin.py:104} INFO - [2021-06-06 06:45:14,796] {dagbag.py:487} INFO - Filling up the DagBag from /media/PythonProjects/66.Spotify_ETL/venv/lib/python3.8/site-packages/airflow/example_dags/example_branch_labels.py
[2021-06-06 06:45:14,809] {scheduler_job.py:643} INFO - DAG(s) dict_keys(['example_branch_labels']) retrieved from /media/PythonProjects/66.Spotify_ETL/venv/lib/python3.8/site-packages/airflow/example_dags/example_branch_labels.py
[2021-06-06 06:45:14,822] {logging_mixin.py:104} INFO - [2021-06-06 06:45:14,822] {dag.py:1832} INFO - Sync 1 DAGs
[2021-06-06 06:45:14,834] {logging_mixin.py:104} INFO - [2021-06-06 06:45:14,834] {dag.py:2305} INFO - Setting next_dagrun for example_branch_labels to 2021-06-04 00:00:00+00:00
[2021-06-06 06:45:14,850] {scheduler_job.py:190} INFO - Processing /media/PythonProjects/66.Spotify_ETL/venv/lib/python3.8/site-packages/airflow/example_dags/example_branch_labels.py took 0.062 seconds
[2021-06-06 06:45:47,337] {scheduler_job.py:182} INFO - Started process (PID=4038) to work on /media/PythonProjects/66.Spotify_ETL/venv/lib/python3.8/site-packages/airflow/example_dags/example_branch_labels.py
[2021-06-06 06:45:47,339] {scheduler_job.py:633} INFO - Processing file /media/PythonProjects/66.Spotify_ETL/venv/lib/python3.8/site-packages/airflow/example_dags/example_branch_labels.py for tasks to queue
[2021-06-06 06:45:47,340] {logging_mixin.py:104} INFO - [2021-06-06 06:45:47,340] {dagbag.py:487} INFO - Filling up the DagBag from /media/PythonProjects/66.Spotify_ETL/venv/lib/python3.8/site-packages/airflow/example_dags/example_branch_labels.py
[2021-06-06 06:45:47,352] {scheduler_job.py:643} INFO - DAG(s) dict_keys(['example_branch_labels']) retrieved from /media/PythonProjects/66.Spotify_ETL/venv/lib/python3.8/site-packages/airflow/example_dags/example_branch_labels.py
[2021-06-06 06:45:47,367] {logging_mixin.py:104} INFO - [2021-06-06 06:45:47,367] {dag.py:1832} INFO - Sync 1 DAGs
[2021-06-06 06:45:47,381] {logging_mixin.py:104} INFO - [2021-06-06 06:45:47,381] {dag.py:2305} INFO - Setting next_dagrun for example_branch_labels to 2021-06-04 00:00:00+00:00
[2021-06-06 06:45:47,409] {scheduler_job.py:190} INFO - Processing /media/PythonProjects/66.Spotify_ETL/venv/lib/python3.8/site-packages/airflow/example_dags/example_branch_labels.py took 0.076 seconds
[2021-06-06 06:46:21,105] {scheduler_job.py:182} INFO - Started process (PID=4345) to work on /media/PythonProjects/66.Spotify_ETL/venv/lib/python3.8/site-packages/airflow/example_dags/example_branch_labels.py
[2021-06-06 06:46:21,108] {scheduler_job.py:633} INFO - Processing file /media/PythonProjects/66.Spotify_ETL/venv/lib/python3.8/site-packages/airflow/example_dags/example_branch_labels.py for tasks to queue
[2021-06-06 06:46:21,109] {logging_mixin.py:104} INFO - [2021-06-06 06:46:21,108] {dagbag.py:487} INFO - Filling up the DagBag from /media/PythonProjects/66.Spotify_ETL/venv/lib/python3.8/site-packages/airflow/example_dags/example_branch_labels.py
[2021-06-06 06:46:21,129] {scheduler_job.py:643} INFO - DAG(s) dict_keys(['example_branch_labels']) retrieved from /media/PythonProjects/66.Spotify_ETL/venv/lib/python3.8/site-packages/airflow/example_dags/example_branch_labels.py
[2021-06-06 06:46:21,152] {logging_mixin.py:104} INFO - [2021-06-06 06:46:21,152] {dag.py:1832} INFO - Sync 1 DAGs
[2021-06-06 06:46:21,182] {logging_mixin.py:104} INFO - [2021-06-06 06:46:21,182] {dag.py:2305} INFO - Setting next_dagrun for example_branch_labels to 2021-06-04 00:00:00+00:00
[2021-06-06 06:46:21,232] {scheduler_job.py:190} INFO - Processing /media/PythonProjects/66.Spotify_ETL/venv/lib/python3.8/site-packages/airflow/example_dags/example_branch_labels.py took 0.131 seconds
