[2021-06-06 06:31:59,175] {scheduler_job.py:182} INFO - Started process (PID=2377) to work on /media/PythonProjects/66.Spotify_ETL/venv/lib/python3.8/site-packages/airflow/example_dags/example_dag_decorator.py
[2021-06-06 06:31:59,176] {scheduler_job.py:633} INFO - Processing file /media/PythonProjects/66.Spotify_ETL/venv/lib/python3.8/site-packages/airflow/example_dags/example_dag_decorator.py for tasks to queue
[2021-06-06 06:31:59,176] {logging_mixin.py:104} INFO - [2021-06-06 06:31:59,176] {dagbag.py:487} INFO - Filling up the DagBag from /media/PythonProjects/66.Spotify_ETL/venv/lib/python3.8/site-packages/airflow/example_dags/example_dag_decorator.py
[2021-06-06 06:31:59,209] {scheduler_job.py:643} INFO - DAG(s) dict_keys(['example_dag_decorator']) retrieved from /media/PythonProjects/66.Spotify_ETL/venv/lib/python3.8/site-packages/airflow/example_dags/example_dag_decorator.py
[2021-06-06 06:31:59,680] {logging_mixin.py:104} INFO - [2021-06-06 06:31:59,679] {dag.py:1832} INFO - Sync 1 DAGs
[2021-06-06 06:31:59,694] {logging_mixin.py:104} INFO - [2021-06-06 06:31:59,694] {dag.py:2305} INFO - Setting next_dagrun for example_dag_decorator to None
[2021-06-06 06:31:59,731] {scheduler_job.py:190} INFO - Processing /media/PythonProjects/66.Spotify_ETL/venv/lib/python3.8/site-packages/airflow/example_dags/example_dag_decorator.py took 0.559 seconds
[2021-06-06 06:32:35,743] {scheduler_job.py:182} INFO - Started process (PID=2437) to work on /media/PythonProjects/66.Spotify_ETL/venv/lib/python3.8/site-packages/airflow/example_dags/example_dag_decorator.py
[2021-06-06 06:32:35,748] {scheduler_job.py:633} INFO - Processing file /media/PythonProjects/66.Spotify_ETL/venv/lib/python3.8/site-packages/airflow/example_dags/example_dag_decorator.py for tasks to queue
[2021-06-06 06:32:35,749] {logging_mixin.py:104} INFO - [2021-06-06 06:32:35,748] {dagbag.py:487} INFO - Filling up the DagBag from /media/PythonProjects/66.Spotify_ETL/venv/lib/python3.8/site-packages/airflow/example_dags/example_dag_decorator.py
[2021-06-06 06:32:35,770] {scheduler_job.py:643} INFO - DAG(s) dict_keys(['example_dag_decorator']) retrieved from /media/PythonProjects/66.Spotify_ETL/venv/lib/python3.8/site-packages/airflow/example_dags/example_dag_decorator.py
[2021-06-06 06:32:36,061] {logging_mixin.py:104} INFO - [2021-06-06 06:32:36,060] {dag.py:1832} INFO - Sync 1 DAGs
[2021-06-06 06:32:36,070] {logging_mixin.py:104} INFO - [2021-06-06 06:32:36,070] {dag.py:2305} INFO - Setting next_dagrun for example_dag_decorator to None
[2021-06-06 06:32:36,095] {scheduler_job.py:190} INFO - Processing /media/PythonProjects/66.Spotify_ETL/venv/lib/python3.8/site-packages/airflow/example_dags/example_dag_decorator.py took 0.356 seconds
[2021-06-06 06:33:12,119] {scheduler_job.py:182} INFO - Started process (PID=2522) to work on /media/PythonProjects/66.Spotify_ETL/venv/lib/python3.8/site-packages/airflow/example_dags/example_dag_decorator.py
[2021-06-06 06:33:12,120] {scheduler_job.py:633} INFO - Processing file /media/PythonProjects/66.Spotify_ETL/venv/lib/python3.8/site-packages/airflow/example_dags/example_dag_decorator.py for tasks to queue
[2021-06-06 06:33:12,121] {logging_mixin.py:104} INFO - [2021-06-06 06:33:12,121] {dagbag.py:487} INFO - Filling up the DagBag from /media/PythonProjects/66.Spotify_ETL/venv/lib/python3.8/site-packages/airflow/example_dags/example_dag_decorator.py
[2021-06-06 06:33:12,140] {scheduler_job.py:643} INFO - DAG(s) dict_keys(['example_dag_decorator']) retrieved from /media/PythonProjects/66.Spotify_ETL/venv/lib/python3.8/site-packages/airflow/example_dags/example_dag_decorator.py
[2021-06-06 06:33:12,409] {logging_mixin.py:104} INFO - [2021-06-06 06:33:12,409] {dag.py:1832} INFO - Sync 1 DAGs
[2021-06-06 06:33:12,418] {logging_mixin.py:104} INFO - [2021-06-06 06:33:12,418] {dag.py:2305} INFO - Setting next_dagrun for example_dag_decorator to None
[2021-06-06 06:33:12,441] {scheduler_job.py:190} INFO - Processing /media/PythonProjects/66.Spotify_ETL/venv/lib/python3.8/site-packages/airflow/example_dags/example_dag_decorator.py took 0.324 seconds
[2021-06-06 06:33:45,517] {scheduler_job.py:182} INFO - Started process (PID=2580) to work on /media/PythonProjects/66.Spotify_ETL/venv/lib/python3.8/site-packages/airflow/example_dags/example_dag_decorator.py
[2021-06-06 06:33:45,520] {scheduler_job.py:633} INFO - Processing file /media/PythonProjects/66.Spotify_ETL/venv/lib/python3.8/site-packages/airflow/example_dags/example_dag_decorator.py for tasks to queue
[2021-06-06 06:33:45,521] {logging_mixin.py:104} INFO - [2021-06-06 06:33:45,520] {dagbag.py:487} INFO - Filling up the DagBag from /media/PythonProjects/66.Spotify_ETL/venv/lib/python3.8/site-packages/airflow/example_dags/example_dag_decorator.py
[2021-06-06 06:33:45,547] {scheduler_job.py:643} INFO - DAG(s) dict_keys(['example_dag_decorator']) retrieved from /media/PythonProjects/66.Spotify_ETL/venv/lib/python3.8/site-packages/airflow/example_dags/example_dag_decorator.py
[2021-06-06 06:33:45,904] {logging_mixin.py:104} INFO - [2021-06-06 06:33:45,904] {dag.py:1832} INFO - Sync 1 DAGs
[2021-06-06 06:33:45,912] {logging_mixin.py:104} INFO - [2021-06-06 06:33:45,912] {dag.py:2305} INFO - Setting next_dagrun for example_dag_decorator to None
[2021-06-06 06:33:45,940] {scheduler_job.py:190} INFO - Processing /media/PythonProjects/66.Spotify_ETL/venv/lib/python3.8/site-packages/airflow/example_dags/example_dag_decorator.py took 0.427 seconds
[2021-06-06 06:34:19,902] {scheduler_job.py:182} INFO - Started process (PID=2636) to work on /media/PythonProjects/66.Spotify_ETL/venv/lib/python3.8/site-packages/airflow/example_dags/example_dag_decorator.py
[2021-06-06 06:34:19,905] {scheduler_job.py:633} INFO - Processing file /media/PythonProjects/66.Spotify_ETL/venv/lib/python3.8/site-packages/airflow/example_dags/example_dag_decorator.py for tasks to queue
[2021-06-06 06:34:19,906] {logging_mixin.py:104} INFO - [2021-06-06 06:34:19,906] {dagbag.py:487} INFO - Filling up the DagBag from /media/PythonProjects/66.Spotify_ETL/venv/lib/python3.8/site-packages/airflow/example_dags/example_dag_decorator.py
[2021-06-06 06:34:19,927] {scheduler_job.py:643} INFO - DAG(s) dict_keys(['example_dag_decorator']) retrieved from /media/PythonProjects/66.Spotify_ETL/venv/lib/python3.8/site-packages/airflow/example_dags/example_dag_decorator.py
[2021-06-06 06:34:20,174] {logging_mixin.py:104} INFO - [2021-06-06 06:34:20,174] {dag.py:1832} INFO - Sync 1 DAGs
[2021-06-06 06:34:20,184] {logging_mixin.py:104} INFO - [2021-06-06 06:34:20,184] {dag.py:2305} INFO - Setting next_dagrun for example_dag_decorator to None
[2021-06-06 06:34:20,214] {scheduler_job.py:190} INFO - Processing /media/PythonProjects/66.Spotify_ETL/venv/lib/python3.8/site-packages/airflow/example_dags/example_dag_decorator.py took 0.319 seconds
[2021-06-06 06:34:52,071] {scheduler_job.py:182} INFO - Started process (PID=2695) to work on /media/PythonProjects/66.Spotify_ETL/venv/lib/python3.8/site-packages/airflow/example_dags/example_dag_decorator.py
[2021-06-06 06:34:52,072] {scheduler_job.py:633} INFO - Processing file /media/PythonProjects/66.Spotify_ETL/venv/lib/python3.8/site-packages/airflow/example_dags/example_dag_decorator.py for tasks to queue
[2021-06-06 06:34:52,073] {logging_mixin.py:104} INFO - [2021-06-06 06:34:52,073] {dagbag.py:487} INFO - Filling up the DagBag from /media/PythonProjects/66.Spotify_ETL/venv/lib/python3.8/site-packages/airflow/example_dags/example_dag_decorator.py
[2021-06-06 06:34:52,090] {scheduler_job.py:643} INFO - DAG(s) dict_keys(['example_dag_decorator']) retrieved from /media/PythonProjects/66.Spotify_ETL/venv/lib/python3.8/site-packages/airflow/example_dags/example_dag_decorator.py
[2021-06-06 06:34:52,333] {logging_mixin.py:104} INFO - [2021-06-06 06:34:52,333] {dag.py:1832} INFO - Sync 1 DAGs
[2021-06-06 06:34:52,342] {logging_mixin.py:104} INFO - [2021-06-06 06:34:52,342] {dag.py:2305} INFO - Setting next_dagrun for example_dag_decorator to None
[2021-06-06 06:34:52,363] {scheduler_job.py:190} INFO - Processing /media/PythonProjects/66.Spotify_ETL/venv/lib/python3.8/site-packages/airflow/example_dags/example_dag_decorator.py took 0.296 seconds
[2021-06-06 06:35:23,671] {scheduler_job.py:182} INFO - Started process (PID=2754) to work on /media/PythonProjects/66.Spotify_ETL/venv/lib/python3.8/site-packages/airflow/example_dags/example_dag_decorator.py
[2021-06-06 06:35:23,672] {scheduler_job.py:633} INFO - Processing file /media/PythonProjects/66.Spotify_ETL/venv/lib/python3.8/site-packages/airflow/example_dags/example_dag_decorator.py for tasks to queue
[2021-06-06 06:35:23,673] {logging_mixin.py:104} INFO - [2021-06-06 06:35:23,673] {dagbag.py:487} INFO - Filling up the DagBag from /media/PythonProjects/66.Spotify_ETL/venv/lib/python3.8/site-packages/airflow/example_dags/example_dag_decorator.py
[2021-06-06 06:35:23,688] {scheduler_job.py:643} INFO - DAG(s) dict_keys(['example_dag_decorator']) retrieved from /media/PythonProjects/66.Spotify_ETL/venv/lib/python3.8/site-packages/airflow/example_dags/example_dag_decorator.py
[2021-06-06 06:35:23,924] {logging_mixin.py:104} INFO - [2021-06-06 06:35:23,924] {dag.py:1832} INFO - Sync 1 DAGs
[2021-06-06 06:35:23,934] {logging_mixin.py:104} INFO - [2021-06-06 06:35:23,934] {dag.py:2305} INFO - Setting next_dagrun for example_dag_decorator to None
[2021-06-06 06:35:23,958] {scheduler_job.py:190} INFO - Processing /media/PythonProjects/66.Spotify_ETL/venv/lib/python3.8/site-packages/airflow/example_dags/example_dag_decorator.py took 0.289 seconds
[2021-06-06 06:35:57,307] {scheduler_job.py:182} INFO - Started process (PID=2815) to work on /media/PythonProjects/66.Spotify_ETL/venv/lib/python3.8/site-packages/airflow/example_dags/example_dag_decorator.py
[2021-06-06 06:35:57,313] {scheduler_job.py:633} INFO - Processing file /media/PythonProjects/66.Spotify_ETL/venv/lib/python3.8/site-packages/airflow/example_dags/example_dag_decorator.py for tasks to queue
[2021-06-06 06:35:57,317] {logging_mixin.py:104} INFO - [2021-06-06 06:35:57,317] {dagbag.py:487} INFO - Filling up the DagBag from /media/PythonProjects/66.Spotify_ETL/venv/lib/python3.8/site-packages/airflow/example_dags/example_dag_decorator.py
[2021-06-06 06:35:57,332] {scheduler_job.py:643} INFO - DAG(s) dict_keys(['example_dag_decorator']) retrieved from /media/PythonProjects/66.Spotify_ETL/venv/lib/python3.8/site-packages/airflow/example_dags/example_dag_decorator.py
[2021-06-06 06:35:57,550] {logging_mixin.py:104} INFO - [2021-06-06 06:35:57,550] {dag.py:1832} INFO - Sync 1 DAGs
[2021-06-06 06:35:57,558] {logging_mixin.py:104} INFO - [2021-06-06 06:35:57,558] {dag.py:2305} INFO - Setting next_dagrun for example_dag_decorator to None
[2021-06-06 06:35:57,582] {scheduler_job.py:190} INFO - Processing /media/PythonProjects/66.Spotify_ETL/venv/lib/python3.8/site-packages/airflow/example_dags/example_dag_decorator.py took 0.279 seconds
[2021-06-06 06:36:30,268] {scheduler_job.py:182} INFO - Started process (PID=2876) to work on /media/PythonProjects/66.Spotify_ETL/venv/lib/python3.8/site-packages/airflow/example_dags/example_dag_decorator.py
[2021-06-06 06:36:30,270] {scheduler_job.py:633} INFO - Processing file /media/PythonProjects/66.Spotify_ETL/venv/lib/python3.8/site-packages/airflow/example_dags/example_dag_decorator.py for tasks to queue
[2021-06-06 06:36:30,271] {logging_mixin.py:104} INFO - [2021-06-06 06:36:30,271] {dagbag.py:487} INFO - Filling up the DagBag from /media/PythonProjects/66.Spotify_ETL/venv/lib/python3.8/site-packages/airflow/example_dags/example_dag_decorator.py
[2021-06-06 06:36:30,293] {scheduler_job.py:643} INFO - DAG(s) dict_keys(['example_dag_decorator']) retrieved from /media/PythonProjects/66.Spotify_ETL/venv/lib/python3.8/site-packages/airflow/example_dags/example_dag_decorator.py
[2021-06-06 06:36:30,521] {logging_mixin.py:104} INFO - [2021-06-06 06:36:30,521] {dag.py:1832} INFO - Sync 1 DAGs
[2021-06-06 06:36:30,529] {logging_mixin.py:104} INFO - [2021-06-06 06:36:30,529] {dag.py:2305} INFO - Setting next_dagrun for example_dag_decorator to None
[2021-06-06 06:36:30,555] {scheduler_job.py:190} INFO - Processing /media/PythonProjects/66.Spotify_ETL/venv/lib/python3.8/site-packages/airflow/example_dags/example_dag_decorator.py took 0.293 seconds
[2021-06-06 06:37:02,178] {scheduler_job.py:182} INFO - Started process (PID=2934) to work on /media/PythonProjects/66.Spotify_ETL/venv/lib/python3.8/site-packages/airflow/example_dags/example_dag_decorator.py
[2021-06-06 06:37:02,180] {scheduler_job.py:633} INFO - Processing file /media/PythonProjects/66.Spotify_ETL/venv/lib/python3.8/site-packages/airflow/example_dags/example_dag_decorator.py for tasks to queue
[2021-06-06 06:37:02,182] {logging_mixin.py:104} INFO - [2021-06-06 06:37:02,182] {dagbag.py:487} INFO - Filling up the DagBag from /media/PythonProjects/66.Spotify_ETL/venv/lib/python3.8/site-packages/airflow/example_dags/example_dag_decorator.py
[2021-06-06 06:37:02,200] {scheduler_job.py:643} INFO - DAG(s) dict_keys(['example_dag_decorator']) retrieved from /media/PythonProjects/66.Spotify_ETL/venv/lib/python3.8/site-packages/airflow/example_dags/example_dag_decorator.py
[2021-06-06 06:37:02,421] {logging_mixin.py:104} INFO - [2021-06-06 06:37:02,421] {dag.py:1832} INFO - Sync 1 DAGs
[2021-06-06 06:37:02,428] {logging_mixin.py:104} INFO - [2021-06-06 06:37:02,428] {dag.py:2305} INFO - Setting next_dagrun for example_dag_decorator to None
[2021-06-06 06:37:02,452] {scheduler_job.py:190} INFO - Processing /media/PythonProjects/66.Spotify_ETL/venv/lib/python3.8/site-packages/airflow/example_dags/example_dag_decorator.py took 0.280 seconds
[2021-06-06 06:37:34,593] {scheduler_job.py:182} INFO - Started process (PID=2991) to work on /media/PythonProjects/66.Spotify_ETL/venv/lib/python3.8/site-packages/airflow/example_dags/example_dag_decorator.py
[2021-06-06 06:37:34,595] {scheduler_job.py:633} INFO - Processing file /media/PythonProjects/66.Spotify_ETL/venv/lib/python3.8/site-packages/airflow/example_dags/example_dag_decorator.py for tasks to queue
[2021-06-06 06:37:34,595] {logging_mixin.py:104} INFO - [2021-06-06 06:37:34,595] {dagbag.py:487} INFO - Filling up the DagBag from /media/PythonProjects/66.Spotify_ETL/venv/lib/python3.8/site-packages/airflow/example_dags/example_dag_decorator.py
[2021-06-06 06:37:34,613] {scheduler_job.py:643} INFO - DAG(s) dict_keys(['example_dag_decorator']) retrieved from /media/PythonProjects/66.Spotify_ETL/venv/lib/python3.8/site-packages/airflow/example_dags/example_dag_decorator.py
[2021-06-06 06:37:34,892] {logging_mixin.py:104} INFO - [2021-06-06 06:37:34,891] {dag.py:1832} INFO - Sync 1 DAGs
[2021-06-06 06:37:34,903] {logging_mixin.py:104} INFO - [2021-06-06 06:37:34,902] {dag.py:2305} INFO - Setting next_dagrun for example_dag_decorator to None
[2021-06-06 06:37:34,925] {scheduler_job.py:190} INFO - Processing /media/PythonProjects/66.Spotify_ETL/venv/lib/python3.8/site-packages/airflow/example_dags/example_dag_decorator.py took 0.334 seconds
[2021-06-06 06:38:07,025] {scheduler_job.py:182} INFO - Started process (PID=3049) to work on /media/PythonProjects/66.Spotify_ETL/venv/lib/python3.8/site-packages/airflow/example_dags/example_dag_decorator.py
[2021-06-06 06:38:07,027] {scheduler_job.py:633} INFO - Processing file /media/PythonProjects/66.Spotify_ETL/venv/lib/python3.8/site-packages/airflow/example_dags/example_dag_decorator.py for tasks to queue
[2021-06-06 06:38:07,027] {logging_mixin.py:104} INFO - [2021-06-06 06:38:07,027] {dagbag.py:487} INFO - Filling up the DagBag from /media/PythonProjects/66.Spotify_ETL/venv/lib/python3.8/site-packages/airflow/example_dags/example_dag_decorator.py
[2021-06-06 06:38:07,044] {scheduler_job.py:643} INFO - DAG(s) dict_keys(['example_dag_decorator']) retrieved from /media/PythonProjects/66.Spotify_ETL/venv/lib/python3.8/site-packages/airflow/example_dags/example_dag_decorator.py
[2021-06-06 06:38:07,278] {logging_mixin.py:104} INFO - [2021-06-06 06:38:07,277] {dag.py:1832} INFO - Sync 1 DAGs
[2021-06-06 06:38:07,287] {logging_mixin.py:104} INFO - [2021-06-06 06:38:07,287] {dag.py:2305} INFO - Setting next_dagrun for example_dag_decorator to None
[2021-06-06 06:38:07,307] {scheduler_job.py:190} INFO - Processing /media/PythonProjects/66.Spotify_ETL/venv/lib/python3.8/site-packages/airflow/example_dags/example_dag_decorator.py took 0.285 seconds
[2021-06-06 06:38:38,747] {scheduler_job.py:182} INFO - Started process (PID=3105) to work on /media/PythonProjects/66.Spotify_ETL/venv/lib/python3.8/site-packages/airflow/example_dags/example_dag_decorator.py
[2021-06-06 06:38:38,752] {scheduler_job.py:633} INFO - Processing file /media/PythonProjects/66.Spotify_ETL/venv/lib/python3.8/site-packages/airflow/example_dags/example_dag_decorator.py for tasks to queue
[2021-06-06 06:38:38,756] {logging_mixin.py:104} INFO - [2021-06-06 06:38:38,756] {dagbag.py:487} INFO - Filling up the DagBag from /media/PythonProjects/66.Spotify_ETL/venv/lib/python3.8/site-packages/airflow/example_dags/example_dag_decorator.py
[2021-06-06 06:38:38,783] {scheduler_job.py:643} INFO - DAG(s) dict_keys(['example_dag_decorator']) retrieved from /media/PythonProjects/66.Spotify_ETL/venv/lib/python3.8/site-packages/airflow/example_dags/example_dag_decorator.py
[2021-06-06 06:38:39,093] {logging_mixin.py:104} INFO - [2021-06-06 06:38:39,093] {dag.py:1832} INFO - Sync 1 DAGs
[2021-06-06 06:38:39,107] {logging_mixin.py:104} INFO - [2021-06-06 06:38:39,107] {dag.py:2305} INFO - Setting next_dagrun for example_dag_decorator to None
[2021-06-06 06:38:39,138] {scheduler_job.py:190} INFO - Processing /media/PythonProjects/66.Spotify_ETL/venv/lib/python3.8/site-packages/airflow/example_dags/example_dag_decorator.py took 0.400 seconds
[2021-06-06 06:39:12,690] {scheduler_job.py:182} INFO - Started process (PID=3163) to work on /media/PythonProjects/66.Spotify_ETL/venv/lib/python3.8/site-packages/airflow/example_dags/example_dag_decorator.py
[2021-06-06 06:39:12,692] {scheduler_job.py:633} INFO - Processing file /media/PythonProjects/66.Spotify_ETL/venv/lib/python3.8/site-packages/airflow/example_dags/example_dag_decorator.py for tasks to queue
[2021-06-06 06:39:12,693] {logging_mixin.py:104} INFO - [2021-06-06 06:39:12,693] {dagbag.py:487} INFO - Filling up the DagBag from /media/PythonProjects/66.Spotify_ETL/venv/lib/python3.8/site-packages/airflow/example_dags/example_dag_decorator.py
[2021-06-06 06:39:12,715] {scheduler_job.py:643} INFO - DAG(s) dict_keys(['example_dag_decorator']) retrieved from /media/PythonProjects/66.Spotify_ETL/venv/lib/python3.8/site-packages/airflow/example_dags/example_dag_decorator.py
[2021-06-06 06:39:13,015] {logging_mixin.py:104} INFO - [2021-06-06 06:39:13,015] {dag.py:1832} INFO - Sync 1 DAGs
[2021-06-06 06:39:13,028] {logging_mixin.py:104} INFO - [2021-06-06 06:39:13,027] {dag.py:2305} INFO - Setting next_dagrun for example_dag_decorator to None
[2021-06-06 06:39:13,066] {scheduler_job.py:190} INFO - Processing /media/PythonProjects/66.Spotify_ETL/venv/lib/python3.8/site-packages/airflow/example_dags/example_dag_decorator.py took 0.380 seconds
[2021-06-06 06:39:44,785] {scheduler_job.py:182} INFO - Started process (PID=3218) to work on /media/PythonProjects/66.Spotify_ETL/venv/lib/python3.8/site-packages/airflow/example_dags/example_dag_decorator.py
[2021-06-06 06:39:44,787] {scheduler_job.py:633} INFO - Processing file /media/PythonProjects/66.Spotify_ETL/venv/lib/python3.8/site-packages/airflow/example_dags/example_dag_decorator.py for tasks to queue
[2021-06-06 06:39:44,794] {logging_mixin.py:104} INFO - [2021-06-06 06:39:44,794] {dagbag.py:487} INFO - Filling up the DagBag from /media/PythonProjects/66.Spotify_ETL/venv/lib/python3.8/site-packages/airflow/example_dags/example_dag_decorator.py
[2021-06-06 06:39:44,828] {scheduler_job.py:643} INFO - DAG(s) dict_keys(['example_dag_decorator']) retrieved from /media/PythonProjects/66.Spotify_ETL/venv/lib/python3.8/site-packages/airflow/example_dags/example_dag_decorator.py
[2021-06-06 06:39:45,262] {logging_mixin.py:104} INFO - [2021-06-06 06:39:45,262] {dag.py:1832} INFO - Sync 1 DAGs
[2021-06-06 06:39:45,275] {logging_mixin.py:104} INFO - [2021-06-06 06:39:45,275] {dag.py:2305} INFO - Setting next_dagrun for example_dag_decorator to None
[2021-06-06 06:39:45,297] {scheduler_job.py:190} INFO - Processing /media/PythonProjects/66.Spotify_ETL/venv/lib/python3.8/site-packages/airflow/example_dags/example_dag_decorator.py took 0.515 seconds
[2021-06-06 06:40:19,673] {scheduler_job.py:182} INFO - Started process (PID=3275) to work on /media/PythonProjects/66.Spotify_ETL/venv/lib/python3.8/site-packages/airflow/example_dags/example_dag_decorator.py
[2021-06-06 06:40:19,677] {scheduler_job.py:633} INFO - Processing file /media/PythonProjects/66.Spotify_ETL/venv/lib/python3.8/site-packages/airflow/example_dags/example_dag_decorator.py for tasks to queue
[2021-06-06 06:40:19,679] {logging_mixin.py:104} INFO - [2021-06-06 06:40:19,678] {dagbag.py:487} INFO - Filling up the DagBag from /media/PythonProjects/66.Spotify_ETL/venv/lib/python3.8/site-packages/airflow/example_dags/example_dag_decorator.py
[2021-06-06 06:40:19,702] {scheduler_job.py:643} INFO - DAG(s) dict_keys(['example_dag_decorator']) retrieved from /media/PythonProjects/66.Spotify_ETL/venv/lib/python3.8/site-packages/airflow/example_dags/example_dag_decorator.py
[2021-06-06 06:40:19,989] {logging_mixin.py:104} INFO - [2021-06-06 06:40:19,989] {dag.py:1832} INFO - Sync 1 DAGs
[2021-06-06 06:40:20,002] {logging_mixin.py:104} INFO - [2021-06-06 06:40:20,002] {dag.py:2305} INFO - Setting next_dagrun for example_dag_decorator to None
[2021-06-06 06:40:20,036] {scheduler_job.py:190} INFO - Processing /media/PythonProjects/66.Spotify_ETL/venv/lib/python3.8/site-packages/airflow/example_dags/example_dag_decorator.py took 0.372 seconds
[2021-06-06 06:40:53,248] {scheduler_job.py:182} INFO - Started process (PID=3333) to work on /media/PythonProjects/66.Spotify_ETL/venv/lib/python3.8/site-packages/airflow/example_dags/example_dag_decorator.py
[2021-06-06 06:40:53,249] {scheduler_job.py:633} INFO - Processing file /media/PythonProjects/66.Spotify_ETL/venv/lib/python3.8/site-packages/airflow/example_dags/example_dag_decorator.py for tasks to queue
[2021-06-06 06:40:53,250] {logging_mixin.py:104} INFO - [2021-06-06 06:40:53,250] {dagbag.py:487} INFO - Filling up the DagBag from /media/PythonProjects/66.Spotify_ETL/venv/lib/python3.8/site-packages/airflow/example_dags/example_dag_decorator.py
[2021-06-06 06:40:53,267] {scheduler_job.py:643} INFO - DAG(s) dict_keys(['example_dag_decorator']) retrieved from /media/PythonProjects/66.Spotify_ETL/venv/lib/python3.8/site-packages/airflow/example_dags/example_dag_decorator.py
[2021-06-06 06:40:53,282] {logging_mixin.py:104} INFO - [2021-06-06 06:40:53,282] {dag.py:1832} INFO - Sync 1 DAGs
[2021-06-06 06:40:53,297] {logging_mixin.py:104} INFO - [2021-06-06 06:40:53,296] {dag.py:2305} INFO - Setting next_dagrun for example_dag_decorator to None
[2021-06-06 06:40:53,327] {scheduler_job.py:190} INFO - Processing /media/PythonProjects/66.Spotify_ETL/venv/lib/python3.8/site-packages/airflow/example_dags/example_dag_decorator.py took 0.083 seconds
[2021-06-06 06:41:25,750] {scheduler_job.py:182} INFO - Started process (PID=3391) to work on /media/PythonProjects/66.Spotify_ETL/venv/lib/python3.8/site-packages/airflow/example_dags/example_dag_decorator.py
[2021-06-06 06:41:25,751] {scheduler_job.py:633} INFO - Processing file /media/PythonProjects/66.Spotify_ETL/venv/lib/python3.8/site-packages/airflow/example_dags/example_dag_decorator.py for tasks to queue
[2021-06-06 06:41:25,752] {logging_mixin.py:104} INFO - [2021-06-06 06:41:25,752] {dagbag.py:487} INFO - Filling up the DagBag from /media/PythonProjects/66.Spotify_ETL/venv/lib/python3.8/site-packages/airflow/example_dags/example_dag_decorator.py
[2021-06-06 06:41:25,770] {scheduler_job.py:643} INFO - DAG(s) dict_keys(['example_dag_decorator']) retrieved from /media/PythonProjects/66.Spotify_ETL/venv/lib/python3.8/site-packages/airflow/example_dags/example_dag_decorator.py
[2021-06-06 06:41:26,006] {logging_mixin.py:104} INFO - [2021-06-06 06:41:26,006] {dag.py:1832} INFO - Sync 1 DAGs
[2021-06-06 06:41:26,015] {logging_mixin.py:104} INFO - [2021-06-06 06:41:26,014] {dag.py:2305} INFO - Setting next_dagrun for example_dag_decorator to None
[2021-06-06 06:41:26,035] {scheduler_job.py:190} INFO - Processing /media/PythonProjects/66.Spotify_ETL/venv/lib/python3.8/site-packages/airflow/example_dags/example_dag_decorator.py took 0.290 seconds
[2021-06-06 06:41:59,104] {scheduler_job.py:182} INFO - Started process (PID=3450) to work on /media/PythonProjects/66.Spotify_ETL/venv/lib/python3.8/site-packages/airflow/example_dags/example_dag_decorator.py
[2021-06-06 06:41:59,106] {scheduler_job.py:633} INFO - Processing file /media/PythonProjects/66.Spotify_ETL/venv/lib/python3.8/site-packages/airflow/example_dags/example_dag_decorator.py for tasks to queue
[2021-06-06 06:41:59,107] {logging_mixin.py:104} INFO - [2021-06-06 06:41:59,106] {dagbag.py:487} INFO - Filling up the DagBag from /media/PythonProjects/66.Spotify_ETL/venv/lib/python3.8/site-packages/airflow/example_dags/example_dag_decorator.py
[2021-06-06 06:41:59,124] {scheduler_job.py:643} INFO - DAG(s) dict_keys(['example_dag_decorator']) retrieved from /media/PythonProjects/66.Spotify_ETL/venv/lib/python3.8/site-packages/airflow/example_dags/example_dag_decorator.py
[2021-06-06 06:41:59,365] {logging_mixin.py:104} INFO - [2021-06-06 06:41:59,365] {dag.py:1832} INFO - Sync 1 DAGs
[2021-06-06 06:41:59,374] {logging_mixin.py:104} INFO - [2021-06-06 06:41:59,373] {dag.py:2305} INFO - Setting next_dagrun for example_dag_decorator to None
[2021-06-06 06:41:59,398] {scheduler_job.py:190} INFO - Processing /media/PythonProjects/66.Spotify_ETL/venv/lib/python3.8/site-packages/airflow/example_dags/example_dag_decorator.py took 0.300 seconds
[2021-06-06 06:42:31,996] {scheduler_job.py:182} INFO - Started process (PID=3507) to work on /media/PythonProjects/66.Spotify_ETL/venv/lib/python3.8/site-packages/airflow/example_dags/example_dag_decorator.py
[2021-06-06 06:42:31,997] {scheduler_job.py:633} INFO - Processing file /media/PythonProjects/66.Spotify_ETL/venv/lib/python3.8/site-packages/airflow/example_dags/example_dag_decorator.py for tasks to queue
[2021-06-06 06:42:31,998] {logging_mixin.py:104} INFO - [2021-06-06 06:42:31,998] {dagbag.py:487} INFO - Filling up the DagBag from /media/PythonProjects/66.Spotify_ETL/venv/lib/python3.8/site-packages/airflow/example_dags/example_dag_decorator.py
[2021-06-06 06:42:32,019] {scheduler_job.py:643} INFO - DAG(s) dict_keys(['example_dag_decorator']) retrieved from /media/PythonProjects/66.Spotify_ETL/venv/lib/python3.8/site-packages/airflow/example_dags/example_dag_decorator.py
[2021-06-06 06:42:32,317] {logging_mixin.py:104} INFO - [2021-06-06 06:42:32,317] {dag.py:1832} INFO - Sync 1 DAGs
[2021-06-06 06:42:32,327] {logging_mixin.py:104} INFO - [2021-06-06 06:42:32,327] {dag.py:2305} INFO - Setting next_dagrun for example_dag_decorator to None
[2021-06-06 06:42:32,353] {scheduler_job.py:190} INFO - Processing /media/PythonProjects/66.Spotify_ETL/venv/lib/python3.8/site-packages/airflow/example_dags/example_dag_decorator.py took 0.360 seconds
[2021-06-06 06:43:03,256] {scheduler_job.py:182} INFO - Started process (PID=3563) to work on /media/PythonProjects/66.Spotify_ETL/venv/lib/python3.8/site-packages/airflow/example_dags/example_dag_decorator.py
[2021-06-06 06:43:03,257] {scheduler_job.py:633} INFO - Processing file /media/PythonProjects/66.Spotify_ETL/venv/lib/python3.8/site-packages/airflow/example_dags/example_dag_decorator.py for tasks to queue
[2021-06-06 06:43:03,258] {logging_mixin.py:104} INFO - [2021-06-06 06:43:03,258] {dagbag.py:487} INFO - Filling up the DagBag from /media/PythonProjects/66.Spotify_ETL/venv/lib/python3.8/site-packages/airflow/example_dags/example_dag_decorator.py
[2021-06-06 06:43:03,276] {scheduler_job.py:643} INFO - DAG(s) dict_keys(['example_dag_decorator']) retrieved from /media/PythonProjects/66.Spotify_ETL/venv/lib/python3.8/site-packages/airflow/example_dags/example_dag_decorator.py
[2021-06-06 06:43:03,564] {logging_mixin.py:104} INFO - [2021-06-06 06:43:03,563] {dag.py:1832} INFO - Sync 1 DAGs
[2021-06-06 06:43:03,573] {logging_mixin.py:104} INFO - [2021-06-06 06:43:03,573] {dag.py:2305} INFO - Setting next_dagrun for example_dag_decorator to None
[2021-06-06 06:43:03,591] {scheduler_job.py:190} INFO - Processing /media/PythonProjects/66.Spotify_ETL/venv/lib/python3.8/site-packages/airflow/example_dags/example_dag_decorator.py took 0.338 seconds
[2021-06-06 06:43:34,984] {scheduler_job.py:182} INFO - Started process (PID=3621) to work on /media/PythonProjects/66.Spotify_ETL/venv/lib/python3.8/site-packages/airflow/example_dags/example_dag_decorator.py
[2021-06-06 06:43:34,985] {scheduler_job.py:633} INFO - Processing file /media/PythonProjects/66.Spotify_ETL/venv/lib/python3.8/site-packages/airflow/example_dags/example_dag_decorator.py for tasks to queue
[2021-06-06 06:43:34,986] {logging_mixin.py:104} INFO - [2021-06-06 06:43:34,986] {dagbag.py:487} INFO - Filling up the DagBag from /media/PythonProjects/66.Spotify_ETL/venv/lib/python3.8/site-packages/airflow/example_dags/example_dag_decorator.py
[2021-06-06 06:43:35,002] {scheduler_job.py:643} INFO - DAG(s) dict_keys(['example_dag_decorator']) retrieved from /media/PythonProjects/66.Spotify_ETL/venv/lib/python3.8/site-packages/airflow/example_dags/example_dag_decorator.py
[2021-06-06 06:43:35,278] {logging_mixin.py:104} INFO - [2021-06-06 06:43:35,278] {dag.py:1832} INFO - Sync 1 DAGs
[2021-06-06 06:43:35,288] {logging_mixin.py:104} INFO - [2021-06-06 06:43:35,288] {dag.py:2305} INFO - Setting next_dagrun for example_dag_decorator to None
[2021-06-06 06:43:35,313] {scheduler_job.py:190} INFO - Processing /media/PythonProjects/66.Spotify_ETL/venv/lib/python3.8/site-packages/airflow/example_dags/example_dag_decorator.py took 0.332 seconds
[2021-06-06 06:44:09,843] {scheduler_job.py:182} INFO - Started process (PID=3682) to work on /media/PythonProjects/66.Spotify_ETL/venv/lib/python3.8/site-packages/airflow/example_dags/example_dag_decorator.py
[2021-06-06 06:44:09,846] {scheduler_job.py:633} INFO - Processing file /media/PythonProjects/66.Spotify_ETL/venv/lib/python3.8/site-packages/airflow/example_dags/example_dag_decorator.py for tasks to queue
[2021-06-06 06:44:09,847] {logging_mixin.py:104} INFO - [2021-06-06 06:44:09,847] {dagbag.py:487} INFO - Filling up the DagBag from /media/PythonProjects/66.Spotify_ETL/venv/lib/python3.8/site-packages/airflow/example_dags/example_dag_decorator.py
[2021-06-06 06:44:09,863] {scheduler_job.py:643} INFO - DAG(s) dict_keys(['example_dag_decorator']) retrieved from /media/PythonProjects/66.Spotify_ETL/venv/lib/python3.8/site-packages/airflow/example_dags/example_dag_decorator.py
[2021-06-06 06:44:10,095] {logging_mixin.py:104} INFO - [2021-06-06 06:44:10,095] {dag.py:1832} INFO - Sync 1 DAGs
[2021-06-06 06:44:10,103] {logging_mixin.py:104} INFO - [2021-06-06 06:44:10,103] {dag.py:2305} INFO - Setting next_dagrun for example_dag_decorator to None
[2021-06-06 06:44:10,126] {scheduler_job.py:190} INFO - Processing /media/PythonProjects/66.Spotify_ETL/venv/lib/python3.8/site-packages/airflow/example_dags/example_dag_decorator.py took 0.288 seconds
[2021-06-06 06:44:43,675] {scheduler_job.py:182} INFO - Started process (PID=3736) to work on /media/PythonProjects/66.Spotify_ETL/venv/lib/python3.8/site-packages/airflow/example_dags/example_dag_decorator.py
[2021-06-06 06:44:43,677] {scheduler_job.py:633} INFO - Processing file /media/PythonProjects/66.Spotify_ETL/venv/lib/python3.8/site-packages/airflow/example_dags/example_dag_decorator.py for tasks to queue
[2021-06-06 06:44:43,678] {logging_mixin.py:104} INFO - [2021-06-06 06:44:43,678] {dagbag.py:487} INFO - Filling up the DagBag from /media/PythonProjects/66.Spotify_ETL/venv/lib/python3.8/site-packages/airflow/example_dags/example_dag_decorator.py
[2021-06-06 06:44:43,698] {scheduler_job.py:643} INFO - DAG(s) dict_keys(['example_dag_decorator']) retrieved from /media/PythonProjects/66.Spotify_ETL/venv/lib/python3.8/site-packages/airflow/example_dags/example_dag_decorator.py
[2021-06-06 06:44:44,020] {logging_mixin.py:104} INFO - [2021-06-06 06:44:44,020] {dag.py:1832} INFO - Sync 1 DAGs
[2021-06-06 06:44:44,029] {logging_mixin.py:104} INFO - [2021-06-06 06:44:44,029] {dag.py:2305} INFO - Setting next_dagrun for example_dag_decorator to None
[2021-06-06 06:44:44,054] {scheduler_job.py:190} INFO - Processing /media/PythonProjects/66.Spotify_ETL/venv/lib/python3.8/site-packages/airflow/example_dags/example_dag_decorator.py took 0.381 seconds
[2021-06-06 06:45:16,118] {scheduler_job.py:182} INFO - Started process (PID=3794) to work on /media/PythonProjects/66.Spotify_ETL/venv/lib/python3.8/site-packages/airflow/example_dags/example_dag_decorator.py
[2021-06-06 06:45:16,120] {scheduler_job.py:633} INFO - Processing file /media/PythonProjects/66.Spotify_ETL/venv/lib/python3.8/site-packages/airflow/example_dags/example_dag_decorator.py for tasks to queue
[2021-06-06 06:45:16,121] {logging_mixin.py:104} INFO - [2021-06-06 06:45:16,121] {dagbag.py:487} INFO - Filling up the DagBag from /media/PythonProjects/66.Spotify_ETL/venv/lib/python3.8/site-packages/airflow/example_dags/example_dag_decorator.py
[2021-06-06 06:45:16,155] {scheduler_job.py:643} INFO - DAG(s) dict_keys(['example_dag_decorator']) retrieved from /media/PythonProjects/66.Spotify_ETL/venv/lib/python3.8/site-packages/airflow/example_dags/example_dag_decorator.py
[2021-06-06 06:45:16,697] {logging_mixin.py:104} INFO - [2021-06-06 06:45:16,697] {dag.py:1832} INFO - Sync 1 DAGs
[2021-06-06 06:45:16,715] {logging_mixin.py:104} INFO - [2021-06-06 06:45:16,714] {dag.py:2305} INFO - Setting next_dagrun for example_dag_decorator to None
[2021-06-06 06:45:16,753] {scheduler_job.py:190} INFO - Processing /media/PythonProjects/66.Spotify_ETL/venv/lib/python3.8/site-packages/airflow/example_dags/example_dag_decorator.py took 0.641 seconds
[2021-06-06 06:45:50,821] {scheduler_job.py:182} INFO - Started process (PID=4069) to work on /media/PythonProjects/66.Spotify_ETL/venv/lib/python3.8/site-packages/airflow/example_dags/example_dag_decorator.py
[2021-06-06 06:45:50,822] {scheduler_job.py:633} INFO - Processing file /media/PythonProjects/66.Spotify_ETL/venv/lib/python3.8/site-packages/airflow/example_dags/example_dag_decorator.py for tasks to queue
[2021-06-06 06:45:50,823] {logging_mixin.py:104} INFO - [2021-06-06 06:45:50,823] {dagbag.py:487} INFO - Filling up the DagBag from /media/PythonProjects/66.Spotify_ETL/venv/lib/python3.8/site-packages/airflow/example_dags/example_dag_decorator.py
[2021-06-06 06:45:50,841] {scheduler_job.py:643} INFO - DAG(s) dict_keys(['example_dag_decorator']) retrieved from /media/PythonProjects/66.Spotify_ETL/venv/lib/python3.8/site-packages/airflow/example_dags/example_dag_decorator.py
[2021-06-06 06:45:51,154] {logging_mixin.py:104} INFO - [2021-06-06 06:45:51,153] {dag.py:1832} INFO - Sync 1 DAGs
[2021-06-06 06:45:51,163] {logging_mixin.py:104} INFO - [2021-06-06 06:45:51,163] {dag.py:2305} INFO - Setting next_dagrun for example_dag_decorator to None
[2021-06-06 06:45:51,189] {scheduler_job.py:190} INFO - Processing /media/PythonProjects/66.Spotify_ETL/venv/lib/python3.8/site-packages/airflow/example_dags/example_dag_decorator.py took 0.371 seconds
