<<<<<<< HEAD
[2021-06-06 06:32:04,462] {scheduler_job.py:182} INFO - Started process (PID=2385) to work on /media/PythonProjects/66.Spotify_ETL/venv/lib/python3.8/site-packages/airflow/example_dags/tutorial_etl_dag.py
[2021-06-06 06:32:04,464] {scheduler_job.py:633} INFO - Processing file /media/PythonProjects/66.Spotify_ETL/venv/lib/python3.8/site-packages/airflow/example_dags/tutorial_etl_dag.py for tasks to queue
[2021-06-06 06:32:04,465] {logging_mixin.py:104} INFO - [2021-06-06 06:32:04,465] {dagbag.py:487} INFO - Filling up the DagBag from /media/PythonProjects/66.Spotify_ETL/venv/lib/python3.8/site-packages/airflow/example_dags/tutorial_etl_dag.py
[2021-06-06 06:32:04,494] {scheduler_job.py:643} INFO - DAG(s) dict_keys(['tutorial_etl_dag']) retrieved from /media/PythonProjects/66.Spotify_ETL/venv/lib/python3.8/site-packages/airflow/example_dags/tutorial_etl_dag.py
[2021-06-06 06:32:04,515] {logging_mixin.py:104} INFO - [2021-06-06 06:32:04,515] {dag.py:1832} INFO - Sync 1 DAGs
[2021-06-06 06:32:04,543] {logging_mixin.py:104} INFO - [2021-06-06 06:32:04,543] {dag.py:2305} INFO - Setting next_dagrun for tutorial_etl_dag to None
[2021-06-06 06:32:04,585] {scheduler_job.py:190} INFO - Processing /media/PythonProjects/66.Spotify_ETL/venv/lib/python3.8/site-packages/airflow/example_dags/tutorial_etl_dag.py took 0.126 seconds
[2021-06-06 06:32:39,464] {scheduler_job.py:182} INFO - Started process (PID=2443) to work on /media/PythonProjects/66.Spotify_ETL/venv/lib/python3.8/site-packages/airflow/example_dags/tutorial_etl_dag.py
[2021-06-06 06:32:39,465] {scheduler_job.py:633} INFO - Processing file /media/PythonProjects/66.Spotify_ETL/venv/lib/python3.8/site-packages/airflow/example_dags/tutorial_etl_dag.py for tasks to queue
[2021-06-06 06:32:39,466] {logging_mixin.py:104} INFO - [2021-06-06 06:32:39,466] {dagbag.py:487} INFO - Filling up the DagBag from /media/PythonProjects/66.Spotify_ETL/venv/lib/python3.8/site-packages/airflow/example_dags/tutorial_etl_dag.py
[2021-06-06 06:32:39,482] {scheduler_job.py:643} INFO - DAG(s) dict_keys(['tutorial_etl_dag']) retrieved from /media/PythonProjects/66.Spotify_ETL/venv/lib/python3.8/site-packages/airflow/example_dags/tutorial_etl_dag.py
[2021-06-06 06:32:39,531] {logging_mixin.py:104} INFO - [2021-06-06 06:32:39,531] {dag.py:1832} INFO - Sync 1 DAGs
[2021-06-06 06:32:39,556] {logging_mixin.py:104} INFO - [2021-06-06 06:32:39,556] {dag.py:2305} INFO - Setting next_dagrun for tutorial_etl_dag to None
[2021-06-06 06:32:39,582] {scheduler_job.py:190} INFO - Processing /media/PythonProjects/66.Spotify_ETL/venv/lib/python3.8/site-packages/airflow/example_dags/tutorial_etl_dag.py took 0.121 seconds
[2021-06-06 06:33:16,330] {scheduler_job.py:182} INFO - Started process (PID=2528) to work on /media/PythonProjects/66.Spotify_ETL/venv/lib/python3.8/site-packages/airflow/example_dags/tutorial_etl_dag.py
[2021-06-06 06:33:16,332] {scheduler_job.py:633} INFO - Processing file /media/PythonProjects/66.Spotify_ETL/venv/lib/python3.8/site-packages/airflow/example_dags/tutorial_etl_dag.py for tasks to queue
[2021-06-06 06:33:16,332] {logging_mixin.py:104} INFO - [2021-06-06 06:33:16,332] {dagbag.py:487} INFO - Filling up the DagBag from /media/PythonProjects/66.Spotify_ETL/venv/lib/python3.8/site-packages/airflow/example_dags/tutorial_etl_dag.py
[2021-06-06 06:33:16,349] {scheduler_job.py:643} INFO - DAG(s) dict_keys(['tutorial_etl_dag']) retrieved from /media/PythonProjects/66.Spotify_ETL/venv/lib/python3.8/site-packages/airflow/example_dags/tutorial_etl_dag.py
[2021-06-06 06:33:16,364] {logging_mixin.py:104} INFO - [2021-06-06 06:33:16,364] {dag.py:1832} INFO - Sync 1 DAGs
[2021-06-06 06:33:16,374] {logging_mixin.py:104} INFO - [2021-06-06 06:33:16,374] {dag.py:2305} INFO - Setting next_dagrun for tutorial_etl_dag to None
[2021-06-06 06:33:16,398] {scheduler_job.py:190} INFO - Processing /media/PythonProjects/66.Spotify_ETL/venv/lib/python3.8/site-packages/airflow/example_dags/tutorial_etl_dag.py took 0.076 seconds
[2021-06-06 06:33:50,646] {scheduler_job.py:182} INFO - Started process (PID=2588) to work on /media/PythonProjects/66.Spotify_ETL/venv/lib/python3.8/site-packages/airflow/example_dags/tutorial_etl_dag.py
[2021-06-06 06:33:50,650] {scheduler_job.py:633} INFO - Processing file /media/PythonProjects/66.Spotify_ETL/venv/lib/python3.8/site-packages/airflow/example_dags/tutorial_etl_dag.py for tasks to queue
[2021-06-06 06:33:50,651] {logging_mixin.py:104} INFO - [2021-06-06 06:33:50,651] {dagbag.py:487} INFO - Filling up the DagBag from /media/PythonProjects/66.Spotify_ETL/venv/lib/python3.8/site-packages/airflow/example_dags/tutorial_etl_dag.py
[2021-06-06 06:33:50,677] {scheduler_job.py:643} INFO - DAG(s) dict_keys(['tutorial_etl_dag']) retrieved from /media/PythonProjects/66.Spotify_ETL/venv/lib/python3.8/site-packages/airflow/example_dags/tutorial_etl_dag.py
[2021-06-06 06:33:50,700] {logging_mixin.py:104} INFO - [2021-06-06 06:33:50,700] {dag.py:1832} INFO - Sync 1 DAGs
[2021-06-06 06:33:50,731] {logging_mixin.py:104} INFO - [2021-06-06 06:33:50,730] {dag.py:2305} INFO - Setting next_dagrun for tutorial_etl_dag to None
[2021-06-06 06:33:50,767] {scheduler_job.py:190} INFO - Processing /media/PythonProjects/66.Spotify_ETL/venv/lib/python3.8/site-packages/airflow/example_dags/tutorial_etl_dag.py took 0.126 seconds
[2021-06-06 06:34:26,781] {scheduler_job.py:182} INFO - Started process (PID=2648) to work on /media/PythonProjects/66.Spotify_ETL/venv/lib/python3.8/site-packages/airflow/example_dags/tutorial_etl_dag.py
[2021-06-06 06:34:26,786] {scheduler_job.py:633} INFO - Processing file /media/PythonProjects/66.Spotify_ETL/venv/lib/python3.8/site-packages/airflow/example_dags/tutorial_etl_dag.py for tasks to queue
[2021-06-06 06:34:26,786] {logging_mixin.py:104} INFO - [2021-06-06 06:34:26,786] {dagbag.py:487} INFO - Filling up the DagBag from /media/PythonProjects/66.Spotify_ETL/venv/lib/python3.8/site-packages/airflow/example_dags/tutorial_etl_dag.py
[2021-06-06 06:34:26,797] {scheduler_job.py:643} INFO - DAG(s) dict_keys(['tutorial_etl_dag']) retrieved from /media/PythonProjects/66.Spotify_ETL/venv/lib/python3.8/site-packages/airflow/example_dags/tutorial_etl_dag.py
[2021-06-06 06:34:26,810] {logging_mixin.py:104} INFO - [2021-06-06 06:34:26,810] {dag.py:1832} INFO - Sync 1 DAGs
[2021-06-06 06:34:26,820] {logging_mixin.py:104} INFO - [2021-06-06 06:34:26,820] {dag.py:2305} INFO - Setting next_dagrun for tutorial_etl_dag to None
[2021-06-06 06:34:26,839] {scheduler_job.py:190} INFO - Processing /media/PythonProjects/66.Spotify_ETL/venv/lib/python3.8/site-packages/airflow/example_dags/tutorial_etl_dag.py took 0.061 seconds
[2021-06-06 06:34:59,010] {scheduler_job.py:182} INFO - Started process (PID=2708) to work on /media/PythonProjects/66.Spotify_ETL/venv/lib/python3.8/site-packages/airflow/example_dags/tutorial_etl_dag.py
[2021-06-06 06:34:59,012] {scheduler_job.py:633} INFO - Processing file /media/PythonProjects/66.Spotify_ETL/venv/lib/python3.8/site-packages/airflow/example_dags/tutorial_etl_dag.py for tasks to queue
[2021-06-06 06:34:59,013] {logging_mixin.py:104} INFO - [2021-06-06 06:34:59,013] {dagbag.py:487} INFO - Filling up the DagBag from /media/PythonProjects/66.Spotify_ETL/venv/lib/python3.8/site-packages/airflow/example_dags/tutorial_etl_dag.py
[2021-06-06 06:34:59,025] {scheduler_job.py:643} INFO - DAG(s) dict_keys(['tutorial_etl_dag']) retrieved from /media/PythonProjects/66.Spotify_ETL/venv/lib/python3.8/site-packages/airflow/example_dags/tutorial_etl_dag.py
[2021-06-06 06:34:59,042] {logging_mixin.py:104} INFO - [2021-06-06 06:34:59,042] {dag.py:1832} INFO - Sync 1 DAGs
[2021-06-06 06:34:59,054] {logging_mixin.py:104} INFO - [2021-06-06 06:34:59,053] {dag.py:2305} INFO - Setting next_dagrun for tutorial_etl_dag to None
[2021-06-06 06:34:59,079] {scheduler_job.py:190} INFO - Processing /media/PythonProjects/66.Spotify_ETL/venv/lib/python3.8/site-packages/airflow/example_dags/tutorial_etl_dag.py took 0.075 seconds
[2021-06-06 06:35:31,337] {scheduler_job.py:182} INFO - Started process (PID=2768) to work on /media/PythonProjects/66.Spotify_ETL/venv/lib/python3.8/site-packages/airflow/example_dags/tutorial_etl_dag.py
[2021-06-06 06:35:31,341] {scheduler_job.py:633} INFO - Processing file /media/PythonProjects/66.Spotify_ETL/venv/lib/python3.8/site-packages/airflow/example_dags/tutorial_etl_dag.py for tasks to queue
[2021-06-06 06:35:31,342] {logging_mixin.py:104} INFO - [2021-06-06 06:35:31,341] {dagbag.py:487} INFO - Filling up the DagBag from /media/PythonProjects/66.Spotify_ETL/venv/lib/python3.8/site-packages/airflow/example_dags/tutorial_etl_dag.py
[2021-06-06 06:35:31,354] {scheduler_job.py:643} INFO - DAG(s) dict_keys(['tutorial_etl_dag']) retrieved from /media/PythonProjects/66.Spotify_ETL/venv/lib/python3.8/site-packages/airflow/example_dags/tutorial_etl_dag.py
[2021-06-06 06:35:31,369] {logging_mixin.py:104} INFO - [2021-06-06 06:35:31,368] {dag.py:1832} INFO - Sync 1 DAGs
[2021-06-06 06:35:31,379] {logging_mixin.py:104} INFO - [2021-06-06 06:35:31,379] {dag.py:2305} INFO - Setting next_dagrun for tutorial_etl_dag to None
[2021-06-06 06:35:31,400] {scheduler_job.py:190} INFO - Processing /media/PythonProjects/66.Spotify_ETL/venv/lib/python3.8/site-packages/airflow/example_dags/tutorial_etl_dag.py took 0.071 seconds
[2021-06-06 06:36:04,356] {scheduler_job.py:182} INFO - Started process (PID=2827) to work on /media/PythonProjects/66.Spotify_ETL/venv/lib/python3.8/site-packages/airflow/example_dags/tutorial_etl_dag.py
[2021-06-06 06:36:04,357] {scheduler_job.py:633} INFO - Processing file /media/PythonProjects/66.Spotify_ETL/venv/lib/python3.8/site-packages/airflow/example_dags/tutorial_etl_dag.py for tasks to queue
[2021-06-06 06:36:04,358] {logging_mixin.py:104} INFO - [2021-06-06 06:36:04,358] {dagbag.py:487} INFO - Filling up the DagBag from /media/PythonProjects/66.Spotify_ETL/venv/lib/python3.8/site-packages/airflow/example_dags/tutorial_etl_dag.py
[2021-06-06 06:36:04,369] {scheduler_job.py:643} INFO - DAG(s) dict_keys(['tutorial_etl_dag']) retrieved from /media/PythonProjects/66.Spotify_ETL/venv/lib/python3.8/site-packages/airflow/example_dags/tutorial_etl_dag.py
[2021-06-06 06:36:04,382] {logging_mixin.py:104} INFO - [2021-06-06 06:36:04,382] {dag.py:1832} INFO - Sync 1 DAGs
[2021-06-06 06:36:04,392] {logging_mixin.py:104} INFO - [2021-06-06 06:36:04,392] {dag.py:2305} INFO - Setting next_dagrun for tutorial_etl_dag to None
[2021-06-06 06:36:04,416] {scheduler_job.py:190} INFO - Processing /media/PythonProjects/66.Spotify_ETL/venv/lib/python3.8/site-packages/airflow/example_dags/tutorial_etl_dag.py took 0.063 seconds
[2021-06-06 06:36:35,713] {scheduler_job.py:182} INFO - Started process (PID=2884) to work on /media/PythonProjects/66.Spotify_ETL/venv/lib/python3.8/site-packages/airflow/example_dags/tutorial_etl_dag.py
[2021-06-06 06:36:35,714] {scheduler_job.py:633} INFO - Processing file /media/PythonProjects/66.Spotify_ETL/venv/lib/python3.8/site-packages/airflow/example_dags/tutorial_etl_dag.py for tasks to queue
[2021-06-06 06:36:35,714] {logging_mixin.py:104} INFO - [2021-06-06 06:36:35,714] {dagbag.py:487} INFO - Filling up the DagBag from /media/PythonProjects/66.Spotify_ETL/venv/lib/python3.8/site-packages/airflow/example_dags/tutorial_etl_dag.py
[2021-06-06 06:36:35,725] {scheduler_job.py:643} INFO - DAG(s) dict_keys(['tutorial_etl_dag']) retrieved from /media/PythonProjects/66.Spotify_ETL/venv/lib/python3.8/site-packages/airflow/example_dags/tutorial_etl_dag.py
[2021-06-06 06:36:35,737] {logging_mixin.py:104} INFO - [2021-06-06 06:36:35,737] {dag.py:1832} INFO - Sync 1 DAGs
[2021-06-06 06:36:35,746] {logging_mixin.py:104} INFO - [2021-06-06 06:36:35,746] {dag.py:2305} INFO - Setting next_dagrun for tutorial_etl_dag to None
[2021-06-06 06:36:35,763] {scheduler_job.py:190} INFO - Processing /media/PythonProjects/66.Spotify_ETL/venv/lib/python3.8/site-packages/airflow/example_dags/tutorial_etl_dag.py took 0.053 seconds
[2021-06-06 06:37:07,834] {scheduler_job.py:182} INFO - Started process (PID=2942) to work on /media/PythonProjects/66.Spotify_ETL/venv/lib/python3.8/site-packages/airflow/example_dags/tutorial_etl_dag.py
[2021-06-06 06:37:07,835] {scheduler_job.py:633} INFO - Processing file /media/PythonProjects/66.Spotify_ETL/venv/lib/python3.8/site-packages/airflow/example_dags/tutorial_etl_dag.py for tasks to queue
[2021-06-06 06:37:07,835] {logging_mixin.py:104} INFO - [2021-06-06 06:37:07,835] {dagbag.py:487} INFO - Filling up the DagBag from /media/PythonProjects/66.Spotify_ETL/venv/lib/python3.8/site-packages/airflow/example_dags/tutorial_etl_dag.py
[2021-06-06 06:37:07,845] {scheduler_job.py:643} INFO - DAG(s) dict_keys(['tutorial_etl_dag']) retrieved from /media/PythonProjects/66.Spotify_ETL/venv/lib/python3.8/site-packages/airflow/example_dags/tutorial_etl_dag.py
[2021-06-06 06:37:07,857] {logging_mixin.py:104} INFO - [2021-06-06 06:37:07,857] {dag.py:1832} INFO - Sync 1 DAGs
[2021-06-06 06:37:07,866] {logging_mixin.py:104} INFO - [2021-06-06 06:37:07,866] {dag.py:2305} INFO - Setting next_dagrun for tutorial_etl_dag to None
[2021-06-06 06:37:07,883] {scheduler_job.py:190} INFO - Processing /media/PythonProjects/66.Spotify_ETL/venv/lib/python3.8/site-packages/airflow/example_dags/tutorial_etl_dag.py took 0.052 seconds
[2021-06-06 06:37:40,049] {scheduler_job.py:182} INFO - Started process (PID=3000) to work on /media/PythonProjects/66.Spotify_ETL/venv/lib/python3.8/site-packages/airflow/example_dags/tutorial_etl_dag.py
[2021-06-06 06:37:40,050] {scheduler_job.py:633} INFO - Processing file /media/PythonProjects/66.Spotify_ETL/venv/lib/python3.8/site-packages/airflow/example_dags/tutorial_etl_dag.py for tasks to queue
[2021-06-06 06:37:40,051] {logging_mixin.py:104} INFO - [2021-06-06 06:37:40,051] {dagbag.py:487} INFO - Filling up the DagBag from /media/PythonProjects/66.Spotify_ETL/venv/lib/python3.8/site-packages/airflow/example_dags/tutorial_etl_dag.py
[2021-06-06 06:37:40,066] {scheduler_job.py:643} INFO - DAG(s) dict_keys(['tutorial_etl_dag']) retrieved from /media/PythonProjects/66.Spotify_ETL/venv/lib/python3.8/site-packages/airflow/example_dags/tutorial_etl_dag.py
[2021-06-06 06:37:40,084] {logging_mixin.py:104} INFO - [2021-06-06 06:37:40,084] {dag.py:1832} INFO - Sync 1 DAGs
[2021-06-06 06:37:40,097] {logging_mixin.py:104} INFO - [2021-06-06 06:37:40,097] {dag.py:2305} INFO - Setting next_dagrun for tutorial_etl_dag to None
[2021-06-06 06:37:40,137] {scheduler_job.py:190} INFO - Processing /media/PythonProjects/66.Spotify_ETL/venv/lib/python3.8/site-packages/airflow/example_dags/tutorial_etl_dag.py took 0.093 seconds
[2021-06-06 06:38:13,386] {scheduler_job.py:182} INFO - Started process (PID=3058) to work on /media/PythonProjects/66.Spotify_ETL/venv/lib/python3.8/site-packages/airflow/example_dags/tutorial_etl_dag.py
[2021-06-06 06:38:13,388] {scheduler_job.py:633} INFO - Processing file /media/PythonProjects/66.Spotify_ETL/venv/lib/python3.8/site-packages/airflow/example_dags/tutorial_etl_dag.py for tasks to queue
[2021-06-06 06:38:13,389] {logging_mixin.py:104} INFO - [2021-06-06 06:38:13,388] {dagbag.py:487} INFO - Filling up the DagBag from /media/PythonProjects/66.Spotify_ETL/venv/lib/python3.8/site-packages/airflow/example_dags/tutorial_etl_dag.py
[2021-06-06 06:38:13,401] {scheduler_job.py:643} INFO - DAG(s) dict_keys(['tutorial_etl_dag']) retrieved from /media/PythonProjects/66.Spotify_ETL/venv/lib/python3.8/site-packages/airflow/example_dags/tutorial_etl_dag.py
[2021-06-06 06:38:13,418] {logging_mixin.py:104} INFO - [2021-06-06 06:38:13,418] {dag.py:1832} INFO - Sync 1 DAGs
[2021-06-06 06:38:13,431] {logging_mixin.py:104} INFO - [2021-06-06 06:38:13,431] {dag.py:2305} INFO - Setting next_dagrun for tutorial_etl_dag to None
[2021-06-06 06:38:13,467] {scheduler_job.py:190} INFO - Processing /media/PythonProjects/66.Spotify_ETL/venv/lib/python3.8/site-packages/airflow/example_dags/tutorial_etl_dag.py took 0.084 seconds
[2021-06-06 06:38:45,963] {scheduler_job.py:182} INFO - Started process (PID=3116) to work on /media/PythonProjects/66.Spotify_ETL/venv/lib/python3.8/site-packages/airflow/example_dags/tutorial_etl_dag.py
[2021-06-06 06:38:45,965] {scheduler_job.py:633} INFO - Processing file /media/PythonProjects/66.Spotify_ETL/venv/lib/python3.8/site-packages/airflow/example_dags/tutorial_etl_dag.py for tasks to queue
[2021-06-06 06:38:45,966] {logging_mixin.py:104} INFO - [2021-06-06 06:38:45,966] {dagbag.py:487} INFO - Filling up the DagBag from /media/PythonProjects/66.Spotify_ETL/venv/lib/python3.8/site-packages/airflow/example_dags/tutorial_etl_dag.py
[2021-06-06 06:38:45,983] {scheduler_job.py:643} INFO - DAG(s) dict_keys(['tutorial_etl_dag']) retrieved from /media/PythonProjects/66.Spotify_ETL/venv/lib/python3.8/site-packages/airflow/example_dags/tutorial_etl_dag.py
[2021-06-06 06:38:46,006] {logging_mixin.py:104} INFO - [2021-06-06 06:38:46,006] {dag.py:1832} INFO - Sync 1 DAGs
[2021-06-06 06:38:46,029] {logging_mixin.py:104} INFO - [2021-06-06 06:38:46,029] {dag.py:2305} INFO - Setting next_dagrun for tutorial_etl_dag to None
[2021-06-06 06:38:46,061] {scheduler_job.py:190} INFO - Processing /media/PythonProjects/66.Spotify_ETL/venv/lib/python3.8/site-packages/airflow/example_dags/tutorial_etl_dag.py took 0.103 seconds
[2021-06-06 06:39:17,504] {scheduler_job.py:182} INFO - Started process (PID=3171) to work on /media/PythonProjects/66.Spotify_ETL/venv/lib/python3.8/site-packages/airflow/example_dags/tutorial_etl_dag.py
[2021-06-06 06:39:17,506] {scheduler_job.py:633} INFO - Processing file /media/PythonProjects/66.Spotify_ETL/venv/lib/python3.8/site-packages/airflow/example_dags/tutorial_etl_dag.py for tasks to queue
[2021-06-06 06:39:17,506] {logging_mixin.py:104} INFO - [2021-06-06 06:39:17,506] {dagbag.py:487} INFO - Filling up the DagBag from /media/PythonProjects/66.Spotify_ETL/venv/lib/python3.8/site-packages/airflow/example_dags/tutorial_etl_dag.py
[2021-06-06 06:39:17,521] {scheduler_job.py:643} INFO - DAG(s) dict_keys(['tutorial_etl_dag']) retrieved from /media/PythonProjects/66.Spotify_ETL/venv/lib/python3.8/site-packages/airflow/example_dags/tutorial_etl_dag.py
[2021-06-06 06:39:17,541] {logging_mixin.py:104} INFO - [2021-06-06 06:39:17,540] {dag.py:1832} INFO - Sync 1 DAGs
[2021-06-06 06:39:17,553] {logging_mixin.py:104} INFO - [2021-06-06 06:39:17,553] {dag.py:2305} INFO - Setting next_dagrun for tutorial_etl_dag to None
[2021-06-06 06:39:17,583] {scheduler_job.py:190} INFO - Processing /media/PythonProjects/66.Spotify_ETL/venv/lib/python3.8/site-packages/airflow/example_dags/tutorial_etl_dag.py took 0.082 seconds
[2021-06-06 06:39:51,729] {scheduler_job.py:182} INFO - Started process (PID=3229) to work on /media/PythonProjects/66.Spotify_ETL/venv/lib/python3.8/site-packages/airflow/example_dags/tutorial_etl_dag.py
[2021-06-06 06:39:51,731] {scheduler_job.py:633} INFO - Processing file /media/PythonProjects/66.Spotify_ETL/venv/lib/python3.8/site-packages/airflow/example_dags/tutorial_etl_dag.py for tasks to queue
[2021-06-06 06:39:51,732] {logging_mixin.py:104} INFO - [2021-06-06 06:39:51,732] {dagbag.py:487} INFO - Filling up the DagBag from /media/PythonProjects/66.Spotify_ETL/venv/lib/python3.8/site-packages/airflow/example_dags/tutorial_etl_dag.py
[2021-06-06 06:39:51,747] {scheduler_job.py:643} INFO - DAG(s) dict_keys(['tutorial_etl_dag']) retrieved from /media/PythonProjects/66.Spotify_ETL/venv/lib/python3.8/site-packages/airflow/example_dags/tutorial_etl_dag.py
[2021-06-06 06:39:51,759] {logging_mixin.py:104} INFO - [2021-06-06 06:39:51,759] {dag.py:1832} INFO - Sync 1 DAGs
[2021-06-06 06:39:51,770] {logging_mixin.py:104} INFO - [2021-06-06 06:39:51,770] {dag.py:2305} INFO - Setting next_dagrun for tutorial_etl_dag to None
[2021-06-06 06:39:51,797] {scheduler_job.py:190} INFO - Processing /media/PythonProjects/66.Spotify_ETL/venv/lib/python3.8/site-packages/airflow/example_dags/tutorial_etl_dag.py took 0.071 seconds
[2021-06-06 06:40:25,872] {scheduler_job.py:182} INFO - Started process (PID=3284) to work on /media/PythonProjects/66.Spotify_ETL/venv/lib/python3.8/site-packages/airflow/example_dags/tutorial_etl_dag.py
[2021-06-06 06:40:25,873] {scheduler_job.py:633} INFO - Processing file /media/PythonProjects/66.Spotify_ETL/venv/lib/python3.8/site-packages/airflow/example_dags/tutorial_etl_dag.py for tasks to queue
[2021-06-06 06:40:25,874] {logging_mixin.py:104} INFO - [2021-06-06 06:40:25,874] {dagbag.py:487} INFO - Filling up the DagBag from /media/PythonProjects/66.Spotify_ETL/venv/lib/python3.8/site-packages/airflow/example_dags/tutorial_etl_dag.py
[2021-06-06 06:40:25,885] {scheduler_job.py:643} INFO - DAG(s) dict_keys(['tutorial_etl_dag']) retrieved from /media/PythonProjects/66.Spotify_ETL/venv/lib/python3.8/site-packages/airflow/example_dags/tutorial_etl_dag.py
[2021-06-06 06:40:25,899] {logging_mixin.py:104} INFO - [2021-06-06 06:40:25,899] {dag.py:1832} INFO - Sync 1 DAGs
[2021-06-06 06:40:25,910] {logging_mixin.py:104} INFO - [2021-06-06 06:40:25,910] {dag.py:2305} INFO - Setting next_dagrun for tutorial_etl_dag to None
[2021-06-06 06:40:25,929] {scheduler_job.py:190} INFO - Processing /media/PythonProjects/66.Spotify_ETL/venv/lib/python3.8/site-packages/airflow/example_dags/tutorial_etl_dag.py took 0.060 seconds
[2021-06-06 06:40:57,837] {scheduler_job.py:182} INFO - Started process (PID=3341) to work on /media/PythonProjects/66.Spotify_ETL/venv/lib/python3.8/site-packages/airflow/example_dags/tutorial_etl_dag.py
[2021-06-06 06:40:57,839] {scheduler_job.py:633} INFO - Processing file /media/PythonProjects/66.Spotify_ETL/venv/lib/python3.8/site-packages/airflow/example_dags/tutorial_etl_dag.py for tasks to queue
[2021-06-06 06:40:57,840] {logging_mixin.py:104} INFO - [2021-06-06 06:40:57,840] {dagbag.py:487} INFO - Filling up the DagBag from /media/PythonProjects/66.Spotify_ETL/venv/lib/python3.8/site-packages/airflow/example_dags/tutorial_etl_dag.py
[2021-06-06 06:40:57,854] {scheduler_job.py:643} INFO - DAG(s) dict_keys(['tutorial_etl_dag']) retrieved from /media/PythonProjects/66.Spotify_ETL/venv/lib/python3.8/site-packages/airflow/example_dags/tutorial_etl_dag.py
[2021-06-06 06:40:57,868] {logging_mixin.py:104} INFO - [2021-06-06 06:40:57,868] {dag.py:1832} INFO - Sync 1 DAGs
[2021-06-06 06:40:57,879] {logging_mixin.py:104} INFO - [2021-06-06 06:40:57,879] {dag.py:2305} INFO - Setting next_dagrun for tutorial_etl_dag to None
[2021-06-06 06:40:57,902] {scheduler_job.py:190} INFO - Processing /media/PythonProjects/66.Spotify_ETL/venv/lib/python3.8/site-packages/airflow/example_dags/tutorial_etl_dag.py took 0.073 seconds
[2021-06-06 06:41:30,910] {scheduler_job.py:182} INFO - Started process (PID=3400) to work on /media/PythonProjects/66.Spotify_ETL/venv/lib/python3.8/site-packages/airflow/example_dags/tutorial_etl_dag.py
[2021-06-06 06:41:30,911] {scheduler_job.py:633} INFO - Processing file /media/PythonProjects/66.Spotify_ETL/venv/lib/python3.8/site-packages/airflow/example_dags/tutorial_etl_dag.py for tasks to queue
[2021-06-06 06:41:30,912] {logging_mixin.py:104} INFO - [2021-06-06 06:41:30,912] {dagbag.py:487} INFO - Filling up the DagBag from /media/PythonProjects/66.Spotify_ETL/venv/lib/python3.8/site-packages/airflow/example_dags/tutorial_etl_dag.py
[2021-06-06 06:41:30,925] {scheduler_job.py:643} INFO - DAG(s) dict_keys(['tutorial_etl_dag']) retrieved from /media/PythonProjects/66.Spotify_ETL/venv/lib/python3.8/site-packages/airflow/example_dags/tutorial_etl_dag.py
[2021-06-06 06:41:30,938] {logging_mixin.py:104} INFO - [2021-06-06 06:41:30,938] {dag.py:1832} INFO - Sync 1 DAGs
[2021-06-06 06:41:30,948] {logging_mixin.py:104} INFO - [2021-06-06 06:41:30,948] {dag.py:2305} INFO - Setting next_dagrun for tutorial_etl_dag to None
[2021-06-06 06:41:30,968] {scheduler_job.py:190} INFO - Processing /media/PythonProjects/66.Spotify_ETL/venv/lib/python3.8/site-packages/airflow/example_dags/tutorial_etl_dag.py took 0.064 seconds
[2021-06-06 06:42:04,727] {scheduler_job.py:182} INFO - Started process (PID=3460) to work on /media/PythonProjects/66.Spotify_ETL/venv/lib/python3.8/site-packages/airflow/example_dags/tutorial_etl_dag.py
[2021-06-06 06:42:04,729] {scheduler_job.py:633} INFO - Processing file /media/PythonProjects/66.Spotify_ETL/venv/lib/python3.8/site-packages/airflow/example_dags/tutorial_etl_dag.py for tasks to queue
[2021-06-06 06:42:04,730] {logging_mixin.py:104} INFO - [2021-06-06 06:42:04,730] {dagbag.py:487} INFO - Filling up the DagBag from /media/PythonProjects/66.Spotify_ETL/venv/lib/python3.8/site-packages/airflow/example_dags/tutorial_etl_dag.py
[2021-06-06 06:42:04,744] {scheduler_job.py:643} INFO - DAG(s) dict_keys(['tutorial_etl_dag']) retrieved from /media/PythonProjects/66.Spotify_ETL/venv/lib/python3.8/site-packages/airflow/example_dags/tutorial_etl_dag.py
[2021-06-06 06:42:04,756] {logging_mixin.py:104} INFO - [2021-06-06 06:42:04,756] {dag.py:1832} INFO - Sync 1 DAGs
[2021-06-06 06:42:04,766] {logging_mixin.py:104} INFO - [2021-06-06 06:42:04,766] {dag.py:2305} INFO - Setting next_dagrun for tutorial_etl_dag to None
[2021-06-06 06:42:04,786] {scheduler_job.py:190} INFO - Processing /media/PythonProjects/66.Spotify_ETL/venv/lib/python3.8/site-packages/airflow/example_dags/tutorial_etl_dag.py took 0.065 seconds
[2021-06-06 06:42:37,273] {scheduler_job.py:182} INFO - Started process (PID=3517) to work on /media/PythonProjects/66.Spotify_ETL/venv/lib/python3.8/site-packages/airflow/example_dags/tutorial_etl_dag.py
[2021-06-06 06:42:37,274] {scheduler_job.py:633} INFO - Processing file /media/PythonProjects/66.Spotify_ETL/venv/lib/python3.8/site-packages/airflow/example_dags/tutorial_etl_dag.py for tasks to queue
[2021-06-06 06:42:37,275] {logging_mixin.py:104} INFO - [2021-06-06 06:42:37,275] {dagbag.py:487} INFO - Filling up the DagBag from /media/PythonProjects/66.Spotify_ETL/venv/lib/python3.8/site-packages/airflow/example_dags/tutorial_etl_dag.py
[2021-06-06 06:42:37,285] {scheduler_job.py:643} INFO - DAG(s) dict_keys(['tutorial_etl_dag']) retrieved from /media/PythonProjects/66.Spotify_ETL/venv/lib/python3.8/site-packages/airflow/example_dags/tutorial_etl_dag.py
[2021-06-06 06:42:37,297] {logging_mixin.py:104} INFO - [2021-06-06 06:42:37,297] {dag.py:1832} INFO - Sync 1 DAGs
[2021-06-06 06:42:37,307] {logging_mixin.py:104} INFO - [2021-06-06 06:42:37,307] {dag.py:2305} INFO - Setting next_dagrun for tutorial_etl_dag to None
[2021-06-06 06:42:37,327] {scheduler_job.py:190} INFO - Processing /media/PythonProjects/66.Spotify_ETL/venv/lib/python3.8/site-packages/airflow/example_dags/tutorial_etl_dag.py took 0.057 seconds
[2021-06-06 06:43:10,486] {scheduler_job.py:182} INFO - Started process (PID=3577) to work on /media/PythonProjects/66.Spotify_ETL/venv/lib/python3.8/site-packages/airflow/example_dags/tutorial_etl_dag.py
[2021-06-06 06:43:10,487] {scheduler_job.py:633} INFO - Processing file /media/PythonProjects/66.Spotify_ETL/venv/lib/python3.8/site-packages/airflow/example_dags/tutorial_etl_dag.py for tasks to queue
[2021-06-06 06:43:10,498] {logging_mixin.py:104} INFO - [2021-06-06 06:43:10,498] {dagbag.py:487} INFO - Filling up the DagBag from /media/PythonProjects/66.Spotify_ETL/venv/lib/python3.8/site-packages/airflow/example_dags/tutorial_etl_dag.py
[2021-06-06 06:43:10,523] {scheduler_job.py:643} INFO - DAG(s) dict_keys(['tutorial_etl_dag']) retrieved from /media/PythonProjects/66.Spotify_ETL/venv/lib/python3.8/site-packages/airflow/example_dags/tutorial_etl_dag.py
[2021-06-06 06:43:10,563] {logging_mixin.py:104} INFO - [2021-06-06 06:43:10,563] {dag.py:1832} INFO - Sync 1 DAGs
[2021-06-06 06:43:10,587] {logging_mixin.py:104} INFO - [2021-06-06 06:43:10,587] {dag.py:2305} INFO - Setting next_dagrun for tutorial_etl_dag to None
[2021-06-06 06:43:10,644] {scheduler_job.py:190} INFO - Processing /media/PythonProjects/66.Spotify_ETL/venv/lib/python3.8/site-packages/airflow/example_dags/tutorial_etl_dag.py took 0.162 seconds
[2021-06-06 06:43:42,762] {scheduler_job.py:182} INFO - Started process (PID=3634) to work on /media/PythonProjects/66.Spotify_ETL/venv/lib/python3.8/site-packages/airflow/example_dags/tutorial_etl_dag.py
[2021-06-06 06:43:42,765] {scheduler_job.py:633} INFO - Processing file /media/PythonProjects/66.Spotify_ETL/venv/lib/python3.8/site-packages/airflow/example_dags/tutorial_etl_dag.py for tasks to queue
[2021-06-06 06:43:42,766] {logging_mixin.py:104} INFO - [2021-06-06 06:43:42,766] {dagbag.py:487} INFO - Filling up the DagBag from /media/PythonProjects/66.Spotify_ETL/venv/lib/python3.8/site-packages/airflow/example_dags/tutorial_etl_dag.py
[2021-06-06 06:43:42,778] {scheduler_job.py:643} INFO - DAG(s) dict_keys(['tutorial_etl_dag']) retrieved from /media/PythonProjects/66.Spotify_ETL/venv/lib/python3.8/site-packages/airflow/example_dags/tutorial_etl_dag.py
[2021-06-06 06:43:42,791] {logging_mixin.py:104} INFO - [2021-06-06 06:43:42,791] {dag.py:1832} INFO - Sync 1 DAGs
[2021-06-06 06:43:42,801] {logging_mixin.py:104} INFO - [2021-06-06 06:43:42,801] {dag.py:2305} INFO - Setting next_dagrun for tutorial_etl_dag to None
[2021-06-06 06:43:42,824] {scheduler_job.py:190} INFO - Processing /media/PythonProjects/66.Spotify_ETL/venv/lib/python3.8/site-packages/airflow/example_dags/tutorial_etl_dag.py took 0.067 seconds
[2021-06-06 06:44:16,136] {scheduler_job.py:182} INFO - Started process (PID=3692) to work on /media/PythonProjects/66.Spotify_ETL/venv/lib/python3.8/site-packages/airflow/example_dags/tutorial_etl_dag.py
[2021-06-06 06:44:16,141] {scheduler_job.py:633} INFO - Processing file /media/PythonProjects/66.Spotify_ETL/venv/lib/python3.8/site-packages/airflow/example_dags/tutorial_etl_dag.py for tasks to queue
[2021-06-06 06:44:16,144] {logging_mixin.py:104} INFO - [2021-06-06 06:44:16,144] {dagbag.py:487} INFO - Filling up the DagBag from /media/PythonProjects/66.Spotify_ETL/venv/lib/python3.8/site-packages/airflow/example_dags/tutorial_etl_dag.py
[2021-06-06 06:44:16,160] {scheduler_job.py:643} INFO - DAG(s) dict_keys(['tutorial_etl_dag']) retrieved from /media/PythonProjects/66.Spotify_ETL/venv/lib/python3.8/site-packages/airflow/example_dags/tutorial_etl_dag.py
[2021-06-06 06:44:16,179] {logging_mixin.py:104} INFO - [2021-06-06 06:44:16,179] {dag.py:1832} INFO - Sync 1 DAGs
[2021-06-06 06:44:16,200] {logging_mixin.py:104} INFO - [2021-06-06 06:44:16,200] {dag.py:2305} INFO - Setting next_dagrun for tutorial_etl_dag to None
[2021-06-06 06:44:16,219] {scheduler_job.py:190} INFO - Processing /media/PythonProjects/66.Spotify_ETL/venv/lib/python3.8/site-packages/airflow/example_dags/tutorial_etl_dag.py took 0.087 seconds
[2021-06-06 06:44:52,230] {scheduler_job.py:182} INFO - Started process (PID=3751) to work on /media/PythonProjects/66.Spotify_ETL/venv/lib/python3.8/site-packages/airflow/example_dags/tutorial_etl_dag.py
[2021-06-06 06:44:52,232] {scheduler_job.py:633} INFO - Processing file /media/PythonProjects/66.Spotify_ETL/venv/lib/python3.8/site-packages/airflow/example_dags/tutorial_etl_dag.py for tasks to queue
[2021-06-06 06:44:52,233] {logging_mixin.py:104} INFO - [2021-06-06 06:44:52,233] {dagbag.py:487} INFO - Filling up the DagBag from /media/PythonProjects/66.Spotify_ETL/venv/lib/python3.8/site-packages/airflow/example_dags/tutorial_etl_dag.py
[2021-06-06 06:44:52,247] {scheduler_job.py:643} INFO - DAG(s) dict_keys(['tutorial_etl_dag']) retrieved from /media/PythonProjects/66.Spotify_ETL/venv/lib/python3.8/site-packages/airflow/example_dags/tutorial_etl_dag.py
[2021-06-06 06:44:52,261] {logging_mixin.py:104} INFO - [2021-06-06 06:44:52,261] {dag.py:1832} INFO - Sync 1 DAGs
[2021-06-06 06:44:52,272] {logging_mixin.py:104} INFO - [2021-06-06 06:44:52,272] {dag.py:2305} INFO - Setting next_dagrun for tutorial_etl_dag to None
[2021-06-06 06:44:52,292] {scheduler_job.py:190} INFO - Processing /media/PythonProjects/66.Spotify_ETL/venv/lib/python3.8/site-packages/airflow/example_dags/tutorial_etl_dag.py took 0.067 seconds
[2021-06-06 06:45:25,300] {scheduler_job.py:182} INFO - Started process (PID=3895) to work on /media/PythonProjects/66.Spotify_ETL/venv/lib/python3.8/site-packages/airflow/example_dags/tutorial_etl_dag.py
[2021-06-06 06:45:25,302] {scheduler_job.py:633} INFO - Processing file /media/PythonProjects/66.Spotify_ETL/venv/lib/python3.8/site-packages/airflow/example_dags/tutorial_etl_dag.py for tasks to queue
[2021-06-06 06:45:25,303] {logging_mixin.py:104} INFO - [2021-06-06 06:45:25,303] {dagbag.py:487} INFO - Filling up the DagBag from /media/PythonProjects/66.Spotify_ETL/venv/lib/python3.8/site-packages/airflow/example_dags/tutorial_etl_dag.py
[2021-06-06 06:45:25,316] {scheduler_job.py:643} INFO - DAG(s) dict_keys(['tutorial_etl_dag']) retrieved from /media/PythonProjects/66.Spotify_ETL/venv/lib/python3.8/site-packages/airflow/example_dags/tutorial_etl_dag.py
[2021-06-06 06:45:25,331] {logging_mixin.py:104} INFO - [2021-06-06 06:45:25,331] {dag.py:1832} INFO - Sync 1 DAGs
[2021-06-06 06:45:25,343] {logging_mixin.py:104} INFO - [2021-06-06 06:45:25,343] {dag.py:2305} INFO - Setting next_dagrun for tutorial_etl_dag to None
[2021-06-06 06:45:25,363] {scheduler_job.py:190} INFO - Processing /media/PythonProjects/66.Spotify_ETL/venv/lib/python3.8/site-packages/airflow/example_dags/tutorial_etl_dag.py took 0.068 seconds
[2021-06-06 06:45:58,816] {scheduler_job.py:182} INFO - Started process (PID=4110) to work on /media/PythonProjects/66.Spotify_ETL/venv/lib/python3.8/site-packages/airflow/example_dags/tutorial_etl_dag.py
[2021-06-06 06:45:58,818] {scheduler_job.py:633} INFO - Processing file /media/PythonProjects/66.Spotify_ETL/venv/lib/python3.8/site-packages/airflow/example_dags/tutorial_etl_dag.py for tasks to queue
[2021-06-06 06:45:58,819] {logging_mixin.py:104} INFO - [2021-06-06 06:45:58,819] {dagbag.py:487} INFO - Filling up the DagBag from /media/PythonProjects/66.Spotify_ETL/venv/lib/python3.8/site-packages/airflow/example_dags/tutorial_etl_dag.py
[2021-06-06 06:45:58,832] {scheduler_job.py:643} INFO - DAG(s) dict_keys(['tutorial_etl_dag']) retrieved from /media/PythonProjects/66.Spotify_ETL/venv/lib/python3.8/site-packages/airflow/example_dags/tutorial_etl_dag.py
[2021-06-06 06:45:58,847] {logging_mixin.py:104} INFO - [2021-06-06 06:45:58,847] {dag.py:1832} INFO - Sync 1 DAGs
[2021-06-06 06:45:58,857] {logging_mixin.py:104} INFO - [2021-06-06 06:45:58,857] {dag.py:2305} INFO - Setting next_dagrun for tutorial_etl_dag to None
[2021-06-06 06:45:58,877] {scheduler_job.py:190} INFO - Processing /media/PythonProjects/66.Spotify_ETL/venv/lib/python3.8/site-packages/airflow/example_dags/tutorial_etl_dag.py took 0.068 seconds
=======
[2021-06-06 06:32:04,462] {scheduler_job.py:182} INFO - Started process (PID=2385) to work on /media/PythonProjects/66.Spotify_ETL/venv/lib/python3.8/site-packages/airflow/example_dags/tutorial_etl_dag.py
[2021-06-06 06:32:04,464] {scheduler_job.py:633} INFO - Processing file /media/PythonProjects/66.Spotify_ETL/venv/lib/python3.8/site-packages/airflow/example_dags/tutorial_etl_dag.py for tasks to queue
[2021-06-06 06:32:04,465] {logging_mixin.py:104} INFO - [2021-06-06 06:32:04,465] {dagbag.py:487} INFO - Filling up the DagBag from /media/PythonProjects/66.Spotify_ETL/venv/lib/python3.8/site-packages/airflow/example_dags/tutorial_etl_dag.py
[2021-06-06 06:32:04,494] {scheduler_job.py:643} INFO - DAG(s) dict_keys(['tutorial_etl_dag']) retrieved from /media/PythonProjects/66.Spotify_ETL/venv/lib/python3.8/site-packages/airflow/example_dags/tutorial_etl_dag.py
[2021-06-06 06:32:04,515] {logging_mixin.py:104} INFO - [2021-06-06 06:32:04,515] {dag.py:1832} INFO - Sync 1 DAGs
[2021-06-06 06:32:04,543] {logging_mixin.py:104} INFO - [2021-06-06 06:32:04,543] {dag.py:2305} INFO - Setting next_dagrun for tutorial_etl_dag to None
[2021-06-06 06:32:04,585] {scheduler_job.py:190} INFO - Processing /media/PythonProjects/66.Spotify_ETL/venv/lib/python3.8/site-packages/airflow/example_dags/tutorial_etl_dag.py took 0.126 seconds
[2021-06-06 06:32:39,464] {scheduler_job.py:182} INFO - Started process (PID=2443) to work on /media/PythonProjects/66.Spotify_ETL/venv/lib/python3.8/site-packages/airflow/example_dags/tutorial_etl_dag.py
[2021-06-06 06:32:39,465] {scheduler_job.py:633} INFO - Processing file /media/PythonProjects/66.Spotify_ETL/venv/lib/python3.8/site-packages/airflow/example_dags/tutorial_etl_dag.py for tasks to queue
[2021-06-06 06:32:39,466] {logging_mixin.py:104} INFO - [2021-06-06 06:32:39,466] {dagbag.py:487} INFO - Filling up the DagBag from /media/PythonProjects/66.Spotify_ETL/venv/lib/python3.8/site-packages/airflow/example_dags/tutorial_etl_dag.py
[2021-06-06 06:32:39,482] {scheduler_job.py:643} INFO - DAG(s) dict_keys(['tutorial_etl_dag']) retrieved from /media/PythonProjects/66.Spotify_ETL/venv/lib/python3.8/site-packages/airflow/example_dags/tutorial_etl_dag.py
[2021-06-06 06:32:39,531] {logging_mixin.py:104} INFO - [2021-06-06 06:32:39,531] {dag.py:1832} INFO - Sync 1 DAGs
[2021-06-06 06:32:39,556] {logging_mixin.py:104} INFO - [2021-06-06 06:32:39,556] {dag.py:2305} INFO - Setting next_dagrun for tutorial_etl_dag to None
[2021-06-06 06:32:39,582] {scheduler_job.py:190} INFO - Processing /media/PythonProjects/66.Spotify_ETL/venv/lib/python3.8/site-packages/airflow/example_dags/tutorial_etl_dag.py took 0.121 seconds
[2021-06-06 06:33:16,330] {scheduler_job.py:182} INFO - Started process (PID=2528) to work on /media/PythonProjects/66.Spotify_ETL/venv/lib/python3.8/site-packages/airflow/example_dags/tutorial_etl_dag.py
[2021-06-06 06:33:16,332] {scheduler_job.py:633} INFO - Processing file /media/PythonProjects/66.Spotify_ETL/venv/lib/python3.8/site-packages/airflow/example_dags/tutorial_etl_dag.py for tasks to queue
[2021-06-06 06:33:16,332] {logging_mixin.py:104} INFO - [2021-06-06 06:33:16,332] {dagbag.py:487} INFO - Filling up the DagBag from /media/PythonProjects/66.Spotify_ETL/venv/lib/python3.8/site-packages/airflow/example_dags/tutorial_etl_dag.py
[2021-06-06 06:33:16,349] {scheduler_job.py:643} INFO - DAG(s) dict_keys(['tutorial_etl_dag']) retrieved from /media/PythonProjects/66.Spotify_ETL/venv/lib/python3.8/site-packages/airflow/example_dags/tutorial_etl_dag.py
[2021-06-06 06:33:16,364] {logging_mixin.py:104} INFO - [2021-06-06 06:33:16,364] {dag.py:1832} INFO - Sync 1 DAGs
[2021-06-06 06:33:16,374] {logging_mixin.py:104} INFO - [2021-06-06 06:33:16,374] {dag.py:2305} INFO - Setting next_dagrun for tutorial_etl_dag to None
[2021-06-06 06:33:16,398] {scheduler_job.py:190} INFO - Processing /media/PythonProjects/66.Spotify_ETL/venv/lib/python3.8/site-packages/airflow/example_dags/tutorial_etl_dag.py took 0.076 seconds
[2021-06-06 06:33:50,646] {scheduler_job.py:182} INFO - Started process (PID=2588) to work on /media/PythonProjects/66.Spotify_ETL/venv/lib/python3.8/site-packages/airflow/example_dags/tutorial_etl_dag.py
[2021-06-06 06:33:50,650] {scheduler_job.py:633} INFO - Processing file /media/PythonProjects/66.Spotify_ETL/venv/lib/python3.8/site-packages/airflow/example_dags/tutorial_etl_dag.py for tasks to queue
[2021-06-06 06:33:50,651] {logging_mixin.py:104} INFO - [2021-06-06 06:33:50,651] {dagbag.py:487} INFO - Filling up the DagBag from /media/PythonProjects/66.Spotify_ETL/venv/lib/python3.8/site-packages/airflow/example_dags/tutorial_etl_dag.py
[2021-06-06 06:33:50,677] {scheduler_job.py:643} INFO - DAG(s) dict_keys(['tutorial_etl_dag']) retrieved from /media/PythonProjects/66.Spotify_ETL/venv/lib/python3.8/site-packages/airflow/example_dags/tutorial_etl_dag.py
[2021-06-06 06:33:50,700] {logging_mixin.py:104} INFO - [2021-06-06 06:33:50,700] {dag.py:1832} INFO - Sync 1 DAGs
[2021-06-06 06:33:50,731] {logging_mixin.py:104} INFO - [2021-06-06 06:33:50,730] {dag.py:2305} INFO - Setting next_dagrun for tutorial_etl_dag to None
[2021-06-06 06:33:50,767] {scheduler_job.py:190} INFO - Processing /media/PythonProjects/66.Spotify_ETL/venv/lib/python3.8/site-packages/airflow/example_dags/tutorial_etl_dag.py took 0.126 seconds
[2021-06-06 06:34:26,781] {scheduler_job.py:182} INFO - Started process (PID=2648) to work on /media/PythonProjects/66.Spotify_ETL/venv/lib/python3.8/site-packages/airflow/example_dags/tutorial_etl_dag.py
[2021-06-06 06:34:26,786] {scheduler_job.py:633} INFO - Processing file /media/PythonProjects/66.Spotify_ETL/venv/lib/python3.8/site-packages/airflow/example_dags/tutorial_etl_dag.py for tasks to queue
[2021-06-06 06:34:26,786] {logging_mixin.py:104} INFO - [2021-06-06 06:34:26,786] {dagbag.py:487} INFO - Filling up the DagBag from /media/PythonProjects/66.Spotify_ETL/venv/lib/python3.8/site-packages/airflow/example_dags/tutorial_etl_dag.py
[2021-06-06 06:34:26,797] {scheduler_job.py:643} INFO - DAG(s) dict_keys(['tutorial_etl_dag']) retrieved from /media/PythonProjects/66.Spotify_ETL/venv/lib/python3.8/site-packages/airflow/example_dags/tutorial_etl_dag.py
[2021-06-06 06:34:26,810] {logging_mixin.py:104} INFO - [2021-06-06 06:34:26,810] {dag.py:1832} INFO - Sync 1 DAGs
[2021-06-06 06:34:26,820] {logging_mixin.py:104} INFO - [2021-06-06 06:34:26,820] {dag.py:2305} INFO - Setting next_dagrun for tutorial_etl_dag to None
[2021-06-06 06:34:26,839] {scheduler_job.py:190} INFO - Processing /media/PythonProjects/66.Spotify_ETL/venv/lib/python3.8/site-packages/airflow/example_dags/tutorial_etl_dag.py took 0.061 seconds
[2021-06-06 06:34:59,010] {scheduler_job.py:182} INFO - Started process (PID=2708) to work on /media/PythonProjects/66.Spotify_ETL/venv/lib/python3.8/site-packages/airflow/example_dags/tutorial_etl_dag.py
[2021-06-06 06:34:59,012] {scheduler_job.py:633} INFO - Processing file /media/PythonProjects/66.Spotify_ETL/venv/lib/python3.8/site-packages/airflow/example_dags/tutorial_etl_dag.py for tasks to queue
[2021-06-06 06:34:59,013] {logging_mixin.py:104} INFO - [2021-06-06 06:34:59,013] {dagbag.py:487} INFO - Filling up the DagBag from /media/PythonProjects/66.Spotify_ETL/venv/lib/python3.8/site-packages/airflow/example_dags/tutorial_etl_dag.py
[2021-06-06 06:34:59,025] {scheduler_job.py:643} INFO - DAG(s) dict_keys(['tutorial_etl_dag']) retrieved from /media/PythonProjects/66.Spotify_ETL/venv/lib/python3.8/site-packages/airflow/example_dags/tutorial_etl_dag.py
[2021-06-06 06:34:59,042] {logging_mixin.py:104} INFO - [2021-06-06 06:34:59,042] {dag.py:1832} INFO - Sync 1 DAGs
[2021-06-06 06:34:59,054] {logging_mixin.py:104} INFO - [2021-06-06 06:34:59,053] {dag.py:2305} INFO - Setting next_dagrun for tutorial_etl_dag to None
[2021-06-06 06:34:59,079] {scheduler_job.py:190} INFO - Processing /media/PythonProjects/66.Spotify_ETL/venv/lib/python3.8/site-packages/airflow/example_dags/tutorial_etl_dag.py took 0.075 seconds
[2021-06-06 06:35:31,337] {scheduler_job.py:182} INFO - Started process (PID=2768) to work on /media/PythonProjects/66.Spotify_ETL/venv/lib/python3.8/site-packages/airflow/example_dags/tutorial_etl_dag.py
[2021-06-06 06:35:31,341] {scheduler_job.py:633} INFO - Processing file /media/PythonProjects/66.Spotify_ETL/venv/lib/python3.8/site-packages/airflow/example_dags/tutorial_etl_dag.py for tasks to queue
[2021-06-06 06:35:31,342] {logging_mixin.py:104} INFO - [2021-06-06 06:35:31,341] {dagbag.py:487} INFO - Filling up the DagBag from /media/PythonProjects/66.Spotify_ETL/venv/lib/python3.8/site-packages/airflow/example_dags/tutorial_etl_dag.py
[2021-06-06 06:35:31,354] {scheduler_job.py:643} INFO - DAG(s) dict_keys(['tutorial_etl_dag']) retrieved from /media/PythonProjects/66.Spotify_ETL/venv/lib/python3.8/site-packages/airflow/example_dags/tutorial_etl_dag.py
[2021-06-06 06:35:31,369] {logging_mixin.py:104} INFO - [2021-06-06 06:35:31,368] {dag.py:1832} INFO - Sync 1 DAGs
[2021-06-06 06:35:31,379] {logging_mixin.py:104} INFO - [2021-06-06 06:35:31,379] {dag.py:2305} INFO - Setting next_dagrun for tutorial_etl_dag to None
[2021-06-06 06:35:31,400] {scheduler_job.py:190} INFO - Processing /media/PythonProjects/66.Spotify_ETL/venv/lib/python3.8/site-packages/airflow/example_dags/tutorial_etl_dag.py took 0.071 seconds
[2021-06-06 06:36:04,356] {scheduler_job.py:182} INFO - Started process (PID=2827) to work on /media/PythonProjects/66.Spotify_ETL/venv/lib/python3.8/site-packages/airflow/example_dags/tutorial_etl_dag.py
[2021-06-06 06:36:04,357] {scheduler_job.py:633} INFO - Processing file /media/PythonProjects/66.Spotify_ETL/venv/lib/python3.8/site-packages/airflow/example_dags/tutorial_etl_dag.py for tasks to queue
[2021-06-06 06:36:04,358] {logging_mixin.py:104} INFO - [2021-06-06 06:36:04,358] {dagbag.py:487} INFO - Filling up the DagBag from /media/PythonProjects/66.Spotify_ETL/venv/lib/python3.8/site-packages/airflow/example_dags/tutorial_etl_dag.py
[2021-06-06 06:36:04,369] {scheduler_job.py:643} INFO - DAG(s) dict_keys(['tutorial_etl_dag']) retrieved from /media/PythonProjects/66.Spotify_ETL/venv/lib/python3.8/site-packages/airflow/example_dags/tutorial_etl_dag.py
[2021-06-06 06:36:04,382] {logging_mixin.py:104} INFO - [2021-06-06 06:36:04,382] {dag.py:1832} INFO - Sync 1 DAGs
[2021-06-06 06:36:04,392] {logging_mixin.py:104} INFO - [2021-06-06 06:36:04,392] {dag.py:2305} INFO - Setting next_dagrun for tutorial_etl_dag to None
[2021-06-06 06:36:04,416] {scheduler_job.py:190} INFO - Processing /media/PythonProjects/66.Spotify_ETL/venv/lib/python3.8/site-packages/airflow/example_dags/tutorial_etl_dag.py took 0.063 seconds
[2021-06-06 06:36:35,713] {scheduler_job.py:182} INFO - Started process (PID=2884) to work on /media/PythonProjects/66.Spotify_ETL/venv/lib/python3.8/site-packages/airflow/example_dags/tutorial_etl_dag.py
[2021-06-06 06:36:35,714] {scheduler_job.py:633} INFO - Processing file /media/PythonProjects/66.Spotify_ETL/venv/lib/python3.8/site-packages/airflow/example_dags/tutorial_etl_dag.py for tasks to queue
[2021-06-06 06:36:35,714] {logging_mixin.py:104} INFO - [2021-06-06 06:36:35,714] {dagbag.py:487} INFO - Filling up the DagBag from /media/PythonProjects/66.Spotify_ETL/venv/lib/python3.8/site-packages/airflow/example_dags/tutorial_etl_dag.py
[2021-06-06 06:36:35,725] {scheduler_job.py:643} INFO - DAG(s) dict_keys(['tutorial_etl_dag']) retrieved from /media/PythonProjects/66.Spotify_ETL/venv/lib/python3.8/site-packages/airflow/example_dags/tutorial_etl_dag.py
[2021-06-06 06:36:35,737] {logging_mixin.py:104} INFO - [2021-06-06 06:36:35,737] {dag.py:1832} INFO - Sync 1 DAGs
[2021-06-06 06:36:35,746] {logging_mixin.py:104} INFO - [2021-06-06 06:36:35,746] {dag.py:2305} INFO - Setting next_dagrun for tutorial_etl_dag to None
[2021-06-06 06:36:35,763] {scheduler_job.py:190} INFO - Processing /media/PythonProjects/66.Spotify_ETL/venv/lib/python3.8/site-packages/airflow/example_dags/tutorial_etl_dag.py took 0.053 seconds
[2021-06-06 06:37:07,834] {scheduler_job.py:182} INFO - Started process (PID=2942) to work on /media/PythonProjects/66.Spotify_ETL/venv/lib/python3.8/site-packages/airflow/example_dags/tutorial_etl_dag.py
[2021-06-06 06:37:07,835] {scheduler_job.py:633} INFO - Processing file /media/PythonProjects/66.Spotify_ETL/venv/lib/python3.8/site-packages/airflow/example_dags/tutorial_etl_dag.py for tasks to queue
[2021-06-06 06:37:07,835] {logging_mixin.py:104} INFO - [2021-06-06 06:37:07,835] {dagbag.py:487} INFO - Filling up the DagBag from /media/PythonProjects/66.Spotify_ETL/venv/lib/python3.8/site-packages/airflow/example_dags/tutorial_etl_dag.py
[2021-06-06 06:37:07,845] {scheduler_job.py:643} INFO - DAG(s) dict_keys(['tutorial_etl_dag']) retrieved from /media/PythonProjects/66.Spotify_ETL/venv/lib/python3.8/site-packages/airflow/example_dags/tutorial_etl_dag.py
[2021-06-06 06:37:07,857] {logging_mixin.py:104} INFO - [2021-06-06 06:37:07,857] {dag.py:1832} INFO - Sync 1 DAGs
[2021-06-06 06:37:07,866] {logging_mixin.py:104} INFO - [2021-06-06 06:37:07,866] {dag.py:2305} INFO - Setting next_dagrun for tutorial_etl_dag to None
[2021-06-06 06:37:07,883] {scheduler_job.py:190} INFO - Processing /media/PythonProjects/66.Spotify_ETL/venv/lib/python3.8/site-packages/airflow/example_dags/tutorial_etl_dag.py took 0.052 seconds
[2021-06-06 06:37:40,049] {scheduler_job.py:182} INFO - Started process (PID=3000) to work on /media/PythonProjects/66.Spotify_ETL/venv/lib/python3.8/site-packages/airflow/example_dags/tutorial_etl_dag.py
[2021-06-06 06:37:40,050] {scheduler_job.py:633} INFO - Processing file /media/PythonProjects/66.Spotify_ETL/venv/lib/python3.8/site-packages/airflow/example_dags/tutorial_etl_dag.py for tasks to queue
[2021-06-06 06:37:40,051] {logging_mixin.py:104} INFO - [2021-06-06 06:37:40,051] {dagbag.py:487} INFO - Filling up the DagBag from /media/PythonProjects/66.Spotify_ETL/venv/lib/python3.8/site-packages/airflow/example_dags/tutorial_etl_dag.py
[2021-06-06 06:37:40,066] {scheduler_job.py:643} INFO - DAG(s) dict_keys(['tutorial_etl_dag']) retrieved from /media/PythonProjects/66.Spotify_ETL/venv/lib/python3.8/site-packages/airflow/example_dags/tutorial_etl_dag.py
[2021-06-06 06:37:40,084] {logging_mixin.py:104} INFO - [2021-06-06 06:37:40,084] {dag.py:1832} INFO - Sync 1 DAGs
[2021-06-06 06:37:40,097] {logging_mixin.py:104} INFO - [2021-06-06 06:37:40,097] {dag.py:2305} INFO - Setting next_dagrun for tutorial_etl_dag to None
[2021-06-06 06:37:40,137] {scheduler_job.py:190} INFO - Processing /media/PythonProjects/66.Spotify_ETL/venv/lib/python3.8/site-packages/airflow/example_dags/tutorial_etl_dag.py took 0.093 seconds
[2021-06-06 06:38:13,386] {scheduler_job.py:182} INFO - Started process (PID=3058) to work on /media/PythonProjects/66.Spotify_ETL/venv/lib/python3.8/site-packages/airflow/example_dags/tutorial_etl_dag.py
[2021-06-06 06:38:13,388] {scheduler_job.py:633} INFO - Processing file /media/PythonProjects/66.Spotify_ETL/venv/lib/python3.8/site-packages/airflow/example_dags/tutorial_etl_dag.py for tasks to queue
[2021-06-06 06:38:13,389] {logging_mixin.py:104} INFO - [2021-06-06 06:38:13,388] {dagbag.py:487} INFO - Filling up the DagBag from /media/PythonProjects/66.Spotify_ETL/venv/lib/python3.8/site-packages/airflow/example_dags/tutorial_etl_dag.py
[2021-06-06 06:38:13,401] {scheduler_job.py:643} INFO - DAG(s) dict_keys(['tutorial_etl_dag']) retrieved from /media/PythonProjects/66.Spotify_ETL/venv/lib/python3.8/site-packages/airflow/example_dags/tutorial_etl_dag.py
[2021-06-06 06:38:13,418] {logging_mixin.py:104} INFO - [2021-06-06 06:38:13,418] {dag.py:1832} INFO - Sync 1 DAGs
[2021-06-06 06:38:13,431] {logging_mixin.py:104} INFO - [2021-06-06 06:38:13,431] {dag.py:2305} INFO - Setting next_dagrun for tutorial_etl_dag to None
[2021-06-06 06:38:13,467] {scheduler_job.py:190} INFO - Processing /media/PythonProjects/66.Spotify_ETL/venv/lib/python3.8/site-packages/airflow/example_dags/tutorial_etl_dag.py took 0.084 seconds
[2021-06-06 06:38:45,963] {scheduler_job.py:182} INFO - Started process (PID=3116) to work on /media/PythonProjects/66.Spotify_ETL/venv/lib/python3.8/site-packages/airflow/example_dags/tutorial_etl_dag.py
[2021-06-06 06:38:45,965] {scheduler_job.py:633} INFO - Processing file /media/PythonProjects/66.Spotify_ETL/venv/lib/python3.8/site-packages/airflow/example_dags/tutorial_etl_dag.py for tasks to queue
[2021-06-06 06:38:45,966] {logging_mixin.py:104} INFO - [2021-06-06 06:38:45,966] {dagbag.py:487} INFO - Filling up the DagBag from /media/PythonProjects/66.Spotify_ETL/venv/lib/python3.8/site-packages/airflow/example_dags/tutorial_etl_dag.py
[2021-06-06 06:38:45,983] {scheduler_job.py:643} INFO - DAG(s) dict_keys(['tutorial_etl_dag']) retrieved from /media/PythonProjects/66.Spotify_ETL/venv/lib/python3.8/site-packages/airflow/example_dags/tutorial_etl_dag.py
[2021-06-06 06:38:46,006] {logging_mixin.py:104} INFO - [2021-06-06 06:38:46,006] {dag.py:1832} INFO - Sync 1 DAGs
[2021-06-06 06:38:46,029] {logging_mixin.py:104} INFO - [2021-06-06 06:38:46,029] {dag.py:2305} INFO - Setting next_dagrun for tutorial_etl_dag to None
[2021-06-06 06:38:46,061] {scheduler_job.py:190} INFO - Processing /media/PythonProjects/66.Spotify_ETL/venv/lib/python3.8/site-packages/airflow/example_dags/tutorial_etl_dag.py took 0.103 seconds
[2021-06-06 06:39:17,504] {scheduler_job.py:182} INFO - Started process (PID=3171) to work on /media/PythonProjects/66.Spotify_ETL/venv/lib/python3.8/site-packages/airflow/example_dags/tutorial_etl_dag.py
[2021-06-06 06:39:17,506] {scheduler_job.py:633} INFO - Processing file /media/PythonProjects/66.Spotify_ETL/venv/lib/python3.8/site-packages/airflow/example_dags/tutorial_etl_dag.py for tasks to queue
[2021-06-06 06:39:17,506] {logging_mixin.py:104} INFO - [2021-06-06 06:39:17,506] {dagbag.py:487} INFO - Filling up the DagBag from /media/PythonProjects/66.Spotify_ETL/venv/lib/python3.8/site-packages/airflow/example_dags/tutorial_etl_dag.py
[2021-06-06 06:39:17,521] {scheduler_job.py:643} INFO - DAG(s) dict_keys(['tutorial_etl_dag']) retrieved from /media/PythonProjects/66.Spotify_ETL/venv/lib/python3.8/site-packages/airflow/example_dags/tutorial_etl_dag.py
[2021-06-06 06:39:17,541] {logging_mixin.py:104} INFO - [2021-06-06 06:39:17,540] {dag.py:1832} INFO - Sync 1 DAGs
[2021-06-06 06:39:17,553] {logging_mixin.py:104} INFO - [2021-06-06 06:39:17,553] {dag.py:2305} INFO - Setting next_dagrun for tutorial_etl_dag to None
[2021-06-06 06:39:17,583] {scheduler_job.py:190} INFO - Processing /media/PythonProjects/66.Spotify_ETL/venv/lib/python3.8/site-packages/airflow/example_dags/tutorial_etl_dag.py took 0.082 seconds
[2021-06-06 06:39:51,729] {scheduler_job.py:182} INFO - Started process (PID=3229) to work on /media/PythonProjects/66.Spotify_ETL/venv/lib/python3.8/site-packages/airflow/example_dags/tutorial_etl_dag.py
[2021-06-06 06:39:51,731] {scheduler_job.py:633} INFO - Processing file /media/PythonProjects/66.Spotify_ETL/venv/lib/python3.8/site-packages/airflow/example_dags/tutorial_etl_dag.py for tasks to queue
[2021-06-06 06:39:51,732] {logging_mixin.py:104} INFO - [2021-06-06 06:39:51,732] {dagbag.py:487} INFO - Filling up the DagBag from /media/PythonProjects/66.Spotify_ETL/venv/lib/python3.8/site-packages/airflow/example_dags/tutorial_etl_dag.py
[2021-06-06 06:39:51,747] {scheduler_job.py:643} INFO - DAG(s) dict_keys(['tutorial_etl_dag']) retrieved from /media/PythonProjects/66.Spotify_ETL/venv/lib/python3.8/site-packages/airflow/example_dags/tutorial_etl_dag.py
[2021-06-06 06:39:51,759] {logging_mixin.py:104} INFO - [2021-06-06 06:39:51,759] {dag.py:1832} INFO - Sync 1 DAGs
[2021-06-06 06:39:51,770] {logging_mixin.py:104} INFO - [2021-06-06 06:39:51,770] {dag.py:2305} INFO - Setting next_dagrun for tutorial_etl_dag to None
[2021-06-06 06:39:51,797] {scheduler_job.py:190} INFO - Processing /media/PythonProjects/66.Spotify_ETL/venv/lib/python3.8/site-packages/airflow/example_dags/tutorial_etl_dag.py took 0.071 seconds
[2021-06-06 06:40:25,872] {scheduler_job.py:182} INFO - Started process (PID=3284) to work on /media/PythonProjects/66.Spotify_ETL/venv/lib/python3.8/site-packages/airflow/example_dags/tutorial_etl_dag.py
[2021-06-06 06:40:25,873] {scheduler_job.py:633} INFO - Processing file /media/PythonProjects/66.Spotify_ETL/venv/lib/python3.8/site-packages/airflow/example_dags/tutorial_etl_dag.py for tasks to queue
[2021-06-06 06:40:25,874] {logging_mixin.py:104} INFO - [2021-06-06 06:40:25,874] {dagbag.py:487} INFO - Filling up the DagBag from /media/PythonProjects/66.Spotify_ETL/venv/lib/python3.8/site-packages/airflow/example_dags/tutorial_etl_dag.py
[2021-06-06 06:40:25,885] {scheduler_job.py:643} INFO - DAG(s) dict_keys(['tutorial_etl_dag']) retrieved from /media/PythonProjects/66.Spotify_ETL/venv/lib/python3.8/site-packages/airflow/example_dags/tutorial_etl_dag.py
[2021-06-06 06:40:25,899] {logging_mixin.py:104} INFO - [2021-06-06 06:40:25,899] {dag.py:1832} INFO - Sync 1 DAGs
[2021-06-06 06:40:25,910] {logging_mixin.py:104} INFO - [2021-06-06 06:40:25,910] {dag.py:2305} INFO - Setting next_dagrun for tutorial_etl_dag to None
[2021-06-06 06:40:25,929] {scheduler_job.py:190} INFO - Processing /media/PythonProjects/66.Spotify_ETL/venv/lib/python3.8/site-packages/airflow/example_dags/tutorial_etl_dag.py took 0.060 seconds
[2021-06-06 06:40:57,837] {scheduler_job.py:182} INFO - Started process (PID=3341) to work on /media/PythonProjects/66.Spotify_ETL/venv/lib/python3.8/site-packages/airflow/example_dags/tutorial_etl_dag.py
[2021-06-06 06:40:57,839] {scheduler_job.py:633} INFO - Processing file /media/PythonProjects/66.Spotify_ETL/venv/lib/python3.8/site-packages/airflow/example_dags/tutorial_etl_dag.py for tasks to queue
[2021-06-06 06:40:57,840] {logging_mixin.py:104} INFO - [2021-06-06 06:40:57,840] {dagbag.py:487} INFO - Filling up the DagBag from /media/PythonProjects/66.Spotify_ETL/venv/lib/python3.8/site-packages/airflow/example_dags/tutorial_etl_dag.py
[2021-06-06 06:40:57,854] {scheduler_job.py:643} INFO - DAG(s) dict_keys(['tutorial_etl_dag']) retrieved from /media/PythonProjects/66.Spotify_ETL/venv/lib/python3.8/site-packages/airflow/example_dags/tutorial_etl_dag.py
[2021-06-06 06:40:57,868] {logging_mixin.py:104} INFO - [2021-06-06 06:40:57,868] {dag.py:1832} INFO - Sync 1 DAGs
[2021-06-06 06:40:57,879] {logging_mixin.py:104} INFO - [2021-06-06 06:40:57,879] {dag.py:2305} INFO - Setting next_dagrun for tutorial_etl_dag to None
[2021-06-06 06:40:57,902] {scheduler_job.py:190} INFO - Processing /media/PythonProjects/66.Spotify_ETL/venv/lib/python3.8/site-packages/airflow/example_dags/tutorial_etl_dag.py took 0.073 seconds
[2021-06-06 06:41:30,910] {scheduler_job.py:182} INFO - Started process (PID=3400) to work on /media/PythonProjects/66.Spotify_ETL/venv/lib/python3.8/site-packages/airflow/example_dags/tutorial_etl_dag.py
[2021-06-06 06:41:30,911] {scheduler_job.py:633} INFO - Processing file /media/PythonProjects/66.Spotify_ETL/venv/lib/python3.8/site-packages/airflow/example_dags/tutorial_etl_dag.py for tasks to queue
[2021-06-06 06:41:30,912] {logging_mixin.py:104} INFO - [2021-06-06 06:41:30,912] {dagbag.py:487} INFO - Filling up the DagBag from /media/PythonProjects/66.Spotify_ETL/venv/lib/python3.8/site-packages/airflow/example_dags/tutorial_etl_dag.py
[2021-06-06 06:41:30,925] {scheduler_job.py:643} INFO - DAG(s) dict_keys(['tutorial_etl_dag']) retrieved from /media/PythonProjects/66.Spotify_ETL/venv/lib/python3.8/site-packages/airflow/example_dags/tutorial_etl_dag.py
[2021-06-06 06:41:30,938] {logging_mixin.py:104} INFO - [2021-06-06 06:41:30,938] {dag.py:1832} INFO - Sync 1 DAGs
[2021-06-06 06:41:30,948] {logging_mixin.py:104} INFO - [2021-06-06 06:41:30,948] {dag.py:2305} INFO - Setting next_dagrun for tutorial_etl_dag to None
[2021-06-06 06:41:30,968] {scheduler_job.py:190} INFO - Processing /media/PythonProjects/66.Spotify_ETL/venv/lib/python3.8/site-packages/airflow/example_dags/tutorial_etl_dag.py took 0.064 seconds
[2021-06-06 06:42:04,727] {scheduler_job.py:182} INFO - Started process (PID=3460) to work on /media/PythonProjects/66.Spotify_ETL/venv/lib/python3.8/site-packages/airflow/example_dags/tutorial_etl_dag.py
[2021-06-06 06:42:04,729] {scheduler_job.py:633} INFO - Processing file /media/PythonProjects/66.Spotify_ETL/venv/lib/python3.8/site-packages/airflow/example_dags/tutorial_etl_dag.py for tasks to queue
[2021-06-06 06:42:04,730] {logging_mixin.py:104} INFO - [2021-06-06 06:42:04,730] {dagbag.py:487} INFO - Filling up the DagBag from /media/PythonProjects/66.Spotify_ETL/venv/lib/python3.8/site-packages/airflow/example_dags/tutorial_etl_dag.py
[2021-06-06 06:42:04,744] {scheduler_job.py:643} INFO - DAG(s) dict_keys(['tutorial_etl_dag']) retrieved from /media/PythonProjects/66.Spotify_ETL/venv/lib/python3.8/site-packages/airflow/example_dags/tutorial_etl_dag.py
[2021-06-06 06:42:04,756] {logging_mixin.py:104} INFO - [2021-06-06 06:42:04,756] {dag.py:1832} INFO - Sync 1 DAGs
[2021-06-06 06:42:04,766] {logging_mixin.py:104} INFO - [2021-06-06 06:42:04,766] {dag.py:2305} INFO - Setting next_dagrun for tutorial_etl_dag to None
[2021-06-06 06:42:04,786] {scheduler_job.py:190} INFO - Processing /media/PythonProjects/66.Spotify_ETL/venv/lib/python3.8/site-packages/airflow/example_dags/tutorial_etl_dag.py took 0.065 seconds
[2021-06-06 06:42:37,273] {scheduler_job.py:182} INFO - Started process (PID=3517) to work on /media/PythonProjects/66.Spotify_ETL/venv/lib/python3.8/site-packages/airflow/example_dags/tutorial_etl_dag.py
[2021-06-06 06:42:37,274] {scheduler_job.py:633} INFO - Processing file /media/PythonProjects/66.Spotify_ETL/venv/lib/python3.8/site-packages/airflow/example_dags/tutorial_etl_dag.py for tasks to queue
[2021-06-06 06:42:37,275] {logging_mixin.py:104} INFO - [2021-06-06 06:42:37,275] {dagbag.py:487} INFO - Filling up the DagBag from /media/PythonProjects/66.Spotify_ETL/venv/lib/python3.8/site-packages/airflow/example_dags/tutorial_etl_dag.py
[2021-06-06 06:42:37,285] {scheduler_job.py:643} INFO - DAG(s) dict_keys(['tutorial_etl_dag']) retrieved from /media/PythonProjects/66.Spotify_ETL/venv/lib/python3.8/site-packages/airflow/example_dags/tutorial_etl_dag.py
[2021-06-06 06:42:37,297] {logging_mixin.py:104} INFO - [2021-06-06 06:42:37,297] {dag.py:1832} INFO - Sync 1 DAGs
[2021-06-06 06:42:37,307] {logging_mixin.py:104} INFO - [2021-06-06 06:42:37,307] {dag.py:2305} INFO - Setting next_dagrun for tutorial_etl_dag to None
[2021-06-06 06:42:37,327] {scheduler_job.py:190} INFO - Processing /media/PythonProjects/66.Spotify_ETL/venv/lib/python3.8/site-packages/airflow/example_dags/tutorial_etl_dag.py took 0.057 seconds
[2021-06-06 06:43:10,486] {scheduler_job.py:182} INFO - Started process (PID=3577) to work on /media/PythonProjects/66.Spotify_ETL/venv/lib/python3.8/site-packages/airflow/example_dags/tutorial_etl_dag.py
[2021-06-06 06:43:10,487] {scheduler_job.py:633} INFO - Processing file /media/PythonProjects/66.Spotify_ETL/venv/lib/python3.8/site-packages/airflow/example_dags/tutorial_etl_dag.py for tasks to queue
[2021-06-06 06:43:10,498] {logging_mixin.py:104} INFO - [2021-06-06 06:43:10,498] {dagbag.py:487} INFO - Filling up the DagBag from /media/PythonProjects/66.Spotify_ETL/venv/lib/python3.8/site-packages/airflow/example_dags/tutorial_etl_dag.py
[2021-06-06 06:43:10,523] {scheduler_job.py:643} INFO - DAG(s) dict_keys(['tutorial_etl_dag']) retrieved from /media/PythonProjects/66.Spotify_ETL/venv/lib/python3.8/site-packages/airflow/example_dags/tutorial_etl_dag.py
[2021-06-06 06:43:10,563] {logging_mixin.py:104} INFO - [2021-06-06 06:43:10,563] {dag.py:1832} INFO - Sync 1 DAGs
[2021-06-06 06:43:10,587] {logging_mixin.py:104} INFO - [2021-06-06 06:43:10,587] {dag.py:2305} INFO - Setting next_dagrun for tutorial_etl_dag to None
[2021-06-06 06:43:10,644] {scheduler_job.py:190} INFO - Processing /media/PythonProjects/66.Spotify_ETL/venv/lib/python3.8/site-packages/airflow/example_dags/tutorial_etl_dag.py took 0.162 seconds
[2021-06-06 06:43:42,762] {scheduler_job.py:182} INFO - Started process (PID=3634) to work on /media/PythonProjects/66.Spotify_ETL/venv/lib/python3.8/site-packages/airflow/example_dags/tutorial_etl_dag.py
[2021-06-06 06:43:42,765] {scheduler_job.py:633} INFO - Processing file /media/PythonProjects/66.Spotify_ETL/venv/lib/python3.8/site-packages/airflow/example_dags/tutorial_etl_dag.py for tasks to queue
[2021-06-06 06:43:42,766] {logging_mixin.py:104} INFO - [2021-06-06 06:43:42,766] {dagbag.py:487} INFO - Filling up the DagBag from /media/PythonProjects/66.Spotify_ETL/venv/lib/python3.8/site-packages/airflow/example_dags/tutorial_etl_dag.py
[2021-06-06 06:43:42,778] {scheduler_job.py:643} INFO - DAG(s) dict_keys(['tutorial_etl_dag']) retrieved from /media/PythonProjects/66.Spotify_ETL/venv/lib/python3.8/site-packages/airflow/example_dags/tutorial_etl_dag.py
[2021-06-06 06:43:42,791] {logging_mixin.py:104} INFO - [2021-06-06 06:43:42,791] {dag.py:1832} INFO - Sync 1 DAGs
[2021-06-06 06:43:42,801] {logging_mixin.py:104} INFO - [2021-06-06 06:43:42,801] {dag.py:2305} INFO - Setting next_dagrun for tutorial_etl_dag to None
[2021-06-06 06:43:42,824] {scheduler_job.py:190} INFO - Processing /media/PythonProjects/66.Spotify_ETL/venv/lib/python3.8/site-packages/airflow/example_dags/tutorial_etl_dag.py took 0.067 seconds
[2021-06-06 06:44:16,136] {scheduler_job.py:182} INFO - Started process (PID=3692) to work on /media/PythonProjects/66.Spotify_ETL/venv/lib/python3.8/site-packages/airflow/example_dags/tutorial_etl_dag.py
[2021-06-06 06:44:16,141] {scheduler_job.py:633} INFO - Processing file /media/PythonProjects/66.Spotify_ETL/venv/lib/python3.8/site-packages/airflow/example_dags/tutorial_etl_dag.py for tasks to queue
[2021-06-06 06:44:16,144] {logging_mixin.py:104} INFO - [2021-06-06 06:44:16,144] {dagbag.py:487} INFO - Filling up the DagBag from /media/PythonProjects/66.Spotify_ETL/venv/lib/python3.8/site-packages/airflow/example_dags/tutorial_etl_dag.py
[2021-06-06 06:44:16,160] {scheduler_job.py:643} INFO - DAG(s) dict_keys(['tutorial_etl_dag']) retrieved from /media/PythonProjects/66.Spotify_ETL/venv/lib/python3.8/site-packages/airflow/example_dags/tutorial_etl_dag.py
[2021-06-06 06:44:16,179] {logging_mixin.py:104} INFO - [2021-06-06 06:44:16,179] {dag.py:1832} INFO - Sync 1 DAGs
[2021-06-06 06:44:16,200] {logging_mixin.py:104} INFO - [2021-06-06 06:44:16,200] {dag.py:2305} INFO - Setting next_dagrun for tutorial_etl_dag to None
[2021-06-06 06:44:16,219] {scheduler_job.py:190} INFO - Processing /media/PythonProjects/66.Spotify_ETL/venv/lib/python3.8/site-packages/airflow/example_dags/tutorial_etl_dag.py took 0.087 seconds
[2021-06-06 06:44:52,230] {scheduler_job.py:182} INFO - Started process (PID=3751) to work on /media/PythonProjects/66.Spotify_ETL/venv/lib/python3.8/site-packages/airflow/example_dags/tutorial_etl_dag.py
[2021-06-06 06:44:52,232] {scheduler_job.py:633} INFO - Processing file /media/PythonProjects/66.Spotify_ETL/venv/lib/python3.8/site-packages/airflow/example_dags/tutorial_etl_dag.py for tasks to queue
[2021-06-06 06:44:52,233] {logging_mixin.py:104} INFO - [2021-06-06 06:44:52,233] {dagbag.py:487} INFO - Filling up the DagBag from /media/PythonProjects/66.Spotify_ETL/venv/lib/python3.8/site-packages/airflow/example_dags/tutorial_etl_dag.py
[2021-06-06 06:44:52,247] {scheduler_job.py:643} INFO - DAG(s) dict_keys(['tutorial_etl_dag']) retrieved from /media/PythonProjects/66.Spotify_ETL/venv/lib/python3.8/site-packages/airflow/example_dags/tutorial_etl_dag.py
[2021-06-06 06:44:52,261] {logging_mixin.py:104} INFO - [2021-06-06 06:44:52,261] {dag.py:1832} INFO - Sync 1 DAGs
[2021-06-06 06:44:52,272] {logging_mixin.py:104} INFO - [2021-06-06 06:44:52,272] {dag.py:2305} INFO - Setting next_dagrun for tutorial_etl_dag to None
[2021-06-06 06:44:52,292] {scheduler_job.py:190} INFO - Processing /media/PythonProjects/66.Spotify_ETL/venv/lib/python3.8/site-packages/airflow/example_dags/tutorial_etl_dag.py took 0.067 seconds
[2021-06-06 06:45:25,300] {scheduler_job.py:182} INFO - Started process (PID=3895) to work on /media/PythonProjects/66.Spotify_ETL/venv/lib/python3.8/site-packages/airflow/example_dags/tutorial_etl_dag.py
[2021-06-06 06:45:25,302] {scheduler_job.py:633} INFO - Processing file /media/PythonProjects/66.Spotify_ETL/venv/lib/python3.8/site-packages/airflow/example_dags/tutorial_etl_dag.py for tasks to queue
[2021-06-06 06:45:25,303] {logging_mixin.py:104} INFO - [2021-06-06 06:45:25,303] {dagbag.py:487} INFO - Filling up the DagBag from /media/PythonProjects/66.Spotify_ETL/venv/lib/python3.8/site-packages/airflow/example_dags/tutorial_etl_dag.py
[2021-06-06 06:45:25,316] {scheduler_job.py:643} INFO - DAG(s) dict_keys(['tutorial_etl_dag']) retrieved from /media/PythonProjects/66.Spotify_ETL/venv/lib/python3.8/site-packages/airflow/example_dags/tutorial_etl_dag.py
[2021-06-06 06:45:25,331] {logging_mixin.py:104} INFO - [2021-06-06 06:45:25,331] {dag.py:1832} INFO - Sync 1 DAGs
[2021-06-06 06:45:25,343] {logging_mixin.py:104} INFO - [2021-06-06 06:45:25,343] {dag.py:2305} INFO - Setting next_dagrun for tutorial_etl_dag to None
[2021-06-06 06:45:25,363] {scheduler_job.py:190} INFO - Processing /media/PythonProjects/66.Spotify_ETL/venv/lib/python3.8/site-packages/airflow/example_dags/tutorial_etl_dag.py took 0.068 seconds
[2021-06-06 06:45:58,816] {scheduler_job.py:182} INFO - Started process (PID=4110) to work on /media/PythonProjects/66.Spotify_ETL/venv/lib/python3.8/site-packages/airflow/example_dags/tutorial_etl_dag.py
[2021-06-06 06:45:58,818] {scheduler_job.py:633} INFO - Processing file /media/PythonProjects/66.Spotify_ETL/venv/lib/python3.8/site-packages/airflow/example_dags/tutorial_etl_dag.py for tasks to queue
[2021-06-06 06:45:58,819] {logging_mixin.py:104} INFO - [2021-06-06 06:45:58,819] {dagbag.py:487} INFO - Filling up the DagBag from /media/PythonProjects/66.Spotify_ETL/venv/lib/python3.8/site-packages/airflow/example_dags/tutorial_etl_dag.py
[2021-06-06 06:45:58,832] {scheduler_job.py:643} INFO - DAG(s) dict_keys(['tutorial_etl_dag']) retrieved from /media/PythonProjects/66.Spotify_ETL/venv/lib/python3.8/site-packages/airflow/example_dags/tutorial_etl_dag.py
[2021-06-06 06:45:58,847] {logging_mixin.py:104} INFO - [2021-06-06 06:45:58,847] {dag.py:1832} INFO - Sync 1 DAGs
[2021-06-06 06:45:58,857] {logging_mixin.py:104} INFO - [2021-06-06 06:45:58,857] {dag.py:2305} INFO - Setting next_dagrun for tutorial_etl_dag to None
[2021-06-06 06:45:58,877] {scheduler_job.py:190} INFO - Processing /media/PythonProjects/66.Spotify_ETL/venv/lib/python3.8/site-packages/airflow/example_dags/tutorial_etl_dag.py took 0.068 seconds
>>>>>>> a36d51d4f01a602def4b5ca237d9cd16ee6cc130
