[2021-06-06 06:32:07,387] {scheduler_job.py:182} INFO - Started process (PID=2390) to work on /media/PythonProjects/66.Spotify_ETL/venv/lib/python3.8/site-packages/airflow/example_dags/tutorial_taskflow_api_etl.py
[2021-06-06 06:32:07,389] {scheduler_job.py:633} INFO - Processing file /media/PythonProjects/66.Spotify_ETL/venv/lib/python3.8/site-packages/airflow/example_dags/tutorial_taskflow_api_etl.py for tasks to queue
[2021-06-06 06:32:07,390] {logging_mixin.py:104} INFO - [2021-06-06 06:32:07,390] {dagbag.py:487} INFO - Filling up the DagBag from /media/PythonProjects/66.Spotify_ETL/venv/lib/python3.8/site-packages/airflow/example_dags/tutorial_taskflow_api_etl.py
[2021-06-06 06:32:07,407] {scheduler_job.py:643} INFO - DAG(s) dict_keys(['tutorial_taskflow_api_etl']) retrieved from /media/PythonProjects/66.Spotify_ETL/venv/lib/python3.8/site-packages/airflow/example_dags/tutorial_taskflow_api_etl.py
[2021-06-06 06:32:07,692] {logging_mixin.py:104} INFO - [2021-06-06 06:32:07,692] {dag.py:1832} INFO - Sync 1 DAGs
[2021-06-06 06:32:07,703] {logging_mixin.py:104} INFO - [2021-06-06 06:32:07,703] {dag.py:2305} INFO - Setting next_dagrun for tutorial_taskflow_api_etl to None
[2021-06-06 06:32:07,726] {scheduler_job.py:190} INFO - Processing /media/PythonProjects/66.Spotify_ETL/venv/lib/python3.8/site-packages/airflow/example_dags/tutorial_taskflow_api_etl.py took 0.345 seconds
[2021-06-06 06:32:42,765] {scheduler_job.py:182} INFO - Started process (PID=2475) to work on /media/PythonProjects/66.Spotify_ETL/venv/lib/python3.8/site-packages/airflow/example_dags/tutorial_taskflow_api_etl.py
[2021-06-06 06:32:42,768] {scheduler_job.py:633} INFO - Processing file /media/PythonProjects/66.Spotify_ETL/venv/lib/python3.8/site-packages/airflow/example_dags/tutorial_taskflow_api_etl.py for tasks to queue
[2021-06-06 06:32:42,769] {logging_mixin.py:104} INFO - [2021-06-06 06:32:42,769] {dagbag.py:487} INFO - Filling up the DagBag from /media/PythonProjects/66.Spotify_ETL/venv/lib/python3.8/site-packages/airflow/example_dags/tutorial_taskflow_api_etl.py
[2021-06-06 06:32:42,792] {scheduler_job.py:643} INFO - DAG(s) dict_keys(['tutorial_taskflow_api_etl']) retrieved from /media/PythonProjects/66.Spotify_ETL/venv/lib/python3.8/site-packages/airflow/example_dags/tutorial_taskflow_api_etl.py
[2021-06-06 06:32:43,101] {logging_mixin.py:104} INFO - [2021-06-06 06:32:43,101] {dag.py:1832} INFO - Sync 1 DAGs
[2021-06-06 06:32:43,111] {logging_mixin.py:104} INFO - [2021-06-06 06:32:43,111] {dag.py:2305} INFO - Setting next_dagrun for tutorial_taskflow_api_etl to None
[2021-06-06 06:32:43,161] {scheduler_job.py:190} INFO - Processing /media/PythonProjects/66.Spotify_ETL/venv/lib/python3.8/site-packages/airflow/example_dags/tutorial_taskflow_api_etl.py took 0.402 seconds
[2021-06-06 06:33:19,089] {scheduler_job.py:182} INFO - Started process (PID=2534) to work on /media/PythonProjects/66.Spotify_ETL/venv/lib/python3.8/site-packages/airflow/example_dags/tutorial_taskflow_api_etl.py
[2021-06-06 06:33:19,090] {scheduler_job.py:633} INFO - Processing file /media/PythonProjects/66.Spotify_ETL/venv/lib/python3.8/site-packages/airflow/example_dags/tutorial_taskflow_api_etl.py for tasks to queue
[2021-06-06 06:33:19,091] {logging_mixin.py:104} INFO - [2021-06-06 06:33:19,091] {dagbag.py:487} INFO - Filling up the DagBag from /media/PythonProjects/66.Spotify_ETL/venv/lib/python3.8/site-packages/airflow/example_dags/tutorial_taskflow_api_etl.py
[2021-06-06 06:33:19,116] {scheduler_job.py:643} INFO - DAG(s) dict_keys(['tutorial_taskflow_api_etl']) retrieved from /media/PythonProjects/66.Spotify_ETL/venv/lib/python3.8/site-packages/airflow/example_dags/tutorial_taskflow_api_etl.py
[2021-06-06 06:33:19,373] {logging_mixin.py:104} INFO - [2021-06-06 06:33:19,373] {dag.py:1832} INFO - Sync 1 DAGs
[2021-06-06 06:33:19,381] {logging_mixin.py:104} INFO - [2021-06-06 06:33:19,381] {dag.py:2305} INFO - Setting next_dagrun for tutorial_taskflow_api_etl to None
[2021-06-06 06:33:19,403] {scheduler_job.py:190} INFO - Processing /media/PythonProjects/66.Spotify_ETL/venv/lib/python3.8/site-packages/airflow/example_dags/tutorial_taskflow_api_etl.py took 0.317 seconds
[2021-06-06 06:33:54,258] {scheduler_job.py:182} INFO - Started process (PID=2594) to work on /media/PythonProjects/66.Spotify_ETL/venv/lib/python3.8/site-packages/airflow/example_dags/tutorial_taskflow_api_etl.py
[2021-06-06 06:33:54,260] {scheduler_job.py:633} INFO - Processing file /media/PythonProjects/66.Spotify_ETL/venv/lib/python3.8/site-packages/airflow/example_dags/tutorial_taskflow_api_etl.py for tasks to queue
[2021-06-06 06:33:54,261] {logging_mixin.py:104} INFO - [2021-06-06 06:33:54,261] {dagbag.py:487} INFO - Filling up the DagBag from /media/PythonProjects/66.Spotify_ETL/venv/lib/python3.8/site-packages/airflow/example_dags/tutorial_taskflow_api_etl.py
[2021-06-06 06:33:54,282] {scheduler_job.py:643} INFO - DAG(s) dict_keys(['tutorial_taskflow_api_etl']) retrieved from /media/PythonProjects/66.Spotify_ETL/venv/lib/python3.8/site-packages/airflow/example_dags/tutorial_taskflow_api_etl.py
[2021-06-06 06:33:54,637] {logging_mixin.py:104} INFO - [2021-06-06 06:33:54,636] {dag.py:1832} INFO - Sync 1 DAGs
[2021-06-06 06:33:54,649] {logging_mixin.py:104} INFO - [2021-06-06 06:33:54,649] {dag.py:2305} INFO - Setting next_dagrun for tutorial_taskflow_api_etl to None
[2021-06-06 06:33:54,720] {scheduler_job.py:190} INFO - Processing /media/PythonProjects/66.Spotify_ETL/venv/lib/python3.8/site-packages/airflow/example_dags/tutorial_taskflow_api_etl.py took 0.464 seconds
[2021-06-06 06:34:30,221] {scheduler_job.py:182} INFO - Started process (PID=2654) to work on /media/PythonProjects/66.Spotify_ETL/venv/lib/python3.8/site-packages/airflow/example_dags/tutorial_taskflow_api_etl.py
[2021-06-06 06:34:30,227] {scheduler_job.py:633} INFO - Processing file /media/PythonProjects/66.Spotify_ETL/venv/lib/python3.8/site-packages/airflow/example_dags/tutorial_taskflow_api_etl.py for tasks to queue
[2021-06-06 06:34:30,228] {logging_mixin.py:104} INFO - [2021-06-06 06:34:30,228] {dagbag.py:487} INFO - Filling up the DagBag from /media/PythonProjects/66.Spotify_ETL/venv/lib/python3.8/site-packages/airflow/example_dags/tutorial_taskflow_api_etl.py
[2021-06-06 06:34:30,241] {scheduler_job.py:643} INFO - DAG(s) dict_keys(['tutorial_taskflow_api_etl']) retrieved from /media/PythonProjects/66.Spotify_ETL/venv/lib/python3.8/site-packages/airflow/example_dags/tutorial_taskflow_api_etl.py
[2021-06-06 06:34:30,461] {logging_mixin.py:104} INFO - [2021-06-06 06:34:30,461] {dag.py:1832} INFO - Sync 1 DAGs
[2021-06-06 06:34:30,470] {logging_mixin.py:104} INFO - [2021-06-06 06:34:30,470] {dag.py:2305} INFO - Setting next_dagrun for tutorial_taskflow_api_etl to None
[2021-06-06 06:34:30,490] {scheduler_job.py:190} INFO - Processing /media/PythonProjects/66.Spotify_ETL/venv/lib/python3.8/site-packages/airflow/example_dags/tutorial_taskflow_api_etl.py took 0.273 seconds
[2021-06-06 06:35:02,427] {scheduler_job.py:182} INFO - Started process (PID=2714) to work on /media/PythonProjects/66.Spotify_ETL/venv/lib/python3.8/site-packages/airflow/example_dags/tutorial_taskflow_api_etl.py
[2021-06-06 06:35:02,429] {scheduler_job.py:633} INFO - Processing file /media/PythonProjects/66.Spotify_ETL/venv/lib/python3.8/site-packages/airflow/example_dags/tutorial_taskflow_api_etl.py for tasks to queue
[2021-06-06 06:35:02,431] {logging_mixin.py:104} INFO - [2021-06-06 06:35:02,430] {dagbag.py:487} INFO - Filling up the DagBag from /media/PythonProjects/66.Spotify_ETL/venv/lib/python3.8/site-packages/airflow/example_dags/tutorial_taskflow_api_etl.py
[2021-06-06 06:35:02,446] {scheduler_job.py:643} INFO - DAG(s) dict_keys(['tutorial_taskflow_api_etl']) retrieved from /media/PythonProjects/66.Spotify_ETL/venv/lib/python3.8/site-packages/airflow/example_dags/tutorial_taskflow_api_etl.py
[2021-06-06 06:35:02,667] {logging_mixin.py:104} INFO - [2021-06-06 06:35:02,667] {dag.py:1832} INFO - Sync 1 DAGs
[2021-06-06 06:35:02,675] {logging_mixin.py:104} INFO - [2021-06-06 06:35:02,675] {dag.py:2305} INFO - Setting next_dagrun for tutorial_taskflow_api_etl to None
[2021-06-06 06:35:02,697] {scheduler_job.py:190} INFO - Processing /media/PythonProjects/66.Spotify_ETL/venv/lib/python3.8/site-packages/airflow/example_dags/tutorial_taskflow_api_etl.py took 0.276 seconds
[2021-06-06 06:35:34,199] {scheduler_job.py:182} INFO - Started process (PID=2774) to work on /media/PythonProjects/66.Spotify_ETL/venv/lib/python3.8/site-packages/airflow/example_dags/tutorial_taskflow_api_etl.py
[2021-06-06 06:35:34,200] {scheduler_job.py:633} INFO - Processing file /media/PythonProjects/66.Spotify_ETL/venv/lib/python3.8/site-packages/airflow/example_dags/tutorial_taskflow_api_etl.py for tasks to queue
[2021-06-06 06:35:34,201] {logging_mixin.py:104} INFO - [2021-06-06 06:35:34,201] {dagbag.py:487} INFO - Filling up the DagBag from /media/PythonProjects/66.Spotify_ETL/venv/lib/python3.8/site-packages/airflow/example_dags/tutorial_taskflow_api_etl.py
[2021-06-06 06:35:34,219] {scheduler_job.py:643} INFO - DAG(s) dict_keys(['tutorial_taskflow_api_etl']) retrieved from /media/PythonProjects/66.Spotify_ETL/venv/lib/python3.8/site-packages/airflow/example_dags/tutorial_taskflow_api_etl.py
[2021-06-06 06:35:34,528] {logging_mixin.py:104} INFO - [2021-06-06 06:35:34,528] {dag.py:1832} INFO - Sync 1 DAGs
[2021-06-06 06:35:34,540] {logging_mixin.py:104} INFO - [2021-06-06 06:35:34,540] {dag.py:2305} INFO - Setting next_dagrun for tutorial_taskflow_api_etl to None
[2021-06-06 06:35:34,562] {scheduler_job.py:190} INFO - Processing /media/PythonProjects/66.Spotify_ETL/venv/lib/python3.8/site-packages/airflow/example_dags/tutorial_taskflow_api_etl.py took 0.365 seconds
[2021-06-06 06:36:08,400] {scheduler_job.py:182} INFO - Started process (PID=2835) to work on /media/PythonProjects/66.Spotify_ETL/venv/lib/python3.8/site-packages/airflow/example_dags/tutorial_taskflow_api_etl.py
[2021-06-06 06:36:08,402] {scheduler_job.py:633} INFO - Processing file /media/PythonProjects/66.Spotify_ETL/venv/lib/python3.8/site-packages/airflow/example_dags/tutorial_taskflow_api_etl.py for tasks to queue
[2021-06-06 06:36:08,403] {logging_mixin.py:104} INFO - [2021-06-06 06:36:08,403] {dagbag.py:487} INFO - Filling up the DagBag from /media/PythonProjects/66.Spotify_ETL/venv/lib/python3.8/site-packages/airflow/example_dags/tutorial_taskflow_api_etl.py
[2021-06-06 06:36:08,419] {scheduler_job.py:643} INFO - DAG(s) dict_keys(['tutorial_taskflow_api_etl']) retrieved from /media/PythonProjects/66.Spotify_ETL/venv/lib/python3.8/site-packages/airflow/example_dags/tutorial_taskflow_api_etl.py
[2021-06-06 06:36:08,640] {logging_mixin.py:104} INFO - [2021-06-06 06:36:08,640] {dag.py:1832} INFO - Sync 1 DAGs
[2021-06-06 06:36:08,647] {logging_mixin.py:104} INFO - [2021-06-06 06:36:08,647] {dag.py:2305} INFO - Setting next_dagrun for tutorial_taskflow_api_etl to None
[2021-06-06 06:36:08,668] {scheduler_job.py:190} INFO - Processing /media/PythonProjects/66.Spotify_ETL/venv/lib/python3.8/site-packages/airflow/example_dags/tutorial_taskflow_api_etl.py took 0.273 seconds
[2021-06-06 06:36:40,921] {scheduler_job.py:182} INFO - Started process (PID=2894) to work on /media/PythonProjects/66.Spotify_ETL/venv/lib/python3.8/site-packages/airflow/example_dags/tutorial_taskflow_api_etl.py
[2021-06-06 06:36:40,923] {scheduler_job.py:633} INFO - Processing file /media/PythonProjects/66.Spotify_ETL/venv/lib/python3.8/site-packages/airflow/example_dags/tutorial_taskflow_api_etl.py for tasks to queue
[2021-06-06 06:36:40,924] {logging_mixin.py:104} INFO - [2021-06-06 06:36:40,924] {dagbag.py:487} INFO - Filling up the DagBag from /media/PythonProjects/66.Spotify_ETL/venv/lib/python3.8/site-packages/airflow/example_dags/tutorial_taskflow_api_etl.py
[2021-06-06 06:36:40,941] {scheduler_job.py:643} INFO - DAG(s) dict_keys(['tutorial_taskflow_api_etl']) retrieved from /media/PythonProjects/66.Spotify_ETL/venv/lib/python3.8/site-packages/airflow/example_dags/tutorial_taskflow_api_etl.py
[2021-06-06 06:36:41,180] {logging_mixin.py:104} INFO - [2021-06-06 06:36:41,180] {dag.py:1832} INFO - Sync 1 DAGs
[2021-06-06 06:36:41,189] {logging_mixin.py:104} INFO - [2021-06-06 06:36:41,189] {dag.py:2305} INFO - Setting next_dagrun for tutorial_taskflow_api_etl to None
[2021-06-06 06:36:41,213] {scheduler_job.py:190} INFO - Processing /media/PythonProjects/66.Spotify_ETL/venv/lib/python3.8/site-packages/airflow/example_dags/tutorial_taskflow_api_etl.py took 0.300 seconds
[2021-06-06 06:37:12,994] {scheduler_job.py:182} INFO - Started process (PID=2952) to work on /media/PythonProjects/66.Spotify_ETL/venv/lib/python3.8/site-packages/airflow/example_dags/tutorial_taskflow_api_etl.py
[2021-06-06 06:37:12,995] {scheduler_job.py:633} INFO - Processing file /media/PythonProjects/66.Spotify_ETL/venv/lib/python3.8/site-packages/airflow/example_dags/tutorial_taskflow_api_etl.py for tasks to queue
[2021-06-06 06:37:12,996] {logging_mixin.py:104} INFO - [2021-06-06 06:37:12,996] {dagbag.py:487} INFO - Filling up the DagBag from /media/PythonProjects/66.Spotify_ETL/venv/lib/python3.8/site-packages/airflow/example_dags/tutorial_taskflow_api_etl.py
[2021-06-06 06:37:13,012] {scheduler_job.py:643} INFO - DAG(s) dict_keys(['tutorial_taskflow_api_etl']) retrieved from /media/PythonProjects/66.Spotify_ETL/venv/lib/python3.8/site-packages/airflow/example_dags/tutorial_taskflow_api_etl.py
[2021-06-06 06:37:13,253] {logging_mixin.py:104} INFO - [2021-06-06 06:37:13,253] {dag.py:1832} INFO - Sync 1 DAGs
[2021-06-06 06:37:13,262] {logging_mixin.py:104} INFO - [2021-06-06 06:37:13,262] {dag.py:2305} INFO - Setting next_dagrun for tutorial_taskflow_api_etl to None
[2021-06-06 06:37:13,283] {scheduler_job.py:190} INFO - Processing /media/PythonProjects/66.Spotify_ETL/venv/lib/python3.8/site-packages/airflow/example_dags/tutorial_taskflow_api_etl.py took 0.292 seconds
[2021-06-06 06:37:43,917] {scheduler_job.py:182} INFO - Started process (PID=3006) to work on /media/PythonProjects/66.Spotify_ETL/venv/lib/python3.8/site-packages/airflow/example_dags/tutorial_taskflow_api_etl.py
[2021-06-06 06:37:43,919] {scheduler_job.py:633} INFO - Processing file /media/PythonProjects/66.Spotify_ETL/venv/lib/python3.8/site-packages/airflow/example_dags/tutorial_taskflow_api_etl.py for tasks to queue
[2021-06-06 06:37:43,920] {logging_mixin.py:104} INFO - [2021-06-06 06:37:43,920] {dagbag.py:487} INFO - Filling up the DagBag from /media/PythonProjects/66.Spotify_ETL/venv/lib/python3.8/site-packages/airflow/example_dags/tutorial_taskflow_api_etl.py
[2021-06-06 06:37:43,934] {scheduler_job.py:643} INFO - DAG(s) dict_keys(['tutorial_taskflow_api_etl']) retrieved from /media/PythonProjects/66.Spotify_ETL/venv/lib/python3.8/site-packages/airflow/example_dags/tutorial_taskflow_api_etl.py
[2021-06-06 06:37:44,166] {logging_mixin.py:104} INFO - [2021-06-06 06:37:44,166] {dag.py:1832} INFO - Sync 1 DAGs
[2021-06-06 06:37:44,174] {logging_mixin.py:104} INFO - [2021-06-06 06:37:44,174] {dag.py:2305} INFO - Setting next_dagrun for tutorial_taskflow_api_etl to None
[2021-06-06 06:37:44,193] {scheduler_job.py:190} INFO - Processing /media/PythonProjects/66.Spotify_ETL/venv/lib/python3.8/site-packages/airflow/example_dags/tutorial_taskflow_api_etl.py took 0.280 seconds
[2021-06-06 06:38:16,230] {scheduler_job.py:182} INFO - Started process (PID=3064) to work on /media/PythonProjects/66.Spotify_ETL/venv/lib/python3.8/site-packages/airflow/example_dags/tutorial_taskflow_api_etl.py
[2021-06-06 06:38:16,231] {scheduler_job.py:633} INFO - Processing file /media/PythonProjects/66.Spotify_ETL/venv/lib/python3.8/site-packages/airflow/example_dags/tutorial_taskflow_api_etl.py for tasks to queue
[2021-06-06 06:38:16,232] {logging_mixin.py:104} INFO - [2021-06-06 06:38:16,232] {dagbag.py:487} INFO - Filling up the DagBag from /media/PythonProjects/66.Spotify_ETL/venv/lib/python3.8/site-packages/airflow/example_dags/tutorial_taskflow_api_etl.py
[2021-06-06 06:38:16,249] {scheduler_job.py:643} INFO - DAG(s) dict_keys(['tutorial_taskflow_api_etl']) retrieved from /media/PythonProjects/66.Spotify_ETL/venv/lib/python3.8/site-packages/airflow/example_dags/tutorial_taskflow_api_etl.py
[2021-06-06 06:38:16,569] {logging_mixin.py:104} INFO - [2021-06-06 06:38:16,568] {dag.py:1832} INFO - Sync 1 DAGs
[2021-06-06 06:38:16,578] {logging_mixin.py:104} INFO - [2021-06-06 06:38:16,578] {dag.py:2305} INFO - Setting next_dagrun for tutorial_taskflow_api_etl to None
[2021-06-06 06:38:16,604] {scheduler_job.py:190} INFO - Processing /media/PythonProjects/66.Spotify_ETL/venv/lib/python3.8/site-packages/airflow/example_dags/tutorial_taskflow_api_etl.py took 0.377 seconds
[2021-06-06 06:38:49,251] {scheduler_job.py:182} INFO - Started process (PID=3122) to work on /media/PythonProjects/66.Spotify_ETL/venv/lib/python3.8/site-packages/airflow/example_dags/tutorial_taskflow_api_etl.py
[2021-06-06 06:38:49,253] {scheduler_job.py:633} INFO - Processing file /media/PythonProjects/66.Spotify_ETL/venv/lib/python3.8/site-packages/airflow/example_dags/tutorial_taskflow_api_etl.py for tasks to queue
[2021-06-06 06:38:49,254] {logging_mixin.py:104} INFO - [2021-06-06 06:38:49,254] {dagbag.py:487} INFO - Filling up the DagBag from /media/PythonProjects/66.Spotify_ETL/venv/lib/python3.8/site-packages/airflow/example_dags/tutorial_taskflow_api_etl.py
[2021-06-06 06:38:49,271] {scheduler_job.py:643} INFO - DAG(s) dict_keys(['tutorial_taskflow_api_etl']) retrieved from /media/PythonProjects/66.Spotify_ETL/venv/lib/python3.8/site-packages/airflow/example_dags/tutorial_taskflow_api_etl.py
[2021-06-06 06:38:49,534] {logging_mixin.py:104} INFO - [2021-06-06 06:38:49,534] {dag.py:1832} INFO - Sync 1 DAGs
[2021-06-06 06:38:49,542] {logging_mixin.py:104} INFO - [2021-06-06 06:38:49,542] {dag.py:2305} INFO - Setting next_dagrun for tutorial_taskflow_api_etl to None
[2021-06-06 06:38:49,567] {scheduler_job.py:190} INFO - Processing /media/PythonProjects/66.Spotify_ETL/venv/lib/python3.8/site-packages/airflow/example_dags/tutorial_taskflow_api_etl.py took 0.323 seconds
[2021-06-06 06:39:21,893] {scheduler_job.py:182} INFO - Started process (PID=3179) to work on /media/PythonProjects/66.Spotify_ETL/venv/lib/python3.8/site-packages/airflow/example_dags/tutorial_taskflow_api_etl.py
[2021-06-06 06:39:21,894] {scheduler_job.py:633} INFO - Processing file /media/PythonProjects/66.Spotify_ETL/venv/lib/python3.8/site-packages/airflow/example_dags/tutorial_taskflow_api_etl.py for tasks to queue
[2021-06-06 06:39:21,895] {logging_mixin.py:104} INFO - [2021-06-06 06:39:21,895] {dagbag.py:487} INFO - Filling up the DagBag from /media/PythonProjects/66.Spotify_ETL/venv/lib/python3.8/site-packages/airflow/example_dags/tutorial_taskflow_api_etl.py
[2021-06-06 06:39:21,910] {scheduler_job.py:643} INFO - DAG(s) dict_keys(['tutorial_taskflow_api_etl']) retrieved from /media/PythonProjects/66.Spotify_ETL/venv/lib/python3.8/site-packages/airflow/example_dags/tutorial_taskflow_api_etl.py
[2021-06-06 06:39:22,167] {logging_mixin.py:104} INFO - [2021-06-06 06:39:22,167] {dag.py:1832} INFO - Sync 1 DAGs
[2021-06-06 06:39:22,176] {logging_mixin.py:104} INFO - [2021-06-06 06:39:22,175] {dag.py:2305} INFO - Setting next_dagrun for tutorial_taskflow_api_etl to None
[2021-06-06 06:39:22,198] {scheduler_job.py:190} INFO - Processing /media/PythonProjects/66.Spotify_ETL/venv/lib/python3.8/site-packages/airflow/example_dags/tutorial_taskflow_api_etl.py took 0.310 seconds
[2021-06-06 06:39:57,039] {scheduler_job.py:182} INFO - Started process (PID=3238) to work on /media/PythonProjects/66.Spotify_ETL/venv/lib/python3.8/site-packages/airflow/example_dags/tutorial_taskflow_api_etl.py
[2021-06-06 06:39:57,044] {scheduler_job.py:633} INFO - Processing file /media/PythonProjects/66.Spotify_ETL/venv/lib/python3.8/site-packages/airflow/example_dags/tutorial_taskflow_api_etl.py for tasks to queue
[2021-06-06 06:39:57,046] {logging_mixin.py:104} INFO - [2021-06-06 06:39:57,046] {dagbag.py:487} INFO - Filling up the DagBag from /media/PythonProjects/66.Spotify_ETL/venv/lib/python3.8/site-packages/airflow/example_dags/tutorial_taskflow_api_etl.py
[2021-06-06 06:39:57,066] {scheduler_job.py:643} INFO - DAG(s) dict_keys(['tutorial_taskflow_api_etl']) retrieved from /media/PythonProjects/66.Spotify_ETL/venv/lib/python3.8/site-packages/airflow/example_dags/tutorial_taskflow_api_etl.py
[2021-06-06 06:39:57,342] {logging_mixin.py:104} INFO - [2021-06-06 06:39:57,342] {dag.py:1832} INFO - Sync 1 DAGs
[2021-06-06 06:39:57,351] {logging_mixin.py:104} INFO - [2021-06-06 06:39:57,351] {dag.py:2305} INFO - Setting next_dagrun for tutorial_taskflow_api_etl to None
[2021-06-06 06:39:57,372] {scheduler_job.py:190} INFO - Processing /media/PythonProjects/66.Spotify_ETL/venv/lib/python3.8/site-packages/airflow/example_dags/tutorial_taskflow_api_etl.py took 0.336 seconds
[2021-06-06 06:40:32,307] {scheduler_job.py:182} INFO - Started process (PID=3296) to work on /media/PythonProjects/66.Spotify_ETL/venv/lib/python3.8/site-packages/airflow/example_dags/tutorial_taskflow_api_etl.py
[2021-06-06 06:40:32,319] {scheduler_job.py:633} INFO - Processing file /media/PythonProjects/66.Spotify_ETL/venv/lib/python3.8/site-packages/airflow/example_dags/tutorial_taskflow_api_etl.py for tasks to queue
[2021-06-06 06:40:32,320] {logging_mixin.py:104} INFO - [2021-06-06 06:40:32,320] {dagbag.py:487} INFO - Filling up the DagBag from /media/PythonProjects/66.Spotify_ETL/venv/lib/python3.8/site-packages/airflow/example_dags/tutorial_taskflow_api_etl.py
[2021-06-06 06:40:32,356] {scheduler_job.py:643} INFO - DAG(s) dict_keys(['tutorial_taskflow_api_etl']) retrieved from /media/PythonProjects/66.Spotify_ETL/venv/lib/python3.8/site-packages/airflow/example_dags/tutorial_taskflow_api_etl.py
[2021-06-06 06:40:32,588] {logging_mixin.py:104} INFO - [2021-06-06 06:40:32,588] {dag.py:1832} INFO - Sync 1 DAGs
[2021-06-06 06:40:32,596] {logging_mixin.py:104} INFO - [2021-06-06 06:40:32,596] {dag.py:2305} INFO - Setting next_dagrun for tutorial_taskflow_api_etl to None
[2021-06-06 06:40:32,614] {scheduler_job.py:190} INFO - Processing /media/PythonProjects/66.Spotify_ETL/venv/lib/python3.8/site-packages/airflow/example_dags/tutorial_taskflow_api_etl.py took 0.311 seconds
[2021-06-06 06:41:04,842] {scheduler_job.py:182} INFO - Started process (PID=3355) to work on /media/PythonProjects/66.Spotify_ETL/venv/lib/python3.8/site-packages/airflow/example_dags/tutorial_taskflow_api_etl.py
[2021-06-06 06:41:04,844] {scheduler_job.py:633} INFO - Processing file /media/PythonProjects/66.Spotify_ETL/venv/lib/python3.8/site-packages/airflow/example_dags/tutorial_taskflow_api_etl.py for tasks to queue
[2021-06-06 06:41:04,845] {logging_mixin.py:104} INFO - [2021-06-06 06:41:04,845] {dagbag.py:487} INFO - Filling up the DagBag from /media/PythonProjects/66.Spotify_ETL/venv/lib/python3.8/site-packages/airflow/example_dags/tutorial_taskflow_api_etl.py
[2021-06-06 06:41:04,859] {scheduler_job.py:643} INFO - DAG(s) dict_keys(['tutorial_taskflow_api_etl']) retrieved from /media/PythonProjects/66.Spotify_ETL/venv/lib/python3.8/site-packages/airflow/example_dags/tutorial_taskflow_api_etl.py
[2021-06-06 06:41:05,100] {logging_mixin.py:104} INFO - [2021-06-06 06:41:05,100] {dag.py:1832} INFO - Sync 1 DAGs
[2021-06-06 06:41:05,108] {logging_mixin.py:104} INFO - [2021-06-06 06:41:05,108] {dag.py:2305} INFO - Setting next_dagrun for tutorial_taskflow_api_etl to None
[2021-06-06 06:41:05,129] {scheduler_job.py:190} INFO - Processing /media/PythonProjects/66.Spotify_ETL/venv/lib/python3.8/site-packages/airflow/example_dags/tutorial_taskflow_api_etl.py took 0.290 seconds
[2021-06-06 06:41:38,550] {scheduler_job.py:182} INFO - Started process (PID=3414) to work on /media/PythonProjects/66.Spotify_ETL/venv/lib/python3.8/site-packages/airflow/example_dags/tutorial_taskflow_api_etl.py
[2021-06-06 06:41:38,552] {scheduler_job.py:633} INFO - Processing file /media/PythonProjects/66.Spotify_ETL/venv/lib/python3.8/site-packages/airflow/example_dags/tutorial_taskflow_api_etl.py for tasks to queue
[2021-06-06 06:41:38,553] {logging_mixin.py:104} INFO - [2021-06-06 06:41:38,553] {dagbag.py:487} INFO - Filling up the DagBag from /media/PythonProjects/66.Spotify_ETL/venv/lib/python3.8/site-packages/airflow/example_dags/tutorial_taskflow_api_etl.py
[2021-06-06 06:41:38,569] {scheduler_job.py:643} INFO - DAG(s) dict_keys(['tutorial_taskflow_api_etl']) retrieved from /media/PythonProjects/66.Spotify_ETL/venv/lib/python3.8/site-packages/airflow/example_dags/tutorial_taskflow_api_etl.py
[2021-06-06 06:41:38,812] {logging_mixin.py:104} INFO - [2021-06-06 06:41:38,812] {dag.py:1832} INFO - Sync 1 DAGs
[2021-06-06 06:41:38,820] {logging_mixin.py:104} INFO - [2021-06-06 06:41:38,820] {dag.py:2305} INFO - Setting next_dagrun for tutorial_taskflow_api_etl to None
[2021-06-06 06:41:38,840] {scheduler_job.py:190} INFO - Processing /media/PythonProjects/66.Spotify_ETL/venv/lib/python3.8/site-packages/airflow/example_dags/tutorial_taskflow_api_etl.py took 0.296 seconds
[2021-06-06 06:42:11,131] {scheduler_job.py:182} INFO - Started process (PID=3471) to work on /media/PythonProjects/66.Spotify_ETL/venv/lib/python3.8/site-packages/airflow/example_dags/tutorial_taskflow_api_etl.py
[2021-06-06 06:42:11,132] {scheduler_job.py:633} INFO - Processing file /media/PythonProjects/66.Spotify_ETL/venv/lib/python3.8/site-packages/airflow/example_dags/tutorial_taskflow_api_etl.py for tasks to queue
[2021-06-06 06:42:11,133] {logging_mixin.py:104} INFO - [2021-06-06 06:42:11,133] {dagbag.py:487} INFO - Filling up the DagBag from /media/PythonProjects/66.Spotify_ETL/venv/lib/python3.8/site-packages/airflow/example_dags/tutorial_taskflow_api_etl.py
[2021-06-06 06:42:11,147] {scheduler_job.py:643} INFO - DAG(s) dict_keys(['tutorial_taskflow_api_etl']) retrieved from /media/PythonProjects/66.Spotify_ETL/venv/lib/python3.8/site-packages/airflow/example_dags/tutorial_taskflow_api_etl.py
[2021-06-06 06:42:11,385] {logging_mixin.py:104} INFO - [2021-06-06 06:42:11,385] {dag.py:1832} INFO - Sync 1 DAGs
[2021-06-06 06:42:11,394] {logging_mixin.py:104} INFO - [2021-06-06 06:42:11,394] {dag.py:2305} INFO - Setting next_dagrun for tutorial_taskflow_api_etl to None
[2021-06-06 06:42:11,431] {scheduler_job.py:190} INFO - Processing /media/PythonProjects/66.Spotify_ETL/venv/lib/python3.8/site-packages/airflow/example_dags/tutorial_taskflow_api_etl.py took 0.304 seconds
[2021-06-06 06:42:42,622] {scheduler_job.py:182} INFO - Started process (PID=3527) to work on /media/PythonProjects/66.Spotify_ETL/venv/lib/python3.8/site-packages/airflow/example_dags/tutorial_taskflow_api_etl.py
[2021-06-06 06:42:42,624] {scheduler_job.py:633} INFO - Processing file /media/PythonProjects/66.Spotify_ETL/venv/lib/python3.8/site-packages/airflow/example_dags/tutorial_taskflow_api_etl.py for tasks to queue
[2021-06-06 06:42:42,626] {logging_mixin.py:104} INFO - [2021-06-06 06:42:42,625] {dagbag.py:487} INFO - Filling up the DagBag from /media/PythonProjects/66.Spotify_ETL/venv/lib/python3.8/site-packages/airflow/example_dags/tutorial_taskflow_api_etl.py
[2021-06-06 06:42:42,644] {scheduler_job.py:643} INFO - DAG(s) dict_keys(['tutorial_taskflow_api_etl']) retrieved from /media/PythonProjects/66.Spotify_ETL/venv/lib/python3.8/site-packages/airflow/example_dags/tutorial_taskflow_api_etl.py
[2021-06-06 06:42:42,888] {logging_mixin.py:104} INFO - [2021-06-06 06:42:42,888] {dag.py:1832} INFO - Sync 1 DAGs
[2021-06-06 06:42:42,896] {logging_mixin.py:104} INFO - [2021-06-06 06:42:42,896] {dag.py:2305} INFO - Setting next_dagrun for tutorial_taskflow_api_etl to None
[2021-06-06 06:42:42,918] {scheduler_job.py:190} INFO - Processing /media/PythonProjects/66.Spotify_ETL/venv/lib/python3.8/site-packages/airflow/example_dags/tutorial_taskflow_api_etl.py took 0.303 seconds
[2021-06-06 06:43:15,643] {scheduler_job.py:182} INFO - Started process (PID=3587) to work on /media/PythonProjects/66.Spotify_ETL/venv/lib/python3.8/site-packages/airflow/example_dags/tutorial_taskflow_api_etl.py
[2021-06-06 06:43:15,645] {scheduler_job.py:633} INFO - Processing file /media/PythonProjects/66.Spotify_ETL/venv/lib/python3.8/site-packages/airflow/example_dags/tutorial_taskflow_api_etl.py for tasks to queue
[2021-06-06 06:43:15,645] {logging_mixin.py:104} INFO - [2021-06-06 06:43:15,645] {dagbag.py:487} INFO - Filling up the DagBag from /media/PythonProjects/66.Spotify_ETL/venv/lib/python3.8/site-packages/airflow/example_dags/tutorial_taskflow_api_etl.py
[2021-06-06 06:43:15,663] {scheduler_job.py:643} INFO - DAG(s) dict_keys(['tutorial_taskflow_api_etl']) retrieved from /media/PythonProjects/66.Spotify_ETL/venv/lib/python3.8/site-packages/airflow/example_dags/tutorial_taskflow_api_etl.py
[2021-06-06 06:43:15,903] {logging_mixin.py:104} INFO - [2021-06-06 06:43:15,903] {dag.py:1832} INFO - Sync 1 DAGs
[2021-06-06 06:43:15,912] {logging_mixin.py:104} INFO - [2021-06-06 06:43:15,911] {dag.py:2305} INFO - Setting next_dagrun for tutorial_taskflow_api_etl to None
[2021-06-06 06:43:15,931] {scheduler_job.py:190} INFO - Processing /media/PythonProjects/66.Spotify_ETL/venv/lib/python3.8/site-packages/airflow/example_dags/tutorial_taskflow_api_etl.py took 0.290 seconds
[2021-06-06 06:43:48,019] {scheduler_job.py:182} INFO - Started process (PID=3644) to work on /media/PythonProjects/66.Spotify_ETL/venv/lib/python3.8/site-packages/airflow/example_dags/tutorial_taskflow_api_etl.py
[2021-06-06 06:43:48,020] {scheduler_job.py:633} INFO - Processing file /media/PythonProjects/66.Spotify_ETL/venv/lib/python3.8/site-packages/airflow/example_dags/tutorial_taskflow_api_etl.py for tasks to queue
[2021-06-06 06:43:48,021] {logging_mixin.py:104} INFO - [2021-06-06 06:43:48,021] {dagbag.py:487} INFO - Filling up the DagBag from /media/PythonProjects/66.Spotify_ETL/venv/lib/python3.8/site-packages/airflow/example_dags/tutorial_taskflow_api_etl.py
[2021-06-06 06:43:48,039] {scheduler_job.py:643} INFO - DAG(s) dict_keys(['tutorial_taskflow_api_etl']) retrieved from /media/PythonProjects/66.Spotify_ETL/venv/lib/python3.8/site-packages/airflow/example_dags/tutorial_taskflow_api_etl.py
[2021-06-06 06:43:48,275] {logging_mixin.py:104} INFO - [2021-06-06 06:43:48,275] {dag.py:1832} INFO - Sync 1 DAGs
[2021-06-06 06:43:48,283] {logging_mixin.py:104} INFO - [2021-06-06 06:43:48,283] {dag.py:2305} INFO - Setting next_dagrun for tutorial_taskflow_api_etl to None
[2021-06-06 06:43:48,303] {scheduler_job.py:190} INFO - Processing /media/PythonProjects/66.Spotify_ETL/venv/lib/python3.8/site-packages/airflow/example_dags/tutorial_taskflow_api_etl.py took 0.290 seconds
[2021-06-06 06:44:20,509] {scheduler_job.py:182} INFO - Started process (PID=3701) to work on /media/PythonProjects/66.Spotify_ETL/venv/lib/python3.8/site-packages/airflow/example_dags/tutorial_taskflow_api_etl.py
[2021-06-06 06:44:20,513] {scheduler_job.py:633} INFO - Processing file /media/PythonProjects/66.Spotify_ETL/venv/lib/python3.8/site-packages/airflow/example_dags/tutorial_taskflow_api_etl.py for tasks to queue
[2021-06-06 06:44:20,514] {logging_mixin.py:104} INFO - [2021-06-06 06:44:20,514] {dagbag.py:487} INFO - Filling up the DagBag from /media/PythonProjects/66.Spotify_ETL/venv/lib/python3.8/site-packages/airflow/example_dags/tutorial_taskflow_api_etl.py
[2021-06-06 06:44:20,529] {scheduler_job.py:643} INFO - DAG(s) dict_keys(['tutorial_taskflow_api_etl']) retrieved from /media/PythonProjects/66.Spotify_ETL/venv/lib/python3.8/site-packages/airflow/example_dags/tutorial_taskflow_api_etl.py
[2021-06-06 06:44:20,762] {logging_mixin.py:104} INFO - [2021-06-06 06:44:20,762] {dag.py:1832} INFO - Sync 1 DAGs
[2021-06-06 06:44:20,770] {logging_mixin.py:104} INFO - [2021-06-06 06:44:20,770] {dag.py:2305} INFO - Setting next_dagrun for tutorial_taskflow_api_etl to None
[2021-06-06 06:44:20,794] {scheduler_job.py:190} INFO - Processing /media/PythonProjects/66.Spotify_ETL/venv/lib/python3.8/site-packages/airflow/example_dags/tutorial_taskflow_api_etl.py took 0.291 seconds
[2021-06-06 06:44:57,744] {scheduler_job.py:182} INFO - Started process (PID=3761) to work on /media/PythonProjects/66.Spotify_ETL/venv/lib/python3.8/site-packages/airflow/example_dags/tutorial_taskflow_api_etl.py
[2021-06-06 06:44:57,746] {scheduler_job.py:633} INFO - Processing file /media/PythonProjects/66.Spotify_ETL/venv/lib/python3.8/site-packages/airflow/example_dags/tutorial_taskflow_api_etl.py for tasks to queue
[2021-06-06 06:44:57,747] {logging_mixin.py:104} INFO - [2021-06-06 06:44:57,747] {dagbag.py:487} INFO - Filling up the DagBag from /media/PythonProjects/66.Spotify_ETL/venv/lib/python3.8/site-packages/airflow/example_dags/tutorial_taskflow_api_etl.py
[2021-06-06 06:44:57,764] {scheduler_job.py:643} INFO - DAG(s) dict_keys(['tutorial_taskflow_api_etl']) retrieved from /media/PythonProjects/66.Spotify_ETL/venv/lib/python3.8/site-packages/airflow/example_dags/tutorial_taskflow_api_etl.py
[2021-06-06 06:44:58,011] {logging_mixin.py:104} INFO - [2021-06-06 06:44:58,011] {dag.py:1832} INFO - Sync 1 DAGs
[2021-06-06 06:44:58,019] {logging_mixin.py:104} INFO - [2021-06-06 06:44:58,019] {dag.py:2305} INFO - Setting next_dagrun for tutorial_taskflow_api_etl to None
[2021-06-06 06:44:58,046] {scheduler_job.py:190} INFO - Processing /media/PythonProjects/66.Spotify_ETL/venv/lib/python3.8/site-packages/airflow/example_dags/tutorial_taskflow_api_etl.py took 0.308 seconds
[2021-06-06 06:45:29,880] {scheduler_job.py:182} INFO - Started process (PID=3929) to work on /media/PythonProjects/66.Spotify_ETL/venv/lib/python3.8/site-packages/airflow/example_dags/tutorial_taskflow_api_etl.py
[2021-06-06 06:45:29,882] {scheduler_job.py:633} INFO - Processing file /media/PythonProjects/66.Spotify_ETL/venv/lib/python3.8/site-packages/airflow/example_dags/tutorial_taskflow_api_etl.py for tasks to queue
[2021-06-06 06:45:29,883] {logging_mixin.py:104} INFO - [2021-06-06 06:45:29,883] {dagbag.py:487} INFO - Filling up the DagBag from /media/PythonProjects/66.Spotify_ETL/venv/lib/python3.8/site-packages/airflow/example_dags/tutorial_taskflow_api_etl.py
[2021-06-06 06:45:29,900] {scheduler_job.py:643} INFO - DAG(s) dict_keys(['tutorial_taskflow_api_etl']) retrieved from /media/PythonProjects/66.Spotify_ETL/venv/lib/python3.8/site-packages/airflow/example_dags/tutorial_taskflow_api_etl.py
[2021-06-06 06:45:30,147] {logging_mixin.py:104} INFO - [2021-06-06 06:45:30,147] {dag.py:1832} INFO - Sync 1 DAGs
[2021-06-06 06:45:30,155] {logging_mixin.py:104} INFO - [2021-06-06 06:45:30,155] {dag.py:2305} INFO - Setting next_dagrun for tutorial_taskflow_api_etl to None
[2021-06-06 06:45:30,175] {scheduler_job.py:190} INFO - Processing /media/PythonProjects/66.Spotify_ETL/venv/lib/python3.8/site-packages/airflow/example_dags/tutorial_taskflow_api_etl.py took 0.300 seconds
[2021-06-06 06:46:02,950] {scheduler_job.py:182} INFO - Started process (PID=4206) to work on /media/PythonProjects/66.Spotify_ETL/venv/lib/python3.8/site-packages/airflow/example_dags/tutorial_taskflow_api_etl.py
[2021-06-06 06:46:02,952] {scheduler_job.py:633} INFO - Processing file /media/PythonProjects/66.Spotify_ETL/venv/lib/python3.8/site-packages/airflow/example_dags/tutorial_taskflow_api_etl.py for tasks to queue
[2021-06-06 06:46:02,953] {logging_mixin.py:104} INFO - [2021-06-06 06:46:02,952] {dagbag.py:487} INFO - Filling up the DagBag from /media/PythonProjects/66.Spotify_ETL/venv/lib/python3.8/site-packages/airflow/example_dags/tutorial_taskflow_api_etl.py
[2021-06-06 06:46:02,968] {scheduler_job.py:643} INFO - DAG(s) dict_keys(['tutorial_taskflow_api_etl']) retrieved from /media/PythonProjects/66.Spotify_ETL/venv/lib/python3.8/site-packages/airflow/example_dags/tutorial_taskflow_api_etl.py
[2021-06-06 06:46:03,229] {logging_mixin.py:104} INFO - [2021-06-06 06:46:03,229] {dag.py:1832} INFO - Sync 1 DAGs
[2021-06-06 06:46:03,238] {logging_mixin.py:104} INFO - [2021-06-06 06:46:03,238] {dag.py:2305} INFO - Setting next_dagrun for tutorial_taskflow_api_etl to None
[2021-06-06 06:46:03,262] {scheduler_job.py:190} INFO - Processing /media/PythonProjects/66.Spotify_ETL/venv/lib/python3.8/site-packages/airflow/example_dags/tutorial_taskflow_api_etl.py took 0.315 seconds
