<<<<<<< HEAD
[2021-06-06 06:32:08,834] {scheduler_job.py:182} INFO - Started process (PID=2392) to work on /media/PythonProjects/66.Spotify_ETL/venv/lib/python3.8/site-packages/airflow/example_dags/tutorial.py
[2021-06-06 06:32:08,838] {scheduler_job.py:633} INFO - Processing file /media/PythonProjects/66.Spotify_ETL/venv/lib/python3.8/site-packages/airflow/example_dags/tutorial.py for tasks to queue
[2021-06-06 06:32:08,839] {logging_mixin.py:104} INFO - [2021-06-06 06:32:08,839] {dagbag.py:487} INFO - Filling up the DagBag from /media/PythonProjects/66.Spotify_ETL/venv/lib/python3.8/site-packages/airflow/example_dags/tutorial.py
[2021-06-06 06:32:08,858] {scheduler_job.py:643} INFO - DAG(s) dict_keys(['tutorial']) retrieved from /media/PythonProjects/66.Spotify_ETL/venv/lib/python3.8/site-packages/airflow/example_dags/tutorial.py
[2021-06-06 06:32:08,872] {logging_mixin.py:104} INFO - [2021-06-06 06:32:08,872] {dag.py:1832} INFO - Sync 1 DAGs
[2021-06-06 06:32:08,884] {logging_mixin.py:104} INFO - [2021-06-06 06:32:08,883] {dag.py:2305} INFO - Setting next_dagrun for tutorial to 2021-06-04 00:00:00+00:00
[2021-06-06 06:32:08,914] {scheduler_job.py:190} INFO - Processing /media/PythonProjects/66.Spotify_ETL/venv/lib/python3.8/site-packages/airflow/example_dags/tutorial.py took 0.087 seconds
[2021-06-06 06:32:44,326] {scheduler_job.py:182} INFO - Started process (PID=2477) to work on /media/PythonProjects/66.Spotify_ETL/venv/lib/python3.8/site-packages/airflow/example_dags/tutorial.py
[2021-06-06 06:32:44,329] {scheduler_job.py:633} INFO - Processing file /media/PythonProjects/66.Spotify_ETL/venv/lib/python3.8/site-packages/airflow/example_dags/tutorial.py for tasks to queue
[2021-06-06 06:32:44,331] {logging_mixin.py:104} INFO - [2021-06-06 06:32:44,330] {dagbag.py:487} INFO - Filling up the DagBag from /media/PythonProjects/66.Spotify_ETL/venv/lib/python3.8/site-packages/airflow/example_dags/tutorial.py
[2021-06-06 06:32:44,349] {scheduler_job.py:643} INFO - DAG(s) dict_keys(['tutorial']) retrieved from /media/PythonProjects/66.Spotify_ETL/venv/lib/python3.8/site-packages/airflow/example_dags/tutorial.py
[2021-06-06 06:32:44,364] {logging_mixin.py:104} INFO - [2021-06-06 06:32:44,364] {dag.py:1832} INFO - Sync 1 DAGs
[2021-06-06 06:32:44,378] {logging_mixin.py:104} INFO - [2021-06-06 06:32:44,378] {dag.py:2305} INFO - Setting next_dagrun for tutorial to 2021-06-04 00:00:00+00:00
[2021-06-06 06:32:44,418] {scheduler_job.py:190} INFO - Processing /media/PythonProjects/66.Spotify_ETL/venv/lib/python3.8/site-packages/airflow/example_dags/tutorial.py took 0.101 seconds
[2021-06-06 06:33:20,536] {scheduler_job.py:182} INFO - Started process (PID=2536) to work on /media/PythonProjects/66.Spotify_ETL/venv/lib/python3.8/site-packages/airflow/example_dags/tutorial.py
[2021-06-06 06:33:20,537] {scheduler_job.py:633} INFO - Processing file /media/PythonProjects/66.Spotify_ETL/venv/lib/python3.8/site-packages/airflow/example_dags/tutorial.py for tasks to queue
[2021-06-06 06:33:20,538] {logging_mixin.py:104} INFO - [2021-06-06 06:33:20,538] {dagbag.py:487} INFO - Filling up the DagBag from /media/PythonProjects/66.Spotify_ETL/venv/lib/python3.8/site-packages/airflow/example_dags/tutorial.py
[2021-06-06 06:33:20,556] {scheduler_job.py:643} INFO - DAG(s) dict_keys(['tutorial']) retrieved from /media/PythonProjects/66.Spotify_ETL/venv/lib/python3.8/site-packages/airflow/example_dags/tutorial.py
[2021-06-06 06:33:20,573] {logging_mixin.py:104} INFO - [2021-06-06 06:33:20,573] {dag.py:1832} INFO - Sync 1 DAGs
[2021-06-06 06:33:20,587] {logging_mixin.py:104} INFO - [2021-06-06 06:33:20,586] {dag.py:2305} INFO - Setting next_dagrun for tutorial to 2021-06-04 00:00:00+00:00
[2021-06-06 06:33:20,626] {scheduler_job.py:190} INFO - Processing /media/PythonProjects/66.Spotify_ETL/venv/lib/python3.8/site-packages/airflow/example_dags/tutorial.py took 0.096 seconds
[2021-06-06 06:33:55,404] {scheduler_job.py:182} INFO - Started process (PID=2596) to work on /media/PythonProjects/66.Spotify_ETL/venv/lib/python3.8/site-packages/airflow/example_dags/tutorial.py
[2021-06-06 06:33:55,406] {scheduler_job.py:633} INFO - Processing file /media/PythonProjects/66.Spotify_ETL/venv/lib/python3.8/site-packages/airflow/example_dags/tutorial.py for tasks to queue
[2021-06-06 06:33:55,407] {logging_mixin.py:104} INFO - [2021-06-06 06:33:55,407] {dagbag.py:487} INFO - Filling up the DagBag from /media/PythonProjects/66.Spotify_ETL/venv/lib/python3.8/site-packages/airflow/example_dags/tutorial.py
[2021-06-06 06:33:55,442] {scheduler_job.py:643} INFO - DAG(s) dict_keys(['tutorial']) retrieved from /media/PythonProjects/66.Spotify_ETL/venv/lib/python3.8/site-packages/airflow/example_dags/tutorial.py
[2021-06-06 06:33:55,468] {logging_mixin.py:104} INFO - [2021-06-06 06:33:55,468] {dag.py:1832} INFO - Sync 1 DAGs
[2021-06-06 06:33:55,496] {logging_mixin.py:104} INFO - [2021-06-06 06:33:55,496] {dag.py:2305} INFO - Setting next_dagrun for tutorial to 2021-06-04 00:00:00+00:00
[2021-06-06 06:33:55,536] {scheduler_job.py:190} INFO - Processing /media/PythonProjects/66.Spotify_ETL/venv/lib/python3.8/site-packages/airflow/example_dags/tutorial.py took 0.145 seconds
[2021-06-06 06:34:31,576] {scheduler_job.py:182} INFO - Started process (PID=2656) to work on /media/PythonProjects/66.Spotify_ETL/venv/lib/python3.8/site-packages/airflow/example_dags/tutorial.py
[2021-06-06 06:34:31,577] {scheduler_job.py:633} INFO - Processing file /media/PythonProjects/66.Spotify_ETL/venv/lib/python3.8/site-packages/airflow/example_dags/tutorial.py for tasks to queue
[2021-06-06 06:34:31,577] {logging_mixin.py:104} INFO - [2021-06-06 06:34:31,577] {dagbag.py:487} INFO - Filling up the DagBag from /media/PythonProjects/66.Spotify_ETL/venv/lib/python3.8/site-packages/airflow/example_dags/tutorial.py
[2021-06-06 06:34:31,588] {scheduler_job.py:643} INFO - DAG(s) dict_keys(['tutorial']) retrieved from /media/PythonProjects/66.Spotify_ETL/venv/lib/python3.8/site-packages/airflow/example_dags/tutorial.py
[2021-06-06 06:34:31,599] {logging_mixin.py:104} INFO - [2021-06-06 06:34:31,599] {dag.py:1832} INFO - Sync 1 DAGs
[2021-06-06 06:34:31,609] {logging_mixin.py:104} INFO - [2021-06-06 06:34:31,609] {dag.py:2305} INFO - Setting next_dagrun for tutorial to 2021-06-04 00:00:00+00:00
[2021-06-06 06:34:31,629] {scheduler_job.py:190} INFO - Processing /media/PythonProjects/66.Spotify_ETL/venv/lib/python3.8/site-packages/airflow/example_dags/tutorial.py took 0.057 seconds
[2021-06-06 06:35:03,014] {scheduler_job.py:182} INFO - Started process (PID=2715) to work on /media/PythonProjects/66.Spotify_ETL/venv/lib/python3.8/site-packages/airflow/example_dags/tutorial.py
[2021-06-06 06:35:03,016] {scheduler_job.py:633} INFO - Processing file /media/PythonProjects/66.Spotify_ETL/venv/lib/python3.8/site-packages/airflow/example_dags/tutorial.py for tasks to queue
[2021-06-06 06:35:03,017] {logging_mixin.py:104} INFO - [2021-06-06 06:35:03,017] {dagbag.py:487} INFO - Filling up the DagBag from /media/PythonProjects/66.Spotify_ETL/venv/lib/python3.8/site-packages/airflow/example_dags/tutorial.py
[2021-06-06 06:35:03,034] {scheduler_job.py:643} INFO - DAG(s) dict_keys(['tutorial']) retrieved from /media/PythonProjects/66.Spotify_ETL/venv/lib/python3.8/site-packages/airflow/example_dags/tutorial.py
[2021-06-06 06:35:03,047] {logging_mixin.py:104} INFO - [2021-06-06 06:35:03,046] {dag.py:1832} INFO - Sync 1 DAGs
[2021-06-06 06:35:03,056] {logging_mixin.py:104} INFO - [2021-06-06 06:35:03,056] {dag.py:2305} INFO - Setting next_dagrun for tutorial to 2021-06-04 00:00:00+00:00
[2021-06-06 06:35:03,075] {scheduler_job.py:190} INFO - Processing /media/PythonProjects/66.Spotify_ETL/venv/lib/python3.8/site-packages/airflow/example_dags/tutorial.py took 0.065 seconds
[2021-06-06 06:35:35,647] {scheduler_job.py:182} INFO - Started process (PID=2776) to work on /media/PythonProjects/66.Spotify_ETL/venv/lib/python3.8/site-packages/airflow/example_dags/tutorial.py
[2021-06-06 06:35:35,648] {scheduler_job.py:633} INFO - Processing file /media/PythonProjects/66.Spotify_ETL/venv/lib/python3.8/site-packages/airflow/example_dags/tutorial.py for tasks to queue
[2021-06-06 06:35:35,649] {logging_mixin.py:104} INFO - [2021-06-06 06:35:35,649] {dagbag.py:487} INFO - Filling up the DagBag from /media/PythonProjects/66.Spotify_ETL/venv/lib/python3.8/site-packages/airflow/example_dags/tutorial.py
[2021-06-06 06:35:35,660] {scheduler_job.py:643} INFO - DAG(s) dict_keys(['tutorial']) retrieved from /media/PythonProjects/66.Spotify_ETL/venv/lib/python3.8/site-packages/airflow/example_dags/tutorial.py
[2021-06-06 06:35:35,673] {logging_mixin.py:104} INFO - [2021-06-06 06:35:35,673] {dag.py:1832} INFO - Sync 1 DAGs
[2021-06-06 06:35:35,684] {logging_mixin.py:104} INFO - [2021-06-06 06:35:35,683] {dag.py:2305} INFO - Setting next_dagrun for tutorial to 2021-06-04 00:00:00+00:00
[2021-06-06 06:35:35,704] {scheduler_job.py:190} INFO - Processing /media/PythonProjects/66.Spotify_ETL/venv/lib/python3.8/site-packages/airflow/example_dags/tutorial.py took 0.059 seconds
[2021-06-06 06:36:09,737] {scheduler_job.py:182} INFO - Started process (PID=2837) to work on /media/PythonProjects/66.Spotify_ETL/venv/lib/python3.8/site-packages/airflow/example_dags/tutorial.py
[2021-06-06 06:36:09,740] {scheduler_job.py:633} INFO - Processing file /media/PythonProjects/66.Spotify_ETL/venv/lib/python3.8/site-packages/airflow/example_dags/tutorial.py for tasks to queue
[2021-06-06 06:36:09,741] {logging_mixin.py:104} INFO - [2021-06-06 06:36:09,741] {dagbag.py:487} INFO - Filling up the DagBag from /media/PythonProjects/66.Spotify_ETL/venv/lib/python3.8/site-packages/airflow/example_dags/tutorial.py
[2021-06-06 06:36:09,755] {scheduler_job.py:643} INFO - DAG(s) dict_keys(['tutorial']) retrieved from /media/PythonProjects/66.Spotify_ETL/venv/lib/python3.8/site-packages/airflow/example_dags/tutorial.py
[2021-06-06 06:36:09,767] {logging_mixin.py:104} INFO - [2021-06-06 06:36:09,767] {dag.py:1832} INFO - Sync 1 DAGs
[2021-06-06 06:36:09,776] {logging_mixin.py:104} INFO - [2021-06-06 06:36:09,776] {dag.py:2305} INFO - Setting next_dagrun for tutorial to 2021-06-04 00:00:00+00:00
[2021-06-06 06:36:09,794] {scheduler_job.py:190} INFO - Processing /media/PythonProjects/66.Spotify_ETL/venv/lib/python3.8/site-packages/airflow/example_dags/tutorial.py took 0.063 seconds
[2021-06-06 06:36:42,363] {scheduler_job.py:182} INFO - Started process (PID=2896) to work on /media/PythonProjects/66.Spotify_ETL/venv/lib/python3.8/site-packages/airflow/example_dags/tutorial.py
[2021-06-06 06:36:42,365] {scheduler_job.py:633} INFO - Processing file /media/PythonProjects/66.Spotify_ETL/venv/lib/python3.8/site-packages/airflow/example_dags/tutorial.py for tasks to queue
[2021-06-06 06:36:42,366] {logging_mixin.py:104} INFO - [2021-06-06 06:36:42,366] {dagbag.py:487} INFO - Filling up the DagBag from /media/PythonProjects/66.Spotify_ETL/venv/lib/python3.8/site-packages/airflow/example_dags/tutorial.py
[2021-06-06 06:36:42,381] {scheduler_job.py:643} INFO - DAG(s) dict_keys(['tutorial']) retrieved from /media/PythonProjects/66.Spotify_ETL/venv/lib/python3.8/site-packages/airflow/example_dags/tutorial.py
[2021-06-06 06:36:42,395] {logging_mixin.py:104} INFO - [2021-06-06 06:36:42,395] {dag.py:1832} INFO - Sync 1 DAGs
[2021-06-06 06:36:42,405] {logging_mixin.py:104} INFO - [2021-06-06 06:36:42,405] {dag.py:2305} INFO - Setting next_dagrun for tutorial to 2021-06-04 00:00:00+00:00
[2021-06-06 06:36:42,425] {scheduler_job.py:190} INFO - Processing /media/PythonProjects/66.Spotify_ETL/venv/lib/python3.8/site-packages/airflow/example_dags/tutorial.py took 0.068 seconds
[2021-06-06 06:37:13,597] {scheduler_job.py:182} INFO - Started process (PID=2953) to work on /media/PythonProjects/66.Spotify_ETL/venv/lib/python3.8/site-packages/airflow/example_dags/tutorial.py
[2021-06-06 06:37:13,599] {scheduler_job.py:633} INFO - Processing file /media/PythonProjects/66.Spotify_ETL/venv/lib/python3.8/site-packages/airflow/example_dags/tutorial.py for tasks to queue
[2021-06-06 06:37:13,600] {logging_mixin.py:104} INFO - [2021-06-06 06:37:13,600] {dagbag.py:487} INFO - Filling up the DagBag from /media/PythonProjects/66.Spotify_ETL/venv/lib/python3.8/site-packages/airflow/example_dags/tutorial.py
[2021-06-06 06:37:13,615] {scheduler_job.py:643} INFO - DAG(s) dict_keys(['tutorial']) retrieved from /media/PythonProjects/66.Spotify_ETL/venv/lib/python3.8/site-packages/airflow/example_dags/tutorial.py
[2021-06-06 06:37:13,628] {logging_mixin.py:104} INFO - [2021-06-06 06:37:13,628] {dag.py:1832} INFO - Sync 1 DAGs
[2021-06-06 06:37:13,639] {logging_mixin.py:104} INFO - [2021-06-06 06:37:13,639] {dag.py:2305} INFO - Setting next_dagrun for tutorial to 2021-06-04 00:00:00+00:00
[2021-06-06 06:37:13,657] {scheduler_job.py:190} INFO - Processing /media/PythonProjects/66.Spotify_ETL/venv/lib/python3.8/site-packages/airflow/example_dags/tutorial.py took 0.065 seconds
[2021-06-06 06:37:48,657] {scheduler_job.py:182} INFO - Started process (PID=3015) to work on /media/PythonProjects/66.Spotify_ETL/venv/lib/python3.8/site-packages/airflow/example_dags/tutorial.py
[2021-06-06 06:37:48,659] {scheduler_job.py:633} INFO - Processing file /media/PythonProjects/66.Spotify_ETL/venv/lib/python3.8/site-packages/airflow/example_dags/tutorial.py for tasks to queue
[2021-06-06 06:37:48,660] {logging_mixin.py:104} INFO - [2021-06-06 06:37:48,660] {dagbag.py:487} INFO - Filling up the DagBag from /media/PythonProjects/66.Spotify_ETL/venv/lib/python3.8/site-packages/airflow/example_dags/tutorial.py
[2021-06-06 06:37:48,673] {scheduler_job.py:643} INFO - DAG(s) dict_keys(['tutorial']) retrieved from /media/PythonProjects/66.Spotify_ETL/venv/lib/python3.8/site-packages/airflow/example_dags/tutorial.py
[2021-06-06 06:37:48,686] {logging_mixin.py:104} INFO - [2021-06-06 06:37:48,686] {dag.py:1832} INFO - Sync 1 DAGs
[2021-06-06 06:37:48,696] {logging_mixin.py:104} INFO - [2021-06-06 06:37:48,696] {dag.py:2305} INFO - Setting next_dagrun for tutorial to 2021-06-04 00:00:00+00:00
[2021-06-06 06:37:48,716] {scheduler_job.py:190} INFO - Processing /media/PythonProjects/66.Spotify_ETL/venv/lib/python3.8/site-packages/airflow/example_dags/tutorial.py took 0.063 seconds
[2021-06-06 06:38:19,991] {scheduler_job.py:182} INFO - Started process (PID=3069) to work on /media/PythonProjects/66.Spotify_ETL/venv/lib/python3.8/site-packages/airflow/example_dags/tutorial.py
[2021-06-06 06:38:19,992] {scheduler_job.py:633} INFO - Processing file /media/PythonProjects/66.Spotify_ETL/venv/lib/python3.8/site-packages/airflow/example_dags/tutorial.py for tasks to queue
[2021-06-06 06:38:19,994] {logging_mixin.py:104} INFO - [2021-06-06 06:38:19,993] {dagbag.py:487} INFO - Filling up the DagBag from /media/PythonProjects/66.Spotify_ETL/venv/lib/python3.8/site-packages/airflow/example_dags/tutorial.py
[2021-06-06 06:38:20,006] {scheduler_job.py:643} INFO - DAG(s) dict_keys(['tutorial']) retrieved from /media/PythonProjects/66.Spotify_ETL/venv/lib/python3.8/site-packages/airflow/example_dags/tutorial.py
[2021-06-06 06:38:20,020] {logging_mixin.py:104} INFO - [2021-06-06 06:38:20,020] {dag.py:1832} INFO - Sync 1 DAGs
[2021-06-06 06:38:20,030] {logging_mixin.py:104} INFO - [2021-06-06 06:38:20,030] {dag.py:2305} INFO - Setting next_dagrun for tutorial to 2021-06-04 00:00:00+00:00
[2021-06-06 06:38:20,055] {scheduler_job.py:190} INFO - Processing /media/PythonProjects/66.Spotify_ETL/venv/lib/python3.8/site-packages/airflow/example_dags/tutorial.py took 0.067 seconds
[2021-06-06 06:38:52,982] {scheduler_job.py:182} INFO - Started process (PID=3127) to work on /media/PythonProjects/66.Spotify_ETL/venv/lib/python3.8/site-packages/airflow/example_dags/tutorial.py
[2021-06-06 06:38:52,983] {scheduler_job.py:633} INFO - Processing file /media/PythonProjects/66.Spotify_ETL/venv/lib/python3.8/site-packages/airflow/example_dags/tutorial.py for tasks to queue
[2021-06-06 06:38:52,984] {logging_mixin.py:104} INFO - [2021-06-06 06:38:52,983] {dagbag.py:487} INFO - Filling up the DagBag from /media/PythonProjects/66.Spotify_ETL/venv/lib/python3.8/site-packages/airflow/example_dags/tutorial.py
[2021-06-06 06:38:52,995] {scheduler_job.py:643} INFO - DAG(s) dict_keys(['tutorial']) retrieved from /media/PythonProjects/66.Spotify_ETL/venv/lib/python3.8/site-packages/airflow/example_dags/tutorial.py
[2021-06-06 06:38:53,007] {logging_mixin.py:104} INFO - [2021-06-06 06:38:53,007] {dag.py:1832} INFO - Sync 1 DAGs
[2021-06-06 06:38:53,018] {logging_mixin.py:104} INFO - [2021-06-06 06:38:53,018] {dag.py:2305} INFO - Setting next_dagrun for tutorial to 2021-06-04 00:00:00+00:00
[2021-06-06 06:38:53,037] {scheduler_job.py:190} INFO - Processing /media/PythonProjects/66.Spotify_ETL/venv/lib/python3.8/site-packages/airflow/example_dags/tutorial.py took 0.058 seconds
[2021-06-06 06:39:25,772] {scheduler_job.py:182} INFO - Started process (PID=3184) to work on /media/PythonProjects/66.Spotify_ETL/venv/lib/python3.8/site-packages/airflow/example_dags/tutorial.py
[2021-06-06 06:39:25,774] {scheduler_job.py:633} INFO - Processing file /media/PythonProjects/66.Spotify_ETL/venv/lib/python3.8/site-packages/airflow/example_dags/tutorial.py for tasks to queue
[2021-06-06 06:39:25,775] {logging_mixin.py:104} INFO - [2021-06-06 06:39:25,775] {dagbag.py:487} INFO - Filling up the DagBag from /media/PythonProjects/66.Spotify_ETL/venv/lib/python3.8/site-packages/airflow/example_dags/tutorial.py
[2021-06-06 06:39:25,787] {scheduler_job.py:643} INFO - DAG(s) dict_keys(['tutorial']) retrieved from /media/PythonProjects/66.Spotify_ETL/venv/lib/python3.8/site-packages/airflow/example_dags/tutorial.py
[2021-06-06 06:39:25,803] {logging_mixin.py:104} INFO - [2021-06-06 06:39:25,803] {dag.py:1832} INFO - Sync 1 DAGs
[2021-06-06 06:39:25,814] {logging_mixin.py:104} INFO - [2021-06-06 06:39:25,814] {dag.py:2305} INFO - Setting next_dagrun for tutorial to 2021-06-04 00:00:00+00:00
[2021-06-06 06:39:25,846] {scheduler_job.py:190} INFO - Processing /media/PythonProjects/66.Spotify_ETL/venv/lib/python3.8/site-packages/airflow/example_dags/tutorial.py took 0.077 seconds
[2021-06-06 06:40:00,726] {scheduler_job.py:182} INFO - Started process (PID=3243) to work on /media/PythonProjects/66.Spotify_ETL/venv/lib/python3.8/site-packages/airflow/example_dags/tutorial.py
[2021-06-06 06:40:00,728] {scheduler_job.py:633} INFO - Processing file /media/PythonProjects/66.Spotify_ETL/venv/lib/python3.8/site-packages/airflow/example_dags/tutorial.py for tasks to queue
[2021-06-06 06:40:00,729] {logging_mixin.py:104} INFO - [2021-06-06 06:40:00,729] {dagbag.py:487} INFO - Filling up the DagBag from /media/PythonProjects/66.Spotify_ETL/venv/lib/python3.8/site-packages/airflow/example_dags/tutorial.py
[2021-06-06 06:40:00,742] {scheduler_job.py:643} INFO - DAG(s) dict_keys(['tutorial']) retrieved from /media/PythonProjects/66.Spotify_ETL/venv/lib/python3.8/site-packages/airflow/example_dags/tutorial.py
[2021-06-06 06:40:00,762] {logging_mixin.py:104} INFO - [2021-06-06 06:40:00,761] {dag.py:1832} INFO - Sync 1 DAGs
[2021-06-06 06:40:00,773] {logging_mixin.py:104} INFO - [2021-06-06 06:40:00,772] {dag.py:2305} INFO - Setting next_dagrun for tutorial to 2021-06-04 00:00:00+00:00
[2021-06-06 06:40:00,794] {scheduler_job.py:190} INFO - Processing /media/PythonProjects/66.Spotify_ETL/venv/lib/python3.8/site-packages/airflow/example_dags/tutorial.py took 0.071 seconds
[2021-06-06 06:40:36,367] {scheduler_job.py:182} INFO - Started process (PID=3301) to work on /media/PythonProjects/66.Spotify_ETL/venv/lib/python3.8/site-packages/airflow/example_dags/tutorial.py
[2021-06-06 06:40:36,369] {scheduler_job.py:633} INFO - Processing file /media/PythonProjects/66.Spotify_ETL/venv/lib/python3.8/site-packages/airflow/example_dags/tutorial.py for tasks to queue
[2021-06-06 06:40:36,370] {logging_mixin.py:104} INFO - [2021-06-06 06:40:36,370] {dagbag.py:487} INFO - Filling up the DagBag from /media/PythonProjects/66.Spotify_ETL/venv/lib/python3.8/site-packages/airflow/example_dags/tutorial.py
[2021-06-06 06:40:36,384] {scheduler_job.py:643} INFO - DAG(s) dict_keys(['tutorial']) retrieved from /media/PythonProjects/66.Spotify_ETL/venv/lib/python3.8/site-packages/airflow/example_dags/tutorial.py
[2021-06-06 06:40:36,397] {logging_mixin.py:104} INFO - [2021-06-06 06:40:36,397] {dag.py:1832} INFO - Sync 1 DAGs
[2021-06-06 06:40:36,407] {logging_mixin.py:104} INFO - [2021-06-06 06:40:36,407] {dag.py:2305} INFO - Setting next_dagrun for tutorial to 2021-06-04 00:00:00+00:00
[2021-06-06 06:40:36,430] {scheduler_job.py:190} INFO - Processing /media/PythonProjects/66.Spotify_ETL/venv/lib/python3.8/site-packages/airflow/example_dags/tutorial.py took 0.068 seconds
[2021-06-06 06:41:08,780] {scheduler_job.py:182} INFO - Started process (PID=3360) to work on /media/PythonProjects/66.Spotify_ETL/venv/lib/python3.8/site-packages/airflow/example_dags/tutorial.py
[2021-06-06 06:41:08,782] {scheduler_job.py:633} INFO - Processing file /media/PythonProjects/66.Spotify_ETL/venv/lib/python3.8/site-packages/airflow/example_dags/tutorial.py for tasks to queue
[2021-06-06 06:41:08,783] {logging_mixin.py:104} INFO - [2021-06-06 06:41:08,783] {dagbag.py:487} INFO - Filling up the DagBag from /media/PythonProjects/66.Spotify_ETL/venv/lib/python3.8/site-packages/airflow/example_dags/tutorial.py
[2021-06-06 06:41:08,795] {scheduler_job.py:643} INFO - DAG(s) dict_keys(['tutorial']) retrieved from /media/PythonProjects/66.Spotify_ETL/venv/lib/python3.8/site-packages/airflow/example_dags/tutorial.py
[2021-06-06 06:41:08,807] {logging_mixin.py:104} INFO - [2021-06-06 06:41:08,807] {dag.py:1832} INFO - Sync 1 DAGs
[2021-06-06 06:41:08,819] {logging_mixin.py:104} INFO - [2021-06-06 06:41:08,819] {dag.py:2305} INFO - Setting next_dagrun for tutorial to 2021-06-04 00:00:00+00:00
[2021-06-06 06:41:08,839] {scheduler_job.py:190} INFO - Processing /media/PythonProjects/66.Spotify_ETL/venv/lib/python3.8/site-packages/airflow/example_dags/tutorial.py took 0.062 seconds
[2021-06-06 06:41:41,361] {scheduler_job.py:182} INFO - Started process (PID=3418) to work on /media/PythonProjects/66.Spotify_ETL/venv/lib/python3.8/site-packages/airflow/example_dags/tutorial.py
[2021-06-06 06:41:41,365] {scheduler_job.py:633} INFO - Processing file /media/PythonProjects/66.Spotify_ETL/venv/lib/python3.8/site-packages/airflow/example_dags/tutorial.py for tasks to queue
[2021-06-06 06:41:41,366] {logging_mixin.py:104} INFO - [2021-06-06 06:41:41,366] {dagbag.py:487} INFO - Filling up the DagBag from /media/PythonProjects/66.Spotify_ETL/venv/lib/python3.8/site-packages/airflow/example_dags/tutorial.py
[2021-06-06 06:41:41,379] {scheduler_job.py:643} INFO - DAG(s) dict_keys(['tutorial']) retrieved from /media/PythonProjects/66.Spotify_ETL/venv/lib/python3.8/site-packages/airflow/example_dags/tutorial.py
[2021-06-06 06:41:41,391] {logging_mixin.py:104} INFO - [2021-06-06 06:41:41,391] {dag.py:1832} INFO - Sync 1 DAGs
[2021-06-06 06:41:41,402] {logging_mixin.py:104} INFO - [2021-06-06 06:41:41,402] {dag.py:2305} INFO - Setting next_dagrun for tutorial to 2021-06-04 00:00:00+00:00
[2021-06-06 06:41:41,424] {scheduler_job.py:190} INFO - Processing /media/PythonProjects/66.Spotify_ETL/venv/lib/python3.8/site-packages/airflow/example_dags/tutorial.py took 0.068 seconds
[2021-06-06 06:42:14,251] {scheduler_job.py:182} INFO - Started process (PID=3476) to work on /media/PythonProjects/66.Spotify_ETL/venv/lib/python3.8/site-packages/airflow/example_dags/tutorial.py
[2021-06-06 06:42:14,253] {scheduler_job.py:633} INFO - Processing file /media/PythonProjects/66.Spotify_ETL/venv/lib/python3.8/site-packages/airflow/example_dags/tutorial.py for tasks to queue
[2021-06-06 06:42:14,255] {logging_mixin.py:104} INFO - [2021-06-06 06:42:14,254] {dagbag.py:487} INFO - Filling up the DagBag from /media/PythonProjects/66.Spotify_ETL/venv/lib/python3.8/site-packages/airflow/example_dags/tutorial.py
[2021-06-06 06:42:14,268] {scheduler_job.py:643} INFO - DAG(s) dict_keys(['tutorial']) retrieved from /media/PythonProjects/66.Spotify_ETL/venv/lib/python3.8/site-packages/airflow/example_dags/tutorial.py
[2021-06-06 06:42:14,282] {logging_mixin.py:104} INFO - [2021-06-06 06:42:14,282] {dag.py:1832} INFO - Sync 1 DAGs
[2021-06-06 06:42:14,292] {logging_mixin.py:104} INFO - [2021-06-06 06:42:14,292] {dag.py:2305} INFO - Setting next_dagrun for tutorial to 2021-06-04 00:00:00+00:00
[2021-06-06 06:42:14,314] {scheduler_job.py:190} INFO - Processing /media/PythonProjects/66.Spotify_ETL/venv/lib/python3.8/site-packages/airflow/example_dags/tutorial.py took 0.068 seconds
[2021-06-06 06:42:45,517] {scheduler_job.py:182} INFO - Started process (PID=3532) to work on /media/PythonProjects/66.Spotify_ETL/venv/lib/python3.8/site-packages/airflow/example_dags/tutorial.py
[2021-06-06 06:42:45,520] {scheduler_job.py:633} INFO - Processing file /media/PythonProjects/66.Spotify_ETL/venv/lib/python3.8/site-packages/airflow/example_dags/tutorial.py for tasks to queue
[2021-06-06 06:42:45,521] {logging_mixin.py:104} INFO - [2021-06-06 06:42:45,521] {dagbag.py:487} INFO - Filling up the DagBag from /media/PythonProjects/66.Spotify_ETL/venv/lib/python3.8/site-packages/airflow/example_dags/tutorial.py
[2021-06-06 06:42:45,536] {scheduler_job.py:643} INFO - DAG(s) dict_keys(['tutorial']) retrieved from /media/PythonProjects/66.Spotify_ETL/venv/lib/python3.8/site-packages/airflow/example_dags/tutorial.py
[2021-06-06 06:42:45,549] {logging_mixin.py:104} INFO - [2021-06-06 06:42:45,549] {dag.py:1832} INFO - Sync 1 DAGs
[2021-06-06 06:42:45,561] {logging_mixin.py:104} INFO - [2021-06-06 06:42:45,561] {dag.py:2305} INFO - Setting next_dagrun for tutorial to 2021-06-04 00:00:00+00:00
[2021-06-06 06:42:45,593] {scheduler_job.py:190} INFO - Processing /media/PythonProjects/66.Spotify_ETL/venv/lib/python3.8/site-packages/airflow/example_dags/tutorial.py took 0.082 seconds
[2021-06-06 06:43:18,697] {scheduler_job.py:182} INFO - Started process (PID=3592) to work on /media/PythonProjects/66.Spotify_ETL/venv/lib/python3.8/site-packages/airflow/example_dags/tutorial.py
[2021-06-06 06:43:18,698] {scheduler_job.py:633} INFO - Processing file /media/PythonProjects/66.Spotify_ETL/venv/lib/python3.8/site-packages/airflow/example_dags/tutorial.py for tasks to queue
[2021-06-06 06:43:18,699] {logging_mixin.py:104} INFO - [2021-06-06 06:43:18,699] {dagbag.py:487} INFO - Filling up the DagBag from /media/PythonProjects/66.Spotify_ETL/venv/lib/python3.8/site-packages/airflow/example_dags/tutorial.py
[2021-06-06 06:43:18,711] {scheduler_job.py:643} INFO - DAG(s) dict_keys(['tutorial']) retrieved from /media/PythonProjects/66.Spotify_ETL/venv/lib/python3.8/site-packages/airflow/example_dags/tutorial.py
[2021-06-06 06:43:18,725] {logging_mixin.py:104} INFO - [2021-06-06 06:43:18,725] {dag.py:1832} INFO - Sync 1 DAGs
[2021-06-06 06:43:18,735] {logging_mixin.py:104} INFO - [2021-06-06 06:43:18,735] {dag.py:2305} INFO - Setting next_dagrun for tutorial to 2021-06-04 00:00:00+00:00
[2021-06-06 06:43:18,757] {scheduler_job.py:190} INFO - Processing /media/PythonProjects/66.Spotify_ETL/venv/lib/python3.8/site-packages/airflow/example_dags/tutorial.py took 0.063 seconds
[2021-06-06 06:43:50,215] {scheduler_job.py:182} INFO - Started process (PID=3648) to work on /media/PythonProjects/66.Spotify_ETL/venv/lib/python3.8/site-packages/airflow/example_dags/tutorial.py
[2021-06-06 06:43:50,216] {scheduler_job.py:633} INFO - Processing file /media/PythonProjects/66.Spotify_ETL/venv/lib/python3.8/site-packages/airflow/example_dags/tutorial.py for tasks to queue
[2021-06-06 06:43:50,217] {logging_mixin.py:104} INFO - [2021-06-06 06:43:50,216] {dagbag.py:487} INFO - Filling up the DagBag from /media/PythonProjects/66.Spotify_ETL/venv/lib/python3.8/site-packages/airflow/example_dags/tutorial.py
[2021-06-06 06:43:50,228] {scheduler_job.py:643} INFO - DAG(s) dict_keys(['tutorial']) retrieved from /media/PythonProjects/66.Spotify_ETL/venv/lib/python3.8/site-packages/airflow/example_dags/tutorial.py
[2021-06-06 06:43:50,241] {logging_mixin.py:104} INFO - [2021-06-06 06:43:50,241] {dag.py:1832} INFO - Sync 1 DAGs
[2021-06-06 06:43:50,252] {logging_mixin.py:104} INFO - [2021-06-06 06:43:50,252] {dag.py:2305} INFO - Setting next_dagrun for tutorial to 2021-06-04 00:00:00+00:00
[2021-06-06 06:43:50,276] {scheduler_job.py:190} INFO - Processing /media/PythonProjects/66.Spotify_ETL/venv/lib/python3.8/site-packages/airflow/example_dags/tutorial.py took 0.064 seconds
[2021-06-06 06:44:21,836] {scheduler_job.py:182} INFO - Started process (PID=3703) to work on /media/PythonProjects/66.Spotify_ETL/venv/lib/python3.8/site-packages/airflow/example_dags/tutorial.py
[2021-06-06 06:44:21,845] {scheduler_job.py:633} INFO - Processing file /media/PythonProjects/66.Spotify_ETL/venv/lib/python3.8/site-packages/airflow/example_dags/tutorial.py for tasks to queue
[2021-06-06 06:44:21,846] {logging_mixin.py:104} INFO - [2021-06-06 06:44:21,846] {dagbag.py:487} INFO - Filling up the DagBag from /media/PythonProjects/66.Spotify_ETL/venv/lib/python3.8/site-packages/airflow/example_dags/tutorial.py
[2021-06-06 06:44:21,863] {scheduler_job.py:643} INFO - DAG(s) dict_keys(['tutorial']) retrieved from /media/PythonProjects/66.Spotify_ETL/venv/lib/python3.8/site-packages/airflow/example_dags/tutorial.py
[2021-06-06 06:44:21,887] {logging_mixin.py:104} INFO - [2021-06-06 06:44:21,887] {dag.py:1832} INFO - Sync 1 DAGs
[2021-06-06 06:44:21,909] {logging_mixin.py:104} INFO - [2021-06-06 06:44:21,909] {dag.py:2305} INFO - Setting next_dagrun for tutorial to 2021-06-04 00:00:00+00:00
[2021-06-06 06:44:22,021] {scheduler_job.py:190} INFO - Processing /media/PythonProjects/66.Spotify_ETL/venv/lib/python3.8/site-packages/airflow/example_dags/tutorial.py took 0.189 seconds
[2021-06-06 06:44:59,198] {scheduler_job.py:182} INFO - Started process (PID=3763) to work on /media/PythonProjects/66.Spotify_ETL/venv/lib/python3.8/site-packages/airflow/example_dags/tutorial.py
[2021-06-06 06:44:59,200] {scheduler_job.py:633} INFO - Processing file /media/PythonProjects/66.Spotify_ETL/venv/lib/python3.8/site-packages/airflow/example_dags/tutorial.py for tasks to queue
[2021-06-06 06:44:59,201] {logging_mixin.py:104} INFO - [2021-06-06 06:44:59,200] {dagbag.py:487} INFO - Filling up the DagBag from /media/PythonProjects/66.Spotify_ETL/venv/lib/python3.8/site-packages/airflow/example_dags/tutorial.py
[2021-06-06 06:44:59,211] {scheduler_job.py:643} INFO - DAG(s) dict_keys(['tutorial']) retrieved from /media/PythonProjects/66.Spotify_ETL/venv/lib/python3.8/site-packages/airflow/example_dags/tutorial.py
[2021-06-06 06:44:59,223] {logging_mixin.py:104} INFO - [2021-06-06 06:44:59,223] {dag.py:1832} INFO - Sync 1 DAGs
[2021-06-06 06:44:59,234] {logging_mixin.py:104} INFO - [2021-06-06 06:44:59,234] {dag.py:2305} INFO - Setting next_dagrun for tutorial to 2021-06-04 00:00:00+00:00
[2021-06-06 06:44:59,255] {scheduler_job.py:190} INFO - Processing /media/PythonProjects/66.Spotify_ETL/venv/lib/python3.8/site-packages/airflow/example_dags/tutorial.py took 0.060 seconds
[2021-06-06 06:45:31,665] {scheduler_job.py:182} INFO - Started process (PID=3933) to work on /media/PythonProjects/66.Spotify_ETL/venv/lib/python3.8/site-packages/airflow/example_dags/tutorial.py
[2021-06-06 06:45:31,667] {scheduler_job.py:633} INFO - Processing file /media/PythonProjects/66.Spotify_ETL/venv/lib/python3.8/site-packages/airflow/example_dags/tutorial.py for tasks to queue
[2021-06-06 06:45:31,669] {logging_mixin.py:104} INFO - [2021-06-06 06:45:31,668] {dagbag.py:487} INFO - Filling up the DagBag from /media/PythonProjects/66.Spotify_ETL/venv/lib/python3.8/site-packages/airflow/example_dags/tutorial.py
[2021-06-06 06:45:31,680] {scheduler_job.py:643} INFO - DAG(s) dict_keys(['tutorial']) retrieved from /media/PythonProjects/66.Spotify_ETL/venv/lib/python3.8/site-packages/airflow/example_dags/tutorial.py
[2021-06-06 06:45:31,693] {logging_mixin.py:104} INFO - [2021-06-06 06:45:31,693] {dag.py:1832} INFO - Sync 1 DAGs
[2021-06-06 06:45:31,704] {logging_mixin.py:104} INFO - [2021-06-06 06:45:31,704] {dag.py:2305} INFO - Setting next_dagrun for tutorial to 2021-06-04 00:00:00+00:00
[2021-06-06 06:45:31,725] {scheduler_job.py:190} INFO - Processing /media/PythonProjects/66.Spotify_ETL/venv/lib/python3.8/site-packages/airflow/example_dags/tutorial.py took 0.065 seconds
[2021-06-06 06:46:04,394] {scheduler_job.py:182} INFO - Started process (PID=4211) to work on /media/PythonProjects/66.Spotify_ETL/venv/lib/python3.8/site-packages/airflow/example_dags/tutorial.py
[2021-06-06 06:46:04,396] {scheduler_job.py:633} INFO - Processing file /media/PythonProjects/66.Spotify_ETL/venv/lib/python3.8/site-packages/airflow/example_dags/tutorial.py for tasks to queue
[2021-06-06 06:46:04,397] {logging_mixin.py:104} INFO - [2021-06-06 06:46:04,397] {dagbag.py:487} INFO - Filling up the DagBag from /media/PythonProjects/66.Spotify_ETL/venv/lib/python3.8/site-packages/airflow/example_dags/tutorial.py
[2021-06-06 06:46:04,436] {scheduler_job.py:643} INFO - DAG(s) dict_keys(['tutorial']) retrieved from /media/PythonProjects/66.Spotify_ETL/venv/lib/python3.8/site-packages/airflow/example_dags/tutorial.py
[2021-06-06 06:46:04,471] {logging_mixin.py:104} INFO - [2021-06-06 06:46:04,471] {dag.py:1832} INFO - Sync 1 DAGs
[2021-06-06 06:46:04,506] {logging_mixin.py:104} INFO - [2021-06-06 06:46:04,506] {dag.py:2305} INFO - Setting next_dagrun for tutorial to 2021-06-04 00:00:00+00:00
[2021-06-06 06:46:04,592] {scheduler_job.py:190} INFO - Processing /media/PythonProjects/66.Spotify_ETL/venv/lib/python3.8/site-packages/airflow/example_dags/tutorial.py took 0.205 seconds
=======
[2021-06-06 06:32:08,834] {scheduler_job.py:182} INFO - Started process (PID=2392) to work on /media/PythonProjects/66.Spotify_ETL/venv/lib/python3.8/site-packages/airflow/example_dags/tutorial.py
[2021-06-06 06:32:08,838] {scheduler_job.py:633} INFO - Processing file /media/PythonProjects/66.Spotify_ETL/venv/lib/python3.8/site-packages/airflow/example_dags/tutorial.py for tasks to queue
[2021-06-06 06:32:08,839] {logging_mixin.py:104} INFO - [2021-06-06 06:32:08,839] {dagbag.py:487} INFO - Filling up the DagBag from /media/PythonProjects/66.Spotify_ETL/venv/lib/python3.8/site-packages/airflow/example_dags/tutorial.py
[2021-06-06 06:32:08,858] {scheduler_job.py:643} INFO - DAG(s) dict_keys(['tutorial']) retrieved from /media/PythonProjects/66.Spotify_ETL/venv/lib/python3.8/site-packages/airflow/example_dags/tutorial.py
[2021-06-06 06:32:08,872] {logging_mixin.py:104} INFO - [2021-06-06 06:32:08,872] {dag.py:1832} INFO - Sync 1 DAGs
[2021-06-06 06:32:08,884] {logging_mixin.py:104} INFO - [2021-06-06 06:32:08,883] {dag.py:2305} INFO - Setting next_dagrun for tutorial to 2021-06-04 00:00:00+00:00
[2021-06-06 06:32:08,914] {scheduler_job.py:190} INFO - Processing /media/PythonProjects/66.Spotify_ETL/venv/lib/python3.8/site-packages/airflow/example_dags/tutorial.py took 0.087 seconds
[2021-06-06 06:32:44,326] {scheduler_job.py:182} INFO - Started process (PID=2477) to work on /media/PythonProjects/66.Spotify_ETL/venv/lib/python3.8/site-packages/airflow/example_dags/tutorial.py
[2021-06-06 06:32:44,329] {scheduler_job.py:633} INFO - Processing file /media/PythonProjects/66.Spotify_ETL/venv/lib/python3.8/site-packages/airflow/example_dags/tutorial.py for tasks to queue
[2021-06-06 06:32:44,331] {logging_mixin.py:104} INFO - [2021-06-06 06:32:44,330] {dagbag.py:487} INFO - Filling up the DagBag from /media/PythonProjects/66.Spotify_ETL/venv/lib/python3.8/site-packages/airflow/example_dags/tutorial.py
[2021-06-06 06:32:44,349] {scheduler_job.py:643} INFO - DAG(s) dict_keys(['tutorial']) retrieved from /media/PythonProjects/66.Spotify_ETL/venv/lib/python3.8/site-packages/airflow/example_dags/tutorial.py
[2021-06-06 06:32:44,364] {logging_mixin.py:104} INFO - [2021-06-06 06:32:44,364] {dag.py:1832} INFO - Sync 1 DAGs
[2021-06-06 06:32:44,378] {logging_mixin.py:104} INFO - [2021-06-06 06:32:44,378] {dag.py:2305} INFO - Setting next_dagrun for tutorial to 2021-06-04 00:00:00+00:00
[2021-06-06 06:32:44,418] {scheduler_job.py:190} INFO - Processing /media/PythonProjects/66.Spotify_ETL/venv/lib/python3.8/site-packages/airflow/example_dags/tutorial.py took 0.101 seconds
[2021-06-06 06:33:20,536] {scheduler_job.py:182} INFO - Started process (PID=2536) to work on /media/PythonProjects/66.Spotify_ETL/venv/lib/python3.8/site-packages/airflow/example_dags/tutorial.py
[2021-06-06 06:33:20,537] {scheduler_job.py:633} INFO - Processing file /media/PythonProjects/66.Spotify_ETL/venv/lib/python3.8/site-packages/airflow/example_dags/tutorial.py for tasks to queue
[2021-06-06 06:33:20,538] {logging_mixin.py:104} INFO - [2021-06-06 06:33:20,538] {dagbag.py:487} INFO - Filling up the DagBag from /media/PythonProjects/66.Spotify_ETL/venv/lib/python3.8/site-packages/airflow/example_dags/tutorial.py
[2021-06-06 06:33:20,556] {scheduler_job.py:643} INFO - DAG(s) dict_keys(['tutorial']) retrieved from /media/PythonProjects/66.Spotify_ETL/venv/lib/python3.8/site-packages/airflow/example_dags/tutorial.py
[2021-06-06 06:33:20,573] {logging_mixin.py:104} INFO - [2021-06-06 06:33:20,573] {dag.py:1832} INFO - Sync 1 DAGs
[2021-06-06 06:33:20,587] {logging_mixin.py:104} INFO - [2021-06-06 06:33:20,586] {dag.py:2305} INFO - Setting next_dagrun for tutorial to 2021-06-04 00:00:00+00:00
[2021-06-06 06:33:20,626] {scheduler_job.py:190} INFO - Processing /media/PythonProjects/66.Spotify_ETL/venv/lib/python3.8/site-packages/airflow/example_dags/tutorial.py took 0.096 seconds
[2021-06-06 06:33:55,404] {scheduler_job.py:182} INFO - Started process (PID=2596) to work on /media/PythonProjects/66.Spotify_ETL/venv/lib/python3.8/site-packages/airflow/example_dags/tutorial.py
[2021-06-06 06:33:55,406] {scheduler_job.py:633} INFO - Processing file /media/PythonProjects/66.Spotify_ETL/venv/lib/python3.8/site-packages/airflow/example_dags/tutorial.py for tasks to queue
[2021-06-06 06:33:55,407] {logging_mixin.py:104} INFO - [2021-06-06 06:33:55,407] {dagbag.py:487} INFO - Filling up the DagBag from /media/PythonProjects/66.Spotify_ETL/venv/lib/python3.8/site-packages/airflow/example_dags/tutorial.py
[2021-06-06 06:33:55,442] {scheduler_job.py:643} INFO - DAG(s) dict_keys(['tutorial']) retrieved from /media/PythonProjects/66.Spotify_ETL/venv/lib/python3.8/site-packages/airflow/example_dags/tutorial.py
[2021-06-06 06:33:55,468] {logging_mixin.py:104} INFO - [2021-06-06 06:33:55,468] {dag.py:1832} INFO - Sync 1 DAGs
[2021-06-06 06:33:55,496] {logging_mixin.py:104} INFO - [2021-06-06 06:33:55,496] {dag.py:2305} INFO - Setting next_dagrun for tutorial to 2021-06-04 00:00:00+00:00
[2021-06-06 06:33:55,536] {scheduler_job.py:190} INFO - Processing /media/PythonProjects/66.Spotify_ETL/venv/lib/python3.8/site-packages/airflow/example_dags/tutorial.py took 0.145 seconds
[2021-06-06 06:34:31,576] {scheduler_job.py:182} INFO - Started process (PID=2656) to work on /media/PythonProjects/66.Spotify_ETL/venv/lib/python3.8/site-packages/airflow/example_dags/tutorial.py
[2021-06-06 06:34:31,577] {scheduler_job.py:633} INFO - Processing file /media/PythonProjects/66.Spotify_ETL/venv/lib/python3.8/site-packages/airflow/example_dags/tutorial.py for tasks to queue
[2021-06-06 06:34:31,577] {logging_mixin.py:104} INFO - [2021-06-06 06:34:31,577] {dagbag.py:487} INFO - Filling up the DagBag from /media/PythonProjects/66.Spotify_ETL/venv/lib/python3.8/site-packages/airflow/example_dags/tutorial.py
[2021-06-06 06:34:31,588] {scheduler_job.py:643} INFO - DAG(s) dict_keys(['tutorial']) retrieved from /media/PythonProjects/66.Spotify_ETL/venv/lib/python3.8/site-packages/airflow/example_dags/tutorial.py
[2021-06-06 06:34:31,599] {logging_mixin.py:104} INFO - [2021-06-06 06:34:31,599] {dag.py:1832} INFO - Sync 1 DAGs
[2021-06-06 06:34:31,609] {logging_mixin.py:104} INFO - [2021-06-06 06:34:31,609] {dag.py:2305} INFO - Setting next_dagrun for tutorial to 2021-06-04 00:00:00+00:00
[2021-06-06 06:34:31,629] {scheduler_job.py:190} INFO - Processing /media/PythonProjects/66.Spotify_ETL/venv/lib/python3.8/site-packages/airflow/example_dags/tutorial.py took 0.057 seconds
[2021-06-06 06:35:03,014] {scheduler_job.py:182} INFO - Started process (PID=2715) to work on /media/PythonProjects/66.Spotify_ETL/venv/lib/python3.8/site-packages/airflow/example_dags/tutorial.py
[2021-06-06 06:35:03,016] {scheduler_job.py:633} INFO - Processing file /media/PythonProjects/66.Spotify_ETL/venv/lib/python3.8/site-packages/airflow/example_dags/tutorial.py for tasks to queue
[2021-06-06 06:35:03,017] {logging_mixin.py:104} INFO - [2021-06-06 06:35:03,017] {dagbag.py:487} INFO - Filling up the DagBag from /media/PythonProjects/66.Spotify_ETL/venv/lib/python3.8/site-packages/airflow/example_dags/tutorial.py
[2021-06-06 06:35:03,034] {scheduler_job.py:643} INFO - DAG(s) dict_keys(['tutorial']) retrieved from /media/PythonProjects/66.Spotify_ETL/venv/lib/python3.8/site-packages/airflow/example_dags/tutorial.py
[2021-06-06 06:35:03,047] {logging_mixin.py:104} INFO - [2021-06-06 06:35:03,046] {dag.py:1832} INFO - Sync 1 DAGs
[2021-06-06 06:35:03,056] {logging_mixin.py:104} INFO - [2021-06-06 06:35:03,056] {dag.py:2305} INFO - Setting next_dagrun for tutorial to 2021-06-04 00:00:00+00:00
[2021-06-06 06:35:03,075] {scheduler_job.py:190} INFO - Processing /media/PythonProjects/66.Spotify_ETL/venv/lib/python3.8/site-packages/airflow/example_dags/tutorial.py took 0.065 seconds
[2021-06-06 06:35:35,647] {scheduler_job.py:182} INFO - Started process (PID=2776) to work on /media/PythonProjects/66.Spotify_ETL/venv/lib/python3.8/site-packages/airflow/example_dags/tutorial.py
[2021-06-06 06:35:35,648] {scheduler_job.py:633} INFO - Processing file /media/PythonProjects/66.Spotify_ETL/venv/lib/python3.8/site-packages/airflow/example_dags/tutorial.py for tasks to queue
[2021-06-06 06:35:35,649] {logging_mixin.py:104} INFO - [2021-06-06 06:35:35,649] {dagbag.py:487} INFO - Filling up the DagBag from /media/PythonProjects/66.Spotify_ETL/venv/lib/python3.8/site-packages/airflow/example_dags/tutorial.py
[2021-06-06 06:35:35,660] {scheduler_job.py:643} INFO - DAG(s) dict_keys(['tutorial']) retrieved from /media/PythonProjects/66.Spotify_ETL/venv/lib/python3.8/site-packages/airflow/example_dags/tutorial.py
[2021-06-06 06:35:35,673] {logging_mixin.py:104} INFO - [2021-06-06 06:35:35,673] {dag.py:1832} INFO - Sync 1 DAGs
[2021-06-06 06:35:35,684] {logging_mixin.py:104} INFO - [2021-06-06 06:35:35,683] {dag.py:2305} INFO - Setting next_dagrun for tutorial to 2021-06-04 00:00:00+00:00
[2021-06-06 06:35:35,704] {scheduler_job.py:190} INFO - Processing /media/PythonProjects/66.Spotify_ETL/venv/lib/python3.8/site-packages/airflow/example_dags/tutorial.py took 0.059 seconds
[2021-06-06 06:36:09,737] {scheduler_job.py:182} INFO - Started process (PID=2837) to work on /media/PythonProjects/66.Spotify_ETL/venv/lib/python3.8/site-packages/airflow/example_dags/tutorial.py
[2021-06-06 06:36:09,740] {scheduler_job.py:633} INFO - Processing file /media/PythonProjects/66.Spotify_ETL/venv/lib/python3.8/site-packages/airflow/example_dags/tutorial.py for tasks to queue
[2021-06-06 06:36:09,741] {logging_mixin.py:104} INFO - [2021-06-06 06:36:09,741] {dagbag.py:487} INFO - Filling up the DagBag from /media/PythonProjects/66.Spotify_ETL/venv/lib/python3.8/site-packages/airflow/example_dags/tutorial.py
[2021-06-06 06:36:09,755] {scheduler_job.py:643} INFO - DAG(s) dict_keys(['tutorial']) retrieved from /media/PythonProjects/66.Spotify_ETL/venv/lib/python3.8/site-packages/airflow/example_dags/tutorial.py
[2021-06-06 06:36:09,767] {logging_mixin.py:104} INFO - [2021-06-06 06:36:09,767] {dag.py:1832} INFO - Sync 1 DAGs
[2021-06-06 06:36:09,776] {logging_mixin.py:104} INFO - [2021-06-06 06:36:09,776] {dag.py:2305} INFO - Setting next_dagrun for tutorial to 2021-06-04 00:00:00+00:00
[2021-06-06 06:36:09,794] {scheduler_job.py:190} INFO - Processing /media/PythonProjects/66.Spotify_ETL/venv/lib/python3.8/site-packages/airflow/example_dags/tutorial.py took 0.063 seconds
[2021-06-06 06:36:42,363] {scheduler_job.py:182} INFO - Started process (PID=2896) to work on /media/PythonProjects/66.Spotify_ETL/venv/lib/python3.8/site-packages/airflow/example_dags/tutorial.py
[2021-06-06 06:36:42,365] {scheduler_job.py:633} INFO - Processing file /media/PythonProjects/66.Spotify_ETL/venv/lib/python3.8/site-packages/airflow/example_dags/tutorial.py for tasks to queue
[2021-06-06 06:36:42,366] {logging_mixin.py:104} INFO - [2021-06-06 06:36:42,366] {dagbag.py:487} INFO - Filling up the DagBag from /media/PythonProjects/66.Spotify_ETL/venv/lib/python3.8/site-packages/airflow/example_dags/tutorial.py
[2021-06-06 06:36:42,381] {scheduler_job.py:643} INFO - DAG(s) dict_keys(['tutorial']) retrieved from /media/PythonProjects/66.Spotify_ETL/venv/lib/python3.8/site-packages/airflow/example_dags/tutorial.py
[2021-06-06 06:36:42,395] {logging_mixin.py:104} INFO - [2021-06-06 06:36:42,395] {dag.py:1832} INFO - Sync 1 DAGs
[2021-06-06 06:36:42,405] {logging_mixin.py:104} INFO - [2021-06-06 06:36:42,405] {dag.py:2305} INFO - Setting next_dagrun for tutorial to 2021-06-04 00:00:00+00:00
[2021-06-06 06:36:42,425] {scheduler_job.py:190} INFO - Processing /media/PythonProjects/66.Spotify_ETL/venv/lib/python3.8/site-packages/airflow/example_dags/tutorial.py took 0.068 seconds
[2021-06-06 06:37:13,597] {scheduler_job.py:182} INFO - Started process (PID=2953) to work on /media/PythonProjects/66.Spotify_ETL/venv/lib/python3.8/site-packages/airflow/example_dags/tutorial.py
[2021-06-06 06:37:13,599] {scheduler_job.py:633} INFO - Processing file /media/PythonProjects/66.Spotify_ETL/venv/lib/python3.8/site-packages/airflow/example_dags/tutorial.py for tasks to queue
[2021-06-06 06:37:13,600] {logging_mixin.py:104} INFO - [2021-06-06 06:37:13,600] {dagbag.py:487} INFO - Filling up the DagBag from /media/PythonProjects/66.Spotify_ETL/venv/lib/python3.8/site-packages/airflow/example_dags/tutorial.py
[2021-06-06 06:37:13,615] {scheduler_job.py:643} INFO - DAG(s) dict_keys(['tutorial']) retrieved from /media/PythonProjects/66.Spotify_ETL/venv/lib/python3.8/site-packages/airflow/example_dags/tutorial.py
[2021-06-06 06:37:13,628] {logging_mixin.py:104} INFO - [2021-06-06 06:37:13,628] {dag.py:1832} INFO - Sync 1 DAGs
[2021-06-06 06:37:13,639] {logging_mixin.py:104} INFO - [2021-06-06 06:37:13,639] {dag.py:2305} INFO - Setting next_dagrun for tutorial to 2021-06-04 00:00:00+00:00
[2021-06-06 06:37:13,657] {scheduler_job.py:190} INFO - Processing /media/PythonProjects/66.Spotify_ETL/venv/lib/python3.8/site-packages/airflow/example_dags/tutorial.py took 0.065 seconds
[2021-06-06 06:37:48,657] {scheduler_job.py:182} INFO - Started process (PID=3015) to work on /media/PythonProjects/66.Spotify_ETL/venv/lib/python3.8/site-packages/airflow/example_dags/tutorial.py
[2021-06-06 06:37:48,659] {scheduler_job.py:633} INFO - Processing file /media/PythonProjects/66.Spotify_ETL/venv/lib/python3.8/site-packages/airflow/example_dags/tutorial.py for tasks to queue
[2021-06-06 06:37:48,660] {logging_mixin.py:104} INFO - [2021-06-06 06:37:48,660] {dagbag.py:487} INFO - Filling up the DagBag from /media/PythonProjects/66.Spotify_ETL/venv/lib/python3.8/site-packages/airflow/example_dags/tutorial.py
[2021-06-06 06:37:48,673] {scheduler_job.py:643} INFO - DAG(s) dict_keys(['tutorial']) retrieved from /media/PythonProjects/66.Spotify_ETL/venv/lib/python3.8/site-packages/airflow/example_dags/tutorial.py
[2021-06-06 06:37:48,686] {logging_mixin.py:104} INFO - [2021-06-06 06:37:48,686] {dag.py:1832} INFO - Sync 1 DAGs
[2021-06-06 06:37:48,696] {logging_mixin.py:104} INFO - [2021-06-06 06:37:48,696] {dag.py:2305} INFO - Setting next_dagrun for tutorial to 2021-06-04 00:00:00+00:00
[2021-06-06 06:37:48,716] {scheduler_job.py:190} INFO - Processing /media/PythonProjects/66.Spotify_ETL/venv/lib/python3.8/site-packages/airflow/example_dags/tutorial.py took 0.063 seconds
[2021-06-06 06:38:19,991] {scheduler_job.py:182} INFO - Started process (PID=3069) to work on /media/PythonProjects/66.Spotify_ETL/venv/lib/python3.8/site-packages/airflow/example_dags/tutorial.py
[2021-06-06 06:38:19,992] {scheduler_job.py:633} INFO - Processing file /media/PythonProjects/66.Spotify_ETL/venv/lib/python3.8/site-packages/airflow/example_dags/tutorial.py for tasks to queue
[2021-06-06 06:38:19,994] {logging_mixin.py:104} INFO - [2021-06-06 06:38:19,993] {dagbag.py:487} INFO - Filling up the DagBag from /media/PythonProjects/66.Spotify_ETL/venv/lib/python3.8/site-packages/airflow/example_dags/tutorial.py
[2021-06-06 06:38:20,006] {scheduler_job.py:643} INFO - DAG(s) dict_keys(['tutorial']) retrieved from /media/PythonProjects/66.Spotify_ETL/venv/lib/python3.8/site-packages/airflow/example_dags/tutorial.py
[2021-06-06 06:38:20,020] {logging_mixin.py:104} INFO - [2021-06-06 06:38:20,020] {dag.py:1832} INFO - Sync 1 DAGs
[2021-06-06 06:38:20,030] {logging_mixin.py:104} INFO - [2021-06-06 06:38:20,030] {dag.py:2305} INFO - Setting next_dagrun for tutorial to 2021-06-04 00:00:00+00:00
[2021-06-06 06:38:20,055] {scheduler_job.py:190} INFO - Processing /media/PythonProjects/66.Spotify_ETL/venv/lib/python3.8/site-packages/airflow/example_dags/tutorial.py took 0.067 seconds
[2021-06-06 06:38:52,982] {scheduler_job.py:182} INFO - Started process (PID=3127) to work on /media/PythonProjects/66.Spotify_ETL/venv/lib/python3.8/site-packages/airflow/example_dags/tutorial.py
[2021-06-06 06:38:52,983] {scheduler_job.py:633} INFO - Processing file /media/PythonProjects/66.Spotify_ETL/venv/lib/python3.8/site-packages/airflow/example_dags/tutorial.py for tasks to queue
[2021-06-06 06:38:52,984] {logging_mixin.py:104} INFO - [2021-06-06 06:38:52,983] {dagbag.py:487} INFO - Filling up the DagBag from /media/PythonProjects/66.Spotify_ETL/venv/lib/python3.8/site-packages/airflow/example_dags/tutorial.py
[2021-06-06 06:38:52,995] {scheduler_job.py:643} INFO - DAG(s) dict_keys(['tutorial']) retrieved from /media/PythonProjects/66.Spotify_ETL/venv/lib/python3.8/site-packages/airflow/example_dags/tutorial.py
[2021-06-06 06:38:53,007] {logging_mixin.py:104} INFO - [2021-06-06 06:38:53,007] {dag.py:1832} INFO - Sync 1 DAGs
[2021-06-06 06:38:53,018] {logging_mixin.py:104} INFO - [2021-06-06 06:38:53,018] {dag.py:2305} INFO - Setting next_dagrun for tutorial to 2021-06-04 00:00:00+00:00
[2021-06-06 06:38:53,037] {scheduler_job.py:190} INFO - Processing /media/PythonProjects/66.Spotify_ETL/venv/lib/python3.8/site-packages/airflow/example_dags/tutorial.py took 0.058 seconds
[2021-06-06 06:39:25,772] {scheduler_job.py:182} INFO - Started process (PID=3184) to work on /media/PythonProjects/66.Spotify_ETL/venv/lib/python3.8/site-packages/airflow/example_dags/tutorial.py
[2021-06-06 06:39:25,774] {scheduler_job.py:633} INFO - Processing file /media/PythonProjects/66.Spotify_ETL/venv/lib/python3.8/site-packages/airflow/example_dags/tutorial.py for tasks to queue
[2021-06-06 06:39:25,775] {logging_mixin.py:104} INFO - [2021-06-06 06:39:25,775] {dagbag.py:487} INFO - Filling up the DagBag from /media/PythonProjects/66.Spotify_ETL/venv/lib/python3.8/site-packages/airflow/example_dags/tutorial.py
[2021-06-06 06:39:25,787] {scheduler_job.py:643} INFO - DAG(s) dict_keys(['tutorial']) retrieved from /media/PythonProjects/66.Spotify_ETL/venv/lib/python3.8/site-packages/airflow/example_dags/tutorial.py
[2021-06-06 06:39:25,803] {logging_mixin.py:104} INFO - [2021-06-06 06:39:25,803] {dag.py:1832} INFO - Sync 1 DAGs
[2021-06-06 06:39:25,814] {logging_mixin.py:104} INFO - [2021-06-06 06:39:25,814] {dag.py:2305} INFO - Setting next_dagrun for tutorial to 2021-06-04 00:00:00+00:00
[2021-06-06 06:39:25,846] {scheduler_job.py:190} INFO - Processing /media/PythonProjects/66.Spotify_ETL/venv/lib/python3.8/site-packages/airflow/example_dags/tutorial.py took 0.077 seconds
[2021-06-06 06:40:00,726] {scheduler_job.py:182} INFO - Started process (PID=3243) to work on /media/PythonProjects/66.Spotify_ETL/venv/lib/python3.8/site-packages/airflow/example_dags/tutorial.py
[2021-06-06 06:40:00,728] {scheduler_job.py:633} INFO - Processing file /media/PythonProjects/66.Spotify_ETL/venv/lib/python3.8/site-packages/airflow/example_dags/tutorial.py for tasks to queue
[2021-06-06 06:40:00,729] {logging_mixin.py:104} INFO - [2021-06-06 06:40:00,729] {dagbag.py:487} INFO - Filling up the DagBag from /media/PythonProjects/66.Spotify_ETL/venv/lib/python3.8/site-packages/airflow/example_dags/tutorial.py
[2021-06-06 06:40:00,742] {scheduler_job.py:643} INFO - DAG(s) dict_keys(['tutorial']) retrieved from /media/PythonProjects/66.Spotify_ETL/venv/lib/python3.8/site-packages/airflow/example_dags/tutorial.py
[2021-06-06 06:40:00,762] {logging_mixin.py:104} INFO - [2021-06-06 06:40:00,761] {dag.py:1832} INFO - Sync 1 DAGs
[2021-06-06 06:40:00,773] {logging_mixin.py:104} INFO - [2021-06-06 06:40:00,772] {dag.py:2305} INFO - Setting next_dagrun for tutorial to 2021-06-04 00:00:00+00:00
[2021-06-06 06:40:00,794] {scheduler_job.py:190} INFO - Processing /media/PythonProjects/66.Spotify_ETL/venv/lib/python3.8/site-packages/airflow/example_dags/tutorial.py took 0.071 seconds
[2021-06-06 06:40:36,367] {scheduler_job.py:182} INFO - Started process (PID=3301) to work on /media/PythonProjects/66.Spotify_ETL/venv/lib/python3.8/site-packages/airflow/example_dags/tutorial.py
[2021-06-06 06:40:36,369] {scheduler_job.py:633} INFO - Processing file /media/PythonProjects/66.Spotify_ETL/venv/lib/python3.8/site-packages/airflow/example_dags/tutorial.py for tasks to queue
[2021-06-06 06:40:36,370] {logging_mixin.py:104} INFO - [2021-06-06 06:40:36,370] {dagbag.py:487} INFO - Filling up the DagBag from /media/PythonProjects/66.Spotify_ETL/venv/lib/python3.8/site-packages/airflow/example_dags/tutorial.py
[2021-06-06 06:40:36,384] {scheduler_job.py:643} INFO - DAG(s) dict_keys(['tutorial']) retrieved from /media/PythonProjects/66.Spotify_ETL/venv/lib/python3.8/site-packages/airflow/example_dags/tutorial.py
[2021-06-06 06:40:36,397] {logging_mixin.py:104} INFO - [2021-06-06 06:40:36,397] {dag.py:1832} INFO - Sync 1 DAGs
[2021-06-06 06:40:36,407] {logging_mixin.py:104} INFO - [2021-06-06 06:40:36,407] {dag.py:2305} INFO - Setting next_dagrun for tutorial to 2021-06-04 00:00:00+00:00
[2021-06-06 06:40:36,430] {scheduler_job.py:190} INFO - Processing /media/PythonProjects/66.Spotify_ETL/venv/lib/python3.8/site-packages/airflow/example_dags/tutorial.py took 0.068 seconds
[2021-06-06 06:41:08,780] {scheduler_job.py:182} INFO - Started process (PID=3360) to work on /media/PythonProjects/66.Spotify_ETL/venv/lib/python3.8/site-packages/airflow/example_dags/tutorial.py
[2021-06-06 06:41:08,782] {scheduler_job.py:633} INFO - Processing file /media/PythonProjects/66.Spotify_ETL/venv/lib/python3.8/site-packages/airflow/example_dags/tutorial.py for tasks to queue
[2021-06-06 06:41:08,783] {logging_mixin.py:104} INFO - [2021-06-06 06:41:08,783] {dagbag.py:487} INFO - Filling up the DagBag from /media/PythonProjects/66.Spotify_ETL/venv/lib/python3.8/site-packages/airflow/example_dags/tutorial.py
[2021-06-06 06:41:08,795] {scheduler_job.py:643} INFO - DAG(s) dict_keys(['tutorial']) retrieved from /media/PythonProjects/66.Spotify_ETL/venv/lib/python3.8/site-packages/airflow/example_dags/tutorial.py
[2021-06-06 06:41:08,807] {logging_mixin.py:104} INFO - [2021-06-06 06:41:08,807] {dag.py:1832} INFO - Sync 1 DAGs
[2021-06-06 06:41:08,819] {logging_mixin.py:104} INFO - [2021-06-06 06:41:08,819] {dag.py:2305} INFO - Setting next_dagrun for tutorial to 2021-06-04 00:00:00+00:00
[2021-06-06 06:41:08,839] {scheduler_job.py:190} INFO - Processing /media/PythonProjects/66.Spotify_ETL/venv/lib/python3.8/site-packages/airflow/example_dags/tutorial.py took 0.062 seconds
[2021-06-06 06:41:41,361] {scheduler_job.py:182} INFO - Started process (PID=3418) to work on /media/PythonProjects/66.Spotify_ETL/venv/lib/python3.8/site-packages/airflow/example_dags/tutorial.py
[2021-06-06 06:41:41,365] {scheduler_job.py:633} INFO - Processing file /media/PythonProjects/66.Spotify_ETL/venv/lib/python3.8/site-packages/airflow/example_dags/tutorial.py for tasks to queue
[2021-06-06 06:41:41,366] {logging_mixin.py:104} INFO - [2021-06-06 06:41:41,366] {dagbag.py:487} INFO - Filling up the DagBag from /media/PythonProjects/66.Spotify_ETL/venv/lib/python3.8/site-packages/airflow/example_dags/tutorial.py
[2021-06-06 06:41:41,379] {scheduler_job.py:643} INFO - DAG(s) dict_keys(['tutorial']) retrieved from /media/PythonProjects/66.Spotify_ETL/venv/lib/python3.8/site-packages/airflow/example_dags/tutorial.py
[2021-06-06 06:41:41,391] {logging_mixin.py:104} INFO - [2021-06-06 06:41:41,391] {dag.py:1832} INFO - Sync 1 DAGs
[2021-06-06 06:41:41,402] {logging_mixin.py:104} INFO - [2021-06-06 06:41:41,402] {dag.py:2305} INFO - Setting next_dagrun for tutorial to 2021-06-04 00:00:00+00:00
[2021-06-06 06:41:41,424] {scheduler_job.py:190} INFO - Processing /media/PythonProjects/66.Spotify_ETL/venv/lib/python3.8/site-packages/airflow/example_dags/tutorial.py took 0.068 seconds
[2021-06-06 06:42:14,251] {scheduler_job.py:182} INFO - Started process (PID=3476) to work on /media/PythonProjects/66.Spotify_ETL/venv/lib/python3.8/site-packages/airflow/example_dags/tutorial.py
[2021-06-06 06:42:14,253] {scheduler_job.py:633} INFO - Processing file /media/PythonProjects/66.Spotify_ETL/venv/lib/python3.8/site-packages/airflow/example_dags/tutorial.py for tasks to queue
[2021-06-06 06:42:14,255] {logging_mixin.py:104} INFO - [2021-06-06 06:42:14,254] {dagbag.py:487} INFO - Filling up the DagBag from /media/PythonProjects/66.Spotify_ETL/venv/lib/python3.8/site-packages/airflow/example_dags/tutorial.py
[2021-06-06 06:42:14,268] {scheduler_job.py:643} INFO - DAG(s) dict_keys(['tutorial']) retrieved from /media/PythonProjects/66.Spotify_ETL/venv/lib/python3.8/site-packages/airflow/example_dags/tutorial.py
[2021-06-06 06:42:14,282] {logging_mixin.py:104} INFO - [2021-06-06 06:42:14,282] {dag.py:1832} INFO - Sync 1 DAGs
[2021-06-06 06:42:14,292] {logging_mixin.py:104} INFO - [2021-06-06 06:42:14,292] {dag.py:2305} INFO - Setting next_dagrun for tutorial to 2021-06-04 00:00:00+00:00
[2021-06-06 06:42:14,314] {scheduler_job.py:190} INFO - Processing /media/PythonProjects/66.Spotify_ETL/venv/lib/python3.8/site-packages/airflow/example_dags/tutorial.py took 0.068 seconds
[2021-06-06 06:42:45,517] {scheduler_job.py:182} INFO - Started process (PID=3532) to work on /media/PythonProjects/66.Spotify_ETL/venv/lib/python3.8/site-packages/airflow/example_dags/tutorial.py
[2021-06-06 06:42:45,520] {scheduler_job.py:633} INFO - Processing file /media/PythonProjects/66.Spotify_ETL/venv/lib/python3.8/site-packages/airflow/example_dags/tutorial.py for tasks to queue
[2021-06-06 06:42:45,521] {logging_mixin.py:104} INFO - [2021-06-06 06:42:45,521] {dagbag.py:487} INFO - Filling up the DagBag from /media/PythonProjects/66.Spotify_ETL/venv/lib/python3.8/site-packages/airflow/example_dags/tutorial.py
[2021-06-06 06:42:45,536] {scheduler_job.py:643} INFO - DAG(s) dict_keys(['tutorial']) retrieved from /media/PythonProjects/66.Spotify_ETL/venv/lib/python3.8/site-packages/airflow/example_dags/tutorial.py
[2021-06-06 06:42:45,549] {logging_mixin.py:104} INFO - [2021-06-06 06:42:45,549] {dag.py:1832} INFO - Sync 1 DAGs
[2021-06-06 06:42:45,561] {logging_mixin.py:104} INFO - [2021-06-06 06:42:45,561] {dag.py:2305} INFO - Setting next_dagrun for tutorial to 2021-06-04 00:00:00+00:00
[2021-06-06 06:42:45,593] {scheduler_job.py:190} INFO - Processing /media/PythonProjects/66.Spotify_ETL/venv/lib/python3.8/site-packages/airflow/example_dags/tutorial.py took 0.082 seconds
[2021-06-06 06:43:18,697] {scheduler_job.py:182} INFO - Started process (PID=3592) to work on /media/PythonProjects/66.Spotify_ETL/venv/lib/python3.8/site-packages/airflow/example_dags/tutorial.py
[2021-06-06 06:43:18,698] {scheduler_job.py:633} INFO - Processing file /media/PythonProjects/66.Spotify_ETL/venv/lib/python3.8/site-packages/airflow/example_dags/tutorial.py for tasks to queue
[2021-06-06 06:43:18,699] {logging_mixin.py:104} INFO - [2021-06-06 06:43:18,699] {dagbag.py:487} INFO - Filling up the DagBag from /media/PythonProjects/66.Spotify_ETL/venv/lib/python3.8/site-packages/airflow/example_dags/tutorial.py
[2021-06-06 06:43:18,711] {scheduler_job.py:643} INFO - DAG(s) dict_keys(['tutorial']) retrieved from /media/PythonProjects/66.Spotify_ETL/venv/lib/python3.8/site-packages/airflow/example_dags/tutorial.py
[2021-06-06 06:43:18,725] {logging_mixin.py:104} INFO - [2021-06-06 06:43:18,725] {dag.py:1832} INFO - Sync 1 DAGs
[2021-06-06 06:43:18,735] {logging_mixin.py:104} INFO - [2021-06-06 06:43:18,735] {dag.py:2305} INFO - Setting next_dagrun for tutorial to 2021-06-04 00:00:00+00:00
[2021-06-06 06:43:18,757] {scheduler_job.py:190} INFO - Processing /media/PythonProjects/66.Spotify_ETL/venv/lib/python3.8/site-packages/airflow/example_dags/tutorial.py took 0.063 seconds
[2021-06-06 06:43:50,215] {scheduler_job.py:182} INFO - Started process (PID=3648) to work on /media/PythonProjects/66.Spotify_ETL/venv/lib/python3.8/site-packages/airflow/example_dags/tutorial.py
[2021-06-06 06:43:50,216] {scheduler_job.py:633} INFO - Processing file /media/PythonProjects/66.Spotify_ETL/venv/lib/python3.8/site-packages/airflow/example_dags/tutorial.py for tasks to queue
[2021-06-06 06:43:50,217] {logging_mixin.py:104} INFO - [2021-06-06 06:43:50,216] {dagbag.py:487} INFO - Filling up the DagBag from /media/PythonProjects/66.Spotify_ETL/venv/lib/python3.8/site-packages/airflow/example_dags/tutorial.py
[2021-06-06 06:43:50,228] {scheduler_job.py:643} INFO - DAG(s) dict_keys(['tutorial']) retrieved from /media/PythonProjects/66.Spotify_ETL/venv/lib/python3.8/site-packages/airflow/example_dags/tutorial.py
[2021-06-06 06:43:50,241] {logging_mixin.py:104} INFO - [2021-06-06 06:43:50,241] {dag.py:1832} INFO - Sync 1 DAGs
[2021-06-06 06:43:50,252] {logging_mixin.py:104} INFO - [2021-06-06 06:43:50,252] {dag.py:2305} INFO - Setting next_dagrun for tutorial to 2021-06-04 00:00:00+00:00
[2021-06-06 06:43:50,276] {scheduler_job.py:190} INFO - Processing /media/PythonProjects/66.Spotify_ETL/venv/lib/python3.8/site-packages/airflow/example_dags/tutorial.py took 0.064 seconds
[2021-06-06 06:44:21,836] {scheduler_job.py:182} INFO - Started process (PID=3703) to work on /media/PythonProjects/66.Spotify_ETL/venv/lib/python3.8/site-packages/airflow/example_dags/tutorial.py
[2021-06-06 06:44:21,845] {scheduler_job.py:633} INFO - Processing file /media/PythonProjects/66.Spotify_ETL/venv/lib/python3.8/site-packages/airflow/example_dags/tutorial.py for tasks to queue
[2021-06-06 06:44:21,846] {logging_mixin.py:104} INFO - [2021-06-06 06:44:21,846] {dagbag.py:487} INFO - Filling up the DagBag from /media/PythonProjects/66.Spotify_ETL/venv/lib/python3.8/site-packages/airflow/example_dags/tutorial.py
[2021-06-06 06:44:21,863] {scheduler_job.py:643} INFO - DAG(s) dict_keys(['tutorial']) retrieved from /media/PythonProjects/66.Spotify_ETL/venv/lib/python3.8/site-packages/airflow/example_dags/tutorial.py
[2021-06-06 06:44:21,887] {logging_mixin.py:104} INFO - [2021-06-06 06:44:21,887] {dag.py:1832} INFO - Sync 1 DAGs
[2021-06-06 06:44:21,909] {logging_mixin.py:104} INFO - [2021-06-06 06:44:21,909] {dag.py:2305} INFO - Setting next_dagrun for tutorial to 2021-06-04 00:00:00+00:00
[2021-06-06 06:44:22,021] {scheduler_job.py:190} INFO - Processing /media/PythonProjects/66.Spotify_ETL/venv/lib/python3.8/site-packages/airflow/example_dags/tutorial.py took 0.189 seconds
[2021-06-06 06:44:59,198] {scheduler_job.py:182} INFO - Started process (PID=3763) to work on /media/PythonProjects/66.Spotify_ETL/venv/lib/python3.8/site-packages/airflow/example_dags/tutorial.py
[2021-06-06 06:44:59,200] {scheduler_job.py:633} INFO - Processing file /media/PythonProjects/66.Spotify_ETL/venv/lib/python3.8/site-packages/airflow/example_dags/tutorial.py for tasks to queue
[2021-06-06 06:44:59,201] {logging_mixin.py:104} INFO - [2021-06-06 06:44:59,200] {dagbag.py:487} INFO - Filling up the DagBag from /media/PythonProjects/66.Spotify_ETL/venv/lib/python3.8/site-packages/airflow/example_dags/tutorial.py
[2021-06-06 06:44:59,211] {scheduler_job.py:643} INFO - DAG(s) dict_keys(['tutorial']) retrieved from /media/PythonProjects/66.Spotify_ETL/venv/lib/python3.8/site-packages/airflow/example_dags/tutorial.py
[2021-06-06 06:44:59,223] {logging_mixin.py:104} INFO - [2021-06-06 06:44:59,223] {dag.py:1832} INFO - Sync 1 DAGs
[2021-06-06 06:44:59,234] {logging_mixin.py:104} INFO - [2021-06-06 06:44:59,234] {dag.py:2305} INFO - Setting next_dagrun for tutorial to 2021-06-04 00:00:00+00:00
[2021-06-06 06:44:59,255] {scheduler_job.py:190} INFO - Processing /media/PythonProjects/66.Spotify_ETL/venv/lib/python3.8/site-packages/airflow/example_dags/tutorial.py took 0.060 seconds
[2021-06-06 06:45:31,665] {scheduler_job.py:182} INFO - Started process (PID=3933) to work on /media/PythonProjects/66.Spotify_ETL/venv/lib/python3.8/site-packages/airflow/example_dags/tutorial.py
[2021-06-06 06:45:31,667] {scheduler_job.py:633} INFO - Processing file /media/PythonProjects/66.Spotify_ETL/venv/lib/python3.8/site-packages/airflow/example_dags/tutorial.py for tasks to queue
[2021-06-06 06:45:31,669] {logging_mixin.py:104} INFO - [2021-06-06 06:45:31,668] {dagbag.py:487} INFO - Filling up the DagBag from /media/PythonProjects/66.Spotify_ETL/venv/lib/python3.8/site-packages/airflow/example_dags/tutorial.py
[2021-06-06 06:45:31,680] {scheduler_job.py:643} INFO - DAG(s) dict_keys(['tutorial']) retrieved from /media/PythonProjects/66.Spotify_ETL/venv/lib/python3.8/site-packages/airflow/example_dags/tutorial.py
[2021-06-06 06:45:31,693] {logging_mixin.py:104} INFO - [2021-06-06 06:45:31,693] {dag.py:1832} INFO - Sync 1 DAGs
[2021-06-06 06:45:31,704] {logging_mixin.py:104} INFO - [2021-06-06 06:45:31,704] {dag.py:2305} INFO - Setting next_dagrun for tutorial to 2021-06-04 00:00:00+00:00
[2021-06-06 06:45:31,725] {scheduler_job.py:190} INFO - Processing /media/PythonProjects/66.Spotify_ETL/venv/lib/python3.8/site-packages/airflow/example_dags/tutorial.py took 0.065 seconds
[2021-06-06 06:46:04,394] {scheduler_job.py:182} INFO - Started process (PID=4211) to work on /media/PythonProjects/66.Spotify_ETL/venv/lib/python3.8/site-packages/airflow/example_dags/tutorial.py
[2021-06-06 06:46:04,396] {scheduler_job.py:633} INFO - Processing file /media/PythonProjects/66.Spotify_ETL/venv/lib/python3.8/site-packages/airflow/example_dags/tutorial.py for tasks to queue
[2021-06-06 06:46:04,397] {logging_mixin.py:104} INFO - [2021-06-06 06:46:04,397] {dagbag.py:487} INFO - Filling up the DagBag from /media/PythonProjects/66.Spotify_ETL/venv/lib/python3.8/site-packages/airflow/example_dags/tutorial.py
[2021-06-06 06:46:04,436] {scheduler_job.py:643} INFO - DAG(s) dict_keys(['tutorial']) retrieved from /media/PythonProjects/66.Spotify_ETL/venv/lib/python3.8/site-packages/airflow/example_dags/tutorial.py
[2021-06-06 06:46:04,471] {logging_mixin.py:104} INFO - [2021-06-06 06:46:04,471] {dag.py:1832} INFO - Sync 1 DAGs
[2021-06-06 06:46:04,506] {logging_mixin.py:104} INFO - [2021-06-06 06:46:04,506] {dag.py:2305} INFO - Setting next_dagrun for tutorial to 2021-06-04 00:00:00+00:00
[2021-06-06 06:46:04,592] {scheduler_job.py:190} INFO - Processing /media/PythonProjects/66.Spotify_ETL/venv/lib/python3.8/site-packages/airflow/example_dags/tutorial.py took 0.205 seconds
>>>>>>> a36d51d4f01a602def4b5ca237d9cd16ee6cc130
