[2021-06-06 06:32:26,943] {scheduler_job.py:182} INFO - Started process (PID=2421) to work on /media/PythonProjects/66.Spotify_ETL/venv/lib/python3.8/site-packages/airflow/example_dags/subdags/subdag.py
[2021-06-06 06:32:26,944] {scheduler_job.py:633} INFO - Processing file /media/PythonProjects/66.Spotify_ETL/venv/lib/python3.8/site-packages/airflow/example_dags/subdags/subdag.py for tasks to queue
[2021-06-06 06:32:26,945] {logging_mixin.py:104} INFO - [2021-06-06 06:32:26,945] {dagbag.py:487} INFO - Filling up the DagBag from /media/PythonProjects/66.Spotify_ETL/venv/lib/python3.8/site-packages/airflow/example_dags/subdags/subdag.py
[2021-06-06 06:32:26,949] {scheduler_job.py:645} WARNING - No viable dags retrieved from /media/PythonProjects/66.Spotify_ETL/venv/lib/python3.8/site-packages/airflow/example_dags/subdags/subdag.py
[2021-06-06 06:32:26,956] {scheduler_job.py:190} INFO - Processing /media/PythonProjects/66.Spotify_ETL/venv/lib/python3.8/site-packages/airflow/example_dags/subdags/subdag.py took 0.019 seconds
[2021-06-06 06:33:05,181] {scheduler_job.py:182} INFO - Started process (PID=2511) to work on /media/PythonProjects/66.Spotify_ETL/venv/lib/python3.8/site-packages/airflow/example_dags/subdags/subdag.py
[2021-06-06 06:33:05,182] {scheduler_job.py:633} INFO - Processing file /media/PythonProjects/66.Spotify_ETL/venv/lib/python3.8/site-packages/airflow/example_dags/subdags/subdag.py for tasks to queue
[2021-06-06 06:33:05,183] {logging_mixin.py:104} INFO - [2021-06-06 06:33:05,182] {dagbag.py:487} INFO - Filling up the DagBag from /media/PythonProjects/66.Spotify_ETL/venv/lib/python3.8/site-packages/airflow/example_dags/subdags/subdag.py
[2021-06-06 06:33:05,185] {scheduler_job.py:645} WARNING - No viable dags retrieved from /media/PythonProjects/66.Spotify_ETL/venv/lib/python3.8/site-packages/airflow/example_dags/subdags/subdag.py
[2021-06-06 06:33:05,195] {scheduler_job.py:190} INFO - Processing /media/PythonProjects/66.Spotify_ETL/venv/lib/python3.8/site-packages/airflow/example_dags/subdags/subdag.py took 0.017 seconds
[2021-06-06 06:33:40,260] {scheduler_job.py:182} INFO - Started process (PID=2570) to work on /media/PythonProjects/66.Spotify_ETL/venv/lib/python3.8/site-packages/airflow/example_dags/subdags/subdag.py
[2021-06-06 06:33:40,263] {scheduler_job.py:633} INFO - Processing file /media/PythonProjects/66.Spotify_ETL/venv/lib/python3.8/site-packages/airflow/example_dags/subdags/subdag.py for tasks to queue
[2021-06-06 06:33:40,265] {logging_mixin.py:104} INFO - [2021-06-06 06:33:40,264] {dagbag.py:487} INFO - Filling up the DagBag from /media/PythonProjects/66.Spotify_ETL/venv/lib/python3.8/site-packages/airflow/example_dags/subdags/subdag.py
[2021-06-06 06:33:40,270] {scheduler_job.py:645} WARNING - No viable dags retrieved from /media/PythonProjects/66.Spotify_ETL/venv/lib/python3.8/site-packages/airflow/example_dags/subdags/subdag.py
[2021-06-06 06:33:40,288] {scheduler_job.py:190} INFO - Processing /media/PythonProjects/66.Spotify_ETL/venv/lib/python3.8/site-packages/airflow/example_dags/subdags/subdag.py took 0.034 seconds
[2021-06-06 06:34:21,343] {scheduler_job.py:182} INFO - Started process (PID=2638) to work on /media/PythonProjects/66.Spotify_ETL/venv/lib/python3.8/site-packages/airflow/example_dags/subdags/subdag.py
[2021-06-06 06:34:21,348] {scheduler_job.py:633} INFO - Processing file /media/PythonProjects/66.Spotify_ETL/venv/lib/python3.8/site-packages/airflow/example_dags/subdags/subdag.py for tasks to queue
[2021-06-06 06:34:21,349] {logging_mixin.py:104} INFO - [2021-06-06 06:34:21,349] {dagbag.py:487} INFO - Filling up the DagBag from /media/PythonProjects/66.Spotify_ETL/venv/lib/python3.8/site-packages/airflow/example_dags/subdags/subdag.py
[2021-06-06 06:34:21,351] {scheduler_job.py:645} WARNING - No viable dags retrieved from /media/PythonProjects/66.Spotify_ETL/venv/lib/python3.8/site-packages/airflow/example_dags/subdags/subdag.py
[2021-06-06 06:34:21,357] {scheduler_job.py:190} INFO - Processing /media/PythonProjects/66.Spotify_ETL/venv/lib/python3.8/site-packages/airflow/example_dags/subdags/subdag.py took 0.017 seconds
[2021-06-06 06:34:52,685] {scheduler_job.py:182} INFO - Started process (PID=2696) to work on /media/PythonProjects/66.Spotify_ETL/venv/lib/python3.8/site-packages/airflow/example_dags/subdags/subdag.py
[2021-06-06 06:34:52,686] {scheduler_job.py:633} INFO - Processing file /media/PythonProjects/66.Spotify_ETL/venv/lib/python3.8/site-packages/airflow/example_dags/subdags/subdag.py for tasks to queue
[2021-06-06 06:34:52,687] {logging_mixin.py:104} INFO - [2021-06-06 06:34:52,687] {dagbag.py:487} INFO - Filling up the DagBag from /media/PythonProjects/66.Spotify_ETL/venv/lib/python3.8/site-packages/airflow/example_dags/subdags/subdag.py
[2021-06-06 06:34:52,692] {scheduler_job.py:645} WARNING - No viable dags retrieved from /media/PythonProjects/66.Spotify_ETL/venv/lib/python3.8/site-packages/airflow/example_dags/subdags/subdag.py
[2021-06-06 06:34:52,698] {scheduler_job.py:190} INFO - Processing /media/PythonProjects/66.Spotify_ETL/venv/lib/python3.8/site-packages/airflow/example_dags/subdags/subdag.py took 0.017 seconds
[2021-06-06 06:35:25,026] {scheduler_job.py:182} INFO - Started process (PID=2757) to work on /media/PythonProjects/66.Spotify_ETL/venv/lib/python3.8/site-packages/airflow/example_dags/subdags/subdag.py
[2021-06-06 06:35:25,027] {scheduler_job.py:633} INFO - Processing file /media/PythonProjects/66.Spotify_ETL/venv/lib/python3.8/site-packages/airflow/example_dags/subdags/subdag.py for tasks to queue
[2021-06-06 06:35:25,029] {logging_mixin.py:104} INFO - [2021-06-06 06:35:25,028] {dagbag.py:487} INFO - Filling up the DagBag from /media/PythonProjects/66.Spotify_ETL/venv/lib/python3.8/site-packages/airflow/example_dags/subdags/subdag.py
[2021-06-06 06:35:25,032] {scheduler_job.py:645} WARNING - No viable dags retrieved from /media/PythonProjects/66.Spotify_ETL/venv/lib/python3.8/site-packages/airflow/example_dags/subdags/subdag.py
[2021-06-06 06:35:25,040] {scheduler_job.py:190} INFO - Processing /media/PythonProjects/66.Spotify_ETL/venv/lib/python3.8/site-packages/airflow/example_dags/subdags/subdag.py took 0.018 seconds
[2021-06-06 06:36:00,925] {scheduler_job.py:182} INFO - Started process (PID=2822) to work on /media/PythonProjects/66.Spotify_ETL/venv/lib/python3.8/site-packages/airflow/example_dags/subdags/subdag.py
[2021-06-06 06:36:00,927] {scheduler_job.py:633} INFO - Processing file /media/PythonProjects/66.Spotify_ETL/venv/lib/python3.8/site-packages/airflow/example_dags/subdags/subdag.py for tasks to queue
[2021-06-06 06:36:00,928] {logging_mixin.py:104} INFO - [2021-06-06 06:36:00,928] {dagbag.py:487} INFO - Filling up the DagBag from /media/PythonProjects/66.Spotify_ETL/venv/lib/python3.8/site-packages/airflow/example_dags/subdags/subdag.py
[2021-06-06 06:36:00,933] {scheduler_job.py:645} WARNING - No viable dags retrieved from /media/PythonProjects/66.Spotify_ETL/venv/lib/python3.8/site-packages/airflow/example_dags/subdags/subdag.py
[2021-06-06 06:36:00,941] {scheduler_job.py:190} INFO - Processing /media/PythonProjects/66.Spotify_ETL/venv/lib/python3.8/site-packages/airflow/example_dags/subdags/subdag.py took 0.020 seconds
[2021-06-06 06:36:33,452] {scheduler_job.py:182} INFO - Started process (PID=2882) to work on /media/PythonProjects/66.Spotify_ETL/venv/lib/python3.8/site-packages/airflow/example_dags/subdags/subdag.py
[2021-06-06 06:36:33,454] {scheduler_job.py:633} INFO - Processing file /media/PythonProjects/66.Spotify_ETL/venv/lib/python3.8/site-packages/airflow/example_dags/subdags/subdag.py for tasks to queue
[2021-06-06 06:36:33,455] {logging_mixin.py:104} INFO - [2021-06-06 06:36:33,455] {dagbag.py:487} INFO - Filling up the DagBag from /media/PythonProjects/66.Spotify_ETL/venv/lib/python3.8/site-packages/airflow/example_dags/subdags/subdag.py
[2021-06-06 06:36:33,459] {scheduler_job.py:645} WARNING - No viable dags retrieved from /media/PythonProjects/66.Spotify_ETL/venv/lib/python3.8/site-packages/airflow/example_dags/subdags/subdag.py
[2021-06-06 06:36:33,467] {scheduler_job.py:190} INFO - Processing /media/PythonProjects/66.Spotify_ETL/venv/lib/python3.8/site-packages/airflow/example_dags/subdags/subdag.py took 0.021 seconds
[2021-06-06 06:37:06,706] {scheduler_job.py:182} INFO - Started process (PID=2941) to work on /media/PythonProjects/66.Spotify_ETL/venv/lib/python3.8/site-packages/airflow/example_dags/subdags/subdag.py
[2021-06-06 06:37:06,707] {scheduler_job.py:633} INFO - Processing file /media/PythonProjects/66.Spotify_ETL/venv/lib/python3.8/site-packages/airflow/example_dags/subdags/subdag.py for tasks to queue
[2021-06-06 06:37:06,708] {logging_mixin.py:104} INFO - [2021-06-06 06:37:06,708] {dagbag.py:487} INFO - Filling up the DagBag from /media/PythonProjects/66.Spotify_ETL/venv/lib/python3.8/site-packages/airflow/example_dags/subdags/subdag.py
[2021-06-06 06:37:06,712] {scheduler_job.py:645} WARNING - No viable dags retrieved from /media/PythonProjects/66.Spotify_ETL/venv/lib/python3.8/site-packages/airflow/example_dags/subdags/subdag.py
[2021-06-06 06:37:06,720] {scheduler_job.py:190} INFO - Processing /media/PythonProjects/66.Spotify_ETL/venv/lib/python3.8/site-packages/airflow/example_dags/subdags/subdag.py took 0.020 seconds
[2021-06-06 06:37:42,512] {scheduler_job.py:182} INFO - Started process (PID=3004) to work on /media/PythonProjects/66.Spotify_ETL/venv/lib/python3.8/site-packages/airflow/example_dags/subdags/subdag.py
[2021-06-06 06:37:42,513] {scheduler_job.py:633} INFO - Processing file /media/PythonProjects/66.Spotify_ETL/venv/lib/python3.8/site-packages/airflow/example_dags/subdags/subdag.py for tasks to queue
[2021-06-06 06:37:42,515] {logging_mixin.py:104} INFO - [2021-06-06 06:37:42,514] {dagbag.py:487} INFO - Filling up the DagBag from /media/PythonProjects/66.Spotify_ETL/venv/lib/python3.8/site-packages/airflow/example_dags/subdags/subdag.py
[2021-06-06 06:37:42,518] {scheduler_job.py:645} WARNING - No viable dags retrieved from /media/PythonProjects/66.Spotify_ETL/venv/lib/python3.8/site-packages/airflow/example_dags/subdags/subdag.py
[2021-06-06 06:37:42,526] {scheduler_job.py:190} INFO - Processing /media/PythonProjects/66.Spotify_ETL/venv/lib/python3.8/site-packages/airflow/example_dags/subdags/subdag.py took 0.020 seconds
[2021-06-06 06:38:17,714] {scheduler_job.py:182} INFO - Started process (PID=3066) to work on /media/PythonProjects/66.Spotify_ETL/venv/lib/python3.8/site-packages/airflow/example_dags/subdags/subdag.py
[2021-06-06 06:38:17,715] {scheduler_job.py:633} INFO - Processing file /media/PythonProjects/66.Spotify_ETL/venv/lib/python3.8/site-packages/airflow/example_dags/subdags/subdag.py for tasks to queue
[2021-06-06 06:38:17,716] {logging_mixin.py:104} INFO - [2021-06-06 06:38:17,716] {dagbag.py:487} INFO - Filling up the DagBag from /media/PythonProjects/66.Spotify_ETL/venv/lib/python3.8/site-packages/airflow/example_dags/subdags/subdag.py
[2021-06-06 06:38:17,719] {scheduler_job.py:645} WARNING - No viable dags retrieved from /media/PythonProjects/66.Spotify_ETL/venv/lib/python3.8/site-packages/airflow/example_dags/subdags/subdag.py
[2021-06-06 06:38:17,727] {scheduler_job.py:190} INFO - Processing /media/PythonProjects/66.Spotify_ETL/venv/lib/python3.8/site-packages/airflow/example_dags/subdags/subdag.py took 0.017 seconds
[2021-06-06 06:38:50,700] {scheduler_job.py:182} INFO - Started process (PID=3124) to work on /media/PythonProjects/66.Spotify_ETL/venv/lib/python3.8/site-packages/airflow/example_dags/subdags/subdag.py
[2021-06-06 06:38:50,702] {scheduler_job.py:633} INFO - Processing file /media/PythonProjects/66.Spotify_ETL/venv/lib/python3.8/site-packages/airflow/example_dags/subdags/subdag.py for tasks to queue
[2021-06-06 06:38:50,703] {logging_mixin.py:104} INFO - [2021-06-06 06:38:50,702] {dagbag.py:487} INFO - Filling up the DagBag from /media/PythonProjects/66.Spotify_ETL/venv/lib/python3.8/site-packages/airflow/example_dags/subdags/subdag.py
[2021-06-06 06:38:50,707] {scheduler_job.py:645} WARNING - No viable dags retrieved from /media/PythonProjects/66.Spotify_ETL/venv/lib/python3.8/site-packages/airflow/example_dags/subdags/subdag.py
[2021-06-06 06:38:50,716] {scheduler_job.py:190} INFO - Processing /media/PythonProjects/66.Spotify_ETL/venv/lib/python3.8/site-packages/airflow/example_dags/subdags/subdag.py took 0.021 seconds
[2021-06-06 06:39:23,318] {scheduler_job.py:182} INFO - Started process (PID=3181) to work on /media/PythonProjects/66.Spotify_ETL/venv/lib/python3.8/site-packages/airflow/example_dags/subdags/subdag.py
[2021-06-06 06:39:23,320] {scheduler_job.py:633} INFO - Processing file /media/PythonProjects/66.Spotify_ETL/venv/lib/python3.8/site-packages/airflow/example_dags/subdags/subdag.py for tasks to queue
[2021-06-06 06:39:23,322] {logging_mixin.py:104} INFO - [2021-06-06 06:39:23,321] {dagbag.py:487} INFO - Filling up the DagBag from /media/PythonProjects/66.Spotify_ETL/venv/lib/python3.8/site-packages/airflow/example_dags/subdags/subdag.py
[2021-06-06 06:39:23,325] {scheduler_job.py:645} WARNING - No viable dags retrieved from /media/PythonProjects/66.Spotify_ETL/venv/lib/python3.8/site-packages/airflow/example_dags/subdags/subdag.py
[2021-06-06 06:39:23,334] {scheduler_job.py:190} INFO - Processing /media/PythonProjects/66.Spotify_ETL/venv/lib/python3.8/site-packages/airflow/example_dags/subdags/subdag.py took 0.020 seconds
[2021-06-06 06:39:58,468] {scheduler_job.py:182} INFO - Started process (PID=3240) to work on /media/PythonProjects/66.Spotify_ETL/venv/lib/python3.8/site-packages/airflow/example_dags/subdags/subdag.py
[2021-06-06 06:39:58,470] {scheduler_job.py:633} INFO - Processing file /media/PythonProjects/66.Spotify_ETL/venv/lib/python3.8/site-packages/airflow/example_dags/subdags/subdag.py for tasks to queue
[2021-06-06 06:39:58,471] {logging_mixin.py:104} INFO - [2021-06-06 06:39:58,471] {dagbag.py:487} INFO - Filling up the DagBag from /media/PythonProjects/66.Spotify_ETL/venv/lib/python3.8/site-packages/airflow/example_dags/subdags/subdag.py
[2021-06-06 06:39:58,474] {scheduler_job.py:645} WARNING - No viable dags retrieved from /media/PythonProjects/66.Spotify_ETL/venv/lib/python3.8/site-packages/airflow/example_dags/subdags/subdag.py
[2021-06-06 06:39:58,486] {scheduler_job.py:190} INFO - Processing /media/PythonProjects/66.Spotify_ETL/venv/lib/python3.8/site-packages/airflow/example_dags/subdags/subdag.py took 0.020 seconds
[2021-06-06 06:40:35,213] {scheduler_job.py:182} INFO - Started process (PID=3300) to work on /media/PythonProjects/66.Spotify_ETL/venv/lib/python3.8/site-packages/airflow/example_dags/subdags/subdag.py
[2021-06-06 06:40:35,214] {scheduler_job.py:633} INFO - Processing file /media/PythonProjects/66.Spotify_ETL/venv/lib/python3.8/site-packages/airflow/example_dags/subdags/subdag.py for tasks to queue
[2021-06-06 06:40:35,214] {logging_mixin.py:104} INFO - [2021-06-06 06:40:35,214] {dagbag.py:487} INFO - Filling up the DagBag from /media/PythonProjects/66.Spotify_ETL/venv/lib/python3.8/site-packages/airflow/example_dags/subdags/subdag.py
[2021-06-06 06:40:35,217] {scheduler_job.py:645} WARNING - No viable dags retrieved from /media/PythonProjects/66.Spotify_ETL/venv/lib/python3.8/site-packages/airflow/example_dags/subdags/subdag.py
[2021-06-06 06:40:35,224] {scheduler_job.py:190} INFO - Processing /media/PythonProjects/66.Spotify_ETL/venv/lib/python3.8/site-packages/airflow/example_dags/subdags/subdag.py took 0.014 seconds
[2021-06-06 06:41:07,620] {scheduler_job.py:182} INFO - Started process (PID=3359) to work on /media/PythonProjects/66.Spotify_ETL/venv/lib/python3.8/site-packages/airflow/example_dags/subdags/subdag.py
[2021-06-06 06:41:07,621] {scheduler_job.py:633} INFO - Processing file /media/PythonProjects/66.Spotify_ETL/venv/lib/python3.8/site-packages/airflow/example_dags/subdags/subdag.py for tasks to queue
[2021-06-06 06:41:07,622] {logging_mixin.py:104} INFO - [2021-06-06 06:41:07,622] {dagbag.py:487} INFO - Filling up the DagBag from /media/PythonProjects/66.Spotify_ETL/venv/lib/python3.8/site-packages/airflow/example_dags/subdags/subdag.py
[2021-06-06 06:41:07,624] {scheduler_job.py:645} WARNING - No viable dags retrieved from /media/PythonProjects/66.Spotify_ETL/venv/lib/python3.8/site-packages/airflow/example_dags/subdags/subdag.py
[2021-06-06 06:41:07,632] {scheduler_job.py:190} INFO - Processing /media/PythonProjects/66.Spotify_ETL/venv/lib/python3.8/site-packages/airflow/example_dags/subdags/subdag.py took 0.014 seconds
[2021-06-06 06:41:44,777] {scheduler_job.py:182} INFO - Started process (PID=3424) to work on /media/PythonProjects/66.Spotify_ETL/venv/lib/python3.8/site-packages/airflow/example_dags/subdags/subdag.py
[2021-06-06 06:41:44,781] {scheduler_job.py:633} INFO - Processing file /media/PythonProjects/66.Spotify_ETL/venv/lib/python3.8/site-packages/airflow/example_dags/subdags/subdag.py for tasks to queue
[2021-06-06 06:41:44,783] {logging_mixin.py:104} INFO - [2021-06-06 06:41:44,783] {dagbag.py:487} INFO - Filling up the DagBag from /media/PythonProjects/66.Spotify_ETL/venv/lib/python3.8/site-packages/airflow/example_dags/subdags/subdag.py
[2021-06-06 06:41:44,787] {scheduler_job.py:645} WARNING - No viable dags retrieved from /media/PythonProjects/66.Spotify_ETL/venv/lib/python3.8/site-packages/airflow/example_dags/subdags/subdag.py
[2021-06-06 06:41:44,798] {scheduler_job.py:190} INFO - Processing /media/PythonProjects/66.Spotify_ETL/venv/lib/python3.8/site-packages/airflow/example_dags/subdags/subdag.py took 0.025 seconds
[2021-06-06 06:42:21,204] {scheduler_job.py:182} INFO - Started process (PID=3488) to work on /media/PythonProjects/66.Spotify_ETL/venv/lib/python3.8/site-packages/airflow/example_dags/subdags/subdag.py
[2021-06-06 06:42:21,205] {scheduler_job.py:633} INFO - Processing file /media/PythonProjects/66.Spotify_ETL/venv/lib/python3.8/site-packages/airflow/example_dags/subdags/subdag.py for tasks to queue
[2021-06-06 06:42:21,206] {logging_mixin.py:104} INFO - [2021-06-06 06:42:21,206] {dagbag.py:487} INFO - Filling up the DagBag from /media/PythonProjects/66.Spotify_ETL/venv/lib/python3.8/site-packages/airflow/example_dags/subdags/subdag.py
[2021-06-06 06:42:21,209] {scheduler_job.py:645} WARNING - No viable dags retrieved from /media/PythonProjects/66.Spotify_ETL/venv/lib/python3.8/site-packages/airflow/example_dags/subdags/subdag.py
[2021-06-06 06:42:21,214] {scheduler_job.py:190} INFO - Processing /media/PythonProjects/66.Spotify_ETL/venv/lib/python3.8/site-packages/airflow/example_dags/subdags/subdag.py took 0.013 seconds
[2021-06-06 06:42:54,717] {scheduler_job.py:182} INFO - Started process (PID=3548) to work on /media/PythonProjects/66.Spotify_ETL/venv/lib/python3.8/site-packages/airflow/example_dags/subdags/subdag.py
[2021-06-06 06:42:54,719] {scheduler_job.py:633} INFO - Processing file /media/PythonProjects/66.Spotify_ETL/venv/lib/python3.8/site-packages/airflow/example_dags/subdags/subdag.py for tasks to queue
[2021-06-06 06:42:54,720] {logging_mixin.py:104} INFO - [2021-06-06 06:42:54,719] {dagbag.py:487} INFO - Filling up the DagBag from /media/PythonProjects/66.Spotify_ETL/venv/lib/python3.8/site-packages/airflow/example_dags/subdags/subdag.py
[2021-06-06 06:42:54,723] {scheduler_job.py:645} WARNING - No viable dags retrieved from /media/PythonProjects/66.Spotify_ETL/venv/lib/python3.8/site-packages/airflow/example_dags/subdags/subdag.py
[2021-06-06 06:42:54,732] {scheduler_job.py:190} INFO - Processing /media/PythonProjects/66.Spotify_ETL/venv/lib/python3.8/site-packages/airflow/example_dags/subdags/subdag.py took 0.024 seconds
[2021-06-06 06:43:29,660] {scheduler_job.py:182} INFO - Started process (PID=3611) to work on /media/PythonProjects/66.Spotify_ETL/venv/lib/python3.8/site-packages/airflow/example_dags/subdags/subdag.py
[2021-06-06 06:43:29,661] {scheduler_job.py:633} INFO - Processing file /media/PythonProjects/66.Spotify_ETL/venv/lib/python3.8/site-packages/airflow/example_dags/subdags/subdag.py for tasks to queue
[2021-06-06 06:43:29,661] {logging_mixin.py:104} INFO - [2021-06-06 06:43:29,661] {dagbag.py:487} INFO - Filling up the DagBag from /media/PythonProjects/66.Spotify_ETL/venv/lib/python3.8/site-packages/airflow/example_dags/subdags/subdag.py
[2021-06-06 06:43:29,664] {scheduler_job.py:645} WARNING - No viable dags retrieved from /media/PythonProjects/66.Spotify_ETL/venv/lib/python3.8/site-packages/airflow/example_dags/subdags/subdag.py
[2021-06-06 06:43:29,672] {scheduler_job.py:190} INFO - Processing /media/PythonProjects/66.Spotify_ETL/venv/lib/python3.8/site-packages/airflow/example_dags/subdags/subdag.py took 0.015 seconds
[2021-06-06 06:44:03,861] {scheduler_job.py:182} INFO - Started process (PID=3671) to work on /media/PythonProjects/66.Spotify_ETL/venv/lib/python3.8/site-packages/airflow/example_dags/subdags/subdag.py
[2021-06-06 06:44:03,863] {scheduler_job.py:633} INFO - Processing file /media/PythonProjects/66.Spotify_ETL/venv/lib/python3.8/site-packages/airflow/example_dags/subdags/subdag.py for tasks to queue
[2021-06-06 06:44:03,864] {logging_mixin.py:104} INFO - [2021-06-06 06:44:03,864] {dagbag.py:487} INFO - Filling up the DagBag from /media/PythonProjects/66.Spotify_ETL/venv/lib/python3.8/site-packages/airflow/example_dags/subdags/subdag.py
[2021-06-06 06:44:03,870] {scheduler_job.py:645} WARNING - No viable dags retrieved from /media/PythonProjects/66.Spotify_ETL/venv/lib/python3.8/site-packages/airflow/example_dags/subdags/subdag.py
[2021-06-06 06:44:03,878] {scheduler_job.py:190} INFO - Processing /media/PythonProjects/66.Spotify_ETL/venv/lib/python3.8/site-packages/airflow/example_dags/subdags/subdag.py took 0.027 seconds
[2021-06-06 06:44:39,688] {scheduler_job.py:182} INFO - Started process (PID=3729) to work on /media/PythonProjects/66.Spotify_ETL/venv/lib/python3.8/site-packages/airflow/example_dags/subdags/subdag.py
[2021-06-06 06:44:39,691] {scheduler_job.py:633} INFO - Processing file /media/PythonProjects/66.Spotify_ETL/venv/lib/python3.8/site-packages/airflow/example_dags/subdags/subdag.py for tasks to queue
[2021-06-06 06:44:39,692] {logging_mixin.py:104} INFO - [2021-06-06 06:44:39,692] {dagbag.py:487} INFO - Filling up the DagBag from /media/PythonProjects/66.Spotify_ETL/venv/lib/python3.8/site-packages/airflow/example_dags/subdags/subdag.py
[2021-06-06 06:44:39,696] {scheduler_job.py:645} WARNING - No viable dags retrieved from /media/PythonProjects/66.Spotify_ETL/venv/lib/python3.8/site-packages/airflow/example_dags/subdags/subdag.py
[2021-06-06 06:44:39,704] {scheduler_job.py:190} INFO - Processing /media/PythonProjects/66.Spotify_ETL/venv/lib/python3.8/site-packages/airflow/example_dags/subdags/subdag.py took 0.022 seconds
[2021-06-06 06:45:12,397] {scheduler_job.py:182} INFO - Started process (PID=3788) to work on /media/PythonProjects/66.Spotify_ETL/venv/lib/python3.8/site-packages/airflow/example_dags/subdags/subdag.py
[2021-06-06 06:45:12,399] {scheduler_job.py:633} INFO - Processing file /media/PythonProjects/66.Spotify_ETL/venv/lib/python3.8/site-packages/airflow/example_dags/subdags/subdag.py for tasks to queue
[2021-06-06 06:45:12,400] {logging_mixin.py:104} INFO - [2021-06-06 06:45:12,400] {dagbag.py:487} INFO - Filling up the DagBag from /media/PythonProjects/66.Spotify_ETL/venv/lib/python3.8/site-packages/airflow/example_dags/subdags/subdag.py
[2021-06-06 06:45:12,403] {scheduler_job.py:645} WARNING - No viable dags retrieved from /media/PythonProjects/66.Spotify_ETL/venv/lib/python3.8/site-packages/airflow/example_dags/subdags/subdag.py
[2021-06-06 06:45:12,411] {scheduler_job.py:190} INFO - Processing /media/PythonProjects/66.Spotify_ETL/venv/lib/python3.8/site-packages/airflow/example_dags/subdags/subdag.py took 0.019 seconds
[2021-06-06 06:45:48,488] {scheduler_job.py:182} INFO - Started process (PID=4040) to work on /media/PythonProjects/66.Spotify_ETL/venv/lib/python3.8/site-packages/airflow/example_dags/subdags/subdag.py
[2021-06-06 06:45:48,489] {scheduler_job.py:633} INFO - Processing file /media/PythonProjects/66.Spotify_ETL/venv/lib/python3.8/site-packages/airflow/example_dags/subdags/subdag.py for tasks to queue
[2021-06-06 06:45:48,490] {logging_mixin.py:104} INFO - [2021-06-06 06:45:48,490] {dagbag.py:487} INFO - Filling up the DagBag from /media/PythonProjects/66.Spotify_ETL/venv/lib/python3.8/site-packages/airflow/example_dags/subdags/subdag.py
[2021-06-06 06:45:48,494] {scheduler_job.py:645} WARNING - No viable dags retrieved from /media/PythonProjects/66.Spotify_ETL/venv/lib/python3.8/site-packages/airflow/example_dags/subdags/subdag.py
[2021-06-06 06:45:48,501] {scheduler_job.py:190} INFO - Processing /media/PythonProjects/66.Spotify_ETL/venv/lib/python3.8/site-packages/airflow/example_dags/subdags/subdag.py took 0.018 seconds
